[RECORDING_START] Screen state at recording start:

              1         2         3         
    0123456789012345678901234567890123456789
    ────────────────────────────────────────
 0 │item 1                                  │ ◂ cursor (0,0)
 1 │item 10                                 │
 2 │item 100                                │
 3 │port 8080                               │
 4 │version 3                               │
 5 │~                                       │
 6 │~                                       │
 7 │~                                       │
 8 │~                                       │
 9 │~                                       │
10 │~                                       │
11 │~                                       │
12 │~                                       │
13 │~                                       │
14 │~                                       │
15 │~                                       │
16 │~                                       │
17 │~                                       │
18 │nums.txt              1,1            All│
    ────────────────────────────────────────

[OVERLAY] VimFu — Ctrl-A / Ctrl-X — Increment & Decrement
[SAY] Control A increments the number under or after the cursor. Control X decrements it.
[SAY] Cursor is on line one. Press Control A.
[CTRL] a
[OVERLAY] ⌃a  increment

              1         2         3         
    0123456789012345678901234567890123456789
    ────────────────────────────────────────
 0 │item 2                                  │ ◂ cursor (0,5)
 1 │item 10                                 │
 2 │item 100                                │
 3 │port 8080                               │
 4 │version 3                               │
 5 │~                                       │
 6 │~                                       │
 7 │~                                       │
 8 │~                                       │
 9 │~                                       │
10 │~                                       │
11 │~                                       │
12 │~                                       │
13 │~                                       │
14 │~                                       │
15 │~                                       │
16 │~                                       │
17 │~                                       │
18 │nums.txt [+]          1,6            All│
    ────────────────────────────────────────

[SAY] Item 1 became item 2. The cursor doesn't even need to be on the number. Vim finds the next number on the line.
[SAY] Press Control X to decrement it back.
[CTRL] x
[OVERLAY] ⌃x  decrement

              1         2         3         
    0123456789012345678901234567890123456789
    ────────────────────────────────────────
 0 │item 1                                  │ ◂ cursor (0,5)
 1 │item 10                                 │
 2 │item 100                                │
 3 │port 8080                               │
 4 │version 3                               │
 5 │~                                       │
 6 │~                                       │
 7 │~                                       │
 8 │~                                       │
 9 │~                                       │
10 │~                                       │
11 │~                                       │
12 │~                                       │
13 │~                                       │
14 │~                                       │
15 │~                                       │
16 │~                                       │
17 │~                                       │
18 │nums.txt [+]          1,6            All│
    ────────────────────────────────────────

[SAY] Back to 1. You can use a count too. Move to the port line.
[KEYS] '3j'
[OVERLAY] 3j

              1         2         3         
    0123456789012345678901234567890123456789
    ────────────────────────────────────────
 0 │item 1                                  │
 1 │item 10                                 │
 2 │item 100                                │
 3 │port 8080                               │ ◂ cursor (3,5)
 4 │version 3                               │
 5 │~                                       │
 6 │~                                       │
 7 │~                                       │
 8 │~                                       │
 9 │~                                       │
10 │~                                       │
11 │~                                       │
12 │~                                       │
13 │~                                       │
14 │~                                       │
15 │~                                       │
16 │~                                       │
17 │~                                       │
18 │nums.txt [+]          4,6            All│
    ────────────────────────────────────────

[SAY] Type 5 Control A to add 5.
[KEYS] '5'
[OVERLAY] 5

              1         2         3         
    0123456789012345678901234567890123456789
    ────────────────────────────────────────
 0 │item 1                                  │
 1 │item 10                                 │
 2 │item 100                                │
 3 │port 8080                               │ ◂ cursor (3,5)
 4 │version 3                               │
 5 │~                                       │
 6 │~                                       │
 7 │~                                       │
 8 │~                                       │
 9 │~                                       │
10 │~                                       │
11 │~                                       │
12 │~                                       │
13 │~                                       │
14 │~                                       │
15 │~                                       │
16 │~                                       │
17 │~                                       │
18 │nums.txt [+]          4,6            All│
19 │                             5          │
    ────────────────────────────────────────

[CTRL] a
[OVERLAY] ⌃a  add 5

              1         2         3         
    0123456789012345678901234567890123456789
    ────────────────────────────────────────
 0 │item 1                                  │
 1 │item 10                                 │
 2 │item 100                                │
 3 │port 8085                               │ ◂ cursor (3,8)
 4 │version 3                               │
 5 │~                                       │
 6 │~                                       │
 7 │~                                       │
 8 │~                                       │
 9 │~                                       │
10 │~                                       │
11 │~                                       │
12 │~                                       │
13 │~                                       │
14 │~                                       │
15 │~                                       │
16 │~                                       │
17 │~                                       │
18 │nums.txt [+]          4,9            All│
    ────────────────────────────────────────

[SAY] Port 8080 became 8085. Counts work with both Control A and Control X.