[RECORDING_START] Screen state at recording start:

              1         2         3         
    0123456789012345678901234567890123456789
    ────────────────────────────────────────
 0 │Once upon a time,                       │ ◂ cursor (0,0)
 1 │there was a programmer                  │
 2 │who loved Vim.                          │
 3 │The end.                                │
 4 │~                                       │
 5 │~                                       │
 6 │~                                       │
 7 │~                                       │
 8 │~                                       │
 9 │~                                       │
10 │~                                       │
11 │~                                       │
12 │~                                       │
13 │~                                       │
14 │~                                       │
15 │~                                       │
16 │~                                       │
17 │~                                       │
18 │story.txt             1,1            All│
    ────────────────────────────────────────

[OVERLAY] VimFu — :w {file} — Write to a File
[SAY] Colon W followed by a filename saves the buffer to that file. Like Save As, but you keep editing the original.
[SAY] Save a copy to backup dot T X T.
[TYPE] ':w backup.txt'

              1         2         3         
    0123456789012345678901234567890123456789
    ────────────────────────────────────────
 0 │Once upon a time,                       │
 1 │there was a programmer                  │
 2 │who loved Vim.                          │
 3 │The end.                                │
 4 │~                                       │
 5 │~                                       │
 6 │~                                       │
 7 │~                                       │
 8 │~                                       │
 9 │~                                       │
10 │~                                       │
11 │~                                       │
12 │~                                       │
13 │~                                       │
14 │~                                       │
15 │~                                       │
16 │~                                       │
17 │~                                       │
18 │story.txt             1,1            All│
19 │:w backup.txt                           │ ◂ cursor (19,13)
    ────────────────────────────────────────

[ENTER]

              1         2         3         
    0123456789012345678901234567890123456789
    ────────────────────────────────────────
 0 │Once upon a time,                       │ ◂ cursor (0,0)
 1 │there was a programmer                  │
 2 │who loved Vim.                          │
 3 │The end.                                │
 4 │~                                       │
 5 │~                                       │
 6 │~                                       │
 7 │~                                       │
 8 │~                                       │
 9 │~                                       │
10 │~                                       │
11 │~                                       │
12 │~                                       │
13 │~                                       │
14 │~                                       │
15 │~                                       │
16 │~                                       │
17 │~                                       │
18 │story.txt             1,1            All│
19 │<.txt" [New] 4L, 65B written            │
    ────────────────────────────────────────

[SAY] A copy was written to backup dot T X T. The original file is still open.
[SAY] Check with a shell command.
[TYPE] ':!cat backup.txt'

              1         2         3         
    0123456789012345678901234567890123456789
    ────────────────────────────────────────
 0 │Once upon a time,                       │
 1 │there was a programmer                  │
 2 │who loved Vim.                          │
 3 │The end.                                │
 4 │~                                       │
 5 │~                                       │
 6 │~                                       │
 7 │~                                       │
 8 │~                                       │
 9 │~                                       │
10 │~                                       │
11 │~                                       │
12 │~                                       │
13 │~                                       │
14 │~                                       │
15 │~                                       │
16 │~                                       │
17 │~                                       │
18 │story.txt             1,1            All│
19 │:!cat backup.txt                        │ ◂ cursor (19,16)
    ────────────────────────────────────────

[ENTER]

              1         2         3         
    0123456789012345678901234567890123456789
    ────────────────────────────────────────
 0 │Once upon a time,                       │
 1 │there was a programmer                  │
 2 │who loved Vim.                          │
 3 │The end.                                │
 4 │~                                       │
 5 │~                                       │
 6 │~                                       │
 7 │~                                       │
 8 │~                                       │
 9 │~                                       │
10 │~                                       │
11 │~                                       │
12 │                                        │
13 │:!cat backup.txt                        │
14 │Once upon a time,                       │
15 │there was a programmer                  │
16 │who loved Vim.                          │
17 │The end.                                │
18 │                                        │
19 │Press ENTER or type command to continue │ ◂ cursor (19,39)
    ────────────────────────────────────────

[SAY] Same content. Two files now. Press Enter to return.
[ENTER]

              1         2         3         
    0123456789012345678901234567890123456789
    ────────────────────────────────────────
 0 │Once upon a time,                       │ ◂ cursor (0,0)
 1 │there was a programmer                  │
 2 │who loved Vim.                          │
 3 │The end.                                │
 4 │~                                       │
 5 │~                                       │
 6 │~                                       │
 7 │~                                       │
 8 │~                                       │
 9 │~                                       │
10 │~                                       │
11 │~                                       │
12 │~                                       │
13 │~                                       │
14 │~                                       │
15 │~                                       │
16 │~                                       │
17 │~                                       │
18 │story.txt             1,1            All│
    ────────────────────────────────────────

[SAY] Colon W with a filename. Quick way to make a backup or export to a new file.