[RECORDING_START] Screen state at recording start:

              1         2         3         
    0123456789012345678901234567890123456789
    ────────────────────────────────────────
 0 │def send_email(to, body):               │ ◂ cursor (0,0)
 1 │    msg = build_mime(to, body)          │
 2 │    with smtplib.SMTP(HOST) as s:       │
 3 │        s.starttls()                    │
 4 │        s.login(USER, PASS)             │
 5 │        s.send_message(msg)             │
 6 │    return True                         │
 7 │~                                       │
 8 │~                                       │
 9 │~                                       │
10 │~                                       │
11 │~                                       │
12 │~                                       │
13 │~                                       │
14 │~                                       │
15 │~                                       │
16 │~                                       │
17 │email_send.py         1,1            All│
18 │                                        │
19 │[0] 0:nvim* 1:zs>"vimfu" 18:32 26-Feb-26│
    ────────────────────────────────────────
[HIGHLIGHT] row 17, cols 0-39: "email_send.py         1,1            All"

[OVERLAY] VimFu — Last Active Window
[SAY] Control B, L jumps back to the last window you were in.
[SAY] I'm in the editor. Let me switch to the terminal. Control B, 1.
[KEYS] '\x02'
[OVERLAY] ⌃b  prefix

              1         2         3         
    0123456789012345678901234567890123456789
    ────────────────────────────────────────
 0 │def send_email(to, body):               │ ◂ cursor (0,0)
 1 │    msg = build_mime(to, body)          │
 2 │    with smtplib.SMTP(HOST) as s:       │
 3 │        s.starttls()                    │
 4 │        s.login(USER, PASS)             │
 5 │        s.send_message(msg)             │
 6 │    return True                         │
 7 │~                                       │
 8 │~                                       │
 9 │~                                       │
10 │~                                       │
11 │~                                       │
12 │~                                       │
13 │~                                       │
14 │~                                       │
15 │~                                       │
16 │~                                       │
17 │email_send.py         1,1            All│
18 │                                        │
19 │[0] 0:nvim* 1:zs>"vimfu" 18:32 26-Feb-26│
    ────────────────────────────────────────
[HIGHLIGHT] row 17, cols 0-39: "email_send.py         1,1            All"

[KEYS] '1'
[OVERLAY] 1  window 1

              1         2         3         
    0123456789012345678901234567890123456789
    ────────────────────────────────────────
 0 │$ python manage.py migrate              │
 1 │  Applying auth.0001... OK              │
 2 │  Applying core.0002... OK              │
 3 │                                        │
 4 │$ python manage.py runserver            │
 5 │  Starting dev server at :8000          │
 6 │➜  vimfu                                │ ◂ cursor (6,9)
 7 │                                        │
 8 │                                        │
 9 │                                        │
10 │                                        │
11 │                                        │
12 │                                        │
13 │                                        │
14 │                                        │
15 │                                        │
16 │                                        │
17 │                                        │
18 │                                        │
19 │[0] <- 1:zsh* 2:>"vimfu" 18:33 26-Feb-26│
    ────────────────────────────────────────

[SAY] Now Control B, L.
[KEYS] '\x02'
[OVERLAY] ⌃b  prefix

              1         2         3         
    0123456789012345678901234567890123456789
    ────────────────────────────────────────
 0 │$ python manage.py migrate              │
 1 │  Applying auth.0001... OK              │
 2 │  Applying core.0002... OK              │
 3 │                                        │
 4 │$ python manage.py runserver            │
 5 │  Starting dev server at :8000          │
 6 │➜  vimfu                                │ ◂ cursor (6,9)
 7 │                                        │
 8 │                                        │
 9 │                                        │
10 │                                        │
11 │                                        │
12 │                                        │
13 │                                        │
14 │                                        │
15 │                                        │
16 │                                        │
17 │                                        │
18 │                                        │
19 │[0] <- 1:zsh* 2:>"vimfu" 18:33 26-Feb-26│
    ────────────────────────────────────────

[KEYS] 'l'
[OVERLAY] l  last window

              1         2         3         
    0123456789012345678901234567890123456789
    ────────────────────────────────────────
 0 │def send_email(to, body):               │ ◂ cursor (0,0)
 1 │    msg = build_mime(to, body)          │
 2 │    with smtplib.SMTP(HOST) as s:       │
 3 │        s.starttls()                    │
 4 │        s.login(USER, PASS)             │
 5 │        s.send_message(msg)             │
 6 │    return True                         │
 7 │~                                       │
 8 │~                                       │
 9 │~                                       │
10 │~                                       │
11 │~                                       │
12 │~                                       │
13 │~                                       │
14 │~                                       │
15 │~                                       │
16 │~                                       │
17 │email_send.py         1,1            All│
18 │                                        │
19 │[0] 0:nvim* 1:zs>"vimfu" 18:33 26-Feb-26│
    ────────────────────────────────────────
[HIGHLIGHT] row 17, cols 0-39: "email_send.py         1,1            All"

[SAY] Right back to the editor.
[SAY] Again.
[KEYS] '\x02'
[OVERLAY] ⌃b  prefix

              1         2         3         
    0123456789012345678901234567890123456789
    ────────────────────────────────────────
 0 │def send_email(to, body):               │ ◂ cursor (0,0)
 1 │    msg = build_mime(to, body)          │
 2 │    with smtplib.SMTP(HOST) as s:       │
 3 │        s.starttls()                    │
 4 │        s.login(USER, PASS)             │
 5 │        s.send_message(msg)             │
 6 │    return True                         │
 7 │~                                       │
 8 │~                                       │
 9 │~                                       │
10 │~                                       │
11 │~                                       │
12 │~                                       │
13 │~                                       │
14 │~                                       │
15 │~                                       │
16 │~                                       │
17 │email_send.py         1,1            All│
18 │                                        │
19 │[0] 0:nvim* 1:zs>"vimfu" 18:33 26-Feb-26│
    ────────────────────────────────────────
[HIGHLIGHT] row 17, cols 0-39: "email_send.py         1,1            All"

[KEYS] 'l'
[OVERLAY] l  last window

              1         2         3         
    0123456789012345678901234567890123456789
    ────────────────────────────────────────
 0 │$ python manage.py migrate              │
 1 │  Applying auth.0001... OK              │
 2 │  Applying core.0002... OK              │
 3 │                                        │
 4 │$ python manage.py runserver            │
 5 │  Starting dev server at :8000          │
 6 │➜  vimfu                                │ ◂ cursor (6,9)
 7 │                                        │
 8 │                                        │
 9 │                                        │
10 │                                        │
11 │                                        │
12 │                                        │
13 │                                        │
14 │                                        │
15 │                                        │
16 │                                        │
17 │                                        │
18 │                                        │
19 │[0] <- 1:zsh* 2:>"vimfu" 18:33 26-Feb-26│
    ────────────────────────────────────────

[SAY] Terminal.
[KEYS] '\x02'
[OVERLAY] ⌃b  prefix

              1         2         3         
    0123456789012345678901234567890123456789
    ────────────────────────────────────────
 0 │$ python manage.py migrate              │
 1 │  Applying auth.0001... OK              │
 2 │  Applying core.0002... OK              │
 3 │                                        │
 4 │$ python manage.py runserver            │
 5 │  Starting dev server at :8000          │
 6 │➜  vimfu                                │ ◂ cursor (6,9)
 7 │                                        │
 8 │                                        │
 9 │                                        │
10 │                                        │
11 │                                        │
12 │                                        │
13 │                                        │
14 │                                        │
15 │                                        │
16 │                                        │
17 │                                        │
18 │                                        │
19 │[0] <- 1:zsh* 2:>"vimfu" 18:33 26-Feb-26│
    ────────────────────────────────────────

[KEYS] 'l'
[OVERLAY] l  last window

              1         2         3         
    0123456789012345678901234567890123456789
    ────────────────────────────────────────
 0 │def send_email(to, body):               │ ◂ cursor (0,0)
 1 │    msg = build_mime(to, body)          │
 2 │    with smtplib.SMTP(HOST) as s:       │
 3 │        s.starttls()                    │
 4 │        s.login(USER, PASS)             │
 5 │        s.send_message(msg)             │
 6 │    return True                         │
 7 │~                                       │
 8 │~                                       │
 9 │~                                       │
10 │~                                       │
11 │~                                       │
12 │~                                       │
13 │~                                       │
14 │~                                       │
15 │~                                       │
16 │~                                       │
17 │email_send.py         1,1            All│
18 │                                        │
19 │[0] 0:nvim* 1:zs>"vimfu" 18:33 26-Feb-26│
    ────────────────────────────────────────
[HIGHLIGHT] row 17, cols 0-39: "email_send.py         1,1            All"

[SAY] Editor. It bounces between the last two. The docs window is untouched.
[SAY] Control B, L. The fastest way to bounce between two windows.