[RECORDING_START] Screen state at recording start:

              1         2         3         
    0123456789012345678901234567890123456789
    ────────────────────────────────────────
 0 │floor = 5                               │ ◂ cursor (0,0)
 1 │view = "sky"                            │
 2 │wind = "strong"                         │
 3 │birds = 3                               │
 4 │quest = "Climb the Ancient Tower"       │
 5 │lv = 2                                  │
 6 │title = "Guardian of Crystal Spire"     │
 7 │~                                       │
 8 │~                                       │
 9 │~                                       │
10 │~                                       │
11 │~                                       │
12 │~                                       │
13 │~                                       │
14 │~                                       │
15 │~                                       │
16 │~                                       │
17 │~                                       │
18 │tower.py              1,1            All│
    ────────────────────────────────────────

[OVERLAY] VimFu — The k Key
[SAY] K moves up one line. The opposite of J.
[SAY] Jump to the last line first.
[KEYS] 'G'
[OVERLAY] ⇧G  last line

              1         2         3         
    0123456789012345678901234567890123456789
    ────────────────────────────────────────
 0 │floor = 5                               │
 1 │view = "sky"                            │
 2 │wind = "strong"                         │
 3 │birds = 3                               │
 4 │quest = "Climb the Ancient Tower"       │
 5 │lv = 2                                  │
 6 │title = "Guardian of Crystal Spire"     │ ◂ cursor (6,0)
 7 │~                                       │
 8 │~                                       │
 9 │~                                       │
10 │~                                       │
11 │~                                       │
12 │~                                       │
13 │~                                       │
14 │~                                       │
15 │~                                       │
16 │~                                       │
17 │~                                       │
18 │tower.py              7,1            All│
    ────────────────────────────────────────

[SAY] On birds. Press K.
[KEYS] 'k'
[OVERLAY] k  up

              1         2         3         
    0123456789012345678901234567890123456789
    ────────────────────────────────────────
 0 │floor = 5                               │
 1 │view = "sky"                            │
 2 │wind = "strong"                         │
 3 │birds = 3                               │
 4 │quest = "Climb the Ancient Tower"       │
 5 │lv = 2                                  │ ◂ cursor (5,0)
 6 │title = "Guardian of Crystal Spire"     │
 7 │~                                       │
 8 │~                                       │
 9 │~                                       │
10 │~                                       │
11 │~                                       │
12 │~                                       │
13 │~                                       │
14 │~                                       │
15 │~                                       │
16 │~                                       │
17 │~                                       │
18 │tower.py              6,1            All│
    ────────────────────────────────────────

[SAY] Wind. One line up.
[KEYS] 'k'
[OVERLAY] k  up

              1         2         3         
    0123456789012345678901234567890123456789
    ────────────────────────────────────────
 0 │floor = 5                               │
 1 │view = "sky"                            │
 2 │wind = "strong"                         │
 3 │birds = 3                               │
 4 │quest = "Climb the Ancient Tower"       │ ◂ cursor (4,0)
 5 │lv = 2                                  │
 6 │title = "Guardian of Crystal Spire"     │
 7 │~                                       │
 8 │~                                       │
 9 │~                                       │
10 │~                                       │
11 │~                                       │
12 │~                                       │
13 │~                                       │
14 │~                                       │
15 │~                                       │
16 │~                                       │
17 │~                                       │
18 │tower.py              5,1            All│
    ────────────────────────────────────────

[SAY] View.
[KEYS] 'k'
[OVERLAY] k  up

              1         2         3         
    0123456789012345678901234567890123456789
    ────────────────────────────────────────
 0 │floor = 5                               │
 1 │view = "sky"                            │
 2 │wind = "strong"                         │
 3 │birds = 3                               │ ◂ cursor (3,0)
 4 │quest = "Climb the Ancient Tower"       │
 5 │lv = 2                                  │
 6 │title = "Guardian of Crystal Spire"     │
 7 │~                                       │
 8 │~                                       │
 9 │~                                       │
10 │~                                       │
11 │~                                       │
12 │~                                       │
13 │~                                       │
14 │~                                       │
15 │~                                       │
16 │~                                       │
17 │~                                       │
18 │tower.py              4,1            All│
    ────────────────────────────────────────

[SAY] Floor. Each K climbs one line.
[SAY] Use a count. Back to the bottom.
[KEYS] 'G'
[OVERLAY] ⇧G  last line

              1         2         3         
    0123456789012345678901234567890123456789
    ────────────────────────────────────────
 0 │floor = 5                               │
 1 │view = "sky"                            │
 2 │wind = "strong"                         │
 3 │birds = 3                               │
 4 │quest = "Climb the Ancient Tower"       │
 5 │lv = 2                                  │
 6 │title = "Guardian of Crystal Spire"     │ ◂ cursor (6,0)
 7 │~                                       │
 8 │~                                       │
 9 │~                                       │
10 │~                                       │
11 │~                                       │
12 │~                                       │
13 │~                                       │
14 │~                                       │
15 │~                                       │
16 │~                                       │
17 │~                                       │
18 │tower.py              7,1            All│
    ────────────────────────────────────────

[SAY] Two K.
[KEYS] '2k'
[OVERLAY] 2k  2 up

              1         2         3         
    0123456789012345678901234567890123456789
    ────────────────────────────────────────
 0 │floor = 5                               │
 1 │view = "sky"                            │
 2 │wind = "strong"                         │
 3 │birds = 3                               │
 4 │quest = "Climb the Ancient Tower"       │ ◂ cursor (4,0)
 5 │lv = 2                                  │
 6 │title = "Guardian of Crystal Spire"     │
 7 │~                                       │
 8 │~                                       │
 9 │~                                       │
10 │~                                       │
11 │~                                       │
12 │~                                       │
13 │~                                       │
14 │~                                       │
15 │~                                       │
16 │~                                       │
17 │~                                       │
18 │tower.py              5,1            All│
    ────────────────────────────────────────

[SAY] Skipped wind. Landed on view.
[SAY] Same column trick as J. Go to the last line.
[KEYS] 'G'
[OVERLAY] ⇧G  last line

              1         2         3         
    0123456789012345678901234567890123456789
    ────────────────────────────────────────
 0 │floor = 5                               │
 1 │view = "sky"                            │
 2 │wind = "strong"                         │
 3 │birds = 3                               │
 4 │quest = "Climb the Ancient Tower"       │
 5 │lv = 2                                  │
 6 │title = "Guardian of Crystal Spire"     │ ◂ cursor (6,0)
 7 │~                                       │
 8 │~                                       │
 9 │~                                       │
10 │~                                       │
11 │~                                       │
12 │~                                       │
13 │~                                       │
14 │~                                       │
15 │~                                       │
16 │~                                       │
17 │~                                       │
18 │tower.py              7,1            All│
    ────────────────────────────────────────

[KEYS] 'fC'
[OVERLAY] fC  find C

              1         2         3         
    0123456789012345678901234567890123456789
    ────────────────────────────────────────
 0 │floor = 5                               │
 1 │view = "sky"                            │
 2 │wind = "strong"                         │
 3 │birds = 3                               │
 4 │quest = "Climb the Ancient Tower"       │
 5 │lv = 2                                  │
 6 │title = "Guardian of Crystal Spire"     │ ◂ cursor (6,21)
 7 │~                                       │
 8 │~                                       │
 9 │~                                       │
10 │~                                       │
11 │~                                       │
12 │~                                       │
13 │~                                       │
14 │~                                       │
15 │~                                       │
16 │~                                       │
17 │~                                       │
18 │tower.py              7,22           All│
    ────────────────────────────────────────

[SAY] Cursor is on the C of Crystal. Middle of a long line. K.
[KEYS] 'k'
[OVERLAY] k  up

              1         2         3         
    0123456789012345678901234567890123456789
    ────────────────────────────────────────
 0 │floor = 5                               │
 1 │view = "sky"                            │
 2 │wind = "strong"                         │
 3 │birds = 3                               │
 4 │quest = "Climb the Ancient Tower"       │
 5 │lv = 2                                  │ ◂ cursor (5,5)
 6 │title = "Guardian of Crystal Spire"     │
 7 │~                                       │
 8 │~                                       │
 9 │~                                       │
10 │~                                       │
11 │~                                       │
12 │~                                       │
13 │~                                       │
14 │~                                       │
15 │~                                       │
16 │~                                       │
17 │~                                       │
18 │tower.py              6,6            All│
    ────────────────────────────────────────

[SAY] Short line. Cursor stopped at the end.
[SAY] K again.
[KEYS] 'k'
[OVERLAY] k  up

              1         2         3         
    0123456789012345678901234567890123456789
    ────────────────────────────────────────
 0 │floor = 5                               │
 1 │view = "sky"                            │
 2 │wind = "strong"                         │
 3 │birds = 3                               │
 4 │quest = "Climb the Ancient Tower"       │ ◂ cursor (4,21)
 5 │lv = 2                                  │
 6 │title = "Guardian of Crystal Spire"     │
 7 │~                                       │
 8 │~                                       │
 9 │~                                       │
10 │~                                       │
11 │~                                       │
12 │~                                       │
13 │~                                       │
14 │~                                       │
15 │~                                       │
16 │~                                       │
17 │~                                       │
18 │tower.py              5,22           All│
    ────────────────────────────────────────

[SAY] Long line. Cursor jumped right back to the same column. Vim remembers.
[SAY] K for up. J down, K up. And Vim always remembers your column.