[RECORDING_START] Screen state at recording start:

              1         2         3         
    0123456789012345678901234567890123456789
    ────────────────────────────────────────
 0 │# Demo                                  │ ◂ cursor (0,0)
 1 │first_name = "Alice"                    │
 2 │last_name = "Smith"                     │
 3 │full =                                  │
 4 │~                                       │
 5 │~                                       │
 6 │~                                       │
 7 │~                                       │
 8 │~                                       │
 9 │~                                       │
10 │~                                       │
11 │~                                       │
12 │~                                       │
13 │~                                       │
14 │~                                       │
15 │~                                       │
16 │~                                       │
17 │~                                       │
18 │demo.py               1,1            All│
    ────────────────────────────────────────

[OVERLAY] VimFu — Ctrl-R — Insert Register
[SAY] Control R in insert mode inserts the contents of a register. Paste without switching to normal mode.
[SAY] First, yank the word Alice into register A.
[KEYS] 'j'
[OVERLAY] j  to line 2

              1         2         3         
    0123456789012345678901234567890123456789
    ────────────────────────────────────────
 0 │# Demo                                  │
 1 │first_name = "Alice"                    │ ◂ cursor (1,0)
 2 │last_name = "Smith"                     │
 3 │full =                                  │
 4 │~                                       │
 5 │~                                       │
 6 │~                                       │
 7 │~                                       │
 8 │~                                       │
 9 │~                                       │
10 │~                                       │
11 │~                                       │
12 │~                                       │
13 │~                                       │
14 │~                                       │
15 │~                                       │
16 │~                                       │
17 │~                                       │
18 │demo.py               2,1            All│
    ────────────────────────────────────────

[KEYS] 'f"l'
[OVERLAY] f"l  inside quotes

              1         2         3         
    0123456789012345678901234567890123456789
    ────────────────────────────────────────
 0 │# Demo                                  │
 1 │first_name = "Alice"                    │ ◂ cursor (1,14)
 2 │last_name = "Smith"                     │
 3 │full =                                  │
 4 │~                                       │
 5 │~                                       │
 6 │~                                       │
 7 │~                                       │
 8 │~                                       │
 9 │~                                       │
10 │~                                       │
11 │~                                       │
12 │~                                       │
13 │~                                       │
14 │~                                       │
15 │~                                       │
16 │~                                       │
17 │~                                       │
18 │demo.py               2,15           All│
    ────────────────────────────────────────

[KEYS] '"ayiw'
[OVERLAY] "ayiw  yank to reg a

              1         2         3         
    0123456789012345678901234567890123456789
    ────────────────────────────────────────
 0 │# Demo                                  │
 1 │first_name = "Alice"                    │ ◂ cursor (1,14)
 2 │last_name = "Smith"                     │
 3 │full =                                  │
 4 │~                                       │
 5 │~                                       │
 6 │~                                       │
 7 │~                                       │
 8 │~                                       │
 9 │~                                       │
10 │~                                       │
11 │~                                       │
12 │~                                       │
13 │~                                       │
14 │~                                       │
15 │~                                       │
16 │~                                       │
17 │~                                       │
18 │demo.py               2,15           All│
    ────────────────────────────────────────

[SAY] Now go to line four and enter insert mode.
[KEYS] '3G'
[OVERLAY] 3G  line 3

              1         2         3         
    0123456789012345678901234567890123456789
    ────────────────────────────────────────
 0 │# Demo                                  │
 1 │first_name = "Alice"                    │
 2 │last_name = "Smith"                     │ ◂ cursor (2,14)
 3 │full =                                  │
 4 │~                                       │
 5 │~                                       │
 6 │~                                       │
 7 │~                                       │
 8 │~                                       │
 9 │~                                       │
10 │~                                       │
11 │~                                       │
12 │~                                       │
13 │~                                       │
14 │~                                       │
15 │~                                       │
16 │~                                       │
17 │~                                       │
18 │demo.py               3,15           All│
    ────────────────────────────────────────

[KEYS] 'j'
[OVERLAY] j  line 4

              1         2         3         
    0123456789012345678901234567890123456789
    ────────────────────────────────────────
 0 │# Demo                                  │
 1 │first_name = "Alice"                    │
 2 │last_name = "Smith"                     │
 3 │full =                                  │ ◂ cursor (3,5)
 4 │~                                       │
 5 │~                                       │
 6 │~                                       │
 7 │~                                       │
 8 │~                                       │
 9 │~                                       │
10 │~                                       │
11 │~                                       │
12 │~                                       │
13 │~                                       │
14 │~                                       │
15 │~                                       │
16 │~                                       │
17 │~                                       │
18 │demo.py               4,6            All│
    ────────────────────────────────────────

[KEYS] 'A'
[OVERLAY] ⇧A  append

              1         2         3         
    0123456789012345678901234567890123456789
    ────────────────────────────────────────
 0 │# Demo                                  │
 1 │first_name = "Alice"                    │
 2 │last_name = "Smith"                     │
 3 │full =                                  │ ◂ cursor (3,6)
 4 │~                                       │
 5 │~                                       │
 6 │~                                       │
 7 │~                                       │
 8 │~                                       │
 9 │~                                       │
10 │~                                       │
11 │~                                       │
12 │~                                       │
13 │~                                       │
14 │~                                       │
15 │~                                       │
16 │~                                       │
17 │~                                       │
18 │demo.py               4,7            All│
19 │-- INSERT --                            │
    ────────────────────────────────────────

[SAY] Control R then A to paste register A.
[KEYS] '\x12a'
[OVERLAY] ⌃ra  paste register

              1         2         3         
    0123456789012345678901234567890123456789
    ────────────────────────────────────────
 0 │# Demo                                  │
 1 │first_name = "Alice"                    │
 2 │last_name = "Smith"                     │
 3 │full =Alice                             │ ◂ cursor (3,11)
 4 │~                                       │
 5 │~                                       │
 6 │~                                       │
 7 │~                                       │
 8 │~                                       │
 9 │~                                       │
10 │~                                       │
11 │~                                       │
12 │~                                       │
13 │~                                       │
14 │~                                       │
15 │~                                       │
16 │~                                       │
17 │~                                       │
18 │demo.py [+]           4,12           All│
19 │-- INSERT --                            │
    ────────────────────────────────────────

[SAY] Alice inserted. Still in insert mode. Keep typing.
[ESCAPE]

              1         2         3         
    0123456789012345678901234567890123456789
    ────────────────────────────────────────
 0 │# Demo                                  │
 1 │first_name = "Alice"                    │
 2 │last_name = "Smith"                     │
 3 │full =Alice                             │ ◂ cursor (3,10)
 4 │~                                       │
 5 │~                                       │
 6 │~                                       │
 7 │~                                       │
 8 │~                                       │
 9 │~                                       │
10 │~                                       │
11 │~                                       │
12 │~                                       │
13 │~                                       │
14 │~                                       │
15 │~                                       │
16 │~                                       │
17 │~                                       │
18 │demo.py [+]           4,11           All│
    ────────────────────────────────────────

[SAY] Control R then a register name. Insert that register's contents right where you're typing. No Escape, no P, just paste and keep going.