[RECORDING_START] Screen state at recording start:

              1         2         3         
    0123456789012345678901234567890123456789
    ────────────────────────────────────────
 0 │➜  vimfu                                │ ◂ cursor (0,9)
 1 │                                        │
 2 │                                        │
 3 │                                        │
 4 │                                        │
 5 │                                        │
 6 │                                        │
 7 │                                        │
 8 │                                        │
 9 │                                        │
10 │                                        │
11 │                                        │
12 │                                        │
13 │                                        │
14 │                                        │
15 │                                        │
16 │                                        │
17 │                                        │
18 │                                        │
19 │[0] 0:zsh*       "vimfu" 20:17 24-Feb-26│
    ────────────────────────────────────────

[OVERLAY] VimFu — Split Vertically
[SAY] Control B, percent sign splits your screen into left and right.
[KEYS] '\x02'
[OVERLAY] ⌃b  prefix

              1         2         3         
    0123456789012345678901234567890123456789
    ────────────────────────────────────────
 0 │➜  vimfu                                │ ◂ cursor (0,9)
 1 │                                        │
 2 │                                        │
 3 │                                        │
 4 │                                        │
 5 │                                        │
 6 │                                        │
 7 │                                        │
 8 │                                        │
 9 │                                        │
10 │                                        │
11 │                                        │
12 │                                        │
13 │                                        │
14 │                                        │
15 │                                        │
16 │                                        │
17 │                                        │
18 │                                        │
19 │[0] 0:zsh*       "vimfu" 20:17 24-Feb-26│
    ────────────────────────────────────────

[KEYS] '%'
[OVERLAY] ⇧%  split vertical

              1         2         3         
    0123456789012345678901234567890123456789
    ────────────────────────────────────────
 0 │➜  vimfu            │➜  vimfu           │ ◂ cursor (0,30)
 1 │                    │                   │
 2 │                    │                   │
 3 │                    │                   │
 4 │                    │                   │
 5 │                    │                   │
 6 │                    │                   │
 7 │                    │                   │
 8 │                    │                   │
 9 │                    │                   │
10 │                    │                   │
11 │                    │                   │
12 │                    │                   │
13 │                    │                   │
14 │                    │                   │
15 │                    │                   │
16 │                    │                   │
17 │                    │                   │
18 │                    │                   │
19 │[0] 0:zsh*       "vimfu" 20:17 24-Feb-26│
    ────────────────────────────────────────

[SAY] Left pane, right pane. Side by side.
[SAY] The new pane is on the right, and it's active.
[TYPE] "echo 'right'"

              1         2         3         
    0123456789012345678901234567890123456789
    ────────────────────────────────────────
 0 │➜  vimfu            │➜  vimfu echo 'righ│
 1 │                    │t'                 │ ◂ cursor (1,23)
 2 │                    │                   │
 3 │                    │                   │
 4 │                    │                   │
 5 │                    │                   │
 6 │                    │                   │
 7 │                    │                   │
 8 │                    │                   │
 9 │                    │                   │
10 │                    │                   │
11 │                    │                   │
12 │                    │                   │
13 │                    │                   │
14 │                    │                   │
15 │                    │                   │
16 │                    │                   │
17 │                    │                   │
18 │                    │                   │
19 │[0] 0:zsh*       "vimfu" 20:17 24-Feb-26│
    ────────────────────────────────────────

[ENTER]

              1         2         3         
    0123456789012345678901234567890123456789
    ────────────────────────────────────────
 0 │➜  vimfu            │➜  vimfu echo 'righ│
 1 │                    │t'                 │
 2 │                    │right              │
 3 │                    │➜  vimfu           │ ◂ cursor (3,30)
 4 │                    │                   │
 5 │                    │                   │
 6 │                    │                   │
 7 │                    │                   │
 8 │                    │                   │
 9 │                    │                   │
10 │                    │                   │
11 │                    │                   │
12 │                    │                   │
13 │                    │                   │
14 │                    │                   │
15 │                    │                   │
16 │                    │                   │
17 │                    │                   │
18 │                    │                   │
19 │[0] 0:zsh*       "vimfu" 20:17 24-Feb-26│
    ────────────────────────────────────────

[SAY] Perfect for keeping your editor on one side and a terminal on the other.
[SAY] You can mix vertical and horizontal splits. Control B, double quote in the right pane.
[KEYS] '\x02'
[OVERLAY] ⌃b  prefix

              1         2         3         
    0123456789012345678901234567890123456789
    ────────────────────────────────────────
 0 │➜  vimfu            │➜  vimfu echo 'righ│
 1 │                    │t'                 │
 2 │                    │right              │
 3 │                    │➜  vimfu           │ ◂ cursor (3,30)
 4 │                    │                   │
 5 │                    │                   │
 6 │                    │                   │
 7 │                    │                   │
 8 │                    │                   │
 9 │                    │                   │
10 │                    │                   │
11 │                    │                   │
12 │                    │                   │
13 │                    │                   │
14 │                    │                   │
15 │                    │                   │
16 │                    │                   │
17 │                    │                   │
18 │                    │                   │
19 │[0] 0:zsh*       "vimfu" 20:17 24-Feb-26│
    ────────────────────────────────────────

[KEYS] '"'
[OVERLAY] ⇧"  split horizontal

              1         2         3         
    0123456789012345678901234567890123456789
    ────────────────────────────────────────
 0 │➜  vimfu            │➜  vimfu echo 'righ│
 1 │                    │t'                 │
 2 │                    │right              │
 3 │                    │➜  vimfu           │
 4 │                    │                   │
 5 │                    │                   │
 6 │                    │                   │
 7 │                    │                   │
 8 │                    │                   │
 9 │                    ├───────────────────│
10 │                    │➜  vimfu           │ ◂ cursor (10,30)
11 │                    │                   │
12 │                    │                   │
13 │                    │                   │
14 │                    │                   │
15 │                    │                   │
16 │                    │                   │
17 │                    │                   │
18 │                    │                   │
19 │[0] 0:zsh*       "vimfu" 20:17 24-Feb-26│
    ────────────────────────────────────────

[SAY] Three panes. One on the left, two stacked on the right.
[SAY] Design your layout however you want.
[SAY] Control B, percent for vertical. Control B, double quote for horizontal. Mix and match.