[RECORDING_START] Screen state at recording start:

              1         2         3         
    0123456789012345678901234567890123456789
    ────────────────────────────────────────
 0 │red 100                                 │ ◂ cursor (0,0)
 1 │blue 200                                │
 2 │green 300                               │
 3 │yellow 400                              │
 4 │pink 500                                │
 5 │orange 600                              │
 6 │purple 700                              │
 7 │white 800                               │
 8 │~                                       │
 9 │~                                       │
10 │~                                       │
11 │~                                       │
12 │~                                       │
13 │~                                       │
14 │~                                       │
15 │~                                       │
16 │~                                       │
17 │~                                       │
18 │data.py               1,1            All│
    ────────────────────────────────────────

[OVERLAY] VimFu — Counted Macros
[SAY] Prefix a macro with a count to run it many times. It stops when it hits an error.
[SAY] Record a macro. Change each line into a Python string.
[KEYS] 'q'
[OVERLAY] q  record macro

              1         2         3         
    0123456789012345678901234567890123456789
    ────────────────────────────────────────
 0 │red 100                                 │ ◂ cursor (0,0)
 1 │blue 200                                │
 2 │green 300                               │
 3 │yellow 400                              │
 4 │pink 500                                │
 5 │orange 600                              │
 6 │purple 700                              │
 7 │white 800                               │
 8 │~                                       │
 9 │~                                       │
10 │~                                       │
11 │~                                       │
12 │~                                       │
13 │~                                       │
14 │~                                       │
15 │~                                       │
16 │~                                       │
17 │~                                       │
18 │data.py               1,1            All│
19 │                             q          │
    ────────────────────────────────────────

[KEYS] 'a'
[OVERLAY] a  register a

              1         2         3         
    0123456789012345678901234567890123456789
    ────────────────────────────────────────
 0 │red 100                                 │ ◂ cursor (0,0)
 1 │blue 200                                │
 2 │green 300                               │
 3 │yellow 400                              │
 4 │pink 500                                │
 5 │orange 600                              │
 6 │purple 700                              │
 7 │white 800                               │
 8 │~                                       │
 9 │~                                       │
10 │~                                       │
11 │~                                       │
12 │~                                       │
13 │~                                       │
14 │~                                       │
15 │~                                       │
16 │~                                       │
17 │~                                       │
18 │data.py               1,1            All│
19 │recording @a                            │
    ────────────────────────────────────────

[KEYS] 'I'
[OVERLAY] ⇧I  insert at start

              1         2         3         
    0123456789012345678901234567890123456789
    ────────────────────────────────────────
 0 │red 100                                 │ ◂ cursor (0,0)
 1 │blue 200                                │
 2 │green 300                               │
 3 │yellow 400                              │
 4 │pink 500                                │
 5 │orange 600                              │
 6 │purple 700                              │
 7 │white 800                               │
 8 │~                                       │
 9 │~                                       │
10 │~                                       │
11 │~                                       │
12 │~                                       │
13 │~                                       │
14 │~                                       │
15 │~                                       │
16 │~                                       │
17 │~                                       │
18 │data.py               1,1            All│
19 │-- INSERT --recording @a                │
    ────────────────────────────────────────

[TYPE] '"'

              1         2         3         
    0123456789012345678901234567890123456789
    ────────────────────────────────────────
 0 │"red 100                                │ ◂ cursor (0,1)
 1 │blue 200                                │
 2 │green 300                               │
 3 │yellow 400                              │
 4 │pink 500                                │
 5 │orange 600                              │
 6 │purple 700                              │
 7 │white 800                               │
 8 │~                                       │
 9 │~                                       │
10 │~                                       │
11 │~                                       │
12 │~                                       │
13 │~                                       │
14 │~                                       │
15 │~                                       │
16 │~                                       │
17 │~                                       │
18 │data.py [+]           1,2            All│
19 │-- INSERT --recording @a                │
    ────────────────────────────────────────

[ESCAPE]

              1         2         3         
    0123456789012345678901234567890123456789
    ────────────────────────────────────────
 0 │"red 100                                │ ◂ cursor (0,0)
 1 │blue 200                                │
 2 │green 300                               │
 3 │yellow 400                              │
 4 │pink 500                                │
 5 │orange 600                              │
 6 │purple 700                              │
 7 │white 800                               │
 8 │~                                       │
 9 │~                                       │
10 │~                                       │
11 │~                                       │
12 │~                                       │
13 │~                                       │
14 │~                                       │
15 │~                                       │
16 │~                                       │
17 │~                                       │
18 │data.py [+]           1,1            All│
19 │recording @a                            │
    ────────────────────────────────────────

[KEYS] 'A'
[OVERLAY] ⇧A  append at end

              1         2         3         
    0123456789012345678901234567890123456789
    ────────────────────────────────────────
 0 │"red 100                                │ ◂ cursor (0,8)
 1 │blue 200                                │
 2 │green 300                               │
 3 │yellow 400                              │
 4 │pink 500                                │
 5 │orange 600                              │
 6 │purple 700                              │
 7 │white 800                               │
 8 │~                                       │
 9 │~                                       │
10 │~                                       │
11 │~                                       │
12 │~                                       │
13 │~                                       │
14 │~                                       │
15 │~                                       │
16 │~                                       │
17 │~                                       │
18 │data.py [+]           1,9            All│
19 │-- INSERT --recording @a                │
    ────────────────────────────────────────

[TYPE] '"'

              1         2         3         
    0123456789012345678901234567890123456789
    ────────────────────────────────────────
 0 │"red 100"                               │ ◂ cursor (0,9)
 1 │blue 200                                │
 2 │green 300                               │
 3 │yellow 400                              │
 4 │pink 500                                │
 5 │orange 600                              │
 6 │purple 700                              │
 7 │white 800                               │
 8 │~                                       │
 9 │~                                       │
10 │~                                       │
11 │~                                       │
12 │~                                       │
13 │~                                       │
14 │~                                       │
15 │~                                       │
16 │~                                       │
17 │~                                       │
18 │data.py [+]           1,10           All│
19 │-- INSERT --recording @a                │
    ────────────────────────────────────────

[ESCAPE]

              1         2         3         
    0123456789012345678901234567890123456789
    ────────────────────────────────────────
 0 │"red 100"                               │ ◂ cursor (0,8)
 1 │blue 200                                │
 2 │green 300                               │
 3 │yellow 400                              │
 4 │pink 500                                │
 5 │orange 600                              │
 6 │purple 700                              │
 7 │white 800                               │
 8 │~                                       │
 9 │~                                       │
10 │~                                       │
11 │~                                       │
12 │~                                       │
13 │~                                       │
14 │~                                       │
15 │~                                       │
16 │~                                       │
17 │~                                       │
18 │data.py [+]           1,9            All│
19 │recording @a                            │
    ────────────────────────────────────────

[KEYS] 'j'
[OVERLAY] j  down

              1         2         3         
    0123456789012345678901234567890123456789
    ────────────────────────────────────────
 0 │"red 100"                               │
 1 │blue 200                                │ ◂ cursor (1,7)
 2 │green 300                               │
 3 │yellow 400                              │
 4 │pink 500                                │
 5 │orange 600                              │
 6 │purple 700                              │
 7 │white 800                               │
 8 │~                                       │
 9 │~                                       │
10 │~                                       │
11 │~                                       │
12 │~                                       │
13 │~                                       │
14 │~                                       │
15 │~                                       │
16 │~                                       │
17 │~                                       │
18 │data.py [+]           2,8            All│
19 │recording @a                            │
    ────────────────────────────────────────

[KEYS] 'q'
[OVERLAY] q  stop recording

              1         2         3         
    0123456789012345678901234567890123456789
    ────────────────────────────────────────
 0 │"red 100"                               │
 1 │blue 200                                │ ◂ cursor (1,7)
 2 │green 300                               │
 3 │yellow 400                              │
 4 │pink 500                                │
 5 │orange 600                              │
 6 │purple 700                              │
 7 │white 800                               │
 8 │~                                       │
 9 │~                                       │
10 │~                                       │
11 │~                                       │
12 │~                                       │
13 │~                                       │
14 │~                                       │
15 │~                                       │
16 │~                                       │
17 │~                                       │
18 │data.py [+]           2,8            All│
    ────────────────────────────────────────

[SAY] Line one is done. Seven lines left.
[SAY] Seven at A. Run it seven times.
[KEYS] '7'
[OVERLAY] 7  count 7

              1         2         3         
    0123456789012345678901234567890123456789
    ────────────────────────────────────────
 0 │"red 100"                               │
 1 │blue 200                                │ ◂ cursor (1,7)
 2 │green 300                               │
 3 │yellow 400                              │
 4 │pink 500                                │
 5 │orange 600                              │
 6 │purple 700                              │
 7 │white 800                               │
 8 │~                                       │
 9 │~                                       │
10 │~                                       │
11 │~                                       │
12 │~                                       │
13 │~                                       │
14 │~                                       │
15 │~                                       │
16 │~                                       │
17 │~                                       │
18 │data.py [+]           2,8            All│
19 │                             7          │
    ────────────────────────────────────────

[KEYS] '@'
[OVERLAY] ⇧@  play macro

              1         2         3         
    0123456789012345678901234567890123456789
    ────────────────────────────────────────
 0 │"red 100"                               │
 1 │blue 200                                │ ◂ cursor (1,7)
 2 │green 300                               │
 3 │yellow 400                              │
 4 │pink 500                                │
 5 │orange 600                              │
 6 │purple 700                              │
 7 │white 800                               │
 8 │~                                       │
 9 │~                                       │
10 │~                                       │
11 │~                                       │
12 │~                                       │
13 │~                                       │
14 │~                                       │
15 │~                                       │
16 │~                                       │
17 │~                                       │
18 │data.py [+]           2,8            All│
19 │                             7@         │
    ────────────────────────────────────────

[KEYS] 'a'
[OVERLAY] a  register a

              1         2         3         
    0123456789012345678901234567890123456789
    ────────────────────────────────────────
 0 │"red 100"                               │
 1 │"blue 200"                              │
 2 │"green 300"                             │
 3 │"yellow 400"                            │
 4 │"pink 500"                              │
 5 │"orange 600"                            │
 6 │"purple 700"                            │
 7 │"white 800"                             │ ◂ cursor (7,10)
 8 │~                                       │
 9 │~                                       │
10 │~                                       │
11 │~                                       │
12 │~                                       │
13 │~                                       │
14 │~                                       │
15 │~                                       │
16 │~                                       │
17 │~                                       │
18 │data.py [+]           8,11           All│
    ────────────────────────────────────────

[SAY] All eight lines. Wrapped in quotes. One macro, one count.
[SAY] Undo all of that.
[KEYS] '99u'
[OVERLAY] 99u  undo all

              1         2         3         
    0123456789012345678901234567890123456789
    ────────────────────────────────────────
 0 │red 100                                 │ ◂ cursor (0,0)
 1 │blue 200                                │
 2 │green 300                               │
 3 │yellow 400                              │
 4 │pink 500                                │
 5 │orange 600                              │
 6 │purple 700                              │
 7 │white 800                               │
 8 │~                                       │
 9 │~                                       │
10 │~                                       │
11 │~                                       │
12 │~                                       │
13 │~                                       │
14 │~                                       │
15 │~                                       │
16 │~                                       │
17 │~                                       │
18 │data.py               1,1            All│
19 │9 changes; b...8 seconds ago            │
    ────────────────────────────────────────

[KEYS] 'gg'
[OVERLAY] gg  top

              1         2         3         
    0123456789012345678901234567890123456789
    ────────────────────────────────────────
 0 │red 100                                 │ ◂ cursor (0,0)
 1 │blue 200                                │
 2 │green 300                               │
 3 │yellow 400                              │
 4 │pink 500                                │
 5 │orange 600                              │
 6 │purple 700                              │
 7 │white 800                               │
 8 │~                                       │
 9 │~                                       │
10 │~                                       │
11 │~                                       │
12 │~                                       │
13 │~                                       │
14 │~                                       │
15 │~                                       │
16 │~                                       │
17 │~                                       │
18 │data.py               1,1            All│
19 │9 changes; b...8 seconds ago            │
    ────────────────────────────────────────

[SAY] Now use a big count. 100 at A. It stops when it runs out of lines.
[KEYS] 'q'
[OVERLAY] q  record macro

              1         2         3         
    0123456789012345678901234567890123456789
    ────────────────────────────────────────
 0 │red 100                                 │ ◂ cursor (0,0)
 1 │blue 200                                │
 2 │green 300                               │
 3 │yellow 400                              │
 4 │pink 500                                │
 5 │orange 600                              │
 6 │purple 700                              │
 7 │white 800                               │
 8 │~                                       │
 9 │~                                       │
10 │~                                       │
11 │~                                       │
12 │~                                       │
13 │~                                       │
14 │~                                       │
15 │~                                       │
16 │~                                       │
17 │~                                       │
18 │data.py               1,1            All│
19 │9 changes; b...8 seconds ago q          │
    ────────────────────────────────────────

[KEYS] 'a'
[OVERLAY] a  register a

              1         2         3         
    0123456789012345678901234567890123456789
    ────────────────────────────────────────
 0 │red 100                                 │ ◂ cursor (0,0)
 1 │blue 200                                │
 2 │green 300                               │
 3 │yellow 400                              │
 4 │pink 500                                │
 5 │orange 600                              │
 6 │purple 700                              │
 7 │white 800                               │
 8 │~                                       │
 9 │~                                       │
10 │~                                       │
11 │~                                       │
12 │~                                       │
13 │~                                       │
14 │~                                       │
15 │~                                       │
16 │~                                       │
17 │~                                       │
18 │data.py               1,1            All│
19 │recording @a                            │
    ────────────────────────────────────────

[KEYS] 'I'
[OVERLAY] ⇧I  insert at start

              1         2         3         
    0123456789012345678901234567890123456789
    ────────────────────────────────────────
 0 │red 100                                 │ ◂ cursor (0,0)
 1 │blue 200                                │
 2 │green 300                               │
 3 │yellow 400                              │
 4 │pink 500                                │
 5 │orange 600                              │
 6 │purple 700                              │
 7 │white 800                               │
 8 │~                                       │
 9 │~                                       │
10 │~                                       │
11 │~                                       │
12 │~                                       │
13 │~                                       │
14 │~                                       │
15 │~                                       │
16 │~                                       │
17 │~                                       │
18 │data.py               1,1            All│
19 │-- INSERT --recording @a                │
    ────────────────────────────────────────

[TYPE] '"'

              1         2         3         
    0123456789012345678901234567890123456789
    ────────────────────────────────────────
 0 │"red 100                                │ ◂ cursor (0,1)
 1 │blue 200                                │
 2 │green 300                               │
 3 │yellow 400                              │
 4 │pink 500                                │
 5 │orange 600                              │
 6 │purple 700                              │
 7 │white 800                               │
 8 │~                                       │
 9 │~                                       │
10 │~                                       │
11 │~                                       │
12 │~                                       │
13 │~                                       │
14 │~                                       │
15 │~                                       │
16 │~                                       │
17 │~                                       │
18 │data.py [+]           1,2            All│
19 │-- INSERT --recording @a                │
    ────────────────────────────────────────

[ESCAPE]

              1         2         3         
    0123456789012345678901234567890123456789
    ────────────────────────────────────────
 0 │"red 100                                │ ◂ cursor (0,0)
 1 │blue 200                                │
 2 │green 300                               │
 3 │yellow 400                              │
 4 │pink 500                                │
 5 │orange 600                              │
 6 │purple 700                              │
 7 │white 800                               │
 8 │~                                       │
 9 │~                                       │
10 │~                                       │
11 │~                                       │
12 │~                                       │
13 │~                                       │
14 │~                                       │
15 │~                                       │
16 │~                                       │
17 │~                                       │
18 │data.py [+]           1,1            All│
19 │recording @a                            │
    ────────────────────────────────────────

[KEYS] 'A'
[OVERLAY] ⇧A  append at end

              1         2         3         
    0123456789012345678901234567890123456789
    ────────────────────────────────────────
 0 │"red 100                                │ ◂ cursor (0,8)
 1 │blue 200                                │
 2 │green 300                               │
 3 │yellow 400                              │
 4 │pink 500                                │
 5 │orange 600                              │
 6 │purple 700                              │
 7 │white 800                               │
 8 │~                                       │
 9 │~                                       │
10 │~                                       │
11 │~                                       │
12 │~                                       │
13 │~                                       │
14 │~                                       │
15 │~                                       │
16 │~                                       │
17 │~                                       │
18 │data.py [+]           1,9            All│
19 │-- INSERT --recording @a                │
    ────────────────────────────────────────

[TYPE] '"'

              1         2         3         
    0123456789012345678901234567890123456789
    ────────────────────────────────────────
 0 │"red 100"                               │ ◂ cursor (0,9)
 1 │blue 200                                │
 2 │green 300                               │
 3 │yellow 400                              │
 4 │pink 500                                │
 5 │orange 600                              │
 6 │purple 700                              │
 7 │white 800                               │
 8 │~                                       │
 9 │~                                       │
10 │~                                       │
11 │~                                       │
12 │~                                       │
13 │~                                       │
14 │~                                       │
15 │~                                       │
16 │~                                       │
17 │~                                       │
18 │data.py [+]           1,10           All│
19 │-- INSERT --recording @a                │
    ────────────────────────────────────────

[ESCAPE]

              1         2         3         
    0123456789012345678901234567890123456789
    ────────────────────────────────────────
 0 │"red 100"                               │ ◂ cursor (0,8)
 1 │blue 200                                │
 2 │green 300                               │
 3 │yellow 400                              │
 4 │pink 500                                │
 5 │orange 600                              │
 6 │purple 700                              │
 7 │white 800                               │
 8 │~                                       │
 9 │~                                       │
10 │~                                       │
11 │~                                       │
12 │~                                       │
13 │~                                       │
14 │~                                       │
15 │~                                       │
16 │~                                       │
17 │~                                       │
18 │data.py [+]           1,9            All│
19 │recording @a                            │
    ────────────────────────────────────────

[KEYS] 'j'
[OVERLAY] j  down

              1         2         3         
    0123456789012345678901234567890123456789
    ────────────────────────────────────────
 0 │"red 100"                               │
 1 │blue 200                                │ ◂ cursor (1,7)
 2 │green 300                               │
 3 │yellow 400                              │
 4 │pink 500                                │
 5 │orange 600                              │
 6 │purple 700                              │
 7 │white 800                               │
 8 │~                                       │
 9 │~                                       │
10 │~                                       │
11 │~                                       │
12 │~                                       │
13 │~                                       │
14 │~                                       │
15 │~                                       │
16 │~                                       │
17 │~                                       │
18 │data.py [+]           2,8            All│
19 │recording @a                            │
    ────────────────────────────────────────

[KEYS] 'q'
[OVERLAY] q  stop recording

              1         2         3         
    0123456789012345678901234567890123456789
    ────────────────────────────────────────
 0 │"red 100"                               │
 1 │blue 200                                │ ◂ cursor (1,7)
 2 │green 300                               │
 3 │yellow 400                              │
 4 │pink 500                                │
 5 │orange 600                              │
 6 │purple 700                              │
 7 │white 800                               │
 8 │~                                       │
 9 │~                                       │
10 │~                                       │
11 │~                                       │
12 │~                                       │
13 │~                                       │
14 │~                                       │
15 │~                                       │
16 │~                                       │
17 │~                                       │
18 │data.py [+]           2,8            All│
    ────────────────────────────────────────

[KEYS] '100'
[OVERLAY] 100  count 100

              1         2         3         
    0123456789012345678901234567890123456789
    ────────────────────────────────────────
 0 │"red 100"                               │
 1 │blue 200                                │ ◂ cursor (1,7)
 2 │green 300                               │
 3 │yellow 400                              │
 4 │pink 500                                │
 5 │orange 600                              │
 6 │purple 700                              │
 7 │white 800                               │
 8 │~                                       │
 9 │~                                       │
10 │~                                       │
11 │~                                       │
12 │~                                       │
13 │~                                       │
14 │~                                       │
15 │~                                       │
16 │~                                       │
17 │~                                       │
18 │data.py [+]           2,8            All│
19 │                             100        │
    ────────────────────────────────────────

[KEYS] '@'
[OVERLAY] ⇧@  play macro

              1         2         3         
    0123456789012345678901234567890123456789
    ────────────────────────────────────────
 0 │"red 100"                               │
 1 │blue 200                                │ ◂ cursor (1,7)
 2 │green 300                               │
 3 │yellow 400                              │
 4 │pink 500                                │
 5 │orange 600                              │
 6 │purple 700                              │
 7 │white 800                               │
 8 │~                                       │
 9 │~                                       │
10 │~                                       │
11 │~                                       │
12 │~                                       │
13 │~                                       │
14 │~                                       │
15 │~                                       │
16 │~                                       │
17 │~                                       │
18 │data.py [+]           2,8            All│
19 │                             100@       │
    ────────────────────────────────────────

[KEYS] 'a'
[OVERLAY] a  register a

              1         2         3         
    0123456789012345678901234567890123456789
    ────────────────────────────────────────
 0 │"red 100"                               │
 1 │"blue 200"                              │
 2 │"green 300"                             │
 3 │"yellow 400"                            │
 4 │"pink 500"                              │
 5 │"orange 600"                            │
 6 │"purple 700"                            │
 7 │"white 800"                             │ ◂ cursor (7,10)
 8 │~                                       │
 9 │~                                       │
10 │~                                       │
11 │~                                       │
12 │~                                       │
13 │~                                       │
14 │~                                       │
15 │~                                       │
16 │~                                       │
17 │~                                       │
18 │data.py [+]           8,11           All│
    ────────────────────────────────────────

[SAY] All done. It stopped at the last line. No error.
[SAY] Count at register. Run a macro any number of times. Use a big count and let it stop on its own.