[RECORDING_START] Screen state at recording start:

              1         2         3         
    0123456789012345678901234567890123456789
    ────────────────────────────────────────
 0 │name = "Bolt"                           │ ◂ cursor (0,0)
 1 │mood = "happy"                          │
 2 │speed = 5                               │
 3 │volume = 7                              │
 4 │                                        │
 5 │def greet(human):                       │
 6 │    wave()                              │
 7 │    say("Hello!")                       │
 8 │    return smile()                      │
 9 │                                        │
10 │def recharge():                         │
11 │    find_outlet()                       │
12 │    plug_in()                           │
13 │    nap(hours=2)                        │
14 │~                                       │
15 │~                                       │
16 │~                                       │
17 │~                                       │
18 │robot.py              1,1            All│
    ────────────────────────────────────────

[OVERLAY] VimFu — Special Marks
[SAY] Vim has special marks that update automatically. They track where you changed text and where you last inserted.
[SAY] Let me change a word.
[KEYS] 'j'
[OVERLAY] j

              1         2         3         
    0123456789012345678901234567890123456789
    ────────────────────────────────────────
 0 │name = "Bolt"                           │
 1 │mood = "happy"                          │ ◂ cursor (1,0)
 2 │speed = 5                               │
 3 │volume = 7                              │
 4 │                                        │
 5 │def greet(human):                       │
 6 │    wave()                              │
 7 │    say("Hello!")                       │
 8 │    return smile()                      │
 9 │                                        │
10 │def recharge():                         │
11 │    find_outlet()                       │
12 │    plug_in()                           │
13 │    nap(hours=2)                        │
14 │~                                       │
15 │~                                       │
16 │~                                       │
17 │~                                       │
18 │robot.py              2,1            All│
    ────────────────────────────────────────

[KEYS] 'f"'
[OVERLAY] f"

              1         2         3         
    0123456789012345678901234567890123456789
    ────────────────────────────────────────
 0 │name = "Bolt"                           │
 1 │mood = "happy"                          │ ◂ cursor (1,7)
 2 │speed = 5                               │
 3 │volume = 7                              │
 4 │                                        │
 5 │def greet(human):                       │
 6 │    wave()                              │
 7 │    say("Hello!")                       │
 8 │    return smile()                      │
 9 │                                        │
10 │def recharge():                         │
11 │    find_outlet()                       │
12 │    plug_in()                           │
13 │    nap(hours=2)                        │
14 │~                                       │
15 │~                                       │
16 │~                                       │
17 │~                                       │
18 │robot.py              2,8            All│
    ────────────────────────────────────────

[KEYS] 'l'
[OVERLAY] l

              1         2         3         
    0123456789012345678901234567890123456789
    ────────────────────────────────────────
 0 │name = "Bolt"                           │
 1 │mood = "happy"                          │ ◂ cursor (1,8)
 2 │speed = 5                               │
 3 │volume = 7                              │
 4 │                                        │
 5 │def greet(human):                       │
 6 │    wave()                              │
 7 │    say("Hello!")                       │
 8 │    return smile()                      │
 9 │                                        │
10 │def recharge():                         │
11 │    find_outlet()                       │
12 │    plug_in()                           │
13 │    nap(hours=2)                        │
14 │~                                       │
15 │~                                       │
16 │~                                       │
17 │~                                       │
18 │robot.py              2,9            All│
    ────────────────────────────────────────

[KEYS] 'cw'
[OVERLAY] cw  change word

              1         2         3         
    0123456789012345678901234567890123456789
    ────────────────────────────────────────
 0 │name = "Bolt"                           │
 1 │mood = ""                               │ ◂ cursor (1,8)
 2 │speed = 5                               │
 3 │volume = 7                              │
 4 │                                        │
 5 │def greet(human):                       │
 6 │    wave()                              │
 7 │    say("Hello!")                       │
 8 │    return smile()                      │
 9 │                                        │
10 │def recharge():                         │
11 │    find_outlet()                       │
12 │    plug_in()                           │
13 │    nap(hours=2)                        │
14 │~                                       │
15 │~                                       │
16 │~                                       │
17 │~                                       │
18 │robot.py [+]          2,9            All│
19 │-- INSERT --                            │
    ────────────────────────────────────────

[TYPE] 'curious'

              1         2         3         
    0123456789012345678901234567890123456789
    ────────────────────────────────────────
 0 │name = "Bolt"                           │
 1 │mood = "curious"                        │ ◂ cursor (1,15)
 2 │speed = 5                               │
 3 │volume = 7                              │
 4 │                                        │
 5 │def greet(human):                       │
 6 │    wave()                              │
 7 │    say("Hello!")                       │
 8 │    return smile()                      │
 9 │                                        │
10 │def recharge():                         │
11 │    find_outlet()                       │
12 │    plug_in()                           │
13 │    nap(hours=2)                        │
14 │~                                       │
15 │~                                       │
16 │~                                       │
17 │~                                       │
18 │robot.py [+]          2,16           All│
19 │-- INSERT --                            │
    ────────────────────────────────────────

[ESCAPE]

              1         2         3         
    0123456789012345678901234567890123456789
    ────────────────────────────────────────
 0 │name = "Bolt"                           │
 1 │mood = "curious"                        │ ◂ cursor (1,14)
 2 │speed = 5                               │
 3 │volume = 7                              │
 4 │                                        │
 5 │def greet(human):                       │
 6 │    wave()                              │
 7 │    say("Hello!")                       │
 8 │    return smile()                      │
 9 │                                        │
10 │def recharge():                         │
11 │    find_outlet()                       │
12 │    plug_in()                           │
13 │    nap(hours=2)                        │
14 │~                                       │
15 │~                                       │
16 │~                                       │
17 │~                                       │
18 │robot.py [+]          2,15           All│
    ────────────────────────────────────────

[SAY] Changed happy to curious. Now jump away.
[KEYS] 'G'
[OVERLAY] ⇧G

              1         2         3         
    0123456789012345678901234567890123456789
    ────────────────────────────────────────
 0 │name = "Bolt"                           │
 1 │mood = "curious"                        │
 2 │speed = 5                               │
 3 │volume = 7                              │
 4 │                                        │
 5 │def greet(human):                       │
 6 │    wave()                              │
 7 │    say("Hello!")                       │
 8 │    return smile()                      │
 9 │                                        │
10 │def recharge():                         │
11 │    find_outlet()                       │
12 │    plug_in()                           │
13 │    nap(hours=2)                        │ ◂ cursor (13,14)
14 │~                                       │
15 │~                                       │
16 │~                                       │
17 │~                                       │
18 │robot.py [+]          14,15          All│
    ────────────────────────────────────────

[SAY] Single quote dot. Back to the line of my last change.
[KEYS] "'"
[OVERLAY] '  jump to mark line

              1         2         3         
    0123456789012345678901234567890123456789
    ────────────────────────────────────────
 0 │name = "Bolt"                           │
 1 │mood = "curious"                        │
 2 │speed = 5                               │
 3 │volume = 7                              │
 4 │                                        │
 5 │def greet(human):                       │
 6 │    wave()                              │
 7 │    say("Hello!")                       │
 8 │    return smile()                      │
 9 │                                        │
10 │def recharge():                         │
11 │    find_outlet()                       │
12 │    plug_in()                           │
13 │    nap(hours=2)                        │ ◂ cursor (13,14)
14 │~                                       │
15 │~                                       │
16 │~                                       │
17 │~                                       │
18 │robot.py [+]          14,15          All│
19 │                             '          │
    ────────────────────────────────────────

[KEYS] '.'
[OVERLAY] .  last change

              1         2         3         
    0123456789012345678901234567890123456789
    ────────────────────────────────────────
 0 │name = "Bolt"                           │
 1 │mood = "curious"                        │ ◂ cursor (1,0)
 2 │speed = 5                               │
 3 │volume = 7                              │
 4 │                                        │
 5 │def greet(human):                       │
 6 │    wave()                              │
 7 │    say("Hello!")                       │
 8 │    return smile()                      │
 9 │                                        │
10 │def recharge():                         │
11 │    find_outlet()                       │
12 │    plug_in()                           │
13 │    nap(hours=2)                        │
14 │~                                       │
15 │~                                       │
16 │~                                       │
17 │~                                       │
18 │robot.py [+]          2,1            All│
    ────────────────────────────────────────

[SAY] Line two. Right where I changed that word.
[SAY] Now let me insert something else.
[KEYS] '6j'
[OVERLAY] 6j

              1         2         3         
    0123456789012345678901234567890123456789
    ────────────────────────────────────────
 0 │name = "Bolt"                           │
 1 │mood = "curious"                        │
 2 │speed = 5                               │
 3 │volume = 7                              │
 4 │                                        │
 5 │def greet(human):                       │
 6 │    wave()                              │
 7 │    say("Hello!")                       │ ◂ cursor (7,0)
 8 │    return smile()                      │
 9 │                                        │
10 │def recharge():                         │
11 │    find_outlet()                       │
12 │    plug_in()                           │
13 │    nap(hours=2)                        │
14 │~                                       │
15 │~                                       │
16 │~                                       │
17 │~                                       │
18 │robot.py [+]          8,1            All│
    ────────────────────────────────────────

[KEYS] 'A'
[OVERLAY] ⇧A  append at end

              1         2         3         
    0123456789012345678901234567890123456789
    ────────────────────────────────────────
 0 │name = "Bolt"                           │
 1 │mood = "curious"                        │
 2 │speed = 5                               │
 3 │volume = 7                              │
 4 │                                        │
 5 │def greet(human):                       │
 6 │    wave()                              │
 7 │    say("Hello!")                       │ ◂ cursor (7,17)
 8 │    return smile()                      │
 9 │                                        │
10 │def recharge():                         │
11 │    find_outlet()                       │
12 │    plug_in()                           │
13 │    nap(hours=2)                        │
14 │~                                       │
15 │~                                       │
16 │~                                       │
17 │~                                       │
18 │robot.py [+]          8,18           All│
19 │-- INSERT --                            │
    ────────────────────────────────────────

[TYPE] '  # welcome'

              1         2         3         
    0123456789012345678901234567890123456789
    ────────────────────────────────────────
 0 │name = "Bolt"                           │
 1 │mood = "curious"                        │
 2 │speed = 5                               │
 3 │volume = 7                              │
 4 │                                        │
 5 │def greet(human):                       │
 6 │    wave()                              │
 7 │    say("Hello!")  # welcome            │ ◂ cursor (7,28)
 8 │    return smile()                      │
 9 │                                        │
10 │def recharge():                         │
11 │    find_outlet()                       │
12 │    plug_in()                           │
13 │    nap(hours=2)                        │
14 │~                                       │
15 │~                                       │
16 │~                                       │
17 │~                                       │
18 │robot.py [+]          8,29           All│
19 │-- INSERT --                            │
    ────────────────────────────────────────

[ESCAPE]

              1         2         3         
    0123456789012345678901234567890123456789
    ────────────────────────────────────────
 0 │name = "Bolt"                           │
 1 │mood = "curious"                        │
 2 │speed = 5                               │
 3 │volume = 7                              │
 4 │                                        │
 5 │def greet(human):                       │
 6 │    wave()                              │
 7 │    say("Hello!")  # welcome            │ ◂ cursor (7,27)
 8 │    return smile()                      │
 9 │                                        │
10 │def recharge():                         │
11 │    find_outlet()                       │
12 │    plug_in()                           │
13 │    nap(hours=2)                        │
14 │~                                       │
15 │~                                       │
16 │~                                       │
17 │~                                       │
18 │robot.py [+]          8,28           All│
    ────────────────────────────────────────

[SAY] Added a comment. Now jump to the top.
[KEYS] 'gg'
[OVERLAY] gg

              1         2         3         
    0123456789012345678901234567890123456789
    ────────────────────────────────────────
 0 │name = "Bolt"                           │ ◂ cursor (0,12)
 1 │mood = "curious"                        │
 2 │speed = 5                               │
 3 │volume = 7                              │
 4 │                                        │
 5 │def greet(human):                       │
 6 │    wave()                              │
 7 │    say("Hello!")  # welcome            │
 8 │    return smile()                      │
 9 │                                        │
10 │def recharge():                         │
11 │    find_outlet()                       │
12 │    plug_in()                           │
13 │    nap(hours=2)                        │
14 │~                                       │
15 │~                                       │
16 │~                                       │
17 │~                                       │
18 │robot.py [+]          1,13           All│
    ────────────────────────────────────────

[SAY] Single quote caret. Back to where I last stopped inserting.
[KEYS] "'"
[OVERLAY] '  jump to mark line

              1         2         3         
    0123456789012345678901234567890123456789
    ────────────────────────────────────────
 0 │name = "Bolt"                           │ ◂ cursor (0,12)
 1 │mood = "curious"                        │
 2 │speed = 5                               │
 3 │volume = 7                              │
 4 │                                        │
 5 │def greet(human):                       │
 6 │    wave()                              │
 7 │    say("Hello!")  # welcome            │
 8 │    return smile()                      │
 9 │                                        │
10 │def recharge():                         │
11 │    find_outlet()                       │
12 │    plug_in()                           │
13 │    nap(hours=2)                        │
14 │~                                       │
15 │~                                       │
16 │~                                       │
17 │~                                       │
18 │robot.py [+]          1,13           All│
19 │                             '          │
    ────────────────────────────────────────

[KEYS] '^'
[OVERLAY] ⇧^  last insert

              1         2         3         
    0123456789012345678901234567890123456789
    ────────────────────────────────────────
 0 │name = "Bolt"                           │
 1 │mood = "curious"                        │
 2 │speed = 5                               │
 3 │volume = 7                              │
 4 │                                        │
 5 │def greet(human):                       │
 6 │    wave()                              │
 7 │    say("Hello!")  # welcome            │ ◂ cursor (7,4)
 8 │    return smile()                      │
 9 │                                        │
10 │def recharge():                         │
11 │    find_outlet()                       │
12 │    plug_in()                           │
13 │    nap(hours=2)                        │
14 │~                                       │
15 │~                                       │
16 │~                                       │
17 │~                                       │
18 │robot.py [+]          8,5            All│
    ────────────────────────────────────────

[SAY] Right back to the greet function.
[SAY] Undo that.
[KEYS] 'u'
[OVERLAY] u  undo

              1         2         3         
    0123456789012345678901234567890123456789
    ────────────────────────────────────────
 0 │name = "Bolt"                           │
 1 │mood = "curious"                        │
 2 │speed = 5                               │
 3 │volume = 7                              │
 4 │                                        │
 5 │def greet(human):                       │
 6 │    wave()                              │
 7 │    say("Hello!")                       │ ◂ cursor (7,16)
 8 │    return smile()                      │
 9 │                                        │
10 │def recharge():                         │
11 │    find_outlet()                       │
12 │    plug_in()                           │
13 │    nap(hours=2)                        │
14 │~                                       │
15 │~                                       │
16 │~                                       │
17 │~                                       │
18 │robot.py [+]          8,17           All│
19 │1 change; be...1 seconds ago            │
    ────────────────────────────────────────

[SAY] Single quote dot for last change. Single quote caret for last insert. Vim remembers everything.