[RECORDING_START] Screen state at recording start:

              1         2         3         
    0123456789012345678901234567890123456789
    ────────────────────────────────────────
 0 │➜  vimfu                                │ ◂ cursor (0,9)
    ────────────────────────────────────────

[OVERLAY] VimFu — Vi-Mode History Search
[SAY] In vi mode, you can search your command history just like in Vim.
[SAY] Press Escape, then slash to search backward.
[ESCAPE]

              1         2         3         
    0123456789012345678901234567890123456789
    ────────────────────────────────────────
 0 │➜  vimfu                                │ ◂ cursor (0,9)
    ────────────────────────────────────────

[KEYS] '/'
[OVERLAY] /  search

              1         2         3         
    0123456789012345678901234567890123456789
    ────────────────────────────────────────
 0 │➜  vimfu                                │ ◂ cursor (0,9)
 1 │?_                                      │
    ────────────────────────────────────────

[SAY] Type echo. Matches the most recent echo command.
[TYPE] 'echo'

              1         2         3         
    0123456789012345678901234567890123456789
    ────────────────────────────────────────
 0 │➜  vimfu                                │ ◂ cursor (0,9)
 1 │?echo_                                  │
    ────────────────────────────────────────

[ENTER]

              1         2         3         
    0123456789012345678901234567890123456789
    ────────────────────────────────────────
 0 │➜  vimfu echo done                      │ ◂ cursor (0,17)
    ────────────────────────────────────────

[SAY] There it is. Echo done.
[SAY] Press N to find the previous match.
[KEYS] 'n'
[OVERLAY] n  next match

              1         2         3         
    0123456789012345678901234567890123456789
    ────────────────────────────────────────
 0 │➜  vimfu echo goodbye                   │ ◂ cursor (0,20)
    ────────────────────────────────────────

[SAY] Echo goodbye. Press N again.
[KEYS] 'n'
[OVERLAY] n  next match

              1         2         3         
    0123456789012345678901234567890123456789
    ────────────────────────────────────────
 0 │➜  vimfu echo hello                     │ ◂ cursor (0,18)
    ────────────────────────────────────────

[SAY] Echo hello. Cycling back through history.
[SAY] Shift N goes forward again.
[KEYS] 'N'
[OVERLAY] ⇧N  prev match

              1         2         3         
    0123456789012345678901234567890123456789
    ────────────────────────────────────────
 0 │➜  vimfu echo goodbye                   │ ◂ cursor (0,20)
    ────────────────────────────────────────

[SAY] Back to echo goodbye.
[KEYS] 'i'
[OVERLAY] i  insert

              1         2         3         
    0123456789012345678901234567890123456789
    ────────────────────────────────────────
 0 │➜  vimfu echo goodbye                   │ ◂ cursor (0,20)
    ────────────────────────────────────────

[KEYS] '\x15'
[OVERLAY] ⌃u

              1         2         3         
    0123456789012345678901234567890123456789
    ────────────────────────────────────────
 0 │➜  vimfu echo goodbye                   │ ◂ cursor (0,20)
    ────────────────────────────────────────

[SAY] Escape, slash, type your search. N and shift N to cycle. Find any command fast.