[RECORDING_START] Screen state at recording start:

              1         2         3         
    0123456789012345678901234567890123456789
    ────────────────────────────────────────
 0 │f01 = "lobby"                           │ ◂ cursor (0,0)
 1 │f02 = "cafe"                            │
 2 │f03 = "gym"                             │
 3 │f04 = "pool"                            │
 4 │f05 = "spa"                             │
 5 │f06 = "shop"                            │
 6 │f07 = "bar"                             │
 7 │f08 = "club"                            │
 8 │f09 = "lab"                             │
 9 │f10 = "den"                             │
10 │f11 = "loft"                            │
11 │f12 = "roof"                            │
12 │f13 = "deck"                            │
13 │f14 = "dome"                            │
14 │f15 = "nest"                            │
15 │f16 = "peak"                            │
16 │f17 = "core"                            │
17 │f18 = "hub"                             │
18 │floors.py             1,1            All│
    ────────────────────────────────────────

[OVERLAY] VimFu — The H Key
[SAY] Capital H moves your cursor to the top of the screen. H for high.
[SAY] Cursor is at the top. Jump to the bottom first.
[KEYS] 'G'
[OVERLAY] ⇧G

              1         2         3         
    0123456789012345678901234567890123456789
    ────────────────────────────────────────
 0 │f01 = "lobby"                           │
 1 │f02 = "cafe"                            │
 2 │f03 = "gym"                             │
 3 │f04 = "pool"                            │
 4 │f05 = "spa"                             │
 5 │f06 = "shop"                            │
 6 │f07 = "bar"                             │
 7 │f08 = "club"                            │
 8 │f09 = "lab"                             │
 9 │f10 = "den"                             │
10 │f11 = "loft"                            │
11 │f12 = "roof"                            │
12 │f13 = "deck"                            │
13 │f14 = "dome"                            │
14 │f15 = "nest"                            │
15 │f16 = "peak"                            │
16 │f17 = "core"                            │
17 │f18 = "hub"                             │ ◂ cursor (17,0)
18 │floors.py             18,1           All│
    ────────────────────────────────────────

[SAY] Now capital H.
[KEYS] 'H'
[OVERLAY] ⇧H  screen top

              1         2         3         
    0123456789012345678901234567890123456789
    ────────────────────────────────────────
 0 │f01 = "lobby"                           │ ◂ cursor (0,0)
 1 │f02 = "cafe"                            │
 2 │f03 = "gym"                             │
 3 │f04 = "pool"                            │
 4 │f05 = "spa"                             │
 5 │f06 = "shop"                            │
 6 │f07 = "bar"                             │
 7 │f08 = "club"                            │
 8 │f09 = "lab"                             │
 9 │f10 = "den"                             │
10 │f11 = "loft"                            │
11 │f12 = "roof"                            │
12 │f13 = "deck"                            │
13 │f14 = "dome"                            │
14 │f15 = "nest"                            │
15 │f16 = "peak"                            │
16 │f17 = "core"                            │
17 │f18 = "hub"                             │
18 │floors.py             1,1            All│
    ────────────────────────────────────────

[SAY] Top of the screen. Instant. No scrolling.
[SAY] Capital L is the opposite. Bottom of the screen.
[KEYS] 'L'
[OVERLAY] ⇧L  screen bottom

              1         2         3         
    0123456789012345678901234567890123456789
    ────────────────────────────────────────
 0 │f01 = "lobby"                           │
 1 │f02 = "cafe"                            │
 2 │f03 = "gym"                             │
 3 │f04 = "pool"                            │
 4 │f05 = "spa"                             │
 5 │f06 = "shop"                            │
 6 │f07 = "bar"                             │
 7 │f08 = "club"                            │
 8 │f09 = "lab"                             │
 9 │f10 = "den"                             │
10 │f11 = "loft"                            │
11 │f12 = "roof"                            │
12 │f13 = "deck"                            │
13 │f14 = "dome"                            │
14 │f15 = "nest"                            │
15 │f16 = "peak"                            │
16 │f17 = "core"                            │
17 │f18 = "hub"                             │ ◂ cursor (17,0)
18 │floors.py             18,1           All│
    ────────────────────────────────────────

[SAY] Capital H.
[KEYS] 'H'
[OVERLAY] ⇧H  screen top

              1         2         3         
    0123456789012345678901234567890123456789
    ────────────────────────────────────────
 0 │f01 = "lobby"                           │ ◂ cursor (0,0)
 1 │f02 = "cafe"                            │
 2 │f03 = "gym"                             │
 3 │f04 = "pool"                            │
 4 │f05 = "spa"                             │
 5 │f06 = "shop"                            │
 6 │f07 = "bar"                             │
 7 │f08 = "club"                            │
 8 │f09 = "lab"                             │
 9 │f10 = "den"                             │
10 │f11 = "loft"                            │
11 │f12 = "roof"                            │
12 │f13 = "deck"                            │
13 │f14 = "dome"                            │
14 │f15 = "nest"                            │
15 │f16 = "peak"                            │
16 │f17 = "core"                            │
17 │f18 = "hub"                             │
18 │floors.py             1,1            All│
    ────────────────────────────────────────

[SAY] Back to the top. H and L bounce you between the edges.
[SAY] Capital M goes to the middle.
[KEYS] 'M'
[OVERLAY] ⇧M  screen middle

              1         2         3         
    0123456789012345678901234567890123456789
    ────────────────────────────────────────
 0 │f01 = "lobby"                           │
 1 │f02 = "cafe"                            │
 2 │f03 = "gym"                             │
 3 │f04 = "pool"                            │
 4 │f05 = "spa"                             │
 5 │f06 = "shop"                            │
 6 │f07 = "bar"                             │
 7 │f08 = "club"                            │
 8 │f09 = "lab"                             │ ◂ cursor (8,0)
 9 │f10 = "den"                             │
10 │f11 = "loft"                            │
11 │f12 = "roof"                            │
12 │f13 = "deck"                            │
13 │f14 = "dome"                            │
14 │f15 = "nest"                            │
15 │f16 = "peak"                            │
16 │f17 = "core"                            │
17 │f18 = "hub"                             │
18 │floors.py             9,1            All│
    ────────────────────────────────────────

[SAY] H, M, L. Top, middle, bottom. Navigate the visible screen.
[SAY] Add a count. Five H.
[KEYS] '5H'
[OVERLAY] 5H  5 from top

              1         2         3         
    0123456789012345678901234567890123456789
    ────────────────────────────────────────
 0 │f01 = "lobby"                           │
 1 │f02 = "cafe"                            │
 2 │f03 = "gym"                             │
 3 │f04 = "pool"                            │
 4 │f05 = "spa"                             │ ◂ cursor (4,0)
 5 │f06 = "shop"                            │
 6 │f07 = "bar"                             │
 7 │f08 = "club"                            │
 8 │f09 = "lab"                             │
 9 │f10 = "den"                             │
10 │f11 = "loft"                            │
11 │f12 = "roof"                            │
12 │f13 = "deck"                            │
13 │f14 = "dome"                            │
14 │f15 = "nest"                            │
15 │f16 = "peak"                            │
16 │f17 = "core"                            │
17 │f18 = "hub"                             │
18 │floors.py             5,1            All│
    ────────────────────────────────────────

[SAY] Fifth line from the top. Three L.
[KEYS] '3L'
[OVERLAY] 3L  3 from bottom

              1         2         3         
    0123456789012345678901234567890123456789
    ────────────────────────────────────────
 0 │f01 = "lobby"                           │
 1 │f02 = "cafe"                            │
 2 │f03 = "gym"                             │
 3 │f04 = "pool"                            │
 4 │f05 = "spa"                             │
 5 │f06 = "shop"                            │
 6 │f07 = "bar"                             │
 7 │f08 = "club"                            │
 8 │f09 = "lab"                             │
 9 │f10 = "den"                             │
10 │f11 = "loft"                            │
11 │f12 = "roof"                            │
12 │f13 = "deck"                            │
13 │f14 = "dome"                            │
14 │f15 = "nest"                            │
15 │f16 = "peak"                            │ ◂ cursor (15,0)
16 │f17 = "core"                            │
17 │f18 = "hub"                             │
18 │floors.py             16,1           All│
    ────────────────────────────────────────

[SAY] Third from the bottom. Counts let you land precisely.
[SAY] H for high. L for low. M for middle. Add a count to offset from the edge.