[RECORDING_START] Screen state at recording start:

              1         2         3         
    0123456789012345678901234567890123456789
    ────────────────────────────────────────
 0 │# team names                            │ ◂ cursor (0,0)
 1 │alpha = "Red Team"                      │
 2 │beta = "Blue Team"                      │
 3 │gamma = "Green Team"                    │
 4 │~                                       │
 5 │~                                       │
 6 │~                                       │
 7 │~                                       │
 8 │~                                       │
 9 │~                                       │
10 │~                                       │
11 │~                                       │
12 │~                                       │
13 │~                                       │
14 │~                                       │
15 │~                                       │
16 │~                                       │
17 │~                                       │
18 │names.py              1,1            All│
    ────────────────────────────────────────

[OVERLAY] VimFu — v_u / v_U / v_~
[SAY] In visual mode, U uppercases, lowercase U lowercases, and tilde toggles case.
[SAY] Select Red Team inside the quotes.
[KEYS] 'jf"'
[OVERLAY] jf"

              1         2         3         
    0123456789012345678901234567890123456789
    ────────────────────────────────────────
 0 │# team names                            │
 1 │alpha = "Red Team"                      │ ◂ cursor (1,8)
 2 │beta = "Blue Team"                      │
 3 │gamma = "Green Team"                    │
 4 │~                                       │
 5 │~                                       │
 6 │~                                       │
 7 │~                                       │
 8 │~                                       │
 9 │~                                       │
10 │~                                       │
11 │~                                       │
12 │~                                       │
13 │~                                       │
14 │~                                       │
15 │~                                       │
16 │~                                       │
17 │~                                       │
18 │names.py              2,9            All│
    ────────────────────────────────────────

[KEYS] 'vi"'
[OVERLAY] vi"

              1         2         3         
    0123456789012345678901234567890123456789
    ────────────────────────────────────────
 0 │# team names                            │
 1 │alpha = "Red Team"                      │ ◂ cursor (1,16)
 2 │beta = "Blue Team"                      │
 3 │gamma = "Green Team"                    │
 4 │~                                       │
 5 │~                                       │
 6 │~                                       │
 7 │~                                       │
 8 │~                                       │
 9 │~                                       │
10 │~                                       │
11 │~                                       │
12 │~                                       │
13 │~                                       │
14 │~                                       │
15 │~                                       │
16 │~                                       │
17 │~                                       │
18 │names.py              2,17           All│
19 │-- VISUAL --                 8          │
    ────────────────────────────────────────
[HIGHLIGHT] row 1, cols 9-16: "Red Tea"

[SAY] Capital U to uppercase.
[KEYS] 'U'
[OVERLAY] ⇧U  U — uppercase

              1         2         3         
    0123456789012345678901234567890123456789
    ────────────────────────────────────────
 0 │# team names                            │
 1 │alpha = "RED TEAM"                      │ ◂ cursor (1,9)
 2 │beta = "Blue Team"                      │
 3 │gamma = "Green Team"                    │
 4 │~                                       │
 5 │~                                       │
 6 │~                                       │
 7 │~                                       │
 8 │~                                       │
 9 │~                                       │
10 │~                                       │
11 │~                                       │
12 │~                                       │
13 │~                                       │
14 │~                                       │
15 │~                                       │
16 │~                                       │
17 │~                                       │
18 │names.py [+]          2,10           All│
    ────────────────────────────────────────

[SAY] RED TEAM. All caps.
[KEYS] 'u'
[OVERLAY] u  undo

              1         2         3         
    0123456789012345678901234567890123456789
    ────────────────────────────────────────
 0 │# team names                            │
 1 │alpha = "Red Team"                      │ ◂ cursor (1,9)
 2 │beta = "Blue Team"                      │
 3 │gamma = "Green Team"                    │
 4 │~                                       │
 5 │~                                       │
 6 │~                                       │
 7 │~                                       │
 8 │~                                       │
 9 │~                                       │
10 │~                                       │
11 │~                                       │
12 │~                                       │
13 │~                                       │
14 │~                                       │
15 │~                                       │
16 │~                                       │
17 │~                                       │
18 │names.py              2,10           All│
19 │1 change; be...3 seconds ago            │
    ────────────────────────────────────────

[SAY] Now select Blue Team.
[KEYS] 'jf"'
[OVERLAY] jf"

              1         2         3         
    0123456789012345678901234567890123456789
    ────────────────────────────────────────
 0 │# team names                            │
 1 │alpha = "Red Team"                      │
 2 │beta = "Blue Team"                      │ ◂ cursor (2,17)
 3 │gamma = "Green Team"                    │
 4 │~                                       │
 5 │~                                       │
 6 │~                                       │
 7 │~                                       │
 8 │~                                       │
 9 │~                                       │
10 │~                                       │
11 │~                                       │
12 │~                                       │
13 │~                                       │
14 │~                                       │
15 │~                                       │
16 │~                                       │
17 │~                                       │
18 │names.py              3,18           All│
19 │1 change; be...3 seconds ago            │
    ────────────────────────────────────────

[KEYS] 'vi"'
[OVERLAY] vi"

              1         2         3         
    0123456789012345678901234567890123456789
    ────────────────────────────────────────
 0 │# team names                            │
 1 │alpha = "Red Team"                      │
 2 │beta = "Blue Team"                      │ ◂ cursor (2,16)
 3 │gamma = "Green Team"                    │
 4 │~                                       │
 5 │~                                       │
 6 │~                                       │
 7 │~                                       │
 8 │~                                       │
 9 │~                                       │
10 │~                                       │
11 │~                                       │
12 │~                                       │
13 │~                                       │
14 │~                                       │
15 │~                                       │
16 │~                                       │
17 │~                                       │
18 │names.py              3,17           All│
19 │-- VISUAL --                 9          │
    ────────────────────────────────────────
[HIGHLIGHT] row 2, cols 8-16: "Blue Tea"

[SAY] Lowercase U.
[KEYS] 'u'
[OVERLAY] u  u — lowercase

              1         2         3         
    0123456789012345678901234567890123456789
    ────────────────────────────────────────
 0 │# team names                            │
 1 │alpha = "Red Team"                      │
 2 │beta = "blue team"                      │ ◂ cursor (2,8)
 3 │gamma = "Green Team"                    │
 4 │~                                       │
 5 │~                                       │
 6 │~                                       │
 7 │~                                       │
 8 │~                                       │
 9 │~                                       │
10 │~                                       │
11 │~                                       │
12 │~                                       │
13 │~                                       │
14 │~                                       │
15 │~                                       │
16 │~                                       │
17 │~                                       │
18 │names.py [+]          3,9            All│
    ────────────────────────────────────────

[SAY] blue team. All lowercase.
[KEYS] 'u'
[OVERLAY] u  undo

              1         2         3         
    0123456789012345678901234567890123456789
    ────────────────────────────────────────
 0 │# team names                            │
 1 │alpha = "Red Team"                      │
 2 │beta = "Blue Team"                      │ ◂ cursor (2,8)
 3 │gamma = "Green Team"                    │
 4 │~                                       │
 5 │~                                       │
 6 │~                                       │
 7 │~                                       │
 8 │~                                       │
 9 │~                                       │
10 │~                                       │
11 │~                                       │
12 │~                                       │
13 │~                                       │
14 │~                                       │
15 │~                                       │
16 │~                                       │
17 │~                                       │
18 │names.py              3,9            All│
19 │1 change; be...4 seconds ago            │
    ────────────────────────────────────────

[SAY] Select Green Team. Tilde to toggle.
[KEYS] 'jf"'
[OVERLAY] jf"

              1         2         3         
    0123456789012345678901234567890123456789
    ────────────────────────────────────────
 0 │# team names                            │
 1 │alpha = "Red Team"                      │
 2 │beta = "Blue Team"                      │
 3 │gamma = "Green Team"                    │ ◂ cursor (3,19)
 4 │~                                       │
 5 │~                                       │
 6 │~                                       │
 7 │~                                       │
 8 │~                                       │
 9 │~                                       │
10 │~                                       │
11 │~                                       │
12 │~                                       │
13 │~                                       │
14 │~                                       │
15 │~                                       │
16 │~                                       │
17 │~                                       │
18 │names.py              4,20           All│
19 │1 change; be...4 seconds ago            │
    ────────────────────────────────────────

[KEYS] 'vi"'
[OVERLAY] vi"

              1         2         3         
    0123456789012345678901234567890123456789
    ────────────────────────────────────────
 0 │# team names                            │
 1 │alpha = "Red Team"                      │
 2 │beta = "Blue Team"                      │
 3 │gamma = "Green Team"                    │ ◂ cursor (3,18)
 4 │~                                       │
 5 │~                                       │
 6 │~                                       │
 7 │~                                       │
 8 │~                                       │
 9 │~                                       │
10 │~                                       │
11 │~                                       │
12 │~                                       │
13 │~                                       │
14 │~                                       │
15 │~                                       │
16 │~                                       │
17 │~                                       │
18 │names.py              4,19           All│
19 │-- VISUAL --                 10         │
    ────────────────────────────────────────
[HIGHLIGHT] row 3, cols 9-18: "Green Tea"

[KEYS] '~'
[OVERLAY] ⇧~  ~ — toggle case

              1         2         3         
    0123456789012345678901234567890123456789
    ────────────────────────────────────────
 0 │# team names                            │
 1 │alpha = "Red Team"                      │
 2 │beta = "Blue Team"                      │
 3 │gamma = "gREEN tEAM"                    │ ◂ cursor (3,9)
 4 │~                                       │
 5 │~                                       │
 6 │~                                       │
 7 │~                                       │
 8 │~                                       │
 9 │~                                       │
10 │~                                       │
11 │~                                       │
12 │~                                       │
13 │~                                       │
14 │~                                       │
15 │~                                       │
16 │~                                       │
17 │~                                       │
18 │names.py [+]          4,10           All│
    ────────────────────────────────────────

[SAY] G became lowercase, R E E N became uppercase. Every character flipped.
[KEYS] 'u'
[OVERLAY] u  undo

              1         2         3         
    0123456789012345678901234567890123456789
    ────────────────────────────────────────
 0 │# team names                            │
 1 │alpha = "Red Team"                      │
 2 │beta = "Blue Team"                      │
 3 │gamma = "Green Team"                    │ ◂ cursor (3,9)
 4 │~                                       │
 5 │~                                       │
 6 │~                                       │
 7 │~                                       │
 8 │~                                       │
 9 │~                                       │
10 │~                                       │
11 │~                                       │
12 │~                                       │
13 │~                                       │
14 │~                                       │
15 │~                                       │
16 │~                                       │
17 │~                                       │
18 │names.py              4,10           All│
19 │1 change; be...6 seconds ago            │
    ────────────────────────────────────────

[SAY] U for uppercase. Lowercase U for lowercase. Tilde to toggle. Three case tools in visual mode.