[RECORDING_START] Screen state at recording start:

              1         2         3         
    0123456789012345678901234567890123456789
    ────────────────────────────────────────
 0 │x = 1                                   │ ◂ cursor (0,0)
 1 │y = 2                                   │
 2 │z = 3                                   │
 3 │~                                       │
 4 │~                                       │
 5 │~                                       │
 6 │~                                       │
 7 │~                                       │
 8 │~                                       │
 9 │~                                       │
10 │~                                       │
11 │~                                       │
12 │~                                       │
13 │~                                       │
14 │~                                       │
15 │~                                       │
16 │~                                       │
17 │~                                       │
18 │task.py               1,1            All│
    ────────────────────────────────────────

[OVERLAY] VimFu — Change Entire Line
[SAY] C C clears the whole line and drops you in insert mode.
[SAY] Let's rewrite line one.
[KEYS] 'c'
[OVERLAY] c  change

              1         2         3         
    0123456789012345678901234567890123456789
    ────────────────────────────────────────
 0 │x = 1                                   │ ◂ cursor (0,0)
 1 │y = 2                                   │
 2 │z = 3                                   │
 3 │~                                       │
 4 │~                                       │
 5 │~                                       │
 6 │~                                       │
 7 │~                                       │
 8 │~                                       │
 9 │~                                       │
10 │~                                       │
11 │~                                       │
12 │~                                       │
13 │~                                       │
14 │~                                       │
15 │~                                       │
16 │~                                       │
17 │~                                       │
18 │task.py               1,1            All│
19 │                             c          │
    ────────────────────────────────────────

[KEYS] 'c'
[OVERLAY] c  change line

              1         2         3         
    0123456789012345678901234567890123456789
    ────────────────────────────────────────
 0 │                                        │ ◂ cursor (0,0)
 1 │y = 2                                   │
 2 │z = 3                                   │
 3 │~                                       │
 4 │~                                       │
 5 │~                                       │
 6 │~                                       │
 7 │~                                       │
 8 │~                                       │
 9 │~                                       │
10 │~                                       │
11 │~                                       │
12 │~                                       │
13 │~                                       │
14 │~                                       │
15 │~                                       │
16 │~                                       │
17 │~                                       │
18 │task.py [+]           1,1            All│
19 │-- INSERT --                            │
    ────────────────────────────────────────

[TYPE] 'name = "vim"'

              1         2         3         
    0123456789012345678901234567890123456789
    ────────────────────────────────────────
 0 │name = "vim"                            │ ◂ cursor (0,12)
 1 │y = 2                                   │
 2 │z = 3                                   │
 3 │~                                       │
 4 │~                                       │
 5 │~                                       │
 6 │~                                       │
 7 │~                                       │
 8 │~                                       │
 9 │~                                       │
10 │~                                       │
11 │~                                       │
12 │~                                       │
13 │~                                       │
14 │~                                       │
15 │~                                       │
16 │~                                       │
17 │~                                       │
18 │task.py [+]           1,13           All│
19 │-- INSERT --                            │
    ────────────────────────────────────────

[ESCAPE]

              1         2         3         
    0123456789012345678901234567890123456789
    ────────────────────────────────────────
 0 │name = "vim"                            │ ◂ cursor (0,11)
 1 │y = 2                                   │
 2 │z = 3                                   │
 3 │~                                       │
 4 │~                                       │
 5 │~                                       │
 6 │~                                       │
 7 │~                                       │
 8 │~                                       │
 9 │~                                       │
10 │~                                       │
11 │~                                       │
12 │~                                       │
13 │~                                       │
14 │~                                       │
15 │~                                       │
16 │~                                       │
17 │~                                       │
18 │task.py [+]           1,12           All│
    ────────────────────────────────────────

[SAY] The old line is gone. The new one is in its place.
[SAY] Line two.
[KEYS] 'j'
[OVERLAY] j  down

              1         2         3         
    0123456789012345678901234567890123456789
    ────────────────────────────────────────
 0 │name = "vim"                            │
 1 │y = 2                                   │ ◂ cursor (1,4)
 2 │z = 3                                   │
 3 │~                                       │
 4 │~                                       │
 5 │~                                       │
 6 │~                                       │
 7 │~                                       │
 8 │~                                       │
 9 │~                                       │
10 │~                                       │
11 │~                                       │
12 │~                                       │
13 │~                                       │
14 │~                                       │
15 │~                                       │
16 │~                                       │
17 │~                                       │
18 │task.py [+]           2,5            All│
    ────────────────────────────────────────

[KEYS] 'c'
[OVERLAY] c  change

              1         2         3         
    0123456789012345678901234567890123456789
    ────────────────────────────────────────
 0 │name = "vim"                            │
 1 │y = 2                                   │ ◂ cursor (1,4)
 2 │z = 3                                   │
 3 │~                                       │
 4 │~                                       │
 5 │~                                       │
 6 │~                                       │
 7 │~                                       │
 8 │~                                       │
 9 │~                                       │
10 │~                                       │
11 │~                                       │
12 │~                                       │
13 │~                                       │
14 │~                                       │
15 │~                                       │
16 │~                                       │
17 │~                                       │
18 │task.py [+]           2,5            All│
19 │                             c          │
    ────────────────────────────────────────

[KEYS] 'c'
[OVERLAY] c  change line

              1         2         3         
    0123456789012345678901234567890123456789
    ────────────────────────────────────────
 0 │name = "vim"                            │
 1 │                                        │ ◂ cursor (1,0)
 2 │z = 3                                   │
 3 │~                                       │
 4 │~                                       │
 5 │~                                       │
 6 │~                                       │
 7 │~                                       │
 8 │~                                       │
 9 │~                                       │
10 │~                                       │
11 │~                                       │
12 │~                                       │
13 │~                                       │
14 │~                                       │
15 │~                                       │
16 │~                                       │
17 │~                                       │
18 │task.py [+]           2,1            All│
19 │-- INSERT --                            │
    ────────────────────────────────────────

[TYPE] 'version = 2'

              1         2         3         
    0123456789012345678901234567890123456789
    ────────────────────────────────────────
 0 │name = "vim"                            │
 1 │version = 2                             │ ◂ cursor (1,11)
 2 │z = 3                                   │
 3 │~                                       │
 4 │~                                       │
 5 │~                                       │
 6 │~                                       │
 7 │~                                       │
 8 │~                                       │
 9 │~                                       │
10 │~                                       │
11 │~                                       │
12 │~                                       │
13 │~                                       │
14 │~                                       │
15 │~                                       │
16 │~                                       │
17 │~                                       │
18 │task.py [+]           2,12           All│
19 │-- INSERT --                            │
    ────────────────────────────────────────

[ESCAPE]

              1         2         3         
    0123456789012345678901234567890123456789
    ────────────────────────────────────────
 0 │name = "vim"                            │
 1 │version = 2                             │ ◂ cursor (1,10)
 2 │z = 3                                   │
 3 │~                                       │
 4 │~                                       │
 5 │~                                       │
 6 │~                                       │
 7 │~                                       │
 8 │~                                       │
 9 │~                                       │
10 │~                                       │
11 │~                                       │
12 │~                                       │
13 │~                                       │
14 │~                                       │
15 │~                                       │
16 │~                                       │
17 │~                                       │
18 │task.py [+]           2,11           All│
    ────────────────────────────────────────

[SAY] C C wipes the content but keeps the line.
[SAY] Capital S does the same thing. One key instead of two.
[KEYS] 'j'
[OVERLAY] j  down

              1         2         3         
    0123456789012345678901234567890123456789
    ────────────────────────────────────────
 0 │name = "vim"                            │
 1 │version = 2                             │
 2 │z = 3                                   │ ◂ cursor (2,4)
 3 │~                                       │
 4 │~                                       │
 5 │~                                       │
 6 │~                                       │
 7 │~                                       │
 8 │~                                       │
 9 │~                                       │
10 │~                                       │
11 │~                                       │
12 │~                                       │
13 │~                                       │
14 │~                                       │
15 │~                                       │
16 │~                                       │
17 │~                                       │
18 │task.py [+]           3,5            All│
    ────────────────────────────────────────

[KEYS] 'S'
[OVERLAY] ⇧S  substitute line

              1         2         3         
    0123456789012345678901234567890123456789
    ────────────────────────────────────────
 0 │name = "vim"                            │
 1 │version = 2                             │
 2 │                                        │ ◂ cursor (2,0)
 3 │~                                       │
 4 │~                                       │
 5 │~                                       │
 6 │~                                       │
 7 │~                                       │
 8 │~                                       │
 9 │~                                       │
10 │~                                       │
11 │~                                       │
12 │~                                       │
13 │~                                       │
14 │~                                       │
15 │~                                       │
16 │~                                       │
17 │~                                       │
18 │task.py [+]           3,1            All│
19 │-- INSERT --                            │
    ────────────────────────────────────────

[TYPE] 'active = True'

              1         2         3         
    0123456789012345678901234567890123456789
    ────────────────────────────────────────
 0 │name = "vim"                            │
 1 │version = 2                             │
 2 │active = True                           │ ◂ cursor (2,13)
 3 │~                                       │
 4 │~                                       │
 5 │~                                       │
 6 │~                                       │
 7 │~                                       │
 8 │~                                       │
 9 │~                                       │
10 │~                                       │
11 │~                                       │
12 │~                                       │
13 │~                                       │
14 │~                                       │
15 │~                                       │
16 │~                                       │
17 │~                                       │
18 │task.py [+]           3,14           All│
19 │-- INSERT --                            │
    ────────────────────────────────────────

[ESCAPE]

              1         2         3         
    0123456789012345678901234567890123456789
    ────────────────────────────────────────
 0 │name = "vim"                            │
 1 │version = 2                             │
 2 │active = True                           │ ◂ cursor (2,12)
 3 │~                                       │
 4 │~                                       │
 5 │~                                       │
 6 │~                                       │
 7 │~                                       │
 8 │~                                       │
 9 │~                                       │
10 │~                                       │
11 │~                                       │
12 │~                                       │
13 │~                                       │
14 │~                                       │
15 │~                                       │
16 │~                                       │
17 │~                                       │
18 │task.py [+]           3,13           All│
    ────────────────────────────────────────

[SAY] S or C C. Same result. Replace the entire line.
[SAY] C C. Change the whole line.