[RECORDING_START] Screen state at recording start:

              1         2         3         
    0123456789012345678901234567890123456789
    ────────────────────────────────────────
 0 │# Inventory Database                    │ ◂ cursor (0,0)
 1 │weapons = ["flame_sword", "ice_dagger", │
 2 │armor_sets = {"plate": 90, "chain": 60, │
 3 │short = True                            │
 4 │~                                       │
 5 │~                                       │
 6 │~                                       │
 7 │~                                       │
 8 │~                                       │
 9 │~                                       │
10 │~                                       │
11 │~                                       │
12 │~                                       │
13 │~                                       │
14 │~                                       │
15 │~                                       │
16 │~                                       │
17 │~                                       │
18 │wide.py               1,1            All│
    ────────────────────────────────────────

[OVERLAY] VimFu — zH zL — Scroll Half-Screen
[SAY] Capital Z capital H and capital Z capital L scroll half a screen width at a time. Much faster than Z H and Z L.
[SAY] Line two is cut off. Jump to it and scroll right with capital Z capital L.
[KEYS] 'j'
[OVERLAY] j  down

              1         2         3         
    0123456789012345678901234567890123456789
    ────────────────────────────────────────
 0 │# Inventory Database                    │
 1 │weapons = ["flame_sword", "ice_dagger", │ ◂ cursor (1,0)
 2 │armor_sets = {"plate": 90, "chain": 60, │
 3 │short = True                            │
 4 │~                                       │
 5 │~                                       │
 6 │~                                       │
 7 │~                                       │
 8 │~                                       │
 9 │~                                       │
10 │~                                       │
11 │~                                       │
12 │~                                       │
13 │~                                       │
14 │~                                       │
15 │~                                       │
16 │~                                       │
17 │~                                       │
18 │wide.py               2,1            All│
    ────────────────────────────────────────

[KEYS] 'zL'
[OVERLAY] zL  scroll right half-screen

              1         2         3         
    0123456789012345678901234567890123456789
    ────────────────────────────────────────
 0 │                                        │
 1 │ord", "ice_dagger", "thunder_bow", "shad│ ◂ cursor (1,0)
 2 │": 90, "chain": 60, "leather": 30, "clot│
 3 │                                        │
 4 │~                                       │
 5 │~                                       │
 6 │~                                       │
 7 │~                                       │
 8 │~                                       │
 9 │~                                       │
10 │~                                       │
11 │~                                       │
12 │~                                       │
13 │~                                       │
14 │~                                       │
15 │~                                       │
16 │~                                       │
17 │~                                       │
18 │wide.py               2,21           All│
    ────────────────────────────────────────

[SAY] Half a screen width in one shot. Hit it again.
[KEYS] 'zL'
[OVERLAY] zL  scroll right

              1         2         3         
    0123456789012345678901234567890123456789
    ────────────────────────────────────────
 0 │                                        │
 1 │"thunder_bow", "shadow_staff", "holy_mac│ ◂ cursor (1,0)
 2 │"leather": 30, "cloth": 10, "dragon_scal│
 3 │                                        │
 4 │~                                       │
 5 │~                                       │
 6 │~                                       │
 7 │~                                       │
 8 │~                                       │
 9 │~                                       │
10 │~                                       │
11 │~                                       │
12 │~                                       │
13 │~                                       │
14 │~                                       │
15 │~                                       │
16 │~                                       │
17 │~                                       │
18 │wide.py               2,41           All│
    ────────────────────────────────────────

[SAY] Capital Z capital H scrolls back to the left.
[KEYS] 'zH'
[OVERLAY] zH  scroll left half-screen

              1         2         3         
    0123456789012345678901234567890123456789
    ────────────────────────────────────────
 0 │                                        │
 1 │ord", "ice_dagger", "thunder_bow", "shad│ ◂ cursor (1,20)
 2 │": 90, "chain": 60, "leather": 30, "clot│
 3 │                                        │
 4 │~                                       │
 5 │~                                       │
 6 │~                                       │
 7 │~                                       │
 8 │~                                       │
 9 │~                                       │
10 │~                                       │
11 │~                                       │
12 │~                                       │
13 │~                                       │
14 │~                                       │
15 │~                                       │
16 │~                                       │
17 │~                                       │
18 │wide.py               2,41           All│
    ────────────────────────────────────────

[KEYS] 'zH'
[OVERLAY] zH  scroll left

              1         2         3         
    0123456789012345678901234567890123456789
    ────────────────────────────────────────
 0 │# Inventory Database                    │
 1 │weapons = ["flame_sword", "ice_dagger", │ ◂ cursor (1,39)
 2 │armor_sets = {"plate": 90, "chain": 60, │
 3 │short = True                            │
 4 │~                                       │
 5 │~                                       │
 6 │~                                       │
 7 │~                                       │
 8 │~                                       │
 9 │~                                       │
10 │~                                       │
11 │~                                       │
12 │~                                       │
13 │~                                       │
14 │~                                       │
15 │~                                       │
16 │~                                       │
17 │~                                       │
18 │wide.py               2,40           All│
    ────────────────────────────────────────

[SAY] Capital Z capital H and capital Z capital L. Half-screen horizontal scrolling. Perfect for wide files.