[RECORDING_START] Screen state at recording start:

              1         2         3         
    0123456789012345678901234567890123456789
    ────────────────────────────────────────
 0 │➜  vimfu                                │ ◂ cursor (0,9)
    ────────────────────────────────────────

[OVERLAY] VimFu — Opening Vim
[SAY] To open a file in Vim, type nvim followed by the filename.
[SAY] Open rocket dot py.
[TYPE] 'nvim rocket.py'

              1         2         3         
    0123456789012345678901234567890123456789
    ────────────────────────────────────────
 0 │➜  vimfu nvim rocket.py                 │ ◂ cursor (0,23)
    ────────────────────────────────────────

[ENTER]

              1         2         3         
    0123456789012345678901234567890123456789
    ────────────────────────────────────────
 0 │                                        │ ◂ cursor (0,0)
    ────────────────────────────────────────

[SAY] Vim is open. The file contents are on screen. The status bar at the bottom shows the filename.
[SAY] To quit, press Escape, then colon Q, Enter.
[ESCAPE]

              1         2         3         
    0123456789012345678901234567890123456789
    ────────────────────────────────────────
 0 │def launch():                           │ ◂ cursor (0,0)
 1 │    print('3... 2... 1...')             │
 2 │    print('Liftoff!')                   │
 3 │                                        │
 4 │launch()                                │
 5 │~                                       │
 6 │~                                       │
 7 │~                                       │
 8 │~                                       │
 9 │~                                       │
10 │~                                       │
11 │~                                       │
12 │~                                       │
13 │~                                       │
14 │~                                       │
15 │~                                       │
16 │~                                       │
17 │~                                       │
18 │rocket.py             1,1            All│
    ────────────────────────────────────────

[TYPE] ':q'

              1         2         3         
    0123456789012345678901234567890123456789
    ────────────────────────────────────────
 0 │def launch():                           │
 1 │    print('3... 2... 1...')             │
 2 │    print('Liftoff!')                   │
 3 │                                        │
 4 │launch()                                │
 5 │~                                       │
 6 │~                                       │
 7 │~                                       │
 8 │~                                       │
 9 │~                                       │
10 │~                                       │
11 │~                                       │
12 │~                                       │
13 │~                                       │
14 │~                                       │
15 │~                                       │
16 │~                                       │
17 │~                                       │
18 │rocket.py             1,1            All│
19 │:q                                      │ ◂ cursor (19,2)
    ────────────────────────────────────────

[ENTER]

              1         2         3         
    0123456789012345678901234567890123456789
    ────────────────────────────────────────
 0 │def launch():                           │
 1 │    print('3... 2... 1...')             │
 2 │    print('Liftoff!')                   │
 3 │                                        │
 4 │launch()                                │
 5 │~                                       │
 6 │~                                       │
 7 │~                                       │
 8 │~                                       │
 9 │~                                       │
10 │~                                       │
11 │~                                       │
12 │~                                       │
13 │~                                       │
14 │~                                       │
15 │~                                       │
16 │~                                       │
17 │~                                       │
18 │rocket.py             1,1            All│
19 │:q                                      │ ◂ cursor (19,0)
    ────────────────────────────────────────

[SAY] Back at the shell.
[SAY] Open a file that doesn't exist yet. Vim creates it when you save.
[TYPE] 'nvim newfile.py'

              1         2         3         
    0123456789012345678901234567890123456789
    ────────────────────────────────────────
 0 │def launch():                           │
 1 │    print('3... 2... 1...')             │
 2 │    print('Liftoff!')                   │
 3 │                                        │
 4 │launch()                                │
 5 │~                                       │
 6 │~                                       │
 7 │~                                       │
 8 │~                                       │
 9 │~                                       │
10 │~                                       │
11 │~                                       │
12 │~                                       │
13 │~                                       │
14 │~                                       │
15 │~                                       │
16 │~                                       │
17 │~                                       │
18 │rocket.py             1,1            All│
19 │➜  vimfu nvim newfile.py                │ ◂ cursor (19,24)
    ────────────────────────────────────────

[ENTER]

              1         2         3         
    0123456789012345678901234567890123456789
    ────────────────────────────────────────
 0 │                                        │ ◂ cursor (0,0)
    ────────────────────────────────────────

[SAY] Empty buffer. The tildes mark empty lines. Start typing whenever you're ready.
[ESCAPE]

              1         2         3         
    0123456789012345678901234567890123456789
    ────────────────────────────────────────
 0 │                                        │ ◂ cursor (0,0)
 1 │~                                       │
 2 │~                                       │
 3 │~                                       │
 4 │~                                       │
 5 │~                                       │
 6 │~                                       │
 7 │~                                       │
 8 │~                                       │
 9 │~                                       │
10 │~                                       │
11 │~                                       │
12 │~                                       │
13 │~                                       │
14 │~                                       │
15 │~                                       │
16 │~                                       │
17 │~                                       │
18 │newfile.py            0,0-1          All│
    ────────────────────────────────────────

[TYPE] ':q'

              1         2         3         
    0123456789012345678901234567890123456789
    ────────────────────────────────────────
 0 │                                        │
 1 │~                                       │
 2 │~                                       │
 3 │~                                       │
 4 │~                                       │
 5 │~                                       │
 6 │~                                       │
 7 │~                                       │
 8 │~                                       │
 9 │~                                       │
10 │~                                       │
11 │~                                       │
12 │~                                       │
13 │~                                       │
14 │~                                       │
15 │~                                       │
16 │~                                       │
17 │~                                       │
18 │newfile.py            0,0-1          All│
19 │:q                                      │ ◂ cursor (19,2)
    ────────────────────────────────────────

[ENTER]

              1         2         3         
    0123456789012345678901234567890123456789
    ────────────────────────────────────────
 0 │                                        │
 1 │~                                       │
 2 │~                                       │
 3 │~                                       │
 4 │~                                       │
 5 │~                                       │
 6 │~                                       │
 7 │~                                       │
 8 │~                                       │
 9 │~                                       │
10 │~                                       │
11 │~                                       │
12 │~                                       │
13 │~                                       │
14 │~                                       │
15 │~                                       │
16 │~                                       │
17 │~                                       │
18 │newfile.py            0,0-1          All│
19 │:q                                      │ ◂ cursor (19,0)
    ────────────────────────────────────────

[SAY] Nvim to open. Colon Q to quit. That's the beginning of everything.