[RECORDING_START] Screen state at recording start:

              1         2         3         
    0123456789012345678901234567890123456789
    ────────────────────────────────────────
 0 │➜  vimfu                                │ ◂ cursor (0,9)
    ────────────────────────────────────────

[OVERLAY] VimFu — What Is Vim?
[SAY] Vim is a modal text editor.
[SAY] It has two main modes. Normal mode, and insert mode.
[LINE] 'nvim hello.py'

              1         2         3         
    0123456789012345678901234567890123456789
    ────────────────────────────────────────
 0 │➜  vimfu nvim hello.py                  │
    ────────────────────────────────────────

[SAY] Right now we're in normal mode.
[SAY] In normal mode, every key on your keyboard is a command.
[SAY] For example, L moves right.
[KEYS] 'l'
[OVERLAY] l  right

              1         2         3         
    0123456789012345678901234567890123456789
    ────────────────────────────────────────
 0 │import sys                              │ ◂ cursor (0,1)
 1 │                                        │
 2 │def greet(name):                        │
 3 │    print(f"Hello, {name}!")            │
 4 │    return True                         │
 5 │                                        │
 6 │greet("world")                          │
 7 │~                                       │
 8 │~                                       │
 9 │~                                       │
10 │~                                       │
11 │~                                       │
12 │~                                       │
13 │~                                       │
14 │~                                       │
15 │~                                       │
16 │~                                       │
17 │~                                       │
18 │hello.py              1,2            All│
    ────────────────────────────────────────

[KEYS] 'l'
[OVERLAY] l  right

              1         2         3         
    0123456789012345678901234567890123456789
    ────────────────────────────────────────
 0 │import sys                              │ ◂ cursor (0,2)
 1 │                                        │
 2 │def greet(name):                        │
 3 │    print(f"Hello, {name}!")            │
 4 │    return True                         │
 5 │                                        │
 6 │greet("world")                          │
 7 │~                                       │
 8 │~                                       │
 9 │~                                       │
10 │~                                       │
11 │~                                       │
12 │~                                       │
13 │~                                       │
14 │~                                       │
15 │~                                       │
16 │~                                       │
17 │~                                       │
18 │hello.py              1,3            All│
    ────────────────────────────────────────

[KEYS] 'l'
[OVERLAY] l  right

              1         2         3         
    0123456789012345678901234567890123456789
    ────────────────────────────────────────
 0 │import sys                              │ ◂ cursor (0,3)
 1 │                                        │
 2 │def greet(name):                        │
 3 │    print(f"Hello, {name}!")            │
 4 │    return True                         │
 5 │                                        │
 6 │greet("world")                          │
 7 │~                                       │
 8 │~                                       │
 9 │~                                       │
10 │~                                       │
11 │~                                       │
12 │~                                       │
13 │~                                       │
14 │~                                       │
15 │~                                       │
16 │~                                       │
17 │~                                       │
18 │hello.py              1,4            All│
    ────────────────────────────────────────

[KEYS] 'l'
[OVERLAY] l  right

              1         2         3         
    0123456789012345678901234567890123456789
    ────────────────────────────────────────
 0 │import sys                              │ ◂ cursor (0,4)
 1 │                                        │
 2 │def greet(name):                        │
 3 │    print(f"Hello, {name}!")            │
 4 │    return True                         │
 5 │                                        │
 6 │greet("world")                          │
 7 │~                                       │
 8 │~                                       │
 9 │~                                       │
10 │~                                       │
11 │~                                       │
12 │~                                       │
13 │~                                       │
14 │~                                       │
15 │~                                       │
16 │~                                       │
17 │~                                       │
18 │hello.py              1,5            All│
    ────────────────────────────────────────

[SAY] J moves down.
[KEYS] 'j'
[OVERLAY] j  down

              1         2         3         
    0123456789012345678901234567890123456789
    ────────────────────────────────────────
 0 │import sys                              │
 1 │                                        │ ◂ cursor (1,0)
 2 │def greet(name):                        │
 3 │    print(f"Hello, {name}!")            │
 4 │    return True                         │
 5 │                                        │
 6 │greet("world")                          │
 7 │~                                       │
 8 │~                                       │
 9 │~                                       │
10 │~                                       │
11 │~                                       │
12 │~                                       │
13 │~                                       │
14 │~                                       │
15 │~                                       │
16 │~                                       │
17 │~                                       │
18 │hello.py              2,0-1          All│
    ────────────────────────────────────────

[KEYS] 'j'
[OVERLAY] j  down

              1         2         3         
    0123456789012345678901234567890123456789
    ────────────────────────────────────────
 0 │import sys                              │
 1 │                                        │
 2 │def greet(name):                        │ ◂ cursor (2,4)
 3 │    print(f"Hello, {name}!")            │
 4 │    return True                         │
 5 │                                        │
 6 │greet("world")                          │
 7 │~                                       │
 8 │~                                       │
 9 │~                                       │
10 │~                                       │
11 │~                                       │
12 │~                                       │
13 │~                                       │
14 │~                                       │
15 │~                                       │
16 │~                                       │
17 │~                                       │
18 │hello.py              3,5            All│
    ────────────────────────────────────────

[KEYS] 'j'
[OVERLAY] j  down

              1         2         3         
    0123456789012345678901234567890123456789
    ────────────────────────────────────────
 0 │import sys                              │
 1 │                                        │
 2 │def greet(name):                        │
 3 │    print(f"Hello, {name}!")            │ ◂ cursor (3,4)
 4 │    return True                         │
 5 │                                        │
 6 │greet("world")                          │
 7 │~                                       │
 8 │~                                       │
 9 │~                                       │
10 │~                                       │
11 │~                                       │
12 │~                                       │
13 │~                                       │
14 │~                                       │
15 │~                                       │
16 │~                                       │
17 │~                                       │
18 │hello.py              4,5            All│
    ────────────────────────────────────────

[SAY] And H moves left.
[KEYS] 'h'
[OVERLAY] h  left

              1         2         3         
    0123456789012345678901234567890123456789
    ────────────────────────────────────────
 0 │import sys                              │
 1 │                                        │
 2 │def greet(name):                        │
 3 │    print(f"Hello, {name}!")            │ ◂ cursor (3,3)
 4 │    return True                         │
 5 │                                        │
 6 │greet("world")                          │
 7 │~                                       │
 8 │~                                       │
 9 │~                                       │
10 │~                                       │
11 │~                                       │
12 │~                                       │
13 │~                                       │
14 │~                                       │
15 │~                                       │
16 │~                                       │
17 │~                                       │
18 │hello.py              4,4            All│
    ────────────────────────────────────────

[KEYS] 'h'
[OVERLAY] h  left

              1         2         3         
    0123456789012345678901234567890123456789
    ────────────────────────────────────────
 0 │import sys                              │
 1 │                                        │
 2 │def greet(name):                        │
 3 │    print(f"Hello, {name}!")            │ ◂ cursor (3,2)
 4 │    return True                         │
 5 │                                        │
 6 │greet("world")                          │
 7 │~                                       │
 8 │~                                       │
 9 │~                                       │
10 │~                                       │
11 │~                                       │
12 │~                                       │
13 │~                                       │
14 │~                                       │
15 │~                                       │
16 │~                                       │
17 │~                                       │
18 │hello.py              4,3            All│
    ────────────────────────────────────────

[KEYS] 'h'
[OVERLAY] h  left

              1         2         3         
    0123456789012345678901234567890123456789
    ────────────────────────────────────────
 0 │import sys                              │
 1 │                                        │
 2 │def greet(name):                        │
 3 │    print(f"Hello, {name}!")            │ ◂ cursor (3,1)
 4 │    return True                         │
 5 │                                        │
 6 │greet("world")                          │
 7 │~                                       │
 8 │~                                       │
 9 │~                                       │
10 │~                                       │
11 │~                                       │
12 │~                                       │
13 │~                                       │
14 │~                                       │
15 │~                                       │
16 │~                                       │
17 │~                                       │
18 │hello.py              4,2            All│
    ────────────────────────────────────────

[SAY] K moves up.
[KEYS] 'k'
[OVERLAY] k  up

              1         2         3         
    0123456789012345678901234567890123456789
    ────────────────────────────────────────
 0 │import sys                              │
 1 │                                        │
 2 │def greet(name):                        │ ◂ cursor (2,1)
 3 │    print(f"Hello, {name}!")            │
 4 │    return True                         │
 5 │                                        │
 6 │greet("world")                          │
 7 │~                                       │
 8 │~                                       │
 9 │~                                       │
10 │~                                       │
11 │~                                       │
12 │~                                       │
13 │~                                       │
14 │~                                       │
15 │~                                       │
16 │~                                       │
17 │~                                       │
18 │hello.py              3,2            All│
    ────────────────────────────────────────

[KEYS] 'k'
[OVERLAY] k  up

              1         2         3         
    0123456789012345678901234567890123456789
    ────────────────────────────────────────
 0 │import sys                              │
 1 │                                        │ ◂ cursor (1,0)
 2 │def greet(name):                        │
 3 │    print(f"Hello, {name}!")            │
 4 │    return True                         │
 5 │                                        │
 6 │greet("world")                          │
 7 │~                                       │
 8 │~                                       │
 9 │~                                       │
10 │~                                       │
11 │~                                       │
12 │~                                       │
13 │~                                       │
14 │~                                       │
15 │~                                       │
16 │~                                       │
17 │~                                       │
18 │hello.py              2,0-1          All│
    ────────────────────────────────────────

[SAY] No arrow keys needed. H J K L, right on the home row.
[SAY] Press I to enter insert mode. Now keys type text.
[KEYS] 'i'
[OVERLAY] i  insert

              1         2         3         
    0123456789012345678901234567890123456789
    ────────────────────────────────────────
 0 │import sys                              │
 1 │                                        │ ◂ cursor (1,0)
 2 │def greet(name):                        │
 3 │    print(f"Hello, {name}!")            │
 4 │    return True                         │
 5 │                                        │
 6 │greet("world")                          │
 7 │~                                       │
 8 │~                                       │
 9 │~                                       │
10 │~                                       │
11 │~                                       │
12 │~                                       │
13 │~                                       │
14 │~                                       │
15 │~                                       │
16 │~                                       │
17 │~                                       │
18 │hello.py              2,1            All│
19 │-- INSERT --                            │
    ────────────────────────────────────────

[TYPE] '# Vim is modal!'

              1         2         3         
    0123456789012345678901234567890123456789
    ────────────────────────────────────────
 0 │import sys                              │
 1 │# Vim is modal!                         │ ◂ cursor (1,15)
 2 │def greet(name):                        │
 3 │    print(f"Hello, {name}!")            │
 4 │    return True                         │
 5 │                                        │
 6 │greet("world")                          │
 7 │~                                       │
 8 │~                                       │
 9 │~                                       │
10 │~                                       │
11 │~                                       │
12 │~                                       │
13 │~                                       │
14 │~                                       │
15 │~                                       │
16 │~                                       │
17 │~                                       │
18 │hello.py [+]          2,16           All│
19 │-- INSERT --                            │
    ────────────────────────────────────────

[SAY] Press escape to return to normal mode.
[ESCAPE]

              1         2         3         
    0123456789012345678901234567890123456789
    ────────────────────────────────────────
 0 │import sys                              │
 1 │# Vim is modal!                         │ ◂ cursor (1,14)
 2 │def greet(name):                        │
 3 │    print(f"Hello, {name}!")            │
 4 │    return True                         │
 5 │                                        │
 6 │greet("world")                          │
 7 │~                                       │
 8 │~                                       │
 9 │~                                       │
10 │~                                       │
11 │~                                       │
12 │~                                       │
13 │~                                       │
14 │~                                       │
15 │~                                       │
16 │~                                       │
17 │~                                       │
18 │hello.py [+]          2,15           All│
    ────────────────────────────────────────

[SAY] That's the whole idea. Normal mode: keys are commands. Insert mode: keys type text.
[SAY] That's Vim. A modal editor.