[RECORDING_START] Screen state at recording start:

              1         2         3         
    0123456789012345678901234567890123456789
    ────────────────────────────────────────
 0 │# Bookmarks                             │ ◂ cursor (0,0)
 1 │                                        │
 2 │https://neovim.io                       │
 3 │https://vim.org                         │
 4 │https://github.com                      │
 5 │                                        │
 6 │Local: ~/vimfu/links.md                 │
 7 │~                                       │
 8 │~                                       │
 9 │~                                       │
10 │~                                       │
11 │~                                       │
12 │~                                       │
13 │~                                       │
14 │~                                       │
15 │~                                       │
16 │~                                       │
17 │~                                       │
18 │links.md              1,1            All│
    ────────────────────────────────────────

[OVERLAY] VimFu — gx — Open URL or File
[SAY] G X opens whatever the cursor is on — a URL, a file path, anything — using your system's default handler.
[SAY] Cursor on the neovim URL.
[KEYS] '3G0'
[OVERLAY] 3G0  on URL

              1         2         3         
    0123456789012345678901234567890123456789
    ────────────────────────────────────────
 0 │# Bookmarks                             │
 1 │                                        │
 2 │https://neovim.io                       │ ◂ cursor (2,0)
 3 │https://vim.org                         │
 4 │https://github.com                      │
 5 │                                        │
 6 │Local: ~/vimfu/links.md                 │
 7 │~                                       │
 8 │~                                       │
 9 │~                                       │
10 │~                                       │
11 │~                                       │
12 │~                                       │
13 │~                                       │
14 │~                                       │
15 │~                                       │
16 │~                                       │
17 │~                                       │
18 │links.md              3,1            All│
    ────────────────────────────────────────

[SAY] Press G X. On your normal machine, your browser pops open to that page.
[KEYS] 'gx'
[OVERLAY] gx  open URL

              1         2         3         
    0123456789012345678901234567890123456789
    ────────────────────────────────────────
 0 │# Bookmarks                             │
 1 │                                        │
 2 │https://neovim.io                       │ ◂ cursor (2,0)
 3 │https://vim.org                         │
 4 │https://github.com                      │
 5 │                                        │
 6 │Local: ~/vimfu/links.md                 │
 7 │~                                       │
 8 │~                                       │
 9 │~                                       │
10 │~                                       │
11 │~                                       │
12 │~                                       │
13 │~                                       │
14 │~                                       │
15 │~                                       │
16 │~                                       │
17 │~                                       │
18 │links.md              3,1            All│
    ────────────────────────────────────────

[SAY] Quick disclaimer — the recording environment for these videos has no GUI to launch into, so the screen just sits there. On your machine that browser would already be open.
[SAY] G X works the same way on file paths and anything else your system knows how to open — markdown previews, images, PDFs, you name it.
[SAY] G X. Follow a link or open a file without ever leaving Vim.