[RECORDING_START] Screen state at recording start:

              1         2         3         
    0123456789012345678901234567890123456789
    ────────────────────────────────────────
 0 │# Pet Simulator                         │ ◂ cursor (0,0)
 1 │def feed(pet):                          │
 2 │+--  3 lines: pet.hunger -= 20··········│
 3 │                                        │
 4 │def play(pet):                          │
 5 │+--  3 lines: pet.energy -= 15··········│
 6 │                                        │
 7 │def sleep(pet):                         │
 8 │+--  3 lines: pet.energy = 100··········│
 9 │~                                       │
10 │~                                       │
11 │~                                       │
12 │~                                       │
13 │~                                       │
14 │~                                       │
15 │~                                       │
16 │~                                       │
17 │~                                       │
18 │pets.py               1,1            All│
    ────────────────────────────────────────
[HIGHLIGHT] row 2, cols 0-39: "+--  3 lines: pet.hunger -= 20··········"
[HIGHLIGHT] row 5, cols 0-39: "+--  3 lines: pet.energy -= 15··········"
[HIGHLIGHT] row 8, cols 0-39: "+--  3 lines: pet.energy = 100··········"

[OVERLAY] VimFu — za — Toggle Fold
[SAY] Z A toggles a fold. Closed becomes open. Open becomes closed. One key does both.
[SAY] The folds are closed. Toggle the first one open.
[KEYS] '2G'
[OVERLAY] 2G  go to fold

              1         2         3         
    0123456789012345678901234567890123456789
    ────────────────────────────────────────
 0 │# Pet Simulator                         │
 1 │def feed(pet):                          │ ◂ cursor (1,0)
 2 │+--  3 lines: pet.hunger -= 20··········│
 3 │                                        │
 4 │def play(pet):                          │
 5 │+--  3 lines: pet.energy -= 15··········│
 6 │                                        │
 7 │def sleep(pet):                         │
 8 │+--  3 lines: pet.energy = 100··········│
 9 │~                                       │
10 │~                                       │
11 │~                                       │
12 │~                                       │
13 │~                                       │
14 │~                                       │
15 │~                                       │
16 │~                                       │
17 │~                                       │
18 │pets.py               2,1            All│
    ────────────────────────────────────────
[HIGHLIGHT] row 2, cols 0-39: "+--  3 lines: pet.hunger -= 20··········"
[HIGHLIGHT] row 5, cols 0-39: "+--  3 lines: pet.energy -= 15··········"
[HIGHLIGHT] row 8, cols 0-39: "+--  3 lines: pet.energy = 100··········"

[KEYS] 'j'
[OVERLAY] j  down

              1         2         3         
    0123456789012345678901234567890123456789
    ────────────────────────────────────────
 0 │# Pet Simulator                         │
 1 │def feed(pet):                          │
 2 │+--  3 lines: pet.hunger -= 20··········│ ◂ cursor (2,0)
 3 │                                        │
 4 │def play(pet):                          │
 5 │+--  3 lines: pet.energy -= 15··········│
 6 │                                        │
 7 │def sleep(pet):                         │
 8 │+--  3 lines: pet.energy = 100··········│
 9 │~                                       │
10 │~                                       │
11 │~                                       │
12 │~                                       │
13 │~                                       │
14 │~                                       │
15 │~                                       │
16 │~                                       │
17 │~                                       │
18 │pets.py               3,1            All│
    ────────────────────────────────────────
[HIGHLIGHT] row 2, cols 1-39: "--  3 lines: pet.hunger -= 20··········"
[HIGHLIGHT] row 5, cols 0-39: "+--  3 lines: pet.energy -= 15··········"
[HIGHLIGHT] row 8, cols 0-39: "+--  3 lines: pet.energy = 100··········"

[KEYS] 'za'
[OVERLAY] za  toggle open

              1         2         3         
    0123456789012345678901234567890123456789
    ────────────────────────────────────────
 0 │# Pet Simulator                         │
 1 │def feed(pet):                          │
 2 │    pet.hunger -= 20                    │ ◂ cursor (2,0)
 3 │    pet.happy += 10                     │
 4 │    return pet.happy                    │
 5 │                                        │
 6 │def play(pet):                          │
 7 │+--  3 lines: pet.energy -= 15··········│
 8 │                                        │
 9 │def sleep(pet):                         │
10 │+--  3 lines: pet.energy = 100··········│
11 │~                                       │
12 │~                                       │
13 │~                                       │
14 │~                                       │
15 │~                                       │
16 │~                                       │
17 │~                                       │
18 │pets.py               3,1            All│
    ────────────────────────────────────────
[HIGHLIGHT] row 7, cols 0-39: "+--  3 lines: pet.energy -= 15··········"
[HIGHLIGHT] row 10, cols 0-39: "+--  3 lines: pet.energy = 100··········"

[SAY] It opened. Now toggle it again to close.
[KEYS] 'za'
[OVERLAY] za  toggle closed

              1         2         3         
    0123456789012345678901234567890123456789
    ────────────────────────────────────────
 0 │# Pet Simulator                         │
 1 │def feed(pet):                          │
 2 │+--  3 lines: pet.hunger -= 20··········│ ◂ cursor (2,0)
 3 │                                        │
 4 │def play(pet):                          │
 5 │+--  3 lines: pet.energy -= 15··········│
 6 │                                        │
 7 │def sleep(pet):                         │
 8 │+--  3 lines: pet.energy = 100··········│
 9 │~                                       │
10 │~                                       │
11 │~                                       │
12 │~                                       │
13 │~                                       │
14 │~                                       │
15 │~                                       │
16 │~                                       │
17 │~                                       │
18 │pets.py               3,1            All│
    ────────────────────────────────────────
[HIGHLIGHT] row 2, cols 1-39: "--  3 lines: pet.hunger -= 20··········"
[HIGHLIGHT] row 5, cols 0-39: "+--  3 lines: pet.energy -= 15··········"
[HIGHLIGHT] row 8, cols 0-39: "+--  3 lines: pet.energy = 100··········"

[SAY] Closed again. Z A is the easiest way to manage folds.
[SAY] Toggle the last function open.
[KEYS] 'G'
[OVERLAY] ⇧G  last line

              1         2         3         
    0123456789012345678901234567890123456789
    ────────────────────────────────────────
 0 │# Pet Simulator                         │
 1 │def feed(pet):                          │
 2 │+--  3 lines: pet.hunger -= 20··········│
 3 │                                        │
 4 │def play(pet):                          │
 5 │+--  3 lines: pet.energy -= 15··········│
 6 │                                        │
 7 │def sleep(pet):                         │
 8 │+--  3 lines: pet.energy = 100··········│ ◂ cursor (8,0)
 9 │~                                       │
10 │~                                       │
11 │~                                       │
12 │~                                       │
13 │~                                       │
14 │~                                       │
15 │~                                       │
16 │~                                       │
17 │~                                       │
18 │pets.py               15,1           All│
    ────────────────────────────────────────
[HIGHLIGHT] row 2, cols 0-39: "+--  3 lines: pet.hunger -= 20··········"
[HIGHLIGHT] row 5, cols 0-39: "+--  3 lines: pet.energy -= 15··········"
[HIGHLIGHT] row 8, cols 1-39: "--  3 lines: pet.energy = 100··········"

[KEYS] 'za'
[OVERLAY] za  toggle open

              1         2         3         
    0123456789012345678901234567890123456789
    ────────────────────────────────────────
 0 │# Pet Simulator                         │
 1 │def feed(pet):                          │
 2 │+--  3 lines: pet.hunger -= 20··········│
 3 │                                        │
 4 │def play(pet):                          │
 5 │+--  3 lines: pet.energy -= 15··········│
 6 │                                        │
 7 │def sleep(pet):                         │
 8 │    pet.energy = 100                    │
 9 │    pet.hunger += 5                     │
10 │    return pet.energy                   │ ◂ cursor (10,0)
11 │~                                       │
12 │~                                       │
13 │~                                       │
14 │~                                       │
15 │~                                       │
16 │~                                       │
17 │~                                       │
18 │pets.py               15,1           All│
    ────────────────────────────────────────
[HIGHLIGHT] row 2, cols 0-39: "+--  3 lines: pet.hunger -= 20··········"
[HIGHLIGHT] row 5, cols 0-39: "+--  3 lines: pet.energy -= 15··········"

[SAY] Z A. Toggle any fold open or closed. No need to remember Z O and Z C separately.