[RECORDING_START] Screen state at recording start:

              1         2         3         
    0123456789012345678901234567890123456789
    ────────────────────────────────────────
 0 │result = value                          │ ◂ cursor (0,0)
 1 │output = name                           │
 2 │data = items                            │
 3 │~                                       │
 4 │~                                       │
 5 │~                                       │
 6 │~                                       │
 7 │~                                       │
 8 │~                                       │
 9 │~                                       │
10 │~                                       │
11 │~                                       │
12 │~                                       │
13 │~                                       │
14 │~                                       │
15 │~                                       │
16 │~                                       │
17 │~                                       │
18 │func.py               1,1            All│
    ────────────────────────────────────────

[OVERLAY] VimFu — Surround with Function Call
[SAY] Lowercase F as the surround character wraps text in a function call. Type F, then the function name, then enter.
[SAY] Cursor on value. Y S I W, F, then type print and enter.
[KEYS] 'fv'
[OVERLAY] fv

              1         2         3         
    0123456789012345678901234567890123456789
    ────────────────────────────────────────
 0 │result = value                          │ ◂ cursor (0,9)
 1 │output = name                           │
 2 │data = items                            │
 3 │~                                       │
 4 │~                                       │
 5 │~                                       │
 6 │~                                       │
 7 │~                                       │
 8 │~                                       │
 9 │~                                       │
10 │~                                       │
11 │~                                       │
12 │~                                       │
13 │~                                       │
14 │~                                       │
15 │~                                       │
16 │~                                       │
17 │~                                       │
18 │func.py               1,10           All│
    ────────────────────────────────────────

[TYPE] 'ysiwfprint'

              1         2         3         
    0123456789012345678901234567890123456789
    ────────────────────────────────────────
 0 │result = value                          │
 1 │output = name                           │
 2 │data = items                            │
 3 │~                                       │
 4 │~                                       │
 5 │~                                       │
 6 │~                                       │
 7 │~                                       │
 8 │~                                       │
 9 │~                                       │
10 │~                                       │
11 │~                                       │
12 │~                                       │
13 │~                                       │
14 │~                                       │
15 │~                                       │
16 │~                                       │
17 │~                                       │
18 │func.py               1,10           All│
19 │Enter the function name: print          │ ◂ cursor (19,30)
    ────────────────────────────────────────
[HIGHLIGHT] row 0, cols 9-13: "value"

[ENTER]

              1         2         3         
    0123456789012345678901234567890123456789
    ────────────────────────────────────────
 0 │result = print(value)                   │ ◂ cursor (0,9)
 1 │output = name                           │
 2 │data = items                            │
 3 │~                                       │
 4 │~                                       │
 5 │~                                       │
 6 │~                                       │
 7 │~                                       │
 8 │~                                       │
 9 │~                                       │
10 │~                                       │
11 │~                                       │
12 │~                                       │
13 │~                                       │
14 │~                                       │
15 │~                                       │
16 │~                                       │
17 │~                                       │
18 │func.py [+]           1,10           All│
19 │Enter the function name: prin           │
    ────────────────────────────────────────

[SAY] Value became print open paren value close paren. Tight, no spaces.
[KEYS] 'u'
[OVERLAY] u  undo

              1         2         3         
    0123456789012345678901234567890123456789
    ────────────────────────────────────────
 0 │result = value                          │ ◂ cursor (0,9)
 1 │output = name                           │
 2 │data = items                            │
 3 │~                                       │
 4 │~                                       │
 5 │~                                       │
 6 │~                                       │
 7 │~                                       │
 8 │~                                       │
 9 │~                                       │
10 │~                                       │
11 │~                                       │
12 │~                                       │
13 │~                                       │
14 │~                                       │
15 │~                                       │
16 │~                                       │
17 │~                                       │
18 │func.py               1,10           All│
19 │1 change; be...6 seconds ago            │
    ────────────────────────────────────────

[SAY] Line two. Wrap name in len.
[KEYS] 'jfn'
[OVERLAY] jfn

              1         2         3         
    0123456789012345678901234567890123456789
    ────────────────────────────────────────
 0 │result = value                          │
 1 │output = name                           │ ◂ cursor (1,9)
 2 │data = items                            │
 3 │~                                       │
 4 │~                                       │
 5 │~                                       │
 6 │~                                       │
 7 │~                                       │
 8 │~                                       │
 9 │~                                       │
10 │~                                       │
11 │~                                       │
12 │~                                       │
13 │~                                       │
14 │~                                       │
15 │~                                       │
16 │~                                       │
17 │~                                       │
18 │func.py               2,10           All│
19 │1 change; be...6 seconds ago            │
    ────────────────────────────────────────

[TYPE] 'ysiwflen'

              1         2         3         
    0123456789012345678901234567890123456789
    ────────────────────────────────────────
 0 │result = value                          │
 1 │output = name                           │
 2 │data = items                            │
 3 │~                                       │
 4 │~                                       │
 5 │~                                       │
 6 │~                                       │
 7 │~                                       │
 8 │~                                       │
 9 │~                                       │
10 │~                                       │
11 │~                                       │
12 │~                                       │
13 │~                                       │
14 │~                                       │
15 │~                                       │
16 │~                                       │
17 │~                                       │
18 │func.py               2,10           All│
19 │Enter the function name: len            │ ◂ cursor (19,28)
    ────────────────────────────────────────
[HIGHLIGHT] row 1, cols 9-12: "name"

[ENTER]

              1         2         3         
    0123456789012345678901234567890123456789
    ────────────────────────────────────────
 0 │result = value                          │
 1 │output = len(name)                      │ ◂ cursor (1,9)
 2 │data = items                            │
 3 │~                                       │
 4 │~                                       │
 5 │~                                       │
 6 │~                                       │
 7 │~                                       │
 8 │~                                       │
 9 │~                                       │
10 │~                                       │
11 │~                                       │
12 │~                                       │
13 │~                                       │
14 │~                                       │
15 │~                                       │
16 │~                                       │
17 │~                                       │
18 │func.py [+]           2,10           All│
19 │Enter the function name: len            │
    ────────────────────────────────────────

[SAY] Len of name. F wraps in a function call.