[RECORDING_START] Screen state at recording start:

              1         2         3         
    0123456789012345678901234567890123456789
    ────────────────────────────────────────
 0 │let bag: Array<string> = []             │ ◂ cursor (0,0)
 1 │let hp: Map<string, number> = {}        │
 2 │let cb: Promise<boolean> = ok()         │
 3 │~                                       │
 4 │~                                       │
 5 │~                                       │
 6 │~                                       │
 7 │~                                       │
 8 │~                                       │
 9 │~                                       │
10 │~                                       │
11 │~                                       │
12 │~                                       │
13 │~                                       │
14 │~                                       │
15 │~                                       │
16 │~                                       │
17 │~                                       │
18 │types.ts              1,1            All│
    ────────────────────────────────────────

[OVERLAY] VimFu — Inner/Around Angle Brackets
[SAY] Angle bracket text objects work on less-than greater-than pairs. Great for generics and templates.
[SAY] V I angle bracket to select the type parameter.
[KEYS] 'f<'
[OVERLAY] f<

              1         2         3         
    0123456789012345678901234567890123456789
    ────────────────────────────────────────
 0 │let bag: Array<string> = []             │ ◂ cursor (0,14)
 1 │let hp: Map<string, number> = {}        │
 2 │let cb: Promise<boolean> = ok()         │
 3 │~                                       │
 4 │~                                       │
 5 │~                                       │
 6 │~                                       │
 7 │~                                       │
 8 │~                                       │
 9 │~                                       │
10 │~                                       │
11 │~                                       │
12 │~                                       │
13 │~                                       │
14 │~                                       │
15 │~                                       │
16 │~                                       │
17 │~                                       │
18 │types.ts              1,15           All│
    ────────────────────────────────────────

[KEYS] 'vi<'
[OVERLAY] vi<

              1         2         3         
    0123456789012345678901234567890123456789
    ────────────────────────────────────────
 0 │let bag: Array<string> = []             │ ◂ cursor (0,20)
 1 │let hp: Map<string, number> = {}        │
 2 │let cb: Promise<boolean> = ok()         │
 3 │~                                       │
 4 │~                                       │
 5 │~                                       │
 6 │~                                       │
 7 │~                                       │
 8 │~                                       │
 9 │~                                       │
10 │~                                       │
11 │~                                       │
12 │~                                       │
13 │~                                       │
14 │~                                       │
15 │~                                       │
16 │~                                       │
17 │~                                       │
18 │types.ts              1,21           All│
19 │-- VISUAL --                 6          │
    ────────────────────────────────────────
[HIGHLIGHT] row 0, cols 15-20: "strin"

[SAY] Just 'string' selected. Angle brackets untouched. Escape.
[ESCAPE]

              1         2         3         
    0123456789012345678901234567890123456789
    ────────────────────────────────────────
 0 │let bag: Array<string> = []             │ ◂ cursor (0,20)
 1 │let hp: Map<string, number> = {}        │
 2 │let cb: Promise<boolean> = ok()         │
 3 │~                                       │
 4 │~                                       │
 5 │~                                       │
 6 │~                                       │
 7 │~                                       │
 8 │~                                       │
 9 │~                                       │
10 │~                                       │
11 │~                                       │
12 │~                                       │
13 │~                                       │
14 │~                                       │
15 │~                                       │
16 │~                                       │
17 │~                                       │
18 │types.ts              1,21           All│
    ────────────────────────────────────────

[SAY] C I angle bracket to change the type.
[KEYS] 'ci<'
[OVERLAY] ci<  change inner <

              1         2         3         
    0123456789012345678901234567890123456789
    ────────────────────────────────────────
 0 │let bag: Array<> = []                   │ ◂ cursor (0,15)
 1 │let hp: Map<string, number> = {}        │
 2 │let cb: Promise<boolean> = ok()         │
 3 │~                                       │
 4 │~                                       │
 5 │~                                       │
 6 │~                                       │
 7 │~                                       │
 8 │~                                       │
 9 │~                                       │
10 │~                                       │
11 │~                                       │
12 │~                                       │
13 │~                                       │
14 │~                                       │
15 │~                                       │
16 │~                                       │
17 │~                                       │
18 │types.ts [+]          1,16           All│
19 │-- INSERT --                            │
    ────────────────────────────────────────

[TYPE] 'number'

              1         2         3         
    0123456789012345678901234567890123456789
    ────────────────────────────────────────
 0 │let bag: Array<number> = []             │ ◂ cursor (0,21)
 1 │let hp: Map<string, number> = {}        │
 2 │let cb: Promise<boolean> = ok()         │
 3 │~                                       │
 4 │~                                       │
 5 │~                                       │
 6 │~                                       │
 7 │~                                       │
 8 │~                                       │
 9 │~                                       │
10 │~                                       │
11 │~                                       │
12 │~                                       │
13 │~                                       │
14 │~                                       │
15 │~                                       │
16 │~                                       │
17 │~                                       │
18 │types.ts [+]          1,22           All│
19 │-- INSERT --                            │
    ────────────────────────────────────────

[ESCAPE]

              1         2         3         
    0123456789012345678901234567890123456789
    ────────────────────────────────────────
 0 │let bag: Array<number> = []             │ ◂ cursor (0,20)
 1 │let hp: Map<string, number> = {}        │
 2 │let cb: Promise<boolean> = ok()         │
 3 │~                                       │
 4 │~                                       │
 5 │~                                       │
 6 │~                                       │
 7 │~                                       │
 8 │~                                       │
 9 │~                                       │
10 │~                                       │
11 │~                                       │
12 │~                                       │
13 │~                                       │
14 │~                                       │
15 │~                                       │
16 │~                                       │
17 │~                                       │
18 │types.ts [+]          1,21           All│
    ────────────────────────────────────────

[SAY] Type swapped. Angle brackets preserved.
[SAY] Undo.
[KEYS] 'u'
[OVERLAY] u  undo

              1         2         3         
    0123456789012345678901234567890123456789
    ────────────────────────────────────────
 0 │let bag: Array<string> = []             │ ◂ cursor (0,15)
 1 │let hp: Map<string, number> = {}        │
 2 │let cb: Promise<boolean> = ok()         │
 3 │~                                       │
 4 │~                                       │
 5 │~                                       │
 6 │~                                       │
 7 │~                                       │
 8 │~                                       │
 9 │~                                       │
10 │~                                       │
11 │~                                       │
12 │~                                       │
13 │~                                       │
14 │~                                       │
15 │~                                       │
16 │~                                       │
17 │~                                       │
18 │types.ts              1,16           All│
19 │1 change; be...5 seconds ago            │
    ────────────────────────────────────────

[SAY] Line two has a Map with two type parameters. C I angle bracket.
[KEYS] 'j'
[OVERLAY] j  down

              1         2         3         
    0123456789012345678901234567890123456789
    ────────────────────────────────────────
 0 │let bag: Array<string> = []             │
 1 │let hp: Map<string, number> = {}        │ ◂ cursor (1,15)
 2 │let cb: Promise<boolean> = ok()         │
 3 │~                                       │
 4 │~                                       │
 5 │~                                       │
 6 │~                                       │
 7 │~                                       │
 8 │~                                       │
 9 │~                                       │
10 │~                                       │
11 │~                                       │
12 │~                                       │
13 │~                                       │
14 │~                                       │
15 │~                                       │
16 │~                                       │
17 │~                                       │
18 │types.ts              2,16           All│
19 │1 change; be...5 seconds ago            │
    ────────────────────────────────────────

[KEYS] '0'
[OVERLAY] 0  line start

              1         2         3         
    0123456789012345678901234567890123456789
    ────────────────────────────────────────
 0 │let bag: Array<string> = []             │
 1 │let hp: Map<string, number> = {}        │ ◂ cursor (1,0)
 2 │let cb: Promise<boolean> = ok()         │
 3 │~                                       │
 4 │~                                       │
 5 │~                                       │
 6 │~                                       │
 7 │~                                       │
 8 │~                                       │
 9 │~                                       │
10 │~                                       │
11 │~                                       │
12 │~                                       │
13 │~                                       │
14 │~                                       │
15 │~                                       │
16 │~                                       │
17 │~                                       │
18 │types.ts              2,1            All│
19 │1 change; be...5 seconds ago            │
    ────────────────────────────────────────

[KEYS] 'f<'
[OVERLAY] f<

              1         2         3         
    0123456789012345678901234567890123456789
    ────────────────────────────────────────
 0 │let bag: Array<string> = []             │
 1 │let hp: Map<string, number> = {}        │ ◂ cursor (1,11)
 2 │let cb: Promise<boolean> = ok()         │
 3 │~                                       │
 4 │~                                       │
 5 │~                                       │
 6 │~                                       │
 7 │~                                       │
 8 │~                                       │
 9 │~                                       │
10 │~                                       │
11 │~                                       │
12 │~                                       │
13 │~                                       │
14 │~                                       │
15 │~                                       │
16 │~                                       │
17 │~                                       │
18 │types.ts              2,12           All│
19 │1 change; be...5 seconds ago            │
    ────────────────────────────────────────

[KEYS] 'ci<'
[OVERLAY] ci<  change inner <

              1         2         3         
    0123456789012345678901234567890123456789
    ────────────────────────────────────────
 0 │let bag: Array<string> = []             │
 1 │let hp: Map<> = {}                      │ ◂ cursor (1,12)
 2 │let cb: Promise<boolean> = ok()         │
 3 │~                                       │
 4 │~                                       │
 5 │~                                       │
 6 │~                                       │
 7 │~                                       │
 8 │~                                       │
 9 │~                                       │
10 │~                                       │
11 │~                                       │
12 │~                                       │
13 │~                                       │
14 │~                                       │
15 │~                                       │
16 │~                                       │
17 │~                                       │
18 │types.ts [+]          2,13           All│
19 │-- INSERT --                            │
    ────────────────────────────────────────

[TYPE] 'number, string'

              1         2         3         
    0123456789012345678901234567890123456789
    ────────────────────────────────────────
 0 │let bag: Array<string> = []             │
 1 │let hp: Map<number, string> = {}        │ ◂ cursor (1,26)
 2 │let cb: Promise<boolean> = ok()         │
 3 │~                                       │
 4 │~                                       │
 5 │~                                       │
 6 │~                                       │
 7 │~                                       │
 8 │~                                       │
 9 │~                                       │
10 │~                                       │
11 │~                                       │
12 │~                                       │
13 │~                                       │
14 │~                                       │
15 │~                                       │
16 │~                                       │
17 │~                                       │
18 │types.ts [+]          2,27           All│
19 │-- INSERT --                            │
    ────────────────────────────────────────

[ESCAPE]

              1         2         3         
    0123456789012345678901234567890123456789
    ────────────────────────────────────────
 0 │let bag: Array<string> = []             │
 1 │let hp: Map<number, string> = {}        │ ◂ cursor (1,25)
 2 │let cb: Promise<boolean> = ok()         │
 3 │~                                       │
 4 │~                                       │
 5 │~                                       │
 6 │~                                       │
 7 │~                                       │
 8 │~                                       │
 9 │~                                       │
10 │~                                       │
11 │~                                       │
12 │~                                       │
13 │~                                       │
14 │~                                       │
15 │~                                       │
16 │~                                       │
17 │~                                       │
18 │types.ts [+]          2,26           All│
    ────────────────────────────────────────

[SAY] Both parameters replaced in one stroke.
[SAY] Undo.
[KEYS] 'u'
[OVERLAY] u  undo

              1         2         3         
    0123456789012345678901234567890123456789
    ────────────────────────────────────────
 0 │let bag: Array<string> = []             │
 1 │let hp: Map<string, number> = {}        │ ◂ cursor (1,12)
 2 │let cb: Promise<boolean> = ok()         │
 3 │~                                       │
 4 │~                                       │
 5 │~                                       │
 6 │~                                       │
 7 │~                                       │
 8 │~                                       │
 9 │~                                       │
10 │~                                       │
11 │~                                       │
12 │~                                       │
13 │~                                       │
14 │~                                       │
15 │~                                       │
16 │~                                       │
17 │~                                       │
18 │types.ts              2,13           All│
19 │1 change; be...6 seconds ago            │
    ────────────────────────────────────────

[SAY] D A angle bracket to delete the angle brackets too.
[KEYS] 'j'
[OVERLAY] j  down

              1         2         3         
    0123456789012345678901234567890123456789
    ────────────────────────────────────────
 0 │let bag: Array<string> = []             │
 1 │let hp: Map<string, number> = {}        │
 2 │let cb: Promise<boolean> = ok()         │ ◂ cursor (2,12)
 3 │~                                       │
 4 │~                                       │
 5 │~                                       │
 6 │~                                       │
 7 │~                                       │
 8 │~                                       │
 9 │~                                       │
10 │~                                       │
11 │~                                       │
12 │~                                       │
13 │~                                       │
14 │~                                       │
15 │~                                       │
16 │~                                       │
17 │~                                       │
18 │types.ts              3,13           All│
19 │1 change; be...6 seconds ago            │
    ────────────────────────────────────────

[KEYS] '0'
[OVERLAY] 0  line start

              1         2         3         
    0123456789012345678901234567890123456789
    ────────────────────────────────────────
 0 │let bag: Array<string> = []             │
 1 │let hp: Map<string, number> = {}        │
 2 │let cb: Promise<boolean> = ok()         │ ◂ cursor (2,0)
 3 │~                                       │
 4 │~                                       │
 5 │~                                       │
 6 │~                                       │
 7 │~                                       │
 8 │~                                       │
 9 │~                                       │
10 │~                                       │
11 │~                                       │
12 │~                                       │
13 │~                                       │
14 │~                                       │
15 │~                                       │
16 │~                                       │
17 │~                                       │
18 │types.ts              3,1            All│
19 │1 change; be...6 seconds ago            │
    ────────────────────────────────────────

[KEYS] 'f<'
[OVERLAY] f<

              1         2         3         
    0123456789012345678901234567890123456789
    ────────────────────────────────────────
 0 │let bag: Array<string> = []             │
 1 │let hp: Map<string, number> = {}        │
 2 │let cb: Promise<boolean> = ok()         │ ◂ cursor (2,15)
 3 │~                                       │
 4 │~                                       │
 5 │~                                       │
 6 │~                                       │
 7 │~                                       │
 8 │~                                       │
 9 │~                                       │
10 │~                                       │
11 │~                                       │
12 │~                                       │
13 │~                                       │
14 │~                                       │
15 │~                                       │
16 │~                                       │
17 │~                                       │
18 │types.ts              3,16           All│
19 │1 change; be...6 seconds ago            │
    ────────────────────────────────────────

[KEYS] 'da<'
[OVERLAY] da<  delete around <

              1         2         3         
    0123456789012345678901234567890123456789
    ────────────────────────────────────────
 0 │let bag: Array<string> = []             │
 1 │let hp: Map<string, number> = {}        │
 2 │let cb: Promise = ok()                  │ ◂ cursor (2,15)
 3 │~                                       │
 4 │~                                       │
 5 │~                                       │
 6 │~                                       │
 7 │~                                       │
 8 │~                                       │
 9 │~                                       │
10 │~                                       │
11 │~                                       │
12 │~                                       │
13 │~                                       │
14 │~                                       │
15 │~                                       │
16 │~                                       │
17 │~                                       │
18 │types.ts [+]          3,16           All│
19 │1 change; be...6 seconds ago            │
    ────────────────────────────────────────

[SAY] Type annotation, gone.
[SAY] Undo.
[KEYS] 'u'
[OVERLAY] u  undo

              1         2         3         
    0123456789012345678901234567890123456789
    ────────────────────────────────────────
 0 │let bag: Array<string> = []             │
 1 │let hp: Map<string, number> = {}        │
 2 │let cb: Promise<boolean> = ok()         │ ◂ cursor (2,15)
 3 │~                                       │
 4 │~                                       │
 5 │~                                       │
 6 │~                                       │
 7 │~                                       │
 8 │~                                       │
 9 │~                                       │
10 │~                                       │
11 │~                                       │
12 │~                                       │
13 │~                                       │
14 │~                                       │
15 │~                                       │
16 │~                                       │
17 │~                                       │
18 │types.ts              3,16           All│
19 │1 change; be...3 seconds ago            │
    ────────────────────────────────────────

[SAY] Angle brackets complete the bracket family. Parens, braces, brackets, angles. Same I and A pattern for all of them.