[RECORDING_START] Screen state at recording start:

              1         2         3         
    0123456789012345678901234567890123456789
    ────────────────────────────────────────
 0 │def show_menu():                        │ ◂ cursor (0,0)
 1 │        title = "Main Menu"             │
 2 │        play = "Start"                  │
 3 │        quit = "Exit"                   │
 4 │        print(title)                    │
 5 │                                        │
 6 │def pick_option(n):                     │
 7 │        item = menu[n]                  │
 8 │        print(item)                     │
 9 │        return item                     │
10 │~                                       │
11 │~                                       │
12 │~                                       │
13 │~                                       │
14 │~                                       │
15 │~                                       │
16 │~                                       │
17 │~                                       │
18 │menu.py               1,1            All│
    ────────────────────────────────────────

[OVERLAY] VimFu — Unindent Lines
[SAY] Less than, less than. Removes one level of indentation.
[SAY] These function bodies are indented too far. Eight spaces instead of four.
[KEYS] 'j'
[OVERLAY] j

              1         2         3         
    0123456789012345678901234567890123456789
    ────────────────────────────────────────
 0 │def show_menu():                        │
 1 │        title = "Main Menu"             │ ◂ cursor (1,0)
 2 │        play = "Start"                  │
 3 │        quit = "Exit"                   │
 4 │        print(title)                    │
 5 │                                        │
 6 │def pick_option(n):                     │
 7 │        item = menu[n]                  │
 8 │        print(item)                     │
 9 │        return item                     │
10 │~                                       │
11 │~                                       │
12 │~                                       │
13 │~                                       │
14 │~                                       │
15 │~                                       │
16 │~                                       │
17 │~                                       │
18 │menu.py               2,1            All│
    ────────────────────────────────────────

[KEYS] '<<'
[OVERLAY] <<  unindent line

              1         2         3         
    0123456789012345678901234567890123456789
    ────────────────────────────────────────
 0 │def show_menu():                        │
 1 │    title = "Main Menu"                 │ ◂ cursor (1,0)
 2 │        play = "Start"                  │
 3 │        quit = "Exit"                   │
 4 │        print(title)                    │
 5 │                                        │
 6 │def pick_option(n):                     │
 7 │        item = menu[n]                  │
 8 │        print(item)                     │
 9 │        return item                     │
10 │~                                       │
11 │~                                       │
12 │~                                       │
13 │~                                       │
14 │~                                       │
15 │~                                       │
16 │~                                       │
17 │~                                       │
18 │menu.py [+]           2,1            All│
    ────────────────────────────────────────

[SAY] One level removed. Four spaces now.
[KEYS] 'j'
[OVERLAY] j

              1         2         3         
    0123456789012345678901234567890123456789
    ────────────────────────────────────────
 0 │def show_menu():                        │
 1 │    title = "Main Menu"                 │
 2 │        play = "Start"                  │ ◂ cursor (2,0)
 3 │        quit = "Exit"                   │
 4 │        print(title)                    │
 5 │                                        │
 6 │def pick_option(n):                     │
 7 │        item = menu[n]                  │
 8 │        print(item)                     │
 9 │        return item                     │
10 │~                                       │
11 │~                                       │
12 │~                                       │
13 │~                                       │
14 │~                                       │
15 │~                                       │
16 │~                                       │
17 │~                                       │
18 │menu.py [+]           3,1            All│
    ────────────────────────────────────────

[KEYS] '<<'
[OVERLAY] <<  unindent line

              1         2         3         
    0123456789012345678901234567890123456789
    ────────────────────────────────────────
 0 │def show_menu():                        │
 1 │    title = "Main Menu"                 │
 2 │    play = "Start"                      │ ◂ cursor (2,0)
 3 │        quit = "Exit"                   │
 4 │        print(title)                    │
 5 │                                        │
 6 │def pick_option(n):                     │
 7 │        item = menu[n]                  │
 8 │        print(item)                     │
 9 │        return item                     │
10 │~                                       │
11 │~                                       │
12 │~                                       │
13 │~                                       │
14 │~                                       │
15 │~                                       │
16 │~                                       │
17 │~                                       │
18 │menu.py [+]           3,1            All│
    ────────────────────────────────────────

[SAY] Again.
[SAY] Two more. Two less-than less-than.
[KEYS] 'j'
[OVERLAY] j

              1         2         3         
    0123456789012345678901234567890123456789
    ────────────────────────────────────────
 0 │def show_menu():                        │
 1 │    title = "Main Menu"                 │
 2 │    play = "Start"                      │
 3 │        quit = "Exit"                   │ ◂ cursor (3,0)
 4 │        print(title)                    │
 5 │                                        │
 6 │def pick_option(n):                     │
 7 │        item = menu[n]                  │
 8 │        print(item)                     │
 9 │        return item                     │
10 │~                                       │
11 │~                                       │
12 │~                                       │
13 │~                                       │
14 │~                                       │
15 │~                                       │
16 │~                                       │
17 │~                                       │
18 │menu.py [+]           4,1            All│
    ────────────────────────────────────────

[KEYS] '2<<'
[OVERLAY] 2<<  unindent 2 lines

              1         2         3         
    0123456789012345678901234567890123456789
    ────────────────────────────────────────
 0 │def show_menu():                        │
 1 │    title = "Main Menu"                 │
 2 │    play = "Start"                      │
 3 │    quit = "Exit"                       │ ◂ cursor (3,0)
 4 │    print(title)                        │
 5 │                                        │
 6 │def pick_option(n):                     │
 7 │        item = menu[n]                  │
 8 │        print(item)                     │
 9 │        return item                     │
10 │~                                       │
11 │~                                       │
12 │~                                       │
13 │~                                       │
14 │~                                       │
15 │~                                       │
16 │~                                       │
17 │~                                       │
18 │menu.py [+]           4,1            All│
    ────────────────────────────────────────

[SAY] First function fixed.
[SAY] Three lines in the next function. Three less-than less-than.
[KEYS] '4j'
[OVERLAY] 4j

              1         2         3         
    0123456789012345678901234567890123456789
    ────────────────────────────────────────
 0 │def show_menu():                        │
 1 │    title = "Main Menu"                 │
 2 │    play = "Start"                      │
 3 │    quit = "Exit"                       │
 4 │    print(title)                        │
 5 │                                        │
 6 │def pick_option(n):                     │
 7 │        item = menu[n]                  │ ◂ cursor (7,0)
 8 │        print(item)                     │
 9 │        return item                     │
10 │~                                       │
11 │~                                       │
12 │~                                       │
13 │~                                       │
14 │~                                       │
15 │~                                       │
16 │~                                       │
17 │~                                       │
18 │menu.py [+]           8,1            All│
    ────────────────────────────────────────

[KEYS] '3<<'
[OVERLAY] 3<<  unindent 3 lines

              1         2         3         
    0123456789012345678901234567890123456789
    ────────────────────────────────────────
 0 │def show_menu():                        │
 1 │    title = "Main Menu"                 │
 2 │    play = "Start"                      │
 3 │    quit = "Exit"                       │
 4 │    print(title)                        │
 5 │                                        │
 6 │def pick_option(n):                     │
 7 │    item = menu[n]                      │ ◂ cursor (7,0)
 8 │    print(item)                         │
 9 │    return item                         │
10 │~                                       │
11 │~                                       │
12 │~                                       │
13 │~                                       │
14 │~                                       │
15 │~                                       │
16 │~                                       │
17 │~                                       │
18 │menu.py [+]           8,1            All│
19 │3 lines <ed 1 time                      │
    ────────────────────────────────────────

[SAY] Done. Both functions at the right indent level.
[SAY] Less than, less than. The opposite of greater-than greater-than. Add a count for multiple lines.