[RECORDING_START] Screen state at recording start:

              1         2         3         
    0123456789012345678901234567890123456789
    ────────────────────────────────────────
 0 │player = " Kai"                         │ ◂ cursor (0,0)
 1 │hp = 1009                               │
 2 │rank = "x_knight"                       │
 3 │~                                       │
 4 │~                                       │
 5 │~                                       │
 6 │~                                       │
 7 │~                                       │
 8 │~                                       │
 9 │~                                       │
10 │~                                       │
11 │~                                       │
12 │~                                       │
13 │~                                       │
14 │~                                       │
15 │~                                       │
16 │~                                       │
17 │~                                       │
18 │profile.py            1,1            All│
    ────────────────────────────────────────

[OVERLAY] VimFu — The X Key
[SAY] Capital X deletes the character before the cursor. Like backspace in normal mode.
[SAY] Stray space before the name. F K to find it.
[KEYS] 'fK'
[OVERLAY] fK

              1         2         3         
    0123456789012345678901234567890123456789
    ────────────────────────────────────────
 0 │player = " Kai"                         │ ◂ cursor (0,11)
 1 │hp = 1009                               │
 2 │rank = "x_knight"                       │
 3 │~                                       │
 4 │~                                       │
 5 │~                                       │
 6 │~                                       │
 7 │~                                       │
 8 │~                                       │
 9 │~                                       │
10 │~                                       │
11 │~                                       │
12 │~                                       │
13 │~                                       │
14 │~                                       │
15 │~                                       │
16 │~                                       │
17 │~                                       │
18 │profile.py            1,12           All│
    ────────────────────────────────────────

[SAY] Space is behind the cursor. Capital X.
[KEYS] 'X'
[OVERLAY] ⇧X  delete before

              1         2         3         
    0123456789012345678901234567890123456789
    ────────────────────────────────────────
 0 │player = "Kai"                          │ ◂ cursor (0,10)
 1 │hp = 1009                               │
 2 │rank = "x_knight"                       │
 3 │~                                       │
 4 │~                                       │
 5 │~                                       │
 6 │~                                       │
 7 │~                                       │
 8 │~                                       │
 9 │~                                       │
10 │~                                       │
11 │~                                       │
12 │~                                       │
13 │~                                       │
14 │~                                       │
15 │~                                       │
16 │~                                       │
17 │~                                       │
18 │profile.py [+]        1,11           All│
    ────────────────────────────────────────

[SAY] Gone. The space before the cursor, deleted.
[KEYS] 'u'
[OVERLAY] u  undo

              1         2         3         
    0123456789012345678901234567890123456789
    ────────────────────────────────────────
 0 │player = " Kai"                         │ ◂ cursor (0,10)
 1 │hp = 1009                               │
 2 │rank = "x_knight"                       │
 3 │~                                       │
 4 │~                                       │
 5 │~                                       │
 6 │~                                       │
 7 │~                                       │
 8 │~                                       │
 9 │~                                       │
10 │~                                       │
11 │~                                       │
12 │~                                       │
13 │~                                       │
14 │~                                       │
15 │~                                       │
16 │~                                       │
17 │~                                       │
18 │profile.py            1,11           All│
19 │1 change; be...5 seconds ago            │
    ────────────────────────────────────────

[SAY] Extra zero in HP. Jump down.
[KEYS] 'j'
[OVERLAY] j

              1         2         3         
    0123456789012345678901234567890123456789
    ────────────────────────────────────────
 0 │player = " Kai"                         │
 1 │hp = 1009                               │ ◂ cursor (1,8)
 2 │rank = "x_knight"                       │
 3 │~                                       │
 4 │~                                       │
 5 │~                                       │
 6 │~                                       │
 7 │~                                       │
 8 │~                                       │
 9 │~                                       │
10 │~                                       │
11 │~                                       │
12 │~                                       │
13 │~                                       │
14 │~                                       │
15 │~                                       │
16 │~                                       │
17 │~                                       │
18 │profile.py            2,9            All│
19 │1 change; be...5 seconds ago            │
    ────────────────────────────────────────

[SAY] Extra zero is behind the cursor. Capital X.
[KEYS] 'X'
[OVERLAY] ⇧X  delete before

              1         2         3         
    0123456789012345678901234567890123456789
    ────────────────────────────────────────
 0 │player = " Kai"                         │
 1 │hp = 109                                │ ◂ cursor (1,7)
 2 │rank = "x_knight"                       │
 3 │~                                       │
 4 │~                                       │
 5 │~                                       │
 6 │~                                       │
 7 │~                                       │
 8 │~                                       │
 9 │~                                       │
10 │~                                       │
11 │~                                       │
12 │~                                       │
13 │~                                       │
14 │~                                       │
15 │~                                       │
16 │~                                       │
17 │~                                       │
18 │profile.py [+]        2,8            All│
19 │1 change; be...5 seconds ago            │
    ────────────────────────────────────────

[SAY] 1009 to 109.
[KEYS] 'u'
[OVERLAY] u  undo

              1         2         3         
    0123456789012345678901234567890123456789
    ────────────────────────────────────────
 0 │player = " Kai"                         │
 1 │hp = 1009                               │ ◂ cursor (1,7)
 2 │rank = "x_knight"                       │
 3 │~                                       │
 4 │~                                       │
 5 │~                                       │
 6 │~                                       │
 7 │~                                       │
 8 │~                                       │
 9 │~                                       │
10 │~                                       │
11 │~                                       │
12 │~                                       │
13 │~                                       │
14 │~                                       │
15 │~                                       │
16 │~                                       │
17 │~                                       │
18 │profile.py            2,8            All│
19 │1 change; be...5 seconds ago            │
    ────────────────────────────────────────

[SAY] Stray prefix on rank. F K.
[KEYS] 'j'
[OVERLAY] j

              1         2         3         
    0123456789012345678901234567890123456789
    ────────────────────────────────────────
 0 │player = " Kai"                         │
 1 │hp = 1009                               │
 2 │rank = "x_knight"                       │ ◂ cursor (2,7)
 3 │~                                       │
 4 │~                                       │
 5 │~                                       │
 6 │~                                       │
 7 │~                                       │
 8 │~                                       │
 9 │~                                       │
10 │~                                       │
11 │~                                       │
12 │~                                       │
13 │~                                       │
14 │~                                       │
15 │~                                       │
16 │~                                       │
17 │~                                       │
18 │profile.py            3,8            All│
19 │1 change; be...5 seconds ago            │
    ────────────────────────────────────────

[KEYS] 'fk'
[OVERLAY] fk

              1         2         3         
    0123456789012345678901234567890123456789
    ────────────────────────────────────────
 0 │player = " Kai"                         │
 1 │hp = 1009                               │
 2 │rank = "x_knight"                       │ ◂ cursor (2,10)
 3 │~                                       │
 4 │~                                       │
 5 │~                                       │
 6 │~                                       │
 7 │~                                       │
 8 │~                                       │
 9 │~                                       │
10 │~                                       │
11 │~                                       │
12 │~                                       │
13 │~                                       │
14 │~                                       │
15 │~                                       │
16 │~                                       │
17 │~                                       │
18 │profile.py            3,11           All│
19 │1 change; be...5 seconds ago            │
    ────────────────────────────────────────

[SAY] Two junk characters. Two X.
[KEYS] '2X'
[OVERLAY] 2X  delete 2 before

              1         2         3         
    0123456789012345678901234567890123456789
    ────────────────────────────────────────
 0 │player = " Kai"                         │
 1 │hp = 1009                               │
 2 │rank = "knight"                         │ ◂ cursor (2,8)
 3 │~                                       │
 4 │~                                       │
 5 │~                                       │
 6 │~                                       │
 7 │~                                       │
 8 │~                                       │
 9 │~                                       │
10 │~                                       │
11 │~                                       │
12 │~                                       │
13 │~                                       │
14 │~                                       │
15 │~                                       │
16 │~                                       │
17 │~                                       │
18 │profile.py [+]        3,9            All│
19 │1 change; be...5 seconds ago            │
    ────────────────────────────────────────

[SAY] Both gone. X takes a count.
[SAY] Capital X. Delete behind the cursor. When the junk is behind you, X cleans it up.