[RECORDING_START] Screen state at recording start:

              1         2         3         
    0123456789012345678901234567890123456789
    ────────────────────────────────────────
 0 │host = "local"                          │ ◂ cursor (0,0)
 1 │port = 8080                             │
 2 │mode = "debug"                          │
 3 │flag = True                             │
 4 │host = "cloud"                          │
 5 │port = 9090                             │
 6 │mode = "live"                           │
 7 │flag = False                            │
 8 │~                                       │
 9 │~                                       │
10 │~                                       │
11 │~                                       │
12 │~                                       │
13 │~                                       │
14 │~                                       │
15 │~                                       │
16 │~                                       │
17 │~                                       │
18 │config.py             1,1            All│
    ────────────────────────────────────────

[OVERLAY] VimFu — Search Backward
[SAY] Question mark searches backward. The opposite of slash.
[KEYS] 'G'
[OVERLAY] ⇧G  file end

              1         2         3         
    0123456789012345678901234567890123456789
    ────────────────────────────────────────
 0 │host = "local"                          │
 1 │port = 8080                             │
 2 │mode = "debug"                          │
 3 │flag = True                             │
 4 │host = "cloud"                          │
 5 │port = 9090                             │
 6 │mode = "live"                           │
 7 │flag = False                            │ ◂ cursor (7,0)
 8 │~                                       │
 9 │~                                       │
10 │~                                       │
11 │~                                       │
12 │~                                       │
13 │~                                       │
14 │~                                       │
15 │~                                       │
16 │~                                       │
17 │~                                       │
18 │config.py             8,1            All│
    ────────────────────────────────────────

[SAY] We're at the bottom. Let's search backward for mode.
[KEYS] '?'
[OVERLAY] ⇧?  search back

              1         2         3         
    0123456789012345678901234567890123456789
    ────────────────────────────────────────
 0 │host = "local"                          │
 1 │port = 8080                             │
 2 │mode = "debug"                          │
 3 │flag = True                             │
 4 │host = "cloud"                          │
 5 │port = 9090                             │
 6 │mode = "live"                           │
 7 │flag = False                            │
 8 │~                                       │
 9 │~                                       │
10 │~                                       │
11 │~                                       │
12 │~                                       │
13 │~                                       │
14 │~                                       │
15 │~                                       │
16 │~                                       │
17 │~                                       │
18 │config.py             8,1            All│
19 │?                                       │ ◂ cursor (19,1)
    ────────────────────────────────────────

[TYPE] 'mode'

              1         2         3         
    0123456789012345678901234567890123456789
    ────────────────────────────────────────
 0 │host = "local"                          │
 1 │port = 8080                             │
 2 │mode = "debug"                          │
 3 │flag = True                             │
 4 │host = "cloud"                          │
 5 │port = 9090                             │
 6 │mode = "live"                           │
 7 │flag = False                            │
 8 │~                                       │
 9 │~                                       │
10 │~                                       │
11 │~                                       │
12 │~                                       │
13 │~                                       │
14 │~                                       │
15 │~                                       │
16 │~                                       │
17 │~                                       │
18 │config.py             7,1            All│
19 │?mode                                   │ ◂ cursor (19,5)
    ────────────────────────────────────────
[HIGHLIGHT] row 2, cols 0-3: "mode"
[HIGHLIGHT] row 6, cols 0-3: "mode"

[ENTER]

              1         2         3         
    0123456789012345678901234567890123456789
    ────────────────────────────────────────
 0 │host = "local"                          │
 1 │port = 8080                             │
 2 │mode = "debug"                          │
 3 │flag = True                             │
 4 │host = "cloud"                          │
 5 │port = 9090                             │
 6 │mode = "live"                           │ ◂ cursor (6,0)
 7 │flag = False                            │
 8 │~                                       │
 9 │~                                       │
10 │~                                       │
11 │~                                       │
12 │~                                       │
13 │~                                       │
14 │~                                       │
15 │~                                       │
16 │~                                       │
17 │~                                       │
18 │config.py             7,1            All│
19 │?mode                 [2/2]             │
    ────────────────────────────────────────
[HIGHLIGHT] row 2, cols 0-3: "mode"
[HIGHLIGHT] row 6, cols 1-3: "ode"

[SAY] Question mark mode Enter. Jumped up to the nearest match.
[SAY] Search backward for port.
[KEYS] '?'
[OVERLAY] ⇧?  search back

              1         2         3         
    0123456789012345678901234567890123456789
    ────────────────────────────────────────
 0 │host = "local"                          │
 1 │port = 8080                             │
 2 │mode = "debug"                          │
 3 │flag = True                             │
 4 │host = "cloud"                          │
 5 │port = 9090                             │
 6 │mode = "live"                           │
 7 │flag = False                            │
 8 │~                                       │
 9 │~                                       │
10 │~                                       │
11 │~                                       │
12 │~                                       │
13 │~                                       │
14 │~                                       │
15 │~                                       │
16 │~                                       │
17 │~                                       │
18 │config.py             7,1            All│
19 │?                                       │ ◂ cursor (19,1)
    ────────────────────────────────────────
[HIGHLIGHT] row 2, cols 0-3: "mode"
[HIGHLIGHT] row 6, cols 0-3: "mode"

[TYPE] 'port'

              1         2         3         
    0123456789012345678901234567890123456789
    ────────────────────────────────────────
 0 │host = "local"                          │
 1 │port = 8080                             │
 2 │mode = "debug"                          │
 3 │flag = True                             │
 4 │host = "cloud"                          │
 5 │port = 9090                             │
 6 │mode = "live"                           │
 7 │flag = False                            │
 8 │~                                       │
 9 │~                                       │
10 │~                                       │
11 │~                                       │
12 │~                                       │
13 │~                                       │
14 │~                                       │
15 │~                                       │
16 │~                                       │
17 │~                                       │
18 │config.py             6,1            All│
19 │?port                                   │ ◂ cursor (19,5)
    ────────────────────────────────────────
[HIGHLIGHT] row 1, cols 0-3: "port"
[HIGHLIGHT] row 5, cols 0-3: "port"

[ENTER]

              1         2         3         
    0123456789012345678901234567890123456789
    ────────────────────────────────────────
 0 │host = "local"                          │
 1 │port = 8080                             │
 2 │mode = "debug"                          │
 3 │flag = True                             │
 4 │host = "cloud"                          │
 5 │port = 9090                             │ ◂ cursor (5,0)
 6 │mode = "live"                           │
 7 │flag = False                            │
 8 │~                                       │
 9 │~                                       │
10 │~                                       │
11 │~                                       │
12 │~                                       │
13 │~                                       │
14 │~                                       │
15 │~                                       │
16 │~                                       │
17 │~                                       │
18 │config.py             6,1            All│
19 │?port                 [2/2]             │
    ────────────────────────────────────────
[HIGHLIGHT] row 1, cols 0-3: "port"
[HIGHLIGHT] row 5, cols 1-3: "ort"

[SAY] Found port just above. Question mark always searches upward.
[SAY] Search for live. It's below us, but question mark wraps around.
[KEYS] '?'
[OVERLAY] ⇧?  search back

              1         2         3         
    0123456789012345678901234567890123456789
    ────────────────────────────────────────
 0 │host = "local"                          │
 1 │port = 8080                             │
 2 │mode = "debug"                          │
 3 │flag = True                             │
 4 │host = "cloud"                          │
 5 │port = 9090                             │
 6 │mode = "live"                           │
 7 │flag = False                            │
 8 │~                                       │
 9 │~                                       │
10 │~                                       │
11 │~                                       │
12 │~                                       │
13 │~                                       │
14 │~                                       │
15 │~                                       │
16 │~                                       │
17 │~                                       │
18 │config.py             6,1            All│
19 │?                                       │ ◂ cursor (19,1)
    ────────────────────────────────────────
[HIGHLIGHT] row 1, cols 0-3: "port"
[HIGHLIGHT] row 5, cols 0-3: "port"

[TYPE] 'live'

              1         2         3         
    0123456789012345678901234567890123456789
    ────────────────────────────────────────
 0 │host = "local"                          │
 1 │port = 8080                             │
 2 │mode = "debug"                          │
 3 │flag = True                             │
 4 │host = "cloud"                          │
 5 │port = 9090                             │
 6 │mode = "live"                           │
 7 │flag = False                            │
 8 │~                                       │
 9 │~                                       │
10 │~                                       │
11 │~                                       │
12 │~                                       │
13 │~                                       │
14 │~                                       │
15 │~                                       │
16 │~                                       │
17 │~                                       │
18 │config.py             7,9            All│
19 │?live                                   │ ◂ cursor (19,5)
    ────────────────────────────────────────
[HIGHLIGHT] row 6, cols 8-11: "live"

[ENTER]

              1         2         3         
    0123456789012345678901234567890123456789
    ────────────────────────────────────────
 0 │host = "local"                          │
 1 │port = 8080                             │
 2 │mode = "debug"                          │
 3 │flag = True                             │
 4 │host = "cloud"                          │
 5 │port = 9090                             │
 6 │mode = "live"                           │ ◂ cursor (6,8)
 7 │flag = False                            │
 8 │~                                       │
 9 │~                                       │
10 │~                                       │
11 │~                                       │
12 │~                                       │
13 │~                                       │
14 │~                                       │
15 │~                                       │
16 │~                                       │
17 │~                                       │
18 │config.py             7,9            All│
19 │?live               W [1/1]             │
    ────────────────────────────────────────
[HIGHLIGHT] row 6, cols 9-11: "ive"

[SAY] Wrapped around backward through the bottom of the file.
[SAY] Slash to search forward. Question mark to search backward.