[RECORDING_START] Screen state at recording start:

              1         2         3         
    0123456789012345678901234567890123456789
    ────────────────────────────────────────
 0 │return x + y                            │ ◂ cursor (0,0)
 1 │~                                       │
 2 │~                                       │
 3 │~                                       │
 4 │~                                       │
 5 │~                                       │
 6 │~                                       │
 7 │~                                       │
 8 │~                                       │
 9 │~                                       │
10 │~                                       │
11 │~                                       │
12 │~                                       │
13 │~                                       │
14 │~                                       │
15 │~                                       │
16 │~                                       │
17 │~                                       │
18 │wrap.js               1,1            All│
    ────────────────────────────────────────

[OVERLAY] VimFu — ySS — Line on Separate Lines
[SAY] {key:y}{key:S}{key:S} wraps the entire line and puts the content on a separate indented line. Lowercase {key:y}, then two capital {key:S} presses.
[SAY] {key:y}{key:S}{key:S}{key:{}: lowercase {key:y}, capital {key:S}, capital {key:S}, open brace.
[KEYS] 'ySS{'
[OVERLAY] ySS{

              1         2         3         
    0123456789012345678901234567890123456789
    ────────────────────────────────────────
 0 │{                                       │ ◂ cursor (0,0)
 1 │        return x + y                    │
 2 │}                                       │
 3 │~                                       │
 4 │~                                       │
 5 │~                                       │
 6 │~                                       │
 7 │~                                       │
 8 │~                                       │
 9 │~                                       │
10 │~                                       │
11 │~                                       │
12 │~                                       │
13 │~                                       │
14 │~                                       │
15 │~                                       │
16 │~                                       │
17 │~                                       │
18 │wrap.js [+]           1,1            All│
    ────────────────────────────────────────

[SAY] Opening brace on top, content indented in the middle, closing brace below. A proper code block.
[KEYS] 'u'
[OVERLAY] u  undo

              1         2         3         
    0123456789012345678901234567890123456789
    ────────────────────────────────────────
 0 │return x + y                            │ ◂ cursor (0,0)
 1 │~                                       │
 2 │~                                       │
 3 │~                                       │
 4 │~                                       │
 5 │~                                       │
 6 │~                                       │
 7 │~                                       │
 8 │~                                       │
 9 │~                                       │
10 │~                                       │
11 │~                                       │
12 │~                                       │
13 │~                                       │
14 │~                                       │
15 │~                                       │
16 │~                                       │
17 │~                                       │
18 │wrap.js               1,1            All│
19 │2 fewer line...3 seconds ago            │
    ────────────────────────────────────────

[SAY] {key:y}{key:S}{key:S} wraps the line into a block. Great for JavaScript and C style code.