[RECORDING_START] Screen state at recording start:

              1         2         3         
    0123456789012345678901234567890123456789
    ────────────────────────────────────────
 0 │➜  vimfu                                │ ◂ cursor (0,9)
    ────────────────────────────────────────

[OVERLAY] VimFu — Undo
[SAY] You're going to make mistakes. That's fine.
[LINE] 'nvim hello.py'

              1         2         3         
    0123456789012345678901234567890123456789
    ────────────────────────────────────────
 0 │➜  vimfu nvim hello.py                  │
    ────────────────────────────────────────

[SAY] Here's a file with three lines. Let's break it.
[SAY] Delete a line with D D.
[KEYS] 'dd'
[OVERLAY] dd  delete line

              1         2         3         
    0123456789012345678901234567890123456789
    ────────────────────────────────────────
 0 │print("world")                          │ ◂ cursor (0,0)
 1 │print("done")                           │
 2 │~                                       │
 3 │~                                       │
 4 │~                                       │
 5 │~                                       │
 6 │~                                       │
 7 │~                                       │
 8 │~                                       │
 9 │~                                       │
10 │~                                       │
11 │~                                       │
12 │~                                       │
13 │~                                       │
14 │~                                       │
15 │~                                       │
16 │~                                       │
17 │~                                       │
18 │hello.py [+]          1,1            All│
    ────────────────────────────────────────

[SAY] Delete another.
[KEYS] 'dd'
[OVERLAY] dd  delete line

              1         2         3         
    0123456789012345678901234567890123456789
    ────────────────────────────────────────
 0 │print("done")                           │ ◂ cursor (0,0)
 1 │~                                       │
 2 │~                                       │
 3 │~                                       │
 4 │~                                       │
 5 │~                                       │
 6 │~                                       │
 7 │~                                       │
 8 │~                                       │
 9 │~                                       │
10 │~                                       │
11 │~                                       │
12 │~                                       │
13 │~                                       │
14 │~                                       │
15 │~                                       │
16 │~                                       │
17 │~                                       │
18 │hello.py [+]          1,1            All│
    ────────────────────────────────────────

[SAY] Yikes. Two lines gone.
[SAY] Press U to undo.
[KEYS] 'u'
[OVERLAY] u  undo

              1         2         3         
    0123456789012345678901234567890123456789
    ────────────────────────────────────────
 0 │print("world")                          │ ◂ cursor (0,0)
 1 │print("done")                           │
 2 │~                                       │
 3 │~                                       │
 4 │~                                       │
 5 │~                                       │
 6 │~                                       │
 7 │~                                       │
 8 │~                                       │
 9 │~                                       │
10 │~                                       │
11 │~                                       │
12 │~                                       │
13 │~                                       │
14 │~                                       │
15 │~                                       │
16 │~                                       │
17 │~                                       │
18 │hello.py [+]          1,1            All│
19 │1 more line;...6 seconds ago            │
    ────────────────────────────────────────

[SAY] One line is back.
[SAY] U again.
[KEYS] 'u'
[OVERLAY] u  undo

              1         2         3         
    0123456789012345678901234567890123456789
    ────────────────────────────────────────
 0 │print("hello")                          │ ◂ cursor (0,0)
 1 │print("world")                          │
 2 │print("done")                           │
 3 │~                                       │
 4 │~                                       │
 5 │~                                       │
 6 │~                                       │
 7 │~                                       │
 8 │~                                       │
 9 │~                                       │
10 │~                                       │
11 │~                                       │
12 │~                                       │
13 │~                                       │
14 │~                                       │
15 │~                                       │
16 │~                                       │
17 │~                                       │
18 │hello.py              1,1            All│
19 │1 more line;...1 seconds ago            │
    ────────────────────────────────────────

[SAY] Both lines restored. U just walks backwards through your changes.
[SAY] It works for typing too.
[KEYS] 'o'
[OVERLAY] o  open below

              1         2         3         
    0123456789012345678901234567890123456789
    ────────────────────────────────────────
 0 │print("hello")                          │
 1 │                                        │ ◂ cursor (1,0)
 2 │print("world")                          │
 3 │print("done")                           │
 4 │~                                       │
 5 │~                                       │
 6 │~                                       │
 7 │~                                       │
 8 │~                                       │
 9 │~                                       │
10 │~                                       │
11 │~                                       │
12 │~                                       │
13 │~                                       │
14 │~                                       │
15 │~                                       │
16 │~                                       │
17 │~                                       │
18 │hello.py [+]          2,1            All│
19 │-- INSERT --                            │
    ────────────────────────────────────────

[TYPE] 'this is a mistake'

              1         2         3         
    0123456789012345678901234567890123456789
    ────────────────────────────────────────
 0 │print("hello")                          │
 1 │this is a mistake                       │ ◂ cursor (1,17)
 2 │print("world")                          │
 3 │print("done")                           │
 4 │~                                       │
 5 │~                                       │
 6 │~                                       │
 7 │~                                       │
 8 │~                                       │
 9 │~                                       │
10 │~                                       │
11 │~                                       │
12 │~                                       │
13 │~                                       │
14 │~                                       │
15 │~                                       │
16 │~                                       │
17 │~                                       │
18 │hello.py [+]          2,18           All│
19 │-- INSERT --                            │
    ────────────────────────────────────────

[ESCAPE]

              1         2         3         
    0123456789012345678901234567890123456789
    ────────────────────────────────────────
 0 │print("hello")                          │
 1 │this is a mistake                       │ ◂ cursor (1,16)
 2 │print("world")                          │
 3 │print("done")                           │
 4 │~                                       │
 5 │~                                       │
 6 │~                                       │
 7 │~                                       │
 8 │~                                       │
 9 │~                                       │
10 │~                                       │
11 │~                                       │
12 │~                                       │
13 │~                                       │
14 │~                                       │
15 │~                                       │
16 │~                                       │
17 │~                                       │
18 │hello.py [+]          2,17           All│
    ────────────────────────────────────────

[SAY] Undo.
[KEYS] 'u'
[OVERLAY] u  undo

              1         2         3         
    0123456789012345678901234567890123456789
    ────────────────────────────────────────
 0 │print("hello")                          │ ◂ cursor (0,0)
 1 │print("world")                          │
 2 │print("done")                           │
 3 │~                                       │
 4 │~                                       │
 5 │~                                       │
 6 │~                                       │
 7 │~                                       │
 8 │~                                       │
 9 │~                                       │
10 │~                                       │
11 │~                                       │
12 │~                                       │
13 │~                                       │
14 │~                                       │
15 │~                                       │
16 │~                                       │
17 │~                                       │
18 │hello.py              1,1            All│
19 │1 line less;...5 seconds ago            │
    ────────────────────────────────────────

[SAY] Gone. Press U whenever something goes wrong. You can press it as many times as you need.