[RECORDING_START] Screen state at recording start:

              1         2         3         
    0123456789012345678901234567890123456789
    ────────────────────────────────────────
 0 │# Case Flipper                          │ ◂ cursor (0,0)
 1 │name = "Alice"                          │
 2 │MODE = "debug"                          │
 3 │Title = "Hello World"                   │
 4 │print(name)                             │
 5 │~                                       │
 6 │~                                       │
 7 │~                                       │
 8 │~                                       │
 9 │~                                       │
10 │~                                       │
11 │~                                       │
12 │~                                       │
13 │~                                       │
14 │~                                       │
15 │~                                       │
16 │~                                       │
17 │~                                       │
18 │flip.py               1,1            All│
    ────────────────────────────────────────

[OVERLAY] VimFu — g~ — Toggle Case
[SAY] G tilde toggles case. Uppercase becomes lowercase, lowercase becomes uppercase. It's an operator, so give it a motion.
[SAY] Line two. Cursor on Alice. G tilde W.
[KEYS] '2Gf"l'
[OVERLAY] 2Gf"l  on Alice

              1         2         3         
    0123456789012345678901234567890123456789
    ────────────────────────────────────────
 0 │# Case Flipper                          │
 1 │name = "Alice"                          │ ◂ cursor (1,8)
 2 │MODE = "debug"                          │
 3 │Title = "Hello World"                   │
 4 │print(name)                             │
 5 │~                                       │
 6 │~                                       │
 7 │~                                       │
 8 │~                                       │
 9 │~                                       │
10 │~                                       │
11 │~                                       │
12 │~                                       │
13 │~                                       │
14 │~                                       │
15 │~                                       │
16 │~                                       │
17 │~                                       │
18 │flip.py               2,9            All│
    ────────────────────────────────────────

[KEYS] 'g~w'
[OVERLAY] g~w  toggle word

              1         2         3         
    0123456789012345678901234567890123456789
    ────────────────────────────────────────
 0 │# Case Flipper                          │
 1 │name = "aLICE"                          │ ◂ cursor (1,8)
 2 │MODE = "debug"                          │
 3 │Title = "Hello World"                   │
 4 │print(name)                             │
 5 │~                                       │
 6 │~                                       │
 7 │~                                       │
 8 │~                                       │
 9 │~                                       │
10 │~                                       │
11 │~                                       │
12 │~                                       │
13 │~                                       │
14 │~                                       │
15 │~                                       │
16 │~                                       │
17 │~                                       │
18 │flip.py [+]           2,9            All│
    ────────────────────────────────────────

[SAY] Alice became a LICE. Capital A flipped to lowercase, lowercase letters flipped to uppercase.
[SAY] G tilde tilde toggles the whole line.
[KEYS] '3G'
[OVERLAY] 3G  line 3

              1         2         3         
    0123456789012345678901234567890123456789
    ────────────────────────────────────────
 0 │# Case Flipper                          │
 1 │name = "aLICE"                          │
 2 │MODE = "debug"                          │ ◂ cursor (2,8)
 3 │Title = "Hello World"                   │
 4 │print(name)                             │
 5 │~                                       │
 6 │~                                       │
 7 │~                                       │
 8 │~                                       │
 9 │~                                       │
10 │~                                       │
11 │~                                       │
12 │~                                       │
13 │~                                       │
14 │~                                       │
15 │~                                       │
16 │~                                       │
17 │~                                       │
18 │flip.py [+]           3,9            All│
    ────────────────────────────────────────

[KEYS] 'g~~'
[OVERLAY] g~~  toggle line

              1         2         3         
    0123456789012345678901234567890123456789
    ────────────────────────────────────────
 0 │# Case Flipper                          │
 1 │name = "aLICE"                          │
 2 │mode = "DEBUG"                          │ ◂ cursor (2,0)
 3 │Title = "Hello World"                   │
 4 │print(name)                             │
 5 │~                                       │
 6 │~                                       │
 7 │~                                       │
 8 │~                                       │
 9 │~                                       │
10 │~                                       │
11 │~                                       │
12 │~                                       │
13 │~                                       │
14 │~                                       │
15 │~                                       │
16 │~                                       │
17 │~                                       │
18 │flip.py [+]           3,1            All│
    ────────────────────────────────────────

[SAY] MODE was uppercase, now mode is lowercase. Debug was lowercase, now uppercase.
[SAY] And remember, plain tilde without G toggles one character at a time.
[KEYS] '4G0'
[OVERLAY] 4G0  line 4

              1         2         3         
    0123456789012345678901234567890123456789
    ────────────────────────────────────────
 0 │# Case Flipper                          │
 1 │name = "aLICE"                          │
 2 │mode = "DEBUG"                          │
 3 │Title = "Hello World"                   │ ◂ cursor (3,0)
 4 │print(name)                             │
 5 │~                                       │
 6 │~                                       │
 7 │~                                       │
 8 │~                                       │
 9 │~                                       │
10 │~                                       │
11 │~                                       │
12 │~                                       │
13 │~                                       │
14 │~                                       │
15 │~                                       │
16 │~                                       │
17 │~                                       │
18 │flip.py [+]           4,1            All│
    ────────────────────────────────────────

[KEYS] '~'
[OVERLAY] ⇧~  toggle one

              1         2         3         
    0123456789012345678901234567890123456789
    ────────────────────────────────────────
 0 │# Case Flipper                          │
 1 │name = "aLICE"                          │
 2 │mode = "DEBUG"                          │
 3 │title = "Hello World"                   │ ◂ cursor (3,1)
 4 │print(name)                             │
 5 │~                                       │
 6 │~                                       │
 7 │~                                       │
 8 │~                                       │
 9 │~                                       │
10 │~                                       │
11 │~                                       │
12 │~                                       │
13 │~                                       │
14 │~                                       │
15 │~                                       │
16 │~                                       │
17 │~                                       │
18 │flip.py [+]           4,2            All│
    ────────────────────────────────────────

[KEYS] '~'
[OVERLAY] ⇧~  toggle one

              1         2         3         
    0123456789012345678901234567890123456789
    ────────────────────────────────────────
 0 │# Case Flipper                          │
 1 │name = "aLICE"                          │
 2 │mode = "DEBUG"                          │
 3 │tItle = "Hello World"                   │ ◂ cursor (3,2)
 4 │print(name)                             │
 5 │~                                       │
 6 │~                                       │
 7 │~                                       │
 8 │~                                       │
 9 │~                                       │
10 │~                                       │
11 │~                                       │
12 │~                                       │
13 │~                                       │
14 │~                                       │
15 │~                                       │
16 │~                                       │
17 │~                                       │
18 │flip.py [+]           4,3            All│
    ────────────────────────────────────────

[SAY] One character per press.
[SAY] G tilde with a motion. Toggle case across a range. Tilde alone for one character at a time.