[RECORDING_START] Screen state at recording start:

              1         2         3         
    0123456789012345678901234567890123456789
    ────────────────────────────────────────
 0 │  1 void init()                         │ ◂ cursor (0,4)
 1 │  2 {                                   │
 2 │  3     hp = 100;                       │
 3 │  4     mp = 50;                        │
 4 │  5 }                                   │
 5 │  6                                     │
 6 │  7 void attack()                       │
 7 │  8 {                                   │
 8 │  9     damage = 25;                    │
 9 │ 10     apply(damage);                  │
10 │ 11 }                                   │
11 │ 12                                     │
12 │ 13 void defend()                       │
13 │ 14 {                                   │
14 │ 15     shield = 40;                    │
15 │ 16     block(shield);                  │
16 │ 17 }                                   │
17 │ 18                                     │
18 │game.c                1,1            Top│
    ────────────────────────────────────────

[OVERLAY] VimFu — [[ ]] — Sections
[SAY] {key:]]} jumps to the next section. {key:[[} jumps back. A section starts with an open brace in column one.
[SAY] Four C functions. Each opens with a brace on its own line. Jump forward.
[KEYS] ']]'
[OVERLAY] ]]  next section

              1         2         3         
    0123456789012345678901234567890123456789
    ────────────────────────────────────────
 0 │  1 void init()                         │
 1 │  2 {                                   │ ◂ cursor (1,4)
 2 │  3     hp = 100;                       │
 3 │  4     mp = 50;                        │
 4 │  5 }                                   │
 5 │  6                                     │
 6 │  7 void attack()                       │
 7 │  8 {                                   │
 8 │  9     damage = 25;                    │
 9 │ 10     apply(damage);                  │
10 │ 11 }                                   │
11 │ 12                                     │
12 │ 13 void defend()                       │
13 │ 14 {                                   │
14 │ 15     shield = 40;                    │
15 │ 16     block(shield);                  │
16 │ 17 }                                   │
17 │ 18                                     │
18 │game.c                2,1            Top│
    ────────────────────────────────────────

[KEYS] ']]'
[OVERLAY] ]]  next section

              1         2         3         
    0123456789012345678901234567890123456789
    ────────────────────────────────────────
 0 │  1 void init()                         │
 1 │  2 {                                   │
 2 │  3     hp = 100;                       │
 3 │  4     mp = 50;                        │
 4 │  5 }                                   │
 5 │  6                                     │
 6 │  7 void attack()                       │
 7 │  8 {                                   │ ◂ cursor (7,4)
 8 │  9     damage = 25;                    │
 9 │ 10     apply(damage);                  │
10 │ 11 }                                   │
11 │ 12                                     │
12 │ 13 void defend()                       │
13 │ 14 {                                   │
14 │ 15     shield = 40;                    │
15 │ 16     block(shield);                  │
16 │ 17 }                                   │
17 │ 18                                     │
18 │game.c                8,1            Top│
    ────────────────────────────────────────

[KEYS] ']]'
[OVERLAY] ]]  next section

              1         2         3         
    0123456789012345678901234567890123456789
    ────────────────────────────────────────
 0 │  1 void init()                         │
 1 │  2 {                                   │
 2 │  3     hp = 100;                       │
 3 │  4     mp = 50;                        │
 4 │  5 }                                   │
 5 │  6                                     │
 6 │  7 void attack()                       │
 7 │  8 {                                   │
 8 │  9     damage = 25;                    │
 9 │ 10     apply(damage);                  │
10 │ 11 }                                   │
11 │ 12                                     │
12 │ 13 void defend()                       │
13 │ 14 {                                   │ ◂ cursor (13,4)
14 │ 15     shield = 40;                    │
15 │ 16     block(shield);                  │
16 │ 17 }                                   │
17 │ 18                                     │
18 │game.c                14,1           Top│
    ────────────────────────────────────────

[KEYS] ']]'
[OVERLAY] ]]  next section

              1         2         3         
    0123456789012345678901234567890123456789
    ────────────────────────────────────────
 0 │  3     hp = 100;                       │
 1 │  4     mp = 50;                        │
 2 │  5 }                                   │
 3 │  6                                     │
 4 │  7 void attack()                       │
 5 │  8 {                                   │
 6 │  9     damage = 25;                    │
 7 │ 10     apply(damage);                  │
 8 │ 11 }                                   │
 9 │ 12                                     │
10 │ 13 void defend()                       │
11 │ 14 {                                   │
12 │ 15     shield = 40;                    │
13 │ 16     block(shield);                  │
14 │ 17 }                                   │
15 │ 18                                     │
16 │ 19 void heal()                         │
17 │ 20 {                                   │ ◂ cursor (17,4)
18 │game.c                20,1           40%│
    ────────────────────────────────────────

[SAY] Jumped through all four function bodies. Landed on each opening brace.
[SAY] {key:[[} goes back.
[KEYS] '[['
[OVERLAY] [[  prev section

              1         2         3         
    0123456789012345678901234567890123456789
    ────────────────────────────────────────
 0 │  3     hp = 100;                       │
 1 │  4     mp = 50;                        │
 2 │  5 }                                   │
 3 │  6                                     │
 4 │  7 void attack()                       │
 5 │  8 {                                   │
 6 │  9     damage = 25;                    │
 7 │ 10     apply(damage);                  │
 8 │ 11 }                                   │
 9 │ 12                                     │
10 │ 13 void defend()                       │
11 │ 14 {                                   │ ◂ cursor (11,4)
12 │ 15     shield = 40;                    │
13 │ 16     block(shield);                  │
14 │ 17 }                                   │
15 │ 18                                     │
16 │ 19 void heal()                         │
17 │ 20 {                                   │
18 │game.c                14,1           40%│
    ────────────────────────────────────────

[KEYS] '[['
[OVERLAY] [[  prev section

              1         2         3         
    0123456789012345678901234567890123456789
    ────────────────────────────────────────
 0 │  3     hp = 100;                       │
 1 │  4     mp = 50;                        │
 2 │  5 }                                   │
 3 │  6                                     │
 4 │  7 void attack()                       │
 5 │  8 {                                   │ ◂ cursor (5,4)
 6 │  9     damage = 25;                    │
 7 │ 10     apply(damage);                  │
 8 │ 11 }                                   │
 9 │ 12                                     │
10 │ 13 void defend()                       │
11 │ 14 {                                   │
12 │ 15     shield = 40;                    │
13 │ 16     block(shield);                  │
14 │ 17 }                                   │
15 │ 18                                     │
16 │ 19 void heal()                         │
17 │ 20 {                                   │
18 │game.c                8,1            40%│
    ────────────────────────────────────────

[SAY] Back to the second function. Great for navigating C code by function.
[SAY] {key:[[} and {key:]]}. Jump between sections. A section is a brace in column one.