[RECORDING_START] Screen state at recording start:

              1         2         3         
    0123456789012345678901234567890123456789
    ────────────────────────────────────────
 0 │def scan():                             │
 1 │    bots = find_all()                   │
 2 │    for b in bots:                      │
 3 │        b.wake_up()                     │
 4 │    return len(bots)                    │
 5 │➜  vimfu tmux split-window              │
 6 │➜  vimfu                                │ ◂ cursor (6,9)
 7 │                                        │
 8 │                                        │
 9 │────────────────────┬───────────────────│
10 │HUMID 45%   ✓       │✓ boot sequence    │
11 │PRESS 1013  ✓       │✓ motor check      │
12 │LIGHT 820lx ✓       │✓ sensor ping      │
13 │BATT  98%   ✓       │✗ wifi link        │
14 │➜  vimfu tmux split-│3/4 passed         │
15 │window -h           │➜  vimfu tmux selec│
16 │➜  vimfu            │t-pane -t 0        │
17 │                    │➜  vimfu           │
18 │                    │                   │
19 │[0] 0:zsh*       "vimfu" 08:44 21-May-26│
    ────────────────────────────────────────

[OVERLAY] VimFu — Cycle Layouts
[SAY] Control B, Space cycles through preset pane layouts.
[SAY] Three panes. Code, sensors, and test results. Let's rearrange.
[KEYS] '\x02'
[OVERLAY] ⌃b  prefix

              1         2         3         
    0123456789012345678901234567890123456789
    ────────────────────────────────────────
 0 │def scan():                             │
 1 │    bots = find_all()                   │
 2 │    for b in bots:                      │
 3 │        b.wake_up()                     │
 4 │    return len(bots)                    │
 5 │➜  vimfu tmux split-window              │
 6 │➜  vimfu                                │ ◂ cursor (6,9)
 7 │                                        │
 8 │                                        │
 9 │────────────────────┬───────────────────│
10 │HUMID 45%   ✓       │✓ boot sequence    │
11 │PRESS 1013  ✓       │✓ motor check      │
12 │LIGHT 820lx ✓       │✓ sensor ping      │
13 │BATT  98%   ✓       │✗ wifi link        │
14 │➜  vimfu tmux split-│3/4 passed         │
15 │window -h           │➜  vimfu tmux selec│
16 │➜  vimfu            │t-pane -t 0        │
17 │                    │➜  vimfu           │
18 │                    │                   │
19 │[0] 0:zsh*       "vimfu" 08:44 21-May-26│
    ────────────────────────────────────────

[KEYS] ' '
[OVERLAY] ␣  next layout

              1         2         3         
    0123456789012345678901234567890123456789
    ────────────────────────────────────────
 0 │ke_up()     │✓           │✓ motor check │
 1 │    return l│LIGHT 820lx │✓ sensor ping │
 2 │en(bots)    │✓           │✗ wifi link   │
 3 │➜  vimfu tmu│BATT  98%   │3/4 passed    │
 4 │x split-wind│✓           │➜  vimfu tmux │
 5 │ow          │➜  vimfu tmu│selec         │
 6 │➜  vimfu    │x split-wind│t-pane -t 0   │ ◂ cursor (6,9)
 7 │            │ow -h       │➜  vimfu      │
 8 │            │➜  vimfu    │              │
 9 │            │            │              │
10 │            │            │              │
11 │            │            │              │
12 │            │            │              │
13 │            │            │              │
14 │            │            │              │
15 │            │            │              │
16 │            │            │              │
17 │            │            │              │
18 │            │            │              │
19 │[0] 0:zsh*       "vimfu" 08:44 21-May-26│
    ────────────────────────────────────────

[SAY] Different arrangement. Again.
[KEYS] '\x02'
[OVERLAY] ⌃b  prefix

              1         2         3         
    0123456789012345678901234567890123456789
    ────────────────────────────────────────
 0 │ke_up()     │✓           │✓ motor check │
 1 │    return l│LIGHT 820lx │✓ sensor ping │
 2 │en(bots)    │✓           │✗ wifi link   │
 3 │➜  vimfu tmu│BATT  98%   │3/4 passed    │
 4 │x split-wind│✓           │➜  vimfu tmux │
 5 │ow          │➜  vimfu tmu│selec         │
 6 │➜  vimfu    │x split-wind│t-pane -t 0   │ ◂ cursor (6,9)
 7 │            │ow -h       │➜  vimfu      │
 8 │            │➜  vimfu    │              │
 9 │            │            │              │
10 │            │            │              │
11 │            │            │              │
12 │            │            │              │
13 │            │            │              │
14 │            │            │              │
15 │            │            │              │
16 │            │            │              │
17 │            │            │              │
18 │            │            │              │
19 │[0] 0:zsh*       "vimfu" 08:44 21-May-26│
    ────────────────────────────────────────

[KEYS] ' '
[OVERLAY] ␣  next layout

              1         2         3         
    0123456789012345678901234567890123456789
    ────────────────────────────────────────
 0 │    for b in bots:                      │
 1 │        b.wake_up()                     │
 2 │    return len(bots)                    │
 3 │➜  vimfu tmux split-window              │
 4 │➜  vimfu                                │ ◂ cursor (4,9)
 5 │────────────────────────────────────────│
 6 │PRESS 1013  ✓                           │
 7 │LIGHT 820lx ✓                           │
 8 │BATT  98%   ✓                           │
 9 │➜  vimfu tmux split-window -h           │
10 │➜  vimfu                                │
11 │────────────────────────────────────────│
12 │✓ motor check                           │
13 │✓ sensor ping                           │
14 │✗ wifi link                             │
15 │3/4 passed                              │
16 │➜  vimfu tmux selec                     │
17 │t-pane -t 0                             │
18 │➜  vimfu                                │
19 │[0] 0:zsh*       "vimfu" 08:44 21-May-26│
    ────────────────────────────────────────

[SAY] Code gets the big pane now. Nice for editing.
[KEYS] '\x02'
[OVERLAY] ⌃b  prefix

              1         2         3         
    0123456789012345678901234567890123456789
    ────────────────────────────────────────
 0 │    for b in bots:                      │
 1 │        b.wake_up()                     │
 2 │    return len(bots)                    │
 3 │➜  vimfu tmux split-window              │
 4 │➜  vimfu                                │ ◂ cursor (4,9)
 5 │────────────────────────────────────────│
 6 │PRESS 1013  ✓                           │
 7 │LIGHT 820lx ✓                           │
 8 │BATT  98%   ✓                           │
 9 │➜  vimfu tmux split-window -h           │
10 │➜  vimfu                                │
11 │────────────────────────────────────────│
12 │✓ motor check                           │
13 │✓ sensor ping                           │
14 │✗ wifi link                             │
15 │3/4 passed                              │
16 │➜  vimfu tmux selec                     │
17 │t-pane -t 0                             │
18 │➜  vimfu                                │
19 │[0] 0:zsh*       "vimfu" 08:44 21-May-26│
    ────────────────────────────────────────

[KEYS] ' '
[OVERLAY] ␣  next layout

              1         2         3         
    0123456789012345678901234567890123456789
    ────────────────────────────────────────
 0 │                                        │
 1 │➜  vimfu clear && cat code.txt          │
 2 │def scan():                             │
 3 │    bots = find_all()                   │
 4 │    for b in bots:                      │
 5 │        b.wake_up()                     │
 6 │    return len(bots)                    │
 7 │➜  vimfu tmux split-window              │
 8 │➜  vimfu                                │ ◂ cursor (8,9)
 9 │                                        │
10 │                                        │
11 │                                        │
12 │                                        │
13 │                                        │
14 │                                        │
15 │                                        │
16 │                                        │
17 │───────────────────┬────────────────────│
18 │?➜  vimfu          │?➜  vimfu           │
19 │[0] 0:zsh*       "vimfu" 08:44 21-May-26│
    ────────────────────────────────────────

[SAY] Keep going. Five layouts total.
[KEYS] '\x02'
[OVERLAY] ⌃b  prefix

              1         2         3         
    0123456789012345678901234567890123456789
    ────────────────────────────────────────
 0 │                                        │
 1 │➜  vimfu clear && cat code.txt          │
 2 │def scan():                             │
 3 │    bots = find_all()                   │
 4 │    for b in bots:                      │
 5 │        b.wake_up()                     │
 6 │    return len(bots)                    │
 7 │➜  vimfu tmux split-window              │
 8 │➜  vimfu                                │ ◂ cursor (8,9)
 9 │                                        │
10 │                                        │
11 │                                        │
12 │                                        │
13 │                                        │
14 │                                        │
15 │                                        │
16 │                                        │
17 │───────────────────┬────────────────────│
18 │?➜  vimfu          │?➜  vimfu           │
19 │[0] 0:zsh*       "vimfu" 08:44 21-May-26│
    ────────────────────────────────────────

[KEYS] ' '
[OVERLAY] ␣  next layout

              1         2         3         
    0123456789012345678901234567890123456789
    ────────────────────────────────────────
 0 │                                      │ │
 1 │➜  vimfu clear && cat code.txt        │ │
 2 │def scan():                           │v│
 3 │    bots = find_all()                 │i│
 4 │    for b in bots:                    │m│
 5 │        b.wake_up()                   │f│
 6 │    return len(bots)                  │u│
 7 │➜  vimfu tmux split-window            │ │
 8 │➜  vimfu                              │ │ ◂ cursor (8,9)
 9 │                                      ├─│
10 │                                      │ │
11 │                                      │ │
12 │                                      │v│
13 │                                      │i│
14 │                                      │m│
15 │                                      │f│
16 │                                      │u│
17 │                                      │ │
18 │                                      │ │
19 │[0] 0:zsh*       "vimfu" 08:44 21-May-26│
    ────────────────────────────────────────

[SAY] And it cycles back around.
[KEYS] '\x02'
[OVERLAY] ⌃b  prefix

              1         2         3         
    0123456789012345678901234567890123456789
    ────────────────────────────────────────
 0 │                                      │ │
 1 │➜  vimfu clear && cat code.txt        │ │
 2 │def scan():                           │v│
 3 │    bots = find_all()                 │i│
 4 │    for b in bots:                    │m│
 5 │        b.wake_up()                   │f│
 6 │    return len(bots)                  │u│
 7 │➜  vimfu tmux split-window            │ │
 8 │➜  vimfu                              │ │ ◂ cursor (8,9)
 9 │                                      ├─│
10 │                                      │ │
11 │                                      │ │
12 │                                      │v│
13 │                                      │i│
14 │                                      │m│
15 │                                      │f│
16 │                                      │u│
17 │                                      │ │
18 │                                      │ │
19 │[0] 0:zsh*       "vimfu" 08:44 21-May-26│
    ────────────────────────────────────────

[KEYS] ' '
[OVERLAY] ␣  next layout

              1         2         3         
    0123456789012345678901234567890123456789
    ────────────────────────────────────────
 0 │    bots = find_all│➜  vimfu            │
 1 │()                 │                    │
 2 │    for b in bots: │                    │
 3 │        b.wake_up()│                    │
 4 │    return len(bots│                    │
 5 │)                  │                    │
 6 │➜  vimfu tmux split│                    │
 7 │-window            │                    │
 8 │➜  vimfu           │                    │ ◂ cursor (8,9)
 9 │───────────────────┴────────────────────│
10 │➜  vimfu                                │
11 │✗ wifi link                             │
12 │3/4 passed                              │
13 │➜  vimfu tmux selec                     │
14 │t-pane -t 0                             │
15 │➜  vimfu                                │
16 │?➜  vimfu                               │
17 │➜  vimfu                                │
18 │                                        │
19 │[0] 0:zsh*       "vimfu" 08:44 21-May-26│
    ────────────────────────────────────────

[SAY] Control B, Space. Let tmux arrange your panes for you.