[RECORDING_START] Screen state at recording start:

              1         2         3         
    0123456789012345678901234567890123456789
    ────────────────────────────────────────
 0 │ a.py  b.py  c.py  d.py                X│
 1 │# File A                                │ ◂ cursor (1,0)
 2 │~                                       │
 3 │~                                       │
 4 │~                                       │
 5 │~                                       │
 6 │~                                       │
 7 │~                                       │
 8 │~                                       │
 9 │~                                       │
10 │~                                       │
11 │~                                       │
12 │~                                       │
13 │~                                       │
14 │~                                       │
15 │~                                       │
16 │~                                       │
17 │~                                       │
18 │a.py                  1,1            All│
    ────────────────────────────────────────
[HIGHLIGHT] row 0, cols 0-5: " a.py"

[OVERLAY] VimFu — :tabo — Only Tab
[SAY] Tab only closes every tab except the current one. Quick cleanup when you have too many tabs.
[SAY] Four tabs open. Move to tab B first.
[KEYS] 'gt'
[OVERLAY] gt

              1         2         3         
    0123456789012345678901234567890123456789
    ────────────────────────────────────────
 0 │ a.py  b.py  c.py  d.py                X│
 1 │# File B                                │ ◂ cursor (1,0)
 2 │~                                       │
 3 │~                                       │
 4 │~                                       │
 5 │~                                       │
 6 │~                                       │
 7 │~                                       │
 8 │~                                       │
 9 │~                                       │
10 │~                                       │
11 │~                                       │
12 │~                                       │
13 │~                                       │
14 │~                                       │
15 │~                                       │
16 │~                                       │
17 │~                                       │
18 │b.py                  1,1            All│
    ────────────────────────────────────────
[HIGHLIGHT] row 0, cols 6-11: " b.py"

[SAY] Now close all the others.
[TYPE] ':tabo'

              1         2         3         
    0123456789012345678901234567890123456789
    ────────────────────────────────────────
 0 │ a.py  b.py  c.py  d.py                X│
 1 │# File B                                │
 2 │~                                       │
 3 │~                                       │
 4 │~                                       │
 5 │~                                       │
 6 │~                                       │
 7 │~                                       │
 8 │~                                       │
 9 │~                                       │
10 │~                                       │
11 │~                                       │
12 │~                                       │
13 │~                                       │
14 │~                                       │
15 │~                                       │
16 │~                                       │
17 │~                                       │
18 │b.py                  1,1            All│
19 │:tabo                                   │ ◂ cursor (19,5)
    ────────────────────────────────────────
[HIGHLIGHT] row 0, cols 6-11: " b.py"

[SAY] Tab O — short for tab only — keeps just the current tab.
[ENTER]

              1         2         3         
    0123456789012345678901234567890123456789
    ────────────────────────────────────────
 0 │# File B                                │ ◂ cursor (0,0)
 1 │~                                       │
 2 │~                                       │
 3 │~                                       │
 4 │~                                       │
 5 │~                                       │
 6 │~                                       │
 7 │~                                       │
 8 │~                                       │
 9 │~                                       │
10 │~                                       │
11 │~                                       │
12 │~                                       │
13 │~                                       │
14 │~                                       │
15 │~                                       │
16 │~                                       │
17 │~                                       │
18 │b.py                  1,1            All│
19 │:tabo                                   │
    ────────────────────────────────────────

[SAY] Only tab B remains. The tab bar disappeared because there's just one tab now.
[SAY] Colon tab only. Close all other tabs. The buffers still exist, just the tabs are gone.