[RECORDING_START] Screen state at recording start:

              1         2         3         
    0123456789012345678901234567890123456789
    ────────────────────────────────────────
 0 │result = print(value)                   │ ◂ cursor (0,0)
 1 │output = len(name)                      │
 2 │~                                       │
 3 │~                                       │
 4 │~                                       │
 5 │~                                       │
 6 │~                                       │
 7 │~                                       │
 8 │~                                       │
 9 │~                                       │
10 │~                                       │
11 │~                                       │
12 │~                                       │
13 │~                                       │
14 │~                                       │
15 │~                                       │
16 │~                                       │
17 │~                                       │
18 │lisp.el               1,1            All│
    ────────────────────────────────────────

[OVERLAY] VimFu — Delete Function Call
[SAY] Lowercase {key:f} is the function-call surround. {key:d}{key:s}{key:f} removes the function name and parentheses, but keeps the arguments.
[SAY] Cursor inside `print(value)`. Press {key:d}{key:s}{key:f}.
[KEYS] 'fv'
[OVERLAY] fv

              1         2         3         
    0123456789012345678901234567890123456789
    ────────────────────────────────────────
 0 │result = print(value)                   │ ◂ cursor (0,15)
 1 │output = len(name)                      │
 2 │~                                       │
 3 │~                                       │
 4 │~                                       │
 5 │~                                       │
 6 │~                                       │
 7 │~                                       │
 8 │~                                       │
 9 │~                                       │
10 │~                                       │
11 │~                                       │
12 │~                                       │
13 │~                                       │
14 │~                                       │
15 │~                                       │
16 │~                                       │
17 │~                                       │
18 │lisp.el               1,16           All│
    ────────────────────────────────────────

[KEYS] 'dsf'
[OVERLAY] dsf

              1         2         3         
    0123456789012345678901234567890123456789
    ────────────────────────────────────────
 0 │result = value                          │ ◂ cursor (0,9)
 1 │output = len(name)                      │
 2 │~                                       │
 3 │~                                       │
 4 │~                                       │
 5 │~                                       │
 6 │~                                       │
 7 │~                                       │
 8 │~                                       │
 9 │~                                       │
10 │~                                       │
11 │~                                       │
12 │~                                       │
13 │~                                       │
14 │~                                       │
15 │~                                       │
16 │~                                       │
17 │~                                       │
18 │lisp.el [+]           1,10           All│
    ────────────────────────────────────────

[SAY] `print(value)` became just `value`. Line two: do the same to `len(name)`.
[KEYS] 'jfn'
[OVERLAY] jfn

              1         2         3         
    0123456789012345678901234567890123456789
    ────────────────────────────────────────
 0 │result = value                          │
 1 │output = len(name)                      │ ◂ cursor (1,11)
 2 │~                                       │
 3 │~                                       │
 4 │~                                       │
 5 │~                                       │
 6 │~                                       │
 7 │~                                       │
 8 │~                                       │
 9 │~                                       │
10 │~                                       │
11 │~                                       │
12 │~                                       │
13 │~                                       │
14 │~                                       │
15 │~                                       │
16 │~                                       │
17 │~                                       │
18 │lisp.el [+]           2,12           All│
    ────────────────────────────────────────

[KEYS] 'dsf'
[OVERLAY] dsf

              1         2         3         
    0123456789012345678901234567890123456789
    ────────────────────────────────────────
 0 │result = value                          │
 1 │output = name                           │ ◂ cursor (1,9)
 2 │~                                       │
 3 │~                                       │
 4 │~                                       │
 5 │~                                       │
 6 │~                                       │
 7 │~                                       │
 8 │~                                       │
 9 │~                                       │
10 │~                                       │
11 │~                                       │
12 │~                                       │
13 │~                                       │
14 │~                                       │
15 │~                                       │
16 │~                                       │
17 │~                                       │
18 │lisp.el [+]           2,10           All│
    ────────────────────────────────────────

[SAY] Now both function wrappers are gone and both arguments remain.