[RECORDING_START] Screen state at recording start:

              1         2         3         
    0123456789012345678901234567890123456789
    ────────────────────────────────────────
 0 │# Crafting                              │ ◂ cursor (0,0)
 1 │def forge(ore):                         │
 2 │    return ore + 50                     │
 3 │                                        │
 4 │def brew(herbs):                        │
 5 │    return herbs * 3                    │
 6 │                                        │
 7 │# Workshop                              │
 8 │sword = forge(10)                       │
 9 │potion = brew(5)                        │
10 │~                                       │
11 │~                                       │
12 │~                                       │
13 │~                                       │
14 │~                                       │
15 │~                                       │
16 │~                                       │
17 │~                                       │
18 │craft.py              1,1            All│
    ────────────────────────────────────────

[OVERLAY] VimFu — Ctrl-W P — Preview Window
[SAY] Control W capital P moves the cursor into the preview window. You can edit or scroll it like any window.
[SAY] First, open a preview. Move to forge and preview its tag.
[KEYS] '9G'
[OVERLAY] 9G  line 9

              1         2         3         
    0123456789012345678901234567890123456789
    ────────────────────────────────────────
 0 │# Crafting                              │
 1 │def forge(ore):                         │
 2 │    return ore + 50                     │
 3 │                                        │
 4 │def brew(herbs):                        │
 5 │    return herbs * 3                    │
 6 │                                        │
 7 │# Workshop                              │
 8 │sword = forge(10)                       │ ◂ cursor (8,0)
 9 │potion = brew(5)                        │
10 │~                                       │
11 │~                                       │
12 │~                                       │
13 │~                                       │
14 │~                                       │
15 │~                                       │
16 │~                                       │
17 │~                                       │
18 │craft.py              9,1            All│
    ────────────────────────────────────────

[KEYS] 'w'
[OVERLAY] w  next word

              1         2         3         
    0123456789012345678901234567890123456789
    ────────────────────────────────────────
 0 │# Crafting                              │
 1 │def forge(ore):                         │
 2 │    return ore + 50                     │
 3 │                                        │
 4 │def brew(herbs):                        │
 5 │    return herbs * 3                    │
 6 │                                        │
 7 │# Workshop                              │
 8 │sword = forge(10)                       │ ◂ cursor (8,6)
 9 │potion = brew(5)                        │
10 │~                                       │
11 │~                                       │
12 │~                                       │
13 │~                                       │
14 │~                                       │
15 │~                                       │
16 │~                                       │
17 │~                                       │
18 │craft.py              9,7            All│
    ────────────────────────────────────────

[KEYS] 'w'
[OVERLAY] w  to forge

              1         2         3         
    0123456789012345678901234567890123456789
    ────────────────────────────────────────
 0 │# Crafting                              │
 1 │def forge(ore):                         │
 2 │    return ore + 50                     │
 3 │                                        │
 4 │def brew(herbs):                        │
 5 │    return herbs * 3                    │
 6 │                                        │
 7 │# Workshop                              │
 8 │sword = forge(10)                       │ ◂ cursor (8,8)
 9 │potion = brew(5)                        │
10 │~                                       │
11 │~                                       │
12 │~                                       │
13 │~                                       │
14 │~                                       │
15 │~                                       │
16 │~                                       │
17 │~                                       │
18 │craft.py              9,9            All│
    ────────────────────────────────────────

[KEYS] '\x17}'
[OVERLAY] ⌃w}  preview tag

              1         2         3         
    0123456789012345678901234567890123456789
    ────────────────────────────────────────
 0 │# Crafting                              │
 1 │def forge(ore):                         │
 2 │    return ore + 50                     │
 3 │                                        │
 4 │def brew(herbs):                        │
 5 │    return herbs * 3                    │
 6 │                                        │
 7 │# Workshop                              │
 8 │sword = forge(10)                       │
 9 │potion = brew(5)                        │
10 │~                                       │
11 │~                                       │
12 │craft.py [Preview]    2,1            All│
13 │                                        │
14 │# Workshop                              │
15 │sword = forge(10)                       │ ◂ cursor (15,8)
16 │potion = brew(5)                        │
17 │~                                       │
18 │craft.py              9,9            Bot│
    ────────────────────────────────────────
[HIGHLIGHT] row 12, cols 0-39: "craft.py [Preview]    2,1            All"

[KEYS] '\r'
[OVERLAY] ⏎

              1         2         3         
    0123456789012345678901234567890123456789
    ────────────────────────────────────────
 0 │# Crafting                              │
 1 │def forge(ore):                         │
 2 │    return ore + 50                     │
 3 │                                        │
 4 │def brew(herbs):                        │
 5 │    return herbs * 3                    │
 6 │                                        │
 7 │# Workshop                              │
 8 │sword = forge(10)                       │
 9 │potion = brew(5)                        │
10 │~                                       │
11 │~                                       │
12 │craft.py [Preview]    2,1            All│
13 │                                        │
14 │# Workshop                              │
15 │sword = forge(10)                       │
16 │potion = brew(5)                        │ ◂ cursor (16,0)
17 │~                                       │
18 │craft.py              10,1           Bot│
    ────────────────────────────────────────
[HIGHLIGHT] row 12, cols 0-39: "craft.py [Preview]    2,1            All"

[SAY] Preview is open. Now jump into it.
[KEYS] '\x17P'
[OVERLAY] ⌃wP  go to preview

              1         2         3         
    0123456789012345678901234567890123456789
    ────────────────────────────────────────
 0 │# Crafting                              │
 1 │def forge(ore):                         │ ◂ cursor (1,0)
 2 │    return ore + 50                     │
 3 │                                        │
 4 │def brew(herbs):                        │
 5 │    return herbs * 3                    │
 6 │                                        │
 7 │# Workshop                              │
 8 │sword = forge(10)                       │
 9 │potion = brew(5)                        │
10 │~                                       │
11 │~                                       │
12 │craft.py [Preview]    2,1            All│
13 │                                        │
14 │# Workshop                              │
15 │sword = forge(10)                       │
16 │potion = brew(5)                        │
17 │~                                       │
18 │craft.py              10,1           Bot│
    ────────────────────────────────────────
[HIGHLIGHT] row 12, cols 0-39: "craft.py [Preview]    2,1            All"

[SAY] Cursor is in the preview window now. You can scroll, edit, or navigate.
[SAY] Control W P again to go back to the main window.
[KEYS] '\x17p'
[OVERLAY] ⌃wp  previous window

              1         2         3         
    0123456789012345678901234567890123456789
    ────────────────────────────────────────
 0 │# Crafting                              │
 1 │def forge(ore):                         │
 2 │    return ore + 50                     │
 3 │                                        │
 4 │def brew(herbs):                        │
 5 │    return herbs * 3                    │
 6 │                                        │
 7 │# Workshop                              │
 8 │sword = forge(10)                       │
 9 │potion = brew(5)                        │
10 │~                                       │
11 │~                                       │
12 │craft.py [Preview]    2,1            All│
13 │                                        │
14 │# Workshop                              │
15 │sword = forge(10)                       │
16 │potion = brew(5)                        │ ◂ cursor (16,0)
17 │~                                       │
18 │craft.py              10,1           Bot│
    ────────────────────────────────────────
[HIGHLIGHT] row 12, cols 0-39: "craft.py [Preview]    2,1            All"

[KEYS] '\x17z'
[OVERLAY] ⌃wz  close preview

              1         2         3         
    0123456789012345678901234567890123456789
    ────────────────────────────────────────
 0 │# Crafting                              │
 1 │def forge(ore):                         │
 2 │    return ore + 50                     │
 3 │                                        │
 4 │def brew(herbs):                        │
 5 │    return herbs * 3                    │
 6 │                                        │
 7 │# Workshop                              │
 8 │sword = forge(10)                       │
 9 │potion = brew(5)                        │ ◂ cursor (9,0)
10 │~                                       │
11 │~                                       │
12 │~                                       │
13 │~                                       │
14 │~                                       │
15 │~                                       │
16 │~                                       │
17 │~                                       │
18 │craft.py              10,1           All│
    ────────────────────────────────────────

[SAY] Control W capital P. Jump into the preview window. Control W Z to close it when you're done.