[RECORDING_START] Screen state at recording start:

              1         2         3         
    0123456789012345678901234567890123456789
    ────────────────────────────────────────
 0 │# Demo                                  │ ◂ cursor (0,0)
 1 │first_value = 10                        │
 2 │final_result = 20                       │
 3 │figure_out = 30                         │
 4 │x =                                     │
 5 │~                                       │
 6 │~                                       │
 7 │~                                       │
 8 │~                                       │
 9 │~                                       │
10 │~                                       │
11 │~                                       │
12 │~                                       │
13 │~                                       │
14 │~                                       │
15 │~                                       │
16 │~                                       │
17 │~                                       │
18 │demo.py               1,1            All│
    ────────────────────────────────────────

[OVERLAY] VimFu — Ctrl-X Ctrl-I — Identifiers
[SAY] Control X Control I completes identifiers. It scans the current file and any included files for identifier-like words.
[SAY] Go to the last line and type a prefix.
[KEYS] '4jA'
[OVERLAY] 4jA  last line, append

              1         2         3         
    0123456789012345678901234567890123456789
    ────────────────────────────────────────
 0 │# Demo                                  │
 1 │first_value = 10                        │
 2 │final_result = 20                       │
 3 │figure_out = 30                         │
 4 │x =                                     │ ◂ cursor (4,3)
 5 │~                                       │
 6 │~                                       │
 7 │~                                       │
 8 │~                                       │
 9 │~                                       │
10 │~                                       │
11 │~                                       │
12 │~                                       │
13 │~                                       │
14 │~                                       │
15 │~                                       │
16 │~                                       │
17 │~                                       │
18 │demo.py               5,4            All│
19 │-- INSERT --                            │
    ────────────────────────────────────────

[TYPE] 'fi'

              1         2         3         
    0123456789012345678901234567890123456789
    ────────────────────────────────────────
 0 │# Demo                                  │
 1 │first_value = 10                        │
 2 │final_result = 20                       │
 3 │figure_out = 30                         │
 4 │x =fi                                   │ ◂ cursor (4,5)
 5 │~                                       │
 6 │~                                       │
 7 │~                                       │
 8 │~                                       │
 9 │~                                       │
10 │~                                       │
11 │~                                       │
12 │~                                       │
13 │~                                       │
14 │~                                       │
15 │~                                       │
16 │~                                       │
17 │~                                       │
18 │demo.py [+]           5,6            All│
19 │-- INSERT --                            │
    ────────────────────────────────────────

[SAY] Control X Control I.
[KEYS] '\x18\t'
[OVERLAY] ⌃x⇥  identifiers

              1         2         3         
    0123456789012345678901234567890123456789
    ────────────────────────────────────────
 0 │# Demo                                  │
 1 │first_value = 10                        │
 2 │final_result = 20                       │
 3 │figure_out = 30                         │
 4 │x =first_value                          │ ◂ cursor (4,14)
 5 │~  first_value                          │
 6 │~  final_result                         │
 7 │~  figure_out                           │
 8 │~                                       │
 9 │~                                       │
10 │~                                       │
11 │~                                       │
12 │~                                       │
13 │~                                       │
14 │~                                       │
15 │~                                       │
16 │~                                       │
17 │~                                       │
18 │demo.py [+]           5,15           All│
19 │-- match 1 of 3                         │
    ────────────────────────────────────────
[HIGHLIGHT] row 5, cols 2-17: " first_value"
[HIGHLIGHT] row 6, cols 2-17: " final_result"
[HIGHLIGHT] row 7, cols 2-17: " figure_out"

[SAY] All identifiers starting with F I. First value, final result, figure out.
[ESCAPE]

              1         2         3         
    0123456789012345678901234567890123456789
    ────────────────────────────────────────
 0 │# Demo                                  │
 1 │first_value = 10                        │
 2 │final_result = 20                       │
 3 │figure_out = 30                         │
 4 │x =first_value                          │ ◂ cursor (4,13)
 5 │~                                       │
 6 │~                                       │
 7 │~                                       │
 8 │~                                       │
 9 │~                                       │
10 │~                                       │
11 │~                                       │
12 │~                                       │
13 │~                                       │
14 │~                                       │
15 │~                                       │
16 │~                                       │
17 │~                                       │
18 │demo.py [+]           5,14           All│
    ────────────────────────────────────────

[SAY] Control X Control I. Identifier completion from the file and includes. Similar to Control N but scans more broadly.