[RECORDING_START] Screen state at recording start:

              1         2         3         
    0123456789012345678901234567890123456789
    ────────────────────────────────────────
 0 │keep = "treasure"                       │ ◂ cursor (0,0)
 1 │toss = "garbage"                        │
 2 │save = "gold"                           │
 3 │burn = "trash"                          │
 4 │                                        │
 5 │def clean(bag):                         │
 6 │    for item in bag:                    │
 7 │        check(item)                     │
 8 │~                                       │
 9 │~                                       │
10 │~                                       │
11 │~                                       │
12 │~                                       │
13 │~                                       │
14 │~                                       │
15 │~                                       │
16 │~                                       │
17 │~                                       │
18 │junk.py               1,1            All│
    ────────────────────────────────────────

[OVERLAY] VimFu — The d Key
[SAY] D followed by a motion deletes text. The deleted text goes into a register.
[SAY] Delete the word toss. D W.
[KEYS] 'j'
[OVERLAY] j

              1         2         3         
    0123456789012345678901234567890123456789
    ────────────────────────────────────────
 0 │keep = "treasure"                       │
 1 │toss = "garbage"                        │ ◂ cursor (1,0)
 2 │save = "gold"                           │
 3 │burn = "trash"                          │
 4 │                                        │
 5 │def clean(bag):                         │
 6 │    for item in bag:                    │
 7 │        check(item)                     │
 8 │~                                       │
 9 │~                                       │
10 │~                                       │
11 │~                                       │
12 │~                                       │
13 │~                                       │
14 │~                                       │
15 │~                                       │
16 │~                                       │
17 │~                                       │
18 │junk.py               2,1            All│
    ────────────────────────────────────────

[KEYS] 'dw'
[OVERLAY] dw  delete word

              1         2         3         
    0123456789012345678901234567890123456789
    ────────────────────────────────────────
 0 │keep = "treasure"                       │
 1 │= "garbage"                             │ ◂ cursor (1,0)
 2 │save = "gold"                           │
 3 │burn = "trash"                          │
 4 │                                        │
 5 │def clean(bag):                         │
 6 │    for item in bag:                    │
 7 │        check(item)                     │
 8 │~                                       │
 9 │~                                       │
10 │~                                       │
11 │~                                       │
12 │~                                       │
13 │~                                       │
14 │~                                       │
15 │~                                       │
16 │~                                       │
17 │~                                       │
18 │junk.py [+]           2,1            All│
    ────────────────────────────────────────

[SAY] Word gone. Undo.
[KEYS] 'u'
[OVERLAY] u  undo

              1         2         3         
    0123456789012345678901234567890123456789
    ────────────────────────────────────────
 0 │keep = "treasure"                       │
 1 │toss = "garbage"                        │ ◂ cursor (1,0)
 2 │save = "gold"                           │
 3 │burn = "trash"                          │
 4 │                                        │
 5 │def clean(bag):                         │
 6 │    for item in bag:                    │
 7 │        check(item)                     │
 8 │~                                       │
 9 │~                                       │
10 │~                                       │
11 │~                                       │
12 │~                                       │
13 │~                                       │
14 │~                                       │
15 │~                                       │
16 │~                                       │
17 │~                                       │
18 │junk.py               2,1            All│
19 │1 change; be...2 seconds ago            │
    ────────────────────────────────────────

[SAY] D D deletes the whole line.
[KEYS] 'dd'
[OVERLAY] dd  delete line

              1         2         3         
    0123456789012345678901234567890123456789
    ────────────────────────────────────────
 0 │keep = "treasure"                       │
 1 │save = "gold"                           │ ◂ cursor (1,0)
 2 │burn = "trash"                          │
 3 │                                        │
 4 │def clean(bag):                         │
 5 │    for item in bag:                    │
 6 │        check(item)                     │
 7 │~                                       │
 8 │~                                       │
 9 │~                                       │
10 │~                                       │
11 │~                                       │
12 │~                                       │
13 │~                                       │
14 │~                                       │
15 │~                                       │
16 │~                                       │
17 │~                                       │
18 │junk.py [+]           2,1            All│
19 │1 change; be...2 seconds ago            │
    ────────────────────────────────────────

[SAY] The garbage line is gone.
[KEYS] 'u'
[OVERLAY] u  undo

              1         2         3         
    0123456789012345678901234567890123456789
    ────────────────────────────────────────
 0 │keep = "treasure"                       │
 1 │toss = "garbage"                        │ ◂ cursor (1,0)
 2 │save = "gold"                           │
 3 │burn = "trash"                          │
 4 │                                        │
 5 │def clean(bag):                         │
 6 │    for item in bag:                    │
 7 │        check(item)                     │
 8 │~                                       │
 9 │~                                       │
10 │~                                       │
11 │~                                       │
12 │~                                       │
13 │~                                       │
14 │~                                       │
15 │~                                       │
16 │~                                       │
17 │~                                       │
18 │junk.py               2,1            All│
19 │1 more line;...4 seconds ago            │
    ────────────────────────────────────────

[SAY] D dollar. Delete from cursor to end of line.
[KEYS] 'f='
[OVERLAY] f=

              1         2         3         
    0123456789012345678901234567890123456789
    ────────────────────────────────────────
 0 │keep = "treasure"                       │
 1 │toss = "garbage"                        │ ◂ cursor (1,5)
 2 │save = "gold"                           │
 3 │burn = "trash"                          │
 4 │                                        │
 5 │def clean(bag):                         │
 6 │    for item in bag:                    │
 7 │        check(item)                     │
 8 │~                                       │
 9 │~                                       │
10 │~                                       │
11 │~                                       │
12 │~                                       │
13 │~                                       │
14 │~                                       │
15 │~                                       │
16 │~                                       │
17 │~                                       │
18 │junk.py               2,6            All│
19 │1 more line;...4 seconds ago            │
    ────────────────────────────────────────

[KEYS] 'd$'
[OVERLAY] d$  delete to end

              1         2         3         
    0123456789012345678901234567890123456789
    ────────────────────────────────────────
 0 │keep = "treasure"                       │
 1 │toss                                    │ ◂ cursor (1,4)
 2 │save = "gold"                           │
 3 │burn = "trash"                          │
 4 │                                        │
 5 │def clean(bag):                         │
 6 │    for item in bag:                    │
 7 │        check(item)                     │
 8 │~                                       │
 9 │~                                       │
10 │~                                       │
11 │~                                       │
12 │~                                       │
13 │~                                       │
14 │~                                       │
15 │~                                       │
16 │~                                       │
17 │~                                       │
18 │junk.py [+]           2,5            All│
19 │1 more line;...4 seconds ago            │
    ────────────────────────────────────────

[SAY] Everything from the equals sign onward. Gone.
[KEYS] 'u'
[OVERLAY] u  undo

              1         2         3         
    0123456789012345678901234567890123456789
    ────────────────────────────────────────
 0 │keep = "treasure"                       │
 1 │toss = "garbage"                        │ ◂ cursor (1,5)
 2 │save = "gold"                           │
 3 │burn = "trash"                          │
 4 │                                        │
 5 │def clean(bag):                         │
 6 │    for item in bag:                    │
 7 │        check(item)                     │
 8 │~                                       │
 9 │~                                       │
10 │~                                       │
11 │~                                       │
12 │~                                       │
13 │~                                       │
14 │~                                       │
15 │~                                       │
16 │~                                       │
17 │~                                       │
18 │junk.py               2,6            All│
19 │1 change; be...4 seconds ago            │
    ────────────────────────────────────────

[SAY] D I W. Delete inner word. Cursor can be anywhere in the word.
[KEYS] '2j'
[OVERLAY] 2j

              1         2         3         
    0123456789012345678901234567890123456789
    ────────────────────────────────────────
 0 │keep = "treasure"                       │
 1 │toss = "garbage"                        │
 2 │save = "gold"                           │
 3 │burn = "trash"                          │ ◂ cursor (3,5)
 4 │                                        │
 5 │def clean(bag):                         │
 6 │    for item in bag:                    │
 7 │        check(item)                     │
 8 │~                                       │
 9 │~                                       │
10 │~                                       │
11 │~                                       │
12 │~                                       │
13 │~                                       │
14 │~                                       │
15 │~                                       │
16 │~                                       │
17 │~                                       │
18 │junk.py               4,6            All│
19 │1 change; be...4 seconds ago            │
    ────────────────────────────────────────

[KEYS] 'f"'
[OVERLAY] f"

              1         2         3         
    0123456789012345678901234567890123456789
    ────────────────────────────────────────
 0 │keep = "treasure"                       │
 1 │toss = "garbage"                        │
 2 │save = "gold"                           │
 3 │burn = "trash"                          │ ◂ cursor (3,7)
 4 │                                        │
 5 │def clean(bag):                         │
 6 │    for item in bag:                    │
 7 │        check(item)                     │
 8 │~                                       │
 9 │~                                       │
10 │~                                       │
11 │~                                       │
12 │~                                       │
13 │~                                       │
14 │~                                       │
15 │~                                       │
16 │~                                       │
17 │~                                       │
18 │junk.py               4,8            All│
19 │1 change; be...4 seconds ago            │
    ────────────────────────────────────────

[KEYS] 'l'
[OVERLAY] l

              1         2         3         
    0123456789012345678901234567890123456789
    ────────────────────────────────────────
 0 │keep = "treasure"                       │
 1 │toss = "garbage"                        │
 2 │save = "gold"                           │
 3 │burn = "trash"                          │ ◂ cursor (3,8)
 4 │                                        │
 5 │def clean(bag):                         │
 6 │    for item in bag:                    │
 7 │        check(item)                     │
 8 │~                                       │
 9 │~                                       │
10 │~                                       │
11 │~                                       │
12 │~                                       │
13 │~                                       │
14 │~                                       │
15 │~                                       │
16 │~                                       │
17 │~                                       │
18 │junk.py               4,9            All│
19 │1 change; be...4 seconds ago            │
    ────────────────────────────────────────

[KEYS] 'diw'
[OVERLAY] diw  delete inner word

              1         2         3         
    0123456789012345678901234567890123456789
    ────────────────────────────────────────
 0 │keep = "treasure"                       │
 1 │toss = "garbage"                        │
 2 │save = "gold"                           │
 3 │burn = ""                               │ ◂ cursor (3,8)
 4 │                                        │
 5 │def clean(bag):                         │
 6 │    for item in bag:                    │
 7 │        check(item)                     │
 8 │~                                       │
 9 │~                                       │
10 │~                                       │
11 │~                                       │
12 │~                                       │
13 │~                                       │
14 │~                                       │
15 │~                                       │
16 │~                                       │
17 │~                                       │
18 │junk.py [+]           4,9            All│
19 │1 change; be...4 seconds ago            │
    ────────────────────────────────────────

[SAY] Trash deleted. The quotes are still there.
[SAY] D plus a motion. Delete text. Pair it with any motion or text object.