[RECORDING_START] Screen state at recording start:

              1         2         3         
    0123456789012345678901234567890123456789
    ────────────────────────────────────────
 0 │# pizza menu                            │ ◂ cursor (0,0)
 1 │cheese = 8                              │
 2 │pepperoni = 10                          │
 3 │veggie = 9                              │
 4 │supreme = 12                            │
 5 │hawaiian = 11                           │
 6 │~                                       │
 7 │~                                       │
 8 │~                                       │
 9 │~                                       │
10 │~                                       │
11 │~                                       │
12 │~                                       │
13 │~                                       │
14 │~                                       │
15 │~                                       │
16 │~                                       │
17 │~                                       │
18 │menu.py               1,1            All│
    ────────────────────────────────────────

[OVERLAY] VimFu — Reselect Last Selection
[SAY] G V re-highlights your last visual selection. Same region, instantly.
[SAY] Select the middle three pizzas. Capital V, then J J.
[KEYS] '2'
[OVERLAY] 2

              1         2         3         
    0123456789012345678901234567890123456789
    ────────────────────────────────────────
 0 │# pizza menu                            │ ◂ cursor (0,0)
 1 │cheese = 8                              │
 2 │pepperoni = 10                          │
 3 │veggie = 9                              │
 4 │supreme = 12                            │
 5 │hawaiian = 11                           │
 6 │~                                       │
 7 │~                                       │
 8 │~                                       │
 9 │~                                       │
10 │~                                       │
11 │~                                       │
12 │~                                       │
13 │~                                       │
14 │~                                       │
15 │~                                       │
16 │~                                       │
17 │~                                       │
18 │menu.py               1,1            All│
19 │                             2          │
    ────────────────────────────────────────

[KEYS] 'j'
[OVERLAY] j  down

              1         2         3         
    0123456789012345678901234567890123456789
    ────────────────────────────────────────
 0 │# pizza menu                            │
 1 │cheese = 8                              │
 2 │pepperoni = 10                          │ ◂ cursor (2,0)
 3 │veggie = 9                              │
 4 │supreme = 12                            │
 5 │hawaiian = 11                           │
 6 │~                                       │
 7 │~                                       │
 8 │~                                       │
 9 │~                                       │
10 │~                                       │
11 │~                                       │
12 │~                                       │
13 │~                                       │
14 │~                                       │
15 │~                                       │
16 │~                                       │
17 │~                                       │
18 │menu.py               3,1            All│
    ────────────────────────────────────────

[KEYS] 'V'
[OVERLAY] ⇧V  visual line

              1         2         3         
    0123456789012345678901234567890123456789
    ────────────────────────────────────────
 0 │# pizza menu                            │
 1 │cheese = 8                              │
 2 │pepperoni = 10                          │ ◂ cursor (2,0)
 3 │veggie = 9                              │
 4 │supreme = 12                            │
 5 │hawaiian = 11                           │
 6 │~                                       │
 7 │~                                       │
 8 │~                                       │
 9 │~                                       │
10 │~                                       │
11 │~                                       │
12 │~                                       │
13 │~                                       │
14 │~                                       │
15 │~                                       │
16 │~                                       │
17 │~                                       │
18 │menu.py               3,1            All│
19 │-- VISUAL LINE --            1          │
    ────────────────────────────────────────
[HIGHLIGHT] row 2, cols 1-13: "epperoni = 10"

[KEYS] 'j'
[OVERLAY] j  down

              1         2         3         
    0123456789012345678901234567890123456789
    ────────────────────────────────────────
 0 │# pizza menu                            │
 1 │cheese = 8                              │
 2 │pepperoni = 10                          │
 3 │veggie = 9                              │ ◂ cursor (3,0)
 4 │supreme = 12                            │
 5 │hawaiian = 11                           │
 6 │~                                       │
 7 │~                                       │
 8 │~                                       │
 9 │~                                       │
10 │~                                       │
11 │~                                       │
12 │~                                       │
13 │~                                       │
14 │~                                       │
15 │~                                       │
16 │~                                       │
17 │~                                       │
18 │menu.py               4,1            All│
19 │-- VISUAL LINE --            2          │
    ────────────────────────────────────────
[HIGHLIGHT] row 2, cols 0-13: "pepperoni = 10"
[HIGHLIGHT] row 3, cols 1-9: "eggie = 9"

[KEYS] 'j'
[OVERLAY] j  down

              1         2         3         
    0123456789012345678901234567890123456789
    ────────────────────────────────────────
 0 │# pizza menu                            │
 1 │cheese = 8                              │
 2 │pepperoni = 10                          │
 3 │veggie = 9                              │
 4 │supreme = 12                            │ ◂ cursor (4,0)
 5 │hawaiian = 11                           │
 6 │~                                       │
 7 │~                                       │
 8 │~                                       │
 9 │~                                       │
10 │~                                       │
11 │~                                       │
12 │~                                       │
13 │~                                       │
14 │~                                       │
15 │~                                       │
16 │~                                       │
17 │~                                       │
18 │menu.py               5,1            All│
19 │-- VISUAL LINE --            3          │
    ────────────────────────────────────────
[HIGHLIGHT] row 2, cols 0-13: "pepperoni = 10"
[HIGHLIGHT] row 3, cols 0-9: "veggie = 9"
[HIGHLIGHT] row 4, cols 1-11: "upreme = 12"

[SAY] Greater than to indent.
[KEYS] '>'
[OVERLAY] ⇧>  indent

              1         2         3         
    0123456789012345678901234567890123456789
    ────────────────────────────────────────
 0 │# pizza menu                            │
 1 │cheese = 8                              │
 2 │    pepperoni = 10                      │ ◂ cursor (2,0)
 3 │    veggie = 9                          │
 4 │    supreme = 12                        │
 5 │hawaiian = 11                           │
 6 │~                                       │
 7 │~                                       │
 8 │~                                       │
 9 │~                                       │
10 │~                                       │
11 │~                                       │
12 │~                                       │
13 │~                                       │
14 │~                                       │
15 │~                                       │
16 │~                                       │
17 │~                                       │
18 │menu.py [+]           3,1            All│
19 │3 lines >ed 1 time                      │
    ────────────────────────────────────────

[SAY] Indented, but now I want to delete those same lines. G V to reselect.
[KEYS] 'g'
[OVERLAY] g

              1         2         3         
    0123456789012345678901234567890123456789
    ────────────────────────────────────────
 0 │# pizza menu                            │
 1 │cheese = 8                              │
 2 │    pepperoni = 10                      │ ◂ cursor (2,0)
 3 │    veggie = 9                          │
 4 │    supreme = 12                        │
 5 │hawaiian = 11                           │
 6 │~                                       │
 7 │~                                       │
 8 │~                                       │
 9 │~                                       │
10 │~                                       │
11 │~                                       │
12 │~                                       │
13 │~                                       │
14 │~                                       │
15 │~                                       │
16 │~                                       │
17 │~                                       │
18 │menu.py [+]           3,1            All│
19 │3 lines >ed 1 time           g          │
    ────────────────────────────────────────

[KEYS] 'v'
[OVERLAY] v  visual

              1         2         3         
    0123456789012345678901234567890123456789
    ────────────────────────────────────────
 0 │# pizza menu                            │
 1 │cheese = 8                              │
 2 │    pepperoni = 10                      │
 3 │    veggie = 9                          │
 4 │    supreme = 12                        │ ◂ cursor (4,0)
 5 │hawaiian = 11                           │
 6 │~                                       │
 7 │~                                       │
 8 │~                                       │
 9 │~                                       │
10 │~                                       │
11 │~                                       │
12 │~                                       │
13 │~                                       │
14 │~                                       │
15 │~                                       │
16 │~                                       │
17 │~                                       │
18 │menu.py [+]           5,1            All│
19 │-- VISUAL LINE --            3          │
    ────────────────────────────────────────
[HIGHLIGHT] row 2, cols 0-17: "    pepperoni = 10"
[HIGHLIGHT] row 3, cols 0-13: "    veggie = 9"
[HIGHLIGHT] row 4, cols 1-15: "   supreme = 12"

[SAY] Same three lines, re-highlighted. D to delete.
[KEYS] 'd'
[OVERLAY] d  delete

              1         2         3         
    0123456789012345678901234567890123456789
    ────────────────────────────────────────
 0 │# pizza menu                            │
 1 │cheese = 8                              │
 2 │hawaiian = 11                           │ ◂ cursor (2,0)
 3 │~                                       │
 4 │~                                       │
 5 │~                                       │
 6 │~                                       │
 7 │~                                       │
 8 │~                                       │
 9 │~                                       │
10 │~                                       │
11 │~                                       │
12 │~                                       │
13 │~                                       │
14 │~                                       │
15 │~                                       │
16 │~                                       │
17 │~                                       │
18 │menu.py [+]           3,1            All│
19 │3 fewer lines                           │
    ────────────────────────────────────────

[SAY] Gone. G V let me do a second, different action on the same region.
[SAY] Undo twice to bring them back.
[KEYS] 'u'
[OVERLAY] u  undo

              1         2         3         
    0123456789012345678901234567890123456789
    ────────────────────────────────────────
 0 │# pizza menu                            │
 1 │cheese = 8                              │
 2 │    pepperoni = 10                      │ ◂ cursor (2,0)
 3 │    veggie = 9                          │
 4 │    supreme = 12                        │
 5 │hawaiian = 11                           │
 6 │~                                       │
 7 │~                                       │
 8 │~                                       │
 9 │~                                       │
10 │~                                       │
11 │~                                       │
12 │~                                       │
13 │~                                       │
14 │~                                       │
15 │~                                       │
16 │~                                       │
17 │~                                       │
18 │menu.py [+]           3,1            All│
19 │3 more lines...6 seconds ago            │
    ────────────────────────────────────────

[KEYS] 'u'
[OVERLAY] u  undo

              1         2         3         
    0123456789012345678901234567890123456789
    ────────────────────────────────────────
 0 │# pizza menu                            │
 1 │cheese = 8                              │
 2 │pepperoni = 10                          │ ◂ cursor (2,0)
 3 │veggie = 9                              │
 4 │supreme = 12                            │
 5 │hawaiian = 11                           │
 6 │~                                       │
 7 │~                                       │
 8 │~                                       │
 9 │~                                       │
10 │~                                       │
11 │~                                       │
12 │~                                       │
13 │~                                       │
14 │~                                       │
15 │~                                       │
16 │~                                       │
17 │~                                       │
18 │menu.py               3,1            All│
19 │3 changes; b...4 seconds ago            │
    ────────────────────────────────────────

[SAY] Works for character selections too. V E to select cheese.
[KEYS] 'g'
[OVERLAY] g

              1         2         3         
    0123456789012345678901234567890123456789
    ────────────────────────────────────────
 0 │# pizza menu                            │
 1 │cheese = 8                              │
 2 │pepperoni = 10                          │ ◂ cursor (2,0)
 3 │veggie = 9                              │
 4 │supreme = 12                            │
 5 │hawaiian = 11                           │
 6 │~                                       │
 7 │~                                       │
 8 │~                                       │
 9 │~                                       │
10 │~                                       │
11 │~                                       │
12 │~                                       │
13 │~                                       │
14 │~                                       │
15 │~                                       │
16 │~                                       │
17 │~                                       │
18 │menu.py               3,1            All│
19 │3 changes; b...4 seconds ago g          │
    ────────────────────────────────────────

[KEYS] 'g'
[OVERLAY] g  file start

              1         2         3         
    0123456789012345678901234567890123456789
    ────────────────────────────────────────
 0 │# pizza menu                            │ ◂ cursor (0,0)
 1 │cheese = 8                              │
 2 │pepperoni = 10                          │
 3 │veggie = 9                              │
 4 │supreme = 12                            │
 5 │hawaiian = 11                           │
 6 │~                                       │
 7 │~                                       │
 8 │~                                       │
 9 │~                                       │
10 │~                                       │
11 │~                                       │
12 │~                                       │
13 │~                                       │
14 │~                                       │
15 │~                                       │
16 │~                                       │
17 │~                                       │
18 │menu.py               1,1            All│
19 │3 changes; b...4 seconds ago            │
    ────────────────────────────────────────

[KEYS] 'j'
[OVERLAY] j  down

              1         2         3         
    0123456789012345678901234567890123456789
    ────────────────────────────────────────
 0 │# pizza menu                            │
 1 │cheese = 8                              │ ◂ cursor (1,0)
 2 │pepperoni = 10                          │
 3 │veggie = 9                              │
 4 │supreme = 12                            │
 5 │hawaiian = 11                           │
 6 │~                                       │
 7 │~                                       │
 8 │~                                       │
 9 │~                                       │
10 │~                                       │
11 │~                                       │
12 │~                                       │
13 │~                                       │
14 │~                                       │
15 │~                                       │
16 │~                                       │
17 │~                                       │
18 │menu.py               2,1            All│
19 │3 changes; b...4 seconds ago            │
    ────────────────────────────────────────

[KEYS] 'v'
[OVERLAY] v  visual

              1         2         3         
    0123456789012345678901234567890123456789
    ────────────────────────────────────────
 0 │# pizza menu                            │
 1 │cheese = 8                              │ ◂ cursor (1,0)
 2 │pepperoni = 10                          │
 3 │veggie = 9                              │
 4 │supreme = 12                            │
 5 │hawaiian = 11                           │
 6 │~                                       │
 7 │~                                       │
 8 │~                                       │
 9 │~                                       │
10 │~                                       │
11 │~                                       │
12 │~                                       │
13 │~                                       │
14 │~                                       │
15 │~                                       │
16 │~                                       │
17 │~                                       │
18 │menu.py               2,1            All│
19 │-- VISUAL --                 1          │
    ────────────────────────────────────────

[KEYS] 'e'
[OVERLAY] e  end of word

              1         2         3         
    0123456789012345678901234567890123456789
    ────────────────────────────────────────
 0 │# pizza menu                            │
 1 │cheese = 8                              │ ◂ cursor (1,5)
 2 │pepperoni = 10                          │
 3 │veggie = 9                              │
 4 │supreme = 12                            │
 5 │hawaiian = 11                           │
 6 │~                                       │
 7 │~                                       │
 8 │~                                       │
 9 │~                                       │
10 │~                                       │
11 │~                                       │
12 │~                                       │
13 │~                                       │
14 │~                                       │
15 │~                                       │
16 │~                                       │
17 │~                                       │
18 │menu.py               2,6            All│
19 │-- VISUAL --                 6          │
    ────────────────────────────────────────
[HIGHLIGHT] row 1, cols 0-5: "chees"

[SAY] Escape. Move somewhere else.
[ESCAPE]

              1         2         3         
    0123456789012345678901234567890123456789
    ────────────────────────────────────────
 0 │# pizza menu                            │
 1 │cheese = 8                              │ ◂ cursor (1,5)
 2 │pepperoni = 10                          │
 3 │veggie = 9                              │
 4 │supreme = 12                            │
 5 │hawaiian = 11                           │
 6 │~                                       │
 7 │~                                       │
 8 │~                                       │
 9 │~                                       │
10 │~                                       │
11 │~                                       │
12 │~                                       │
13 │~                                       │
14 │~                                       │
15 │~                                       │
16 │~                                       │
17 │~                                       │
18 │menu.py               2,6            All│
    ────────────────────────────────────────

[KEYS] '3'
[OVERLAY] 3

              1         2         3         
    0123456789012345678901234567890123456789
    ────────────────────────────────────────
 0 │# pizza menu                            │
 1 │cheese = 8                              │ ◂ cursor (1,5)
 2 │pepperoni = 10                          │
 3 │veggie = 9                              │
 4 │supreme = 12                            │
 5 │hawaiian = 11                           │
 6 │~                                       │
 7 │~                                       │
 8 │~                                       │
 9 │~                                       │
10 │~                                       │
11 │~                                       │
12 │~                                       │
13 │~                                       │
14 │~                                       │
15 │~                                       │
16 │~                                       │
17 │~                                       │
18 │menu.py               2,6            All│
19 │                             3          │
    ────────────────────────────────────────

[KEYS] 'j'
[OVERLAY] j  down

              1         2         3         
    0123456789012345678901234567890123456789
    ────────────────────────────────────────
 0 │# pizza menu                            │
 1 │cheese = 8                              │
 2 │pepperoni = 10                          │
 3 │veggie = 9                              │
 4 │supreme = 12                            │ ◂ cursor (4,5)
 5 │hawaiian = 11                           │
 6 │~                                       │
 7 │~                                       │
 8 │~                                       │
 9 │~                                       │
10 │~                                       │
11 │~                                       │
12 │~                                       │
13 │~                                       │
14 │~                                       │
15 │~                                       │
16 │~                                       │
17 │~                                       │
18 │menu.py               5,6            All│
    ────────────────────────────────────────

[SAY] G V. Right back on cheese, no matter where the cursor was.
[KEYS] 'g'
[OVERLAY] g

              1         2         3         
    0123456789012345678901234567890123456789
    ────────────────────────────────────────
 0 │# pizza menu                            │
 1 │cheese = 8                              │
 2 │pepperoni = 10                          │
 3 │veggie = 9                              │
 4 │supreme = 12                            │ ◂ cursor (4,5)
 5 │hawaiian = 11                           │
 6 │~                                       │
 7 │~                                       │
 8 │~                                       │
 9 │~                                       │
10 │~                                       │
11 │~                                       │
12 │~                                       │
13 │~                                       │
14 │~                                       │
15 │~                                       │
16 │~                                       │
17 │~                                       │
18 │menu.py               5,6            All│
19 │                             g          │
    ────────────────────────────────────────

[KEYS] 'v'
[OVERLAY] v  visual

              1         2         3         
    0123456789012345678901234567890123456789
    ────────────────────────────────────────
 0 │# pizza menu                            │
 1 │cheese = 8                              │ ◂ cursor (1,5)
 2 │pepperoni = 10                          │
 3 │veggie = 9                              │
 4 │supreme = 12                            │
 5 │hawaiian = 11                           │
 6 │~                                       │
 7 │~                                       │
 8 │~                                       │
 9 │~                                       │
10 │~                                       │
11 │~                                       │
12 │~                                       │
13 │~                                       │
14 │~                                       │
15 │~                                       │
16 │~                                       │
17 │~                                       │
18 │menu.py               2,6            All│
19 │-- VISUAL --                 6          │
    ────────────────────────────────────────
[HIGHLIGHT] row 1, cols 0-5: "chees"

[ESCAPE]

              1         2         3         
    0123456789012345678901234567890123456789
    ────────────────────────────────────────
 0 │# pizza menu                            │
 1 │cheese = 8                              │ ◂ cursor (1,5)
 2 │pepperoni = 10                          │
 3 │veggie = 9                              │
 4 │supreme = 12                            │
 5 │hawaiian = 11                           │
 6 │~                                       │
 7 │~                                       │
 8 │~                                       │
 9 │~                                       │
10 │~                                       │
11 │~                                       │
12 │~                                       │
13 │~                                       │
14 │~                                       │
15 │~                                       │
16 │~                                       │
17 │~                                       │
18 │menu.py               2,6            All│
    ────────────────────────────────────────

[SAY] G V. Reselect to apply a different action, or jump back to where you were.