[RECORDING_START] Screen state at recording start:

              1         2         3         
    0123456789012345678901234567890123456789
    ────────────────────────────────────────
 0 │let x = 1;                              │ ◂ cursor (0,0)
 1 │let y = 2;                              │
 2 │let z = x + y;                          │
 3 │console.log(z);                         │
 4 │return z;                               │
 5 │~                                       │
 6 │~                                       │
 7 │~                                       │
 8 │~                                       │
 9 │~                                       │
10 │~                                       │
11 │~                                       │
12 │~                                       │
13 │~                                       │
14 │~                                       │
15 │~                                       │
16 │~                                       │
17 │~                                       │
18 │main.js               1,1            All│
    ────────────────────────────────────────

[OVERLAY] VimFu — :%norm I// — Comment All Lines
[SAY] Percent norm I double-slash comments out every line in the file. Percent means all lines, norm runs in normal mode, and capital I inserts at the start.
[SAY] Type the command.
[TYPE] ':%norm I//'

              1         2         3         
    0123456789012345678901234567890123456789
    ────────────────────────────────────────
 0 │let x = 1;                              │
 1 │let y = 2;                              │
 2 │let z = x + y;                          │
 3 │console.log(z);                         │
 4 │return z;                               │
 5 │~                                       │
 6 │~                                       │
 7 │~                                       │
 8 │~                                       │
 9 │~                                       │
10 │~                                       │
11 │~                                       │
12 │~                                       │
13 │~                                       │
14 │~                                       │
15 │~                                       │
16 │~                                       │
17 │~                                       │
18 │main.js               1,1            All│
19 │:%norm I//                              │ ◂ cursor (19,10)
    ────────────────────────────────────────

[ENTER]

              1         2         3         
    0123456789012345678901234567890123456789
    ────────────────────────────────────────
 0 │//let x = 1;                            │
 1 │//let y = 2;                            │
 2 │//let z = x + y;                        │
 3 │//console.log(z);                       │
 4 │//return z;                             │ ◂ cursor (4,1)
 5 │~                                       │
 6 │~                                       │
 7 │~                                       │
 8 │~                                       │
 9 │~                                       │
10 │~                                       │
11 │~                                       │
12 │~                                       │
13 │~                                       │
14 │~                                       │
15 │~                                       │
16 │~                                       │
17 │~                                       │
18 │main.js [+]           5,2            All│
    ────────────────────────────────────────

[SAY] Every line now starts with double slashes. The whole file is commented out.
[SAY] Undo that. Now comment just lines two through four.
[KEYS] 'u'
[OVERLAY] u  undo

              1         2         3         
    0123456789012345678901234567890123456789
    ────────────────────────────────────────
 0 │let x = 1;                              │ ◂ cursor (0,0)
 1 │let y = 2;                              │
 2 │let z = x + y;                          │
 3 │console.log(z);                         │
 4 │return z;                               │
 5 │~                                       │
 6 │~                                       │
 7 │~                                       │
 8 │~                                       │
 9 │~                                       │
10 │~                                       │
11 │~                                       │
12 │~                                       │
13 │~                                       │
14 │~                                       │
15 │~                                       │
16 │~                                       │
17 │~                                       │
18 │main.js               1,1            All│
19 │5 changes; b...7 seconds ago            │
    ────────────────────────────────────────

[TYPE] ':2,4norm I//'

              1         2         3         
    0123456789012345678901234567890123456789
    ────────────────────────────────────────
 0 │let x = 1;                              │
 1 │let y = 2;                              │
 2 │let z = x + y;                          │
 3 │console.log(z);                         │
 4 │return z;                               │
 5 │~                                       │
 6 │~                                       │
 7 │~                                       │
 8 │~                                       │
 9 │~                                       │
10 │~                                       │
11 │~                                       │
12 │~                                       │
13 │~                                       │
14 │~                                       │
15 │~                                       │
16 │~                                       │
17 │~                                       │
18 │main.js               1,1            All│
19 │:2,4norm I//                            │ ◂ cursor (19,12)
    ────────────────────────────────────────

[ENTER]

              1         2         3         
    0123456789012345678901234567890123456789
    ────────────────────────────────────────
 0 │let x = 1;                              │
 1 │//let y = 2;                            │
 2 │//let z = x + y;                        │
 3 │//console.log(z);                       │ ◂ cursor (3,1)
 4 │return z;                               │
 5 │~                                       │
 6 │~                                       │
 7 │~                                       │
 8 │~                                       │
 9 │~                                       │
10 │~                                       │
11 │~                                       │
12 │~                                       │
13 │~                                       │
14 │~                                       │
15 │~                                       │
16 │~                                       │
17 │~                                       │
18 │main.js [+]           4,2            All│
    ────────────────────────────────────────

[SAY] Only lines two through four are commented. Lines one and five are untouched. Use a range or percent for all lines.