[RECORDING_START] Screen state at recording start:

              1         2         3         
    0123456789012345678901234567890123456789
    ────────────────────────────────────────
 0 │if True:                                │ ◂ cursor (0,0)
 1 │print("a")                              │
 2 │print("b")                              │
 3 │print("c")                              │
 4 │print("done")                           │
 5 │~                                       │
 6 │~                                       │
 7 │~                                       │
 8 │~                                       │
 9 │~                                       │
10 │~                                       │
11 │~                                       │
12 │~                                       │
13 │~                                       │
14 │~                                       │
15 │~                                       │
16 │~                                       │
17 │~                                       │
18 │demo.py               1,1            All│
    ────────────────────────────────────────

[OVERLAY] VimFu — Visual + :> :< — Indent Selection
[SAY] Select lines visually, then use colon greater than to indent them.
[SAY] Select lines two through four and indent them into the if block.
[KEYS] 'j'
[OVERLAY] j  line 2

              1         2         3         
    0123456789012345678901234567890123456789
    ────────────────────────────────────────
 0 │if True:                                │
 1 │print("a")                              │ ◂ cursor (1,0)
 2 │print("b")                              │
 3 │print("c")                              │
 4 │print("done")                           │
 5 │~                                       │
 6 │~                                       │
 7 │~                                       │
 8 │~                                       │
 9 │~                                       │
10 │~                                       │
11 │~                                       │
12 │~                                       │
13 │~                                       │
14 │~                                       │
15 │~                                       │
16 │~                                       │
17 │~                                       │
18 │demo.py               2,1            All│
    ────────────────────────────────────────

[KEYS] 'V'
[OVERLAY] ⇧V  visual line

              1         2         3         
    0123456789012345678901234567890123456789
    ────────────────────────────────────────
 0 │if True:                                │
 1 │print("a")                              │ ◂ cursor (1,0)
 2 │print("b")                              │
 3 │print("c")                              │
 4 │print("done")                           │
 5 │~                                       │
 6 │~                                       │
 7 │~                                       │
 8 │~                                       │
 9 │~                                       │
10 │~                                       │
11 │~                                       │
12 │~                                       │
13 │~                                       │
14 │~                                       │
15 │~                                       │
16 │~                                       │
17 │~                                       │
18 │demo.py               2,1            All│
19 │-- VISUAL LINE --            1          │
    ────────────────────────────────────────
[HIGHLIGHT] row 1, cols 1-9: "rint("a")"

[KEYS] '2j'
[OVERLAY] 2j  select 3 lines

              1         2         3         
    0123456789012345678901234567890123456789
    ────────────────────────────────────────
 0 │if True:                                │
 1 │print("a")                              │
 2 │print("b")                              │
 3 │print("c")                              │ ◂ cursor (3,0)
 4 │print("done")                           │
 5 │~                                       │
 6 │~                                       │
 7 │~                                       │
 8 │~                                       │
 9 │~                                       │
10 │~                                       │
11 │~                                       │
12 │~                                       │
13 │~                                       │
14 │~                                       │
15 │~                                       │
16 │~                                       │
17 │~                                       │
18 │demo.py               4,1            All│
19 │-- VISUAL LINE --            3          │
    ────────────────────────────────────────
[HIGHLIGHT] row 1, cols 0-9: "print("a")"
[HIGHLIGHT] row 2, cols 0-9: "print("b")"
[HIGHLIGHT] row 3, cols 1-9: "rint("c")"

[TYPE] ':'

              1         2         3         
    0123456789012345678901234567890123456789
    ────────────────────────────────────────
 0 │if True:                                │
 1 │print("a")                              │
 2 │print("b")                              │
 3 │print("c")                              │
 4 │print("done")                           │
 5 │~                                       │
 6 │~                                       │
 7 │~                                       │
 8 │~                                       │
 9 │~                                       │
10 │~                                       │
11 │~                                       │
12 │~                                       │
13 │~                                       │
14 │~                                       │
15 │~                                       │
16 │~                                       │
17 │~                                       │
18 │demo.py               4,1            All│
19 │:'<,'>                                  │ ◂ cursor (19,6)
    ────────────────────────────────────────
[HIGHLIGHT] row 1, cols 0-9: "print("a")"
[HIGHLIGHT] row 2, cols 0-9: "print("b")"
[HIGHLIGHT] row 3, cols 1-9: "rint("c")"

[TYPE] '>'

              1         2         3         
    0123456789012345678901234567890123456789
    ────────────────────────────────────────
 0 │if True:                                │
 1 │print("a")                              │
 2 │print("b")                              │
 3 │print("c")                              │
 4 │print("done")                           │
 5 │~                                       │
 6 │~                                       │
 7 │~                                       │
 8 │~                                       │
 9 │~                                       │
10 │~                                       │
11 │~                                       │
12 │~                                       │
13 │~                                       │
14 │~                                       │
15 │~                                       │
16 │~                                       │
17 │~                                       │
18 │demo.py               4,1            All│
19 │:'<,'>>                                 │ ◂ cursor (19,7)
    ────────────────────────────────────────
[HIGHLIGHT] row 1, cols 0-9: "print("a")"
[HIGHLIGHT] row 2, cols 0-9: "print("b")"
[HIGHLIGHT] row 3, cols 1-9: "rint("c")"

[ENTER]

              1         2         3         
    0123456789012345678901234567890123456789
    ────────────────────────────────────────
 0 │if True:                                │
 1 │    print("a")                          │
 2 │    print("b")                          │
 3 │    print("c")                          │ ◂ cursor (3,4)
 4 │print("done")                           │
 5 │~                                       │
 6 │~                                       │
 7 │~                                       │
 8 │~                                       │
 9 │~                                       │
10 │~                                       │
11 │~                                       │
12 │~                                       │
13 │~                                       │
14 │~                                       │
15 │~                                       │
16 │~                                       │
17 │~                                       │
18 │demo.py [+]           4,5            All│
19 │3 lines >ed 1 time                      │
    ────────────────────────────────────────

[SAY] Three lines indented. They're now inside the if block.
[SAY] Select them again and dedent with colon less than.
[KEYS] 'gvgv'
[OVERLAY] gvgv  reselect

              1         2         3         
    0123456789012345678901234567890123456789
    ────────────────────────────────────────
 0 │if True:                                │
 1 │    print("a")                          │
 2 │    print("b")                          │
 3 │    print("c")                          │ ◂ cursor (3,0)
 4 │print("done")                           │
 5 │~                                       │
 6 │~                                       │
 7 │~                                       │
 8 │~                                       │
 9 │~                                       │
10 │~                                       │
11 │~                                       │
12 │~                                       │
13 │~                                       │
14 │~                                       │
15 │~                                       │
16 │~                                       │
17 │~                                       │
18 │demo.py [+]           4,1            All│
19 │-- VISUAL LINE --            3          │
    ────────────────────────────────────────
[HIGHLIGHT] row 1, cols 0-13: "    print("a")"
[HIGHLIGHT] row 2, cols 0-13: "    print("b")"
[HIGHLIGHT] row 3, cols 1-13: "   print("c")"

[TYPE] ':'

              1         2         3         
    0123456789012345678901234567890123456789
    ────────────────────────────────────────
 0 │if True:                                │
 1 │    print("a")                          │
 2 │    print("b")                          │
 3 │    print("c")                          │
 4 │print("done")                           │
 5 │~                                       │
 6 │~                                       │
 7 │~                                       │
 8 │~                                       │
 9 │~                                       │
10 │~                                       │
11 │~                                       │
12 │~                                       │
13 │~                                       │
14 │~                                       │
15 │~                                       │
16 │~                                       │
17 │~                                       │
18 │demo.py [+]           4,1            All│
19 │:'<,'>                                  │ ◂ cursor (19,6)
    ────────────────────────────────────────
[HIGHLIGHT] row 1, cols 0-13: "    print("a")"
[HIGHLIGHT] row 2, cols 0-13: "    print("b")"
[HIGHLIGHT] row 3, cols 1-13: "   print("c")"

[TYPE] '<'

              1         2         3         
    0123456789012345678901234567890123456789
    ────────────────────────────────────────
 0 │if True:                                │
 1 │    print("a")                          │
 2 │    print("b")                          │
 3 │    print("c")                          │
 4 │print("done")                           │
 5 │~                                       │
 6 │~                                       │
 7 │~                                       │
 8 │~                                       │
 9 │~                                       │
10 │~                                       │
11 │~                                       │
12 │~                                       │
13 │~                                       │
14 │~                                       │
15 │~                                       │
16 │~                                       │
17 │~                                       │
18 │demo.py [+]           4,1            All│
19 │:'<,'><                                 │ ◂ cursor (19,7)
    ────────────────────────────────────────
[HIGHLIGHT] row 1, cols 0-13: "    print("a")"
[HIGHLIGHT] row 2, cols 0-13: "    print("b")"
[HIGHLIGHT] row 3, cols 1-13: "   print("c")"

[ENTER]

              1         2         3         
    0123456789012345678901234567890123456789
    ────────────────────────────────────────
 0 │if True:                                │
 1 │print("a")                              │
 2 │print("b")                              │
 3 │print("c")                              │ ◂ cursor (3,0)
 4 │print("done")                           │
 5 │~                                       │
 6 │~                                       │
 7 │~                                       │
 8 │~                                       │
 9 │~                                       │
10 │~                                       │
11 │~                                       │
12 │~                                       │
13 │~                                       │
14 │~                                       │
15 │~                                       │
16 │~                                       │
17 │~                                       │
18 │demo.py [+]           4,1            All│
19 │3 lines <ed 1 time                      │
    ────────────────────────────────────────

[SAY] Back to the left. Colon less than undoes the indent.
[SAY] Visual select, then colon greater than or less than. Quick way to adjust indentation.