[RECORDING_START] Screen state at recording start:

              1         2         3         
    0123456789012345678901234567890123456789
    ────────────────────────────────────────
 0 │old = get_old()                         │ ◂ cursor (0,0)
 1 │print(old)                              │
 2 │if old > 0:                             │
 3 │    save(old)                           │
 4 │log(old)                                │
 5 │~                                       │
 6 │~                                       │
 7 │~                                       │
 8 │~                                       │
 9 │~                                       │
10 │~                                       │
11 │~                                       │
12 │~                                       │
13 │~                                       │
14 │~                                       │
15 │~                                       │
16 │~                                       │
17 │~                                       │
18 │app.py                1,1            All│
    ────────────────────────────────────────

[OVERLAY] VimFu — gn with Dot
[SAY] G N selects the next search match. Combined with C, it becomes C G N, which changes the next match. Then dot repeats it.
[SAY] First, search for old.
[TYPE] '/old'

              1         2         3         
    0123456789012345678901234567890123456789
    ────────────────────────────────────────
 0 │old = get_old()                         │
 1 │print(old)                              │
 2 │if old > 0:                             │
 3 │    save(old)                           │
 4 │log(old)                                │
 5 │~                                       │
 6 │~                                       │
 7 │~                                       │
 8 │~                                       │
 9 │~                                       │
10 │~                                       │
11 │~                                       │
12 │~                                       │
13 │~                                       │
14 │~                                       │
15 │~                                       │
16 │~                                       │
17 │~                                       │
18 │app.py                1,11           All│
19 │/old                                    │ ◂ cursor (19,4)
    ────────────────────────────────────────
[HIGHLIGHT] row 0, cols 0-2: "old"
[HIGHLIGHT] row 0, cols 10-12: "old"
[HIGHLIGHT] row 1, cols 6-8: "old"
[HIGHLIGHT] row 2, cols 3-5: "old"
[HIGHLIGHT] row 3, cols 9-11: "old"
[HIGHLIGHT] row 4, cols 4-6: "old"

[ENTER]

              1         2         3         
    0123456789012345678901234567890123456789
    ────────────────────────────────────────
 0 │old = get_old()                         │ ◂ cursor (0,10)
 1 │print(old)                              │
 2 │if old > 0:                             │
 3 │    save(old)                           │
 4 │log(old)                                │
 5 │~                                       │
 6 │~                                       │
 7 │~                                       │
 8 │~                                       │
 9 │~                                       │
10 │~                                       │
11 │~                                       │
12 │~                                       │
13 │~                                       │
14 │~                                       │
15 │~                                       │
16 │~                                       │
17 │~                                       │
18 │app.py                1,11           All│
19 │/old                  [2/6]             │
    ────────────────────────────────────────
[HIGHLIGHT] row 0, cols 0-2: "old"
[HIGHLIGHT] row 0, cols 11-12: "ld"
[HIGHLIGHT] row 1, cols 6-8: "old"
[HIGHLIGHT] row 2, cols 3-5: "old"
[HIGHLIGHT] row 3, cols 9-11: "old"
[HIGHLIGHT] row 4, cols 4-6: "old"

[SAY] Now type C G N, then type the replacement: new.
[KEYS] 'cgn'
[OVERLAY] cgn  change next match

              1         2         3         
    0123456789012345678901234567890123456789
    ────────────────────────────────────────
 0 │old = get_()                            │ ◂ cursor (0,10)
 1 │print(old)                              │
 2 │if old > 0:                             │
 3 │    save(old)                           │
 4 │log(old)                                │
 5 │~                                       │
 6 │~                                       │
 7 │~                                       │
 8 │~                                       │
 9 │~                                       │
10 │~                                       │
11 │~                                       │
12 │~                                       │
13 │~                                       │
14 │~                                       │
15 │~                                       │
16 │~                                       │
17 │~                                       │
18 │app.py [+]            1,11           All│
19 │-- INSERT --                            │
    ────────────────────────────────────────
[HIGHLIGHT] row 0, cols 0-2: "old"
[HIGHLIGHT] row 1, cols 6-8: "old"
[HIGHLIGHT] row 2, cols 3-5: "old"
[HIGHLIGHT] row 3, cols 9-11: "old"
[HIGHLIGHT] row 4, cols 4-6: "old"

[KEYS] 'new'
[OVERLAY] new

              1         2         3         
    0123456789012345678901234567890123456789
    ────────────────────────────────────────
 0 │old = get_new()                         │ ◂ cursor (0,13)
 1 │print(old)                              │
 2 │if old > 0:                             │
 3 │    save(old)                           │
 4 │log(old)                                │
 5 │~                                       │
 6 │~                                       │
 7 │~                                       │
 8 │~                                       │
 9 │~                                       │
10 │~                                       │
11 │~                                       │
12 │~                                       │
13 │~                                       │
14 │~                                       │
15 │~                                       │
16 │~                                       │
17 │~                                       │
18 │app.py [+]            1,14           All│
19 │-- INSERT --                            │
    ────────────────────────────────────────
[HIGHLIGHT] row 0, cols 0-2: "old"
[HIGHLIGHT] row 1, cols 6-8: "old"
[HIGHLIGHT] row 2, cols 3-5: "old"
[HIGHLIGHT] row 3, cols 9-11: "old"
[HIGHLIGHT] row 4, cols 4-6: "old"

[ESCAPE]

              1         2         3         
    0123456789012345678901234567890123456789
    ────────────────────────────────────────
 0 │old = get_new()                         │ ◂ cursor (0,12)
 1 │print(old)                              │
 2 │if old > 0:                             │
 3 │    save(old)                           │
 4 │log(old)                                │
 5 │~                                       │
 6 │~                                       │
 7 │~                                       │
 8 │~                                       │
 9 │~                                       │
10 │~                                       │
11 │~                                       │
12 │~                                       │
13 │~                                       │
14 │~                                       │
15 │~                                       │
16 │~                                       │
17 │~                                       │
18 │app.py [+]            1,13           All│
    ────────────────────────────────────────
[HIGHLIGHT] row 0, cols 0-2: "old"
[HIGHLIGHT] row 1, cols 6-8: "old"
[HIGHLIGHT] row 2, cols 3-5: "old"
[HIGHLIGHT] row 3, cols 9-11: "old"
[HIGHLIGHT] row 4, cols 4-6: "old"

[SAY] The first old changed to new. Now just press dot.
[KEYS] '.'
[OVERLAY] .  repeat

              1         2         3         
    0123456789012345678901234567890123456789
    ────────────────────────────────────────
 0 │old = get_new()                         │
 1 │print(new)                              │ ◂ cursor (1,8)
 2 │if old > 0:                             │
 3 │    save(old)                           │
 4 │log(old)                                │
 5 │~                                       │
 6 │~                                       │
 7 │~                                       │
 8 │~                                       │
 9 │~                                       │
10 │~                                       │
11 │~                                       │
12 │~                                       │
13 │~                                       │
14 │~                                       │
15 │~                                       │
16 │~                                       │
17 │~                                       │
18 │app.py [+]            2,9            All│
    ────────────────────────────────────────
[HIGHLIGHT] row 0, cols 0-2: "old"
[HIGHLIGHT] row 2, cols 3-5: "old"
[HIGHLIGHT] row 3, cols 9-11: "old"
[HIGHLIGHT] row 4, cols 4-6: "old"

[KEYS] '.'
[OVERLAY] .  repeat

              1         2         3         
    0123456789012345678901234567890123456789
    ────────────────────────────────────────
 0 │old = get_new()                         │
 1 │print(new)                              │
 2 │if new > 0:                             │ ◂ cursor (2,5)
 3 │    save(old)                           │
 4 │log(old)                                │
 5 │~                                       │
 6 │~                                       │
 7 │~                                       │
 8 │~                                       │
 9 │~                                       │
10 │~                                       │
11 │~                                       │
12 │~                                       │
13 │~                                       │
14 │~                                       │
15 │~                                       │
16 │~                                       │
17 │~                                       │
18 │app.py [+]            3,6            All│
    ────────────────────────────────────────
[HIGHLIGHT] row 0, cols 0-2: "old"
[HIGHLIGHT] row 3, cols 9-11: "old"
[HIGHLIGHT] row 4, cols 4-6: "old"

[KEYS] '.'
[OVERLAY] .  repeat

              1         2         3         
    0123456789012345678901234567890123456789
    ────────────────────────────────────────
 0 │old = get_new()                         │
 1 │print(new)                              │
 2 │if new > 0:                             │
 3 │    save(new)                           │ ◂ cursor (3,11)
 4 │log(old)                                │
 5 │~                                       │
 6 │~                                       │
 7 │~                                       │
 8 │~                                       │
 9 │~                                       │
10 │~                                       │
11 │~                                       │
12 │~                                       │
13 │~                                       │
14 │~                                       │
15 │~                                       │
16 │~                                       │
17 │~                                       │
18 │app.py [+]            4,12           All│
    ────────────────────────────────────────
[HIGHLIGHT] row 0, cols 0-2: "old"
[HIGHLIGHT] row 4, cols 4-6: "old"

[KEYS] '.'
[OVERLAY] .  repeat

              1         2         3         
    0123456789012345678901234567890123456789
    ────────────────────────────────────────
 0 │old = get_new()                         │
 1 │print(new)                              │
 2 │if new > 0:                             │
 3 │    save(new)                           │
 4 │log(new)                                │ ◂ cursor (4,6)
 5 │~                                       │
 6 │~                                       │
 7 │~                                       │
 8 │~                                       │
 9 │~                                       │
10 │~                                       │
11 │~                                       │
12 │~                                       │
13 │~                                       │
14 │~                                       │
15 │~                                       │
16 │~                                       │
17 │~                                       │
18 │app.py [+]            5,7            All│
    ────────────────────────────────────────
[HIGHLIGHT] row 0, cols 0-2: "old"

[SAY] Each dot found the next old and changed it to new. Unlike star-dot, you don't need to press N between dots. G N does the searching for you.