[RECORDING_START] Screen state at recording start:

              1         2         3         
    0123456789012345678901234567890123456789
    ────────────────────────────────────────
 0 │max_mana = 200                          │ ◂ cursor (0,0)
 1 │fire_damage = 50                        │
 2 │ice_shield = True                       │
 3 │crit_chance = 0.15                      │
 4 │boss_name = "dragon"                    │
 5 │~                                       │
 6 │~                                       │
 7 │~                                       │
 8 │~                                       │
 9 │~                                       │
10 │~                                       │
11 │~                                       │
12 │~                                       │
13 │~                                       │
14 │~                                       │
15 │~                                       │
16 │~                                       │
17 │~                                       │
18 │spell.py              1,1            All│
    ────────────────────────────────────────

[OVERLAY] VimFu — Uppercase Motion
[SAY] G U plus a motion makes text uppercase. It's an operator, so it works with any motion.
[SAY] These constants should be uppercase. G U I W uppercases the inner word.
[KEYS] 'gUiw'
[OVERLAY] gUiw  uppercase word

              1         2         3         
    0123456789012345678901234567890123456789
    ────────────────────────────────────────
 0 │MAX_MANA = 200                          │ ◂ cursor (0,0)
 1 │fire_damage = 50                        │
 2 │ice_shield = True                       │
 3 │crit_chance = 0.15                      │
 4 │boss_name = "dragon"                    │
 5 │~                                       │
 6 │~                                       │
 7 │~                                       │
 8 │~                                       │
 9 │~                                       │
10 │~                                       │
11 │~                                       │
12 │~                                       │
13 │~                                       │
14 │~                                       │
15 │~                                       │
16 │~                                       │
17 │~                                       │
18 │spell.py [+]          1,1            All│
    ────────────────────────────────────────

[SAY] Max mana is now all caps.
[SAY] Next line. Same command.
[KEYS] 'j'
[OVERLAY] j

              1         2         3         
    0123456789012345678901234567890123456789
    ────────────────────────────────────────
 0 │MAX_MANA = 200                          │
 1 │fire_damage = 50                        │ ◂ cursor (1,0)
 2 │ice_shield = True                       │
 3 │crit_chance = 0.15                      │
 4 │boss_name = "dragon"                    │
 5 │~                                       │
 6 │~                                       │
 7 │~                                       │
 8 │~                                       │
 9 │~                                       │
10 │~                                       │
11 │~                                       │
12 │~                                       │
13 │~                                       │
14 │~                                       │
15 │~                                       │
16 │~                                       │
17 │~                                       │
18 │spell.py [+]          2,1            All│
    ────────────────────────────────────────

[KEYS] 'gUiw'
[OVERLAY] gUiw  uppercase word

              1         2         3         
    0123456789012345678901234567890123456789
    ────────────────────────────────────────
 0 │MAX_MANA = 200                          │
 1 │FIRE_DAMAGE = 50                        │ ◂ cursor (1,0)
 2 │ice_shield = True                       │
 3 │crit_chance = 0.15                      │
 4 │boss_name = "dragon"                    │
 5 │~                                       │
 6 │~                                       │
 7 │~                                       │
 8 │~                                       │
 9 │~                                       │
10 │~                                       │
11 │~                                       │
12 │~                                       │
13 │~                                       │
14 │~                                       │
15 │~                                       │
16 │~                                       │
17 │~                                       │
18 │spell.py [+]          2,1            All│
    ────────────────────────────────────────

[SAY] Fire damage. Done.
[SAY] G U dollar sign. Uppercase from here to the end of the line.
[KEYS] 'j'
[OVERLAY] j

              1         2         3         
    0123456789012345678901234567890123456789
    ────────────────────────────────────────
 0 │MAX_MANA = 200                          │
 1 │FIRE_DAMAGE = 50                        │
 2 │ice_shield = True                       │ ◂ cursor (2,0)
 3 │crit_chance = 0.15                      │
 4 │boss_name = "dragon"                    │
 5 │~                                       │
 6 │~                                       │
 7 │~                                       │
 8 │~                                       │
 9 │~                                       │
10 │~                                       │
11 │~                                       │
12 │~                                       │
13 │~                                       │
14 │~                                       │
15 │~                                       │
16 │~                                       │
17 │~                                       │
18 │spell.py [+]          3,1            All│
    ────────────────────────────────────────

[KEYS] 'gU$'
[OVERLAY] gU$  uppercase to end

              1         2         3         
    0123456789012345678901234567890123456789
    ────────────────────────────────────────
 0 │MAX_MANA = 200                          │
 1 │FIRE_DAMAGE = 50                        │
 2 │ICE_SHIELD = TRUE                       │ ◂ cursor (2,0)
 3 │crit_chance = 0.15                      │
 4 │boss_name = "dragon"                    │
 5 │~                                       │
 6 │~                                       │
 7 │~                                       │
 8 │~                                       │
 9 │~                                       │
10 │~                                       │
11 │~                                       │
12 │~                                       │
13 │~                                       │
14 │~                                       │
15 │~                                       │
16 │~                                       │
17 │~                                       │
18 │spell.py [+]          3,1            All│
    ────────────────────────────────────────

[SAY] The whole line went uppercase.
[SAY] Undo that.
[KEYS] 'u'
[OVERLAY] u  undo

              1         2         3         
    0123456789012345678901234567890123456789
    ────────────────────────────────────────
 0 │MAX_MANA = 200                          │
 1 │FIRE_DAMAGE = 50                        │
 2 │ice_shield = True                       │ ◂ cursor (2,0)
 3 │crit_chance = 0.15                      │
 4 │boss_name = "dragon"                    │
 5 │~                                       │
 6 │~                                       │
 7 │~                                       │
 8 │~                                       │
 9 │~                                       │
10 │~                                       │
11 │~                                       │
12 │~                                       │
13 │~                                       │
14 │~                                       │
15 │~                                       │
16 │~                                       │
17 │~                                       │
18 │spell.py [+]          3,1            All│
19 │1 change; be...7 seconds ago            │
    ────────────────────────────────────────

[SAY] Go big. G U, capital G. Uppercase everything from here to the end.
[KEYS] 'gU'
[OVERLAY] gU  uppercase

              1         2         3         
    0123456789012345678901234567890123456789
    ────────────────────────────────────────
 0 │MAX_MANA = 200                          │
 1 │FIRE_DAMAGE = 50                        │
 2 │ice_shield = True                       │ ◂ cursor (2,0)
 3 │crit_chance = 0.15                      │
 4 │boss_name = "dragon"                    │
 5 │~                                       │
 6 │~                                       │
 7 │~                                       │
 8 │~                                       │
 9 │~                                       │
10 │~                                       │
11 │~                                       │
12 │~                                       │
13 │~                                       │
14 │~                                       │
15 │~                                       │
16 │~                                       │
17 │~                                       │
18 │spell.py [+]          3,1            All│
19 │1 change; be...7 seconds ago gU         │
    ────────────────────────────────────────

[KEYS] 'G'
[OVERLAY] ⇧G  to end of file

              1         2         3         
    0123456789012345678901234567890123456789
    ────────────────────────────────────────
 0 │MAX_MANA = 200                          │
 1 │FIRE_DAMAGE = 50                        │
 2 │ICE_SHIELD = TRUE                       │ ◂ cursor (2,0)
 3 │CRIT_CHANCE = 0.15                      │
 4 │BOSS_NAME = "DRAGON"                    │
 5 │~                                       │
 6 │~                                       │
 7 │~                                       │
 8 │~                                       │
 9 │~                                       │
10 │~                                       │
11 │~                                       │
12 │~                                       │
13 │~                                       │
14 │~                                       │
15 │~                                       │
16 │~                                       │
17 │~                                       │
18 │spell.py [+]          3,1            All│
19 │3 lines changed                         │
    ────────────────────────────────────────

[SAY] Three lines. All caps. One command.
[KEYS] 'u'
[OVERLAY] u  undo

              1         2         3         
    0123456789012345678901234567890123456789
    ────────────────────────────────────────
 0 │MAX_MANA = 200                          │
 1 │FIRE_DAMAGE = 50                        │
 2 │ice_shield = True                       │ ◂ cursor (2,0)
 3 │crit_chance = 0.15                      │
 4 │boss_name = "dragon"                    │
 5 │~                                       │
 6 │~                                       │
 7 │~                                       │
 8 │~                                       │
 9 │~                                       │
10 │~                                       │
11 │~                                       │
12 │~                                       │
13 │~                                       │
14 │~                                       │
15 │~                                       │
16 │~                                       │
17 │~                                       │
18 │spell.py [+]          3,1            All│
19 │3 changes; b...6 seconds ago            │
    ────────────────────────────────────────

[SAY] G U is the uppercase operator. Pair it with any motion. I W for a word. Dollar for the line. Capital G for the file.