[RECORDING_START] Screen state at recording start:

              1         2         3         
    0123456789012345678901234567890123456789
    ────────────────────────────────────────
 0 │# items                                 │ ◂ cursor (0,0)
 1 │sword = 10                              │
 2 │shield = 15                             │
 3 │potion = 5                              │
 4 │arrow = 2                               │
 5 │helmet = 12                             │
 6 │~                                       │
 7 │~                                       │
 8 │~                                       │
 9 │~                                       │
10 │~                                       │
11 │~                                       │
12 │~                                       │
13 │~                                       │
14 │~                                       │
15 │~                                       │
16 │~                                       │
17 │~                                       │
18 │items.py              1,1            All│
    ────────────────────────────────────────

[OVERLAY] VimFu — Block Insert
[SAY] In block visual mode, capital I inserts text at the start of every line in the block.
[SAY] Let's add a prefix to each item. Control V on the first item.
[KEYS] 'j0'
[OVERLAY] j0

              1         2         3         
    0123456789012345678901234567890123456789
    ────────────────────────────────────────
 0 │# items                                 │
 1 │sword = 10                              │ ◂ cursor (1,0)
 2 │shield = 15                             │
 3 │potion = 5                              │
 4 │arrow = 2                               │
 5 │helmet = 12                             │
 6 │~                                       │
 7 │~                                       │
 8 │~                                       │
 9 │~                                       │
10 │~                                       │
11 │~                                       │
12 │~                                       │
13 │~                                       │
14 │~                                       │
15 │~                                       │
16 │~                                       │
17 │~                                       │
18 │items.py              2,1            All│
    ────────────────────────────────────────

[KEYS] '\x16'
[OVERLAY] ⌃v  Ctrl-V — block

              1         2         3         
    0123456789012345678901234567890123456789
    ────────────────────────────────────────
 0 │# items                                 │
 1 │sword = 10                              │ ◂ cursor (1,0)
 2 │shield = 15                             │
 3 │potion = 5                              │
 4 │arrow = 2                               │
 5 │helmet = 12                             │
 6 │~                                       │
 7 │~                                       │
 8 │~                                       │
 9 │~                                       │
10 │~                                       │
11 │~                                       │
12 │~                                       │
13 │~                                       │
14 │~                                       │
15 │~                                       │
16 │~                                       │
17 │~                                       │
18 │items.py              2,1            All│
19 │-- VISUAL BLOCK --           1x1        │
    ────────────────────────────────────────

[SAY] Move down to select all item lines.
[KEYS] '4j'
[OVERLAY] 4j

              1         2         3         
    0123456789012345678901234567890123456789
    ────────────────────────────────────────
 0 │# items                                 │
 1 │sword = 10                              │
 2 │shield = 15                             │
 3 │potion = 5                              │
 4 │arrow = 2                               │
 5 │helmet = 12                             │ ◂ cursor (5,0)
 6 │~                                       │
 7 │~                                       │
 8 │~                                       │
 9 │~                                       │
10 │~                                       │
11 │~                                       │
12 │~                                       │
13 │~                                       │
14 │~                                       │
15 │~                                       │
16 │~                                       │
17 │~                                       │
18 │items.py              6,1            All│
19 │-- VISUAL BLOCK --           5x1        │
    ────────────────────────────────────────
[HIGHLIGHT] row 1, col 0: "s"
[HIGHLIGHT] row 2, col 0: "s"
[HIGHLIGHT] row 3, col 0: "p"
[HIGHLIGHT] row 4, col 0: "a"

[SAY] Capital I to insert.
[KEYS] 'I'
[OVERLAY] ⇧I  I — block insert

              1         2         3         
    0123456789012345678901234567890123456789
    ────────────────────────────────────────
 0 │# items                                 │
 1 │sword = 10                              │ ◂ cursor (1,0)
 2 │shield = 15                             │
 3 │potion = 5                              │
 4 │arrow = 2                               │
 5 │helmet = 12                             │
 6 │~                                       │
 7 │~                                       │
 8 │~                                       │
 9 │~                                       │
10 │~                                       │
11 │~                                       │
12 │~                                       │
13 │~                                       │
14 │~                                       │
15 │~                                       │
16 │~                                       │
17 │~                                       │
18 │items.py              2,1            All│
19 │-- INSERT --                            │
    ────────────────────────────────────────

[TYPE] 'item_'

              1         2         3         
    0123456789012345678901234567890123456789
    ────────────────────────────────────────
 0 │# items                                 │
 1 │item_sword = 10                         │ ◂ cursor (1,5)
 2 │shield = 15                             │
 3 │potion = 5                              │
 4 │arrow = 2                               │
 5 │helmet = 12                             │
 6 │~                                       │
 7 │~                                       │
 8 │~                                       │
 9 │~                                       │
10 │~                                       │
11 │~                                       │
12 │~                                       │
13 │~                                       │
14 │~                                       │
15 │~                                       │
16 │~                                       │
17 │~                                       │
18 │items.py [+]          2,6            All│
19 │-- INSERT --                            │
    ────────────────────────────────────────

[SAY] I typed item underscore. It only shows on the first line. Press escape.
[ESCAPE]

              1         2         3         
    0123456789012345678901234567890123456789
    ────────────────────────────────────────
 0 │# items                                 │
 1 │item_sword = 10                         │ ◂ cursor (1,0)
 2 │item_shield = 15                        │
 3 │item_potion = 5                         │
 4 │item_arrow = 2                          │
 5 │item_helmet = 12                        │
 6 │~                                       │
 7 │~                                       │
 8 │~                                       │
 9 │~                                       │
10 │~                                       │
11 │~                                       │
12 │~                                       │
13 │~                                       │
14 │~                                       │
15 │~                                       │
16 │~                                       │
17 │~                                       │
18 │items.py [+]          2,1            All│
    ────────────────────────────────────────

[SAY] There it is. Item underscore added to every line in the block. All five lines got the prefix.
[KEYS] 'u'
[OVERLAY] u  undo

              1         2         3         
    0123456789012345678901234567890123456789
    ────────────────────────────────────────
 0 │# items                                 │
 1 │sword = 10                              │ ◂ cursor (1,0)
 2 │shield = 15                             │
 3 │potion = 5                              │
 4 │arrow = 2                               │
 5 │helmet = 12                             │
 6 │~                                       │
 7 │~                                       │
 8 │~                                       │
 9 │~                                       │
10 │~                                       │
11 │~                                       │
12 │~                                       │
13 │~                                       │
14 │~                                       │
15 │~                                       │
16 │~                                       │
17 │~                                       │
18 │items.py              2,1            All│
19 │5 changes; b...2 seconds ago            │
    ────────────────────────────────────────

[SAY] Another example. Add a hash comment to each line. Control V, select the lines.
[KEYS] 'j0'
[OVERLAY] j0

              1         2         3         
    0123456789012345678901234567890123456789
    ────────────────────────────────────────
 0 │# items                                 │
 1 │sword = 10                              │
 2 │shield = 15                             │ ◂ cursor (2,0)
 3 │potion = 5                              │
 4 │arrow = 2                               │
 5 │helmet = 12                             │
 6 │~                                       │
 7 │~                                       │
 8 │~                                       │
 9 │~                                       │
10 │~                                       │
11 │~                                       │
12 │~                                       │
13 │~                                       │
14 │~                                       │
15 │~                                       │
16 │~                                       │
17 │~                                       │
18 │items.py              3,1            All│
19 │5 changes; b...2 seconds ago            │
    ────────────────────────────────────────

[KEYS] '\x16'
[OVERLAY] ⌃v  visual block

              1         2         3         
    0123456789012345678901234567890123456789
    ────────────────────────────────────────
 0 │# items                                 │
 1 │sword = 10                              │
 2 │shield = 15                             │ ◂ cursor (2,0)
 3 │potion = 5                              │
 4 │arrow = 2                               │
 5 │helmet = 12                             │
 6 │~                                       │
 7 │~                                       │
 8 │~                                       │
 9 │~                                       │
10 │~                                       │
11 │~                                       │
12 │~                                       │
13 │~                                       │
14 │~                                       │
15 │~                                       │
16 │~                                       │
17 │~                                       │
18 │items.py              3,1            All│
19 │-- VISUAL BLOCK --           1x1        │
    ────────────────────────────────────────

[KEYS] '4j'
[OVERLAY] 4j

              1         2         3         
    0123456789012345678901234567890123456789
    ────────────────────────────────────────
 0 │# items                                 │
 1 │sword = 10                              │
 2 │shield = 15                             │
 3 │potion = 5                              │
 4 │arrow = 2                               │
 5 │helmet = 12                             │ ◂ cursor (5,0)
 6 │~                                       │
 7 │~                                       │
 8 │~                                       │
 9 │~                                       │
10 │~                                       │
11 │~                                       │
12 │~                                       │
13 │~                                       │
14 │~                                       │
15 │~                                       │
16 │~                                       │
17 │~                                       │
18 │items.py              6,1            All│
19 │-- VISUAL BLOCK --           4x1        │
    ────────────────────────────────────────
[HIGHLIGHT] row 2, col 0: "s"
[HIGHLIGHT] row 3, col 0: "p"
[HIGHLIGHT] row 4, col 0: "a"

[KEYS] 'I'
[OVERLAY] ⇧I  insert at start

              1         2         3         
    0123456789012345678901234567890123456789
    ────────────────────────────────────────
 0 │# items                                 │
 1 │sword = 10                              │
 2 │shield = 15                             │ ◂ cursor (2,0)
 3 │potion = 5                              │
 4 │arrow = 2                               │
 5 │helmet = 12                             │
 6 │~                                       │
 7 │~                                       │
 8 │~                                       │
 9 │~                                       │
10 │~                                       │
11 │~                                       │
12 │~                                       │
13 │~                                       │
14 │~                                       │
15 │~                                       │
16 │~                                       │
17 │~                                       │
18 │items.py              3,1            All│
19 │-- INSERT --                            │
    ────────────────────────────────────────

[TYPE] '# '

              1         2         3         
    0123456789012345678901234567890123456789
    ────────────────────────────────────────
 0 │# items                                 │
 1 │sword = 10                              │
 2 │# shield = 15                           │ ◂ cursor (2,2)
 3 │potion = 5                              │
 4 │arrow = 2                               │
 5 │helmet = 12                             │
 6 │~                                       │
 7 │~                                       │
 8 │~                                       │
 9 │~                                       │
10 │~                                       │
11 │~                                       │
12 │~                                       │
13 │~                                       │
14 │~                                       │
15 │~                                       │
16 │~                                       │
17 │~                                       │
18 │items.py [+]          3,3            All│
19 │-- INSERT --                            │
    ────────────────────────────────────────

[ESCAPE]

              1         2         3         
    0123456789012345678901234567890123456789
    ────────────────────────────────────────
 0 │# items                                 │
 1 │sword = 10                              │
 2 │# shield = 15                           │ ◂ cursor (2,0)
 3 │# potion = 5                            │
 4 │# arrow = 2                             │
 5 │# helmet = 12                           │
 6 │~                                       │
 7 │~                                       │
 8 │~                                       │
 9 │~                                       │
10 │~                                       │
11 │~                                       │
12 │~                                       │
13 │~                                       │
14 │~                                       │
15 │~                                       │
16 │~                                       │
17 │~                                       │
18 │items.py [+]          3,1            All│
    ────────────────────────────────────────

[SAY] All lines commented out. Block insert is powerful for adding text to multiple lines at once.
[KEYS] 'u'
[OVERLAY] u  undo

              1         2         3         
    0123456789012345678901234567890123456789
    ────────────────────────────────────────
 0 │# items                                 │
 1 │sword = 10                              │
 2 │shield = 15                             │ ◂ cursor (2,0)
 3 │potion = 5                              │
 4 │arrow = 2                               │
 5 │helmet = 12                             │
 6 │~                                       │
 7 │~                                       │
 8 │~                                       │
 9 │~                                       │
10 │~                                       │
11 │~                                       │
12 │~                                       │
13 │~                                       │
14 │~                                       │
15 │~                                       │
16 │~                                       │
17 │~                                       │
18 │items.py              3,1            All│
19 │4 changes; b...9 seconds ago            │
    ────────────────────────────────────────

[SAY] Control V, select lines, capital I, type, escape. Block insert.