[RECORDING_START] Screen state at recording start:

              1         2         3         
    0123456789012345678901234567890123456789
    ────────────────────────────────────────
 0 │➜  vimfu                                │ ◂ cursor (0,9)
    ────────────────────────────────────────

[OVERLAY] VimFu — End of Line
[SAY] Zero goes to the start of the line.
[LINE] 'nvim greet.py'

              1         2         3         
    0123456789012345678901234567890123456789
    ────────────────────────────────────────
 0 │➜  vimfu nvim greet.py                  │
    ────────────────────────────────────────

[SAY] Dollar sign goes to the end.
[KEYS] '$'
[OVERLAY] ⇧$  line end

              1         2         3         
    0123456789012345678901234567890123456789
    ────────────────────────────────────────
 0 │                                        │ ◂ cursor (0,0)
    ────────────────────────────────────────

[SAY] Instant jump to the last character.
[SAY] Works on every line.
[KEYS] 'j'
[OVERLAY] j  down

              1         2         3         
    0123456789012345678901234567890123456789
    ────────────────────────────────────────
 0 │def greet(name):                        │
 1 │    msg = f"Hello {name}"               │ ◂ cursor (1,24)
 2 │    print(msg)                          │
 3 │~                                       │
 4 │~                                       │
 5 │~                                       │
 6 │~                                       │
 7 │~                                       │
 8 │~                                       │
 9 │~                                       │
10 │~                                       │
11 │~                                       │
12 │~                                       │
13 │~                                       │
14 │~                                       │
15 │~                                       │
16 │~                                       │
17 │~                                       │
18 │greet.py              2,25           All│
    ────────────────────────────────────────

[KEYS] '0'
[OVERLAY] 0  line start

              1         2         3         
    0123456789012345678901234567890123456789
    ────────────────────────────────────────
 0 │def greet(name):                        │
 1 │    msg = f"Hello {name}"               │ ◂ cursor (1,0)
 2 │    print(msg)                          │
 3 │~                                       │
 4 │~                                       │
 5 │~                                       │
 6 │~                                       │
 7 │~                                       │
 8 │~                                       │
 9 │~                                       │
10 │~                                       │
11 │~                                       │
12 │~                                       │
13 │~                                       │
14 │~                                       │
15 │~                                       │
16 │~                                       │
17 │~                                       │
18 │greet.py              2,1            All│
    ────────────────────────────────────────

[KEYS] '$'
[OVERLAY] ⇧$  line end

              1         2         3         
    0123456789012345678901234567890123456789
    ────────────────────────────────────────
 0 │def greet(name):                        │
 1 │    msg = f"Hello {name}"               │ ◂ cursor (1,24)
 2 │    print(msg)                          │
 3 │~                                       │
 4 │~                                       │
 5 │~                                       │
 6 │~                                       │
 7 │~                                       │
 8 │~                                       │
 9 │~                                       │
10 │~                                       │
11 │~                                       │
12 │~                                       │
13 │~                                       │
14 │~                                       │
15 │~                                       │
16 │~                                       │
17 │~                                       │
18 │greet.py              2,25           All│
    ────────────────────────────────────────

[KEYS] 'j'
[OVERLAY] j  down

              1         2         3         
    0123456789012345678901234567890123456789
    ────────────────────────────────────────
 0 │def greet(name):                        │
 1 │    msg = f"Hello {name}"               │
 2 │    print(msg)                          │ ◂ cursor (2,13)
 3 │~                                       │
 4 │~                                       │
 5 │~                                       │
 6 │~                                       │
 7 │~                                       │
 8 │~                                       │
 9 │~                                       │
10 │~                                       │
11 │~                                       │
12 │~                                       │
13 │~                                       │
14 │~                                       │
15 │~                                       │
16 │~                                       │
17 │~                                       │
18 │greet.py              3,14           All│
    ────────────────────────────────────────

[KEYS] '0'
[OVERLAY] 0  line start

              1         2         3         
    0123456789012345678901234567890123456789
    ────────────────────────────────────────
 0 │def greet(name):                        │
 1 │    msg = f"Hello {name}"               │
 2 │    print(msg)                          │ ◂ cursor (2,0)
 3 │~                                       │
 4 │~                                       │
 5 │~                                       │
 6 │~                                       │
 7 │~                                       │
 8 │~                                       │
 9 │~                                       │
10 │~                                       │
11 │~                                       │
12 │~                                       │
13 │~                                       │
14 │~                                       │
15 │~                                       │
16 │~                                       │
17 │~                                       │
18 │greet.py              3,1            All│
    ────────────────────────────────────────

[KEYS] '$'
[OVERLAY] ⇧$  line end

              1         2         3         
    0123456789012345678901234567890123456789
    ────────────────────────────────────────
 0 │def greet(name):                        │
 1 │    msg = f"Hello {name}"               │
 2 │    print(msg)                          │ ◂ cursor (2,13)
 3 │~                                       │
 4 │~                                       │
 5 │~                                       │
 6 │~                                       │
 7 │~                                       │
 8 │~                                       │
 9 │~                                       │
10 │~                                       │
11 │~                                       │
12 │~                                       │
13 │~                                       │
14 │~                                       │
15 │~                                       │
16 │~                                       │
17 │~                                       │
18 │greet.py              3,14           All│
    ────────────────────────────────────────

[SAY] No matter how long the line is.
[SAY] Zero and dollar. Start and end. Like bookends.
[KEYS] 'g'
[OVERLAY] g

              1         2         3         
    0123456789012345678901234567890123456789
    ────────────────────────────────────────
 0 │def greet(name):                        │
 1 │    msg = f"Hello {name}"               │
 2 │    print(msg)                          │ ◂ cursor (2,13)
 3 │~                                       │
 4 │~                                       │
 5 │~                                       │
 6 │~                                       │
 7 │~                                       │
 8 │~                                       │
 9 │~                                       │
10 │~                                       │
11 │~                                       │
12 │~                                       │
13 │~                                       │
14 │~                                       │
15 │~                                       │
16 │~                                       │
17 │~                                       │
18 │greet.py              3,14           All│
19 │                             g          │
    ────────────────────────────────────────

[KEYS] 'g'
[OVERLAY] g  file start

              1         2         3         
    0123456789012345678901234567890123456789
    ────────────────────────────────────────
 0 │def greet(name):                        │ ◂ cursor (0,15)
 1 │    msg = f"Hello {name}"               │
 2 │    print(msg)                          │
 3 │~                                       │
 4 │~                                       │
 5 │~                                       │
 6 │~                                       │
 7 │~                                       │
 8 │~                                       │
 9 │~                                       │
10 │~                                       │
11 │~                                       │
12 │~                                       │
13 │~                                       │
14 │~                                       │
15 │~                                       │
16 │~                                       │
17 │~                                       │
18 │greet.py              1,16           All│
    ────────────────────────────────────────

[KEYS] '$'
[OVERLAY] ⇧$  line end

              1         2         3         
    0123456789012345678901234567890123456789
    ────────────────────────────────────────
 0 │def greet(name):                        │ ◂ cursor (0,15)
 1 │    msg = f"Hello {name}"               │
 2 │    print(msg)                          │
 3 │~                                       │
 4 │~                                       │
 5 │~                                       │
 6 │~                                       │
 7 │~                                       │
 8 │~                                       │
 9 │~                                       │
10 │~                                       │
11 │~                                       │
12 │~                                       │
13 │~                                       │
14 │~                                       │
15 │~                                       │
16 │~                                       │
17 │~                                       │
18 │greet.py              1,16           All│
    ────────────────────────────────────────

[KEYS] '0'
[OVERLAY] 0  line start

              1         2         3         
    0123456789012345678901234567890123456789
    ────────────────────────────────────────
 0 │def greet(name):                        │ ◂ cursor (0,0)
 1 │    msg = f"Hello {name}"               │
 2 │    print(msg)                          │
 3 │~                                       │
 4 │~                                       │
 5 │~                                       │
 6 │~                                       │
 7 │~                                       │
 8 │~                                       │
 9 │~                                       │
10 │~                                       │
11 │~                                       │
12 │~                                       │
13 │~                                       │
14 │~                                       │
15 │~                                       │
16 │~                                       │
17 │~                                       │
18 │greet.py              1,1            All│
    ────────────────────────────────────────

[KEYS] '$'
[OVERLAY] ⇧$  line end

              1         2         3         
    0123456789012345678901234567890123456789
    ────────────────────────────────────────
 0 │def greet(name):                        │ ◂ cursor (0,15)
 1 │    msg = f"Hello {name}"               │
 2 │    print(msg)                          │
 3 │~                                       │
 4 │~                                       │
 5 │~                                       │
 6 │~                                       │
 7 │~                                       │
 8 │~                                       │
 9 │~                                       │
10 │~                                       │
11 │~                                       │
12 │~                                       │
13 │~                                       │
14 │~                                       │
15 │~                                       │
16 │~                                       │
17 │~                                       │
18 │greet.py              1,16           All│
    ────────────────────────────────────────

[KEYS] '0'
[OVERLAY] 0  line start

              1         2         3         
    0123456789012345678901234567890123456789
    ────────────────────────────────────────
 0 │def greet(name):                        │ ◂ cursor (0,0)
 1 │    msg = f"Hello {name}"               │
 2 │    print(msg)                          │
 3 │~                                       │
 4 │~                                       │
 5 │~                                       │
 6 │~                                       │
 7 │~                                       │
 8 │~                                       │
 9 │~                                       │
10 │~                                       │
11 │~                                       │
12 │~                                       │
13 │~                                       │
14 │~                                       │
15 │~                                       │
16 │~                                       │
17 │~                                       │
18 │greet.py              1,1            All│
    ────────────────────────────────────────

[SAY] Dollar sign for end of line. Pair it with zero.