[RECORDING_START] Screen state at recording start:

              1         2         3         
    0123456789012345678901234567890123456789
    ────────────────────────────────────────
 0 │let g:loaded = 1                        │ ◂ cursor (0,0)
 1 │~                                       │
 2 │~                                       │
 3 │~                                       │
 4 │~                                       │
 5 │~                                       │
 6 │~                                       │
 7 │~                                       │
 8 │~                                       │
 9 │~                                       │
10 │~                                       │
11 │~                                       │
12 │~                                       │
13 │~                                       │
14 │~                                       │
15 │~                                       │
16 │~                                       │
17 │~                                       │
18 │demo.vim              1,1            All│
    ────────────────────────────────────────

[OVERLAY] VimFu — Ctrl-X Ctrl-V — Vim Commands
[SAY] Press {key:Ctrl-X}, then {key:Ctrl-V} in *insert mode* to complete Vim command names while editing Vimscript.
[SAY] Start a new Vimscript line and type the command prefix `setl`.
[KEYS] 'Go'
[OVERLAY] Go  new line

              1         2         3         
    0123456789012345678901234567890123456789
    ────────────────────────────────────────
 0 │let g:loaded = 1                        │
 1 │                                        │ ◂ cursor (1,0)
 2 │~                                       │
 3 │~                                       │
 4 │~                                       │
 5 │~                                       │
 6 │~                                       │
 7 │~                                       │
 8 │~                                       │
 9 │~                                       │
10 │~                                       │
11 │~                                       │
12 │~                                       │
13 │~                                       │
14 │~                                       │
15 │~                                       │
16 │~                                       │
17 │~                                       │
18 │demo.vim [+]          2,1            All│
19 │-- INSERT --                            │
    ────────────────────────────────────────

[TYPE] 'setl'

              1         2         3         
    0123456789012345678901234567890123456789
    ────────────────────────────────────────
 0 │let g:loaded = 1                        │
 1 │setl                                    │ ◂ cursor (1,4)
 2 │~                                       │
 3 │~                                       │
 4 │~                                       │
 5 │~                                       │
 6 │~                                       │
 7 │~                                       │
 8 │~                                       │
 9 │~                                       │
10 │~                                       │
11 │~                                       │
12 │~                                       │
13 │~                                       │
14 │~                                       │
15 │~                                       │
16 │~                                       │
17 │~                                       │
18 │demo.vim [+]          2,5            All│
19 │-- INSERT --                            │
    ────────────────────────────────────────

[SAY] Now invoke Vim command completion.
[KEYS] '\x18\x16'
[OVERLAY] ⌃x⌃v  vim commands

              1         2         3         
    0123456789012345678901234567890123456789
    ────────────────────────────────────────
 0 │let g:loaded = 1                        │
 1 │setlocal                                │ ◂ cursor (1,8)
 2 │~                                       │
 3 │~                                       │
 4 │~                                       │
 5 │~                                       │
 6 │~                                       │
 7 │~                                       │
 8 │~                                       │
 9 │~                                       │
10 │~                                       │
11 │~                                       │
12 │~                                       │
13 │~                                       │
14 │~                                       │
15 │~                                       │
16 │~                                       │
17 │~                                       │
18 │demo.vim [+]          2,9            All│
19 │-- The only match                       │
    ────────────────────────────────────────

[SAY] Vim fills in `setlocal`, the only matching command name.
[TYPE] ' number'

              1         2         3         
    0123456789012345678901234567890123456789
    ────────────────────────────────────────
 0 │let g:loaded = 1                        │
 1 │setlocal number                         │ ◂ cursor (1,15)
 2 │~                                       │
 3 │~                                       │
 4 │~                                       │
 5 │~                                       │
 6 │~                                       │
 7 │~                                       │
 8 │~                                       │
 9 │~                                       │
10 │~                                       │
11 │~                                       │
12 │~                                       │
13 │~                                       │
14 │~                                       │
15 │~                                       │
16 │~                                       │
17 │~                                       │
18 │demo.vim [+]          2,16           All│
19 │-- INSERT --                            │
    ────────────────────────────────────────

[ESCAPE]

              1         2         3         
    0123456789012345678901234567890123456789
    ────────────────────────────────────────
 0 │let g:loaded = 1                        │
 1 │setlocal number                         │ ◂ cursor (1,14)
 2 │~                                       │
 3 │~                                       │
 4 │~                                       │
 5 │~                                       │
 6 │~                                       │
 7 │~                                       │
 8 │~                                       │
 9 │~                                       │
10 │~                                       │
11 │~                                       │
12 │~                                       │
13 │~                                       │
14 │~                                       │
15 │~                                       │
16 │~                                       │
17 │~                                       │
18 │demo.vim [+]          2,15           All│
    ────────────────────────────────────────

[SAY] {key:Ctrl-X}, then {key:Ctrl-V}. Vim command completion helps you write Vimscript and `vimrc` lines without spelling every command by hand.