[RECORDING_START] Screen state at recording start:

              1         2         3         
    0123456789012345678901234567890123456789
    ────────────────────────────────────────
 0 │➜  vimfu                                │ ◂ cursor (0,9)
    ────────────────────────────────────────

[OVERLAY] VimFu — Vi-Mode Editing
[SAY] Vi mode is on. Full Vim editing on your command line.
[SAY] Type a command. Then Escape to normal mode.
[TYPE] 'git push origin main'

              1         2         3         
    0123456789012345678901234567890123456789
    ────────────────────────────────────────
 0 │➜  vimfu git push origin main           │ ◂ cursor (0,29)
    ────────────────────────────────────────

[ESCAPE]

              1         2         3         
    0123456789012345678901234567890123456789
    ────────────────────────────────────────
 0 │➜  vimfu git push origin main           │ ◂ cursor (0,28)
    ────────────────────────────────────────

[SAY] B moves back by word. W moves forward.
[KEYS] 'b'
[OVERLAY] b  back

              1         2         3         
    0123456789012345678901234567890123456789
    ────────────────────────────────────────
 0 │➜  vimfu git push origin main           │ ◂ cursor (0,25)
    ────────────────────────────────────────

[KEYS] 'b'
[OVERLAY] b  back

              1         2         3         
    0123456789012345678901234567890123456789
    ────────────────────────────────────────
 0 │➜  vimfu git push origin main           │ ◂ cursor (0,18)
    ────────────────────────────────────────

[KEYS] 'w'
[OVERLAY] w  word

              1         2         3         
    0123456789012345678901234567890123456789
    ────────────────────────────────────────
 0 │➜  vimfu git push origin main           │ ◂ cursor (0,25)
    ────────────────────────────────────────

[SAY] C W changes a word. Replace origin with upstream.
[KEYS] 'b'
[OVERLAY] b  back

              1         2         3         
    0123456789012345678901234567890123456789
    ────────────────────────────────────────
 0 │➜  vimfu git push origin main           │ ◂ cursor (0,18)
    ────────────────────────────────────────

[KEYS] 'cw'
[OVERLAY] cw  change word

              1         2         3         
    0123456789012345678901234567890123456789
    ────────────────────────────────────────
 0 │➜  vimfu git push  main                 │ ◂ cursor (0,18)
    ────────────────────────────────────────

[TYPE] 'upstream'

              1         2         3         
    0123456789012345678901234567890123456789
    ────────────────────────────────────────
 0 │➜  vimfu git push upstream main         │ ◂ cursor (0,26)
    ────────────────────────────────────────

[ESCAPE]

              1         2         3         
    0123456789012345678901234567890123456789
    ────────────────────────────────────────
 0 │➜  vimfu git push upstream main         │ ◂ cursor (0,25)
    ────────────────────────────────────────

[SAY] Changed. Just like editing in Vim.
[SAY] D W deletes a word.
[KEYS] 'b'
[OVERLAY] b  back

              1         2         3         
    0123456789012345678901234567890123456789
    ────────────────────────────────────────
 0 │➜  vimfu git push upstream main         │ ◂ cursor (0,18)
    ────────────────────────────────────────

[KEYS] 'dw'
[OVERLAY] dw  delete word

              1         2         3         
    0123456789012345678901234567890123456789
    ────────────────────────────────────────
 0 │➜  vimfu git push main                  │ ◂ cursor (0,18)
    ────────────────────────────────────────

[SAY] Gone. All the Vim operators work.
[KEYS] 'i'
[OVERLAY] i  insert

              1         2         3         
    0123456789012345678901234567890123456789
    ────────────────────────────────────────
 0 │➜  vimfu git push main                  │ ◂ cursor (0,18)
    ────────────────────────────────────────

[KEYS] '\x15'
[OVERLAY] ⌃u

              1         2         3         
    0123456789012345678901234567890123456789
    ────────────────────────────────────────
 0 │➜  vimfu git push main                  │ ◂ cursor (0,18)
    ────────────────────────────────────────

[SAY] Escape for normal mode. Then H L W B, D, C, Y, P. Vim on your command line.