[RECORDING_START] Screen state at recording start:

              1         2         3         
    0123456789012345678901234567890123456789
    ────────────────────────────────────────
 0 │first                                   │ ◂ cursor (0,0)
 1 │second                                  │
 2 │third                                   │
 3 │fourth                                  │
 4 │fifth                                   │
 5 │~                                       │
 6 │~                                       │
 7 │~                                       │
 8 │~                                       │
 9 │~                                       │
10 │~                                       │
11 │~                                       │
12 │~                                       │
13 │~                                       │
14 │~                                       │
15 │~                                       │
16 │~                                       │
17 │~                                       │
18 │order.txt             1,1            All│
    ────────────────────────────────────────

[OVERLAY] VimFu — ddkP — Swap Lines Up
[SAY] {key:d}{key:d}{key:k}{key:P} moves the current line up one. {key:d}{key:d} deletes, {key:k} moves up, and {key:P} puts it above.
[SAY] Move to the third line.
[KEYS] '2j'
[OVERLAY] 2j

              1         2         3         
    0123456789012345678901234567890123456789
    ────────────────────────────────────────
 0 │first                                   │
 1 │second                                  │
 2 │third                                   │ ◂ cursor (2,0)
 3 │fourth                                  │
 4 │fifth                                   │
 5 │~                                       │
 6 │~                                       │
 7 │~                                       │
 8 │~                                       │
 9 │~                                       │
10 │~                                       │
11 │~                                       │
12 │~                                       │
13 │~                                       │
14 │~                                       │
15 │~                                       │
16 │~                                       │
17 │~                                       │
18 │order.txt             3,1            All│
    ────────────────────────────────────────

[SAY] Now type {key:d}{key:d}{key:k}{key:P}.
[KEYS] 'ddkP'
[OVERLAY] ddkP  swap up

              1         2         3         
    0123456789012345678901234567890123456789
    ────────────────────────────────────────
 0 │first                                   │
 1 │third                                   │ ◂ cursor (1,0)
 2 │second                                  │
 3 │fourth                                  │
 4 │fifth                                   │
 5 │~                                       │
 6 │~                                       │
 7 │~                                       │
 8 │~                                       │
 9 │~                                       │
10 │~                                       │
11 │~                                       │
12 │~                                       │
13 │~                                       │
14 │~                                       │
15 │~                                       │
16 │~                                       │
17 │~                                       │
18 │order.txt [+]         2,1            All│
    ────────────────────────────────────────

[SAY] Third moved above second. It bubbled up one line.
[SAY] Reset to the original order, then try on fourth.
[KEYS] '2u'
[OVERLAY] 2u  undo both edits

              1         2         3         
    0123456789012345678901234567890123456789
    ────────────────────────────────────────
 0 │first                                   │
 1 │second                                  │
 2 │third                                   │ ◂ cursor (2,0)
 3 │fourth                                  │
 4 │fifth                                   │
 5 │~                                       │
 6 │~                                       │
 7 │~                                       │
 8 │~                                       │
 9 │~                                       │
10 │~                                       │
11 │~                                       │
12 │~                                       │
13 │~                                       │
14 │~                                       │
15 │~                                       │
16 │~                                       │
17 │~                                       │
18 │order.txt             3,1            All│
19 │1 change; be...6 seconds ago            │
    ────────────────────────────────────────

[KEYS] 'j'
[OVERLAY] j  fourth line

              1         2         3         
    0123456789012345678901234567890123456789
    ────────────────────────────────────────
 0 │first                                   │
 1 │second                                  │
 2 │third                                   │
 3 │fourth                                  │ ◂ cursor (3,0)
 4 │fifth                                   │
 5 │~                                       │
 6 │~                                       │
 7 │~                                       │
 8 │~                                       │
 9 │~                                       │
10 │~                                       │
11 │~                                       │
12 │~                                       │
13 │~                                       │
14 │~                                       │
15 │~                                       │
16 │~                                       │
17 │~                                       │
18 │order.txt             4,1            All│
19 │1 change; be...6 seconds ago            │
    ────────────────────────────────────────

[KEYS] 'ddkP'
[OVERLAY] ddkP  swap up

              1         2         3         
    0123456789012345678901234567890123456789
    ────────────────────────────────────────
 0 │first                                   │
 1 │second                                  │
 2 │fourth                                  │ ◂ cursor (2,0)
 3 │third                                   │
 4 │fifth                                   │
 5 │~                                       │
 6 │~                                       │
 7 │~                                       │
 8 │~                                       │
 9 │~                                       │
10 │~                                       │
11 │~                                       │
12 │~                                       │
13 │~                                       │
14 │~                                       │
15 │~                                       │
16 │~                                       │
17 │~                                       │
18 │order.txt [+]         3,1            All│
19 │1 change; be...6 seconds ago            │
    ────────────────────────────────────────

[SAY] Fourth moved above third. Use {key:d}{key:d}{key:p} to move down; add {key:k}{key:P} to move up.