[RECORDING_START] Screen state at recording start:

              1         2         3         
    0123456789012345678901234567890123456789
    ────────────────────────────────────────
 0 │# stats                                 │ ◂ cursor (0,0)
 1 │hp = 100                                │
 2 │mp = 50                                 │
 3 │atk = 25                                │
 4 │def_ = 30                               │
 5 │spd = 15                                │
 6 │~                                       │
 7 │~                                       │
 8 │~                                       │
 9 │~                                       │
10 │~                                       │
11 │~                                       │
12 │~                                       │
13 │~                                       │
14 │~                                       │
15 │~                                       │
16 │~                                       │
17 │~                                       │
18 │stats.py              1,1            All│
    ────────────────────────────────────────

[OVERLAY] VimFu — Block Append
[SAY] In block visual mode, capital A appends text at the end of each line in the block.
[SAY] Add a comment to each stat line. Control V on the first stat.
[KEYS] 'j0'
[OVERLAY] j0

              1         2         3         
    0123456789012345678901234567890123456789
    ────────────────────────────────────────
 0 │# stats                                 │
 1 │hp = 100                                │ ◂ cursor (1,0)
 2 │mp = 50                                 │
 3 │atk = 25                                │
 4 │def_ = 30                               │
 5 │spd = 15                                │
 6 │~                                       │
 7 │~                                       │
 8 │~                                       │
 9 │~                                       │
10 │~                                       │
11 │~                                       │
12 │~                                       │
13 │~                                       │
14 │~                                       │
15 │~                                       │
16 │~                                       │
17 │~                                       │
18 │stats.py              2,1            All│
    ────────────────────────────────────────

[KEYS] '\x16'
[OVERLAY] ⌃v  Ctrl-V — block

              1         2         3         
    0123456789012345678901234567890123456789
    ────────────────────────────────────────
 0 │# stats                                 │
 1 │hp = 100                                │ ◂ cursor (1,0)
 2 │mp = 50                                 │
 3 │atk = 25                                │
 4 │def_ = 30                               │
 5 │spd = 15                                │
 6 │~                                       │
 7 │~                                       │
 8 │~                                       │
 9 │~                                       │
10 │~                                       │
11 │~                                       │
12 │~                                       │
13 │~                                       │
14 │~                                       │
15 │~                                       │
16 │~                                       │
17 │~                                       │
18 │stats.py              2,1            All│
19 │-- VISUAL BLOCK --           1x1        │
    ────────────────────────────────────────

[KEYS] '4j$'
[OVERLAY] 4j$

              1         2         3         
    0123456789012345678901234567890123456789
    ────────────────────────────────────────
 0 │# stats                                 │
 1 │hp = 100                                │
 2 │mp = 50                                 │
 3 │atk = 25                                │
 4 │def_ = 30                               │
 5 │spd = 15                                │ ◂ cursor (5,8)
 6 │~                                       │
 7 │~                                       │
 8 │~                                       │
 9 │~                                       │
10 │~                                       │
11 │~                                       │
12 │~                                       │
13 │~                                       │
14 │~                                       │
15 │~                                       │
16 │~                                       │
17 │~                                       │
18 │stats.py              6,9            All│
19 │-- VISUAL BLOCK --           5x9        │
    ────────────────────────────────────────
[HIGHLIGHT] row 1, cols 0-7: "hp = 100"
[HIGHLIGHT] row 2, cols 0-6: "mp = 50"
[HIGHLIGHT] row 3, cols 0-7: "atk = 25"
[HIGHLIGHT] row 4, cols 0-8: "def_ = 30"
[HIGHLIGHT] row 5, cols 0-8: "spd = 15"

[SAY] Block selected to end of lines. Capital A to append.
[KEYS] 'A'
[OVERLAY] ⇧A  A — block append

              1         2         3         
    0123456789012345678901234567890123456789
    ────────────────────────────────────────
 0 │# stats                                 │
 1 │hp = 100                                │ ◂ cursor (1,8)
 2 │mp = 50                                 │
 3 │atk = 25                                │
 4 │def_ = 30                               │
 5 │spd = 15                                │
 6 │~                                       │
 7 │~                                       │
 8 │~                                       │
 9 │~                                       │
10 │~                                       │
11 │~                                       │
12 │~                                       │
13 │~                                       │
14 │~                                       │
15 │~                                       │
16 │~                                       │
17 │~                                       │
18 │stats.py              2,9            All│
19 │-- INSERT --                            │
    ────────────────────────────────────────

[TYPE] '  # base'

              1         2         3         
    0123456789012345678901234567890123456789
    ────────────────────────────────────────
 0 │# stats                                 │
 1 │hp = 100  # base                        │ ◂ cursor (1,16)
 2 │mp = 50                                 │
 3 │atk = 25                                │
 4 │def_ = 30                               │
 5 │spd = 15                                │
 6 │~                                       │
 7 │~                                       │
 8 │~                                       │
 9 │~                                       │
10 │~                                       │
11 │~                                       │
12 │~                                       │
13 │~                                       │
14 │~                                       │
15 │~                                       │
16 │~                                       │
17 │~                                       │
18 │stats.py [+]          2,17           All│
19 │-- INSERT --                            │
    ────────────────────────────────────────

[SAY] Typed the comment on the first line. Escape to apply to all.
[ESCAPE]

              1         2         3         
    0123456789012345678901234567890123456789
    ────────────────────────────────────────
 0 │# stats                                 │
 1 │hp = 100  # base                        │ ◂ cursor (1,0)
 2 │mp = 50  # base                         │
 3 │atk = 25  # base                        │
 4 │def_ = 30  # base                       │
 5 │spd = 15  # base                        │
 6 │~                                       │
 7 │~                                       │
 8 │~                                       │
 9 │~                                       │
10 │~                                       │
11 │~                                       │
12 │~                                       │
13 │~                                       │
14 │~                                       │
15 │~                                       │
16 │~                                       │
17 │~                                       │
18 │stats.py [+]          2,1            All│
    ────────────────────────────────────────

[SAY] Every line got the comment appended. Five lines updated at once.
[KEYS] 'u'
[OVERLAY] u  undo

              1         2         3         
    0123456789012345678901234567890123456789
    ────────────────────────────────────────
 0 │# stats                                 │
 1 │hp = 100                                │ ◂ cursor (1,7)
 2 │mp = 50                                 │
 3 │atk = 25                                │
 4 │def_ = 30                               │
 5 │spd = 15                                │
 6 │~                                       │
 7 │~                                       │
 8 │~                                       │
 9 │~                                       │
10 │~                                       │
11 │~                                       │
12 │~                                       │
13 │~                                       │
14 │~                                       │
15 │~                                       │
16 │~                                       │
17 │~                                       │
18 │stats.py              2,8            All│
19 │5 changes; b...9 seconds ago            │
    ────────────────────────────────────────

[SAY] Control V, select the block, dollar for end of line, capital A, type, escape. Block append.