[RECORDING_START] Screen state at recording start:

              1         2         3         
    0123456789012345678901234567890123456789
    ────────────────────────────────────────
 0 │  1 # Demo                              │ ◂ cursor (0,4)
 1 │  2 def greet(name):                    │
 2 │  3     return f"Hello {name}, welcome t│
 3 │    o the world of Vim editing and text │
 4 │    processing!"                        │
 5 │  4                                     │
 6 │  5 result = greet("World")             │
 7 │  6 print(result)                       │
 8 │~                                       │
 9 │~                                       │
10 │~                                       │
11 │~                                       │
12 │~                                       │
13 │~                                       │
14 │~                                       │
15 │~                                       │
16 │~                                       │
17 │~                                       │
18 │demo.py               1,1            All│
    ────────────────────────────────────────

[OVERLAY] VimFu — :set wrap / nowrap
[SAY] By default, Vim wraps long lines to fit the screen. Line numbers make the effect visible: wrapped screen rows do not get new line numbers.
[KEYS] ':'
[OVERLAY] ⇧:  :set nowrap

              1         2         3         
    0123456789012345678901234567890123456789
    ────────────────────────────────────────
 0 │  1 # Demo                              │
 1 │  2 def greet(name):                    │
 2 │  3     return f"Hello {name}, welcome t│
 3 │    o the world of Vim editing and text │
 4 │    processing!"                        │
 5 │  4                                     │
 6 │  5 result = greet("World")             │
 7 │  6 print(result)                       │
 8 │~                                       │
 9 │~                                       │
10 │~                                       │
11 │~                                       │
12 │~                                       │
13 │~                                       │
14 │~                                       │
15 │~                                       │
16 │~                                       │
17 │~                                       │
18 │demo.py               1,1            All│
19 │:                                       │ ◂ cursor (19,1)
    ────────────────────────────────────────

[TYPE] 'set nowrap'

              1         2         3         
    0123456789012345678901234567890123456789
    ────────────────────────────────────────
 0 │  1 # Demo                              │
 1 │  2 def greet(name):                    │
 2 │  3     return f"Hello {name}, welcome t│
 3 │    o the world of Vim editing and text │
 4 │    processing!"                        │
 5 │  4                                     │
 6 │  5 result = greet("World")             │
 7 │  6 print(result)                       │
 8 │~                                       │
 9 │~                                       │
10 │~                                       │
11 │~                                       │
12 │~                                       │
13 │~                                       │
14 │~                                       │
15 │~                                       │
16 │~                                       │
17 │~                                       │
18 │demo.py               1,1            All│
19 │:set nowrap                             │ ◂ cursor (19,11)
    ────────────────────────────────────────

[EX_READY] ':set nowrap'

              1         2         3         
    0123456789012345678901234567890123456789
    ────────────────────────────────────────
 0 │  1 # Demo                              │
 1 │  2 def greet(name):                    │
 2 │  3     return f"Hello {name}, welcome t│
 3 │    o the world of Vim editing and text │
 4 │    processing!"                        │
 5 │  4                                     │
 6 │  5 result = greet("World")             │
 7 │  6 print(result)                       │
 8 │~                                       │
 9 │~                                       │
10 │~                                       │
11 │~                                       │
12 │~                                       │
13 │~                                       │
14 │~                                       │
15 │~                                       │
16 │~                                       │
17 │~                                       │
18 │demo.py               1,1            All│
19 │:set nowrap                             │ ◂ cursor (19,11)
    ────────────────────────────────────────

[ENTER]

              1         2         3         
    0123456789012345678901234567890123456789
    ────────────────────────────────────────
 0 │  1 # Demo                              │ ◂ cursor (0,4)
 1 │  2 def greet(name):                    │
 2 │  3     return f"Hello {name}, welcome t│
 3 │  4                                     │
 4 │  5 result = greet("World")             │
 5 │  6 print(result)                       │
 6 │~                                       │
 7 │~                                       │
 8 │~                                       │
 9 │~                                       │
10 │~                                       │
11 │~                                       │
12 │~                                       │
13 │~                                       │
14 │~                                       │
15 │~                                       │
16 │~                                       │
17 │~                                       │
18 │demo.py               1,1            All│
19 │:set nowrap                             │
    ────────────────────────────────────────

[SAY] With nowrap, long lines extend beyond the screen edge. You have to scroll horizontally to see the rest.
[KEYS] 'j'
[OVERLAY] j  down

              1         2         3         
    0123456789012345678901234567890123456789
    ────────────────────────────────────────
 0 │  1 # Demo                              │
 1 │  2 def greet(name):                    │ ◂ cursor (1,4)
 2 │  3     return f"Hello {name}, welcome t│
 3 │  4                                     │
 4 │  5 result = greet("World")             │
 5 │  6 print(result)                       │
 6 │~                                       │
 7 │~                                       │
 8 │~                                       │
 9 │~                                       │
10 │~                                       │
11 │~                                       │
12 │~                                       │
13 │~                                       │
14 │~                                       │
15 │~                                       │
16 │~                                       │
17 │~                                       │
18 │demo.py               2,1            All│
19 │:set nowrap                             │
    ────────────────────────────────────────

[KEYS] 'j'
[OVERLAY] j  down

              1         2         3         
    0123456789012345678901234567890123456789
    ────────────────────────────────────────
 0 │  1 # Demo                              │
 1 │  2 def greet(name):                    │
 2 │  3     return f"Hello {name}, welcome t│ ◂ cursor (2,4)
 3 │  4                                     │
 4 │  5 result = greet("World")             │
 5 │  6 print(result)                       │
 6 │~                                       │
 7 │~                                       │
 8 │~                                       │
 9 │~                                       │
10 │~                                       │
11 │~                                       │
12 │~                                       │
13 │~                                       │
14 │~                                       │
15 │~                                       │
16 │~                                       │
17 │~                                       │
18 │demo.py               3,1            All│
19 │:set nowrap                             │
    ────────────────────────────────────────

[KEYS] '$'
[OVERLAY] ⇧$  line end

              1         2         3         
    0123456789012345678901234567890123456789
    ────────────────────────────────────────
 0 │  1                                     │
 1 │  2                                     │
 2 │  3 d text processing!"                 │ ◂ cursor (2,22)
 3 │  4                                     │
 4 │  5                                     │
 5 │  6                                     │
 6 │~                                       │
 7 │~                                       │
 8 │~                                       │
 9 │~                                       │
10 │~                                       │
11 │~                                       │
12 │~                                       │
13 │~                                       │
14 │~                                       │
15 │~                                       │
16 │~                                       │
17 │~                                       │
18 │demo.py               3,84           All│
19 │:set nowrap                             │
    ────────────────────────────────────────

[SAY] Now turn wrapping back on with `:set wrap`.
[KEYS] ':'
[OVERLAY] ⇧:  :set wrap

              1         2         3         
    0123456789012345678901234567890123456789
    ────────────────────────────────────────
 0 │  1                                     │
 1 │  2                                     │
 2 │  3 d text processing!"                 │
 3 │  4                                     │
 4 │  5                                     │
 5 │  6                                     │
 6 │~                                       │
 7 │~                                       │
 8 │~                                       │
 9 │~                                       │
10 │~                                       │
11 │~                                       │
12 │~                                       │
13 │~                                       │
14 │~                                       │
15 │~                                       │
16 │~                                       │
17 │~                                       │
18 │demo.py               3,84           All│
19 │:                                       │ ◂ cursor (19,1)
    ────────────────────────────────────────

[TYPE] 'set wrap'

              1         2         3         
    0123456789012345678901234567890123456789
    ────────────────────────────────────────
 0 │  1                                     │
 1 │  2                                     │
 2 │  3 d text processing!"                 │
 3 │  4                                     │
 4 │  5                                     │
 5 │  6                                     │
 6 │~                                       │
 7 │~                                       │
 8 │~                                       │
 9 │~                                       │
10 │~                                       │
11 │~                                       │
12 │~                                       │
13 │~                                       │
14 │~                                       │
15 │~                                       │
16 │~                                       │
17 │~                                       │
18 │demo.py               3,84           All│
19 │:set wrap                               │ ◂ cursor (19,9)
    ────────────────────────────────────────

[EX_READY] ':set wrap'

              1         2         3         
    0123456789012345678901234567890123456789
    ────────────────────────────────────────
 0 │  1                                     │
 1 │  2                                     │
 2 │  3 d text processing!"                 │
 3 │  4                                     │
 4 │  5                                     │
 5 │  6                                     │
 6 │~                                       │
 7 │~                                       │
 8 │~                                       │
 9 │~                                       │
10 │~                                       │
11 │~                                       │
12 │~                                       │
13 │~                                       │
14 │~                                       │
15 │~                                       │
16 │~                                       │
17 │~                                       │
18 │demo.py               3,84           All│
19 │:set wrap                               │ ◂ cursor (19,9)
    ────────────────────────────────────────

[ENTER]

              1         2         3         
    0123456789012345678901234567890123456789
    ────────────────────────────────────────
 0 │  1 # Demo                              │
 1 │  2 def greet(name):                    │
 2 │  3     return f"Hello {name}, welcome t│
 3 │    o the world of Vim editing and text │
 4 │    processing!"                        │ ◂ cursor (4,15)
 5 │  4                                     │
 6 │  5 result = greet("World")             │
 7 │  6 print(result)                       │
 8 │~                                       │
 9 │~                                       │
10 │~                                       │
11 │~                                       │
12 │~                                       │
13 │~                                       │
14 │~                                       │
15 │~                                       │
16 │~                                       │
17 │~                                       │
18 │demo.py               3,84           All│
19 │:set wrap                               │
    ────────────────────────────────────────

[SAY] The long line wraps to the next screen rows, but the number column still shows one line number. The text is one line displayed across multiple rows.