[RECORDING_START] Screen state at recording start:

              1         2         3         
    0123456789012345678901234567890123456789
    ────────────────────────────────────────
 0 │# Navigation                            │ ◂ cursor (0,0)
 1 │def go_north():                         │
 2 │    print("north")                      │
 3 │def go_south():                         │
 4 │    print("south")                      │
 5 │~                                       │
 6 │~                                       │
 7 │~                                       │
 8 │~                                       │
 9 │top.py                1,1            All│
10 │# Map Data                              │
11 │map_size = 64                           │
12 │tiles = ["grass", "stone"]              │
13 │~                                       │
14 │~                                       │
15 │~                                       │
16 │~                                       │
17 │~                                       │
18 │bot.py                1,1            All│
    ────────────────────────────────────────
[HIGHLIGHT] row 9, cols 0-39: "top.py                1,1            All"

[OVERLAY] VimFu — Ctrl-W H/J/K/L — Move Window
[SAY] Capital H J K L after Control W physically moves the window. Not the cursor. The entire window.
[SAY] Two files stacked horizontally. Move the top window to the left to make a vertical split.
[KEYS] '\x17H'
[OVERLAY] ⌃wH  move to far left

              1         2         3         
    0123456789012345678901234567890123456789
    ────────────────────────────────────────
 0 │# Navigation        │# Map Data         │ ◂ cursor (0,0)
 1 │def go_north():     │map_size = 64      │
 2 │    print("north")  │tiles = ["grass", "│
 3 │def go_south():     │stone"]            │
 4 │    print("south")  │~                  │
 5 │~                   │~                  │
 6 │~                   │~                  │
 7 │~                   │~                  │
 8 │~                   │~                  │
 9 │~                   │~                  │
10 │~                   │~                  │
11 │~                   │~                  │
12 │~                   │~                  │
13 │~                   │~                  │
14 │~                   │~                  │
15 │~                   │~                  │
16 │~                   │~                  │
17 │~                   │~                  │
18 │top.py    1,1    All bot.py    1,1   All│
    ────────────────────────────────────────

[SAY] The layout changed. Side by side now. The window moved to the left edge.
[SAY] Capital K to move it to the top.
[KEYS] '\x17K'
[OVERLAY] ⌃wK  move to top

              1         2         3         
    0123456789012345678901234567890123456789
    ────────────────────────────────────────
 0 │# Navigation                            │ ◂ cursor (0,0)
 1 │def go_north():                         │
 2 │    print("north")                      │
 3 │def go_south():                         │
 4 │    print("south")                      │
 5 │~                                       │
 6 │~                                       │
 7 │~                                       │
 8 │~                                       │
 9 │top.py                1,1            All│
10 │# Map Data                              │
11 │map_size = 64                           │
12 │tiles = ["grass", "stone"]              │
13 │~                                       │
14 │~                                       │
15 │~                                       │
16 │~                                       │
17 │~                                       │
18 │bot.py                1,1            All│
    ────────────────────────────────────────
[HIGHLIGHT] row 9, cols 0-39: "top.py                1,1            All"

[SAY] Back to horizontal. The window is on top again.
[SAY] Capital J moves it to the bottom.
[KEYS] '\x17J'
[OVERLAY] ⌃wJ  move to bottom

              1         2         3         
    0123456789012345678901234567890123456789
    ────────────────────────────────────────
 0 │# Map Data                              │
 1 │map_size = 64                           │
 2 │tiles = ["grass", "stone"]              │
 3 │~                                       │
 4 │~                                       │
 5 │~                                       │
 6 │~                                       │
 7 │~                                       │
 8 │bot.py                1,1            All│
 9 │# Navigation                            │ ◂ cursor (9,0)
10 │def go_north():                         │
11 │    print("north")                      │
12 │def go_south():                         │
13 │    print("south")                      │
14 │~                                       │
15 │~                                       │
16 │~                                       │
17 │~                                       │
18 │top.py                1,1            All│
    ────────────────────────────────────────
[HIGHLIGHT] row 8, cols 0-39: "bot.py                1,1            All"

[SAY] Now the navigation file is on the bottom. The layout flipped.
[SAY] Control W capital H J K L. Move the entire window to the far left, bottom, top, or right. Rearrange your layout on the fly.