[RECORDING_START] Screen state at recording start:

              1         2         3         
    0123456789012345678901234567890123456789
    ────────────────────────────────────────
 0 │{                                       │ ◂ cursor (0,0)
 1 │    "name": "VimFu",                    │
 2 │    "version": 42,                      │
 3 │    "debug": true                       │
 4 │}                                       │
 5 │~                                       │
 6 │~                                       │
 7 │~                                       │
 8 │~                                       │
 9 │~                                       │
10 │~                                       │
11 │~                                       │
12 │~                                       │
13 │~                                       │
14 │~                                       │
15 │~                                       │
16 │~                                       │
17 │~                                       │
18 │config.json           1,1            All│
    ────────────────────────────────────────

[OVERLAY] VimFu — Inner/Around Braces
[SAY] Brace text objects act on everything inside curly braces. Perfect for JSON, functions, code blocks.
[SAY] V I brace to select the body of this JSON object.
[KEYS] 'j'
[OVERLAY] j  down

              1         2         3         
    0123456789012345678901234567890123456789
    ────────────────────────────────────────
 0 │{                                       │
 1 │    "name": "VimFu",                    │ ◂ cursor (1,0)
 2 │    "version": 42,                      │
 3 │    "debug": true                       │
 4 │}                                       │
 5 │~                                       │
 6 │~                                       │
 7 │~                                       │
 8 │~                                       │
 9 │~                                       │
10 │~                                       │
11 │~                                       │
12 │~                                       │
13 │~                                       │
14 │~                                       │
15 │~                                       │
16 │~                                       │
17 │~                                       │
18 │config.json           2,1            All│
    ────────────────────────────────────────

[KEYS] 'vi{'
[OVERLAY] vi{

              1         2         3         
    0123456789012345678901234567890123456789
    ────────────────────────────────────────
 0 │{                                       │
 1 │    "name": "VimFu",                    │
 2 │    "version": 42,                      │
 3 │    "debug": true                       │ ◂ cursor (3,17)
 4 │}                                       │
 5 │~                                       │
 6 │~                                       │
 7 │~                                       │
 8 │~                                       │
 9 │~                                       │
10 │~                                       │
11 │~                                       │
12 │~                                       │
13 │~                                       │
14 │~                                       │
15 │~                                       │
16 │~                                       │
17 │~                                       │
18 │config.json           4,18           All│
19 │-- VISUAL --                 3          │
    ────────────────────────────────────────
[HIGHLIGHT] row 1, cols 0-19: "    "name": "VimFu","
[HIGHLIGHT] row 2, cols 0-17: "    "version": 42,"
[HIGHLIGHT] row 3, cols 0-17: "    "debug": true"

[SAY] All three properties selected. Braces untouched. Escape.
[ESCAPE]

              1         2         3         
    0123456789012345678901234567890123456789
    ────────────────────────────────────────
 0 │{                                       │
 1 │    "name": "VimFu",                    │
 2 │    "version": 42,                      │
 3 │    "debug": true                       │ ◂ cursor (3,16)
 4 │}                                       │
 5 │~                                       │
 6 │~                                       │
 7 │~                                       │
 8 │~                                       │
 9 │~                                       │
10 │~                                       │
11 │~                                       │
12 │~                                       │
13 │~                                       │
14 │~                                       │
15 │~                                       │
16 │~                                       │
17 │~                                       │
18 │config.json           4,17           All│
    ────────────────────────────────────────

[SAY] C I brace to rewrite the whole body.
[KEYS] 'ci{'
[OVERLAY] ci{  change inner {

              1         2         3         
    0123456789012345678901234567890123456789
    ────────────────────────────────────────
 0 │{                                       │
 1 │                                        │ ◂ cursor (1,0)
 2 │}                                       │
 3 │~                                       │
 4 │~                                       │
 5 │~                                       │
 6 │~                                       │
 7 │~                                       │
 8 │~                                       │
 9 │~                                       │
10 │~                                       │
11 │~                                       │
12 │~                                       │
13 │~                                       │
14 │~                                       │
15 │~                                       │
16 │~                                       │
17 │~                                       │
18 │config.json [+]       2,1            All│
19 │-- INSERT --                            │
    ────────────────────────────────────────

[TYPE] '    "app": "VimFu",\n    "level": 99'

              1         2         3         
    0123456789012345678901234567890123456789
    ────────────────────────────────────────
 0 │{                                       │
 1 │    "app": "VimFu",                     │
 2 │    "level": 99                         │ ◂ cursor (2,15)
 3 │}                                       │
 4 │~                                       │
 5 │~                                       │
 6 │~                                       │
 7 │~                                       │
 8 │~                                       │
 9 │~                                       │
10 │~                                       │
11 │~                                       │
12 │~                                       │
13 │~                                       │
14 │~                                       │
15 │~                                       │
16 │~                                       │
17 │~                                       │
18 │config.json [+]       3,16           All│
19 │-- INSERT --                            │
    ────────────────────────────────────────

[ESCAPE]

              1         2         3         
    0123456789012345678901234567890123456789
    ────────────────────────────────────────
 0 │{                                       │
 1 │    "app": "VimFu",                     │
 2 │    "level": 99                         │ ◂ cursor (2,14)
 3 │}                                       │
 4 │~                                       │
 5 │~                                       │
 6 │~                                       │
 7 │~                                       │
 8 │~                                       │
 9 │~                                       │
10 │~                                       │
11 │~                                       │
12 │~                                       │
13 │~                                       │
14 │~                                       │
15 │~                                       │
16 │~                                       │
17 │~                                       │
18 │config.json [+]       3,15           All│
    ────────────────────────────────────────

[SAY] Brand new contents, braces preserved.
[SAY] Undo.
[KEYS] 'u'
[OVERLAY] u  undo

              1         2         3         
    0123456789012345678901234567890123456789
    ────────────────────────────────────────
 0 │{                                       │
 1 │    "name": "VimFu",                    │
 2 │    "version": 42,                      │ ◂ cursor (2,0)
 3 │    "debug": true                       │
 4 │}                                       │
 5 │~                                       │
 6 │~                                       │
 7 │~                                       │
 8 │~                                       │
 9 │~                                       │
10 │~                                       │
11 │~                                       │
12 │~                                       │
13 │~                                       │
14 │~                                       │
15 │~                                       │
16 │~                                       │
17 │~                                       │
18 │config.json           3,1            All│
19 │1 more line;...9 seconds ago            │
    ────────────────────────────────────────

[SAY] Capital I B does the same thing. B for Big block.
[KEYS] 'j'
[OVERLAY] j  down

              1         2         3         
    0123456789012345678901234567890123456789
    ────────────────────────────────────────
 0 │{                                       │
 1 │    "name": "VimFu",                    │
 2 │    "version": 42,                      │
 3 │    "debug": true                       │ ◂ cursor (3,0)
 4 │}                                       │
 5 │~                                       │
 6 │~                                       │
 7 │~                                       │
 8 │~                                       │
 9 │~                                       │
10 │~                                       │
11 │~                                       │
12 │~                                       │
13 │~                                       │
14 │~                                       │
15 │~                                       │
16 │~                                       │
17 │~                                       │
18 │config.json           4,1            All│
19 │1 more line;...9 seconds ago            │
    ────────────────────────────────────────

[KEYS] 'diB'
[OVERLAY] diB  delete inner Big block

              1         2         3         
    0123456789012345678901234567890123456789
    ────────────────────────────────────────
 0 │{                                       │
 1 │}                                       │ ◂ cursor (1,0)
 2 │~                                       │
 3 │~                                       │
 4 │~                                       │
 5 │~                                       │
 6 │~                                       │
 7 │~                                       │
 8 │~                                       │
 9 │~                                       │
10 │~                                       │
11 │~                                       │
12 │~                                       │
13 │~                                       │
14 │~                                       │
15 │~                                       │
16 │~                                       │
17 │~                                       │
18 │config.json [+]       2,1            All│
19 │3 fewer lines                           │
    ────────────────────────────────────────

[SAY] Contents gone, braces remain.
[SAY] Undo.
[KEYS] 'u'
[OVERLAY] u  undo

              1         2         3         
    0123456789012345678901234567890123456789
    ────────────────────────────────────────
 0 │{                                       │
 1 │    "name": "VimFu",                    │ ◂ cursor (1,0)
 2 │    "version": 42,                      │
 3 │    "debug": true                       │
 4 │}                                       │
 5 │~                                       │
 6 │~                                       │
 7 │~                                       │
 8 │~                                       │
 9 │~                                       │
10 │~                                       │
11 │~                                       │
12 │~                                       │
13 │~                                       │
14 │~                                       │
15 │~                                       │
16 │~                                       │
17 │~                                       │
18 │config.json           2,1            All│
19 │3 more lines...4 seconds ago            │
    ────────────────────────────────────────

[SAY] D A brace to delete the braces too.
[KEYS] 'da{'
[OVERLAY] da{  delete around {

              1         2         3         
    0123456789012345678901234567890123456789
    ────────────────────────────────────────
 0 │                                        │ ◂ cursor (0,0)
 1 │~                                       │
 2 │~                                       │
 3 │~                                       │
 4 │~                                       │
 5 │~                                       │
 6 │~                                       │
 7 │~                                       │
 8 │~                                       │
 9 │~                                       │
10 │~                                       │
11 │~                                       │
12 │~                                       │
13 │~                                       │
14 │~                                       │
15 │~                                       │
16 │~                                       │
17 │~                                       │
18 │config.json [+]       0,0-1          All│
19 │--No lines in buffer--                  │
    ────────────────────────────────────────

[SAY] The whole object, gone.
[SAY] Undo.
[KEYS] 'u'
[OVERLAY] u  undo

              1         2         3         
    0123456789012345678901234567890123456789
    ────────────────────────────────────────
 0 │{                                       │ ◂ cursor (0,0)
 1 │    "name": "VimFu",                    │
 2 │    "version": 42,                      │
 3 │    "debug": true                       │
 4 │}                                       │
 5 │~                                       │
 6 │~                                       │
 7 │~                                       │
 8 │~                                       │
 9 │~                                       │
10 │~                                       │
11 │~                                       │
12 │~                                       │
13 │~                                       │
14 │~                                       │
15 │~                                       │
16 │~                                       │
17 │~                                       │
18 │config.json           1,1            All│
19 │5 more lines...3 seconds ago            │
    ────────────────────────────────────────

[SAY] I brace or I capital B for the inside. A brace or A capital B for the whole thing. Essential for editing code blocks.