[RECORDING_START] Screen state at recording start:

              1         2         3         
    0123456789012345678901234567890123456789
    ────────────────────────────────────────
 0 │  1 line 1 — alpha                      │ ◂ cursor (0,4)
 1 │  2 line 2 — bravo                      │
 2 │  3 line 3 — charlie                    │
 3 │  4 line 4 — delta                      │
 4 │  5 line 5 — echo                       │
 5 │  6 line 6 — foxtrot                    │
 6 │  7 line 7 — golf                       │
 7 │  8 line 8 — hotel                      │
 8 │  9 line 9 — india                      │
 9 │ 10 line 10 — juliet                    │
10 │ 11 line 11 — kilo                      │
11 │ 12 line 12 — lima                      │
12 │~                                       │
13 │~                                       │
14 │~                                       │
15 │~                                       │
16 │~                                       │
17 │~                                       │
18 │catalog.txt           1,1            All│
    ────────────────────────────────────────

[OVERLAY] VimFu — Combining Range Forms
[SAY] You can mix different range forms in one command. Marks, numbers, dot, and dollar all work together.
[SAY] Set mark A on line five.
[TYPE] ':5'

              1         2         3         
    0123456789012345678901234567890123456789
    ────────────────────────────────────────
 0 │  1 line 1 — alpha                      │
 1 │  2 line 2 — bravo                      │
 2 │  3 line 3 — charlie                    │
 3 │  4 line 4 — delta                      │
 4 │  5 line 5 — echo                       │
 5 │  6 line 6 — foxtrot                    │
 6 │  7 line 7 — golf                       │
 7 │  8 line 8 — hotel                      │
 8 │  9 line 9 — india                      │
 9 │ 10 line 10 — juliet                    │
10 │ 11 line 11 — kilo                      │
11 │ 12 line 12 — lima                      │
12 │~                                       │
13 │~                                       │
14 │~                                       │
15 │~                                       │
16 │~                                       │
17 │~                                       │
18 │catalog.txt           1,1            All│
19 │:5                                      │ ◂ cursor (19,2)
    ────────────────────────────────────────

[ENTER]

              1         2         3         
    0123456789012345678901234567890123456789
    ────────────────────────────────────────
 0 │  1 line 1 — alpha                      │
 1 │  2 line 2 — bravo                      │
 2 │  3 line 3 — charlie                    │
 3 │  4 line 4 — delta                      │
 4 │  5 line 5 — echo                       │ ◂ cursor (4,4)
 5 │  6 line 6 — foxtrot                    │
 6 │  7 line 7 — golf                       │
 7 │  8 line 8 — hotel                      │
 8 │  9 line 9 — india                      │
 9 │ 10 line 10 — juliet                    │
10 │ 11 line 11 — kilo                      │
11 │ 12 line 12 — lima                      │
12 │~                                       │
13 │~                                       │
14 │~                                       │
15 │~                                       │
16 │~                                       │
17 │~                                       │
18 │catalog.txt           5,1            All│
19 │:5                                      │
    ────────────────────────────────────────

[KEYS] 'ma'
[OVERLAY] ma  mark a

              1         2         3         
    0123456789012345678901234567890123456789
    ────────────────────────────────────────
 0 │  1 line 1 — alpha                      │
 1 │  2 line 2 — bravo                      │
 2 │  3 line 3 — charlie                    │
 3 │  4 line 4 — delta                      │
 4 │  5 line 5 — echo                       │ ◂ cursor (4,4)
 5 │  6 line 6 — foxtrot                    │
 6 │  7 line 7 — golf                       │
 7 │  8 line 8 — hotel                      │
 8 │  9 line 9 — india                      │
 9 │ 10 line 10 — juliet                    │
10 │ 11 line 11 — kilo                      │
11 │ 12 line 12 — lima                      │
12 │~                                       │
13 │~                                       │
14 │~                                       │
15 │~                                       │
16 │~                                       │
17 │~                                       │
18 │catalog.txt           5,1            All│
19 │:5                                      │
    ────────────────────────────────────────

[SAY] Now delete from mark A to the end. Colon quote A comma dollar d.
[TYPE] ":'a,$d"

              1         2         3         
    0123456789012345678901234567890123456789
    ────────────────────────────────────────
 0 │  1 line 1 — alpha                      │
 1 │  2 line 2 — bravo                      │
 2 │  3 line 3 — charlie                    │
 3 │  4 line 4 — delta                      │
 4 │  5 line 5 — echo                       │
 5 │  6 line 6 — foxtrot                    │
 6 │  7 line 7 — golf                       │
 7 │  8 line 8 — hotel                      │
 8 │  9 line 9 — india                      │
 9 │ 10 line 10 — juliet                    │
10 │ 11 line 11 — kilo                      │
11 │ 12 line 12 — lima                      │
12 │~                                       │
13 │~                                       │
14 │~                                       │
15 │~                                       │
16 │~                                       │
17 │~                                       │
18 │catalog.txt           5,1            All│
19 │:'a,$d                                  │ ◂ cursor (19,6)
    ────────────────────────────────────────

[ENTER]

              1         2         3         
    0123456789012345678901234567890123456789
    ────────────────────────────────────────
 0 │  1 line 1 — alpha                      │
 1 │  2 line 2 — bravo                      │
 2 │  3 line 3 — charlie                    │
 3 │  4 line 4 — delta                      │ ◂ cursor (3,4)
 4 │~                                       │
 5 │~                                       │
 6 │~                                       │
 7 │~                                       │
 8 │~                                       │
 9 │~                                       │
10 │~                                       │
11 │~                                       │
12 │~                                       │
13 │~                                       │
14 │~                                       │
15 │~                                       │
16 │~                                       │
17 │~                                       │
18 │catalog.txt [+]       4,1            All│
19 │8 fewer lines                           │
    ────────────────────────────────────────

[SAY] Everything from line five to the end is gone. Mark plus dollar.
[KEYS] 'u'
[OVERLAY] u  undo

              1         2         3         
    0123456789012345678901234567890123456789
    ────────────────────────────────────────
 0 │  1 line 1 — alpha                      │
 1 │  2 line 2 — bravo                      │
 2 │  3 line 3 — charlie                    │
 3 │  4 line 4 — delta                      │
 4 │  5 line 5 — echo                       │ ◂ cursor (4,4)
 5 │  6 line 6 — foxtrot                    │
 6 │  7 line 7 — golf                       │
 7 │  8 line 8 — hotel                      │
 8 │  9 line 9 — india                      │
 9 │ 10 line 10 — juliet                    │
10 │ 11 line 11 — kilo                      │
11 │ 12 line 12 — lima                      │
12 │~                                       │
13 │~                                       │
14 │~                                       │
15 │~                                       │
16 │~                                       │
17 │~                                       │
18 │catalog.txt           5,1            All│
19 │8 more lines...7 seconds ago            │
    ────────────────────────────────────────

[SAY] Another mix. Colon one comma dot d. Delete from line one to the current line.
[TYPE] ':1,.d'

              1         2         3         
    0123456789012345678901234567890123456789
    ────────────────────────────────────────
 0 │  1 line 1 — alpha                      │
 1 │  2 line 2 — bravo                      │
 2 │  3 line 3 — charlie                    │
 3 │  4 line 4 — delta                      │
 4 │  5 line 5 — echo                       │
 5 │  6 line 6 — foxtrot                    │
 6 │  7 line 7 — golf                       │
 7 │  8 line 8 — hotel                      │
 8 │  9 line 9 — india                      │
 9 │ 10 line 10 — juliet                    │
10 │ 11 line 11 — kilo                      │
11 │ 12 line 12 — lima                      │
12 │~                                       │
13 │~                                       │
14 │~                                       │
15 │~                                       │
16 │~                                       │
17 │~                                       │
18 │catalog.txt           5,1            All│
19 │:1,.d                                   │ ◂ cursor (19,5)
    ────────────────────────────────────────

[ENTER]

              1         2         3         
    0123456789012345678901234567890123456789
    ────────────────────────────────────────
 0 │  1 line 6 — foxtrot                    │ ◂ cursor (0,4)
 1 │  2 line 7 — golf                       │
 2 │  3 line 8 — hotel                      │
 3 │  4 line 9 — india                      │
 4 │  5 line 10 — juliet                    │
 5 │  6 line 11 — kilo                      │
 6 │  7 line 12 — lima                      │
 7 │~                                       │
 8 │~                                       │
 9 │~                                       │
10 │~                                       │
11 │~                                       │
12 │~                                       │
13 │~                                       │
14 │~                                       │
15 │~                                       │
16 │~                                       │
17 │~                                       │
18 │catalog.txt [+]       1,1            All│
19 │5 fewer lines                           │
    ────────────────────────────────────────

[SAY] Lines one through five are gone. Number on the left, dot on the right.
[KEYS] 'u'
[OVERLAY] u  undo

              1         2         3         
    0123456789012345678901234567890123456789
    ────────────────────────────────────────
 0 │  1 line 1 — alpha                      │ ◂ cursor (0,4)
 1 │  2 line 2 — bravo                      │
 2 │  3 line 3 — charlie                    │
 3 │  4 line 4 — delta                      │
 4 │  5 line 5 — echo                       │
 5 │  6 line 6 — foxtrot                    │
 6 │  7 line 7 — golf                       │
 7 │  8 line 8 — hotel                      │
 8 │  9 line 9 — india                      │
 9 │ 10 line 10 — juliet                    │
10 │ 11 line 11 — kilo                      │
11 │ 12 line 12 — lima                      │
12 │~                                       │
13 │~                                       │
14 │~                                       │
15 │~                                       │
16 │~                                       │
17 │~                                       │
18 │catalog.txt           1,1            All│
19 │5 more lines...7 seconds ago            │
    ────────────────────────────────────────

[SAY] Any range form on either side of the comma. Mix marks, numbers, dot, and dollar freely.