[RECORDING_START] Screen state at recording start:

              1         2         3         
    0123456789012345678901234567890123456789
    ────────────────────────────────────────
 0 │➜  vimfu                                │ ◂ cursor (0,9)
    ────────────────────────────────────────

[OVERLAY] VimFu — First Non-Blank
[SAY] Zero goes to column zero. But with indented code, that's a space.
[LINE] 'nvim greet.py'

              1         2         3         
    0123456789012345678901234567890123456789
    ────────────────────────────────────────
 0 │➜  vimfu nvim greet.py                  │
    ────────────────────────────────────────

[KEYS] 'j'
[OVERLAY] j  down

              1         2         3         
    0123456789012345678901234567890123456789
    ────────────────────────────────────────
 0 │                                        │ ◂ cursor (0,0)
    ────────────────────────────────────────

[KEYS] '$'
[OVERLAY] ⇧$  line end

              1         2         3         
    0123456789012345678901234567890123456789
    ────────────────────────────────────────
 0 │                                        │ ◂ cursor (0,0)
    ────────────────────────────────────────

[KEYS] '0'
[OVERLAY] 0  line start

              1         2         3         
    0123456789012345678901234567890123456789
    ────────────────────────────────────────
 0 │def greet(name):                        │
 1 │    msg = f"Hello {name}"               │ ◂ cursor (1,0)
 2 │    print(msg)                          │
 3 │~                                       │
 4 │~                                       │
 5 │~                                       │
 6 │~                                       │
 7 │~                                       │
 8 │~                                       │
 9 │~                                       │
10 │~                                       │
11 │~                                       │
12 │~                                       │
13 │~                                       │
14 │~                                       │
15 │~                                       │
16 │~                                       │
17 │~                                       │
18 │greet.py              2,1            All│
    ────────────────────────────────────────

[SAY] See? Cursor's on a space. Not very useful.
[KEYS] '$'
[OVERLAY] ⇧$  line end

              1         2         3         
    0123456789012345678901234567890123456789
    ────────────────────────────────────────
 0 │def greet(name):                        │
 1 │    msg = f"Hello {name}"               │ ◂ cursor (1,24)
 2 │    print(msg)                          │
 3 │~                                       │
 4 │~                                       │
 5 │~                                       │
 6 │~                                       │
 7 │~                                       │
 8 │~                                       │
 9 │~                                       │
10 │~                                       │
11 │~                                       │
12 │~                                       │
13 │~                                       │
14 │~                                       │
15 │~                                       │
16 │~                                       │
17 │~                                       │
18 │greet.py              2,25           All│
    ────────────────────────────────────────

[SAY] Caret jumps to the first real character.
[KEYS] '^'
[OVERLAY] ⇧^  first char

              1         2         3         
    0123456789012345678901234567890123456789
    ────────────────────────────────────────
 0 │def greet(name):                        │
 1 │    msg = f"Hello {name}"               │ ◂ cursor (1,4)
 2 │    print(msg)                          │
 3 │~                                       │
 4 │~                                       │
 5 │~                                       │
 6 │~                                       │
 7 │~                                       │
 8 │~                                       │
 9 │~                                       │
10 │~                                       │
11 │~                                       │
12 │~                                       │
13 │~                                       │
14 │~                                       │
15 │~                                       │
16 │~                                       │
17 │~                                       │
18 │greet.py              2,5            All│
    ────────────────────────────────────────

[SAY] Skips the spaces. Lands right on the code.
[SAY] Works on every indented line.
[KEYS] 'j'
[OVERLAY] j  down

              1         2         3         
    0123456789012345678901234567890123456789
    ────────────────────────────────────────
 0 │def greet(name):                        │
 1 │    msg = f"Hello {name}"               │
 2 │    print(msg)                          │ ◂ cursor (2,4)
 3 │~                                       │
 4 │~                                       │
 5 │~                                       │
 6 │~                                       │
 7 │~                                       │
 8 │~                                       │
 9 │~                                       │
10 │~                                       │
11 │~                                       │
12 │~                                       │
13 │~                                       │
14 │~                                       │
15 │~                                       │
16 │~                                       │
17 │~                                       │
18 │greet.py              3,5            All│
    ────────────────────────────────────────

[KEYS] '$'
[OVERLAY] ⇧$  line end

              1         2         3         
    0123456789012345678901234567890123456789
    ────────────────────────────────────────
 0 │def greet(name):                        │
 1 │    msg = f"Hello {name}"               │
 2 │    print(msg)                          │ ◂ cursor (2,13)
 3 │~                                       │
 4 │~                                       │
 5 │~                                       │
 6 │~                                       │
 7 │~                                       │
 8 │~                                       │
 9 │~                                       │
10 │~                                       │
11 │~                                       │
12 │~                                       │
13 │~                                       │
14 │~                                       │
15 │~                                       │
16 │~                                       │
17 │~                                       │
18 │greet.py              3,14           All│
    ────────────────────────────────────────

[KEYS] '^'
[OVERLAY] ⇧^  first char

              1         2         3         
    0123456789012345678901234567890123456789
    ────────────────────────────────────────
 0 │def greet(name):                        │
 1 │    msg = f"Hello {name}"               │
 2 │    print(msg)                          │ ◂ cursor (2,4)
 3 │~                                       │
 4 │~                                       │
 5 │~                                       │
 6 │~                                       │
 7 │~                                       │
 8 │~                                       │
 9 │~                                       │
10 │~                                       │
11 │~                                       │
12 │~                                       │
13 │~                                       │
14 │~                                       │
15 │~                                       │
16 │~                                       │
17 │~                                       │
18 │greet.py              3,5            All│
    ────────────────────────────────────────

[KEYS] 'g'
[OVERLAY] g

              1         2         3         
    0123456789012345678901234567890123456789
    ────────────────────────────────────────
 0 │def greet(name):                        │
 1 │    msg = f"Hello {name}"               │
 2 │    print(msg)                          │ ◂ cursor (2,4)
 3 │~                                       │
 4 │~                                       │
 5 │~                                       │
 6 │~                                       │
 7 │~                                       │
 8 │~                                       │
 9 │~                                       │
10 │~                                       │
11 │~                                       │
12 │~                                       │
13 │~                                       │
14 │~                                       │
15 │~                                       │
16 │~                                       │
17 │~                                       │
18 │greet.py              3,5            All│
19 │                             g          │
    ────────────────────────────────────────

[KEYS] 'g'
[OVERLAY] g  file start

              1         2         3         
    0123456789012345678901234567890123456789
    ────────────────────────────────────────
 0 │def greet(name):                        │ ◂ cursor (0,4)
 1 │    msg = f"Hello {name}"               │
 2 │    print(msg)                          │
 3 │~                                       │
 4 │~                                       │
 5 │~                                       │
 6 │~                                       │
 7 │~                                       │
 8 │~                                       │
 9 │~                                       │
10 │~                                       │
11 │~                                       │
12 │~                                       │
13 │~                                       │
14 │~                                       │
15 │~                                       │
16 │~                                       │
17 │~                                       │
18 │greet.py              1,5            All│
    ────────────────────────────────────────

[KEYS] '$'
[OVERLAY] ⇧$  line end

              1         2         3         
    0123456789012345678901234567890123456789
    ────────────────────────────────────────
 0 │def greet(name):                        │ ◂ cursor (0,15)
 1 │    msg = f"Hello {name}"               │
 2 │    print(msg)                          │
 3 │~                                       │
 4 │~                                       │
 5 │~                                       │
 6 │~                                       │
 7 │~                                       │
 8 │~                                       │
 9 │~                                       │
10 │~                                       │
11 │~                                       │
12 │~                                       │
13 │~                                       │
14 │~                                       │
15 │~                                       │
16 │~                                       │
17 │~                                       │
18 │greet.py              1,16           All│
    ────────────────────────────────────────

[SAY] On a line with no indent, caret and zero do the same thing.
[KEYS] '^'
[OVERLAY] ⇧^  first char

              1         2         3         
    0123456789012345678901234567890123456789
    ────────────────────────────────────────
 0 │def greet(name):                        │ ◂ cursor (0,0)
 1 │    msg = f"Hello {name}"               │
 2 │    print(msg)                          │
 3 │~                                       │
 4 │~                                       │
 5 │~                                       │
 6 │~                                       │
 7 │~                                       │
 8 │~                                       │
 9 │~                                       │
10 │~                                       │
11 │~                                       │
12 │~                                       │
13 │~                                       │
14 │~                                       │
15 │~                                       │
16 │~                                       │
17 │~                                       │
18 │greet.py              1,1            All│
    ────────────────────────────────────────

[SAY] Caret for the first real character. Zero for column zero.