[RECORDING_START] Screen state at recording start:

              1         2         3         
    0123456789012345678901234567890123456789
    ────────────────────────────────────────
 0 │# score board                           │ ◂ cursor (0,0)
 1 │alice  = 100                            │
 2 │bob    = 200                            │
 3 │carol  = 300                            │
 4 │dave   = 400                            │
 5 │eve    = 500                            │
 6 │~                                       │
 7 │~                                       │
 8 │~                                       │
 9 │~                                       │
10 │~                                       │
11 │~                                       │
12 │~                                       │
13 │~                                       │
14 │~                                       │
15 │~                                       │
16 │~                                       │
17 │~                                       │
18 │grid.py               1,1            All│
    ────────────────────────────────────────

[OVERLAY] VimFu — Block Visual Mode
[SAY] Control V starts block visual mode. It selects a rectangle, not lines or characters.
[SAY] Go to the alice line. Control V to start the block.
[KEYS] 'j'
[OVERLAY] j  down

              1         2         3         
    0123456789012345678901234567890123456789
    ────────────────────────────────────────
 0 │# score board                           │
 1 │alice  = 100                            │ ◂ cursor (1,0)
 2 │bob    = 200                            │
 3 │carol  = 300                            │
 4 │dave   = 400                            │
 5 │eve    = 500                            │
 6 │~                                       │
 7 │~                                       │
 8 │~                                       │
 9 │~                                       │
10 │~                                       │
11 │~                                       │
12 │~                                       │
13 │~                                       │
14 │~                                       │
15 │~                                       │
16 │~                                       │
17 │~                                       │
18 │grid.py               2,1            All│
    ────────────────────────────────────────

[KEYS] '\x16'
[OVERLAY] ⌃v  visual block

              1         2         3         
    0123456789012345678901234567890123456789
    ────────────────────────────────────────
 0 │# score board                           │
 1 │alice  = 100                            │ ◂ cursor (1,0)
 2 │bob    = 200                            │
 3 │carol  = 300                            │
 4 │dave   = 400                            │
 5 │eve    = 500                            │
 6 │~                                       │
 7 │~                                       │
 8 │~                                       │
 9 │~                                       │
10 │~                                       │
11 │~                                       │
12 │~                                       │
13 │~                                       │
14 │~                                       │
15 │~                                       │
16 │~                                       │
17 │~                                       │
18 │grid.py               2,1            All│
19 │-- VISUAL BLOCK --           1x1        │
    ────────────────────────────────────────

[SAY] Now J four times to extend down through all the names.
[KEYS] 'j'
[OVERLAY] j  down

              1         2         3         
    0123456789012345678901234567890123456789
    ────────────────────────────────────────
 0 │# score board                           │
 1 │alice  = 100                            │
 2 │bob    = 200                            │ ◂ cursor (2,0)
 3 │carol  = 300                            │
 4 │dave   = 400                            │
 5 │eve    = 500                            │
 6 │~                                       │
 7 │~                                       │
 8 │~                                       │
 9 │~                                       │
10 │~                                       │
11 │~                                       │
12 │~                                       │
13 │~                                       │
14 │~                                       │
15 │~                                       │
16 │~                                       │
17 │~                                       │
18 │grid.py               3,1            All│
19 │-- VISUAL BLOCK --           2x1        │
    ────────────────────────────────────────
[HIGHLIGHT] row 1, col 0: "a"

[KEYS] 'j'
[OVERLAY] j  down

              1         2         3         
    0123456789012345678901234567890123456789
    ────────────────────────────────────────
 0 │# score board                           │
 1 │alice  = 100                            │
 2 │bob    = 200                            │
 3 │carol  = 300                            │ ◂ cursor (3,0)
 4 │dave   = 400                            │
 5 │eve    = 500                            │
 6 │~                                       │
 7 │~                                       │
 8 │~                                       │
 9 │~                                       │
10 │~                                       │
11 │~                                       │
12 │~                                       │
13 │~                                       │
14 │~                                       │
15 │~                                       │
16 │~                                       │
17 │~                                       │
18 │grid.py               4,1            All│
19 │-- VISUAL BLOCK --           3x1        │
    ────────────────────────────────────────
[HIGHLIGHT] row 1, col 0: "a"
[HIGHLIGHT] row 2, col 0: "b"

[KEYS] 'j'
[OVERLAY] j  down

              1         2         3         
    0123456789012345678901234567890123456789
    ────────────────────────────────────────
 0 │# score board                           │
 1 │alice  = 100                            │
 2 │bob    = 200                            │
 3 │carol  = 300                            │
 4 │dave   = 400                            │ ◂ cursor (4,0)
 5 │eve    = 500                            │
 6 │~                                       │
 7 │~                                       │
 8 │~                                       │
 9 │~                                       │
10 │~                                       │
11 │~                                       │
12 │~                                       │
13 │~                                       │
14 │~                                       │
15 │~                                       │
16 │~                                       │
17 │~                                       │
18 │grid.py               5,1            All│
19 │-- VISUAL BLOCK --           4x1        │
    ────────────────────────────────────────
[HIGHLIGHT] row 1, col 0: "a"
[HIGHLIGHT] row 2, col 0: "b"
[HIGHLIGHT] row 3, col 0: "c"

[KEYS] 'j'
[OVERLAY] j  down

              1         2         3         
    0123456789012345678901234567890123456789
    ────────────────────────────────────────
 0 │# score board                           │
 1 │alice  = 100                            │
 2 │bob    = 200                            │
 3 │carol  = 300                            │
 4 │dave   = 400                            │
 5 │eve    = 500                            │ ◂ cursor (5,0)
 6 │~                                       │
 7 │~                                       │
 8 │~                                       │
 9 │~                                       │
10 │~                                       │
11 │~                                       │
12 │~                                       │
13 │~                                       │
14 │~                                       │
15 │~                                       │
16 │~                                       │
17 │~                                       │
18 │grid.py               6,1            All│
19 │-- VISUAL BLOCK --           5x1        │
    ────────────────────────────────────────
[HIGHLIGHT] row 1, col 0: "a"
[HIGHLIGHT] row 2, col 0: "b"
[HIGHLIGHT] row 3, col 0: "c"
[HIGHLIGHT] row 4, col 0: "d"

[SAY] A thin column selected. Now E to widen it across the names.
[KEYS] 'e'
[OVERLAY] e  end of word

              1         2         3         
    0123456789012345678901234567890123456789
    ────────────────────────────────────────
 0 │# score board                           │
 1 │alice  = 100                            │
 2 │bob    = 200                            │
 3 │carol  = 300                            │
 4 │dave   = 400                            │
 5 │eve    = 500                            │ ◂ cursor (5,2)
 6 │~                                       │
 7 │~                                       │
 8 │~                                       │
 9 │~                                       │
10 │~                                       │
11 │~                                       │
12 │~                                       │
13 │~                                       │
14 │~                                       │
15 │~                                       │
16 │~                                       │
17 │~                                       │
18 │grid.py               6,3            All│
19 │-- VISUAL BLOCK --           5x3        │
    ────────────────────────────────────────
[HIGHLIGHT] row 1, cols 0-2: "ali"
[HIGHLIGHT] row 2, cols 0-2: "bob"
[HIGHLIGHT] row 3, cols 0-2: "car"
[HIGHLIGHT] row 4, cols 0-2: "dav"
[HIGHLIGHT] row 5, cols 0-2: "ev"

[SAY] A perfect rectangle. Five names in a block. No other mode can do this.
[ESCAPE]

              1         2         3         
    0123456789012345678901234567890123456789
    ────────────────────────────────────────
 0 │# score board                           │
 1 │alice  = 100                            │
 2 │bob    = 200                            │
 3 │carol  = 300                            │
 4 │dave   = 400                            │
 5 │eve    = 500                            │ ◂ cursor (5,2)
 6 │~                                       │
 7 │~                                       │
 8 │~                                       │
 9 │~                                       │
10 │~                                       │
11 │~                                       │
12 │~                                       │
13 │~                                       │
14 │~                                       │
15 │~                                       │
16 │~                                       │
17 │~                                       │
18 │grid.py               6,3            All│
    ────────────────────────────────────────

[SAY] Now select just the numbers. Go to the first score.
[KEYS] 'g'
[OVERLAY] g

              1         2         3         
    0123456789012345678901234567890123456789
    ────────────────────────────────────────
 0 │# score board                           │
 1 │alice  = 100                            │
 2 │bob    = 200                            │
 3 │carol  = 300                            │
 4 │dave   = 400                            │
 5 │eve    = 500                            │ ◂ cursor (5,2)
 6 │~                                       │
 7 │~                                       │
 8 │~                                       │
 9 │~                                       │
10 │~                                       │
11 │~                                       │
12 │~                                       │
13 │~                                       │
14 │~                                       │
15 │~                                       │
16 │~                                       │
17 │~                                       │
18 │grid.py               6,3            All│
19 │                             g          │
    ────────────────────────────────────────

[KEYS] 'g'
[OVERLAY] g  file start

              1         2         3         
    0123456789012345678901234567890123456789
    ────────────────────────────────────────
 0 │# score board                           │ ◂ cursor (0,2)
 1 │alice  = 100                            │
 2 │bob    = 200                            │
 3 │carol  = 300                            │
 4 │dave   = 400                            │
 5 │eve    = 500                            │
 6 │~                                       │
 7 │~                                       │
 8 │~                                       │
 9 │~                                       │
10 │~                                       │
11 │~                                       │
12 │~                                       │
13 │~                                       │
14 │~                                       │
15 │~                                       │
16 │~                                       │
17 │~                                       │
18 │grid.py               1,3            All│
    ────────────────────────────────────────

[KEYS] 'j'
[OVERLAY] j  down

              1         2         3         
    0123456789012345678901234567890123456789
    ────────────────────────────────────────
 0 │# score board                           │
 1 │alice  = 100                            │ ◂ cursor (1,2)
 2 │bob    = 200                            │
 3 │carol  = 300                            │
 4 │dave   = 400                            │
 5 │eve    = 500                            │
 6 │~                                       │
 7 │~                                       │
 8 │~                                       │
 9 │~                                       │
10 │~                                       │
11 │~                                       │
12 │~                                       │
13 │~                                       │
14 │~                                       │
15 │~                                       │
16 │~                                       │
17 │~                                       │
18 │grid.py               2,3            All│
    ────────────────────────────────────────

[KEYS] '$'
[OVERLAY] ⇧$  line end

              1         2         3         
    0123456789012345678901234567890123456789
    ────────────────────────────────────────
 0 │# score board                           │
 1 │alice  = 100                            │ ◂ cursor (1,11)
 2 │bob    = 200                            │
 3 │carol  = 300                            │
 4 │dave   = 400                            │
 5 │eve    = 500                            │
 6 │~                                       │
 7 │~                                       │
 8 │~                                       │
 9 │~                                       │
10 │~                                       │
11 │~                                       │
12 │~                                       │
13 │~                                       │
14 │~                                       │
15 │~                                       │
16 │~                                       │
17 │~                                       │
18 │grid.py               2,12           All│
    ────────────────────────────────────────

[SAY] Control V, then J four times.
[KEYS] '\x16'
[OVERLAY] ⌃v  visual block

              1         2         3         
    0123456789012345678901234567890123456789
    ────────────────────────────────────────
 0 │# score board                           │
 1 │alice  = 100                            │ ◂ cursor (1,11)
 2 │bob    = 200                            │
 3 │carol  = 300                            │
 4 │dave   = 400                            │
 5 │eve    = 500                            │
 6 │~                                       │
 7 │~                                       │
 8 │~                                       │
 9 │~                                       │
10 │~                                       │
11 │~                                       │
12 │~                                       │
13 │~                                       │
14 │~                                       │
15 │~                                       │
16 │~                                       │
17 │~                                       │
18 │grid.py               2,12           All│
19 │-- VISUAL BLOCK --           1x1        │
    ────────────────────────────────────────

[KEYS] 'j'
[OVERLAY] j  down

              1         2         3         
    0123456789012345678901234567890123456789
    ────────────────────────────────────────
 0 │# score board                           │
 1 │alice  = 100                            │
 2 │bob    = 200                            │ ◂ cursor (2,12)
 3 │carol  = 300                            │
 4 │dave   = 400                            │
 5 │eve    = 500                            │
 6 │~                                       │
 7 │~                                       │
 8 │~                                       │
 9 │~                                       │
10 │~                                       │
11 │~                                       │
12 │~                                       │
13 │~                                       │
14 │~                                       │
15 │~                                       │
16 │~                                       │
17 │~                                       │
18 │grid.py               3,13           All│
19 │-- VISUAL BLOCK --           2x2        │
    ────────────────────────────────────────
[HIGHLIGHT] row 1, col 11: "0"
[HIGHLIGHT] row 2, cols 11-12: "0"

[KEYS] 'j'
[OVERLAY] j  down

              1         2         3         
    0123456789012345678901234567890123456789
    ────────────────────────────────────────
 0 │# score board                           │
 1 │alice  = 100                            │
 2 │bob    = 200                            │
 3 │carol  = 300                            │ ◂ cursor (3,12)
 4 │dave   = 400                            │
 5 │eve    = 500                            │
 6 │~                                       │
 7 │~                                       │
 8 │~                                       │
 9 │~                                       │
10 │~                                       │
11 │~                                       │
12 │~                                       │
13 │~                                       │
14 │~                                       │
15 │~                                       │
16 │~                                       │
17 │~                                       │
18 │grid.py               4,13           All│
19 │-- VISUAL BLOCK --           3x2        │
    ────────────────────────────────────────
[HIGHLIGHT] row 1, col 11: "0"
[HIGHLIGHT] row 2, col 11: "0"
[HIGHLIGHT] row 3, cols 11-12: "0"

[KEYS] 'j'
[OVERLAY] j  down

              1         2         3         
    0123456789012345678901234567890123456789
    ────────────────────────────────────────
 0 │# score board                           │
 1 │alice  = 100                            │
 2 │bob    = 200                            │
 3 │carol  = 300                            │
 4 │dave   = 400                            │ ◂ cursor (4,12)
 5 │eve    = 500                            │
 6 │~                                       │
 7 │~                                       │
 8 │~                                       │
 9 │~                                       │
10 │~                                       │
11 │~                                       │
12 │~                                       │
13 │~                                       │
14 │~                                       │
15 │~                                       │
16 │~                                       │
17 │~                                       │
18 │grid.py               5,13           All│
19 │-- VISUAL BLOCK --           4x2        │
    ────────────────────────────────────────
[HIGHLIGHT] row 1, col 11: "0"
[HIGHLIGHT] row 2, col 11: "0"
[HIGHLIGHT] row 3, col 11: "0"
[HIGHLIGHT] row 4, cols 11-12: "0"

[KEYS] 'j'
[OVERLAY] j  down

              1         2         3         
    0123456789012345678901234567890123456789
    ────────────────────────────────────────
 0 │# score board                           │
 1 │alice  = 100                            │
 2 │bob    = 200                            │
 3 │carol  = 300                            │
 4 │dave   = 400                            │
 5 │eve    = 500                            │ ◂ cursor (5,12)
 6 │~                                       │
 7 │~                                       │
 8 │~                                       │
 9 │~                                       │
10 │~                                       │
11 │~                                       │
12 │~                                       │
13 │~                                       │
14 │~                                       │
15 │~                                       │
16 │~                                       │
17 │~                                       │
18 │grid.py               6,13           All│
19 │-- VISUAL BLOCK --           5x2        │
    ────────────────────────────────────────
[HIGHLIGHT] row 1, col 11: "0"
[HIGHLIGHT] row 2, col 11: "0"
[HIGHLIGHT] row 3, col 11: "0"
[HIGHLIGHT] row 4, col 11: "0"
[HIGHLIGHT] row 5, cols 11-12: "0"

[SAY] Just the last digit of each score. A column selection.
[SAY] D to delete the column.
[KEYS] 'd'
[OVERLAY] d  delete

              1         2         3         
    0123456789012345678901234567890123456789
    ────────────────────────────────────────
 0 │# score board                           │
 1 │alice  = 10                             │ ◂ cursor (1,10)
 2 │bob    = 20                             │
 3 │carol  = 30                             │
 4 │dave   = 40                             │
 5 │eve    = 50                             │
 6 │~                                       │
 7 │~                                       │
 8 │~                                       │
 9 │~                                       │
10 │~                                       │
11 │~                                       │
12 │~                                       │
13 │~                                       │
14 │~                                       │
15 │~                                       │
16 │~                                       │
17 │~                                       │
18 │grid.py [+]           2,11           All│
    ────────────────────────────────────────

[SAY] Only that column is gone. The rest of the lines stay intact.
[KEYS] 'u'
[OVERLAY] u  undo

              1         2         3         
    0123456789012345678901234567890123456789
    ────────────────────────────────────────
 0 │# score board                           │
 1 │alice  = 100                            │ ◂ cursor (1,11)
 2 │bob    = 200                            │
 3 │carol  = 300                            │
 4 │dave   = 400                            │
 5 │eve    = 500                            │
 6 │~                                       │
 7 │~                                       │
 8 │~                                       │
 9 │~                                       │
10 │~                                       │
11 │~                                       │
12 │~                                       │
13 │~                                       │
14 │~                                       │
15 │~                                       │
16 │~                                       │
17 │~                                       │
18 │grid.py               2,12           All│
19 │5 changes; b...7 seconds ago            │
    ────────────────────────────────────────

[SAY] Control V. Block visual mode. Select rectangles, edit columns.