[RECORDING_START] Screen state at recording start:

              1         2         3         
    0123456789012345678901234567890123456789
    ────────────────────────────────────────
 0 │➜  vimfu                                │ ◂ cursor (0,9)
    ────────────────────────────────────────

[OVERLAY] VimFu — Go to Bottom
[SAY] G G takes you to the top.
[LINE] 'nvim app.py'

              1         2         3         
    0123456789012345678901234567890123456789
    ────────────────────────────────────────
 0 │➜  vimfu nvim app.py                    │
    ────────────────────────────────────────

[SAY] Capital G takes you to the bottom.
[KEYS] 'G'
[OVERLAY] ⇧G  file end

              1         2         3         
    0123456789012345678901234567890123456789
    ────────────────────────────────────────
 0 │import os                               │
 1 │import sys                              │
 2 │                                        │
 3 │def setup():                            │
 4 │    path = os.getcwd()                  │
 5 │    return path                         │
 6 │                                        │
 7 │def main():                             │
 8 │    base = setup()                      │
 9 │    name = "vimfu"                      │
10 │    print(f"Running {name}")            │
11 │    print(f"Path: {base}")              │
12 │    return 0                            │
13 │                                        │
14 │if __name__ == "__main__":              │
15 │    sys.exit(main())                    │ ◂ cursor (15,0)
16 │~                                       │
17 │~                                       │
18 │app.py                16,1           All│
    ────────────────────────────────────────

[SAY] Last line of the file. One keypress.
[SAY] G G for the top. Shift G for the bottom.
[KEYS] 'g'
[OVERLAY] g

              1         2         3         
    0123456789012345678901234567890123456789
    ────────────────────────────────────────
 0 │import os                               │
 1 │import sys                              │
 2 │                                        │
 3 │def setup():                            │
 4 │    path = os.getcwd()                  │
 5 │    return path                         │
 6 │                                        │
 7 │def main():                             │
 8 │    base = setup()                      │
 9 │    name = "vimfu"                      │
10 │    print(f"Running {name}")            │
11 │    print(f"Path: {base}")              │
12 │    return 0                            │
13 │                                        │
14 │if __name__ == "__main__":              │
15 │    sys.exit(main())                    │ ◂ cursor (15,0)
16 │~                                       │
17 │~                                       │
18 │app.py                16,1           All│
19 │                             g          │
    ────────────────────────────────────────

[KEYS] 'g'
[OVERLAY] g  file start

              1         2         3         
    0123456789012345678901234567890123456789
    ────────────────────────────────────────
 0 │import os                               │ ◂ cursor (0,0)
 1 │import sys                              │
 2 │                                        │
 3 │def setup():                            │
 4 │    path = os.getcwd()                  │
 5 │    return path                         │
 6 │                                        │
 7 │def main():                             │
 8 │    base = setup()                      │
 9 │    name = "vimfu"                      │
10 │    print(f"Running {name}")            │
11 │    print(f"Path: {base}")              │
12 │    return 0                            │
13 │                                        │
14 │if __name__ == "__main__":              │
15 │    sys.exit(main())                    │
16 │~                                       │
17 │~                                       │
18 │app.py                1,1            All│
    ────────────────────────────────────────

[KEYS] 'G'
[OVERLAY] ⇧G  file end

              1         2         3         
    0123456789012345678901234567890123456789
    ────────────────────────────────────────
 0 │import os                               │
 1 │import sys                              │
 2 │                                        │
 3 │def setup():                            │
 4 │    path = os.getcwd()                  │
 5 │    return path                         │
 6 │                                        │
 7 │def main():                             │
 8 │    base = setup()                      │
 9 │    name = "vimfu"                      │
10 │    print(f"Running {name}")            │
11 │    print(f"Path: {base}")              │
12 │    return 0                            │
13 │                                        │
14 │if __name__ == "__main__":              │
15 │    sys.exit(main())                    │ ◂ cursor (15,0)
16 │~                                       │
17 │~                                       │
18 │app.py                16,1           All│
    ────────────────────────────────────────

[KEYS] 'g'
[OVERLAY] g

              1         2         3         
    0123456789012345678901234567890123456789
    ────────────────────────────────────────
 0 │import os                               │
 1 │import sys                              │
 2 │                                        │
 3 │def setup():                            │
 4 │    path = os.getcwd()                  │
 5 │    return path                         │
 6 │                                        │
 7 │def main():                             │
 8 │    base = setup()                      │
 9 │    name = "vimfu"                      │
10 │    print(f"Running {name}")            │
11 │    print(f"Path: {base}")              │
12 │    return 0                            │
13 │                                        │
14 │if __name__ == "__main__":              │
15 │    sys.exit(main())                    │ ◂ cursor (15,0)
16 │~                                       │
17 │~                                       │
18 │app.py                16,1           All│
19 │                             g          │
    ────────────────────────────────────────

[KEYS] 'g'
[OVERLAY] g  file start

              1         2         3         
    0123456789012345678901234567890123456789
    ────────────────────────────────────────
 0 │import os                               │ ◂ cursor (0,0)
 1 │import sys                              │
 2 │                                        │
 3 │def setup():                            │
 4 │    path = os.getcwd()                  │
 5 │    return path                         │
 6 │                                        │
 7 │def main():                             │
 8 │    base = setup()                      │
 9 │    name = "vimfu"                      │
10 │    print(f"Running {name}")            │
11 │    print(f"Path: {base}")              │
12 │    return 0                            │
13 │                                        │
14 │if __name__ == "__main__":              │
15 │    sys.exit(main())                    │
16 │~                                       │
17 │~                                       │
18 │app.py                1,1            All│
    ────────────────────────────────────────

[KEYS] 'G'
[OVERLAY] ⇧G  file end

              1         2         3         
    0123456789012345678901234567890123456789
    ────────────────────────────────────────
 0 │import os                               │
 1 │import sys                              │
 2 │                                        │
 3 │def setup():                            │
 4 │    path = os.getcwd()                  │
 5 │    return path                         │
 6 │                                        │
 7 │def main():                             │
 8 │    base = setup()                      │
 9 │    name = "vimfu"                      │
10 │    print(f"Running {name}")            │
11 │    print(f"Path: {base}")              │
12 │    return 0                            │
13 │                                        │
14 │if __name__ == "__main__":              │
15 │    sys.exit(main())                    │ ◂ cursor (15,0)
16 │~                                       │
17 │~                                       │
18 │app.py                16,1           All│
    ────────────────────────────────────────

[SAY] Top. Bottom. Top. Bottom. Instant.
[SAY] Shift G for the bottom. G G for the top. Memorize the pair.