[RECORDING_START] Screen state at recording start:

              1         2         3         
    0123456789012345678901234567890123456789
    ────────────────────────────────────────
 0 │name = "vim"                            │ ◂ cursor (0,0)
 1 │version = 2                             │
 2 │~                                       │
 3 │~                                       │
 4 │~                                       │
 5 │~                                       │
 6 │~                                       │
 7 │~                                       │
 8 │~                                       │
 9 │~                                       │
10 │~                                       │
11 │~                                       │
12 │~                                       │
13 │~                                       │
14 │~                                       │
15 │~                                       │
16 │~                                       │
17 │~                                       │
18 │items.py              1,1            All│
    ────────────────────────────────────────

[OVERLAY] VimFu — Yank a Line
[SAY] In Vim, copy is called yank. Y Y yanks the current line.
[SAY] Let's copy this first line.
[KEYS] 'y'
[OVERLAY] y  yank

              1         2         3         
    0123456789012345678901234567890123456789
    ────────────────────────────────────────
 0 │name = "vim"                            │ ◂ cursor (0,0)
 1 │version = 2                             │
 2 │~                                       │
 3 │~                                       │
 4 │~                                       │
 5 │~                                       │
 6 │~                                       │
 7 │~                                       │
 8 │~                                       │
 9 │~                                       │
10 │~                                       │
11 │~                                       │
12 │~                                       │
13 │~                                       │
14 │~                                       │
15 │~                                       │
16 │~                                       │
17 │~                                       │
18 │items.py              1,1            All│
19 │                             y          │
    ────────────────────────────────────────

[KEYS] 'y'
[OVERLAY] y  yank line

              1         2         3         
    0123456789012345678901234567890123456789
    ────────────────────────────────────────
 0 │name = "vim"                            │ ◂ cursor (0,0)
 1 │version = 2                             │
 2 │~                                       │
 3 │~                                       │
 4 │~                                       │
 5 │~                                       │
 6 │~                                       │
 7 │~                                       │
 8 │~                                       │
 9 │~                                       │
10 │~                                       │
11 │~                                       │
12 │~                                       │
13 │~                                       │
14 │~                                       │
15 │~                                       │
16 │~                                       │
17 │~                                       │
18 │items.py              1,1            All│
    ────────────────────────────────────────

[SAY] It looks like nothing happened. But the line is copied.
[SAY] Press P to paste it below.
[KEYS] 'p'
[OVERLAY] p  paste after

              1         2         3         
    0123456789012345678901234567890123456789
    ────────────────────────────────────────
 0 │name = "vim"                            │
 1 │name = "vim"                            │ ◂ cursor (1,0)
 2 │version = 2                             │
 3 │~                                       │
 4 │~                                       │
 5 │~                                       │
 6 │~                                       │
 7 │~                                       │
 8 │~                                       │
 9 │~                                       │
10 │~                                       │
11 │~                                       │
12 │~                                       │
13 │~                                       │
14 │~                                       │
15 │~                                       │
16 │~                                       │
17 │~                                       │
18 │items.py [+]          2,1            All│
    ────────────────────────────────────────

[SAY] There it is. A copy of line one, pasted below.
[SAY] Press P again. It pastes again.
[KEYS] 'p'
[OVERLAY] p  paste after

              1         2         3         
    0123456789012345678901234567890123456789
    ────────────────────────────────────────
 0 │name = "vim"                            │
 1 │name = "vim"                            │
 2 │name = "vim"                            │ ◂ cursor (2,0)
 3 │version = 2                             │
 4 │~                                       │
 5 │~                                       │
 6 │~                                       │
 7 │~                                       │
 8 │~                                       │
 9 │~                                       │
10 │~                                       │
11 │~                                       │
12 │~                                       │
13 │~                                       │
14 │~                                       │
15 │~                                       │
16 │~                                       │
17 │~                                       │
18 │items.py [+]          3,1            All│
    ────────────────────────────────────────

[SAY] Yank once, paste as many times as you want.
[KEYS] 'u'
[OVERLAY] u  undo

              1         2         3         
    0123456789012345678901234567890123456789
    ────────────────────────────────────────
 0 │name = "vim"                            │
 1 │name = "vim"                            │ ◂ cursor (1,0)
 2 │version = 2                             │
 3 │~                                       │
 4 │~                                       │
 5 │~                                       │
 6 │~                                       │
 7 │~                                       │
 8 │~                                       │
 9 │~                                       │
10 │~                                       │
11 │~                                       │
12 │~                                       │
13 │~                                       │
14 │~                                       │
15 │~                                       │
16 │~                                       │
17 │~                                       │
18 │items.py [+]          2,1            All│
19 │1 line less;...7 seconds ago            │
    ────────────────────────────────────────

[KEYS] 'u'
[OVERLAY] u  undo

              1         2         3         
    0123456789012345678901234567890123456789
    ────────────────────────────────────────
 0 │name = "vim"                            │ ◂ cursor (0,0)
 1 │version = 2                             │
 2 │~                                       │
 3 │~                                       │
 4 │~                                       │
 5 │~                                       │
 6 │~                                       │
 7 │~                                       │
 8 │~                                       │
 9 │~                                       │
10 │~                                       │
11 │~                                       │
12 │~                                       │
13 │~                                       │
14 │~                                       │
15 │~                                       │
16 │~                                       │
17 │~                                       │
18 │items.py              1,1            All│
19 │1 line less;...2 seconds ago            │
    ────────────────────────────────────────

[SAY] Let's yank line two instead.
[KEYS] 'j'
[OVERLAY] j  down

              1         2         3         
    0123456789012345678901234567890123456789
    ────────────────────────────────────────
 0 │name = "vim"                            │
 1 │version = 2                             │ ◂ cursor (1,0)
 2 │~                                       │
 3 │~                                       │
 4 │~                                       │
 5 │~                                       │
 6 │~                                       │
 7 │~                                       │
 8 │~                                       │
 9 │~                                       │
10 │~                                       │
11 │~                                       │
12 │~                                       │
13 │~                                       │
14 │~                                       │
15 │~                                       │
16 │~                                       │
17 │~                                       │
18 │items.py              2,1            All│
19 │1 line less;...2 seconds ago            │
    ────────────────────────────────────────

[KEYS] 'y'
[OVERLAY] y  yank

              1         2         3         
    0123456789012345678901234567890123456789
    ────────────────────────────────────────
 0 │name = "vim"                            │
 1 │version = 2                             │ ◂ cursor (1,0)
 2 │~                                       │
 3 │~                                       │
 4 │~                                       │
 5 │~                                       │
 6 │~                                       │
 7 │~                                       │
 8 │~                                       │
 9 │~                                       │
10 │~                                       │
11 │~                                       │
12 │~                                       │
13 │~                                       │
14 │~                                       │
15 │~                                       │
16 │~                                       │
17 │~                                       │
18 │items.py              2,1            All│
19 │1 line less;...2 seconds ago y          │
    ────────────────────────────────────────

[KEYS] 'y'
[OVERLAY] y  yank line

              1         2         3         
    0123456789012345678901234567890123456789
    ────────────────────────────────────────
 0 │name = "vim"                            │
 1 │version = 2                             │ ◂ cursor (1,0)
 2 │~                                       │
 3 │~                                       │
 4 │~                                       │
 5 │~                                       │
 6 │~                                       │
 7 │~                                       │
 8 │~                                       │
 9 │~                                       │
10 │~                                       │
11 │~                                       │
12 │~                                       │
13 │~                                       │
14 │~                                       │
15 │~                                       │
16 │~                                       │
17 │~                                       │
18 │items.py              2,1            All│
19 │1 line less;...2 seconds ago            │
    ────────────────────────────────────────

[KEYS] 'p'
[OVERLAY] p  paste after

              1         2         3         
    0123456789012345678901234567890123456789
    ────────────────────────────────────────
 0 │name = "vim"                            │
 1 │version = 2                             │
 2 │version = 2                             │ ◂ cursor (2,0)
 3 │~                                       │
 4 │~                                       │
 5 │~                                       │
 6 │~                                       │
 7 │~                                       │
 8 │~                                       │
 9 │~                                       │
10 │~                                       │
11 │~                                       │
12 │~                                       │
13 │~                                       │
14 │~                                       │
15 │~                                       │
16 │~                                       │
17 │~                                       │
18 │items.py [+]          3,1            All│
19 │1 line less;...2 seconds ago            │
    ────────────────────────────────────────

[SAY] Copied and pasted. Y Y to yank. P to put.
[KEYS] 'u'
[OVERLAY] u  undo

              1         2         3         
    0123456789012345678901234567890123456789
    ────────────────────────────────────────
 0 │name = "vim"                            │
 1 │version = 2                             │ ◂ cursor (1,0)
 2 │~                                       │
 3 │~                                       │
 4 │~                                       │
 5 │~                                       │
 6 │~                                       │
 7 │~                                       │
 8 │~                                       │
 9 │~                                       │
10 │~                                       │
11 │~                                       │
12 │~                                       │
13 │~                                       │
14 │~                                       │
15 │~                                       │
16 │~                                       │
17 │~                                       │
18 │items.py              2,1            All│
19 │1 line less;...5 seconds ago            │
    ────────────────────────────────────────

[SAY] Y Y. Yank a line.