[RECORDING_START] Screen state at recording start:

              1         2         3         
    0123456789012345678901234567890123456789
    ────────────────────────────────────────
 0 │  1 room_1 = "entrance"                 │ ◂ cursor (0,4)
 1 │  2 room_2 = "corridor"                 │
 2 │  3 room_3 = "trap"                     │
 3 │  4 room_4 = "armory"                   │
 4 │  5 room_5 = "vault"                    │
 5 │  6 room_6 = "boss"                     │
 6 │  7 room_7 = "treasure"                 │
 7 │  8 room_8 = "exit"                     │
 8 │~                                       │
 9 │~                                       │
10 │~                                       │
11 │~                                       │
12 │~                                       │
13 │~                                       │
14 │~                                       │
15 │~                                       │
16 │~                                       │
17 │~                                       │
18 │dungeon.py            1,1            All│
    ────────────────────────────────────────

[OVERLAY] VimFu — The G Key
[SAY] Capital G goes to the last line of the file. Or give it a count to jump to any line.
[SAY] Cursor is on line one. Press G.
[KEYS] 'G'
[OVERLAY] ⇧G  go to end

              1         2         3         
    0123456789012345678901234567890123456789
    ────────────────────────────────────────
 0 │  1 room_1 = "entrance"                 │
 1 │  2 room_2 = "corridor"                 │
 2 │  3 room_3 = "trap"                     │
 3 │  4 room_4 = "armory"                   │
 4 │  5 room_5 = "vault"                    │
 5 │  6 room_6 = "boss"                     │
 6 │  7 room_7 = "treasure"                 │
 7 │  8 room_8 = "exit"                     │ ◂ cursor (7,4)
 8 │~                                       │
 9 │~                                       │
10 │~                                       │
11 │~                                       │
12 │~                                       │
13 │~                                       │
14 │~                                       │
15 │~                                       │
16 │~                                       │
17 │~                                       │
18 │dungeon.py            8,1            All│
    ────────────────────────────────────────

[SAY] Line eight. The exit. G jumps straight to the bottom.
[SAY] G G goes back to the top.
[KEYS] 'gg'
[OVERLAY] gg  go to top

              1         2         3         
    0123456789012345678901234567890123456789
    ────────────────────────────────────────
 0 │  1 room_1 = "entrance"                 │ ◂ cursor (0,4)
 1 │  2 room_2 = "corridor"                 │
 2 │  3 room_3 = "trap"                     │
 3 │  4 room_4 = "armory"                   │
 4 │  5 room_5 = "vault"                    │
 5 │  6 room_6 = "boss"                     │
 6 │  7 room_7 = "treasure"                 │
 7 │  8 room_8 = "exit"                     │
 8 │~                                       │
 9 │~                                       │
10 │~                                       │
11 │~                                       │
12 │~                                       │
13 │~                                       │
14 │~                                       │
15 │~                                       │
16 │~                                       │
17 │~                                       │
18 │dungeon.py            1,1            All│
    ────────────────────────────────────────

[SAY] Line one. Entrance. G G is the counterpart.
[SAY] Five G. Jump to line five.
[KEYS] '5G'
[OVERLAY] 5G  go to line 5

              1         2         3         
    0123456789012345678901234567890123456789
    ────────────────────────────────────────
 0 │  1 room_1 = "entrance"                 │
 1 │  2 room_2 = "corridor"                 │
 2 │  3 room_3 = "trap"                     │
 3 │  4 room_4 = "armory"                   │
 4 │  5 room_5 = "vault"                    │ ◂ cursor (4,4)
 5 │  6 room_6 = "boss"                     │
 6 │  7 room_7 = "treasure"                 │
 7 │  8 room_8 = "exit"                     │
 8 │~                                       │
 9 │~                                       │
10 │~                                       │
11 │~                                       │
12 │~                                       │
13 │~                                       │
14 │~                                       │
15 │~                                       │
16 │~                                       │
17 │~                                       │
18 │dungeon.py            5,1            All│
    ────────────────────────────────────────

[SAY] The vault. Line five. Type any number before G to go to that line.
[SAY] Capital G. Bottom of the file. G G for top. Number G for any line.