[RECORDING_START] Screen state at recording start:

              1         2         3         
    0123456789012345678901234567890123456789
    ────────────────────────────────────────
 0 │line 1                                  │ ◂ cursor (0,0)
 1 │line 2                                  │
 2 │line 3                                  │
 3 │line 4                                  │
 4 │line 5                                  │
 5 │~                                       │
 6 │~                                       │
 7 │~                                       │
 8 │~                                       │
 9 │~                                       │
10 │~                                       │
11 │~                                       │
12 │~                                       │
13 │~                                       │
14 │~                                       │
15 │~                                       │
16 │~                                       │
17 │~                                       │
18 │demo.py               1,1            All│
    ────────────────────────────────────────

[OVERLAY] VimFu — :delmarks — Delete Marks
[SAY] `:delmarks` removes marks you no longer need. Start by setting three lowercase marks.
[KEYS] 'ma'
[OVERLAY] ma  set mark a

              1         2         3         
    0123456789012345678901234567890123456789
    ────────────────────────────────────────
 0 │line 1                                  │ ◂ cursor (0,0)
 1 │line 2                                  │
 2 │line 3                                  │
 3 │line 4                                  │
 4 │line 5                                  │
 5 │~                                       │
 6 │~                                       │
 7 │~                                       │
 8 │~                                       │
 9 │~                                       │
10 │~                                       │
11 │~                                       │
12 │~                                       │
13 │~                                       │
14 │~                                       │
15 │~                                       │
16 │~                                       │
17 │~                                       │
18 │demo.py               1,1            All│
    ────────────────────────────────────────

[KEYS] 'jjmb'
[OVERLAY] jjmb  set mark b

              1         2         3         
    0123456789012345678901234567890123456789
    ────────────────────────────────────────
 0 │line 1                                  │
 1 │line 2                                  │
 2 │line 3                                  │ ◂ cursor (2,0)
 3 │line 4                                  │
 4 │line 5                                  │
 5 │~                                       │
 6 │~                                       │
 7 │~                                       │
 8 │~                                       │
 9 │~                                       │
10 │~                                       │
11 │~                                       │
12 │~                                       │
13 │~                                       │
14 │~                                       │
15 │~                                       │
16 │~                                       │
17 │~                                       │
18 │demo.py               3,1            All│
    ────────────────────────────────────────

[KEYS] 'jjmc'
[OVERLAY] jjmc  set mark c

              1         2         3         
    0123456789012345678901234567890123456789
    ────────────────────────────────────────
 0 │line 1                                  │
 1 │line 2                                  │
 2 │line 3                                  │
 3 │line 4                                  │
 4 │line 5                                  │ ◂ cursor (4,0)
 5 │~                                       │
 6 │~                                       │
 7 │~                                       │
 8 │~                                       │
 9 │~                                       │
10 │~                                       │
11 │~                                       │
12 │~                                       │
13 │~                                       │
14 │~                                       │
15 │~                                       │
16 │~                                       │
17 │~                                       │
18 │demo.py               5,1            All│
    ────────────────────────────────────────

[KEYS] ':'
[OVERLAY] ⇧:  :marks

              1         2         3         
    0123456789012345678901234567890123456789
    ────────────────────────────────────────
 0 │line 1                                  │
 1 │line 2                                  │
 2 │line 3                                  │
 3 │line 4                                  │
 4 │line 5                                  │
 5 │~                                       │
 6 │~                                       │
 7 │~                                       │
 8 │~                                       │
 9 │~                                       │
10 │~                                       │
11 │~                                       │
12 │~                                       │
13 │~                                       │
14 │~                                       │
15 │~                                       │
16 │~                                       │
17 │~                                       │
18 │demo.py               5,1            All│
19 │:                                       │ ◂ cursor (19,1)
    ────────────────────────────────────────

[TYPE] 'marks'

              1         2         3         
    0123456789012345678901234567890123456789
    ────────────────────────────────────────
 0 │line 1                                  │
 1 │line 2                                  │
 2 │line 3                                  │
 3 │line 4                                  │
 4 │line 5                                  │
 5 │~                                       │
 6 │~                                       │
 7 │~                                       │
 8 │~                                       │
 9 │~                                       │
10 │~                                       │
11 │~                                       │
12 │~                                       │
13 │~                                       │
14 │~                                       │
15 │~                                       │
16 │~                                       │
17 │~                                       │
18 │demo.py               5,1            All│
19 │:marks                                  │ ◂ cursor (19,6)
    ────────────────────────────────────────

[EX_READY] ':marks'

              1         2         3         
    0123456789012345678901234567890123456789
    ────────────────────────────────────────
 0 │line 1                                  │
 1 │line 2                                  │
 2 │line 3                                  │
 3 │line 4                                  │
 4 │line 5                                  │
 5 │~                                       │
 6 │~                                       │
 7 │~                                       │
 8 │~                                       │
 9 │~                                       │
10 │~                                       │
11 │~                                       │
12 │~                                       │
13 │~                                       │
14 │~                                       │
15 │~                                       │
16 │~                                       │
17 │~                                       │
18 │demo.py               5,1            All│
19 │:marks                                  │ ◂ cursor (19,6)
    ────────────────────────────────────────

[ENTER]

              1         2         3         
    0123456789012345678901234567890123456789
    ────────────────────────────────────────
 0 │line 1                                  │
 1 │line 2                                  │
 2 │line 3                                  │
 3 │line 4                                  │
 4 │line 5                                  │
 5 │~                                       │
 6 │~                                       │
 7 │~                                       │
 8 │~                                       │
 9 │~                                       │
10 │~                                       │
11 │                                        │
12 │:marks                                  │
13 │mark line  col file/text                │
14 │ '      1    0 line 1                   │
15 │ a      1    0 line 1                   │
16 │ b      3    0 line 3                   │
17 │ c      5    0 line 5                   │
18 │ "      1    0 line 1                   │
19 │Press ENTER or type command to continue │ ◂ cursor (19,39)
    ────────────────────────────────────────

[ENTER]

              1         2         3         
    0123456789012345678901234567890123456789
    ────────────────────────────────────────
 0 │line 1                                  │
 1 │line 2                                  │
 2 │line 3                                  │
 3 │line 4                                  │
 4 │line 5                                  │ ◂ cursor (4,0)
 5 │~                                       │
 6 │~                                       │
 7 │~                                       │
 8 │~                                       │
 9 │~                                       │
10 │~                                       │
11 │~                                       │
12 │~                                       │
13 │~                                       │
14 │~                                       │
15 │~                                       │
16 │~                                       │
17 │~                                       │
18 │demo.py               5,1            All│
    ────────────────────────────────────────

[SAY] Delete only mark `a`.
[KEYS] ':'
[OVERLAY] ⇧:  :delmarks a

              1         2         3         
    0123456789012345678901234567890123456789
    ────────────────────────────────────────
 0 │line 1                                  │
 1 │line 2                                  │
 2 │line 3                                  │
 3 │line 4                                  │
 4 │line 5                                  │
 5 │~                                       │
 6 │~                                       │
 7 │~                                       │
 8 │~                                       │
 9 │~                                       │
10 │~                                       │
11 │~                                       │
12 │~                                       │
13 │~                                       │
14 │~                                       │
15 │~                                       │
16 │~                                       │
17 │~                                       │
18 │demo.py               5,1            All│
19 │:                                       │ ◂ cursor (19,1)
    ────────────────────────────────────────

[TYPE] 'delmarks a'

              1         2         3         
    0123456789012345678901234567890123456789
    ────────────────────────────────────────
 0 │line 1                                  │
 1 │line 2                                  │
 2 │line 3                                  │
 3 │line 4                                  │
 4 │line 5                                  │
 5 │~                                       │
 6 │~                                       │
 7 │~                                       │
 8 │~                                       │
 9 │~                                       │
10 │~                                       │
11 │~                                       │
12 │~                                       │
13 │~                                       │
14 │~                                       │
15 │~                                       │
16 │~                                       │
17 │~                                       │
18 │demo.py               5,1            All│
19 │:delmarks a                             │ ◂ cursor (19,11)
    ────────────────────────────────────────

[EX_READY] ':delmarks a'

              1         2         3         
    0123456789012345678901234567890123456789
    ────────────────────────────────────────
 0 │line 1                                  │
 1 │line 2                                  │
 2 │line 3                                  │
 3 │line 4                                  │
 4 │line 5                                  │
 5 │~                                       │
 6 │~                                       │
 7 │~                                       │
 8 │~                                       │
 9 │~                                       │
10 │~                                       │
11 │~                                       │
12 │~                                       │
13 │~                                       │
14 │~                                       │
15 │~                                       │
16 │~                                       │
17 │~                                       │
18 │demo.py               5,1            All│
19 │:delmarks a                             │ ◂ cursor (19,11)
    ────────────────────────────────────────

[ENTER]

              1         2         3         
    0123456789012345678901234567890123456789
    ────────────────────────────────────────
 0 │line 1                                  │
 1 │line 2                                  │
 2 │line 3                                  │
 3 │line 4                                  │
 4 │line 5                                  │ ◂ cursor (4,0)
 5 │~                                       │
 6 │~                                       │
 7 │~                                       │
 8 │~                                       │
 9 │~                                       │
10 │~                                       │
11 │~                                       │
12 │~                                       │
13 │~                                       │
14 │~                                       │
15 │~                                       │
16 │~                                       │
17 │~                                       │
18 │demo.py               5,1            All│
19 │:delmarks a                             │
    ────────────────────────────────────────

[KEYS] ':'
[OVERLAY] ⇧:  :marks

              1         2         3         
    0123456789012345678901234567890123456789
    ────────────────────────────────────────
 0 │line 1                                  │
 1 │line 2                                  │
 2 │line 3                                  │
 3 │line 4                                  │
 4 │line 5                                  │
 5 │~                                       │
 6 │~                                       │
 7 │~                                       │
 8 │~                                       │
 9 │~                                       │
10 │~                                       │
11 │~                                       │
12 │~                                       │
13 │~                                       │
14 │~                                       │
15 │~                                       │
16 │~                                       │
17 │~                                       │
18 │demo.py               5,1            All│
19 │:                                       │ ◂ cursor (19,1)
    ────────────────────────────────────────

[TYPE] 'marks'

              1         2         3         
    0123456789012345678901234567890123456789
    ────────────────────────────────────────
 0 │line 1                                  │
 1 │line 2                                  │
 2 │line 3                                  │
 3 │line 4                                  │
 4 │line 5                                  │
 5 │~                                       │
 6 │~                                       │
 7 │~                                       │
 8 │~                                       │
 9 │~                                       │
10 │~                                       │
11 │~                                       │
12 │~                                       │
13 │~                                       │
14 │~                                       │
15 │~                                       │
16 │~                                       │
17 │~                                       │
18 │demo.py               5,1            All│
19 │:marks                                  │ ◂ cursor (19,6)
    ────────────────────────────────────────

[EX_READY] ':marks'

              1         2         3         
    0123456789012345678901234567890123456789
    ────────────────────────────────────────
 0 │line 1                                  │
 1 │line 2                                  │
 2 │line 3                                  │
 3 │line 4                                  │
 4 │line 5                                  │
 5 │~                                       │
 6 │~                                       │
 7 │~                                       │
 8 │~                                       │
 9 │~                                       │
10 │~                                       │
11 │~                                       │
12 │~                                       │
13 │~                                       │
14 │~                                       │
15 │~                                       │
16 │~                                       │
17 │~                                       │
18 │demo.py               5,1            All│
19 │:marks                                  │ ◂ cursor (19,6)
    ────────────────────────────────────────

[ENTER]

              1         2         3         
    0123456789012345678901234567890123456789
    ────────────────────────────────────────
 0 │line 1                                  │
 1 │line 2                                  │
 2 │line 3                                  │
 3 │line 4                                  │
 4 │line 5                                  │
 5 │~                                       │
 6 │~                                       │
 7 │~                                       │
 8 │~                                       │
 9 │~                                       │
10 │~                                       │
11 │~                                       │
12 │                                        │
13 │:marks                                  │
14 │mark line  col file/text                │
15 │ '      1    0 line 1                   │
16 │ b      3    0 line 3                   │
17 │ c      5    0 line 5                   │
18 │ "      1    0 line 1                   │
19 │Press ENTER or type command to continue │ ◂ cursor (19,39)
    ────────────────────────────────────────

[ENTER]

              1         2         3         
    0123456789012345678901234567890123456789
    ────────────────────────────────────────
 0 │line 1                                  │
 1 │line 2                                  │
 2 │line 3                                  │
 3 │line 4                                  │
 4 │line 5                                  │ ◂ cursor (4,0)
 5 │~                                       │
 6 │~                                       │
 7 │~                                       │
 8 │~                                       │
 9 │~                                       │
10 │~                                       │
11 │~                                       │
12 │~                                       │
13 │~                                       │
14 │~                                       │
15 │~                                       │
16 │~                                       │
17 │~                                       │
18 │demo.py               5,1            All│
    ────────────────────────────────────────

[SAY] Now `:delmarks!` deletes all lowercase marks in this buffer.
[KEYS] ':'
[OVERLAY] ⇧:  :delmarks!

              1         2         3         
    0123456789012345678901234567890123456789
    ────────────────────────────────────────
 0 │line 1                                  │
 1 │line 2                                  │
 2 │line 3                                  │
 3 │line 4                                  │
 4 │line 5                                  │
 5 │~                                       │
 6 │~                                       │
 7 │~                                       │
 8 │~                                       │
 9 │~                                       │
10 │~                                       │
11 │~                                       │
12 │~                                       │
13 │~                                       │
14 │~                                       │
15 │~                                       │
16 │~                                       │
17 │~                                       │
18 │demo.py               5,1            All│
19 │:                                       │ ◂ cursor (19,1)
    ────────────────────────────────────────

[TYPE] 'delmarks!'

              1         2         3         
    0123456789012345678901234567890123456789
    ────────────────────────────────────────
 0 │line 1                                  │
 1 │line 2                                  │
 2 │line 3                                  │
 3 │line 4                                  │
 4 │line 5                                  │
 5 │~                                       │
 6 │~                                       │
 7 │~                                       │
 8 │~                                       │
 9 │~                                       │
10 │~                                       │
11 │~                                       │
12 │~                                       │
13 │~                                       │
14 │~                                       │
15 │~                                       │
16 │~                                       │
17 │~                                       │
18 │demo.py               5,1            All│
19 │:delmarks!                              │ ◂ cursor (19,10)
    ────────────────────────────────────────

[EX_READY] ':delmarks!'

              1         2         3         
    0123456789012345678901234567890123456789
    ────────────────────────────────────────
 0 │line 1                                  │
 1 │line 2                                  │
 2 │line 3                                  │
 3 │line 4                                  │
 4 │line 5                                  │
 5 │~                                       │
 6 │~                                       │
 7 │~                                       │
 8 │~                                       │
 9 │~                                       │
10 │~                                       │
11 │~                                       │
12 │~                                       │
13 │~                                       │
14 │~                                       │
15 │~                                       │
16 │~                                       │
17 │~                                       │
18 │demo.py               5,1            All│
19 │:delmarks!                              │ ◂ cursor (19,10)
    ────────────────────────────────────────

[ENTER]

              1         2         3         
    0123456789012345678901234567890123456789
    ────────────────────────────────────────
 0 │line 1                                  │
 1 │line 2                                  │
 2 │line 3                                  │
 3 │line 4                                  │
 4 │line 5                                  │ ◂ cursor (4,0)
 5 │~                                       │
 6 │~                                       │
 7 │~                                       │
 8 │~                                       │
 9 │~                                       │
10 │~                                       │
11 │~                                       │
12 │~                                       │
13 │~                                       │
14 │~                                       │
15 │~                                       │
16 │~                                       │
17 │~                                       │
18 │demo.py               5,1            All│
19 │:delmarks!                              │
    ────────────────────────────────────────

[KEYS] ':'
[OVERLAY] ⇧:  :marks

              1         2         3         
    0123456789012345678901234567890123456789
    ────────────────────────────────────────
 0 │line 1                                  │
 1 │line 2                                  │
 2 │line 3                                  │
 3 │line 4                                  │
 4 │line 5                                  │
 5 │~                                       │
 6 │~                                       │
 7 │~                                       │
 8 │~                                       │
 9 │~                                       │
10 │~                                       │
11 │~                                       │
12 │~                                       │
13 │~                                       │
14 │~                                       │
15 │~                                       │
16 │~                                       │
17 │~                                       │
18 │demo.py               5,1            All│
19 │:                                       │ ◂ cursor (19,1)
    ────────────────────────────────────────

[TYPE] 'marks'

              1         2         3         
    0123456789012345678901234567890123456789
    ────────────────────────────────────────
 0 │line 1                                  │
 1 │line 2                                  │
 2 │line 3                                  │
 3 │line 4                                  │
 4 │line 5                                  │
 5 │~                                       │
 6 │~                                       │
 7 │~                                       │
 8 │~                                       │
 9 │~                                       │
10 │~                                       │
11 │~                                       │
12 │~                                       │
13 │~                                       │
14 │~                                       │
15 │~                                       │
16 │~                                       │
17 │~                                       │
18 │demo.py               5,1            All│
19 │:marks                                  │ ◂ cursor (19,6)
    ────────────────────────────────────────

[EX_READY] ':marks'

              1         2         3         
    0123456789012345678901234567890123456789
    ────────────────────────────────────────
 0 │line 1                                  │
 1 │line 2                                  │
 2 │line 3                                  │
 3 │line 4                                  │
 4 │line 5                                  │
 5 │~                                       │
 6 │~                                       │
 7 │~                                       │
 8 │~                                       │
 9 │~                                       │
10 │~                                       │
11 │~                                       │
12 │~                                       │
13 │~                                       │
14 │~                                       │
15 │~                                       │
16 │~                                       │
17 │~                                       │
18 │demo.py               5,1            All│
19 │:marks                                  │ ◂ cursor (19,6)
    ────────────────────────────────────────

[ENTER]

              1         2         3         
    0123456789012345678901234567890123456789
    ────────────────────────────────────────
 0 │line 1                                  │
 1 │line 2                                  │
 2 │line 3                                  │
 3 │line 4                                  │
 4 │line 5                                  │
 5 │~                                       │
 6 │~                                       │
 7 │~                                       │
 8 │~                                       │
 9 │~                                       │
10 │~                                       │
11 │~                                       │
12 │~                                       │
13 │~                                       │
14 │                                        │
15 │:marks                                  │
16 │mark line  col file/text                │
17 │ '      1    0 line 1                   │
18 │ "      1    0 line 1                   │
19 │Press ENTER or type command to continue │ ◂ cursor (19,39)
    ────────────────────────────────────────

[ENTER]

              1         2         3         
    0123456789012345678901234567890123456789
    ────────────────────────────────────────
 0 │line 1                                  │
 1 │line 2                                  │
 2 │line 3                                  │
 3 │line 4                                  │
 4 │line 5                                  │ ◂ cursor (4,0)
 5 │~                                       │
 6 │~                                       │
 7 │~                                       │
 8 │~                                       │
 9 │~                                       │
10 │~                                       │
11 │~                                       │
12 │~                                       │
13 │~                                       │
14 │~                                       │
15 │~                                       │
16 │~                                       │
17 │~                                       │
18 │demo.py               5,1            All│
    ────────────────────────────────────────

[SAY] `:delmarks a` removes one mark. `:delmarks!` clears the lowercase marks.