[RECORDING_START] Screen state at recording start:

              1         2         3         
    0123456789012345678901234567890123456789
    ────────────────────────────────────────
 0 │name = hello                            │ ◂ cursor (0,0)
 1 │val = world                             │
 2 │key = data                              │
 3 │~                                       │
 4 │~                                       │
 5 │~                                       │
 6 │~                                       │
 7 │~                                       │
 8 │~                                       │
 9 │~                                       │
10 │~                                       │
11 │~                                       │
12 │~                                       │
13 │~                                       │
14 │~                                       │
15 │~                                       │
16 │~                                       │
17 │~                                       │
18 │wrap.py               1,1            All│
    ────────────────────────────────────────

[OVERLAY] VimFu — Surround a Word
[SAY] Y S adds a surrounding. Y S, then a motion, then the character. Y S I W close paren wraps the word in parentheses.
[SAY] Cursor on hello. Y S I W close paren.
[KEYS] 'fh'
[OVERLAY] fh

              1         2         3         
    0123456789012345678901234567890123456789
    ────────────────────────────────────────
 0 │name = hello                            │ ◂ cursor (0,7)
 1 │val = world                             │
 2 │key = data                              │
 3 │~                                       │
 4 │~                                       │
 5 │~                                       │
 6 │~                                       │
 7 │~                                       │
 8 │~                                       │
 9 │~                                       │
10 │~                                       │
11 │~                                       │
12 │~                                       │
13 │~                                       │
14 │~                                       │
15 │~                                       │
16 │~                                       │
17 │~                                       │
18 │wrap.py               1,8            All│
    ────────────────────────────────────────

[KEYS] 'ysiw)'
[OVERLAY] ysiw)  ysiw)

              1         2         3         
    0123456789012345678901234567890123456789
    ────────────────────────────────────────
 0 │name = (hello)                          │ ◂ cursor (0,7)
 1 │val = world                             │
 2 │key = data                              │
 3 │~                                       │
 4 │~                                       │
 5 │~                                       │
 6 │~                                       │
 7 │~                                       │
 8 │~                                       │
 9 │~                                       │
10 │~                                       │
11 │~                                       │
12 │~                                       │
13 │~                                       │
14 │~                                       │
15 │~                                       │
16 │~                                       │
17 │~                                       │
18 │wrap.py [+]           1,8            All│
    ────────────────────────────────────────

[SAY] Hello is wrapped in parentheses. Tight, no spaces.
[KEYS] 'u'
[OVERLAY] u  undo

              1         2         3         
    0123456789012345678901234567890123456789
    ────────────────────────────────────────
 0 │name = hello                            │ ◂ cursor (0,7)
 1 │val = world                             │
 2 │key = data                              │
 3 │~                                       │
 4 │~                                       │
 5 │~                                       │
 6 │~                                       │
 7 │~                                       │
 8 │~                                       │
 9 │~                                       │
10 │~                                       │
11 │~                                       │
12 │~                                       │
13 │~                                       │
14 │~                                       │
15 │~                                       │
16 │~                                       │
17 │~                                       │
18 │wrap.py               1,8            All│
19 │1 change; be...5 seconds ago            │
    ────────────────────────────────────────

[SAY] Try quotes. Y S I W double quote.
[KEYS] 'ysiw"'
[OVERLAY] ysiw"  ysiw"

              1         2         3         
    0123456789012345678901234567890123456789
    ────────────────────────────────────────
 0 │name = "hello"                          │ ◂ cursor (0,7)
 1 │val = world                             │
 2 │key = data                              │
 3 │~                                       │
 4 │~                                       │
 5 │~                                       │
 6 │~                                       │
 7 │~                                       │
 8 │~                                       │
 9 │~                                       │
10 │~                                       │
11 │~                                       │
12 │~                                       │
13 │~                                       │
14 │~                                       │
15 │~                                       │
16 │~                                       │
17 │~                                       │
18 │wrap.py [+]           1,8            All│
19 │1 change; be...5 seconds ago            │
    ────────────────────────────────────────

[SAY] Wrapped in double quotes.
[KEYS] 'u'
[OVERLAY] u  undo

              1         2         3         
    0123456789012345678901234567890123456789
    ────────────────────────────────────────
 0 │name = hello                            │ ◂ cursor (0,7)
 1 │val = world                             │
 2 │key = data                              │
 3 │~                                       │
 4 │~                                       │
 5 │~                                       │
 6 │~                                       │
 7 │~                                       │
 8 │~                                       │
 9 │~                                       │
10 │~                                       │
11 │~                                       │
12 │~                                       │
13 │~                                       │
14 │~                                       │
15 │~                                       │
16 │~                                       │
17 │~                                       │
18 │wrap.py               1,8            All│
19 │1 change; be...7 seconds ago            │
    ────────────────────────────────────────

[SAY] Brackets. Y S I W close bracket.
[KEYS] 'jfw'
[OVERLAY] jfw

              1         2         3         
    0123456789012345678901234567890123456789
    ────────────────────────────────────────
 0 │name = hello                            │
 1 │val = world                             │ ◂ cursor (1,7)
 2 │key = data                              │
 3 │~                                       │
 4 │~                                       │
 5 │~                                       │
 6 │~                                       │
 7 │~                                       │
 8 │~                                       │
 9 │~                                       │
10 │~                                       │
11 │~                                       │
12 │~                                       │
13 │~                                       │
14 │~                                       │
15 │~                                       │
16 │~                                       │
17 │~                                       │
18 │wrap.py               2,8            All│
19 │1 change; be...7 seconds ago            │
    ────────────────────────────────────────

[KEYS] 'ysiw]'
[OVERLAY] ysiw]  ysiw]

              1         2         3         
    0123456789012345678901234567890123456789
    ────────────────────────────────────────
 0 │name = hello                            │
 1 │val = [world]                           │ ◂ cursor (1,6)
 2 │key = data                              │
 3 │~                                       │
 4 │~                                       │
 5 │~                                       │
 6 │~                                       │
 7 │~                                       │
 8 │~                                       │
 9 │~                                       │
10 │~                                       │
11 │~                                       │
12 │~                                       │
13 │~                                       │
14 │~                                       │
15 │~                                       │
16 │~                                       │
17 │~                                       │
18 │wrap.py [+]           2,7            All│
19 │1 change; be...7 seconds ago            │
    ────────────────────────────────────────

[SAY] Y S I W. You surround inner word. The most common surround command.