[RECORDING_START] Screen state at recording start:

              1         2         3         
    0123456789012345678901234567890123456789
    ────────────────────────────────────────
 0 │hp = 10                                 │ ◂ cursor (0,0)
 1 │mp = 10                                 │
 2 │xp = 10                                 │
 3 │atk = 10                                │
 4 │def_ = 10                               │
 5 │spd = 10                                │
 6 │luck = 10                               │
 7 │                                        │
 8 │def level_up(hero):                     │
 9 │    hero.hp += 5                        │
10 │    hero.mp += 5                        │
11 │    hero.xp += 5                        │
12 │    hero.atk += 5                       │
13 │~                                       │
14 │~                                       │
15 │~                                       │
16 │~                                       │
17 │~                                       │
18 │stats.py              1,1            All│
    ────────────────────────────────────────

[OVERLAY] VimFu — Dot with Counts
[SAY] You already know dot repeats your last change.
[SAY] But you can put a count in front of it.
[SAY] Here are seven stats, all set to ten. Let's delete the first line with D D.
[KEYS] 'dd'
[OVERLAY] dd  delete line

              1         2         3         
    0123456789012345678901234567890123456789
    ────────────────────────────────────────
 0 │mp = 10                                 │ ◂ cursor (0,0)
 1 │xp = 10                                 │
 2 │atk = 10                                │
 3 │def_ = 10                               │
 4 │spd = 10                                │
 5 │luck = 10                               │
 6 │                                        │
 7 │def level_up(hero):                     │
 8 │    hero.hp += 5                        │
 9 │    hero.mp += 5                        │
10 │    hero.xp += 5                        │
11 │    hero.atk += 5                       │
12 │~                                       │
13 │~                                       │
14 │~                                       │
15 │~                                       │
16 │~                                       │
17 │~                                       │
18 │stats.py [+]          1,1            All│
    ────────────────────────────────────────

[SAY] Now press three dot to repeat that delete three more times.
[KEYS] '3.'
[OVERLAY] 3.  repeat × 3

              1         2         3         
    0123456789012345678901234567890123456789
    ────────────────────────────────────────
 0 │def_ = 10                               │ ◂ cursor (0,0)
 1 │spd = 10                                │
 2 │luck = 10                               │
 3 │                                        │
 4 │def level_up(hero):                     │
 5 │    hero.hp += 5                        │
 6 │    hero.mp += 5                        │
 7 │    hero.xp += 5                        │
 8 │    hero.atk += 5                       │
 9 │~                                       │
10 │~                                       │
11 │~                                       │
12 │~                                       │
13 │~                                       │
14 │~                                       │
15 │~                                       │
16 │~                                       │
17 │~                                       │
18 │stats.py [+]          1,1            All│
19 │3 fewer lines                           │
    ────────────────────────────────────────

[SAY] Four lines gone. One D D, then three dot wiped out three more.
[SAY] Let's undo all of that.
[KEYS] 'u'
[OVERLAY] u  undo

              1         2         3         
    0123456789012345678901234567890123456789
    ────────────────────────────────────────
 0 │mp = 10                                 │ ◂ cursor (0,0)
 1 │xp = 10                                 │
 2 │atk = 10                                │
 3 │def_ = 10                               │
 4 │spd = 10                                │
 5 │luck = 10                               │
 6 │                                        │
 7 │def level_up(hero):                     │
 8 │    hero.hp += 5                        │
 9 │    hero.mp += 5                        │
10 │    hero.xp += 5                        │
11 │    hero.atk += 5                       │
12 │~                                       │
13 │~                                       │
14 │~                                       │
15 │~                                       │
16 │~                                       │
17 │~                                       │
18 │stats.py [+]          1,1            All│
19 │3 more lines...7 seconds ago            │
    ────────────────────────────────────────

[KEYS] 'u'
[OVERLAY] u  undo

              1         2         3         
    0123456789012345678901234567890123456789
    ────────────────────────────────────────
 0 │hp = 10                                 │ ◂ cursor (0,0)
 1 │mp = 10                                 │
 2 │xp = 10                                 │
 3 │atk = 10                                │
 4 │def_ = 10                               │
 5 │spd = 10                                │
 6 │luck = 10                               │
 7 │                                        │
 8 │def level_up(hero):                     │
 9 │    hero.hp += 5                        │
10 │    hero.mp += 5                        │
11 │    hero.xp += 5                        │
12 │    hero.atk += 5                       │
13 │~                                       │
14 │~                                       │
15 │~                                       │
16 │~                                       │
17 │~                                       │
18 │stats.py              1,1            All│
19 │1 more line;...3 seconds ago            │
    ────────────────────────────────────────

[KEYS] 'u'
[OVERLAY] u  undo

              1         2         3         
    0123456789012345678901234567890123456789
    ────────────────────────────────────────
 0 │hp = 10                                 │ ◂ cursor (0,0)
 1 │mp = 10                                 │
 2 │xp = 10                                 │
 3 │atk = 10                                │
 4 │def_ = 10                               │
 5 │spd = 10                                │
 6 │luck = 10                               │
 7 │                                        │
 8 │def level_up(hero):                     │
 9 │    hero.hp += 5                        │
10 │    hero.mp += 5                        │
11 │    hero.xp += 5                        │
12 │    hero.atk += 5                       │
13 │~                                       │
14 │~                                       │
15 │~                                       │
16 │~                                       │
17 │~                                       │
18 │stats.py              1,1            All│
19 │Already at oldest change                │
    ────────────────────────────────────────

[KEYS] 'u'
[OVERLAY] u  undo

              1         2         3         
    0123456789012345678901234567890123456789
    ────────────────────────────────────────
 0 │hp = 10                                 │ ◂ cursor (0,0)
 1 │mp = 10                                 │
 2 │xp = 10                                 │
 3 │atk = 10                                │
 4 │def_ = 10                               │
 5 │spd = 10                                │
 6 │luck = 10                               │
 7 │                                        │
 8 │def level_up(hero):                     │
 9 │    hero.hp += 5                        │
10 │    hero.mp += 5                        │
11 │    hero.xp += 5                        │
12 │    hero.atk += 5                       │
13 │~                                       │
14 │~                                       │
15 │~                                       │
16 │~                                       │
17 │~                                       │
18 │stats.py              1,1            All│
19 │Already at oldest change                │
    ────────────────────────────────────────

[SAY] It works with any change. Let's join some lines together.
[KEYS] 'gg'
[OVERLAY] gg  file start

              1         2         3         
    0123456789012345678901234567890123456789
    ────────────────────────────────────────
 0 │hp = 10                                 │ ◂ cursor (0,0)
 1 │mp = 10                                 │
 2 │xp = 10                                 │
 3 │atk = 10                                │
 4 │def_ = 10                               │
 5 │spd = 10                                │
 6 │luck = 10                               │
 7 │                                        │
 8 │def level_up(hero):                     │
 9 │    hero.hp += 5                        │
10 │    hero.mp += 5                        │
11 │    hero.xp += 5                        │
12 │    hero.atk += 5                       │
13 │~                                       │
14 │~                                       │
15 │~                                       │
16 │~                                       │
17 │~                                       │
18 │stats.py              1,1            All│
19 │Already at oldest change                │
    ────────────────────────────────────────

[SAY] Capital J joins this line with the next.
[KEYS] 'J'
[OVERLAY] ⇧J  join lines

              1         2         3         
    0123456789012345678901234567890123456789
    ────────────────────────────────────────
 0 │hp = 10 mp = 10                         │ ◂ cursor (0,7)
 1 │xp = 10                                 │
 2 │atk = 10                                │
 3 │def_ = 10                               │
 4 │spd = 10                                │
 5 │luck = 10                               │
 6 │                                        │
 7 │def level_up(hero):                     │
 8 │    hero.hp += 5                        │
 9 │    hero.mp += 5                        │
10 │    hero.xp += 5                        │
11 │    hero.atk += 5                       │
12 │~                                       │
13 │~                                       │
14 │~                                       │
15 │~                                       │
16 │~                                       │
17 │~                                       │
18 │stats.py [+]          1,8            All│
19 │Already at oldest change                │
    ────────────────────────────────────────

[SAY] Three dot to join three more.
[KEYS] '3.'
[OVERLAY] 3.  repeat × 3

              1         2         3         
    0123456789012345678901234567890123456789
    ────────────────────────────────────────
 0 │hp = 10 mp = 10 xp = 10 atk = 10        │ ◂ cursor (0,23)
 1 │def_ = 10                               │
 2 │spd = 10                                │
 3 │luck = 10                               │
 4 │                                        │
 5 │def level_up(hero):                     │
 6 │    hero.hp += 5                        │
 7 │    hero.mp += 5                        │
 8 │    hero.xp += 5                        │
 9 │    hero.atk += 5                       │
10 │~                                       │
11 │~                                       │
12 │~                                       │
13 │~                                       │
14 │~                                       │
15 │~                                       │
16 │~                                       │
17 │~                                       │
18 │stats.py [+]          1,24           All│
19 │Already at oldest change                │
    ────────────────────────────────────────

[SAY] Four joins. All the stats are on one line now.
[SAY] Any count works. Two dot, ten dot, fifty dot. Dot is the repeat, the count is the multiplier.