[RECORDING_START] Screen state at recording start:

              1         2         3         
    0123456789012345678901234567890123456789
    ────────────────────────────────────────
 0 │# Demo                                  │ ◂ cursor (0,0)
 1 │print("hi")                             │
 2 │~                                       │
 3 │~                                       │
 4 │~                                       │
 5 │~                                       │
 6 │~                                       │
 7 │~                                       │
 8 │~                                       │
 9 │~                                       │
10 │~                                       │
11 │~                                       │
12 │~                                       │
13 │~                                       │
14 │~                                       │
15 │~                                       │
16 │~                                       │
17 │~                                       │
18 │demo.py               1,1            All│
    ────────────────────────────────────────

[OVERLAY] VimFu — :terminal — Terminal
[SAY] `:terminal` opens a full terminal inside Vim. A shell right in your editor.
[KEYS] ':'
[OVERLAY] ⇧:  :terminal

              1         2         3         
    0123456789012345678901234567890123456789
    ────────────────────────────────────────
 0 │# Demo                                  │
 1 │print("hi")                             │
 2 │~                                       │
 3 │~                                       │
 4 │~                                       │
 5 │~                                       │
 6 │~                                       │
 7 │~                                       │
 8 │~                                       │
 9 │~                                       │
10 │~                                       │
11 │~                                       │
12 │~                                       │
13 │~                                       │
14 │~                                       │
15 │~                                       │
16 │~                                       │
17 │~                                       │
18 │demo.py               1,1            All│
19 │:                                       │ ◂ cursor (19,1)
    ────────────────────────────────────────

[TYPE] 'terminal'

              1         2         3         
    0123456789012345678901234567890123456789
    ────────────────────────────────────────
 0 │# Demo                                  │
 1 │print("hi")                             │
 2 │~                                       │
 3 │~                                       │
 4 │~                                       │
 5 │~                                       │
 6 │~                                       │
 7 │~                                       │
 8 │~                                       │
 9 │~                                       │
10 │~                                       │
11 │~                                       │
12 │~                                       │
13 │~                                       │
14 │~                                       │
15 │~                                       │
16 │~                                       │
17 │~                                       │
18 │demo.py               1,1            All│
19 │:terminal                               │ ◂ cursor (19,9)
    ────────────────────────────────────────

[EX_READY] ':terminal'

              1         2         3         
    0123456789012345678901234567890123456789
    ────────────────────────────────────────
 0 │# Demo                                  │
 1 │print("hi")                             │
 2 │~                                       │
 3 │~                                       │
 4 │~                                       │
 5 │~                                       │
 6 │~                                       │
 7 │~                                       │
 8 │~                                       │
 9 │~                                       │
10 │~                                       │
11 │~                                       │
12 │~                                       │
13 │~                                       │
14 │~                                       │
15 │~                                       │
16 │~                                       │
17 │~                                       │
18 │demo.py               1,1            All│
19 │:terminal                               │ ◂ cursor (19,9)
    ────────────────────────────────────────

[ENTER]

              1         2         3         
    0123456789012345678901234567890123456789
    ────────────────────────────────────────
 0 │➜  vimfu                                │ ◂ cursor (0,0)
 1 │                                        │
 2 │                                        │
 3 │                                        │
 4 │                                        │
 5 │                                        │
 6 │                                        │
 7 │                                        │
 8 │                                        │
 9 │                                        │
10 │                                        │
11 │                                        │
12 │                                        │
13 │                                        │
14 │                                        │
15 │                                        │
16 │                                        │
17 │                                        │
18 │<fu//714:/usr/bin/zsh 1,1            All│
19 │:terminal                               │
    ────────────────────────────────────────

[SAY] Neovim opens the terminal buffer in *normal mode,* so press {key:i} before typing shell commands.
[KEYS] 'i'
[OVERLAY] i  terminal input

              1         2         3         
    0123456789012345678901234567890123456789
    ────────────────────────────────────────
 0 │➜  vimfu                                │ ◂ cursor (0,9)
 1 │                                        │
 2 │                                        │
 3 │                                        │
 4 │                                        │
 5 │                                        │
 6 │                                        │
 7 │                                        │
 8 │                                        │
 9 │                                        │
10 │                                        │
11 │                                        │
12 │                                        │
13 │                                        │
14 │                                        │
15 │                                        │
16 │                                        │
17 │                                        │
18 │<fu//714:/usr/bin/zsh 1,12-10        All│
19 │-- TERMINAL --                          │
    ────────────────────────────────────────

[SAY] Now run `ls` inside the embedded shell.
[TYPE] 'ls'

              1         2         3         
    0123456789012345678901234567890123456789
    ────────────────────────────────────────
 0 │➜  vimfu ls                             │ ◂ cursor (0,11)
 1 │                                        │
 2 │                                        │
 3 │                                        │
 4 │                                        │
 5 │                                        │
 6 │                                        │
 7 │                                        │
 8 │                                        │
 9 │                                        │
10 │                                        │
11 │                                        │
12 │                                        │
13 │                                        │
14 │                                        │
15 │                                        │
16 │                                        │
17 │                                        │
18 │<fu//714:/usr/bin/zsh 1,14-12        All│
19 │-- TERMINAL --                          │
    ────────────────────────────────────────

[ENTER]

              1         2         3         
    0123456789012345678901234567890123456789
    ────────────────────────────────────────
 0 │list.md       url.py                    │
 1 │list.py       urls.py                   │
 2 │list.txt      urls.txt                  │
 3 │log.py        utils.py                  │
 4 │log.txt       viewdemo.txt              │
 5 │logs.txt      villain.py                │
 6 │loot.py       visual.py                 │
 7 │lore.py       weather.py                │
 8 │lore.txt      west.py                   │
 9 │mages.py      wide.py                   │
10 │magic.c       word.py                   │
11 │main.c        words.py                  │
12 │main.js       words.txt                 │
13 │main.py       world.py                  │
14 │map.py        wrap.js                   │
15 │marks.md      wrap.py                   │
16 │math.py       wrap.txt                  │
17 │➜  vimfu                                │ ◂ cursor (17,9)
18 │<fu//714:/usr/bin/zsh 164,12-10      Bot│
19 │-- TERMINAL --                          │
    ────────────────────────────────────────

[SAY] That command ran in the terminal buffer. To return to terminal *normal mode,* press {key:Ctrl-\\}, then {key:Ctrl-N}.
[KEYS] '\x1c\x0e'
[OVERLAY] ⌃\⌃n  normal mode

              1         2         3         
    0123456789012345678901234567890123456789
    ────────────────────────────────────────
 0 │list.md       url.py                    │
 1 │list.py       urls.py                   │
 2 │list.txt      urls.txt                  │
 3 │log.py        utils.py                  │
 4 │log.txt       viewdemo.txt              │
 5 │logs.txt      villain.py                │
 6 │loot.py       visual.py                 │
 7 │lore.py       weather.py                │
 8 │lore.txt      west.py                   │
 9 │mages.py      wide.py                   │
10 │magic.c       word.py                   │
11 │main.c        words.py                  │
12 │main.js       words.txt                 │
13 │main.py       world.py                  │
14 │map.py        wrap.js                   │
15 │marks.md      wrap.py                   │
16 │math.py       wrap.txt                  │
17 │➜  vimfu                                │ ◂ cursor (17,8)
18 │<fu//714:/usr/bin/zsh 164,11-9       Bot│
    ────────────────────────────────────────

[SAY] Now you can navigate the terminal buffer with Vim keys. Close it with `:bd!` or `:q`.
[SAY] `:terminal`. Open a shell, press {key:i} to type shell commands, and use {key:Ctrl-\\}, then {key:Ctrl-N} to get back.