[RECORDING_START] Screen state at recording start:

              1         2         3         
    0123456789012345678901234567890123456789
    ────────────────────────────────────────
 0 │➜  vimfu                                │ ◂ cursor (0,9)
    ────────────────────────────────────────

[OVERLAY] VimFu — Vi-Mode in the Shell
[SAY] You can use Vim keybindings right at the shell prompt.
[SAY] Type set dash O vi.
[TYPE] 'set -o vi'

              1         2         3         
    0123456789012345678901234567890123456789
    ────────────────────────────────────────
 0 │➜  vimfu set -o vi                      │ ◂ cursor (0,18)
    ────────────────────────────────────────

[ENTER]

              1         2         3         
    0123456789012345678901234567890123456789
    ────────────────────────────────────────
 0 │➜  vimfu set -o vi                      │
 1 │➜  vimfu                                │ ◂ cursor (1,9)
    ────────────────────────────────────────

[SAY] Vi mode is on. You start in insert mode, so typing feels normal.
[SAY] Type a command like echo hello world.
[TYPE] 'echo hello world'

              1         2         3         
    0123456789012345678901234567890123456789
    ────────────────────────────────────────
 0 │➜  vimfu set -o vi                      │
 1 │➜  vimfu echo hello world               │ ◂ cursor (1,25)
    ────────────────────────────────────────

[SAY] Press Escape to enter normal mode.
[ESCAPE]

              1         2         3         
    0123456789012345678901234567890123456789
    ────────────────────────────────────────
 0 │➜  vimfu set -o vi                      │
 1 │➜  vimfu echo hello world               │ ◂ cursor (1,24)
    ────────────────────────────────────────

[SAY] Now Vim motions work. B goes back a word. Zero goes to the start.
[KEYS] 'b'
[OVERLAY] b  back

              1         2         3         
    0123456789012345678901234567890123456789
    ────────────────────────────────────────
 0 │➜  vimfu set -o vi                      │
 1 │➜  vimfu echo hello world               │ ◂ cursor (1,20)
    ────────────────────────────────────────

[KEYS] 'b'
[OVERLAY] b  back

              1         2         3         
    0123456789012345678901234567890123456789
    ────────────────────────────────────────
 0 │➜  vimfu set -o vi                      │
 1 │➜  vimfu echo hello world               │ ◂ cursor (1,14)
    ────────────────────────────────────────

[KEYS] '0'
[OVERLAY] 0  start

              1         2         3         
    0123456789012345678901234567890123456789
    ────────────────────────────────────────
 0 │➜  vimfu set -o vi                      │
 1 │➜  vimfu echo hello world               │ ◂ cursor (1,9)
    ────────────────────────────────────────

[SAY] Press I to go back to insert mode.
[KEYS] 'i'
[OVERLAY] i  insert

              1         2         3         
    0123456789012345678901234567890123456789
    ────────────────────────────────────────
 0 │➜  vimfu set -o vi                      │
 1 │➜  vimfu echo hello world               │ ◂ cursor (1,9)
    ────────────────────────────────────────

[KEYS] '\x15'
[OVERLAY] ⌃u

              1         2         3         
    0123456789012345678901234567890123456789
    ────────────────────────────────────────
 0 │➜  vimfu set -o vi                      │
 1 │➜  vimfu echo hello world               │ ◂ cursor (1,9)
    ────────────────────────────────────────

[SAY] To go back to default editing, type set dash O emacs.
[TYPE] 'set -o emacs'

              1         2         3         
    0123456789012345678901234567890123456789
    ────────────────────────────────────────
 0 │➜  vimfu set -o vi                      │
 1 │➜  vimfu set -o emacsecho hello world   │ ◂ cursor (1,21)
    ────────────────────────────────────────

[ENTER]

              1         2         3         
    0123456789012345678901234567890123456789
    ────────────────────────────────────────
 0 │➜  vimfu set -o vi                      │
 1 │➜  vimfu set -o emacsecho hello world   │
 2 │set: no such option: emacsecho          │
 3 │➜  vimfu                                │ ◂ cursor (3,9)
    ────────────────────────────────────────

[SAY] Normal shell editing restored.
[SAY] Set dash O vi. Vim everywhere, even at the shell prompt.