[RECORDING_START] Screen state at recording start:

              1         2         3         
    0123456789012345678901234567890123456789
    ────────────────────────────────────────
 0 │item = apple                            │ ◂ cursor (0,0)
 1 │item = bread                            │
 2 │item = candy                            │
 3 │item = donut                            │
 4 │item = egg                              │
 5 │~                                       │
 6 │~                                       │
 7 │~                                       │
 8 │~                                       │
 9 │~                                       │
10 │~                                       │
11 │~                                       │
12 │~                                       │
13 │~                                       │
14 │~                                       │
15 │~                                       │
16 │~                                       │
17 │~                                       │
18 │fix.py                1,1            All│
    ────────────────────────────────────────

[OVERLAY] VimFu — Play a Macro
[SAY] At sign, then a register letter, plays the macro. Let's record one first.
[SAY] Each value needs quotes. Record the fix. Q A.
[KEYS] 'q'
[OVERLAY] q  record macro

              1         2         3         
    0123456789012345678901234567890123456789
    ────────────────────────────────────────
 0 │item = apple                            │ ◂ cursor (0,0)
 1 │item = bread                            │
 2 │item = candy                            │
 3 │item = donut                            │
 4 │item = egg                              │
 5 │~                                       │
 6 │~                                       │
 7 │~                                       │
 8 │~                                       │
 9 │~                                       │
10 │~                                       │
11 │~                                       │
12 │~                                       │
13 │~                                       │
14 │~                                       │
15 │~                                       │
16 │~                                       │
17 │~                                       │
18 │fix.py                1,1            All│
19 │                             q          │
    ────────────────────────────────────────

[KEYS] 'a'
[OVERLAY] a  register a

              1         2         3         
    0123456789012345678901234567890123456789
    ────────────────────────────────────────
 0 │item = apple                            │ ◂ cursor (0,0)
 1 │item = bread                            │
 2 │item = candy                            │
 3 │item = donut                            │
 4 │item = egg                              │
 5 │~                                       │
 6 │~                                       │
 7 │~                                       │
 8 │~                                       │
 9 │~                                       │
10 │~                                       │
11 │~                                       │
12 │~                                       │
13 │~                                       │
14 │~                                       │
15 │~                                       │
16 │~                                       │
17 │~                                       │
18 │fix.py                1,1            All│
19 │recording @a                            │
    ────────────────────────────────────────

[KEYS] 'f='
[OVERLAY] f=  find equals

              1         2         3         
    0123456789012345678901234567890123456789
    ────────────────────────────────────────
 0 │item = apple                            │ ◂ cursor (0,5)
 1 │item = bread                            │
 2 │item = candy                            │
 3 │item = donut                            │
 4 │item = egg                              │
 5 │~                                       │
 6 │~                                       │
 7 │~                                       │
 8 │~                                       │
 9 │~                                       │
10 │~                                       │
11 │~                                       │
12 │~                                       │
13 │~                                       │
14 │~                                       │
15 │~                                       │
16 │~                                       │
17 │~                                       │
18 │fix.py                1,6            All│
19 │recording @a                            │
    ────────────────────────────────────────

[KEYS] 'w'
[OVERLAY] w  word forward

              1         2         3         
    0123456789012345678901234567890123456789
    ────────────────────────────────────────
 0 │item = apple                            │ ◂ cursor (0,7)
 1 │item = bread                            │
 2 │item = candy                            │
 3 │item = donut                            │
 4 │item = egg                              │
 5 │~                                       │
 6 │~                                       │
 7 │~                                       │
 8 │~                                       │
 9 │~                                       │
10 │~                                       │
11 │~                                       │
12 │~                                       │
13 │~                                       │
14 │~                                       │
15 │~                                       │
16 │~                                       │
17 │~                                       │
18 │fix.py                1,8            All│
19 │recording @a                            │
    ────────────────────────────────────────

[KEYS] 'i'
[OVERLAY] i  insert

              1         2         3         
    0123456789012345678901234567890123456789
    ────────────────────────────────────────
 0 │item = apple                            │ ◂ cursor (0,7)
 1 │item = bread                            │
 2 │item = candy                            │
 3 │item = donut                            │
 4 │item = egg                              │
 5 │~                                       │
 6 │~                                       │
 7 │~                                       │
 8 │~                                       │
 9 │~                                       │
10 │~                                       │
11 │~                                       │
12 │~                                       │
13 │~                                       │
14 │~                                       │
15 │~                                       │
16 │~                                       │
17 │~                                       │
18 │fix.py                1,8            All│
19 │-- INSERT --recording @a                │
    ────────────────────────────────────────

[TYPE] '"'

              1         2         3         
    0123456789012345678901234567890123456789
    ────────────────────────────────────────
 0 │item = "apple                           │ ◂ cursor (0,8)
 1 │item = bread                            │
 2 │item = candy                            │
 3 │item = donut                            │
 4 │item = egg                              │
 5 │~                                       │
 6 │~                                       │
 7 │~                                       │
 8 │~                                       │
 9 │~                                       │
10 │~                                       │
11 │~                                       │
12 │~                                       │
13 │~                                       │
14 │~                                       │
15 │~                                       │
16 │~                                       │
17 │~                                       │
18 │fix.py [+]            1,9            All│
19 │-- INSERT --recording @a                │
    ────────────────────────────────────────

[ESCAPE]

              1         2         3         
    0123456789012345678901234567890123456789
    ────────────────────────────────────────
 0 │item = "apple                           │ ◂ cursor (0,7)
 1 │item = bread                            │
 2 │item = candy                            │
 3 │item = donut                            │
 4 │item = egg                              │
 5 │~                                       │
 6 │~                                       │
 7 │~                                       │
 8 │~                                       │
 9 │~                                       │
10 │~                                       │
11 │~                                       │
12 │~                                       │
13 │~                                       │
14 │~                                       │
15 │~                                       │
16 │~                                       │
17 │~                                       │
18 │fix.py [+]            1,8            All│
19 │recording @a                            │
    ────────────────────────────────────────

[KEYS] 'A'
[OVERLAY] ⇧A  append at end

              1         2         3         
    0123456789012345678901234567890123456789
    ────────────────────────────────────────
 0 │item = "apple                           │ ◂ cursor (0,13)
 1 │item = bread                            │
 2 │item = candy                            │
 3 │item = donut                            │
 4 │item = egg                              │
 5 │~                                       │
 6 │~                                       │
 7 │~                                       │
 8 │~                                       │
 9 │~                                       │
10 │~                                       │
11 │~                                       │
12 │~                                       │
13 │~                                       │
14 │~                                       │
15 │~                                       │
16 │~                                       │
17 │~                                       │
18 │fix.py [+]            1,14           All│
19 │-- INSERT --recording @a                │
    ────────────────────────────────────────

[TYPE] '"'

              1         2         3         
    0123456789012345678901234567890123456789
    ────────────────────────────────────────
 0 │item = "apple"                          │ ◂ cursor (0,14)
 1 │item = bread                            │
 2 │item = candy                            │
 3 │item = donut                            │
 4 │item = egg                              │
 5 │~                                       │
 6 │~                                       │
 7 │~                                       │
 8 │~                                       │
 9 │~                                       │
10 │~                                       │
11 │~                                       │
12 │~                                       │
13 │~                                       │
14 │~                                       │
15 │~                                       │
16 │~                                       │
17 │~                                       │
18 │fix.py [+]            1,15           All│
19 │-- INSERT --recording @a                │
    ────────────────────────────────────────

[ESCAPE]

              1         2         3         
    0123456789012345678901234567890123456789
    ────────────────────────────────────────
 0 │item = "apple"                          │ ◂ cursor (0,13)
 1 │item = bread                            │
 2 │item = candy                            │
 3 │item = donut                            │
 4 │item = egg                              │
 5 │~                                       │
 6 │~                                       │
 7 │~                                       │
 8 │~                                       │
 9 │~                                       │
10 │~                                       │
11 │~                                       │
12 │~                                       │
13 │~                                       │
14 │~                                       │
15 │~                                       │
16 │~                                       │
17 │~                                       │
18 │fix.py [+]            1,14           All│
19 │recording @a                            │
    ────────────────────────────────────────

[KEYS] 'j'
[OVERLAY] j  down

              1         2         3         
    0123456789012345678901234567890123456789
    ────────────────────────────────────────
 0 │item = "apple"                          │
 1 │item = bread                            │ ◂ cursor (1,11)
 2 │item = candy                            │
 3 │item = donut                            │
 4 │item = egg                              │
 5 │~                                       │
 6 │~                                       │
 7 │~                                       │
 8 │~                                       │
 9 │~                                       │
10 │~                                       │
11 │~                                       │
12 │~                                       │
13 │~                                       │
14 │~                                       │
15 │~                                       │
16 │~                                       │
17 │~                                       │
18 │fix.py [+]            2,12           All│
19 │recording @a                            │
    ────────────────────────────────────────

[KEYS] '0'
[OVERLAY] 0  start of line

              1         2         3         
    0123456789012345678901234567890123456789
    ────────────────────────────────────────
 0 │item = "apple"                          │
 1 │item = bread                            │ ◂ cursor (1,0)
 2 │item = candy                            │
 3 │item = donut                            │
 4 │item = egg                              │
 5 │~                                       │
 6 │~                                       │
 7 │~                                       │
 8 │~                                       │
 9 │~                                       │
10 │~                                       │
11 │~                                       │
12 │~                                       │
13 │~                                       │
14 │~                                       │
15 │~                                       │
16 │~                                       │
17 │~                                       │
18 │fix.py [+]            2,1            All│
19 │recording @a                            │
    ────────────────────────────────────────

[KEYS] 'q'
[OVERLAY] q  stop recording

              1         2         3         
    0123456789012345678901234567890123456789
    ────────────────────────────────────────
 0 │item = "apple"                          │
 1 │item = bread                            │ ◂ cursor (1,0)
 2 │item = candy                            │
 3 │item = donut                            │
 4 │item = egg                              │
 5 │~                                       │
 6 │~                                       │
 7 │~                                       │
 8 │~                                       │
 9 │~                                       │
10 │~                                       │
11 │~                                       │
12 │~                                       │
13 │~                                       │
14 │~                                       │
15 │~                                       │
16 │~                                       │
17 │~                                       │
18 │fix.py [+]            2,1            All│
    ────────────────────────────────────────

[SAY] Recorded. Added quotes around the value and moved to the next line.
[SAY] Now play it. At A.
[KEYS] '@'
[OVERLAY] ⇧@  play macro

              1         2         3         
    0123456789012345678901234567890123456789
    ────────────────────────────────────────
 0 │item = "apple"                          │
 1 │item = bread                            │ ◂ cursor (1,0)
 2 │item = candy                            │
 3 │item = donut                            │
 4 │item = egg                              │
 5 │~                                       │
 6 │~                                       │
 7 │~                                       │
 8 │~                                       │
 9 │~                                       │
10 │~                                       │
11 │~                                       │
12 │~                                       │
13 │~                                       │
14 │~                                       │
15 │~                                       │
16 │~                                       │
17 │~                                       │
18 │fix.py [+]            2,1            All│
19 │                             @          │
    ────────────────────────────────────────

[KEYS] 'a'
[OVERLAY] a  register a

              1         2         3         
    0123456789012345678901234567890123456789
    ────────────────────────────────────────
 0 │item = "apple"                          │
 1 │item = "bread"                          │
 2 │item = candy                            │ ◂ cursor (2,0)
 3 │item = donut                            │
 4 │item = egg                              │
 5 │~                                       │
 6 │~                                       │
 7 │~                                       │
 8 │~                                       │
 9 │~                                       │
10 │~                                       │
11 │~                                       │
12 │~                                       │
13 │~                                       │
14 │~                                       │
15 │~                                       │
16 │~                                       │
17 │~                                       │
18 │fix.py [+]            3,1            All│
    ────────────────────────────────────────

[SAY] Bread has quotes now. The macro ran every keystroke.
[SAY] At A again.
[KEYS] '@'
[OVERLAY] ⇧@  play macro

              1         2         3         
    0123456789012345678901234567890123456789
    ────────────────────────────────────────
 0 │item = "apple"                          │
 1 │item = "bread"                          │
 2 │item = candy                            │ ◂ cursor (2,0)
 3 │item = donut                            │
 4 │item = egg                              │
 5 │~                                       │
 6 │~                                       │
 7 │~                                       │
 8 │~                                       │
 9 │~                                       │
10 │~                                       │
11 │~                                       │
12 │~                                       │
13 │~                                       │
14 │~                                       │
15 │~                                       │
16 │~                                       │
17 │~                                       │
18 │fix.py [+]            3,1            All│
19 │                             @          │
    ────────────────────────────────────────

[KEYS] 'a'
[OVERLAY] a  register a

              1         2         3         
    0123456789012345678901234567890123456789
    ────────────────────────────────────────
 0 │item = "apple"                          │
 1 │item = "bread"                          │
 2 │item = "candy"                          │
 3 │item = donut                            │ ◂ cursor (3,0)
 4 │item = egg                              │
 5 │~                                       │
 6 │~                                       │
 7 │~                                       │
 8 │~                                       │
 9 │~                                       │
10 │~                                       │
11 │~                                       │
12 │~                                       │
13 │~                                       │
14 │~                                       │
15 │~                                       │
16 │~                                       │
17 │~                                       │
18 │fix.py [+]            4,1            All│
    ────────────────────────────────────────

[SAY] Candy done. One keystroke sequence fixes each line.
[SAY] At sign, register letter. Play a macro. Instant replay of your keystrokes.