[RECORDING_START] Screen state at recording start:

              1         2         3         
    0123456789012345678901234567890123456789
    ────────────────────────────────────────
 0 │Special Characters:                     │ ◂ cursor (0,0)
 1 │~                                       │
 2 │~                                       │
 3 │~                                       │
 4 │~                                       │
 5 │~                                       │
 6 │~                                       │
 7 │~                                       │
 8 │~                                       │
 9 │~                                       │
10 │~                                       │
11 │~                                       │
12 │~                                       │
13 │~                                       │
14 │~                                       │
15 │~                                       │
16 │~                                       │
17 │~                                       │
18 │demo.txt              1,1            All│
    ────────────────────────────────────────

[OVERLAY] VimFu — Ctrl-K — Digraph
[SAY] Control K in insert mode lets you enter a digraph. Type two characters and Vim produces a special symbol.
[SAY] Let's type a copyright symbol. Enter insert mode.
[KEYS] 'jA'
[OVERLAY] jA  next line, append

              1         2         3         
    0123456789012345678901234567890123456789
    ────────────────────────────────────────
 0 │Special Characters:                     │ ◂ cursor (0,19)
 1 │~                                       │
 2 │~                                       │
 3 │~                                       │
 4 │~                                       │
 5 │~                                       │
 6 │~                                       │
 7 │~                                       │
 8 │~                                       │
 9 │~                                       │
10 │~                                       │
11 │~                                       │
12 │~                                       │
13 │~                                       │
14 │~                                       │
15 │~                                       │
16 │~                                       │
17 │~                                       │
18 │demo.txt              1,20           All│
19 │-- INSERT --                            │
    ────────────────────────────────────────

[SAY] Control K, then C O for copyright.
[KEYS] '\x0bCo'
[OVERLAY] ⌃kCo  copyright

              1         2         3         
    0123456789012345678901234567890123456789
    ────────────────────────────────────────
 0 │Special Characters:©                    │ ◂ cursor (0,20)
 1 │~                                       │
 2 │~                                       │
 3 │~                                       │
 4 │~                                       │
 5 │~                                       │
 6 │~                                       │
 7 │~                                       │
 8 │~                                       │
 9 │~                                       │
10 │~                                       │
11 │~                                       │
12 │~                                       │
13 │~                                       │
14 │~                                       │
15 │~                                       │
16 │~                                       │
17 │~                                       │
18 │demo.txt [+]          1,22-21        All│
19 │-- INSERT --                            │
    ────────────────────────────────────────

[SAY] Copyright symbol. Two letters mapped to a special character.
[TYPE] ' '

              1         2         3         
    0123456789012345678901234567890123456789
    ────────────────────────────────────────
 0 │Special Characters:©                    │ ◂ cursor (0,21)
 1 │~                                       │
 2 │~                                       │
 3 │~                                       │
 4 │~                                       │
 5 │~                                       │
 6 │~                                       │
 7 │~                                       │
 8 │~                                       │
 9 │~                                       │
10 │~                                       │
11 │~                                       │
12 │~                                       │
13 │~                                       │
14 │~                                       │
15 │~                                       │
16 │~                                       │
17 │~                                       │
18 │demo.txt [+]          1,23-22        All│
19 │-- INSERT --                            │
    ────────────────────────────────────────

[SAY] Try a degree sign. Control K, D G.
[KEYS] '\x0bDG'
[OVERLAY] ⌃kDG  degree

              1         2         3         
    0123456789012345678901234567890123456789
    ────────────────────────────────────────
 0 │Special Characters:© °                  │ ◂ cursor (0,22)
 1 │~                                       │
 2 │~                                       │
 3 │~                                       │
 4 │~                                       │
 5 │~                                       │
 6 │~                                       │
 7 │~                                       │
 8 │~                                       │
 9 │~                                       │
10 │~                                       │
11 │~                                       │
12 │~                                       │
13 │~                                       │
14 │~                                       │
15 │~                                       │
16 │~                                       │
17 │~                                       │
18 │demo.txt [+]          1,25-23        All│
19 │-- INSERT --                            │
    ────────────────────────────────────────

[TYPE] ' '

              1         2         3         
    0123456789012345678901234567890123456789
    ────────────────────────────────────────
 0 │Special Characters:© °                  │ ◂ cursor (0,23)
 1 │~                                       │
 2 │~                                       │
 3 │~                                       │
 4 │~                                       │
 5 │~                                       │
 6 │~                                       │
 7 │~                                       │
 8 │~                                       │
 9 │~                                       │
10 │~                                       │
11 │~                                       │
12 │~                                       │
13 │~                                       │
14 │~                                       │
15 │~                                       │
16 │~                                       │
17 │~                                       │
18 │demo.txt [+]          1,26-24        All│
19 │-- INSERT --                            │
    ────────────────────────────────────────

[SAY] And a plus minus. Control K, plus minus.
[KEYS] '\x0b+-'
[OVERLAY] ⌃k+-  plus-minus

              1         2         3         
    0123456789012345678901234567890123456789
    ────────────────────────────────────────
 0 │Special Characters:© ° ±                │ ◂ cursor (0,24)
 1 │~                                       │
 2 │~                                       │
 3 │~                                       │
 4 │~                                       │
 5 │~                                       │
 6 │~                                       │
 7 │~                                       │
 8 │~                                       │
 9 │~                                       │
10 │~                                       │
11 │~                                       │
12 │~                                       │
13 │~                                       │
14 │~                                       │
15 │~                                       │
16 │~                                       │
17 │~                                       │
18 │demo.txt [+]          1,28-25        All│
19 │-- INSERT --                            │
    ────────────────────────────────────────

[ESCAPE]

              1         2         3         
    0123456789012345678901234567890123456789
    ────────────────────────────────────────
 0 │Special Characters:© ° ±                │ ◂ cursor (0,23)
 1 │~                                       │
 2 │~                                       │
 3 │~                                       │
 4 │~                                       │
 5 │~                                       │
 6 │~                                       │
 7 │~                                       │
 8 │~                                       │
 9 │~                                       │
10 │~                                       │
11 │~                                       │
12 │~                                       │
13 │~                                       │
14 │~                                       │
15 │~                                       │
16 │~                                       │
17 │~                                       │
18 │demo.txt [+]          1,26-24        All│
    ────────────────────────────────────────

[SAY] Control K then two characters. Digraphs for special symbols. Use colon digraphs to see the full list.