[RECORDING_START] Screen state at recording start:

              1         2         3         
    0123456789012345678901234567890123456789
    ────────────────────────────────────────
 0 │# Quick Task                            │ ◂ cursor (0,0)
 1 │                                        │
 2 │def run():                              │
 3 │    print("Running task")               │
 4 │    return True                         │
 5 │~                                       │
 6 │~                                       │
 7 │~                                       │
 8 │~                                       │
 9 │~                                       │
10 │~                                       │
11 │~                                       │
12 │~                                       │
13 │~                                       │
14 │~                                       │
15 │~                                       │
16 │~                                       │
17 │~                                       │
18 │task.py               1,1            All│
    ────────────────────────────────────────

[OVERLAY] VimFu — Ctrl-Z
[SAY] Control Z suspends Vim. It pauses the editor and gives you a shell prompt. Type F G and enter to come back. Everything is exactly where you left it.
[SAY] This is a Unix signal, so it works on Linux and Mac. It doesn't work on Windows.
[SAY] A trick that works everywhere is colon exclamation mark. It runs a shell command without leaving Vim.
[TYPE] ":!echo 'hello from the shell'\n"

              1         2         3         
    0123456789012345678901234567890123456789
    ────────────────────────────────────────
 0 │# Quick Task                            │
 1 │                                        │
 2 │def run():                              │
 3 │    print("Running task")               │
 4 │    return True                         │
 5 │~                                       │
 6 │~                                       │
 7 │~                                       │
 8 │~                                       │
 9 │~                                       │
10 │~                                       │
11 │~                                       │
12 │~                                       │
13 │~                                       │
14 │~                                       │
15 │                                        │
16 │:!echo 'hello from the shell'           │
17 │hello from the shell                    │
18 │                                        │
19 │Press ENTER or type command to continue │ ◂ cursor (19,39)
    ────────────────────────────────────────

[SAY] The command ran and printed its output. Press enter to get back.
[ENTER]

              1         2         3         
    0123456789012345678901234567890123456789
    ────────────────────────────────────────
 0 │# Quick Task                            │ ◂ cursor (0,0)
 1 │                                        │
 2 │def run():                              │
 3 │    print("Running task")               │
 4 │    return True                         │
 5 │~                                       │
 6 │~                                       │
 7 │~                                       │
 8 │~                                       │
 9 │~                                       │
10 │~                                       │
11 │~                                       │
12 │~                                       │
13 │~                                       │
14 │~                                       │
15 │~                                       │
16 │~                                       │
17 │~                                       │
18 │task.py               1,1            All│
    ────────────────────────────────────────

[SAY] Back in the editor. File untouched.
[SAY] Try another. Check the file on disk.
[TYPE] ':!cat task.py\n'

              1         2         3         
    0123456789012345678901234567890123456789
    ────────────────────────────────────────
 0 │# Quick Task                            │
 1 │                                        │
 2 │def run():                              │
 3 │    print("Running task")               │
 4 │    return True                         │
 5 │~                                       │
 6 │~                                       │
 7 │~                                       │
 8 │~                                       │
 9 │~                                       │
10 │~                                       │
11 │                                        │
12 │:!cat task.py                           │
13 │# Quick Task                            │
14 │                                        │
15 │def run():                              │
16 │    print("Running task")               │
17 │    return True                         │
18 │                                        │
19 │Press ENTER or type command to continue │ ◂ cursor (19,39)
    ────────────────────────────────────────

[SAY] There it is. Enter to return.
[ENTER]

              1         2         3         
    0123456789012345678901234567890123456789
    ────────────────────────────────────────
 0 │# Quick Task                            │ ◂ cursor (0,0)
 1 │                                        │
 2 │def run():                              │
 3 │    print("Running task")               │
 4 │    return True                         │
 5 │~                                       │
 6 │~                                       │
 7 │~                                       │
 8 │~                                       │
 9 │~                                       │
10 │~                                       │
11 │~                                       │
12 │~                                       │
13 │~                                       │
14 │~                                       │
15 │~                                       │
16 │~                                       │
17 │~                                       │
18 │task.py               1,1            All│
    ────────────────────────────────────────

[SAY] Control Z suspends on Unix, F G resumes. Colon bang runs a shell command anywhere. Two ways to jump to the shell without quitting.