[RECORDING_START] Screen state at recording start:

              1         2         3         
    0123456789012345678901234567890123456789
    ────────────────────────────────────────
 0 │# Nap Time                              │ ◂ cursor (0,0)
 1 │import time                             │
 2 │                                        │
 3 │def take_a_nap(seconds):                │
 4 │    print("Sleeping...")                │
 5 │    time.sleep(seconds)                 │
 6 │    print("Awake!")                     │
 7 │~                                       │
 8 │~                                       │
 9 │~                                       │
10 │~                                       │
11 │~                                       │
12 │~                                       │
13 │~                                       │
14 │~                                       │
15 │~                                       │
16 │~                                       │
17 │~                                       │
18 │nap.py                1,1            All│
    ────────────────────────────────────────

[OVERLAY] VimFu — gs — Sleep
[SAY] G S makes Vim go to sleep. Yes, sleep. It freezes for N seconds. It's one of the most useless commands in Vim.
[SAY] Two G S. Sleep for two seconds.
[KEYS] '2gs'
[OVERLAY] 2gs  sleep 2 seconds

              1         2         3         
    0123456789012345678901234567890123456789
    ────────────────────────────────────────
 0 │# Nap Time                              │ ◂ cursor (0,0)
 1 │import time                             │
 2 │                                        │
 3 │def take_a_nap(seconds):                │
 4 │    print("Sleeping...")                │
 5 │    time.sleep(seconds)                 │
 6 │    print("Awake!")                     │
 7 │~                                       │
 8 │~                                       │
 9 │~                                       │
10 │~                                       │
11 │~                                       │
12 │~                                       │
13 │~                                       │
14 │~                                       │
15 │~                                       │
16 │~                                       │
17 │~                                       │
18 │nap.py                1,1            All│
19 │                             2gs        │
    ────────────────────────────────────────

[SAY] Vim just froze for two seconds. Nothing happened. That's the whole command.
[SAY] One G S.
[KEYS] '1gs'
[OVERLAY] 1gs  sleep 1 second

              1         2         3         
    0123456789012345678901234567890123456789
    ────────────────────────────────────────
 0 │# Nap Time                              │ ◂ cursor (0,0)
 1 │import time                             │
 2 │                                        │
 3 │def take_a_nap(seconds):                │
 4 │    print("Sleeping...")                │
 5 │    time.sleep(seconds)                 │
 6 │    print("Awake!")                     │
 7 │~                                       │
 8 │~                                       │
 9 │~                                       │
10 │~                                       │
11 │~                                       │
12 │~                                       │
13 │~                                       │
14 │~                                       │
15 │~                                       │
16 │~                                       │
17 │~                                       │
18 │nap.py                1,1            All│
19 │                             1gs        │
    ────────────────────────────────────────

[SAY] One second nap. You can't type anything while Vim is sleeping. Control C to wake it up early.
[SAY] G S. Make Vim sleep. Nobody uses this on purpose, but now you know it exists. Every key in Vim does something.