[RECORDING_START] Screen state at recording start:

              1         2         3         
    0123456789012345678901234567890123456789
    ────────────────────────────────────────
 0 │route = "/home/user/docs/work/notes"    │ ◂ cursor (0,0)
 1 │~                                       │
 2 │~                                       │
 3 │~                                       │
 4 │~                                       │
 5 │~                                       │
 6 │~                                       │
 7 │~                                       │
 8 │~                                       │
 9 │~                                       │
10 │~                                       │
11 │~                                       │
12 │~                                       │
13 │~                                       │
14 │~                                       │
15 │~                                       │
16 │~                                       │
17 │~                                       │
18 │path.py               1,1            All│
    ────────────────────────────────────────

[OVERLAY] VimFu — The ; Key
[SAY] Semicolon repeats the last F or T search in the same direction.
[SAY] This path has four slashes. F slash to find the first one.
[KEYS] 'f/'
[OVERLAY] f/  f/  find /

              1         2         3         
    0123456789012345678901234567890123456789
    ────────────────────────────────────────
 0 │route = "/home/user/docs/work/notes"    │ ◂ cursor (0,9)
 1 │~                                       │
 2 │~                                       │
 3 │~                                       │
 4 │~                                       │
 5 │~                                       │
 6 │~                                       │
 7 │~                                       │
 8 │~                                       │
 9 │~                                       │
10 │~                                       │
11 │~                                       │
12 │~                                       │
13 │~                                       │
14 │~                                       │
15 │~                                       │
16 │~                                       │
17 │~                                       │
18 │path.py               1,10           All│
    ────────────────────────────────────────

[SAY] Now semicolon to repeat. Jump to the next slash.
[KEYS] ';'
[OVERLAY] ;  ;  repeat find

              1         2         3         
    0123456789012345678901234567890123456789
    ────────────────────────────────────────
 0 │route = "/home/user/docs/work/notes"    │ ◂ cursor (0,14)
 1 │~                                       │
 2 │~                                       │
 3 │~                                       │
 4 │~                                       │
 5 │~                                       │
 6 │~                                       │
 7 │~                                       │
 8 │~                                       │
 9 │~                                       │
10 │~                                       │
11 │~                                       │
12 │~                                       │
13 │~                                       │
14 │~                                       │
15 │~                                       │
16 │~                                       │
17 │~                                       │
18 │path.py               1,15           All│
    ────────────────────────────────────────

[KEYS] ';'
[OVERLAY] ;  ;  repeat find

              1         2         3         
    0123456789012345678901234567890123456789
    ────────────────────────────────────────
 0 │route = "/home/user/docs/work/notes"    │ ◂ cursor (0,19)
 1 │~                                       │
 2 │~                                       │
 3 │~                                       │
 4 │~                                       │
 5 │~                                       │
 6 │~                                       │
 7 │~                                       │
 8 │~                                       │
 9 │~                                       │
10 │~                                       │
11 │~                                       │
12 │~                                       │
13 │~                                       │
14 │~                                       │
15 │~                                       │
16 │~                                       │
17 │~                                       │
18 │path.py               1,20           All│
    ────────────────────────────────────────

[KEYS] ';'
[OVERLAY] ;  ;  repeat find

              1         2         3         
    0123456789012345678901234567890123456789
    ────────────────────────────────────────
 0 │route = "/home/user/docs/work/notes"    │ ◂ cursor (0,24)
 1 │~                                       │
 2 │~                                       │
 3 │~                                       │
 4 │~                                       │
 5 │~                                       │
 6 │~                                       │
 7 │~                                       │
 8 │~                                       │
 9 │~                                       │
10 │~                                       │
11 │~                                       │
12 │~                                       │
13 │~                                       │
14 │~                                       │
15 │~                                       │
16 │~                                       │
17 │~                                       │
18 │path.py               1,25           All│
    ────────────────────────────────────────

[SAY] Hopped through every slash without typing F slash again. Semicolon remembers the last find.
[SAY] Semicolon. Repeat the last F, T, capital F, or capital T. Same direction, no retyping.