[RECORDING_START] Screen state at recording start:

              1         2         3         
    0123456789012345678901234567890123456789
    ────────────────────────────────────────
 0 │step1 = "chop"                          │ ◂ cursor (0,0)
 1 │step2 = "boil"                          │
 2 │step3 = "serve"                         │
 3 │~                                       │
 4 │~                                       │
 5 │~                                       │
 6 │~                                       │
 7 │~                                       │
 8 │~                                       │
 9 │~                                       │
10 │~                                       │
11 │~                                       │
12 │~                                       │
13 │~                                       │
14 │~                                       │
15 │~                                       │
16 │~                                       │
17 │~                                       │
18 │recipe.py             1,1            All│
    ────────────────────────────────────────

[OVERLAY] VimFu — The O Key
[SAY] Capital O opens a new line above the cursor and enters insert mode.
[SAY] Cursor on step two. Need to add a step before it. Capital O.
[KEYS] 'j'
[OVERLAY] j

              1         2         3         
    0123456789012345678901234567890123456789
    ────────────────────────────────────────
 0 │step1 = "chop"                          │
 1 │step2 = "boil"                          │ ◂ cursor (1,0)
 2 │step3 = "serve"                         │
 3 │~                                       │
 4 │~                                       │
 5 │~                                       │
 6 │~                                       │
 7 │~                                       │
 8 │~                                       │
 9 │~                                       │
10 │~                                       │
11 │~                                       │
12 │~                                       │
13 │~                                       │
14 │~                                       │
15 │~                                       │
16 │~                                       │
17 │~                                       │
18 │recipe.py             2,1            All│
    ────────────────────────────────────────

[KEYS] 'O'
[OVERLAY] ⇧O  open above

              1         2         3         
    0123456789012345678901234567890123456789
    ────────────────────────────────────────
 0 │step1 = "chop"                          │
 1 │                                        │ ◂ cursor (1,0)
 2 │step2 = "boil"                          │
 3 │step3 = "serve"                         │
 4 │~                                       │
 5 │~                                       │
 6 │~                                       │
 7 │~                                       │
 8 │~                                       │
 9 │~                                       │
10 │~                                       │
11 │~                                       │
12 │~                                       │
13 │~                                       │
14 │~                                       │
15 │~                                       │
16 │~                                       │
17 │~                                       │
18 │recipe.py [+]         2,1            All│
19 │-- INSERT --                            │
    ────────────────────────────────────────

[TYPE] 'prep = "wash"'

              1         2         3         
    0123456789012345678901234567890123456789
    ────────────────────────────────────────
 0 │step1 = "chop"                          │
 1 │prep = "wash"                           │ ◂ cursor (1,13)
 2 │step2 = "boil"                          │
 3 │step3 = "serve"                         │
 4 │~                                       │
 5 │~                                       │
 6 │~                                       │
 7 │~                                       │
 8 │~                                       │
 9 │~                                       │
10 │~                                       │
11 │~                                       │
12 │~                                       │
13 │~                                       │
14 │~                                       │
15 │~                                       │
16 │~                                       │
17 │~                                       │
18 │recipe.py [+]         2,14           All│
19 │-- INSERT --                            │
    ────────────────────────────────────────

[ESCAPE]

              1         2         3         
    0123456789012345678901234567890123456789
    ────────────────────────────────────────
 0 │step1 = "chop"                          │
 1 │prep = "wash"                           │ ◂ cursor (1,12)
 2 │step2 = "boil"                          │
 3 │step3 = "serve"                         │
 4 │~                                       │
 5 │~                                       │
 6 │~                                       │
 7 │~                                       │
 8 │~                                       │
 9 │~                                       │
10 │~                                       │
11 │~                                       │
12 │~                                       │
13 │~                                       │
14 │~                                       │
15 │~                                       │
16 │~                                       │
17 │~                                       │
18 │recipe.py [+]         2,13           All│
    ────────────────────────────────────────

[SAY] New line appeared above step two. Lowercase O goes below, capital O goes above.
[KEYS] 'u'
[OVERLAY] u  undo

              1         2         3         
    0123456789012345678901234567890123456789
    ────────────────────────────────────────
 0 │step1 = "chop"                          │
 1 │step2 = "boil"                          │ ◂ cursor (1,0)
 2 │step3 = "serve"                         │
 3 │~                                       │
 4 │~                                       │
 5 │~                                       │
 6 │~                                       │
 7 │~                                       │
 8 │~                                       │
 9 │~                                       │
10 │~                                       │
11 │~                                       │
12 │~                                       │
13 │~                                       │
14 │~                                       │
15 │~                                       │
16 │~                                       │
17 │~                                       │
18 │recipe.py             2,1            All│
19 │1 line less;...0 seconds ago            │
    ────────────────────────────────────────

[SAY] Capital O on the first line adds a new first line.
[KEYS] 'gg'
[OVERLAY] gg

              1         2         3         
    0123456789012345678901234567890123456789
    ────────────────────────────────────────
 0 │step1 = "chop"                          │ ◂ cursor (0,0)
 1 │step2 = "boil"                          │
 2 │step3 = "serve"                         │
 3 │~                                       │
 4 │~                                       │
 5 │~                                       │
 6 │~                                       │
 7 │~                                       │
 8 │~                                       │
 9 │~                                       │
10 │~                                       │
11 │~                                       │
12 │~                                       │
13 │~                                       │
14 │~                                       │
15 │~                                       │
16 │~                                       │
17 │~                                       │
18 │recipe.py             1,1            All│
19 │1 line less;...0 seconds ago            │
    ────────────────────────────────────────

[KEYS] 'O'
[OVERLAY] ⇧O  open above

              1         2         3         
    0123456789012345678901234567890123456789
    ────────────────────────────────────────
 0 │                                        │ ◂ cursor (0,0)
 1 │step1 = "chop"                          │
 2 │step2 = "boil"                          │
 3 │step3 = "serve"                         │
 4 │~                                       │
 5 │~                                       │
 6 │~                                       │
 7 │~                                       │
 8 │~                                       │
 9 │~                                       │
10 │~                                       │
11 │~                                       │
12 │~                                       │
13 │~                                       │
14 │~                                       │
15 │~                                       │
16 │~                                       │
17 │~                                       │
18 │recipe.py [+]         1,1            All│
19 │-- INSERT --                            │
    ────────────────────────────────────────

[TYPE] '# cooking steps'

              1         2         3         
    0123456789012345678901234567890123456789
    ────────────────────────────────────────
 0 │# cooking steps                         │ ◂ cursor (0,15)
 1 │step1 = "chop"                          │
 2 │step2 = "boil"                          │
 3 │step3 = "serve"                         │
 4 │~                                       │
 5 │~                                       │
 6 │~                                       │
 7 │~                                       │
 8 │~                                       │
 9 │~                                       │
10 │~                                       │
11 │~                                       │
12 │~                                       │
13 │~                                       │
14 │~                                       │
15 │~                                       │
16 │~                                       │
17 │~                                       │
18 │recipe.py [+]         1,16           All│
19 │-- INSERT --                            │
    ────────────────────────────────────────

[ESCAPE]

              1         2         3         
    0123456789012345678901234567890123456789
    ────────────────────────────────────────
 0 │# cooking steps                         │ ◂ cursor (0,14)
 1 │step1 = "chop"                          │
 2 │step2 = "boil"                          │
 3 │step3 = "serve"                         │
 4 │~                                       │
 5 │~                                       │
 6 │~                                       │
 7 │~                                       │
 8 │~                                       │
 9 │~                                       │
10 │~                                       │
11 │~                                       │
12 │~                                       │
13 │~                                       │
14 │~                                       │
15 │~                                       │
16 │~                                       │
17 │~                                       │
18 │recipe.py [+]         1,15           All│
    ────────────────────────────────────────

[SAY] Header added above everything. Even works on line one.
[KEYS] 'u'
[OVERLAY] u  undo

              1         2         3         
    0123456789012345678901234567890123456789
    ────────────────────────────────────────
 0 │step1 = "chop"                          │ ◂ cursor (0,0)
 1 │step2 = "boil"                          │
 2 │step3 = "serve"                         │
 3 │~                                       │
 4 │~                                       │
 5 │~                                       │
 6 │~                                       │
 7 │~                                       │
 8 │~                                       │
 9 │~                                       │
10 │~                                       │
11 │~                                       │
12 │~                                       │
13 │~                                       │
14 │~                                       │
15 │~                                       │
16 │~                                       │
17 │~                                       │
18 │recipe.py             1,1            All│
19 │1 line less;...8 seconds ago            │
    ────────────────────────────────────────

[SAY] Compare. On step two, lowercase O opens below.
[KEYS] 'j'
[OVERLAY] j

              1         2         3         
    0123456789012345678901234567890123456789
    ────────────────────────────────────────
 0 │step1 = "chop"                          │
 1 │step2 = "boil"                          │ ◂ cursor (1,0)
 2 │step3 = "serve"                         │
 3 │~                                       │
 4 │~                                       │
 5 │~                                       │
 6 │~                                       │
 7 │~                                       │
 8 │~                                       │
 9 │~                                       │
10 │~                                       │
11 │~                                       │
12 │~                                       │
13 │~                                       │
14 │~                                       │
15 │~                                       │
16 │~                                       │
17 │~                                       │
18 │recipe.py             2,1            All│
19 │1 line less;...8 seconds ago            │
    ────────────────────────────────────────

[KEYS] 'o'
[OVERLAY] o  open below

              1         2         3         
    0123456789012345678901234567890123456789
    ────────────────────────────────────────
 0 │step1 = "chop"                          │
 1 │step2 = "boil"                          │
 2 │                                        │ ◂ cursor (2,0)
 3 │step3 = "serve"                         │
 4 │~                                       │
 5 │~                                       │
 6 │~                                       │
 7 │~                                       │
 8 │~                                       │
 9 │~                                       │
10 │~                                       │
11 │~                                       │
12 │~                                       │
13 │~                                       │
14 │~                                       │
15 │~                                       │
16 │~                                       │
17 │~                                       │
18 │recipe.py [+]         3,1            All│
19 │-- INSERT --                            │
    ────────────────────────────────────────

[TYPE] 'stir = "mix"'

              1         2         3         
    0123456789012345678901234567890123456789
    ────────────────────────────────────────
 0 │step1 = "chop"                          │
 1 │step2 = "boil"                          │
 2 │stir = "mix"                            │ ◂ cursor (2,12)
 3 │step3 = "serve"                         │
 4 │~                                       │
 5 │~                                       │
 6 │~                                       │
 7 │~                                       │
 8 │~                                       │
 9 │~                                       │
10 │~                                       │
11 │~                                       │
12 │~                                       │
13 │~                                       │
14 │~                                       │
15 │~                                       │
16 │~                                       │
17 │~                                       │
18 │recipe.py [+]         3,13           All│
19 │-- INSERT --                            │
    ────────────────────────────────────────

[ESCAPE]

              1         2         3         
    0123456789012345678901234567890123456789
    ────────────────────────────────────────
 0 │step1 = "chop"                          │
 1 │step2 = "boil"                          │
 2 │stir = "mix"                            │ ◂ cursor (2,11)
 3 │step3 = "serve"                         │
 4 │~                                       │
 5 │~                                       │
 6 │~                                       │
 7 │~                                       │
 8 │~                                       │
 9 │~                                       │
10 │~                                       │
11 │~                                       │
12 │~                                       │
13 │~                                       │
14 │~                                       │
15 │~                                       │
16 │~                                       │
17 │~                                       │
18 │recipe.py [+]         3,12           All│
    ────────────────────────────────────────

[SAY] Below step two. Capital O, above. Lowercase O, below.
[SAY] Capital O. Open above. When you need a new line on top.