[RECORDING_START] Screen state at recording start:

              1         2         3         
    0123456789012345678901234567890123456789
    ────────────────────────────────────────
 0 │tag = "dork"                            │ ◂ cursor (0,0)
 1 │count = 9090                            │
 2 │flag = Trua                             │
 3 │~                                       │
 4 │~                                       │
 5 │~                                       │
 6 │~                                       │
 7 │~                                       │
 8 │~                                       │
 9 │~                                       │
10 │~                                       │
11 │~                                       │
12 │~                                       │
13 │~                                       │
14 │~                                       │
15 │~                                       │
16 │~                                       │
17 │~                                       │
18 │typo.py               1,1            All│
    ────────────────────────────────────────

[OVERLAY] VimFu — Replace a Character
[SAY] R replaces one character. You stay in normal mode.
[SAY] This says dork. Should be dark.
[KEYS] 'f'
[OVERLAY] f  find char

              1         2         3         
    0123456789012345678901234567890123456789
    ────────────────────────────────────────
 0 │tag = "dork"                            │ ◂ cursor (0,0)
 1 │count = 9090                            │
 2 │flag = Trua                             │
 3 │~                                       │
 4 │~                                       │
 5 │~                                       │
 6 │~                                       │
 7 │~                                       │
 8 │~                                       │
 9 │~                                       │
10 │~                                       │
11 │~                                       │
12 │~                                       │
13 │~                                       │
14 │~                                       │
15 │~                                       │
16 │~                                       │
17 │~                                       │
18 │typo.py               1,1            All│
19 │                             f          │
    ────────────────────────────────────────

[KEYS] 'o'
[OVERLAY] o  open below

              1         2         3         
    0123456789012345678901234567890123456789
    ────────────────────────────────────────
 0 │tag = "dork"                            │ ◂ cursor (0,8)
 1 │count = 9090                            │
 2 │flag = Trua                             │
 3 │~                                       │
 4 │~                                       │
 5 │~                                       │
 6 │~                                       │
 7 │~                                       │
 8 │~                                       │
 9 │~                                       │
10 │~                                       │
11 │~                                       │
12 │~                                       │
13 │~                                       │
14 │~                                       │
15 │~                                       │
16 │~                                       │
17 │~                                       │
18 │typo.py               1,9            All│
    ────────────────────────────────────────

[KEYS] 'r'
[OVERLAY] r  replace char

              1         2         3         
    0123456789012345678901234567890123456789
    ────────────────────────────────────────
 0 │tag = "dork"                            │ ◂ cursor (0,8)
 1 │count = 9090                            │
 2 │flag = Trua                             │
 3 │~                                       │
 4 │~                                       │
 5 │~                                       │
 6 │~                                       │
 7 │~                                       │
 8 │~                                       │
 9 │~                                       │
10 │~                                       │
11 │~                                       │
12 │~                                       │
13 │~                                       │
14 │~                                       │
15 │~                                       │
16 │~                                       │
17 │~                                       │
18 │typo.py               1,9            All│
19 │                             r          │
    ────────────────────────────────────────

[KEYS] 'a'
[OVERLAY] a  append

              1         2         3         
    0123456789012345678901234567890123456789
    ────────────────────────────────────────
 0 │tag = "dark"                            │ ◂ cursor (0,8)
 1 │count = 9090                            │
 2 │flag = Trua                             │
 3 │~                                       │
 4 │~                                       │
 5 │~                                       │
 6 │~                                       │
 7 │~                                       │
 8 │~                                       │
 9 │~                                       │
10 │~                                       │
11 │~                                       │
12 │~                                       │
13 │~                                       │
14 │~                                       │
15 │~                                       │
16 │~                                       │
17 │~                                       │
18 │typo.py [+]           1,9            All│
    ────────────────────────────────────────

[SAY] R A. One key to replace, one key for the new character.
[SAY] Now the count. Nine zero nine zero should be eight zero eight zero.
[KEYS] 'j'
[OVERLAY] j  down

              1         2         3         
    0123456789012345678901234567890123456789
    ────────────────────────────────────────
 0 │tag = "dark"                            │
 1 │count = 9090                            │ ◂ cursor (1,8)
 2 │flag = Trua                             │
 3 │~                                       │
 4 │~                                       │
 5 │~                                       │
 6 │~                                       │
 7 │~                                       │
 8 │~                                       │
 9 │~                                       │
10 │~                                       │
11 │~                                       │
12 │~                                       │
13 │~                                       │
14 │~                                       │
15 │~                                       │
16 │~                                       │
17 │~                                       │
18 │typo.py [+]           2,9            All│
    ────────────────────────────────────────

[KEYS] 'r'
[OVERLAY] r  replace char

              1         2         3         
    0123456789012345678901234567890123456789
    ────────────────────────────────────────
 0 │tag = "dark"                            │
 1 │count = 9090                            │ ◂ cursor (1,8)
 2 │flag = Trua                             │
 3 │~                                       │
 4 │~                                       │
 5 │~                                       │
 6 │~                                       │
 7 │~                                       │
 8 │~                                       │
 9 │~                                       │
10 │~                                       │
11 │~                                       │
12 │~                                       │
13 │~                                       │
14 │~                                       │
15 │~                                       │
16 │~                                       │
17 │~                                       │
18 │typo.py [+]           2,9            All│
19 │                             r          │
    ────────────────────────────────────────

[KEYS] '8'
[OVERLAY] 8

              1         2         3         
    0123456789012345678901234567890123456789
    ────────────────────────────────────────
 0 │tag = "dark"                            │
 1 │count = 8090                            │ ◂ cursor (1,8)
 2 │flag = Trua                             │
 3 │~                                       │
 4 │~                                       │
 5 │~                                       │
 6 │~                                       │
 7 │~                                       │
 8 │~                                       │
 9 │~                                       │
10 │~                                       │
11 │~                                       │
12 │~                                       │
13 │~                                       │
14 │~                                       │
15 │~                                       │
16 │~                                       │
17 │~                                       │
18 │typo.py [+]           2,9            All│
    ────────────────────────────────────────

[KEYS] 'l'
[OVERLAY] l  right

              1         2         3         
    0123456789012345678901234567890123456789
    ────────────────────────────────────────
 0 │tag = "dark"                            │
 1 │count = 8090                            │ ◂ cursor (1,9)
 2 │flag = Trua                             │
 3 │~                                       │
 4 │~                                       │
 5 │~                                       │
 6 │~                                       │
 7 │~                                       │
 8 │~                                       │
 9 │~                                       │
10 │~                                       │
11 │~                                       │
12 │~                                       │
13 │~                                       │
14 │~                                       │
15 │~                                       │
16 │~                                       │
17 │~                                       │
18 │typo.py [+]           2,10           All│
    ────────────────────────────────────────

[KEYS] 'l'
[OVERLAY] l  right

              1         2         3         
    0123456789012345678901234567890123456789
    ────────────────────────────────────────
 0 │tag = "dark"                            │
 1 │count = 8090                            │ ◂ cursor (1,10)
 2 │flag = Trua                             │
 3 │~                                       │
 4 │~                                       │
 5 │~                                       │
 6 │~                                       │
 7 │~                                       │
 8 │~                                       │
 9 │~                                       │
10 │~                                       │
11 │~                                       │
12 │~                                       │
13 │~                                       │
14 │~                                       │
15 │~                                       │
16 │~                                       │
17 │~                                       │
18 │typo.py [+]           2,11           All│
    ────────────────────────────────────────

[KEYS] 'r'
[OVERLAY] r  replace char

              1         2         3         
    0123456789012345678901234567890123456789
    ────────────────────────────────────────
 0 │tag = "dark"                            │
 1 │count = 8090                            │ ◂ cursor (1,10)
 2 │flag = Trua                             │
 3 │~                                       │
 4 │~                                       │
 5 │~                                       │
 6 │~                                       │
 7 │~                                       │
 8 │~                                       │
 9 │~                                       │
10 │~                                       │
11 │~                                       │
12 │~                                       │
13 │~                                       │
14 │~                                       │
15 │~                                       │
16 │~                                       │
17 │~                                       │
18 │typo.py [+]           2,11           All│
19 │                             r          │
    ────────────────────────────────────────

[KEYS] '8'
[OVERLAY] 8

              1         2         3         
    0123456789012345678901234567890123456789
    ────────────────────────────────────────
 0 │tag = "dark"                            │
 1 │count = 8080                            │ ◂ cursor (1,10)
 2 │flag = Trua                             │
 3 │~                                       │
 4 │~                                       │
 5 │~                                       │
 6 │~                                       │
 7 │~                                       │
 8 │~                                       │
 9 │~                                       │
10 │~                                       │
11 │~                                       │
12 │~                                       │
13 │~                                       │
14 │~                                       │
15 │~                                       │
16 │~                                       │
17 │~                                       │
18 │typo.py [+]           2,11           All│
    ────────────────────────────────────────

[SAY] Two quick fixes. Still in normal mode the whole time.
[SAY] One more. Trua should be True.
[KEYS] 'j'
[OVERLAY] j  down

              1         2         3         
    0123456789012345678901234567890123456789
    ────────────────────────────────────────
 0 │tag = "dark"                            │
 1 │count = 8080                            │
 2 │flag = Trua                             │ ◂ cursor (2,10)
 3 │~                                       │
 4 │~                                       │
 5 │~                                       │
 6 │~                                       │
 7 │~                                       │
 8 │~                                       │
 9 │~                                       │
10 │~                                       │
11 │~                                       │
12 │~                                       │
13 │~                                       │
14 │~                                       │
15 │~                                       │
16 │~                                       │
17 │~                                       │
18 │typo.py [+]           3,11           All│
    ────────────────────────────────────────

[KEYS] 'r'
[OVERLAY] r  replace char

              1         2         3         
    0123456789012345678901234567890123456789
    ────────────────────────────────────────
 0 │tag = "dark"                            │
 1 │count = 8080                            │
 2 │flag = Trua                             │ ◂ cursor (2,10)
 3 │~                                       │
 4 │~                                       │
 5 │~                                       │
 6 │~                                       │
 7 │~                                       │
 8 │~                                       │
 9 │~                                       │
10 │~                                       │
11 │~                                       │
12 │~                                       │
13 │~                                       │
14 │~                                       │
15 │~                                       │
16 │~                                       │
17 │~                                       │
18 │typo.py [+]           3,11           All│
19 │                             r          │
    ────────────────────────────────────────

[KEYS] 'e'
[OVERLAY] e  end of word

              1         2         3         
    0123456789012345678901234567890123456789
    ────────────────────────────────────────
 0 │tag = "dark"                            │
 1 │count = 8080                            │
 2 │flag = True                             │ ◂ cursor (2,10)
 3 │~                                       │
 4 │~                                       │
 5 │~                                       │
 6 │~                                       │
 7 │~                                       │
 8 │~                                       │
 9 │~                                       │
10 │~                                       │
11 │~                                       │
12 │~                                       │
13 │~                                       │
14 │~                                       │
15 │~                                       │
16 │~                                       │
17 │~                                       │
18 │typo.py [+]           3,11           All│
    ────────────────────────────────────────

[SAY] R E. Fixed. No insert mode needed.
[SAY] R plus any character. Quick single-character fix.