[RECORDING_START] Screen state at recording start:

              1         2         3         
    0123456789012345678901234567890123456789
    ────────────────────────────────────────
 0 │cat = "meow"                            │ ◂ cursor (0,0)
 1 │dog = "woof"                            │
 2 │cat = "purr"                            │
 3 │dog = "bark"                            │
 4 │cat = "hiss"                            │
 5 │dog = "howl"                            │
 6 │~                                       │
 7 │~                                       │
 8 │~                                       │
 9 │~                                       │
10 │~                                       │
11 │~                                       │
12 │~                                       │
13 │~                                       │
14 │~                                       │
15 │~                                       │
16 │~                                       │
17 │~                                       │
18 │words.py              1,1            All│
    ────────────────────────────────────────

[OVERLAY] VimFu — Next Match
[SAY] After a search, N jumps to the next match. No need to type the pattern again.
[SAY] Let's search for cat.
[KEYS] '/'
[OVERLAY] /  search

              1         2         3         
    0123456789012345678901234567890123456789
    ────────────────────────────────────────
 0 │cat = "meow"                            │
 1 │dog = "woof"                            │
 2 │cat = "purr"                            │
 3 │dog = "bark"                            │
 4 │cat = "hiss"                            │
 5 │dog = "howl"                            │
 6 │~                                       │
 7 │~                                       │
 8 │~                                       │
 9 │~                                       │
10 │~                                       │
11 │~                                       │
12 │~                                       │
13 │~                                       │
14 │~                                       │
15 │~                                       │
16 │~                                       │
17 │~                                       │
18 │words.py              1,1            All│
19 │/                                       │ ◂ cursor (19,1)
    ────────────────────────────────────────

[TYPE] 'cat'

              1         2         3         
    0123456789012345678901234567890123456789
    ────────────────────────────────────────
 0 │cat = "meow"                            │
 1 │dog = "woof"                            │
 2 │cat = "purr"                            │
 3 │dog = "bark"                            │
 4 │cat = "hiss"                            │
 5 │dog = "howl"                            │
 6 │~                                       │
 7 │~                                       │
 8 │~                                       │
 9 │~                                       │
10 │~                                       │
11 │~                                       │
12 │~                                       │
13 │~                                       │
14 │~                                       │
15 │~                                       │
16 │~                                       │
17 │~                                       │
18 │words.py              3,1            All│
19 │/cat                                    │ ◂ cursor (19,4)
    ────────────────────────────────────────
[HIGHLIGHT] row 0, cols 0-2: "cat"
[HIGHLIGHT] row 2, cols 0-2: "cat"
[HIGHLIGHT] row 4, cols 0-2: "cat"

[ENTER]

              1         2         3         
    0123456789012345678901234567890123456789
    ────────────────────────────────────────
 0 │cat = "meow"                            │
 1 │dog = "woof"                            │
 2 │cat = "purr"                            │ ◂ cursor (2,0)
 3 │dog = "bark"                            │
 4 │cat = "hiss"                            │
 5 │dog = "howl"                            │
 6 │~                                       │
 7 │~                                       │
 8 │~                                       │
 9 │~                                       │
10 │~                                       │
11 │~                                       │
12 │~                                       │
13 │~                                       │
14 │~                                       │
15 │~                                       │
16 │~                                       │
17 │~                                       │
18 │words.py              3,1            All│
19 │/cat                  [2/3]             │
    ────────────────────────────────────────
[HIGHLIGHT] row 0, cols 0-2: "cat"
[HIGHLIGHT] row 2, cols 1-2: "at"
[HIGHLIGHT] row 4, cols 0-2: "cat"

[SAY] Found a cat. There are three in this file.
[SAY] Press N to jump to the next one.
[KEYS] 'n'
[OVERLAY] n  next match

              1         2         3         
    0123456789012345678901234567890123456789
    ────────────────────────────────────────
 0 │cat = "meow"                            │
 1 │dog = "woof"                            │
 2 │cat = "purr"                            │
 3 │dog = "bark"                            │
 4 │cat = "hiss"                            │ ◂ cursor (4,0)
 5 │dog = "howl"                            │
 6 │~                                       │
 7 │~                                       │
 8 │~                                       │
 9 │~                                       │
10 │~                                       │
11 │~                                       │
12 │~                                       │
13 │~                                       │
14 │~                                       │
15 │~                                       │
16 │~                                       │
17 │~                                       │
18 │words.py              5,1            All│
19 │/cat                  [3/3]             │
    ────────────────────────────────────────
[HIGHLIGHT] row 0, cols 0-2: "cat"
[HIGHLIGHT] row 2, cols 0-2: "cat"
[HIGHLIGHT] row 4, cols 1-2: "at"

[SAY] There's the next cat.
[SAY] N again. Watch it wrap back to the top.
[KEYS] 'n'
[OVERLAY] n  next match

              1         2         3         
    0123456789012345678901234567890123456789
    ────────────────────────────────────────
 0 │cat = "meow"                            │ ◂ cursor (0,0)
 1 │dog = "woof"                            │
 2 │cat = "purr"                            │
 3 │dog = "bark"                            │
 4 │cat = "hiss"                            │
 5 │dog = "howl"                            │
 6 │~                                       │
 7 │~                                       │
 8 │~                                       │
 9 │~                                       │
10 │~                                       │
11 │~                                       │
12 │~                                       │
13 │~                                       │
14 │~                                       │
15 │~                                       │
16 │~                                       │
17 │~                                       │
18 │words.py              1,1            All│
19 │/cat                W [1/3]             │
    ────────────────────────────────────────
[HIGHLIGHT] row 0, cols 1-2: "at"
[HIGHLIGHT] row 2, cols 0-2: "cat"
[HIGHLIGHT] row 4, cols 0-2: "cat"

[SAY] Wrapped around. N cycles through every match in the file.
[SAY] Search once with slash. Then N, N, N to hop through every match.