[RECORDING_START] Screen state at recording start:

              1         2         3         
    0123456789012345678901234567890123456789
    ────────────────────────────────────────
 0 │hello                                   │ ◂ cursor (0,0)
 1 │~                                       │
 2 │~                                       │
 3 │~                                       │
 4 │~                                       │
 5 │~                                       │
 6 │~                                       │
 7 │~                                       │
 8 │~                                       │
 9 │~                                       │
10 │~                                       │
11 │~                                       │
12 │~                                       │
13 │~                                       │
14 │~                                       │
15 │~                                       │
16 │~                                       │
17 │~                                       │
18 │words.txt             1,1            All│
    ────────────────────────────────────────

[OVERLAY] VimFu — deep — A Vim Myth
[SAY] D E E P. It spells deep. Some people say it duplicates text. Let's see what actually happens.
[SAY] One word. Hello. Cursor on the H. Type D E E P.
[KEYS] 'deep'
[OVERLAY] deep  deep

              1         2         3         
    0123456789012345678901234567890123456789
    ────────────────────────────────────────
 0 │hello                                   │ ◂ cursor (0,4)
 1 │~                                       │
 2 │~                                       │
 3 │~                                       │
 4 │~                                       │
 5 │~                                       │
 6 │~                                       │
 7 │~                                       │
 8 │~                                       │
 9 │~                                       │
10 │~                                       │
11 │~                                       │
12 │~                                       │
13 │~                                       │
14 │~                                       │
15 │~                                       │
16 │~                                       │
17 │~                                       │
18 │words.txt [+]         1,5            All│
    ────────────────────────────────────────

[SAY] Nothing changed. Hello is still hello. Why? D E deletes to the end of the word. E moves to the end of the next word, but there's nothing else. P pastes it right back. Delete and restore. A no-op.
[SAY] If you want to actually duplicate a word, use Y I W E P instead. Y I W yanks the inner word, E goes to the end, P pastes.
[KEYS] 'yiwep'
[OVERLAY] yiwep  duplicate

              1         2         3         
    0123456789012345678901234567890123456789
    ────────────────────────────────────────
 0 │hellohello                              │ ◂ cursor (0,9)
 1 │~                                       │
 2 │~                                       │
 3 │~                                       │
 4 │~                                       │
 5 │~                                       │
 6 │~                                       │
 7 │~                                       │
 8 │~                                       │
 9 │~                                       │
10 │~                                       │
11 │~                                       │
12 │~                                       │
13 │~                                       │
14 │~                                       │
15 │~                                       │
16 │~                                       │
17 │~                                       │
18 │words.txt [+]         1,10           All│
    ────────────────────────────────────────

[SAY] Hello hello. That actually works. Deep is a myth. Know your operators.