[RECORDING_START] Screen state at recording start:

              1         2         3         
    0123456789012345678901234567890123456789
    ────────────────────────────────────────
 0 │town = "haven"                          │ ◂ cursor (0,0)
 1 │forest = "darkwood"                     │
 2 │cave = "crystal"                        │
 3 │river = "silver"                        │
 4 │peak = "thunder"                        │
 5 │lake = "mirror"                         │
 6 │ruins = "ancient"                       │
 7 │fort = "iron"                           │
 8 │~                                       │
 9 │~                                       │
10 │~                                       │
11 │~                                       │
12 │~                                       │
13 │~                                       │
14 │~                                       │
15 │~                                       │
16 │~                                       │
17 │~                                       │
18 │map.py                1,1            All│
    ────────────────────────────────────────

[OVERLAY] VimFu — The ` Key
[SAY] Backtick plus a mark letter jumps to the exact line and column where the mark was set.
[SAY] Set mark A on the D of darkwood. M A.
[KEYS] 'jf"l'
[OVERLAY] jf"l

              1         2         3         
    0123456789012345678901234567890123456789
    ────────────────────────────────────────
 0 │town = "haven"                          │
 1 │forest = "darkwood"                     │ ◂ cursor (1,10)
 2 │cave = "crystal"                        │
 3 │river = "silver"                        │
 4 │peak = "thunder"                        │
 5 │lake = "mirror"                         │
 6 │ruins = "ancient"                       │
 7 │fort = "iron"                           │
 8 │~                                       │
 9 │~                                       │
10 │~                                       │
11 │~                                       │
12 │~                                       │
13 │~                                       │
14 │~                                       │
15 │~                                       │
16 │~                                       │
17 │~                                       │
18 │map.py                2,11           All│
    ────────────────────────────────────────

[KEYS] 'ma'
[OVERLAY] ma  set mark a

              1         2         3         
    0123456789012345678901234567890123456789
    ────────────────────────────────────────
 0 │town = "haven"                          │
 1 │forest = "darkwood"                     │ ◂ cursor (1,10)
 2 │cave = "crystal"                        │
 3 │river = "silver"                        │
 4 │peak = "thunder"                        │
 5 │lake = "mirror"                         │
 6 │ruins = "ancient"                       │
 7 │fort = "iron"                           │
 8 │~                                       │
 9 │~                                       │
10 │~                                       │
11 │~                                       │
12 │~                                       │
13 │~                                       │
14 │~                                       │
15 │~                                       │
16 │~                                       │
17 │~                                       │
18 │map.py                2,11           All│
    ────────────────────────────────────────

[SAY] Jump somewhere else. Go to the bottom.
[KEYS] 'G'
[OVERLAY] ⇧G

              1         2         3         
    0123456789012345678901234567890123456789
    ────────────────────────────────────────
 0 │town = "haven"                          │
 1 │forest = "darkwood"                     │
 2 │cave = "crystal"                        │
 3 │river = "silver"                        │
 4 │peak = "thunder"                        │
 5 │lake = "mirror"                         │
 6 │ruins = "ancient"                       │
 7 │fort = "iron"                           │ ◂ cursor (7,10)
 8 │~                                       │
 9 │~                                       │
10 │~                                       │
11 │~                                       │
12 │~                                       │
13 │~                                       │
14 │~                                       │
15 │~                                       │
16 │~                                       │
17 │~                                       │
18 │map.py                8,11           All│
    ────────────────────────────────────────

[SAY] Backtick A.
[KEYS] '`a'
[OVERLAY] `a  exact mark a

              1         2         3         
    0123456789012345678901234567890123456789
    ────────────────────────────────────────
 0 │town = "haven"                          │
 1 │forest = "darkwood"                     │ ◂ cursor (1,10)
 2 │cave = "crystal"                        │
 3 │river = "silver"                        │
 4 │peak = "thunder"                        │
 5 │lake = "mirror"                         │
 6 │ruins = "ancient"                       │
 7 │fort = "iron"                           │
 8 │~                                       │
 9 │~                                       │
10 │~                                       │
11 │~                                       │
12 │~                                       │
13 │~                                       │
14 │~                                       │
15 │~                                       │
16 │~                                       │
17 │~                                       │
18 │map.py                2,11           All│
    ────────────────────────────────────────

[SAY] Right back on the D of darkwood. Exact line and column.
[SAY] Compare. Set mark B on silver. The V in silver.
[KEYS] '2j'
[OVERLAY] 2j

              1         2         3         
    0123456789012345678901234567890123456789
    ────────────────────────────────────────
 0 │town = "haven"                          │
 1 │forest = "darkwood"                     │
 2 │cave = "crystal"                        │
 3 │river = "silver"                        │ ◂ cursor (3,10)
 4 │peak = "thunder"                        │
 5 │lake = "mirror"                         │
 6 │ruins = "ancient"                       │
 7 │fort = "iron"                           │
 8 │~                                       │
 9 │~                                       │
10 │~                                       │
11 │~                                       │
12 │~                                       │
13 │~                                       │
14 │~                                       │
15 │~                                       │
16 │~                                       │
17 │~                                       │
18 │map.py                4,11           All│
    ────────────────────────────────────────

[KEYS] 'fv'
[OVERLAY] fv

              1         2         3         
    0123456789012345678901234567890123456789
    ────────────────────────────────────────
 0 │town = "haven"                          │
 1 │forest = "darkwood"                     │
 2 │cave = "crystal"                        │
 3 │river = "silver"                        │ ◂ cursor (3,12)
 4 │peak = "thunder"                        │
 5 │lake = "mirror"                         │
 6 │ruins = "ancient"                       │
 7 │fort = "iron"                           │
 8 │~                                       │
 9 │~                                       │
10 │~                                       │
11 │~                                       │
12 │~                                       │
13 │~                                       │
14 │~                                       │
15 │~                                       │
16 │~                                       │
17 │~                                       │
18 │map.py                4,13           All│
    ────────────────────────────────────────

[KEYS] 'mb'
[OVERLAY] mb  set mark b

              1         2         3         
    0123456789012345678901234567890123456789
    ────────────────────────────────────────
 0 │town = "haven"                          │
 1 │forest = "darkwood"                     │
 2 │cave = "crystal"                        │
 3 │river = "silver"                        │ ◂ cursor (3,12)
 4 │peak = "thunder"                        │
 5 │lake = "mirror"                         │
 6 │ruins = "ancient"                       │
 7 │fort = "iron"                           │
 8 │~                                       │
 9 │~                                       │
10 │~                                       │
11 │~                                       │
12 │~                                       │
13 │~                                       │
14 │~                                       │
15 │~                                       │
16 │~                                       │
17 │~                                       │
18 │map.py                4,13           All│
    ────────────────────────────────────────

[KEYS] 'gg'
[OVERLAY] gg

              1         2         3         
    0123456789012345678901234567890123456789
    ────────────────────────────────────────
 0 │town = "haven"                          │ ◂ cursor (0,12)
 1 │forest = "darkwood"                     │
 2 │cave = "crystal"                        │
 3 │river = "silver"                        │
 4 │peak = "thunder"                        │
 5 │lake = "mirror"                         │
 6 │ruins = "ancient"                       │
 7 │fort = "iron"                           │
 8 │~                                       │
 9 │~                                       │
10 │~                                       │
11 │~                                       │
12 │~                                       │
13 │~                                       │
14 │~                                       │
15 │~                                       │
16 │~                                       │
17 │~                                       │
18 │map.py                1,13           All│
    ────────────────────────────────────────

[SAY] Apostrophe B goes to the line. Backtick B goes to the exact column.
[KEYS] "'b"
[OVERLAY] 'b  mark line

              1         2         3         
    0123456789012345678901234567890123456789
    ────────────────────────────────────────
 0 │town = "haven"                          │
 1 │forest = "darkwood"                     │
 2 │cave = "crystal"                        │
 3 │river = "silver"                        │ ◂ cursor (3,0)
 4 │peak = "thunder"                        │
 5 │lake = "mirror"                         │
 6 │ruins = "ancient"                       │
 7 │fort = "iron"                           │
 8 │~                                       │
 9 │~                                       │
10 │~                                       │
11 │~                                       │
12 │~                                       │
13 │~                                       │
14 │~                                       │
15 │~                                       │
16 │~                                       │
17 │~                                       │
18 │map.py                4,1            All│
    ────────────────────────────────────────

[KEYS] 'gg'
[OVERLAY] gg

              1         2         3         
    0123456789012345678901234567890123456789
    ────────────────────────────────────────
 0 │town = "haven"                          │ ◂ cursor (0,0)
 1 │forest = "darkwood"                     │
 2 │cave = "crystal"                        │
 3 │river = "silver"                        │
 4 │peak = "thunder"                        │
 5 │lake = "mirror"                         │
 6 │ruins = "ancient"                       │
 7 │fort = "iron"                           │
 8 │~                                       │
 9 │~                                       │
10 │~                                       │
11 │~                                       │
12 │~                                       │
13 │~                                       │
14 │~                                       │
15 │~                                       │
16 │~                                       │
17 │~                                       │
18 │map.py                1,1            All│
    ────────────────────────────────────────

[KEYS] '`b'
[OVERLAY] `b  exact column

              1         2         3         
    0123456789012345678901234567890123456789
    ────────────────────────────────────────
 0 │town = "haven"                          │
 1 │forest = "darkwood"                     │
 2 │cave = "crystal"                        │
 3 │river = "silver"                        │ ◂ cursor (3,12)
 4 │peak = "thunder"                        │
 5 │lake = "mirror"                         │
 6 │ruins = "ancient"                       │
 7 │fort = "iron"                           │
 8 │~                                       │
 9 │~                                       │
10 │~                                       │
11 │~                                       │
12 │~                                       │
13 │~                                       │
14 │~                                       │
15 │~                                       │
16 │~                                       │
17 │~                                       │
18 │map.py                4,13           All│
    ────────────────────────────────────────

[SAY] Backtick went to the V. Apostrophe went to the first non-blank of that line.
[SAY] Backtick. Exact mark position. Line and column. Apostrophe goes to the line only.