[RECORDING_START] Screen state at recording start:

              1         2         3         
    0123456789012345678901234567890123456789
    ────────────────────────────────────────
 0 │def greet():                            │ ◂ cursor (0,0)
 1 │    msg = "hello"                       │
 2 │    tone = "friendly"                   │
 3 │    return msg                          │
 4 │~                                       │
 5 │~                                       │
 6 │~                                       │
 7 │~                                       │
 8 │~                                       │
 9 │~                                       │
10 │~                                       │
11 │~                                       │
12 │~                                       │
13 │~                                       │
14 │~                                       │
15 │~                                       │
16 │~                                       │
17 │~                                       │
18 │bot.py                1,1            All│
    ────────────────────────────────────────

[OVERLAY] VimFu — The S Key
[SAY] Capital S clears the entire line and enters insert mode. It keeps the indentation.
[SAY] Replace line two completely. Capital S.
[KEYS] 'j'
[OVERLAY] j

              1         2         3         
    0123456789012345678901234567890123456789
    ────────────────────────────────────────
 0 │def greet():                            │
 1 │    msg = "hello"                       │ ◂ cursor (1,0)
 2 │    tone = "friendly"                   │
 3 │    return msg                          │
 4 │~                                       │
 5 │~                                       │
 6 │~                                       │
 7 │~                                       │
 8 │~                                       │
 9 │~                                       │
10 │~                                       │
11 │~                                       │
12 │~                                       │
13 │~                                       │
14 │~                                       │
15 │~                                       │
16 │~                                       │
17 │~                                       │
18 │bot.py                2,1            All│
    ────────────────────────────────────────

[KEYS] 'S'
[OVERLAY] ⇧S  substitute line

              1         2         3         
    0123456789012345678901234567890123456789
    ────────────────────────────────────────
 0 │def greet():                            │
 1 │                                        │ ◂ cursor (1,4)
 2 │    tone = "friendly"                   │
 3 │    return msg                          │
 4 │~                                       │
 5 │~                                       │
 6 │~                                       │
 7 │~                                       │
 8 │~                                       │
 9 │~                                       │
10 │~                                       │
11 │~                                       │
12 │~                                       │
13 │~                                       │
14 │~                                       │
15 │~                                       │
16 │~                                       │
17 │~                                       │
18 │bot.py [+]            2,5            All│
19 │-- INSERT --                            │
    ────────────────────────────────────────

[TYPE] 'msg = "hey there"'

              1         2         3         
    0123456789012345678901234567890123456789
    ────────────────────────────────────────
 0 │def greet():                            │
 1 │    msg = "hey there"                   │ ◂ cursor (1,21)
 2 │    tone = "friendly"                   │
 3 │    return msg                          │
 4 │~                                       │
 5 │~                                       │
 6 │~                                       │
 7 │~                                       │
 8 │~                                       │
 9 │~                                       │
10 │~                                       │
11 │~                                       │
12 │~                                       │
13 │~                                       │
14 │~                                       │
15 │~                                       │
16 │~                                       │
17 │~                                       │
18 │bot.py [+]            2,22           All│
19 │-- INSERT --                            │
    ────────────────────────────────────────

[ESCAPE]

              1         2         3         
    0123456789012345678901234567890123456789
    ────────────────────────────────────────
 0 │def greet():                            │
 1 │    msg = "hey there"                   │ ◂ cursor (1,20)
 2 │    tone = "friendly"                   │
 3 │    return msg                          │
 4 │~                                       │
 5 │~                                       │
 6 │~                                       │
 7 │~                                       │
 8 │~                                       │
 9 │~                                       │
10 │~                                       │
11 │~                                       │
12 │~                                       │
13 │~                                       │
14 │~                                       │
15 │~                                       │
16 │~                                       │
17 │~                                       │
18 │bot.py [+]            2,21           All│
    ────────────────────────────────────────

[SAY] The old line is gone. New text is in. Notice the indent stayed.
[KEYS] 'u'
[OVERLAY] u  undo

              1         2         3         
    0123456789012345678901234567890123456789
    ────────────────────────────────────────
 0 │def greet():                            │
 1 │    msg = "hello"                       │ ◂ cursor (1,0)
 2 │    tone = "friendly"                   │
 3 │    return msg                          │
 4 │~                                       │
 5 │~                                       │
 6 │~                                       │
 7 │~                                       │
 8 │~                                       │
 9 │~                                       │
10 │~                                       │
11 │~                                       │
12 │~                                       │
13 │~                                       │
14 │~                                       │
15 │~                                       │
16 │~                                       │
17 │~                                       │
18 │bot.py                2,1            All│
19 │1 change; be...9 seconds ago            │
    ────────────────────────────────────────

[SAY] Line three. Capital S.
[KEYS] '2j'
[OVERLAY] 2j

              1         2         3         
    0123456789012345678901234567890123456789
    ────────────────────────────────────────
 0 │def greet():                            │
 1 │    msg = "hello"                       │
 2 │    tone = "friendly"                   │
 3 │    return msg                          │ ◂ cursor (3,0)
 4 │~                                       │
 5 │~                                       │
 6 │~                                       │
 7 │~                                       │
 8 │~                                       │
 9 │~                                       │
10 │~                                       │
11 │~                                       │
12 │~                                       │
13 │~                                       │
14 │~                                       │
15 │~                                       │
16 │~                                       │
17 │~                                       │
18 │bot.py                4,1            All│
19 │1 change; be...9 seconds ago            │
    ────────────────────────────────────────

[KEYS] 'S'
[OVERLAY] ⇧S  substitute line

              1         2         3         
    0123456789012345678901234567890123456789
    ────────────────────────────────────────
 0 │def greet():                            │
 1 │    msg = "hello"                       │
 2 │    tone = "friendly"                   │
 3 │                                        │ ◂ cursor (3,4)
 4 │~                                       │
 5 │~                                       │
 6 │~                                       │
 7 │~                                       │
 8 │~                                       │
 9 │~                                       │
10 │~                                       │
11 │~                                       │
12 │~                                       │
13 │~                                       │
14 │~                                       │
15 │~                                       │
16 │~                                       │
17 │~                                       │
18 │bot.py [+]            4,5            All│
19 │-- INSERT --                            │
    ────────────────────────────────────────

[TYPE] 'mood = "chill"'

              1         2         3         
    0123456789012345678901234567890123456789
    ────────────────────────────────────────
 0 │def greet():                            │
 1 │    msg = "hello"                       │
 2 │    tone = "friendly"                   │
 3 │    mood = "chill"                      │ ◂ cursor (3,18)
 4 │~                                       │
 5 │~                                       │
 6 │~                                       │
 7 │~                                       │
 8 │~                                       │
 9 │~                                       │
10 │~                                       │
11 │~                                       │
12 │~                                       │
13 │~                                       │
14 │~                                       │
15 │~                                       │
16 │~                                       │
17 │~                                       │
18 │bot.py [+]            4,19           All│
19 │-- INSERT --                            │
    ────────────────────────────────────────

[ESCAPE]

              1         2         3         
    0123456789012345678901234567890123456789
    ────────────────────────────────────────
 0 │def greet():                            │
 1 │    msg = "hello"                       │
 2 │    tone = "friendly"                   │
 3 │    mood = "chill"                      │ ◂ cursor (3,17)
 4 │~                                       │
 5 │~                                       │
 6 │~                                       │
 7 │~                                       │
 8 │~                                       │
 9 │~                                       │
10 │~                                       │
11 │~                                       │
12 │~                                       │
13 │~                                       │
14 │~                                       │
15 │~                                       │
16 │~                                       │
17 │~                                       │
18 │bot.py [+]            4,18           All│
    ────────────────────────────────────────

[SAY] Tone became mood. The four-space indent is preserved. Capital S is the same as C C.
[KEYS] 'u'
[OVERLAY] u  undo

              1         2         3         
    0123456789012345678901234567890123456789
    ────────────────────────────────────────
 0 │def greet():                            │
 1 │    msg = "hello"                       │
 2 │    tone = "friendly"                   │
 3 │    return msg                          │ ◂ cursor (3,0)
 4 │~                                       │
 5 │~                                       │
 6 │~                                       │
 7 │~                                       │
 8 │~                                       │
 9 │~                                       │
10 │~                                       │
11 │~                                       │
12 │~                                       │
13 │~                                       │
14 │~                                       │
15 │~                                       │
16 │~                                       │
17 │~                                       │
18 │bot.py                4,1            All│
19 │1 change; be...0 seconds ago            │
    ────────────────────────────────────────

[SAY] Capital S. Substitute the whole line. Keeps your indent, clears the rest. Same as C C.