[RECORDING_START] Screen state at recording start:

              1         2         3         
    0123456789012345678901234567890123456789
    ────────────────────────────────────────
 0 │def attack(hero):                       │ ◂ cursor (0,0)
 1 │    damage = hero.atk                   │
 2 │    crit = damage * 2                   │
 3 │    return crit                         │
 4 │~                                       │
 5 │~                                       │
 6 │~                                       │
 7 │~                                       │
 8 │~                                       │
 9 │~                                       │
10 │~                                       │
11 │~                                       │
12 │~                                       │
13 │~                                       │
14 │~                                       │
15 │~                                       │
16 │~                                       │
17 │~                                       │
18 │indent.py             1,1            All│
    ────────────────────────────────────────

[OVERLAY] VimFu — The < and > Keys
[SAY] Greater-than indents lines to the right. Less-than unindents to the left.
[SAY] Go to the damage line. Double greater-than.
[KEYS] 'j'
[OVERLAY] j

              1         2         3         
    0123456789012345678901234567890123456789
    ────────────────────────────────────────
 0 │def attack(hero):                       │
 1 │    damage = hero.atk                   │ ◂ cursor (1,0)
 2 │    crit = damage * 2                   │
 3 │    return crit                         │
 4 │~                                       │
 5 │~                                       │
 6 │~                                       │
 7 │~                                       │
 8 │~                                       │
 9 │~                                       │
10 │~                                       │
11 │~                                       │
12 │~                                       │
13 │~                                       │
14 │~                                       │
15 │~                                       │
16 │~                                       │
17 │~                                       │
18 │indent.py             2,1            All│
    ────────────────────────────────────────

[KEYS] '>>'
[OVERLAY] >>  >>  indent line

              1         2         3         
    0123456789012345678901234567890123456789
    ────────────────────────────────────────
 0 │def attack(hero):                       │
 1 │        damage = hero.atk               │ ◂ cursor (1,0)
 2 │    crit = damage * 2                   │
 3 │    return crit                         │
 4 │~                                       │
 5 │~                                       │
 6 │~                                       │
 7 │~                                       │
 8 │~                                       │
 9 │~                                       │
10 │~                                       │
11 │~                                       │
12 │~                                       │
13 │~                                       │
14 │~                                       │
15 │~                                       │
16 │~                                       │
17 │~                                       │
18 │indent.py [+]         2,1            All│
    ────────────────────────────────────────

[SAY] Shifted one tab stop to the right.
[SAY] Double less-than to undo that.
[KEYS] '<<'
[OVERLAY] <<  <<  unindent line

              1         2         3         
    0123456789012345678901234567890123456789
    ────────────────────────────────────────
 0 │def attack(hero):                       │
 1 │    damage = hero.atk                   │ ◂ cursor (1,0)
 2 │    crit = damage * 2                   │
 3 │    return crit                         │
 4 │~                                       │
 5 │~                                       │
 6 │~                                       │
 7 │~                                       │
 8 │~                                       │
 9 │~                                       │
10 │~                                       │
11 │~                                       │
12 │~                                       │
13 │~                                       │
14 │~                                       │
15 │~                                       │
16 │~                                       │
17 │~                                       │
18 │indent.py [+]         2,1            All│
    ────────────────────────────────────────

[SAY] Back to where it was.
[SAY] Greater-than with a motion. Greater-than J indents this line and the next.
[KEYS] '>j'
[OVERLAY] >j  >j  indent 2 lines

              1         2         3         
    0123456789012345678901234567890123456789
    ────────────────────────────────────────
 0 │def attack(hero):                       │
 1 │        damage = hero.atk               │ ◂ cursor (1,0)
 2 │        crit = damage * 2               │
 3 │    return crit                         │
 4 │~                                       │
 5 │~                                       │
 6 │~                                       │
 7 │~                                       │
 8 │~                                       │
 9 │~                                       │
10 │~                                       │
11 │~                                       │
12 │~                                       │
13 │~                                       │
14 │~                                       │
15 │~                                       │
16 │~                                       │
17 │~                                       │
18 │indent.py [+]         2,1            All│
    ────────────────────────────────────────

[SAY] Two lines indented. Works with any motion. Greater-than I P for a whole paragraph, greater-than G to the end of file.
[SAY] Greater-than indents, less-than unindents. Double for one line, or add a motion.