[RECORDING_START] Screen state at recording start:

              1         2         3         
    0123456789012345678901234567890123456789
    ────────────────────────────────────────
 0 │# File A                                │ ◂ cursor (0,0)
 1 │x = 1                                   │
 2 │~                                       │
 3 │~                                       │
 4 │~                                       │
 5 │~                                       │
 6 │~                                       │
 7 │~                                       │
 8 │~                                       │
 9 │a.py                  1,1            All│
10 │# File B                                │
11 │y = 2                                   │
12 │~                                       │
13 │~                                       │
14 │~                                       │
15 │~                                       │
16 │~                                       │
17 │~                                       │
18 │b.py                  1,1            All│
    ────────────────────────────────────────
[HIGHLIGHT] row 9, cols 0-39: "a.py                  1,1            All"

[OVERLAY] VimFu — :wqa — Save All + Quit
[SAY] Colon W Q A saves all buffers and quits. It's write all plus quit all in one. Colon X A does the same thing.
[SAY] Two files open. Save and quit everything.
[TYPE] ':wqa'

              1         2         3         
    0123456789012345678901234567890123456789
    ────────────────────────────────────────
 0 │# File A                                │
 1 │x = 1                                   │
 2 │~                                       │
 3 │~                                       │
 4 │~                                       │
 5 │~                                       │
 6 │~                                       │
 7 │~                                       │
 8 │~                                       │
 9 │a.py                  1,1            All│
10 │# File B                                │
11 │y = 2                                   │
12 │~                                       │
13 │~                                       │
14 │~                                       │
15 │~                                       │
16 │~                                       │
17 │~                                       │
18 │b.py                  1,1            All│
19 │:wqa                                    │ ◂ cursor (19,4)
    ────────────────────────────────────────
[HIGHLIGHT] row 9, cols 0-39: "a.py                  1,1            All"

[ENTER]

              1         2         3         
    0123456789012345678901234567890123456789
    ────────────────────────────────────────
 0 │# File A                                │
 1 │x = 1                                   │
 2 │~                                       │
 3 │~                                       │
 4 │~                                       │
 5 │~                                       │
 6 │~                                       │
 7 │~                                       │
 8 │~                                       │
 9 │a.py                  1,1            All│
10 │# File B                                │
11 │y = 2                                   │
12 │~                                       │
13 │~                                       │
14 │~                                       │
15 │~                                       │
16 │~                                       │
17 │~                                       │
18 │b.py                  1,1            All│
19 │:wqa                                    │ ◂ cursor (19,0)
    ────────────────────────────────────────
[HIGHLIGHT] row 9, cols 0-39: "a.py                  1,1            All"

[SAY] Done. Everything saved, Vim closed. The shortest way to save and leave.