[RECORDING_START] Screen state at recording start:

              1         2         3         
    0123456789012345678901234567890123456789
    ────────────────────────────────────────
 0 │A                                       │ ◂ cursor (0,0)
 1 │~                                       │
 2 │€                                       │
 3 │~                                       │
 4 │~                                       │
 5 │~                                       │
 6 │~                                       │
 7 │~                                       │
 8 │~                                       │
 9 │~                                       │
10 │~                                       │
11 │~                                       │
12 │~                                       │
13 │~                                       │
14 │~                                       │
15 │~                                       │
16 │~                                       │
17 │~                                       │
18 │chars.txt             1,1            All│
    ────────────────────────────────────────

[OVERLAY] VimFu — ga / g8 — Character Info
[SAY] G A shows you the character value under the cursor. Decimal, hex, and octal.
[SAY] Cursor is on capital A. Press G A.
[KEYS] 'ga'
[OVERLAY] ga  ga — ASCII value

              1         2         3         
    0123456789012345678901234567890123456789
    ────────────────────────────────────────
 0 │A                                       │ ◂ cursor (0,0)
 1 │~                                       │
 2 │€                                       │
 3 │~                                       │
 4 │~                                       │
 5 │~                                       │
 6 │~                                       │
 7 │~                                       │
 8 │~                                       │
 9 │~                                       │
10 │~                                       │
11 │~                                       │
12 │~                                       │
13 │~                                       │
14 │~                                       │
15 │~                                       │
16 │~                                       │
17 │~                                       │
18 │chars.txt             1,1            All│
19 │<A>  65,  Hex 41,  Octal 101            │
    ────────────────────────────────────────

[SAY] It shows A is decimal sixty five, hex forty one, octal one oh one. Classic ASCII.
[SAY] Move to the tilde on line two.
[KEYS] 'j'
[OVERLAY] j  down

              1         2         3         
    0123456789012345678901234567890123456789
    ────────────────────────────────────────
 0 │A                                       │
 1 │~                                       │ ◂ cursor (1,0)
 2 │€                                       │
 3 │~                                       │
 4 │~                                       │
 5 │~                                       │
 6 │~                                       │
 7 │~                                       │
 8 │~                                       │
 9 │~                                       │
10 │~                                       │
11 │~                                       │
12 │~                                       │
13 │~                                       │
14 │~                                       │
15 │~                                       │
16 │~                                       │
17 │~                                       │
18 │chars.txt             2,1            All│
19 │<A>  65,  Hex 41,  Octal 101            │
    ────────────────────────────────────────

[KEYS] 'ga'
[OVERLAY] ga  ga — ASCII value

              1         2         3         
    0123456789012345678901234567890123456789
    ────────────────────────────────────────
 0 │A                                       │
 1 │~                                       │
 2 │€                                       │
 3 │~                                       │
 4 │~                                       │
 5 │~                                       │
 6 │~                                       │
 7 │~                                       │
 8 │~                                       │
 9 │~                                       │
10 │~                                       │
11 │~                                       │
12 │~                                       │
13 │~                                       │
14 │~                                       │
15 │~                                       │
16 │~                                       │
17 │                                        │
18 │<~>  126,  Hex 7e,  Oct 176, Digr '?    │
19 │Press ENTER or type command to continue │ ◂ cursor (19,39)
    ────────────────────────────────────────

[SAY] Tilde is decimal one hundred twenty six. G A works for any character.
[SAY] Now the Euro sign on line three. This is a multi-byte Unicode character.
[KEYS] 'j'
[OVERLAY] j  down

              1         2         3         
    0123456789012345678901234567890123456789
    ────────────────────────────────────────
 0 │A                                       │
 1 │~                                       │
 2 │€                                       │ ◂ cursor (2,0)
 3 │~                                       │
 4 │~                                       │
 5 │~                                       │
 6 │~                                       │
 7 │~                                       │
 8 │~                                       │
 9 │~                                       │
10 │~                                       │
11 │~                                       │
12 │~                                       │
13 │~                                       │
14 │~                                       │
15 │~                                       │
16 │~                                       │
17 │~                                       │
18 │chars.txt             3,1            All│
    ────────────────────────────────────────

[KEYS] 'ga'
[OVERLAY] ga  ga — Unicode value

              1         2         3         
    0123456789012345678901234567890123456789
    ────────────────────────────────────────
 0 │A                                       │
 1 │~                                       │
 2 │€                                       │
 3 │~                                       │
 4 │~                                       │
 5 │~                                       │
 6 │~                                       │
 7 │~                                       │
 8 │~                                       │
 9 │~                                       │
10 │~                                       │
11 │~                                       │
12 │~                                       │
13 │~                                       │
14 │~                                       │
15 │~                                       │
16 │~                                       │
17 │                                        │
18 │<€> 8364, Hex 20ac, Oct 20254, Digr =e  │
19 │Press ENTER or type command to continue │ ◂ cursor (19,39)
    ────────────────────────────────────────

[SAY] G A shows the Unicode code point for the Euro sign.
[SAY] G eight shows the raw UTF eight hex bytes instead.
[KEYS] 'g8'
[OVERLAY] g8  g8 — UTF-8 bytes

              1         2         3         
    0123456789012345678901234567890123456789
    ────────────────────────────────────────
 0 │A                                       │
 1 │~                                       │
 2 │€                                       │ ◂ cursor (2,0)
 3 │~                                       │
 4 │~                                       │
 5 │~                                       │
 6 │~                                       │
 7 │~                                       │
 8 │~                                       │
 9 │~                                       │
10 │~                                       │
11 │~                                       │
12 │~                                       │
13 │~                                       │
14 │~                                       │
15 │~                                       │
16 │~                                       │
17 │~                                       │
18 │chars.txt             3,1            All│
19 │                             8          │
    ────────────────────────────────────────

[SAY] Three bytes for the Euro sign. G A for the character value, G eight for the raw bytes. Handy for debugging encoding issues.