[RECORDING_START] Screen state at recording start:

              1         2         3         
    0123456789012345678901234567890123456789
    ────────────────────────────────────────
 0 │row = "ABCDEFGH"                        │ ◂ cursor (0,0)
 1 │col = "12345678"                        │
 2 │pos = "E4"                              │
 3 │~                                       │
 4 │~                                       │
 5 │~                                       │
 6 │~                                       │
 7 │~                                       │
 8 │~                                       │
 9 │~                                       │
10 │~                                       │
11 │~                                       │
12 │~                                       │
13 │~                                       │
14 │~                                       │
15 │~                                       │
16 │~                                       │
17 │~                                       │
18 │grid.py               1,1            All│
    ────────────────────────────────────────

[OVERLAY] VimFu — Ctrl-H
[SAY] Control H moves left, same as H. In insert mode, it acts as backspace.
[SAY] Move to the end of line one. Now control H to go left.
[KEYS] '$'
[OVERLAY] ⇧$  $  end of line

              1         2         3         
    0123456789012345678901234567890123456789
    ────────────────────────────────────────
 0 │row = "ABCDEFGH"                        │ ◂ cursor (0,15)
 1 │col = "12345678"                        │
 2 │pos = "E4"                              │
 3 │~                                       │
 4 │~                                       │
 5 │~                                       │
 6 │~                                       │
 7 │~                                       │
 8 │~                                       │
 9 │~                                       │
10 │~                                       │
11 │~                                       │
12 │~                                       │
13 │~                                       │
14 │~                                       │
15 │~                                       │
16 │~                                       │
17 │~                                       │
18 │grid.py               1,16           All│
    ────────────────────────────────────────

[CTRL] h
[OVERLAY] ⌃h  left

              1         2         3         
    0123456789012345678901234567890123456789
    ────────────────────────────────────────
 0 │row = "ABCDEFGH"                        │ ◂ cursor (0,14)
 1 │col = "12345678"                        │
 2 │pos = "E4"                              │
 3 │~                                       │
 4 │~                                       │
 5 │~                                       │
 6 │~                                       │
 7 │~                                       │
 8 │~                                       │
 9 │~                                       │
10 │~                                       │
11 │~                                       │
12 │~                                       │
13 │~                                       │
14 │~                                       │
15 │~                                       │
16 │~                                       │
17 │~                                       │
18 │grid.py               1,15           All│
    ────────────────────────────────────────

[CTRL] h
[OVERLAY] ⌃h  left

              1         2         3         
    0123456789012345678901234567890123456789
    ────────────────────────────────────────
 0 │row = "ABCDEFGH"                        │ ◂ cursor (0,13)
 1 │col = "12345678"                        │
 2 │pos = "E4"                              │
 3 │~                                       │
 4 │~                                       │
 5 │~                                       │
 6 │~                                       │
 7 │~                                       │
 8 │~                                       │
 9 │~                                       │
10 │~                                       │
11 │~                                       │
12 │~                                       │
13 │~                                       │
14 │~                                       │
15 │~                                       │
16 │~                                       │
17 │~                                       │
18 │grid.py               1,14           All│
    ────────────────────────────────────────

[CTRL] h
[OVERLAY] ⌃h  left

              1         2         3         
    0123456789012345678901234567890123456789
    ────────────────────────────────────────
 0 │row = "ABCDEFGH"                        │ ◂ cursor (0,12)
 1 │col = "12345678"                        │
 2 │pos = "E4"                              │
 3 │~                                       │
 4 │~                                       │
 5 │~                                       │
 6 │~                                       │
 7 │~                                       │
 8 │~                                       │
 9 │~                                       │
10 │~                                       │
11 │~                                       │
12 │~                                       │
13 │~                                       │
14 │~                                       │
15 │~                                       │
16 │~                                       │
17 │~                                       │
18 │grid.py               1,13           All│
    ────────────────────────────────────────

[SAY] Three characters left. Identical to pressing H three times.
[SAY] In insert mode, control H is backspace. Enter insert mode at the end of line three.
[KEYS] '2j'
[OVERLAY] 2j

              1         2         3         
    0123456789012345678901234567890123456789
    ────────────────────────────────────────
 0 │row = "ABCDEFGH"                        │
 1 │col = "12345678"                        │
 2 │pos = "E4"                              │ ◂ cursor (2,9)
 3 │~                                       │
 4 │~                                       │
 5 │~                                       │
 6 │~                                       │
 7 │~                                       │
 8 │~                                       │
 9 │~                                       │
10 │~                                       │
11 │~                                       │
12 │~                                       │
13 │~                                       │
14 │~                                       │
15 │~                                       │
16 │~                                       │
17 │~                                       │
18 │grid.py               3,10           All│
    ────────────────────────────────────────

[KEYS] 'A'
[OVERLAY] ⇧A  A  append at end

              1         2         3         
    0123456789012345678901234567890123456789
    ────────────────────────────────────────
 0 │row = "ABCDEFGH"                        │
 1 │col = "12345678"                        │
 2 │pos = "E4"                              │ ◂ cursor (2,10)
 3 │~                                       │
 4 │~                                       │
 5 │~                                       │
 6 │~                                       │
 7 │~                                       │
 8 │~                                       │
 9 │~                                       │
10 │~                                       │
11 │~                                       │
12 │~                                       │
13 │~                                       │
14 │~                                       │
15 │~                                       │
16 │~                                       │
17 │~                                       │
18 │grid.py               3,11           All│
19 │-- INSERT --                            │
    ────────────────────────────────────────

[CTRL] h
[OVERLAY] ⌃h  backspace

              1         2         3         
    0123456789012345678901234567890123456789
    ────────────────────────────────────────
 0 │row = "ABCDEFGH"                        │
 1 │col = "12345678"                        │
 2 │pos = "E4                               │ ◂ cursor (2,9)
 3 │~                                       │
 4 │~                                       │
 5 │~                                       │
 6 │~                                       │
 7 │~                                       │
 8 │~                                       │
 9 │~                                       │
10 │~                                       │
11 │~                                       │
12 │~                                       │
13 │~                                       │
14 │~                                       │
15 │~                                       │
16 │~                                       │
17 │~                                       │
18 │grid.py [+]           3,10           All│
19 │-- INSERT --                            │
    ────────────────────────────────────────

[CTRL] h
[OVERLAY] ⌃h  backspace

              1         2         3         
    0123456789012345678901234567890123456789
    ────────────────────────────────────────
 0 │row = "ABCDEFGH"                        │
 1 │col = "12345678"                        │
 2 │pos = "E                                │ ◂ cursor (2,8)
 3 │~                                       │
 4 │~                                       │
 5 │~                                       │
 6 │~                                       │
 7 │~                                       │
 8 │~                                       │
 9 │~                                       │
10 │~                                       │
11 │~                                       │
12 │~                                       │
13 │~                                       │
14 │~                                       │
15 │~                                       │
16 │~                                       │
17 │~                                       │
18 │grid.py [+]           3,9            All│
19 │-- INSERT --                            │
    ────────────────────────────────────────

[SAY] Deleted two characters backward. Control H is the original backspace. It predates the backspace key.
[KEYS] '\x1b'
[OVERLAY] ⎋

              1         2         3         
    0123456789012345678901234567890123456789
    ────────────────────────────────────────
 0 │row = "ABCDEFGH"                        │
 1 │col = "12345678"                        │
 2 │pos = "E                                │ ◂ cursor (2,7)
 3 │~                                       │
 4 │~                                       │
 5 │~                                       │
 6 │~                                       │
 7 │~                                       │
 8 │~                                       │
 9 │~                                       │
10 │~                                       │
11 │~                                       │
12 │~                                       │
13 │~                                       │
14 │~                                       │
15 │~                                       │
16 │~                                       │
17 │~                                       │
18 │grid.py [+]           3,8            All│
    ────────────────────────────────────────

[KEYS] 'u'
[OVERLAY] u  u  undo

              1         2         3         
    0123456789012345678901234567890123456789
    ────────────────────────────────────────
 0 │row = "ABCDEFGH"                        │
 1 │col = "12345678"                        │
 2 │pos = "E4"                              │ ◂ cursor (2,9)
 3 │~                                       │
 4 │~                                       │
 5 │~                                       │
 6 │~                                       │
 7 │~                                       │
 8 │~                                       │
 9 │~                                       │
10 │~                                       │
11 │~                                       │
12 │~                                       │
13 │~                                       │
14 │~                                       │
15 │~                                       │
16 │~                                       │
17 │~                                       │
18 │grid.py               3,10           All│
19 │1 change; be...1 seconds ago            │
    ────────────────────────────────────────

[SAY] Control H. Left in normal mode, backspace in insert mode. A relic from the days before keyboards had a backspace key.