[RECORDING_START] Screen state at recording start:

              1         2         3         
    0123456789012345678901234567890123456789
    ────────────────────────────────────────
 0 │row = "ABCDEFGH"                        │ ◂ cursor (0,0)
 1 │col = "12345678"                        │
 2 │pin = "0000"                            │
 3 │~                                       │
 4 │~                                       │
 5 │~                                       │
 6 │~                                       │
 7 │~                                       │
 8 │~                                       │
 9 │~                                       │
10 │~                                       │
11 │~                                       │
12 │~                                       │
13 │~                                       │
14 │~                                       │
15 │~                                       │
16 │~                                       │
17 │~                                       │
18 │grid.py               1,1            All│
    ────────────────────────────────────────

[OVERLAY] VimFu — The R Key
[SAY] Capital R enters replace mode. Every character you type overwrites what's underneath.
[SAY] Move to the D in the row. Capital R.
[KEYS] 'f"'
[OVERLAY] f"

              1         2         3         
    0123456789012345678901234567890123456789
    ────────────────────────────────────────
 0 │row = "ABCDEFGH"                        │ ◂ cursor (0,6)
 1 │col = "12345678"                        │
 2 │pin = "0000"                            │
 3 │~                                       │
 4 │~                                       │
 5 │~                                       │
 6 │~                                       │
 7 │~                                       │
 8 │~                                       │
 9 │~                                       │
10 │~                                       │
11 │~                                       │
12 │~                                       │
13 │~                                       │
14 │~                                       │
15 │~                                       │
16 │~                                       │
17 │~                                       │
18 │grid.py               1,7            All│
    ────────────────────────────────────────

[KEYS] '4l'
[OVERLAY] 4l

              1         2         3         
    0123456789012345678901234567890123456789
    ────────────────────────────────────────
 0 │row = "ABCDEFGH"                        │ ◂ cursor (0,10)
 1 │col = "12345678"                        │
 2 │pin = "0000"                            │
 3 │~                                       │
 4 │~                                       │
 5 │~                                       │
 6 │~                                       │
 7 │~                                       │
 8 │~                                       │
 9 │~                                       │
10 │~                                       │
11 │~                                       │
12 │~                                       │
13 │~                                       │
14 │~                                       │
15 │~                                       │
16 │~                                       │
17 │~                                       │
18 │grid.py               1,11           All│
    ────────────────────────────────────────

[KEYS] 'R'
[OVERLAY] ⇧R  replace mode

              1         2         3         
    0123456789012345678901234567890123456789
    ────────────────────────────────────────
 0 │row = "ABCDEFGH"                        │ ◂ cursor (0,10)
 1 │col = "12345678"                        │
 2 │pin = "0000"                            │
 3 │~                                       │
 4 │~                                       │
 5 │~                                       │
 6 │~                                       │
 7 │~                                       │
 8 │~                                       │
 9 │~                                       │
10 │~                                       │
11 │~                                       │
12 │~                                       │
13 │~                                       │
14 │~                                       │
15 │~                                       │
16 │~                                       │
17 │~                                       │
18 │grid.py               1,11           All│
19 │-- REPLACE --                           │
    ────────────────────────────────────────

[KEYS] 'X'
[OVERLAY] ⇧X

              1         2         3         
    0123456789012345678901234567890123456789
    ────────────────────────────────────────
 0 │row = "ABCXEFGH"                        │ ◂ cursor (0,11)
 1 │col = "12345678"                        │
 2 │pin = "0000"                            │
 3 │~                                       │
 4 │~                                       │
 5 │~                                       │
 6 │~                                       │
 7 │~                                       │
 8 │~                                       │
 9 │~                                       │
10 │~                                       │
11 │~                                       │
12 │~                                       │
13 │~                                       │
14 │~                                       │
15 │~                                       │
16 │~                                       │
17 │~                                       │
18 │grid.py [+]           1,12           All│
19 │-- REPLACE --                           │
    ────────────────────────────────────────

[KEYS] 'Y'
[OVERLAY] ⇧Y

              1         2         3         
    0123456789012345678901234567890123456789
    ────────────────────────────────────────
 0 │row = "ABCXYFGH"                        │ ◂ cursor (0,12)
 1 │col = "12345678"                        │
 2 │pin = "0000"                            │
 3 │~                                       │
 4 │~                                       │
 5 │~                                       │
 6 │~                                       │
 7 │~                                       │
 8 │~                                       │
 9 │~                                       │
10 │~                                       │
11 │~                                       │
12 │~                                       │
13 │~                                       │
14 │~                                       │
15 │~                                       │
16 │~                                       │
17 │~                                       │
18 │grid.py [+]           1,13           All│
19 │-- REPLACE --                           │
    ────────────────────────────────────────

[KEYS] 'Z'
[OVERLAY] ⇧Z

              1         2         3         
    0123456789012345678901234567890123456789
    ────────────────────────────────────────
 0 │row = "ABCXYZGH"                        │ ◂ cursor (0,13)
 1 │col = "12345678"                        │
 2 │pin = "0000"                            │
 3 │~                                       │
 4 │~                                       │
 5 │~                                       │
 6 │~                                       │
 7 │~                                       │
 8 │~                                       │
 9 │~                                       │
10 │~                                       │
11 │~                                       │
12 │~                                       │
13 │~                                       │
14 │~                                       │
15 │~                                       │
16 │~                                       │
17 │~                                       │
18 │grid.py [+]           1,14           All│
19 │-- REPLACE --                           │
    ────────────────────────────────────────

[ESCAPE]

              1         2         3         
    0123456789012345678901234567890123456789
    ────────────────────────────────────────
 0 │row = "ABCXYZGH"                        │ ◂ cursor (0,12)
 1 │col = "12345678"                        │
 2 │pin = "0000"                            │
 3 │~                                       │
 4 │~                                       │
 5 │~                                       │
 6 │~                                       │
 7 │~                                       │
 8 │~                                       │
 9 │~                                       │
10 │~                                       │
11 │~                                       │
12 │~                                       │
13 │~                                       │
14 │~                                       │
15 │~                                       │
16 │~                                       │
17 │~                                       │
18 │grid.py [+]           1,13           All│
    ────────────────────────────────────────

[SAY] D E F became X Y Z. Each character I typed replaced the one underneath.
[KEYS] 'u'
[OVERLAY] u  undo

              1         2         3         
    0123456789012345678901234567890123456789
    ────────────────────────────────────────
 0 │row = "ABCDEFGH"                        │ ◂ cursor (0,10)
 1 │col = "12345678"                        │
 2 │pin = "0000"                            │
 3 │~                                       │
 4 │~                                       │
 5 │~                                       │
 6 │~                                       │
 7 │~                                       │
 8 │~                                       │
 9 │~                                       │
10 │~                                       │
11 │~                                       │
12 │~                                       │
13 │~                                       │
14 │~                                       │
15 │~                                       │
16 │~                                       │
17 │~                                       │
18 │grid.py               1,11           All│
19 │1 change; be...0 seconds ago            │
    ────────────────────────────────────────

[SAY] Change the pin. Move to the first zero. Capital R.
[KEYS] '2j'
[OVERLAY] 2j

              1         2         3         
    0123456789012345678901234567890123456789
    ────────────────────────────────────────
 0 │row = "ABCDEFGH"                        │
 1 │col = "12345678"                        │
 2 │pin = "0000"                            │ ◂ cursor (2,10)
 3 │~                                       │
 4 │~                                       │
 5 │~                                       │
 6 │~                                       │
 7 │~                                       │
 8 │~                                       │
 9 │~                                       │
10 │~                                       │
11 │~                                       │
12 │~                                       │
13 │~                                       │
14 │~                                       │
15 │~                                       │
16 │~                                       │
17 │~                                       │
18 │grid.py               3,11           All│
19 │1 change; be...0 seconds ago            │
    ────────────────────────────────────────

[KEYS] '0'
[OVERLAY] 0

              1         2         3         
    0123456789012345678901234567890123456789
    ────────────────────────────────────────
 0 │row = "ABCDEFGH"                        │
 1 │col = "12345678"                        │
 2 │pin = "0000"                            │ ◂ cursor (2,0)
 3 │~                                       │
 4 │~                                       │
 5 │~                                       │
 6 │~                                       │
 7 │~                                       │
 8 │~                                       │
 9 │~                                       │
10 │~                                       │
11 │~                                       │
12 │~                                       │
13 │~                                       │
14 │~                                       │
15 │~                                       │
16 │~                                       │
17 │~                                       │
18 │grid.py               3,1            All│
19 │1 change; be...0 seconds ago            │
    ────────────────────────────────────────

[KEYS] 'f0'
[OVERLAY] f0

              1         2         3         
    0123456789012345678901234567890123456789
    ────────────────────────────────────────
 0 │row = "ABCDEFGH"                        │
 1 │col = "12345678"                        │
 2 │pin = "0000"                            │ ◂ cursor (2,7)
 3 │~                                       │
 4 │~                                       │
 5 │~                                       │
 6 │~                                       │
 7 │~                                       │
 8 │~                                       │
 9 │~                                       │
10 │~                                       │
11 │~                                       │
12 │~                                       │
13 │~                                       │
14 │~                                       │
15 │~                                       │
16 │~                                       │
17 │~                                       │
18 │grid.py               3,8            All│
19 │1 change; be...0 seconds ago            │
    ────────────────────────────────────────

[KEYS] 'R'
[OVERLAY] ⇧R  replace mode

              1         2         3         
    0123456789012345678901234567890123456789
    ────────────────────────────────────────
 0 │row = "ABCDEFGH"                        │
 1 │col = "12345678"                        │
 2 │pin = "0000"                            │ ◂ cursor (2,7)
 3 │~                                       │
 4 │~                                       │
 5 │~                                       │
 6 │~                                       │
 7 │~                                       │
 8 │~                                       │
 9 │~                                       │
10 │~                                       │
11 │~                                       │
12 │~                                       │
13 │~                                       │
14 │~                                       │
15 │~                                       │
16 │~                                       │
17 │~                                       │
18 │grid.py               3,8            All│
19 │-- REPLACE --                           │
    ────────────────────────────────────────

[KEYS] '1'
[OVERLAY] 1

              1         2         3         
    0123456789012345678901234567890123456789
    ────────────────────────────────────────
 0 │row = "ABCDEFGH"                        │
 1 │col = "12345678"                        │
 2 │pin = "1000"                            │ ◂ cursor (2,8)
 3 │~                                       │
 4 │~                                       │
 5 │~                                       │
 6 │~                                       │
 7 │~                                       │
 8 │~                                       │
 9 │~                                       │
10 │~                                       │
11 │~                                       │
12 │~                                       │
13 │~                                       │
14 │~                                       │
15 │~                                       │
16 │~                                       │
17 │~                                       │
18 │grid.py [+]           3,9            All│
19 │-- REPLACE --                           │
    ────────────────────────────────────────

[KEYS] '3'
[OVERLAY] 3

              1         2         3         
    0123456789012345678901234567890123456789
    ────────────────────────────────────────
 0 │row = "ABCDEFGH"                        │
 1 │col = "12345678"                        │
 2 │pin = "1300"                            │ ◂ cursor (2,9)
 3 │~                                       │
 4 │~                                       │
 5 │~                                       │
 6 │~                                       │
 7 │~                                       │
 8 │~                                       │
 9 │~                                       │
10 │~                                       │
11 │~                                       │
12 │~                                       │
13 │~                                       │
14 │~                                       │
15 │~                                       │
16 │~                                       │
17 │~                                       │
18 │grid.py [+]           3,10           All│
19 │-- REPLACE --                           │
    ────────────────────────────────────────

[KEYS] '3'
[OVERLAY] 3

              1         2         3         
    0123456789012345678901234567890123456789
    ────────────────────────────────────────
 0 │row = "ABCDEFGH"                        │
 1 │col = "12345678"                        │
 2 │pin = "1330"                            │ ◂ cursor (2,10)
 3 │~                                       │
 4 │~                                       │
 5 │~                                       │
 6 │~                                       │
 7 │~                                       │
 8 │~                                       │
 9 │~                                       │
10 │~                                       │
11 │~                                       │
12 │~                                       │
13 │~                                       │
14 │~                                       │
15 │~                                       │
16 │~                                       │
17 │~                                       │
18 │grid.py [+]           3,11           All│
19 │-- REPLACE --                           │
    ────────────────────────────────────────

[KEYS] '7'
[OVERLAY] 7

              1         2         3         
    0123456789012345678901234567890123456789
    ────────────────────────────────────────
 0 │row = "ABCDEFGH"                        │
 1 │col = "12345678"                        │
 2 │pin = "1337"                            │ ◂ cursor (2,11)
 3 │~                                       │
 4 │~                                       │
 5 │~                                       │
 6 │~                                       │
 7 │~                                       │
 8 │~                                       │
 9 │~                                       │
10 │~                                       │
11 │~                                       │
12 │~                                       │
13 │~                                       │
14 │~                                       │
15 │~                                       │
16 │~                                       │
17 │~                                       │
18 │grid.py [+]           3,12           All│
19 │-- REPLACE --                           │
    ────────────────────────────────────────

[ESCAPE]

              1         2         3         
    0123456789012345678901234567890123456789
    ────────────────────────────────────────
 0 │row = "ABCDEFGH"                        │
 1 │col = "12345678"                        │
 2 │pin = "1337"                            │ ◂ cursor (2,10)
 3 │~                                       │
 4 │~                                       │
 5 │~                                       │
 6 │~                                       │
 7 │~                                       │
 8 │~                                       │
 9 │~                                       │
10 │~                                       │
11 │~                                       │
12 │~                                       │
13 │~                                       │
14 │~                                       │
15 │~                                       │
16 │~                                       │
17 │~                                       │
18 │grid.py [+]           3,11           All│
    ────────────────────────────────────────

[SAY] Zero zero zero zero became one three three seven. Exact same length, just overwritten.
[KEYS] 'u'
[OVERLAY] u  undo

              1         2         3         
    0123456789012345678901234567890123456789
    ────────────────────────────────────────
 0 │row = "ABCDEFGH"                        │
 1 │col = "12345678"                        │
 2 │pin = "0000"                            │ ◂ cursor (2,7)
 3 │~                                       │
 4 │~                                       │
 5 │~                                       │
 6 │~                                       │
 7 │~                                       │
 8 │~                                       │
 9 │~                                       │
10 │~                                       │
11 │~                                       │
12 │~                                       │
13 │~                                       │
14 │~                                       │
15 │~                                       │
16 │~                                       │
17 │~                                       │
18 │grid.py               3,8            All│
19 │1 change; be...2 seconds ago            │
    ────────────────────────────────────────

[SAY] Capital R. Replace mode. Overtype character by character. Escape when you're done.