[RECORDING_START] Screen state at recording start:

              1         2         3         
    0123456789012345678901234567890123456789
    ────────────────────────────────────────
 0 │TODO: fix app.py:6                      │ ◂ cursor (0,0)
 1 │The cleanup function needs              │
 2 │proper error handling                   │
 3 │~                                       │
 4 │~                                       │
 5 │~                                       │
 6 │~                                       │
 7 │~                                       │
 8 │~                                       │
 9 │~                                       │
10 │~                                       │
11 │~                                       │
12 │~                                       │
13 │~                                       │
14 │~                                       │
15 │~                                       │
16 │~                                       │
17 │~                                       │
18 │notes.txt             1,1            All│
    ────────────────────────────────────────

[OVERLAY] VimFu — Ctrl-W gF — File in Tab at Line
[SAY] Control W G capital F opens the file under the cursor in a new tab and jumps to the line number.
[SAY] A TODO note says fix app dot py line six. Put the cursor on the filename.
[KEYS] 'W'
[OVERLAY] ⇧W  skip word

              1         2         3         
    0123456789012345678901234567890123456789
    ────────────────────────────────────────
 0 │TODO: fix app.py:6                      │ ◂ cursor (0,6)
 1 │The cleanup function needs              │
 2 │proper error handling                   │
 3 │~                                       │
 4 │~                                       │
 5 │~                                       │
 6 │~                                       │
 7 │~                                       │
 8 │~                                       │
 9 │~                                       │
10 │~                                       │
11 │~                                       │
12 │~                                       │
13 │~                                       │
14 │~                                       │
15 │~                                       │
16 │~                                       │
17 │~                                       │
18 │notes.txt             1,7            All│
    ────────────────────────────────────────

[KEYS] 'W'
[OVERLAY] ⇧W  to filename

              1         2         3         
    0123456789012345678901234567890123456789
    ────────────────────────────────────────
 0 │TODO: fix app.py:6                      │ ◂ cursor (0,10)
 1 │The cleanup function needs              │
 2 │proper error handling                   │
 3 │~                                       │
 4 │~                                       │
 5 │~                                       │
 6 │~                                       │
 7 │~                                       │
 8 │~                                       │
 9 │~                                       │
10 │~                                       │
11 │~                                       │
12 │~                                       │
13 │~                                       │
14 │~                                       │
15 │~                                       │
16 │~                                       │
17 │~                                       │
18 │notes.txt             1,11           All│
    ────────────────────────────────────────

[SAY] Open it in a new tab at line six.
[KEYS] '\x17gF'
[OVERLAY] ⌃wgF  tab at line

              1         2         3         
    0123456789012345678901234567890123456789
    ────────────────────────────────────────
 0 │TODO: fix app.py:6                      │ ◂ cursor (0,10)
 1 │The cleanup function needs              │
 2 │proper error handling                   │
 3 │~                                       │
 4 │~                                       │
 5 │~                                       │
 6 │~                                       │
 7 │~                                       │
 8 │~                                       │
 9 │~                                       │
10 │~                                       │
11 │~                                       │
12 │~                                       │
13 │~                                       │
14 │~                                       │
15 │~                                       │
16 │~                                       │
17 │~                                       │
18 │notes.txt             1,11           All│
19 │                             ^WgF       │
    ────────────────────────────────────────

[SAY] App dot py opened in a new tab, cursor right on the cleanup function at line six. Jump from note to code in one move.
[SAY] Control W G capital F. Open file in a new tab at the referenced line. Perfect for jumping from error logs or TODO notes.