[RECORDING_START] Screen state at recording start:

              1         2         3         
    0123456789012345678901234567890123456789
    ────────────────────────────────────────
 0 │# TODO: fix login                       │ ◂ cursor (0,0)
 1 │def login():                            │
 2 │    pass                                │
 3 │# TODO: add logging                     │
 4 │def process():                          │
 5 │    pass                                │
 6 │# TODO: write tests                     │
 7 │def test():                             │
 8 │    pass                                │
 9 │~                                       │
10 │~                                       │
11 │~                                       │
12 │~                                       │
13 │~                                       │
14 │~                                       │
15 │~                                       │
16 │~                                       │
17 │~                                       │
18 │demo.py               1,1            All│
    ────────────────────────────────────────

[OVERLAY] VimFu — :g/{pattern}/{cmd} — Global
[SAY] The global command runs an ex command on every line that matches a pattern.
[SAY] Let's delete every to-do comment.
[TYPE] ':g/TODO/d'

              1         2         3         
    0123456789012345678901234567890123456789
    ────────────────────────────────────────
 0 │# TODO: fix login                       │
 1 │def login():                            │
 2 │    pass                                │
 3 │# TODO: add logging                     │
 4 │def process():                          │
 5 │    pass                                │
 6 │# TODO: write tests                     │
 7 │def test():                             │
 8 │    pass                                │
 9 │~                                       │
10 │~                                       │
11 │~                                       │
12 │~                                       │
13 │~                                       │
14 │~                                       │
15 │~                                       │
16 │~                                       │
17 │~                                       │
18 │demo.py               1,3            All│
19 │:g/TODO/d                               │ ◂ cursor (19,9)
    ────────────────────────────────────────
[HIGHLIGHT] row 0, cols 2-5: "TODO"
[HIGHLIGHT] row 3, cols 2-5: "TODO"
[HIGHLIGHT] row 6, cols 2-5: "TODO"

[SAY] Colon G is the global command. Slash to-do slash is the pattern — any line containing to-do. And D is the ex delete command — delete the matching line.
[ENTER]

              1         2         3         
    0123456789012345678901234567890123456789
    ────────────────────────────────────────
 0 │def login():                            │
 1 │    pass                                │
 2 │def process():                          │
 3 │    pass                                │
 4 │def test():                             │ ◂ cursor (4,0)
 5 │    pass                                │
 6 │~                                       │
 7 │~                                       │
 8 │~                                       │
 9 │~                                       │
10 │~                                       │
11 │~                                       │
12 │~                                       │
13 │~                                       │
14 │~                                       │
15 │~                                       │
16 │~                                       │
17 │~                                       │
18 │demo.py [+]           5,1            All│
19 │3 fewer lines                           │
    ────────────────────────────────────────

[SAY] All three to-do comments are gone. The function definitions remain.
[SAY] Colon G slash pattern slash command. Run any ex command on every matching line. One of Vim's most powerful features.