[RECORDING_START] Screen state at recording start:

              1         2         3         
    0123456789012345678901234567890123456789
    ────────────────────────────────────────
 0 │hello world                             │ ◂ cursor (0,0)
 1 │~                                       │
 2 │~                                       │
 3 │~                                       │
 4 │~                                       │
 5 │~                                       │
 6 │~                                       │
 7 │~                                       │
 8 │~                                       │
 9 │~                                       │
10 │~                                       │
11 │~                                       │
12 │~                                       │
13 │~                                       │
14 │~                                       │
15 │~                                       │
16 │~                                       │
17 │~                                       │
18 │branches.txt          1,1            All│
    ────────────────────────────────────────

[OVERLAY] VimFu — Undo Branches
[SAY] Vim doesn't just have linear undo. It keeps a full undo tree with branches. If you undo, then make a new change, the old redo path becomes a branch.
[SAY] Let's create a branch. First, add some text.
[KEYS] 'A'
[OVERLAY] ⇧A  append at end

              1         2         3         
    0123456789012345678901234567890123456789
    ────────────────────────────────────────
 0 │hello world                             │ ◂ cursor (0,11)
 1 │~                                       │
 2 │~                                       │
 3 │~                                       │
 4 │~                                       │
 5 │~                                       │
 6 │~                                       │
 7 │~                                       │
 8 │~                                       │
 9 │~                                       │
10 │~                                       │
11 │~                                       │
12 │~                                       │
13 │~                                       │
14 │~                                       │
15 │~                                       │
16 │~                                       │
17 │~                                       │
18 │branches.txt          1,12           All│
19 │-- INSERT --                            │
    ────────────────────────────────────────

[TYPE] ' one'

              1         2         3         
    0123456789012345678901234567890123456789
    ────────────────────────────────────────
 0 │hello world one                         │ ◂ cursor (0,15)
 1 │~                                       │
 2 │~                                       │
 3 │~                                       │
 4 │~                                       │
 5 │~                                       │
 6 │~                                       │
 7 │~                                       │
 8 │~                                       │
 9 │~                                       │
10 │~                                       │
11 │~                                       │
12 │~                                       │
13 │~                                       │
14 │~                                       │
15 │~                                       │
16 │~                                       │
17 │~                                       │
18 │branches.txt [+]      1,16           All│
19 │-- INSERT --                            │
    ────────────────────────────────────────

[ESCAPE]

              1         2         3         
    0123456789012345678901234567890123456789
    ────────────────────────────────────────
 0 │hello world one                         │ ◂ cursor (0,14)
 1 │~                                       │
 2 │~                                       │
 3 │~                                       │
 4 │~                                       │
 5 │~                                       │
 6 │~                                       │
 7 │~                                       │
 8 │~                                       │
 9 │~                                       │
10 │~                                       │
11 │~                                       │
12 │~                                       │
13 │~                                       │
14 │~                                       │
15 │~                                       │
16 │~                                       │
17 │~                                       │
18 │branches.txt [+]      1,15           All│
    ────────────────────────────────────────

[SAY] Now add more text in a new edit.
[KEYS] 'A'
[OVERLAY] ⇧A  append at end

              1         2         3         
    0123456789012345678901234567890123456789
    ────────────────────────────────────────
 0 │hello world one                         │ ◂ cursor (0,15)
 1 │~                                       │
 2 │~                                       │
 3 │~                                       │
 4 │~                                       │
 5 │~                                       │
 6 │~                                       │
 7 │~                                       │
 8 │~                                       │
 9 │~                                       │
10 │~                                       │
11 │~                                       │
12 │~                                       │
13 │~                                       │
14 │~                                       │
15 │~                                       │
16 │~                                       │
17 │~                                       │
18 │branches.txt [+]      1,16           All│
19 │-- INSERT --                            │
    ────────────────────────────────────────

[TYPE] ' two'

              1         2         3         
    0123456789012345678901234567890123456789
    ────────────────────────────────────────
 0 │hello world one two                     │ ◂ cursor (0,19)
 1 │~                                       │
 2 │~                                       │
 3 │~                                       │
 4 │~                                       │
 5 │~                                       │
 6 │~                                       │
 7 │~                                       │
 8 │~                                       │
 9 │~                                       │
10 │~                                       │
11 │~                                       │
12 │~                                       │
13 │~                                       │
14 │~                                       │
15 │~                                       │
16 │~                                       │
17 │~                                       │
18 │branches.txt [+]      1,20           All│
19 │-- INSERT --                            │
    ────────────────────────────────────────

[ESCAPE]

              1         2         3         
    0123456789012345678901234567890123456789
    ────────────────────────────────────────
 0 │hello world one two                     │ ◂ cursor (0,18)
 1 │~                                       │
 2 │~                                       │
 3 │~                                       │
 4 │~                                       │
 5 │~                                       │
 6 │~                                       │
 7 │~                                       │
 8 │~                                       │
 9 │~                                       │
10 │~                                       │
11 │~                                       │
12 │~                                       │
13 │~                                       │
14 │~                                       │
15 │~                                       │
16 │~                                       │
17 │~                                       │
18 │branches.txt [+]      1,19           All│
    ────────────────────────────────────────

[SAY] Undo that last change.
[KEYS] 'u'
[OVERLAY] u  undo

              1         2         3         
    0123456789012345678901234567890123456789
    ────────────────────────────────────────
 0 │hello world one                         │ ◂ cursor (0,14)
 1 │~                                       │
 2 │~                                       │
 3 │~                                       │
 4 │~                                       │
 5 │~                                       │
 6 │~                                       │
 7 │~                                       │
 8 │~                                       │
 9 │~                                       │
10 │~                                       │
11 │~                                       │
12 │~                                       │
13 │~                                       │
14 │~                                       │
15 │~                                       │
16 │~                                       │
17 │~                                       │
18 │branches.txt [+]      1,15           All│
19 │1 change; be...2 seconds ago            │
    ────────────────────────────────────────

[SAY] Now add different text. This creates a branch.
[KEYS] 'A'
[OVERLAY] ⇧A  append at end

              1         2         3         
    0123456789012345678901234567890123456789
    ────────────────────────────────────────
 0 │hello world one                         │ ◂ cursor (0,15)
 1 │~                                       │
 2 │~                                       │
 3 │~                                       │
 4 │~                                       │
 5 │~                                       │
 6 │~                                       │
 7 │~                                       │
 8 │~                                       │
 9 │~                                       │
10 │~                                       │
11 │~                                       │
12 │~                                       │
13 │~                                       │
14 │~                                       │
15 │~                                       │
16 │~                                       │
17 │~                                       │
18 │branches.txt [+]      1,16           All│
19 │-- INSERT --                            │
    ────────────────────────────────────────

[TYPE] ' three'

              1         2         3         
    0123456789012345678901234567890123456789
    ────────────────────────────────────────
 0 │hello world one three                   │ ◂ cursor (0,21)
 1 │~                                       │
 2 │~                                       │
 3 │~                                       │
 4 │~                                       │
 5 │~                                       │
 6 │~                                       │
 7 │~                                       │
 8 │~                                       │
 9 │~                                       │
10 │~                                       │
11 │~                                       │
12 │~                                       │
13 │~                                       │
14 │~                                       │
15 │~                                       │
16 │~                                       │
17 │~                                       │
18 │branches.txt [+]      1,22           All│
19 │-- INSERT --                            │
    ────────────────────────────────────────

[ESCAPE]

              1         2         3         
    0123456789012345678901234567890123456789
    ────────────────────────────────────────
 0 │hello world one three                   │ ◂ cursor (0,20)
 1 │~                                       │
 2 │~                                       │
 3 │~                                       │
 4 │~                                       │
 5 │~                                       │
 6 │~                                       │
 7 │~                                       │
 8 │~                                       │
 9 │~                                       │
10 │~                                       │
11 │~                                       │
12 │~                                       │
13 │~                                       │
14 │~                                       │
15 │~                                       │
16 │~                                       │
17 │~                                       │
18 │branches.txt [+]      1,21           All│
    ────────────────────────────────────────

[SAY] Now if I press U, I undo the word three. But control R only redoes three. The word two is on a lost branch.
[KEYS] 'u'
[OVERLAY] u  undo

              1         2         3         
    0123456789012345678901234567890123456789
    ────────────────────────────────────────
 0 │hello world one                         │ ◂ cursor (0,14)
 1 │~                                       │
 2 │~                                       │
 3 │~                                       │
 4 │~                                       │
 5 │~                                       │
 6 │~                                       │
 7 │~                                       │
 8 │~                                       │
 9 │~                                       │
10 │~                                       │
11 │~                                       │
12 │~                                       │
13 │~                                       │
14 │~                                       │
15 │~                                       │
16 │~                                       │
17 │~                                       │
18 │branches.txt [+]      1,15           All│
19 │1 change; be...9 seconds ago            │
    ────────────────────────────────────────

[SAY] G minus walks backward through every state in time order, even across branches.
[KEYS] 'g-'
[OVERLAY] g-  older state

              1         2         3         
    0123456789012345678901234567890123456789
    ────────────────────────────────────────
 0 │hello world                             │ ◂ cursor (0,10)
 1 │~                                       │
 2 │~                                       │
 3 │~                                       │
 4 │~                                       │
 5 │~                                       │
 6 │~                                       │
 7 │~                                       │
 8 │~                                       │
 9 │~                                       │
10 │~                                       │
11 │~                                       │
12 │~                                       │
13 │~                                       │
14 │~                                       │
15 │~                                       │
16 │~                                       │
17 │~                                       │
18 │branches.txt          1,11           All│
19 │1 change; be...0 seconds ago            │
    ────────────────────────────────────────

[SAY] We're back to hello world one two. That branch is reachable with G minus.
[SAY] G plus moves forward in time.
[KEYS] 'g+'
[OVERLAY] g+  newer state

              1         2         3         
    0123456789012345678901234567890123456789
    ────────────────────────────────────────
 0 │hello world one                         │ ◂ cursor (0,11)
 1 │~                                       │
 2 │~                                       │
 3 │~                                       │
 4 │~                                       │
 5 │~                                       │
 6 │~                                       │
 7 │~                                       │
 8 │~                                       │
 9 │~                                       │
10 │~                                       │
11 │~                                       │
12 │~                                       │
13 │~                                       │
14 │~                                       │
15 │~                                       │
16 │~                                       │
17 │~                                       │
18 │branches.txt [+]      1,12           All│
19 │1 change; af...0 seconds ago            │
    ────────────────────────────────────────

[SAY] G minus and G plus. They walk the undo tree in chronological order, so you never lose any change.