[RECORDING_START] Screen state at recording start:

              1         2         3         
    0123456789012345678901234567890123456789
    ────────────────────────────────────────
 0 │➜  vimfu                                │ ◂ cursor (0,9)
    ────────────────────────────────────────

[OVERLAY] VimFu — Shell Utilities
[SAY] A few shell tools every developer should know.
[SAY] W C counts lines, words, and characters.
[TYPE] 'wc log.txt'

              1         2         3         
    0123456789012345678901234567890123456789
    ────────────────────────────────────────
 0 │➜  vimfu wc log.txt                     │ ◂ cursor (0,19)
    ────────────────────────────────────────

[ENTER]

              1         2         3         
    0123456789012345678901234567890123456789
    ────────────────────────────────────────
 0 │➜  vimfu wc log.txt                     │
 1 │  7  20 117 log.txt                     │
 2 │➜  vimfu                                │ ◂ cursor (2,9)
    ────────────────────────────────────────

[SAY] Seven lines, fourteen words.
[SAY] Grep searches for a pattern.
[TYPE] 'grep WARN log.txt'

              1         2         3         
    0123456789012345678901234567890123456789
    ────────────────────────────────────────
 0 │➜  vimfu wc log.txt                     │
 1 │  7  20 117 log.txt                     │
 2 │➜  vimfu grep WARN log.txt              │ ◂ cursor (2,26)
    ────────────────────────────────────────

[ENTER]

              1         2         3         
    0123456789012345678901234567890123456789
    ────────────────────────────────────────
 0 │➜  vimfu wc log.txt                     │
 1 │  7  20 117 log.txt                     │
 2 │➜  vimfu grep WARN log.txt              │
 3 │WARN  slow query                        │
 4 │WARN  disk 90%                          │
 5 │➜  vimfu                                │ ◂ cursor (5,9)
    ────────────────────────────────────────

[SAY] Two warnings found.
[SAY] Sort orders the lines.
[TYPE] 'sort log.txt'

              1         2         3         
    0123456789012345678901234567890123456789
    ────────────────────────────────────────
 0 │➜  vimfu wc log.txt                     │
 1 │  7  20 117 log.txt                     │
 2 │➜  vimfu grep WARN log.txt              │
 3 │WARN  slow query                        │
 4 │WARN  disk 90%                          │
 5 │➜  vimfu sort log.txt                   │ ◂ cursor (5,21)
    ────────────────────────────────────────

[ENTER]

              1         2         3         
    0123456789012345678901234567890123456789
    ────────────────────────────────────────
 0 │➜  vimfu wc log.txt                     │
 1 │  7  20 117 log.txt                     │
 2 │➜  vimfu grep WARN log.txt              │
 3 │WARN  slow query                        │
 4 │WARN  disk 90%                          │
 5 │➜  vimfu sort log.txt                   │
 6 │ERROR timeout                           │
 7 │INFO  cache hit                         │
 8 │INFO  request ok                        │
 9 │INFO  request ok                        │
10 │INFO  server started                    │
11 │WARN  disk 90%                          │
12 │WARN  slow query                        │
13 │➜  vimfu                                │ ◂ cursor (13,9)
    ────────────────────────────────────────

[SAY] Alphabetical order. Errors first, then info, then warnings.
[SAY] Date shows the current time.
[TYPE] 'date'

              1         2         3         
    0123456789012345678901234567890123456789
    ────────────────────────────────────────
 0 │➜  vimfu wc log.txt                     │
 1 │  7  20 117 log.txt                     │
 2 │➜  vimfu grep WARN log.txt              │
 3 │WARN  slow query                        │
 4 │WARN  disk 90%                          │
 5 │➜  vimfu sort log.txt                   │
 6 │ERROR timeout                           │
 7 │INFO  cache hit                         │
 8 │INFO  request ok                        │
 9 │INFO  request ok                        │
10 │INFO  server started                    │
11 │WARN  disk 90%                          │
12 │WARN  slow query                        │
13 │➜  vimfu date                           │ ◂ cursor (13,13)
    ────────────────────────────────────────

[ENTER]

              1         2         3         
    0123456789012345678901234567890123456789
    ────────────────────────────────────────
 0 │➜  vimfu wc log.txt                     │
 1 │  7  20 117 log.txt                     │
 2 │➜  vimfu grep WARN log.txt              │
 3 │WARN  slow query                        │
 4 │WARN  disk 90%                          │
 5 │➜  vimfu sort log.txt                   │
 6 │ERROR timeout                           │
 7 │INFO  cache hit                         │
 8 │INFO  request ok                        │
 9 │INFO  request ok                        │
10 │INFO  server started                    │
11 │WARN  disk 90%                          │
12 │WARN  slow query                        │
13 │➜  vimfu date                           │
14 │Thu Feb 26 19:43:57 PST 2026            │
15 │➜  vimfu                                │ ◂ cursor (15,9)
    ────────────────────────────────────────

[SAY] W C, grep, sort, date. Small tools that combine into powerful workflows.