[RECORDING_START] Screen state at recording start:

              1         2         3         
    0123456789012345678901234567890123456789
    ────────────────────────────────────────
 0 │# Main Module                           │ ◂ cursor (0,0)
 1 │                                        │
 2 │from utils import helper                │
 3 │                                        │
 4 │def main():                             │
 5 │    result = helper()                   │
 6 │    print(result)                       │
 7 │~                                       │
 8 │~                                       │
 9 │~                                       │
10 │~                                       │
11 │~                                       │
12 │~                                       │
13 │~                                       │
14 │~                                       │
15 │~                                       │
16 │~                                       │
17 │~                                       │
18 │main.py               1,1            All│
    ────────────────────────────────────────

[OVERLAY] VimFu — :e {file} — Edit a File
[SAY] Colon E opens a different file. E stands for edit.
[SAY] We're looking at main dot py. Open utils dot py.
[TYPE] ':e utils.py'

              1         2         3         
    0123456789012345678901234567890123456789
    ────────────────────────────────────────
 0 │# Main Module                           │
 1 │                                        │
 2 │from utils import helper                │
 3 │                                        │
 4 │def main():                             │
 5 │    result = helper()                   │
 6 │    print(result)                       │
 7 │~                                       │
 8 │~                                       │
 9 │~                                       │
10 │~                                       │
11 │~                                       │
12 │~                                       │
13 │~                                       │
14 │~                                       │
15 │~                                       │
16 │~                                       │
17 │~                                       │
18 │main.py               1,1            All│
19 │:e utils.py                             │ ◂ cursor (19,11)
    ────────────────────────────────────────

[ENTER]

              1         2         3         
    0123456789012345678901234567890123456789
    ────────────────────────────────────────
 0 │# Utilities                             │ ◂ cursor (0,0)
 1 │                                        │
 2 │def helper():                           │
 3 │    return "I am helping!"              │
 4 │                                        │
 5 │def format(text):                       │
 6 │    return text.strip().upper()         │
 7 │~                                       │
 8 │~                                       │
 9 │~                                       │
10 │~                                       │
11 │~                                       │
12 │~                                       │
13 │~                                       │
14 │~                                       │
15 │~                                       │
16 │~                                       │
17 │~                                       │
18 │utils.py              1,1            All│
19 │:e utils.py                             │
    ────────────────────────────────────────

[SAY] Now we're in utils dot py. Different file, same window.
[SAY] Switch back to main dot py.
[TYPE] ':e main.py'

              1         2         3         
    0123456789012345678901234567890123456789
    ────────────────────────────────────────
 0 │# Utilities                             │
 1 │                                        │
 2 │def helper():                           │
 3 │    return "I am helping!"              │
 4 │                                        │
 5 │def format(text):                       │
 6 │    return text.strip().upper()         │
 7 │~                                       │
 8 │~                                       │
 9 │~                                       │
10 │~                                       │
11 │~                                       │
12 │~                                       │
13 │~                                       │
14 │~                                       │
15 │~                                       │
16 │~                                       │
17 │~                                       │
18 │utils.py              1,1            All│
19 │:e main.py                              │ ◂ cursor (19,10)
    ────────────────────────────────────────

[ENTER]

              1         2         3         
    0123456789012345678901234567890123456789
    ────────────────────────────────────────
 0 │# Main Module                           │ ◂ cursor (0,0)
 1 │                                        │
 2 │from utils import helper                │
 3 │                                        │
 4 │def main():                             │
 5 │    result = helper()                   │
 6 │    print(result)                       │
 7 │~                                       │
 8 │~                                       │
 9 │~                                       │
10 │~                                       │
11 │~                                       │
12 │~                                       │
13 │~                                       │
14 │~                                       │
15 │~                                       │
16 │~                                       │
17 │~                                       │
18 │main.py               1,1            All│
19 │:e main.py                              │
    ────────────────────────────────────────

[SAY] Back in main. Colon E lets you jump between files without closing the editor.
[SAY] Colon E followed by a filename. Open any file. Tab completion works too.