[RECORDING_START] Screen state at recording start:

              1         2         3         
    0123456789012345678901234567890123456789
    ────────────────────────────────────────
 0 │cat = "whiskers"                        │ ◂ cursor (0,0)
 1 │dog = "rex"                             │
 2 │cat = "mittens"                         │
 3 │bird = "tweety"                         │
 4 │cat = "shadow"                          │
 5 │dog = "spot"                            │
 6 │~                                       │
 7 │~                                       │
 8 │~                                       │
 9 │~                                       │
10 │~                                       │
11 │~                                       │
12 │~                                       │
13 │~                                       │
14 │~                                       │
15 │~                                       │
16 │~                                       │
17 │~                                       │
18 │find.py               1,1            All│
    ────────────────────────────────────────

[OVERLAY] VimFu — The * Key
[SAY] Star searches forward for the word under your cursor. No slash, no typing. Just star.
[SAY] Cursor on cat. Star.
[KEYS] '*'
[OVERLAY] ⇧*  search word fwd

              1         2         3         
    0123456789012345678901234567890123456789
    ────────────────────────────────────────
 0 │cat = "whiskers"                        │
 1 │dog = "rex"                             │
 2 │cat = "mittens"                         │ ◂ cursor (2,0)
 3 │bird = "tweety"                         │
 4 │cat = "shadow"                          │
 5 │dog = "spot"                            │
 6 │~                                       │
 7 │~                                       │
 8 │~                                       │
 9 │~                                       │
10 │~                                       │
11 │~                                       │
12 │~                                       │
13 │~                                       │
14 │~                                       │
15 │~                                       │
16 │~                                       │
17 │~                                       │
18 │find.py               3,1            All│
19 │/\<cat\>              [2/3]             │
    ────────────────────────────────────────
[HIGHLIGHT] row 0, cols 0-2: "cat"
[HIGHLIGHT] row 2, cols 1-2: "at"
[HIGHLIGHT] row 4, cols 0-2: "cat"

[SAY] Jumped to the next cat on line three.
[SAY] Star again.
[KEYS] '*'
[OVERLAY] ⇧*  search word fwd

              1         2         3         
    0123456789012345678901234567890123456789
    ────────────────────────────────────────
 0 │cat = "whiskers"                        │
 1 │dog = "rex"                             │
 2 │cat = "mittens"                         │
 3 │bird = "tweety"                         │
 4 │cat = "shadow"                          │ ◂ cursor (4,0)
 5 │dog = "spot"                            │
 6 │~                                       │
 7 │~                                       │
 8 │~                                       │
 9 │~                                       │
10 │~                                       │
11 │~                                       │
12 │~                                       │
13 │~                                       │
14 │~                                       │
15 │~                                       │
16 │~                                       │
17 │~                                       │
18 │find.py               5,1            All│
19 │/\<cat\>              [3/3]             │
    ────────────────────────────────────────
[HIGHLIGHT] row 0, cols 0-2: "cat"
[HIGHLIGHT] row 2, cols 0-2: "cat"
[HIGHLIGHT] row 4, cols 1-2: "at"

[SAY] Line five. The third cat. Star keeps jumping forward through matches.
[SAY] After star, N and capital N work too. N forward, capital N backward.
[KEYS] 'N'
[OVERLAY] ⇧N  prev match

              1         2         3         
    0123456789012345678901234567890123456789
    ────────────────────────────────────────
 0 │cat = "whiskers"                        │
 1 │dog = "rex"                             │
 2 │cat = "mittens"                         │ ◂ cursor (2,0)
 3 │bird = "tweety"                         │
 4 │cat = "shadow"                          │
 5 │dog = "spot"                            │
 6 │~                                       │
 7 │~                                       │
 8 │~                                       │
 9 │~                                       │
10 │~                                       │
11 │~                                       │
12 │~                                       │
13 │~                                       │
14 │~                                       │
15 │~                                       │
16 │~                                       │
17 │~                                       │
18 │find.py               3,1            All│
19 │?\<cat\>              [2/3]             │
    ────────────────────────────────────────
[HIGHLIGHT] row 0, cols 0-2: "cat"
[HIGHLIGHT] row 2, cols 1-2: "at"
[HIGHLIGHT] row 4, cols 0-2: "cat"

[KEYS] 'N'
[OVERLAY] ⇧N  prev match

              1         2         3         
    0123456789012345678901234567890123456789
    ────────────────────────────────────────
 0 │cat = "whiskers"                        │ ◂ cursor (0,0)
 1 │dog = "rex"                             │
 2 │cat = "mittens"                         │
 3 │bird = "tweety"                         │
 4 │cat = "shadow"                          │
 5 │dog = "spot"                            │
 6 │~                                       │
 7 │~                                       │
 8 │~                                       │
 9 │~                                       │
10 │~                                       │
11 │~                                       │
12 │~                                       │
13 │~                                       │
14 │~                                       │
15 │~                                       │
16 │~                                       │
17 │~                                       │
18 │find.py               1,1            All│
19 │?\<cat\>              [1/3]             │
    ────────────────────────────────────────
[HIGHLIGHT] row 0, cols 1-2: "at"
[HIGHLIGHT] row 2, cols 0-2: "cat"
[HIGHLIGHT] row 4, cols 0-2: "cat"

[SAY] Back to the first cat. Star sets up the search, then N navigates.
[SAY] Star. Search the word under the cursor forward. The fastest way to find occurrences. Pound goes backward.