[RECORDING_START] Screen state at recording start:

              1         2         3         
    0123456789012345678901234567890123456789
    ────────────────────────────────────────
 0 │# spaceship parts                       │ ◂ cursor (0,0)
 1 │                                        │
 2 │engine = 1                              │
 3 │shield = 1                              │
 4 │laser = 1                               │
 5 │~                                       │
 6 │~                                       │
 7 │~                                       │
 8 │~                                       │
 9 │~                                       │
10 │~                                       │
11 │~                                       │
12 │~                                       │
13 │~                                       │
14 │~                                       │
15 │~                                       │
16 │~                                       │
17 │~                                       │
18 │ship.py               1,1            All│
    ────────────────────────────────────────

[OVERLAY] VimFu — Counted Inserts
[SAY] A count before I repeats your insert. The multiplier for insert mode.
[SAY] This blank line needs a separator. Twenty I dash Escape.
[KEYS] 'j'
[OVERLAY] j  down

              1         2         3         
    0123456789012345678901234567890123456789
    ────────────────────────────────────────
 0 │# spaceship parts                       │
 1 │                                        │ ◂ cursor (1,0)
 2 │engine = 1                              │
 3 │shield = 1                              │
 4 │laser = 1                               │
 5 │~                                       │
 6 │~                                       │
 7 │~                                       │
 8 │~                                       │
 9 │~                                       │
10 │~                                       │
11 │~                                       │
12 │~                                       │
13 │~                                       │
14 │~                                       │
15 │~                                       │
16 │~                                       │
17 │~                                       │
18 │ship.py               2,0-1          All│
    ────────────────────────────────────────

[KEYS] '2'
[OVERLAY] 2

              1         2         3         
    0123456789012345678901234567890123456789
    ────────────────────────────────────────
 0 │# spaceship parts                       │
 1 │                                        │ ◂ cursor (1,0)
 2 │engine = 1                              │
 3 │shield = 1                              │
 4 │laser = 1                               │
 5 │~                                       │
 6 │~                                       │
 7 │~                                       │
 8 │~                                       │
 9 │~                                       │
10 │~                                       │
11 │~                                       │
12 │~                                       │
13 │~                                       │
14 │~                                       │
15 │~                                       │
16 │~                                       │
17 │~                                       │
18 │ship.py               2,0-1          All│
19 │                             2          │
    ────────────────────────────────────────

[KEYS] '0'
[OVERLAY] 0  line start

              1         2         3         
    0123456789012345678901234567890123456789
    ────────────────────────────────────────
 0 │# spaceship parts                       │
 1 │                                        │ ◂ cursor (1,0)
 2 │engine = 1                              │
 3 │shield = 1                              │
 4 │laser = 1                               │
 5 │~                                       │
 6 │~                                       │
 7 │~                                       │
 8 │~                                       │
 9 │~                                       │
10 │~                                       │
11 │~                                       │
12 │~                                       │
13 │~                                       │
14 │~                                       │
15 │~                                       │
16 │~                                       │
17 │~                                       │
18 │ship.py               2,0-1          All│
19 │                             20         │
    ────────────────────────────────────────

[KEYS] 'i'
[OVERLAY] i  insert

              1         2         3         
    0123456789012345678901234567890123456789
    ────────────────────────────────────────
 0 │# spaceship parts                       │
 1 │                                        │ ◂ cursor (1,0)
 2 │engine = 1                              │
 3 │shield = 1                              │
 4 │laser = 1                               │
 5 │~                                       │
 6 │~                                       │
 7 │~                                       │
 8 │~                                       │
 9 │~                                       │
10 │~                                       │
11 │~                                       │
12 │~                                       │
13 │~                                       │
14 │~                                       │
15 │~                                       │
16 │~                                       │
17 │~                                       │
18 │ship.py               2,1            All│
19 │-- INSERT --                            │
    ────────────────────────────────────────

[KEYS] '-'
[OVERLAY] -

              1         2         3         
    0123456789012345678901234567890123456789
    ────────────────────────────────────────
 0 │# spaceship parts                       │
 1 │-                                       │ ◂ cursor (1,1)
 2 │engine = 1                              │
 3 │shield = 1                              │
 4 │laser = 1                               │
 5 │~                                       │
 6 │~                                       │
 7 │~                                       │
 8 │~                                       │
 9 │~                                       │
10 │~                                       │
11 │~                                       │
12 │~                                       │
13 │~                                       │
14 │~                                       │
15 │~                                       │
16 │~                                       │
17 │~                                       │
18 │ship.py [+]           2,2            All│
19 │-- INSERT --                            │
    ────────────────────────────────────────

[ESCAPE]

              1         2         3         
    0123456789012345678901234567890123456789
    ────────────────────────────────────────
 0 │# spaceship parts                       │
 1 │--------------------                    │ ◂ cursor (1,19)
 2 │engine = 1                              │
 3 │shield = 1                              │
 4 │laser = 1                               │
 5 │~                                       │
 6 │~                                       │
 7 │~                                       │
 8 │~                                       │
 9 │~                                       │
10 │~                                       │
11 │~                                       │
12 │~                                       │
13 │~                                       │
14 │~                                       │
15 │~                                       │
16 │~                                       │
17 │~                                       │
18 │ship.py [+]           2,20           All│
    ────────────────────────────────────────

[SAY] Twenty dashes. One keystroke, twenty characters. Vim repeated the dash twenty times.
[SAY] Undo.
[KEYS] 'u'
[OVERLAY] u  undo

              1         2         3         
    0123456789012345678901234567890123456789
    ────────────────────────────────────────
 0 │# spaceship parts                       │
 1 │                                        │ ◂ cursor (1,0)
 2 │engine = 1                              │
 3 │shield = 1                              │
 4 │laser = 1                               │
 5 │~                                       │
 6 │~                                       │
 7 │~                                       │
 8 │~                                       │
 9 │~                                       │
10 │~                                       │
11 │~                                       │
12 │~                                       │
13 │~                                       │
14 │~                                       │
15 │~                                       │
16 │~                                       │
17 │~                                       │
18 │ship.py               2,0-1          All│
19 │1 change; be...8 seconds ago            │
    ────────────────────────────────────────

[SAY] Now three O. It opens three new lines and enters insert mode.
[KEYS] 'G'
[OVERLAY] ⇧G  file end

              1         2         3         
    0123456789012345678901234567890123456789
    ────────────────────────────────────────
 0 │# spaceship parts                       │
 1 │                                        │
 2 │engine = 1                              │
 3 │shield = 1                              │
 4 │laser = 1                               │ ◂ cursor (4,0)
 5 │~                                       │
 6 │~                                       │
 7 │~                                       │
 8 │~                                       │
 9 │~                                       │
10 │~                                       │
11 │~                                       │
12 │~                                       │
13 │~                                       │
14 │~                                       │
15 │~                                       │
16 │~                                       │
17 │~                                       │
18 │ship.py               5,1            All│
19 │1 change; be...8 seconds ago            │
    ────────────────────────────────────────

[KEYS] '3'
[OVERLAY] 3

              1         2         3         
    0123456789012345678901234567890123456789
    ────────────────────────────────────────
 0 │# spaceship parts                       │
 1 │                                        │
 2 │engine = 1                              │
 3 │shield = 1                              │
 4 │laser = 1                               │ ◂ cursor (4,0)
 5 │~                                       │
 6 │~                                       │
 7 │~                                       │
 8 │~                                       │
 9 │~                                       │
10 │~                                       │
11 │~                                       │
12 │~                                       │
13 │~                                       │
14 │~                                       │
15 │~                                       │
16 │~                                       │
17 │~                                       │
18 │ship.py               5,1            All│
19 │1 change; be...8 seconds ago 3          │
    ────────────────────────────────────────

[KEYS] 'o'
[OVERLAY] o  open below

              1         2         3         
    0123456789012345678901234567890123456789
    ────────────────────────────────────────
 0 │# spaceship parts                       │
 1 │                                        │
 2 │engine = 1                              │
 3 │shield = 1                              │
 4 │laser = 1                               │
 5 │                                        │ ◂ cursor (5,0)
 6 │~                                       │
 7 │~                                       │
 8 │~                                       │
 9 │~                                       │
10 │~                                       │
11 │~                                       │
12 │~                                       │
13 │~                                       │
14 │~                                       │
15 │~                                       │
16 │~                                       │
17 │~                                       │
18 │ship.py [+]           6,1            All│
19 │-- INSERT --                            │
    ────────────────────────────────────────

[TYPE] 'fuel = 0'

              1         2         3         
    0123456789012345678901234567890123456789
    ────────────────────────────────────────
 0 │# spaceship parts                       │
 1 │                                        │
 2 │engine = 1                              │
 3 │shield = 1                              │
 4 │laser = 1                               │
 5 │fuel = 0                                │ ◂ cursor (5,8)
 6 │~                                       │
 7 │~                                       │
 8 │~                                       │
 9 │~                                       │
10 │~                                       │
11 │~                                       │
12 │~                                       │
13 │~                                       │
14 │~                                       │
15 │~                                       │
16 │~                                       │
17 │~                                       │
18 │ship.py [+]           6,9            All│
19 │-- INSERT --                            │
    ────────────────────────────────────────

[ESCAPE]

              1         2         3         
    0123456789012345678901234567890123456789
    ────────────────────────────────────────
 0 │# spaceship parts                       │
 1 │                                        │
 2 │engine = 1                              │
 3 │shield = 1                              │
 4 │laser = 1                               │
 5 │fuel = 0                                │
 6 │fuel = 0                                │
 7 │fuel = 0                                │ ◂ cursor (7,7)
 8 │~                                       │
 9 │~                                       │
10 │~                                       │
11 │~                                       │
12 │~                                       │
13 │~                                       │
14 │~                                       │
15 │~                                       │
16 │~                                       │
17 │~                                       │
18 │ship.py [+]           8,8            All│
    ────────────────────────────────────────

[SAY] Three identical lines. Type once, Vim copies it three times.
[SAY] Undo.
[KEYS] 'u'
[OVERLAY] u  undo

              1         2         3         
    0123456789012345678901234567890123456789
    ────────────────────────────────────────
 0 │# spaceship parts                       │
 1 │                                        │
 2 │engine = 1                              │
 3 │shield = 1                              │
 4 │laser = 1                               │ ◂ cursor (4,0)
 5 │~                                       │
 6 │~                                       │
 7 │~                                       │
 8 │~                                       │
 9 │~                                       │
10 │~                                       │
11 │~                                       │
12 │~                                       │
13 │~                                       │
14 │~                                       │
15 │~                                       │
16 │~                                       │
17 │~                                       │
18 │ship.py               5,1            All│
19 │3 fewer line...9 seconds ago            │
    ────────────────────────────────────────

[SAY] One more. Five I star Escape.
[KEYS] 'g'
[OVERLAY] g

              1         2         3         
    0123456789012345678901234567890123456789
    ────────────────────────────────────────
 0 │# spaceship parts                       │
 1 │                                        │
 2 │engine = 1                              │
 3 │shield = 1                              │
 4 │laser = 1                               │ ◂ cursor (4,0)
 5 │~                                       │
 6 │~                                       │
 7 │~                                       │
 8 │~                                       │
 9 │~                                       │
10 │~                                       │
11 │~                                       │
12 │~                                       │
13 │~                                       │
14 │~                                       │
15 │~                                       │
16 │~                                       │
17 │~                                       │
18 │ship.py               5,1            All│
19 │3 fewer line...9 seconds ago g          │
    ────────────────────────────────────────

[KEYS] 'g'
[OVERLAY] g  file start

              1         2         3         
    0123456789012345678901234567890123456789
    ────────────────────────────────────────
 0 │# spaceship parts                       │ ◂ cursor (0,0)
 1 │                                        │
 2 │engine = 1                              │
 3 │shield = 1                              │
 4 │laser = 1                               │
 5 │~                                       │
 6 │~                                       │
 7 │~                                       │
 8 │~                                       │
 9 │~                                       │
10 │~                                       │
11 │~                                       │
12 │~                                       │
13 │~                                       │
14 │~                                       │
15 │~                                       │
16 │~                                       │
17 │~                                       │
18 │ship.py               1,1            All│
19 │3 fewer line...9 seconds ago            │
    ────────────────────────────────────────

[KEYS] 'j'
[OVERLAY] j  down

              1         2         3         
    0123456789012345678901234567890123456789
    ────────────────────────────────────────
 0 │# spaceship parts                       │
 1 │                                        │ ◂ cursor (1,0)
 2 │engine = 1                              │
 3 │shield = 1                              │
 4 │laser = 1                               │
 5 │~                                       │
 6 │~                                       │
 7 │~                                       │
 8 │~                                       │
 9 │~                                       │
10 │~                                       │
11 │~                                       │
12 │~                                       │
13 │~                                       │
14 │~                                       │
15 │~                                       │
16 │~                                       │
17 │~                                       │
18 │ship.py               2,0-1          All│
19 │3 fewer line...9 seconds ago            │
    ────────────────────────────────────────

[KEYS] '5'
[OVERLAY] 5

              1         2         3         
    0123456789012345678901234567890123456789
    ────────────────────────────────────────
 0 │# spaceship parts                       │
 1 │                                        │ ◂ cursor (1,0)
 2 │engine = 1                              │
 3 │shield = 1                              │
 4 │laser = 1                               │
 5 │~                                       │
 6 │~                                       │
 7 │~                                       │
 8 │~                                       │
 9 │~                                       │
10 │~                                       │
11 │~                                       │
12 │~                                       │
13 │~                                       │
14 │~                                       │
15 │~                                       │
16 │~                                       │
17 │~                                       │
18 │ship.py               2,0-1          All│
19 │3 fewer line...9 seconds ago 5          │
    ────────────────────────────────────────

[KEYS] 'i'
[OVERLAY] i  insert

              1         2         3         
    0123456789012345678901234567890123456789
    ────────────────────────────────────────
 0 │# spaceship parts                       │
 1 │                                        │ ◂ cursor (1,0)
 2 │engine = 1                              │
 3 │shield = 1                              │
 4 │laser = 1                               │
 5 │~                                       │
 6 │~                                       │
 7 │~                                       │
 8 │~                                       │
 9 │~                                       │
10 │~                                       │
11 │~                                       │
12 │~                                       │
13 │~                                       │
14 │~                                       │
15 │~                                       │
16 │~                                       │
17 │~                                       │
18 │ship.py               2,1            All│
19 │-- INSERT --                            │
    ────────────────────────────────────────

[KEYS] '*'
[OVERLAY] ⇧*  find word

              1         2         3         
    0123456789012345678901234567890123456789
    ────────────────────────────────────────
 0 │# spaceship parts                       │
 1 │*                                       │ ◂ cursor (1,1)
 2 │engine = 1                              │
 3 │shield = 1                              │
 4 │laser = 1                               │
 5 │~                                       │
 6 │~                                       │
 7 │~                                       │
 8 │~                                       │
 9 │~                                       │
10 │~                                       │
11 │~                                       │
12 │~                                       │
13 │~                                       │
14 │~                                       │
15 │~                                       │
16 │~                                       │
17 │~                                       │
18 │ship.py [+]           2,2            All│
19 │-- INSERT --                            │
    ────────────────────────────────────────

[ESCAPE]

              1         2         3         
    0123456789012345678901234567890123456789
    ────────────────────────────────────────
 0 │# spaceship parts                       │
 1 │*****                                   │ ◂ cursor (1,4)
 2 │engine = 1                              │
 3 │shield = 1                              │
 4 │laser = 1                               │
 5 │~                                       │
 6 │~                                       │
 7 │~                                       │
 8 │~                                       │
 9 │~                                       │
10 │~                                       │
11 │~                                       │
12 │~                                       │
13 │~                                       │
14 │~                                       │
15 │~                                       │
16 │~                                       │
17 │~                                       │
18 │ship.py [+]           2,5            All│
    ────────────────────────────────────────

[SAY] Five stars. Works with any character, any count.
[KEYS] 'u'
[OVERLAY] u  undo

              1         2         3         
    0123456789012345678901234567890123456789
    ────────────────────────────────────────
 0 │# spaceship parts                       │
 1 │                                        │ ◂ cursor (1,0)
 2 │engine = 1                              │
 3 │shield = 1                              │
 4 │laser = 1                               │
 5 │~                                       │
 6 │~                                       │
 7 │~                                       │
 8 │~                                       │
 9 │~                                       │
10 │~                                       │
11 │~                                       │
12 │~                                       │
13 │~                                       │
14 │~                                       │
15 │~                                       │
16 │~                                       │
17 │~                                       │
18 │ship.py               2,0-1          All│
19 │1 change; be...5 seconds ago            │
    ────────────────────────────────────────

[SAY] Count, I, type, Escape. Build patterns instantly.