[RECORDING_START] Screen state at recording start:

              1         2         3         
    0123456789012345678901234567890123456789
    ────────────────────────────────────────
 0 │def greet():                            │ ◂ cursor (0,0)
 1 │name = "World"                          │
 2 │msg = "Hello, " + name                  │
 3 │print(msg)                              │
 4 │return msg                              │
 5 │                                        │
 6 │greet()                                 │
 7 │~                                       │
 8 │~                                       │
 9 │~                                       │
10 │~                                       │
11 │~                                       │
12 │~                                       │
13 │~                                       │
14 │~                                       │
15 │~                                       │
16 │~                                       │
17 │~                                       │
18 │greet.py              1,1            All│
    ────────────────────────────────────────

[OVERLAY] VimFu — Recipe: Indent a Block
[SAY] The function body isn't indented. Lines two through five should be inside the def block.
[SAY] Turn on line numbers.
[TYPE] ':set number'

              1         2         3         
    0123456789012345678901234567890123456789
    ────────────────────────────────────────
 0 │def greet():                            │
 1 │name = "World"                          │
 2 │msg = "Hello, " + name                  │
 3 │print(msg)                              │
 4 │return msg                              │
 5 │                                        │
 6 │greet()                                 │
 7 │~                                       │
 8 │~                                       │
 9 │~                                       │
10 │~                                       │
11 │~                                       │
12 │~                                       │
13 │~                                       │
14 │~                                       │
15 │~                                       │
16 │~                                       │
17 │~                                       │
18 │greet.py              1,1            All│
19 │:set number                             │ ◂ cursor (19,11)
    ────────────────────────────────────────

[ENTER]

              1         2         3         
    0123456789012345678901234567890123456789
    ────────────────────────────────────────
 0 │  1 def greet():                        │ ◂ cursor (0,4)
 1 │  2 name = "World"                      │
 2 │  3 msg = "Hello, " + name              │
 3 │  4 print(msg)                          │
 4 │  5 return msg                          │
 5 │  6                                     │
 6 │  7 greet()                             │
 7 │~                                       │
 8 │~                                       │
 9 │~                                       │
10 │~                                       │
11 │~                                       │
12 │~                                       │
13 │~                                       │
14 │~                                       │
15 │~                                       │
16 │~                                       │
17 │~                                       │
18 │greet.py              1,1            All│
19 │:set number                             │
    ────────────────────────────────────────

[SAY] Set shift width to four spaces so each indent is four wide.
[TYPE] ':set shiftwidth=4'

              1         2         3         
    0123456789012345678901234567890123456789
    ────────────────────────────────────────
 0 │  1 def greet():                        │
 1 │  2 name = "World"                      │
 2 │  3 msg = "Hello, " + name              │
 3 │  4 print(msg)                          │
 4 │  5 return msg                          │
 5 │  6                                     │
 6 │  7 greet()                             │
 7 │~                                       │
 8 │~                                       │
 9 │~                                       │
10 │~                                       │
11 │~                                       │
12 │~                                       │
13 │~                                       │
14 │~                                       │
15 │~                                       │
16 │~                                       │
17 │~                                       │
18 │greet.py              1,1            All│
19 │:set shiftwidth=4                       │ ◂ cursor (19,17)
    ────────────────────────────────────────

[ENTER]

              1         2         3         
    0123456789012345678901234567890123456789
    ────────────────────────────────────────
 0 │  1 def greet():                        │ ◂ cursor (0,4)
 1 │  2 name = "World"                      │
 2 │  3 msg = "Hello, " + name              │
 3 │  4 print(msg)                          │
 4 │  5 return msg                          │
 5 │  6                                     │
 6 │  7 greet()                             │
 7 │~                                       │
 8 │~                                       │
 9 │~                                       │
10 │~                                       │
11 │~                                       │
12 │~                                       │
13 │~                                       │
14 │~                                       │
15 │~                                       │
16 │~                                       │
17 │~                                       │
18 │greet.py              1,1            All│
19 │:set shiftwidth=4                       │
    ────────────────────────────────────────

[SAY] Now indent the function body.
[TYPE] ':2,5>'

              1         2         3         
    0123456789012345678901234567890123456789
    ────────────────────────────────────────
 0 │  1 def greet():                        │
 1 │  2 name = "World"                      │
 2 │  3 msg = "Hello, " + name              │
 3 │  4 print(msg)                          │
 4 │  5 return msg                          │
 5 │  6                                     │
 6 │  7 greet()                             │
 7 │~                                       │
 8 │~                                       │
 9 │~                                       │
10 │~                                       │
11 │~                                       │
12 │~                                       │
13 │~                                       │
14 │~                                       │
15 │~                                       │
16 │~                                       │
17 │~                                       │
18 │greet.py              1,1            All│
19 │:2,5>                                   │ ◂ cursor (19,5)
    ────────────────────────────────────────

[SAY] Range two comma five, then greater-than. Indent every line in that range by one shift width.
[ENTER]

              1         2         3         
    0123456789012345678901234567890123456789
    ────────────────────────────────────────
 0 │  1 def greet():                        │
 1 │  2     name = "World"                  │
 2 │  3     msg = "Hello, " + name          │
 3 │  4     print(msg)                      │
 4 │  5     return msg                      │ ◂ cursor (4,8)
 5 │  6                                     │
 6 │  7 greet()                             │
 7 │~                                       │
 8 │~                                       │
 9 │~                                       │
10 │~                                       │
11 │~                                       │
12 │~                                       │
13 │~                                       │
14 │~                                       │
15 │~                                       │
16 │~                                       │
17 │~                                       │
18 │greet.py [+]          5,5            All│
19 │4 lines >ed 1 time                      │
    ────────────────────────────────────────

[SAY] The function body is now properly indented. Four lines shifted right.
[SAY] Colon range greater-than. Indent any block from the command line. Use less-than to unindent.