[RECORDING_START] Screen state at recording start:

              1         2         3         
    0123456789012345678901234567890123456789
    ────────────────────────────────────────
 0 │msg = "ok"  # old comment               │ ◂ cursor (0,0)
 1 │err = "timeout"  # remove this          │
 2 │warn = "slow"  # and this too           │
 3 │~                                       │
 4 │~                                       │
 5 │~                                       │
 6 │~                                       │
 7 │~                                       │
 8 │~                                       │
 9 │~                                       │
10 │~                                       │
11 │~                                       │
12 │~                                       │
13 │~                                       │
14 │~                                       │
15 │~                                       │
16 │~                                       │
17 │~                                       │
18 │log.py                1,1            All│
    ────────────────────────────────────────

[OVERLAY] VimFu — The D Key
[SAY] Capital D deletes from the cursor to the end of the line. Everything after the cursor, gone.
[SAY] Remove this comment. Find the hash. Capital D.
[KEYS] 'f#'
[OVERLAY] f#  find #

              1         2         3         
    0123456789012345678901234567890123456789
    ────────────────────────────────────────
 0 │msg = "ok"  # old comment               │ ◂ cursor (0,12)
 1 │err = "timeout"  # remove this          │
 2 │warn = "slow"  # and this too           │
 3 │~                                       │
 4 │~                                       │
 5 │~                                       │
 6 │~                                       │
 7 │~                                       │
 8 │~                                       │
 9 │~                                       │
10 │~                                       │
11 │~                                       │
12 │~                                       │
13 │~                                       │
14 │~                                       │
15 │~                                       │
16 │~                                       │
17 │~                                       │
18 │log.py                1,13           All│
    ────────────────────────────────────────

[KEYS] 'D'
[OVERLAY] ⇧D  delete to end

              1         2         3         
    0123456789012345678901234567890123456789
    ────────────────────────────────────────
 0 │msg = "ok"                              │ ◂ cursor (0,11)
 1 │err = "timeout"  # remove this          │
 2 │warn = "slow"  # and this too           │
 3 │~                                       │
 4 │~                                       │
 5 │~                                       │
 6 │~                                       │
 7 │~                                       │
 8 │~                                       │
 9 │~                                       │
10 │~                                       │
11 │~                                       │
12 │~                                       │
13 │~                                       │
14 │~                                       │
15 │~                                       │
16 │~                                       │
17 │~                                       │
18 │log.py [+]            1,12           All│
    ────────────────────────────────────────

[SAY] Comment gone. Just the code remains.
[KEYS] 'u'
[OVERLAY] u  undo

              1         2         3         
    0123456789012345678901234567890123456789
    ────────────────────────────────────────
 0 │msg = "ok"  # old comment               │ ◂ cursor (0,12)
 1 │err = "timeout"  # remove this          │
 2 │warn = "slow"  # and this too           │
 3 │~                                       │
 4 │~                                       │
 5 │~                                       │
 6 │~                                       │
 7 │~                                       │
 8 │~                                       │
 9 │~                                       │
10 │~                                       │
11 │~                                       │
12 │~                                       │
13 │~                                       │
14 │~                                       │
15 │~                                       │
16 │~                                       │
17 │~                                       │
18 │log.py                1,13           All│
19 │1 change; be...5 seconds ago            │
    ────────────────────────────────────────

[SAY] Line two. Same thing. Find the hash. Capital D.
[KEYS] 'j'
[OVERLAY] j

              1         2         3         
    0123456789012345678901234567890123456789
    ────────────────────────────────────────
 0 │msg = "ok"  # old comment               │
 1 │err = "timeout"  # remove this          │ ◂ cursor (1,12)
 2 │warn = "slow"  # and this too           │
 3 │~                                       │
 4 │~                                       │
 5 │~                                       │
 6 │~                                       │
 7 │~                                       │
 8 │~                                       │
 9 │~                                       │
10 │~                                       │
11 │~                                       │
12 │~                                       │
13 │~                                       │
14 │~                                       │
15 │~                                       │
16 │~                                       │
17 │~                                       │
18 │log.py                2,13           All│
19 │1 change; be...5 seconds ago            │
    ────────────────────────────────────────

[KEYS] 'f#'
[OVERLAY] f#  find #

              1         2         3         
    0123456789012345678901234567890123456789
    ────────────────────────────────────────
 0 │msg = "ok"  # old comment               │
 1 │err = "timeout"  # remove this          │ ◂ cursor (1,17)
 2 │warn = "slow"  # and this too           │
 3 │~                                       │
 4 │~                                       │
 5 │~                                       │
 6 │~                                       │
 7 │~                                       │
 8 │~                                       │
 9 │~                                       │
10 │~                                       │
11 │~                                       │
12 │~                                       │
13 │~                                       │
14 │~                                       │
15 │~                                       │
16 │~                                       │
17 │~                                       │
18 │log.py                2,18           All│
19 │1 change; be...5 seconds ago            │
    ────────────────────────────────────────

[KEYS] 'D'
[OVERLAY] ⇧D  delete to end

              1         2         3         
    0123456789012345678901234567890123456789
    ────────────────────────────────────────
 0 │msg = "ok"  # old comment               │
 1 │err = "timeout"                         │ ◂ cursor (1,16)
 2 │warn = "slow"  # and this too           │
 3 │~                                       │
 4 │~                                       │
 5 │~                                       │
 6 │~                                       │
 7 │~                                       │
 8 │~                                       │
 9 │~                                       │
10 │~                                       │
11 │~                                       │
12 │~                                       │
13 │~                                       │
14 │~                                       │
15 │~                                       │
16 │~                                       │
17 │~                                       │
18 │log.py [+]            2,17           All│
19 │1 change; be...5 seconds ago            │
    ────────────────────────────────────────

[SAY] Clean. Capital D is like a line trimmer.
[KEYS] 'u'
[OVERLAY] u  undo

              1         2         3         
    0123456789012345678901234567890123456789
    ────────────────────────────────────────
 0 │msg = "ok"  # old comment               │
 1 │err = "timeout"  # remove this          │ ◂ cursor (1,17)
 2 │warn = "slow"  # and this too           │
 3 │~                                       │
 4 │~                                       │
 5 │~                                       │
 6 │~                                       │
 7 │~                                       │
 8 │~                                       │
 9 │~                                       │
10 │~                                       │
11 │~                                       │
12 │~                                       │
13 │~                                       │
14 │~                                       │
15 │~                                       │
16 │~                                       │
17 │~                                       │
18 │log.py                2,18           All│
19 │1 change; be...5 seconds ago            │
    ────────────────────────────────────────

[SAY] D D deletes the whole line. Capital D only deletes from the cursor. Big difference.
[KEYS] '2j'
[OVERLAY] 2j

              1         2         3         
    0123456789012345678901234567890123456789
    ────────────────────────────────────────
 0 │msg = "ok"  # old comment               │
 1 │err = "timeout"  # remove this          │
 2 │warn = "slow"  # and this too           │ ◂ cursor (2,17)
 3 │~                                       │
 4 │~                                       │
 5 │~                                       │
 6 │~                                       │
 7 │~                                       │
 8 │~                                       │
 9 │~                                       │
10 │~                                       │
11 │~                                       │
12 │~                                       │
13 │~                                       │
14 │~                                       │
15 │~                                       │
16 │~                                       │
17 │~                                       │
18 │log.py                3,18           All│
19 │1 change; be...5 seconds ago            │
    ────────────────────────────────────────

[KEYS] 'f#'
[OVERLAY] f#  find #

              1         2         3         
    0123456789012345678901234567890123456789
    ────────────────────────────────────────
 0 │msg = "ok"  # old comment               │
 1 │err = "timeout"  # remove this          │
 2 │warn = "slow"  # and this too           │ ◂ cursor (2,17)
 3 │~                                       │
 4 │~                                       │
 5 │~                                       │
 6 │~                                       │
 7 │~                                       │
 8 │~                                       │
 9 │~                                       │
10 │~                                       │
11 │~                                       │
12 │~                                       │
13 │~                                       │
14 │~                                       │
15 │~                                       │
16 │~                                       │
17 │~                                       │
18 │log.py                3,18           All│
19 │1 change; be...5 seconds ago            │
    ────────────────────────────────────────

[KEYS] 'D'
[OVERLAY] ⇧D  delete to end

              1         2         3         
    0123456789012345678901234567890123456789
    ────────────────────────────────────────
 0 │msg = "ok"  # old comment               │
 1 │err = "timeout"  # remove this          │
 2 │warn = "slow"  #                        │ ◂ cursor (2,16)
 3 │~                                       │
 4 │~                                       │
 5 │~                                       │
 6 │~                                       │
 7 │~                                       │
 8 │~                                       │
 9 │~                                       │
10 │~                                       │
11 │~                                       │
12 │~                                       │
13 │~                                       │
14 │~                                       │
15 │~                                       │
16 │~                                       │
17 │~                                       │
18 │log.py [+]            3,17           All│
19 │1 change; be...5 seconds ago            │
    ────────────────────────────────────────

[SAY] The code stays. Only the comment is gone.
[SAY] Capital D. Delete to end of line. Fast way to trim anything after your cursor.