[RECORDING_START] Screen state at recording start:

              1         2         3         
    0123456789012345678901234567890123456789
    в”Ђв”Ђв”Ђв”Ђв”Ђв”Ђв”Ђв”Ђв”Ђв”Ђв”Ђв”Ђв”Ђв”Ђв”Ђв”Ђв”Ђв”Ђв”Ђв”Ђв”Ђв”Ђв”Ђв”Ђв”Ђв”Ђв”Ђв”Ђв”Ђв”Ђв”Ђв”Ђв”Ђв”Ђв”Ђв”Ђв”Ђв”Ђв”Ђв”Ђ
 0 в”‚class Pizza:                            в”‚ в—‚ cursor (0,0)
 1 в”‚    def __init__(self, size):           в”‚
 2 в”‚        self.size = size                в”‚
 3 в”‚        self.toppings = []              в”‚
 4 в”‚                                        в”‚
 5 в”‚    def add(self, topping):             в”‚
 6 в”‚        self.toppings.append(topping)   в”‚
 7 в”‚        return self                     в”‚
 8 в”‚                                        в”‚
 9 в”‚    def bake(self):                     в”‚
10 в”‚        return f"{self.size} pizza!"    в”‚
11 в”‚~                                       в”‚
12 в”‚~                                       в”‚
13 в”‚~                                       в”‚
14 в”‚~                                       в”‚
15 в”‚~                                       в”‚
16 в”‚~                                       в”‚
17 в”‚pizza.py              1,1            Allв”‚
18 в”‚                                        в”‚
19 в”‚[0] 0:nvim*      "vimfu" 21:18 22-May-26в”‚
    в”Ђв”Ђв”Ђв”Ђв”Ђв”Ђв”Ђв”Ђв”Ђв”Ђв”Ђв”Ђв”Ђв”Ђв”Ђв”Ђв”Ђв”Ђв”Ђв”Ђв”Ђв”Ђв”Ђв”Ђв”Ђв”Ђв”Ђв”Ђв”Ђв”Ђв”Ђв”Ђв”Ђв”Ђв”Ђв”Ђв”Ђв”Ђв”Ђв”Ђ
[HIGHLIGHT] row 17, cols 0-39: "pizza.py              1,1            All"

[OVERLAY] VimFu вЂ” The Command Prompt
[SAY] Control B, colon opens the tmux command prompt. Like Vim's colon mode.
[SAY] I'm editing code. Let me split the window from the command prompt.
[KEYS] '\x02'
[OVERLAY] вЊѓb  prefix

              1         2         3         
    0123456789012345678901234567890123456789
    в”Ђв”Ђв”Ђв”Ђв”Ђв”Ђв”Ђв”Ђв”Ђв”Ђв”Ђв”Ђв”Ђв”Ђв”Ђв”Ђв”Ђв”Ђв”Ђв”Ђв”Ђв”Ђв”Ђв”Ђв”Ђв”Ђв”Ђв”Ђв”Ђв”Ђв”Ђв”Ђв”Ђв”Ђв”Ђв”Ђв”Ђв”Ђв”Ђв”Ђ
 0 в”‚class Pizza:                            в”‚ в—‚ cursor (0,0)
 1 в”‚    def __init__(self, size):           в”‚
 2 в”‚        self.size = size                в”‚
 3 в”‚        self.toppings = []              в”‚
 4 в”‚                                        в”‚
 5 в”‚    def add(self, topping):             в”‚
 6 в”‚        self.toppings.append(topping)   в”‚
 7 в”‚        return self                     в”‚
 8 в”‚                                        в”‚
 9 в”‚    def bake(self):                     в”‚
10 в”‚        return f"{self.size} pizza!"    в”‚
11 в”‚~                                       в”‚
12 в”‚~                                       в”‚
13 в”‚~                                       в”‚
14 в”‚~                                       в”‚
15 в”‚~                                       в”‚
16 в”‚~                                       в”‚
17 в”‚pizza.py              1,1            Allв”‚
18 в”‚                                        в”‚
19 в”‚[0] 0:nvim*      "vimfu" 21:18 22-May-26в”‚
    в”Ђв”Ђв”Ђв”Ђв”Ђв”Ђв”Ђв”Ђв”Ђв”Ђв”Ђв”Ђв”Ђв”Ђв”Ђв”Ђв”Ђв”Ђв”Ђв”Ђв”Ђв”Ђв”Ђв”Ђв”Ђв”Ђв”Ђв”Ђв”Ђв”Ђв”Ђв”Ђв”Ђв”Ђв”Ђв”Ђв”Ђв”Ђв”Ђв”Ђ
[HIGHLIGHT] row 17, cols 0-39: "pizza.py              1,1            All"

[KEYS] ':'
[OVERLAY] в‡§:  command

              1         2         3         
    0123456789012345678901234567890123456789
    в”Ђв”Ђв”Ђв”Ђв”Ђв”Ђв”Ђв”Ђв”Ђв”Ђв”Ђв”Ђв”Ђв”Ђв”Ђв”Ђв”Ђв”Ђв”Ђв”Ђв”Ђв”Ђв”Ђв”Ђв”Ђв”Ђв”Ђв”Ђв”Ђв”Ђв”Ђв”Ђв”Ђв”Ђв”Ђв”Ђв”Ђв”Ђв”Ђв”Ђ
 0 в”‚class Pizza:                            в”‚ в—‚ cursor (0,0)
 1 в”‚    def __init__(self, size):           в”‚
 2 в”‚        self.size = size                в”‚
 3 в”‚        self.toppings = []              в”‚
 4 в”‚                                        в”‚
 5 в”‚    def add(self, topping):             в”‚
 6 в”‚        self.toppings.append(topping)   в”‚
 7 в”‚        return self                     в”‚
 8 в”‚                                        в”‚
 9 в”‚    def bake(self):                     в”‚
10 в”‚        return f"{self.size} pizza!"    в”‚
11 в”‚~                                       в”‚
12 в”‚~                                       в”‚
13 в”‚~                                       в”‚
14 в”‚~                                       в”‚
15 в”‚~                                       в”‚
16 в”‚~                                       в”‚
17 в”‚pizza.py              1,1            Allв”‚
18 в”‚                                        в”‚
19 в”‚:                                       в”‚
    в”Ђв”Ђв”Ђв”Ђв”Ђв”Ђв”Ђв”Ђв”Ђв”Ђв”Ђв”Ђв”Ђв”Ђв”Ђв”Ђв”Ђв”Ђв”Ђв”Ђв”Ђв”Ђв”Ђв”Ђв”Ђв”Ђв”Ђв”Ђв”Ђв”Ђв”Ђв”Ђв”Ђв”Ђв”Ђв”Ђв”Ђв”Ђв”Ђв”Ђ
[HIGHLIGHT] row 17, cols 0-39: "pizza.py              1,1            All"

[TYPE] 'split-window -h'

              1         2         3         
    0123456789012345678901234567890123456789
    в”Ђв”Ђв”Ђв”Ђв”Ђв”Ђв”Ђв”Ђв”Ђв”Ђв”Ђв”Ђв”Ђв”Ђв”Ђв”Ђв”Ђв”Ђв”Ђв”Ђв”Ђв”Ђв”Ђв”Ђв”Ђв”Ђв”Ђв”Ђв”Ђв”Ђв”Ђв”Ђв”Ђв”Ђв”Ђв”Ђв”Ђв”Ђв”Ђв”Ђ
 0 в”‚class Pizza:                            в”‚ в—‚ cursor (0,0)
 1 в”‚    def __init__(self, size):           в”‚
 2 в”‚        self.size = size                в”‚
 3 в”‚        self.toppings = []              в”‚
 4 в”‚                                        в”‚
 5 в”‚    def add(self, topping):             в”‚
 6 в”‚        self.toppings.append(topping)   в”‚
 7 в”‚        return self                     в”‚
 8 в”‚                                        в”‚
 9 в”‚    def bake(self):                     в”‚
10 в”‚        return f"{self.size} pizza!"    в”‚
11 в”‚~                                       в”‚
12 в”‚~                                       в”‚
13 в”‚~                                       в”‚
14 в”‚~                                       в”‚
15 в”‚~                                       в”‚
16 в”‚~                                       в”‚
17 в”‚pizza.py              1,1            Allв”‚
18 в”‚                                        в”‚
19 в”‚:split-window -h                        в”‚
    в”Ђв”Ђв”Ђв”Ђв”Ђв”Ђв”Ђв”Ђв”Ђв”Ђв”Ђв”Ђв”Ђв”Ђв”Ђв”Ђв”Ђв”Ђв”Ђв”Ђв”Ђв”Ђв”Ђв”Ђв”Ђв”Ђв”Ђв”Ђв”Ђв”Ђв”Ђв”Ђв”Ђв”Ђв”Ђв”Ђв”Ђв”Ђв”Ђв”Ђ
[HIGHLIGHT] row 17, cols 0-39: "pizza.py              1,1            All"

[ENTER]

              1         2         3         
    0123456789012345678901234567890123456789
    в”Ђв”Ђв”Ђв”Ђв”Ђв”Ђв”Ђв”Ђв”Ђв”Ђв”Ђв”Ђв”Ђв”Ђв”Ђв”Ђв”Ђв”Ђв”Ђв”Ђв”Ђв”Ђв”Ђв”Ђв”Ђв”Ђв”Ђв”Ђв”Ђв”Ђв”Ђв”Ђв”Ђв”Ђв”Ђв”Ђв”Ђв”Ђв”Ђв”Ђ
 0 в”‚class Pizza:        в”‚вћњ  vimfu           в”‚ в—‚ cursor (0,30)
 1 в”‚    def __init__(selв”‚                   в”‚
 2 в”‚f, size):           в”‚                   в”‚
 3 в”‚        self.size = в”‚                   в”‚
 4 в”‚size                в”‚                   в”‚
 5 в”‚        self.toppingв”‚                   в”‚
 6 в”‚s = []              в”‚                   в”‚
 7 в”‚                    в”‚                   в”‚
 8 в”‚    def add(self, toв”‚                   в”‚
 9 в”‚pping):             в”‚                   в”‚
10 в”‚        self.toppingв”‚                   в”‚
11 в”‚s.append(topping)   в”‚                   в”‚
12 в”‚        return self в”‚                   в”‚
13 в”‚                    в”‚                   в”‚
14 в”‚    def bake(self): в”‚                   в”‚
15 в”‚        return f"{seв”‚                   в”‚
16 в”‚lf.size} pizza!"    в”‚                   в”‚
17 в”‚pizza.py  1,1    Allв”‚                   в”‚
18 в”‚                    в”‚                   в”‚
19 в”‚[0] 0:zsh*       "vimfu" 21:18 22-May-26в”‚
    в”Ђв”Ђв”Ђв”Ђв”Ђв”Ђв”Ђв”Ђв”Ђв”Ђв”Ђв”Ђв”Ђв”Ђв”Ђв”Ђв”Ђв”Ђв”Ђв”Ђв”Ђв”Ђв”Ђв”Ђв”Ђв”Ђв”Ђв”Ђв”Ђв”Ђв”Ђв”Ђв”Ђв”Ђв”Ђв”Ђв”Ђв”Ђв”Ђв”Ђ
[HIGHLIGHT] row 0, cols 0-19: "class Pizza:"
[HIGHLIGHT] row 1, cols 0-19: "    def __init__(sel"
[HIGHLIGHT] row 2, cols 0-19: "f, size):"
[HIGHLIGHT] row 3, cols 0-19: "        self.size ="
[HIGHLIGHT] row 4, cols 0-19: "size"
[HIGHLIGHT] row 5, cols 0-19: "        self.topping"
[HIGHLIGHT] row 6, cols 0-19: "s = []"
[HIGHLIGHT] row 8, cols 0-19: "    def add(self, to"
[HIGHLIGHT] row 9, cols 0-19: "pping):"
[HIGHLIGHT] row 10, cols 0-19: "        self.topping"
[HIGHLIGHT] row 11, cols 0-19: "s.append(topping)"
[HIGHLIGHT] row 12, cols 0-19: "        return self"
[HIGHLIGHT] row 14, cols 0-19: "    def bake(self):"
[HIGHLIGHT] row 15, cols 0-19: "        return f"{se"
[HIGHLIGHT] row 16, cols 0-19: "lf.size} pizza!""
[HIGHLIGHT] row 17, cols 0-19: "pizza.py  1,1    All"

[SAY] A vertical split. Code on the left, shell on the right.
[SAY] Resize it. Control B, colon again.
[KEYS] '\x02'
[OVERLAY] вЊѓb  prefix

              1         2         3         
    0123456789012345678901234567890123456789
    в”Ђв”Ђв”Ђв”Ђв”Ђв”Ђв”Ђв”Ђв”Ђв”Ђв”Ђв”Ђв”Ђв”Ђв”Ђв”Ђв”Ђв”Ђв”Ђв”Ђв”Ђв”Ђв”Ђв”Ђв”Ђв”Ђв”Ђв”Ђв”Ђв”Ђв”Ђв”Ђв”Ђв”Ђв”Ђв”Ђв”Ђв”Ђв”Ђв”Ђ
 0 в”‚class Pizza:        в”‚вћњ  vimfu           в”‚ в—‚ cursor (0,30)
 1 в”‚    def __init__(selв”‚                   в”‚
 2 в”‚f, size):           в”‚                   в”‚
 3 в”‚        self.size = в”‚                   в”‚
 4 в”‚size                в”‚                   в”‚
 5 в”‚        self.toppingв”‚                   в”‚
 6 в”‚s = []              в”‚                   в”‚
 7 в”‚                    в”‚                   в”‚
 8 в”‚    def add(self, toв”‚                   в”‚
 9 в”‚pping):             в”‚                   в”‚
10 в”‚        self.toppingв”‚                   в”‚
11 в”‚s.append(topping)   в”‚                   в”‚
12 в”‚        return self в”‚                   в”‚
13 в”‚                    в”‚                   в”‚
14 в”‚    def bake(self): в”‚                   в”‚
15 в”‚        return f"{seв”‚                   в”‚
16 в”‚lf.size} pizza!"    в”‚                   в”‚
17 в”‚pizza.py  1,1    Allв”‚                   в”‚
18 в”‚                    в”‚                   в”‚
19 в”‚[0] 0:zsh*       "vimfu" 21:18 22-May-26в”‚
    в”Ђв”Ђв”Ђв”Ђв”Ђв”Ђв”Ђв”Ђв”Ђв”Ђв”Ђв”Ђв”Ђв”Ђв”Ђв”Ђв”Ђв”Ђв”Ђв”Ђв”Ђв”Ђв”Ђв”Ђв”Ђв”Ђв”Ђв”Ђв”Ђв”Ђв”Ђв”Ђв”Ђв”Ђв”Ђв”Ђв”Ђв”Ђв”Ђв”Ђ
[HIGHLIGHT] row 0, cols 0-19: "class Pizza:"
[HIGHLIGHT] row 1, cols 0-19: "    def __init__(sel"
[HIGHLIGHT] row 2, cols 0-19: "f, size):"
[HIGHLIGHT] row 3, cols 0-19: "        self.size ="
[HIGHLIGHT] row 4, cols 0-19: "size"
[HIGHLIGHT] row 5, cols 0-19: "        self.topping"
[HIGHLIGHT] row 6, cols 0-19: "s = []"
[HIGHLIGHT] row 8, cols 0-19: "    def add(self, to"
[HIGHLIGHT] row 9, cols 0-19: "pping):"
[HIGHLIGHT] row 10, cols 0-19: "        self.topping"
[HIGHLIGHT] row 11, cols 0-19: "s.append(topping)"
[HIGHLIGHT] row 12, cols 0-19: "        return self"
[HIGHLIGHT] row 14, cols 0-19: "    def bake(self):"
[HIGHLIGHT] row 15, cols 0-19: "        return f"{se"
[HIGHLIGHT] row 16, cols 0-19: "lf.size} pizza!""
[HIGHLIGHT] row 17, cols 0-19: "pizza.py  1,1    All"

[KEYS] ':'
[OVERLAY] в‡§:  command

              1         2         3         
    0123456789012345678901234567890123456789
    в”Ђв”Ђв”Ђв”Ђв”Ђв”Ђв”Ђв”Ђв”Ђв”Ђв”Ђв”Ђв”Ђв”Ђв”Ђв”Ђв”Ђв”Ђв”Ђв”Ђв”Ђв”Ђв”Ђв”Ђв”Ђв”Ђв”Ђв”Ђв”Ђв”Ђв”Ђв”Ђв”Ђв”Ђв”Ђв”Ђв”Ђв”Ђв”Ђв”Ђ
 0 в”‚class Pizza:        в”‚вћњ  vimfu           в”‚ в—‚ cursor (0,30)
 1 в”‚    def __init__(selв”‚                   в”‚
 2 в”‚f, size):           в”‚                   в”‚
 3 в”‚        self.size = в”‚                   в”‚
 4 в”‚size                в”‚                   в”‚
 5 в”‚        self.toppingв”‚                   в”‚
 6 в”‚s = []              в”‚                   в”‚
 7 в”‚                    в”‚                   в”‚
 8 в”‚    def add(self, toв”‚                   в”‚
 9 в”‚pping):             в”‚                   в”‚
10 в”‚        self.toppingв”‚                   в”‚
11 в”‚s.append(topping)   в”‚                   в”‚
12 в”‚        return self в”‚                   в”‚
13 в”‚                    в”‚                   в”‚
14 в”‚    def bake(self): в”‚                   в”‚
15 в”‚        return f"{seв”‚                   в”‚
16 в”‚lf.size} pizza!"    в”‚                   в”‚
17 в”‚pizza.py  1,1    Allв”‚                   в”‚
18 в”‚                    в”‚                   в”‚
19 в”‚:                                       в”‚
    в”Ђв”Ђв”Ђв”Ђв”Ђв”Ђв”Ђв”Ђв”Ђв”Ђв”Ђв”Ђв”Ђв”Ђв”Ђв”Ђв”Ђв”Ђв”Ђв”Ђв”Ђв”Ђв”Ђв”Ђв”Ђв”Ђв”Ђв”Ђв”Ђв”Ђв”Ђв”Ђв”Ђв”Ђв”Ђв”Ђв”Ђв”Ђв”Ђв”Ђ
[HIGHLIGHT] row 0, cols 0-19: "class Pizza:"
[HIGHLIGHT] row 1, cols 0-19: "    def __init__(sel"
[HIGHLIGHT] row 2, cols 0-19: "f, size):"
[HIGHLIGHT] row 3, cols 0-19: "        self.size ="
[HIGHLIGHT] row 4, cols 0-19: "size"
[HIGHLIGHT] row 5, cols 0-19: "        self.topping"
[HIGHLIGHT] row 6, cols 0-19: "s = []"
[HIGHLIGHT] row 8, cols 0-19: "    def add(self, to"
[HIGHLIGHT] row 9, cols 0-19: "pping):"
[HIGHLIGHT] row 10, cols 0-19: "        self.topping"
[HIGHLIGHT] row 11, cols 0-19: "s.append(topping)"
[HIGHLIGHT] row 12, cols 0-19: "        return self"
[HIGHLIGHT] row 14, cols 0-19: "    def bake(self):"
[HIGHLIGHT] row 15, cols 0-19: "        return f"{se"
[HIGHLIGHT] row 16, cols 0-19: "lf.size} pizza!""
[HIGHLIGHT] row 17, cols 0-19: "pizza.py  1,1    All"

[TYPE] 'resize-pane -R 5'

              1         2         3         
    0123456789012345678901234567890123456789
    в”Ђв”Ђв”Ђв”Ђв”Ђв”Ђв”Ђв”Ђв”Ђв”Ђв”Ђв”Ђв”Ђв”Ђв”Ђв”Ђв”Ђв”Ђв”Ђв”Ђв”Ђв”Ђв”Ђв”Ђв”Ђв”Ђв”Ђв”Ђв”Ђв”Ђв”Ђв”Ђв”Ђв”Ђв”Ђв”Ђв”Ђв”Ђв”Ђв”Ђ
 0 в”‚class Pizza:        в”‚вћњ  vimfu           в”‚ в—‚ cursor (0,30)
 1 в”‚    def __init__(selв”‚                   в”‚
 2 в”‚f, size):           в”‚                   в”‚
 3 в”‚        self.size = в”‚                   в”‚
 4 в”‚size                в”‚                   в”‚
 5 в”‚        self.toppingв”‚                   в”‚
 6 в”‚s = []              в”‚                   в”‚
 7 в”‚                    в”‚                   в”‚
 8 в”‚    def add(self, toв”‚                   в”‚
 9 в”‚pping):             в”‚                   в”‚
10 в”‚        self.toppingв”‚                   в”‚
11 в”‚s.append(topping)   в”‚                   в”‚
12 в”‚        return self в”‚                   в”‚
13 в”‚                    в”‚                   в”‚
14 в”‚    def bake(self): в”‚                   в”‚
15 в”‚        return f"{seв”‚                   в”‚
16 в”‚lf.size} pizza!"    в”‚                   в”‚
17 в”‚pizza.py  1,1    Allв”‚                   в”‚
18 в”‚                    в”‚                   в”‚
19 в”‚:resize-pane -R 5                       в”‚
    в”Ђв”Ђв”Ђв”Ђв”Ђв”Ђв”Ђв”Ђв”Ђв”Ђв”Ђв”Ђв”Ђв”Ђв”Ђв”Ђв”Ђв”Ђв”Ђв”Ђв”Ђв”Ђв”Ђв”Ђв”Ђв”Ђв”Ђв”Ђв”Ђв”Ђв”Ђв”Ђв”Ђв”Ђв”Ђв”Ђв”Ђв”Ђв”Ђв”Ђ
[HIGHLIGHT] row 0, cols 0-19: "class Pizza:"
[HIGHLIGHT] row 1, cols 0-19: "    def __init__(sel"
[HIGHLIGHT] row 2, cols 0-19: "f, size):"
[HIGHLIGHT] row 3, cols 0-19: "        self.size ="
[HIGHLIGHT] row 4, cols 0-19: "size"
[HIGHLIGHT] row 5, cols 0-19: "        self.topping"
[HIGHLIGHT] row 6, cols 0-19: "s = []"
[HIGHLIGHT] row 8, cols 0-19: "    def add(self, to"
[HIGHLIGHT] row 9, cols 0-19: "pping):"
[HIGHLIGHT] row 10, cols 0-19: "        self.topping"
[HIGHLIGHT] row 11, cols 0-19: "s.append(topping)"
[HIGHLIGHT] row 12, cols 0-19: "        return self"
[HIGHLIGHT] row 14, cols 0-19: "    def bake(self):"
[HIGHLIGHT] row 15, cols 0-19: "        return f"{se"
[HIGHLIGHT] row 16, cols 0-19: "lf.size} pizza!""
[HIGHLIGHT] row 17, cols 0-19: "pizza.py  1,1    All"

[ENTER]

              1         2         3         
    0123456789012345678901234567890123456789
    в”Ђв”Ђв”Ђв”Ђв”Ђв”Ђв”Ђв”Ђв”Ђв”Ђв”Ђв”Ђв”Ђв”Ђв”Ђв”Ђв”Ђв”Ђв”Ђв”Ђв”Ђв”Ђв”Ђв”Ђв”Ђв”Ђв”Ђв”Ђв”Ђв”Ђв”Ђв”Ђв”Ђв”Ђв”Ђв”Ђв”Ђв”Ђв”Ђв”Ђ
 0 в”‚class Pizza:             в”‚вћњ  vimfu      в”‚ в—‚ cursor (0,35)
 1 в”‚    def __init__(self, siв”‚              в”‚
 2 в”‚ze):                     в”‚              в”‚
 3 в”‚        self.size = size в”‚              в”‚
 4 в”‚        self.toppings = [в”‚              в”‚
 5 в”‚]                        в”‚              в”‚
 6 в”‚                         в”‚              в”‚
 7 в”‚    def add(self, toppingв”‚              в”‚
 8 в”‚):                       в”‚              в”‚
 9 в”‚        self.toppings.appв”‚              в”‚
10 в”‚end(topping)             в”‚              в”‚
11 в”‚        return self      в”‚              в”‚
12 в”‚                         в”‚              в”‚
13 в”‚    def bake(self):      в”‚              в”‚
14 в”‚        return f"{self.siв”‚              в”‚
15 в”‚ze} pizza!"              в”‚              в”‚
16 в”‚~                        в”‚              в”‚
17 в”‚pizza.py     1,1      Allв”‚              в”‚
18 в”‚                         в”‚              в”‚
19 в”‚[0] 0:zsh*       "vimfu" 21:18 22-May-26в”‚
    в”Ђв”Ђв”Ђв”Ђв”Ђв”Ђв”Ђв”Ђв”Ђв”Ђв”Ђв”Ђв”Ђв”Ђв”Ђв”Ђв”Ђв”Ђв”Ђв”Ђв”Ђв”Ђв”Ђв”Ђв”Ђв”Ђв”Ђв”Ђв”Ђв”Ђв”Ђв”Ђв”Ђв”Ђв”Ђв”Ђв”Ђв”Ђв”Ђв”Ђ
[HIGHLIGHT] row 0, cols 25-39: "в”‚вћњ  vimfu"
[HIGHLIGHT] row 1, cols 25-39: "в”‚"
[HIGHLIGHT] row 2, cols 25-39: "в”‚"
[HIGHLIGHT] row 3, cols 25-39: "в”‚"
[HIGHLIGHT] row 4, cols 25-39: "в”‚"
[HIGHLIGHT] row 5, cols 25-39: "в”‚"
[HIGHLIGHT] row 6, cols 25-39: "в”‚"
[HIGHLIGHT] row 7, cols 25-39: "в”‚"
[HIGHLIGHT] row 8, cols 25-39: "в”‚"
[HIGHLIGHT] row 9, cols 25-39: "в”‚"
[HIGHLIGHT] row 10, cols 25-39: "в”‚"
[HIGHLIGHT] row 11, cols 25-39: "в”‚"
[HIGHLIGHT] row 12, cols 25-39: "в”‚"
[HIGHLIGHT] row 13, cols 25-39: "в”‚"
[HIGHLIGHT] row 14, cols 25-39: "в”‚"
[HIGHLIGHT] row 15, cols 25-39: "в”‚"
[HIGHLIGHT] row 16, cols 25-39: "в”‚"
[HIGHLIGHT] row 17, cols 0-24: "pizza.py     1,1      All"
[HIGHLIGHT] row 17, cols 25-39: "в”‚"

[SAY] Five cells wider. Any tmux command works here.
[SAY] Want to see every command? List commands.
[KEYS] '\x02'
[OVERLAY] вЊѓb  prefix

              1         2         3         
    0123456789012345678901234567890123456789
    в”Ђв”Ђв”Ђв”Ђв”Ђв”Ђв”Ђв”Ђв”Ђв”Ђв”Ђв”Ђв”Ђв”Ђв”Ђв”Ђв”Ђв”Ђв”Ђв”Ђв”Ђв”Ђв”Ђв”Ђв”Ђв”Ђв”Ђв”Ђв”Ђв”Ђв”Ђв”Ђв”Ђв”Ђв”Ђв”Ђв”Ђв”Ђв”Ђв”Ђ
 0 в”‚class Pizza:             в”‚вћњ  vimfu      в”‚ в—‚ cursor (0,35)
 1 в”‚    def __init__(self, siв”‚              в”‚
 2 в”‚ze):                     в”‚              в”‚
 3 в”‚        self.size = size в”‚              в”‚
 4 в”‚        self.toppings = [в”‚              в”‚
 5 в”‚]                        в”‚              в”‚
 6 в”‚                         в”‚              в”‚
 7 в”‚    def add(self, toppingв”‚              в”‚
 8 в”‚):                       в”‚              в”‚
 9 в”‚        self.toppings.appв”‚              в”‚
10 в”‚end(topping)             в”‚              в”‚
11 в”‚        return self      в”‚              в”‚
12 в”‚                         в”‚              в”‚
13 в”‚    def bake(self):      в”‚              в”‚
14 в”‚        return f"{self.siв”‚              в”‚
15 в”‚ze} pizza!"              в”‚              в”‚
16 в”‚~                        в”‚              в”‚
17 в”‚pizza.py     1,1      Allв”‚              в”‚
18 в”‚                         в”‚              в”‚
19 в”‚[0] 0:zsh*       "vimfu" 21:18 22-May-26в”‚
    в”Ђв”Ђв”Ђв”Ђв”Ђв”Ђв”Ђв”Ђв”Ђв”Ђв”Ђв”Ђв”Ђв”Ђв”Ђв”Ђв”Ђв”Ђв”Ђв”Ђв”Ђв”Ђв”Ђв”Ђв”Ђв”Ђв”Ђв”Ђв”Ђв”Ђв”Ђв”Ђв”Ђв”Ђв”Ђв”Ђв”Ђв”Ђв”Ђв”Ђ
[HIGHLIGHT] row 0, cols 25-39: "в”‚вћњ  vimfu"
[HIGHLIGHT] row 1, cols 25-39: "в”‚"
[HIGHLIGHT] row 2, cols 25-39: "в”‚"
[HIGHLIGHT] row 3, cols 25-39: "в”‚"
[HIGHLIGHT] row 4, cols 25-39: "в”‚"
[HIGHLIGHT] row 5, cols 25-39: "в”‚"
[HIGHLIGHT] row 6, cols 25-39: "в”‚"
[HIGHLIGHT] row 7, cols 25-39: "в”‚"
[HIGHLIGHT] row 8, cols 25-39: "в”‚"
[HIGHLIGHT] row 9, cols 25-39: "в”‚"
[HIGHLIGHT] row 10, cols 25-39: "в”‚"
[HIGHLIGHT] row 11, cols 25-39: "в”‚"
[HIGHLIGHT] row 12, cols 25-39: "в”‚"
[HIGHLIGHT] row 13, cols 25-39: "в”‚"
[HIGHLIGHT] row 14, cols 25-39: "в”‚"
[HIGHLIGHT] row 15, cols 25-39: "в”‚"
[HIGHLIGHT] row 16, cols 25-39: "в”‚"
[HIGHLIGHT] row 17, cols 0-24: "pizza.py     1,1      All"
[HIGHLIGHT] row 17, cols 25-39: "в”‚"

[KEYS] ':'
[OVERLAY] в‡§:  command

              1         2         3         
    0123456789012345678901234567890123456789
    в”Ђв”Ђв”Ђв”Ђв”Ђв”Ђв”Ђв”Ђв”Ђв”Ђв”Ђв”Ђв”Ђв”Ђв”Ђв”Ђв”Ђв”Ђв”Ђв”Ђв”Ђв”Ђв”Ђв”Ђв”Ђв”Ђв”Ђв”Ђв”Ђв”Ђв”Ђв”Ђв”Ђв”Ђв”Ђв”Ђв”Ђв”Ђв”Ђв”Ђ
 0 в”‚class Pizza:             в”‚вћњ  vimfu      в”‚ в—‚ cursor (0,35)
 1 в”‚    def __init__(self, siв”‚              в”‚
 2 в”‚ze):                     в”‚              в”‚
 3 в”‚        self.size = size в”‚              в”‚
 4 в”‚        self.toppings = [в”‚              в”‚
 5 в”‚]                        в”‚              в”‚
 6 в”‚                         в”‚              в”‚
 7 в”‚    def add(self, toppingв”‚              в”‚
 8 в”‚):                       в”‚              в”‚
 9 в”‚        self.toppings.appв”‚              в”‚
10 в”‚end(topping)             в”‚              в”‚
11 в”‚        return self      в”‚              в”‚
12 в”‚                         в”‚              в”‚
13 в”‚    def bake(self):      в”‚              в”‚
14 в”‚        return f"{self.siв”‚              в”‚
15 в”‚ze} pizza!"              в”‚              в”‚
16 в”‚~                        в”‚              в”‚
17 в”‚pizza.py     1,1      Allв”‚              в”‚
18 в”‚                         в”‚              в”‚
19 в”‚:                                       в”‚
    в”Ђв”Ђв”Ђв”Ђв”Ђв”Ђв”Ђв”Ђв”Ђв”Ђв”Ђв”Ђв”Ђв”Ђв”Ђв”Ђв”Ђв”Ђв”Ђв”Ђв”Ђв”Ђв”Ђв”Ђв”Ђв”Ђв”Ђв”Ђв”Ђв”Ђв”Ђв”Ђв”Ђв”Ђв”Ђв”Ђв”Ђв”Ђв”Ђв”Ђ
[HIGHLIGHT] row 0, cols 25-39: "в”‚вћњ  vimfu"
[HIGHLIGHT] row 1, cols 25-39: "в”‚"
[HIGHLIGHT] row 2, cols 25-39: "в”‚"
[HIGHLIGHT] row 3, cols 25-39: "в”‚"
[HIGHLIGHT] row 4, cols 25-39: "в”‚"
[HIGHLIGHT] row 5, cols 25-39: "в”‚"
[HIGHLIGHT] row 6, cols 25-39: "в”‚"
[HIGHLIGHT] row 7, cols 25-39: "в”‚"
[HIGHLIGHT] row 8, cols 25-39: "в”‚"
[HIGHLIGHT] row 9, cols 25-39: "в”‚"
[HIGHLIGHT] row 10, cols 25-39: "в”‚"
[HIGHLIGHT] row 11, cols 25-39: "в”‚"
[HIGHLIGHT] row 12, cols 25-39: "в”‚"
[HIGHLIGHT] row 13, cols 25-39: "в”‚"
[HIGHLIGHT] row 14, cols 25-39: "в”‚"
[HIGHLIGHT] row 15, cols 25-39: "в”‚"
[HIGHLIGHT] row 16, cols 25-39: "в”‚"
[HIGHLIGHT] row 17, cols 0-24: "pizza.py     1,1      All"
[HIGHLIGHT] row 17, cols 25-39: "в”‚"

[TYPE] 'list-commands'

              1         2         3         
    0123456789012345678901234567890123456789
    в”Ђв”Ђв”Ђв”Ђв”Ђв”Ђв”Ђв”Ђв”Ђв”Ђв”Ђв”Ђв”Ђв”Ђв”Ђв”Ђв”Ђв”Ђв”Ђв”Ђв”Ђв”Ђв”Ђв”Ђв”Ђв”Ђв”Ђв”Ђв”Ђв”Ђв”Ђв”Ђв”Ђв”Ђв”Ђв”Ђв”Ђв”Ђв”Ђв”Ђ
 0 в”‚class Pizza:             в”‚вћњ  vimfu      в”‚ в—‚ cursor (0,35)
 1 в”‚    def __init__(self, siв”‚              в”‚
 2 в”‚ze):                     в”‚              в”‚
 3 в”‚        self.size = size в”‚              в”‚
 4 в”‚        self.toppings = [в”‚              в”‚
 5 в”‚]                        в”‚              в”‚
 6 в”‚                         в”‚              в”‚
 7 в”‚    def add(self, toppingв”‚              в”‚
 8 в”‚):                       в”‚              в”‚
 9 в”‚        self.toppings.appв”‚              в”‚
10 в”‚end(topping)             в”‚              в”‚
11 в”‚        return self      в”‚              в”‚
12 в”‚                         в”‚              в”‚
13 в”‚    def bake(self):      в”‚              в”‚
14 в”‚        return f"{self.siв”‚              в”‚
15 в”‚ze} pizza!"              в”‚              в”‚
16 в”‚~                        в”‚              в”‚
17 в”‚pizza.py     1,1      Allв”‚              в”‚
18 в”‚                         в”‚              в”‚
19 в”‚:list-commands                          в”‚
    в”Ђв”Ђв”Ђв”Ђв”Ђв”Ђв”Ђв”Ђв”Ђв”Ђв”Ђв”Ђв”Ђв”Ђв”Ђв”Ђв”Ђв”Ђв”Ђв”Ђв”Ђв”Ђв”Ђв”Ђв”Ђв”Ђв”Ђв”Ђв”Ђв”Ђв”Ђв”Ђв”Ђв”Ђв”Ђв”Ђв”Ђв”Ђв”Ђв”Ђ
[HIGHLIGHT] row 0, cols 25-39: "в”‚вћњ  vimfu"
[HIGHLIGHT] row 1, cols 25-39: "в”‚"
[HIGHLIGHT] row 2, cols 25-39: "в”‚"
[HIGHLIGHT] row 3, cols 25-39: "в”‚"
[HIGHLIGHT] row 4, cols 25-39: "в”‚"
[HIGHLIGHT] row 5, cols 25-39: "в”‚"
[HIGHLIGHT] row 6, cols 25-39: "в”‚"
[HIGHLIGHT] row 7, cols 25-39: "в”‚"
[HIGHLIGHT] row 8, cols 25-39: "в”‚"
[HIGHLIGHT] row 9, cols 25-39: "в”‚"
[HIGHLIGHT] row 10, cols 25-39: "в”‚"
[HIGHLIGHT] row 11, cols 25-39: "в”‚"
[HIGHLIGHT] row 12, cols 25-39: "в”‚"
[HIGHLIGHT] row 13, cols 25-39: "в”‚"
[HIGHLIGHT] row 14, cols 25-39: "в”‚"
[HIGHLIGHT] row 15, cols 25-39: "в”‚"
[HIGHLIGHT] row 16, cols 25-39: "в”‚"
[HIGHLIGHT] row 17, cols 0-24: "pizza.py     1,1      All"
[HIGHLIGHT] row 17, cols 25-39: "в”‚"

[ENTER]

              1         2         3         
    0123456789012345678901234567890123456789
    в”Ђв”Ђв”Ђв”Ђв”Ђв”Ђв”Ђв”Ђв”Ђв”Ђв”Ђв”Ђв”Ђв”Ђв”Ђв”Ђв”Ђв”Ђв”Ђв”Ђв”Ђв”Ђв”Ђв”Ђв”Ђв”Ђв”Ђв”Ђв”Ђв”Ђв”Ђв”Ђв”Ђв”Ђв”Ђв”Ђв”Ђв”Ђв”Ђв”Ђ
 0 в”‚class Pizza:             в”‚attac[415/415]в”‚ в—‚ cursor (0,26)
 1 в”‚    def __init__(self, siв”‚ (attach) [-dEв”‚
 2 в”‚ze):                     в”‚rx] [-c workinв”‚
 3 в”‚        self.size = size в”‚g-directory] [в”‚
 4 в”‚        self.toppings = [в”‚-f flags] [-t в”‚
 5 в”‚]                        в”‚target-sessionв”‚
 6 в”‚                         в”‚]             в”‚
 7 в”‚    def add(self, toppingв”‚bind-key (bindв”‚
 8 в”‚):                       в”‚) [-nr] [-T keв”‚
 9 в”‚        self.toppings.appв”‚y-table] [-N nв”‚
10 в”‚end(topping)             в”‚ote] key [commв”‚
11 в”‚        return self      в”‚and [argumentsв”‚
12 в”‚                         в”‚]]            в”‚
13 в”‚    def bake(self):      в”‚break-pane (brв”‚
14 в”‚        return f"{self.siв”‚eakp) [-abdP] в”‚
15 в”‚ze} pizza!"              в”‚[-F format] [-в”‚
16 в”‚~                        в”‚n window-name]в”‚
17 в”‚pizza.py     1,1      Allв”‚ [-s src-pane]в”‚
18 в”‚                         в”‚ [-t dst-windoв”‚
19 в”‚[0] 0:[tmux]*    "vimfu" 21:18 22-May-26в”‚
    в”Ђв”Ђв”Ђв”Ђв”Ђв”Ђв”Ђв”Ђв”Ђв”Ђв”Ђв”Ђв”Ђв”Ђв”Ђв”Ђв”Ђв”Ђв”Ђв”Ђв”Ђв”Ђв”Ђв”Ђв”Ђв”Ђв”Ђв”Ђв”Ђв”Ђв”Ђв”Ђв”Ђв”Ђв”Ђв”Ђв”Ђв”Ђв”Ђв”Ђ
[HIGHLIGHT] row 0, cols 25-30: "в”‚ttac"
[HIGHLIGHT] row 0, cols 31-39: "[415/415]"
[HIGHLIGHT] row 1, cols 25-39: "в”‚ (attach) [-dE"
[HIGHLIGHT] row 2, cols 25-39: "в”‚rx] [-c workin"
[HIGHLIGHT] row 3, cols 25-39: "в”‚g-directory] ["
[HIGHLIGHT] row 4, cols 25-39: "в”‚-f flags] [-t"
[HIGHLIGHT] row 5, cols 25-39: "в”‚target-session"
[HIGHLIGHT] row 6, cols 25-39: "в”‚]"
[HIGHLIGHT] row 7, cols 25-39: "в”‚bind-key (bind"
[HIGHLIGHT] row 8, cols 25-39: "в”‚) [-nr] [-T ke"
[HIGHLIGHT] row 9, cols 25-39: "в”‚y-table] [-N n"
[HIGHLIGHT] row 10, cols 25-39: "в”‚ote] key [comm"
[HIGHLIGHT] row 11, cols 25-39: "в”‚and [arguments"
[HIGHLIGHT] row 12, cols 25-39: "в”‚]]"
[HIGHLIGHT] row 13, cols 25-39: "в”‚break-pane (br"
[HIGHLIGHT] row 14, cols 25-39: "в”‚eakp) [-abdP]"
[HIGHLIGHT] row 15, cols 25-39: "в”‚[-F format] [-"
[HIGHLIGHT] row 16, cols 25-39: "в”‚n window-name]"
[HIGHLIGHT] row 17, cols 0-24: "pizza.py     1,1      All"
[HIGHLIGHT] row 17, cols 25-39: "в”‚ [-s src-pane]"

[SAY] Every command you can type at the prompt. Scroll through them.
[KEYS] 'j'
[OVERLAY] j  down

              1         2         3         
    0123456789012345678901234567890123456789
    в”Ђв”Ђв”Ђв”Ђв”Ђв”Ђв”Ђв”Ђв”Ђв”Ђв”Ђв”Ђв”Ђв”Ђв”Ђв”Ђв”Ђв”Ђв”Ђв”Ђв”Ђв”Ђв”Ђв”Ђв”Ђв”Ђв”Ђв”Ђв”Ђв”Ђв”Ђв”Ђв”Ђв”Ђв”Ђв”Ђв”Ђв”Ђв”Ђв”Ђ
 0 в”‚class Pizza:             в”‚attac[415/415]в”‚ в—‚ cursor (0,26)
 1 в”‚    def __init__(self, siв”‚ (attach) [-dEв”‚
 2 в”‚ze):                     в”‚rx] [-c workinв”‚
 3 в”‚        self.size = size в”‚g-directory] [в”‚
 4 в”‚        self.toppings = [в”‚-f flags] [-t в”‚
 5 в”‚]                        в”‚target-sessionв”‚
 6 в”‚                         в”‚]             в”‚
 7 в”‚    def add(self, toppingв”‚bind-key (bindв”‚
 8 в”‚):                       в”‚) [-nr] [-T keв”‚
 9 в”‚        self.toppings.appв”‚y-table] [-N nв”‚
10 в”‚end(topping)             в”‚ote] key [commв”‚
11 в”‚        return self      в”‚and [argumentsв”‚
12 в”‚                         в”‚]]            в”‚
13 в”‚    def bake(self):      в”‚break-pane (brв”‚
14 в”‚        return f"{self.siв”‚eakp) [-abdP] в”‚
15 в”‚ze} pizza!"              в”‚[-F format] [-в”‚
16 в”‚~                        в”‚n window-name]в”‚
17 в”‚pizza.py     1,1      Allв”‚ [-s src-pane]в”‚
18 в”‚                         в”‚ [-t dst-windoв”‚
19 в”‚[0] 0:[tmux]*    "vimfu" 21:18 22-May-26в”‚
    в”Ђв”Ђв”Ђв”Ђв”Ђв”Ђв”Ђв”Ђв”Ђв”Ђв”Ђв”Ђв”Ђв”Ђв”Ђв”Ђв”Ђв”Ђв”Ђв”Ђв”Ђв”Ђв”Ђв”Ђв”Ђв”Ђв”Ђв”Ђв”Ђв”Ђв”Ђв”Ђв”Ђв”Ђв”Ђв”Ђв”Ђв”Ђв”Ђв”Ђ
[HIGHLIGHT] row 0, cols 25-30: "в”‚ttac"
[HIGHLIGHT] row 0, cols 31-39: "[415/415]"
[HIGHLIGHT] row 1, cols 25-39: "в”‚ (attach) [-dE"
[HIGHLIGHT] row 2, cols 25-39: "в”‚rx] [-c workin"
[HIGHLIGHT] row 3, cols 25-39: "в”‚g-directory] ["
[HIGHLIGHT] row 4, cols 25-39: "в”‚-f flags] [-t"
[HIGHLIGHT] row 5, cols 25-39: "в”‚target-session"
[HIGHLIGHT] row 6, cols 25-39: "в”‚]"
[HIGHLIGHT] row 7, cols 25-39: "в”‚bind-key (bind"
[HIGHLIGHT] row 8, cols 25-39: "в”‚) [-nr] [-T ke"
[HIGHLIGHT] row 9, cols 25-39: "в”‚y-table] [-N n"
[HIGHLIGHT] row 10, cols 25-39: "в”‚ote] key [comm"
[HIGHLIGHT] row 11, cols 25-39: "в”‚and [arguments"
[HIGHLIGHT] row 12, cols 25-39: "в”‚]]"
[HIGHLIGHT] row 13, cols 25-39: "в”‚break-pane (br"
[HIGHLIGHT] row 14, cols 25-39: "в”‚eakp) [-abdP]"
[HIGHLIGHT] row 15, cols 25-39: "в”‚[-F format] [-"
[HIGHLIGHT] row 16, cols 25-39: "в”‚n window-name]"
[HIGHLIGHT] row 17, cols 0-24: "pizza.py     1,1      All"
[HIGHLIGHT] row 17, cols 25-39: "в”‚ [-s src-pane]"

[KEYS] 'j'
[OVERLAY] j  down

              1         2         3         
    0123456789012345678901234567890123456789
    в”Ђв”Ђв”Ђв”Ђв”Ђв”Ђв”Ђв”Ђв”Ђв”Ђв”Ђв”Ђв”Ђв”Ђв”Ђв”Ђв”Ђв”Ђв”Ђв”Ђв”Ђв”Ђв”Ђв”Ђв”Ђв”Ђв”Ђв”Ђв”Ђв”Ђв”Ђв”Ђв”Ђв”Ђв”Ђв”Ђв”Ђв”Ђв”Ђв”Ђ
 0 в”‚class Pizza:             в”‚attac[415/415]в”‚ в—‚ cursor (0,26)
 1 в”‚    def __init__(self, siв”‚ (attach) [-dEв”‚
 2 в”‚ze):                     в”‚rx] [-c workinв”‚
 3 в”‚        self.size = size в”‚g-directory] [в”‚
 4 в”‚        self.toppings = [в”‚-f flags] [-t в”‚
 5 в”‚]                        в”‚target-sessionв”‚
 6 в”‚                         в”‚]             в”‚
 7 в”‚    def add(self, toppingв”‚bind-key (bindв”‚
 8 в”‚):                       в”‚) [-nr] [-T keв”‚
 9 в”‚        self.toppings.appв”‚y-table] [-N nв”‚
10 в”‚end(topping)             в”‚ote] key [commв”‚
11 в”‚        return self      в”‚and [argumentsв”‚
12 в”‚                         в”‚]]            в”‚
13 в”‚    def bake(self):      в”‚break-pane (brв”‚
14 в”‚        return f"{self.siв”‚eakp) [-abdP] в”‚
15 в”‚ze} pizza!"              в”‚[-F format] [-в”‚
16 в”‚~                        в”‚n window-name]в”‚
17 в”‚pizza.py     1,1      Allв”‚ [-s src-pane]в”‚
18 в”‚                         в”‚ [-t dst-windoв”‚
19 в”‚[0] 0:[tmux]*    "vimfu" 21:18 22-May-26в”‚
    в”Ђв”Ђв”Ђв”Ђв”Ђв”Ђв”Ђв”Ђв”Ђв”Ђв”Ђв”Ђв”Ђв”Ђв”Ђв”Ђв”Ђв”Ђв”Ђв”Ђв”Ђв”Ђв”Ђв”Ђв”Ђв”Ђв”Ђв”Ђв”Ђв”Ђв”Ђв”Ђв”Ђв”Ђв”Ђв”Ђв”Ђв”Ђв”Ђв”Ђ
[HIGHLIGHT] row 0, cols 25-30: "в”‚ttac"
[HIGHLIGHT] row 0, cols 31-39: "[415/415]"
[HIGHLIGHT] row 1, cols 25-39: "в”‚ (attach) [-dE"
[HIGHLIGHT] row 2, cols 25-39: "в”‚rx] [-c workin"
[HIGHLIGHT] row 3, cols 25-39: "в”‚g-directory] ["
[HIGHLIGHT] row 4, cols 25-39: "в”‚-f flags] [-t"
[HIGHLIGHT] row 5, cols 25-39: "в”‚target-session"
[HIGHLIGHT] row 6, cols 25-39: "в”‚]"
[HIGHLIGHT] row 7, cols 25-39: "в”‚bind-key (bind"
[HIGHLIGHT] row 8, cols 25-39: "в”‚) [-nr] [-T ke"
[HIGHLIGHT] row 9, cols 25-39: "в”‚y-table] [-N n"
[HIGHLIGHT] row 10, cols 25-39: "в”‚ote] key [comm"
[HIGHLIGHT] row 11, cols 25-39: "в”‚and [arguments"
[HIGHLIGHT] row 12, cols 25-39: "в”‚]]"
[HIGHLIGHT] row 13, cols 25-39: "в”‚break-pane (br"
[HIGHLIGHT] row 14, cols 25-39: "в”‚eakp) [-abdP]"
[HIGHLIGHT] row 15, cols 25-39: "в”‚[-F format] [-"
[HIGHLIGHT] row 16, cols 25-39: "в”‚n window-name]"
[HIGHLIGHT] row 17, cols 0-24: "pizza.py     1,1      All"
[HIGHLIGHT] row 17, cols 25-39: "в”‚ [-s src-pane]"

[KEYS] 'j'
[OVERLAY] j  down

              1         2         3         
    0123456789012345678901234567890123456789
    в”Ђв”Ђв”Ђв”Ђв”Ђв”Ђв”Ђв”Ђв”Ђв”Ђв”Ђв”Ђв”Ђв”Ђв”Ђв”Ђв”Ђв”Ђв”Ђв”Ђв”Ђв”Ђв”Ђв”Ђв”Ђв”Ђв”Ђв”Ђв”Ђв”Ђв”Ђв”Ђв”Ђв”Ђв”Ђв”Ђв”Ђв”Ђв”Ђв”Ђ
 0 в”‚class Pizza:             в”‚attac[415/415]в”‚ в—‚ cursor (0,26)
 1 в”‚    def __init__(self, siв”‚ (attach) [-dEв”‚
 2 в”‚ze):                     в”‚rx] [-c workinв”‚
 3 в”‚        self.size = size в”‚g-directory] [в”‚
 4 в”‚        self.toppings = [в”‚-f flags] [-t в”‚
 5 в”‚]                        в”‚target-sessionв”‚
 6 в”‚                         в”‚]             в”‚
 7 в”‚    def add(self, toppingв”‚bind-key (bindв”‚
 8 в”‚):                       в”‚) [-nr] [-T keв”‚
 9 в”‚        self.toppings.appв”‚y-table] [-N nв”‚
10 в”‚end(topping)             в”‚ote] key [commв”‚
11 в”‚        return self      в”‚and [argumentsв”‚
12 в”‚                         в”‚]]            в”‚
13 в”‚    def bake(self):      в”‚break-pane (brв”‚
14 в”‚        return f"{self.siв”‚eakp) [-abdP] в”‚
15 в”‚ze} pizza!"              в”‚[-F format] [-в”‚
16 в”‚~                        в”‚n window-name]в”‚
17 в”‚pizza.py     1,1      Allв”‚ [-s src-pane]в”‚
18 в”‚                         в”‚ [-t dst-windoв”‚
19 в”‚[0] 0:[tmux]*    "vimfu" 21:18 22-May-26в”‚
    в”Ђв”Ђв”Ђв”Ђв”Ђв”Ђв”Ђв”Ђв”Ђв”Ђв”Ђв”Ђв”Ђв”Ђв”Ђв”Ђв”Ђв”Ђв”Ђв”Ђв”Ђв”Ђв”Ђв”Ђв”Ђв”Ђв”Ђв”Ђв”Ђв”Ђв”Ђв”Ђв”Ђв”Ђв”Ђв”Ђв”Ђв”Ђв”Ђв”Ђ
[HIGHLIGHT] row 0, cols 25-30: "в”‚ttac"
[HIGHLIGHT] row 0, cols 31-39: "[415/415]"
[HIGHLIGHT] row 1, cols 25-39: "в”‚ (attach) [-dE"
[HIGHLIGHT] row 2, cols 25-39: "в”‚rx] [-c workin"
[HIGHLIGHT] row 3, cols 25-39: "в”‚g-directory] ["
[HIGHLIGHT] row 4, cols 25-39: "в”‚-f flags] [-t"
[HIGHLIGHT] row 5, cols 25-39: "в”‚target-session"
[HIGHLIGHT] row 6, cols 25-39: "в”‚]"
[HIGHLIGHT] row 7, cols 25-39: "в”‚bind-key (bind"
[HIGHLIGHT] row 8, cols 25-39: "в”‚) [-nr] [-T ke"
[HIGHLIGHT] row 9, cols 25-39: "в”‚y-table] [-N n"
[HIGHLIGHT] row 10, cols 25-39: "в”‚ote] key [comm"
[HIGHLIGHT] row 11, cols 25-39: "в”‚and [arguments"
[HIGHLIGHT] row 12, cols 25-39: "в”‚]]"
[HIGHLIGHT] row 13, cols 25-39: "в”‚break-pane (br"
[HIGHLIGHT] row 14, cols 25-39: "в”‚eakp) [-abdP]"
[HIGHLIGHT] row 15, cols 25-39: "в”‚[-F format] [-"
[HIGHLIGHT] row 16, cols 25-39: "в”‚n window-name]"
[HIGHLIGHT] row 17, cols 0-24: "pizza.py     1,1      All"
[HIGHLIGHT] row 17, cols 25-39: "в”‚ [-s src-pane]"

[KEYS] 'j'
[OVERLAY] j  down

              1         2         3         
    0123456789012345678901234567890123456789
    в”Ђв”Ђв”Ђв”Ђв”Ђв”Ђв”Ђв”Ђв”Ђв”Ђв”Ђв”Ђв”Ђв”Ђв”Ђв”Ђв”Ђв”Ђв”Ђв”Ђв”Ђв”Ђв”Ђв”Ђв”Ђв”Ђв”Ђв”Ђв”Ђв”Ђв”Ђв”Ђв”Ђв”Ђв”Ђв”Ђв”Ђв”Ђв”Ђв”Ђ
 0 в”‚class Pizza:             в”‚attac[415/415]в”‚ в—‚ cursor (0,26)
 1 в”‚    def __init__(self, siв”‚ (attach) [-dEв”‚
 2 в”‚ze):                     в”‚rx] [-c workinв”‚
 3 в”‚        self.size = size в”‚g-directory] [в”‚
 4 в”‚        self.toppings = [в”‚-f flags] [-t в”‚
 5 в”‚]                        в”‚target-sessionв”‚
 6 в”‚                         в”‚]             в”‚
 7 в”‚    def add(self, toppingв”‚bind-key (bindв”‚
 8 в”‚):                       в”‚) [-nr] [-T keв”‚
 9 в”‚        self.toppings.appв”‚y-table] [-N nв”‚
10 в”‚end(topping)             в”‚ote] key [commв”‚
11 в”‚        return self      в”‚and [argumentsв”‚
12 в”‚                         в”‚]]            в”‚
13 в”‚    def bake(self):      в”‚break-pane (brв”‚
14 в”‚        return f"{self.siв”‚eakp) [-abdP] в”‚
15 в”‚ze} pizza!"              в”‚[-F format] [-в”‚
16 в”‚~                        в”‚n window-name]в”‚
17 в”‚pizza.py     1,1      Allв”‚ [-s src-pane]в”‚
18 в”‚                         в”‚ [-t dst-windoв”‚
19 в”‚[0] 0:[tmux]*    "vimfu" 21:18 22-May-26в”‚
    в”Ђв”Ђв”Ђв”Ђв”Ђв”Ђв”Ђв”Ђв”Ђв”Ђв”Ђв”Ђв”Ђв”Ђв”Ђв”Ђв”Ђв”Ђв”Ђв”Ђв”Ђв”Ђв”Ђв”Ђв”Ђв”Ђв”Ђв”Ђв”Ђв”Ђв”Ђв”Ђв”Ђв”Ђв”Ђв”Ђв”Ђв”Ђв”Ђв”Ђ
[HIGHLIGHT] row 0, cols 25-30: "в”‚ttac"
[HIGHLIGHT] row 0, cols 31-39: "[415/415]"
[HIGHLIGHT] row 1, cols 25-39: "в”‚ (attach) [-dE"
[HIGHLIGHT] row 2, cols 25-39: "в”‚rx] [-c workin"
[HIGHLIGHT] row 3, cols 25-39: "в”‚g-directory] ["
[HIGHLIGHT] row 4, cols 25-39: "в”‚-f flags] [-t"
[HIGHLIGHT] row 5, cols 25-39: "в”‚target-session"
[HIGHLIGHT] row 6, cols 25-39: "в”‚]"
[HIGHLIGHT] row 7, cols 25-39: "в”‚bind-key (bind"
[HIGHLIGHT] row 8, cols 25-39: "в”‚) [-nr] [-T ke"
[HIGHLIGHT] row 9, cols 25-39: "в”‚y-table] [-N n"
[HIGHLIGHT] row 10, cols 25-39: "в”‚ote] key [comm"
[HIGHLIGHT] row 11, cols 25-39: "в”‚and [arguments"
[HIGHLIGHT] row 12, cols 25-39: "в”‚]]"
[HIGHLIGHT] row 13, cols 25-39: "в”‚break-pane (br"
[HIGHLIGHT] row 14, cols 25-39: "в”‚eakp) [-abdP]"
[HIGHLIGHT] row 15, cols 25-39: "в”‚[-F format] [-"
[HIGHLIGHT] row 16, cols 25-39: "в”‚n window-name]"
[HIGHLIGHT] row 17, cols 0-24: "pizza.py     1,1      All"
[HIGHLIGHT] row 17, cols 25-39: "в”‚ [-s src-pane]"

[KEYS] 'j'
[OVERLAY] j  down

              1         2         3         
    0123456789012345678901234567890123456789
    в”Ђв”Ђв”Ђв”Ђв”Ђв”Ђв”Ђв”Ђв”Ђв”Ђв”Ђв”Ђв”Ђв”Ђв”Ђв”Ђв”Ђв”Ђв”Ђв”Ђв”Ђв”Ђв”Ђв”Ђв”Ђв”Ђв”Ђв”Ђв”Ђв”Ђв”Ђв”Ђв”Ђв”Ђв”Ђв”Ђв”Ђв”Ђв”Ђв”Ђ
 0 в”‚class Pizza:             в”‚attac[415/415]в”‚ в—‚ cursor (0,26)
 1 в”‚    def __init__(self, siв”‚ (attach) [-dEв”‚
 2 в”‚ze):                     в”‚rx] [-c workinв”‚
 3 в”‚        self.size = size в”‚g-directory] [в”‚
 4 в”‚        self.toppings = [в”‚-f flags] [-t в”‚
 5 в”‚]                        в”‚target-sessionв”‚
 6 в”‚                         в”‚]             в”‚
 7 в”‚    def add(self, toppingв”‚bind-key (bindв”‚
 8 в”‚):                       в”‚) [-nr] [-T keв”‚
 9 в”‚        self.toppings.appв”‚y-table] [-N nв”‚
10 в”‚end(topping)             в”‚ote] key [commв”‚
11 в”‚        return self      в”‚and [argumentsв”‚
12 в”‚                         в”‚]]            в”‚
13 в”‚    def bake(self):      в”‚break-pane (brв”‚
14 в”‚        return f"{self.siв”‚eakp) [-abdP] в”‚
15 в”‚ze} pizza!"              в”‚[-F format] [-в”‚
16 в”‚~                        в”‚n window-name]в”‚
17 в”‚pizza.py     1,1      Allв”‚ [-s src-pane]в”‚
18 в”‚                         в”‚ [-t dst-windoв”‚
19 в”‚[0] 0:[tmux]*    "vimfu" 21:18 22-May-26в”‚
    в”Ђв”Ђв”Ђв”Ђв”Ђв”Ђв”Ђв”Ђв”Ђв”Ђв”Ђв”Ђв”Ђв”Ђв”Ђв”Ђв”Ђв”Ђв”Ђв”Ђв”Ђв”Ђв”Ђв”Ђв”Ђв”Ђв”Ђв”Ђв”Ђв”Ђв”Ђв”Ђв”Ђв”Ђв”Ђв”Ђв”Ђв”Ђв”Ђв”Ђ
[HIGHLIGHT] row 0, cols 25-30: "в”‚ttac"
[HIGHLIGHT] row 0, cols 31-39: "[415/415]"
[HIGHLIGHT] row 1, cols 25-39: "в”‚ (attach) [-dE"
[HIGHLIGHT] row 2, cols 25-39: "в”‚rx] [-c workin"
[HIGHLIGHT] row 3, cols 25-39: "в”‚g-directory] ["
[HIGHLIGHT] row 4, cols 25-39: "в”‚-f flags] [-t"
[HIGHLIGHT] row 5, cols 25-39: "в”‚target-session"
[HIGHLIGHT] row 6, cols 25-39: "в”‚]"
[HIGHLIGHT] row 7, cols 25-39: "в”‚bind-key (bind"
[HIGHLIGHT] row 8, cols 25-39: "в”‚) [-nr] [-T ke"
[HIGHLIGHT] row 9, cols 25-39: "в”‚y-table] [-N n"
[HIGHLIGHT] row 10, cols 25-39: "в”‚ote] key [comm"
[HIGHLIGHT] row 11, cols 25-39: "в”‚and [arguments"
[HIGHLIGHT] row 12, cols 25-39: "в”‚]]"
[HIGHLIGHT] row 13, cols 25-39: "в”‚break-pane (br"
[HIGHLIGHT] row 14, cols 25-39: "в”‚eakp) [-abdP]"
[HIGHLIGHT] row 15, cols 25-39: "в”‚[-F format] [-"
[HIGHLIGHT] row 16, cols 25-39: "в”‚n window-name]"
[HIGHLIGHT] row 17, cols 0-24: "pizza.py     1,1      All"
[HIGHLIGHT] row 17, cols 25-39: "в”‚ [-s src-pane]"

[KEYS] 'j'
[OVERLAY] j  down

              1         2         3         
    0123456789012345678901234567890123456789
    в”Ђв”Ђв”Ђв”Ђв”Ђв”Ђв”Ђв”Ђв”Ђв”Ђв”Ђв”Ђв”Ђв”Ђв”Ђв”Ђв”Ђв”Ђв”Ђв”Ђв”Ђв”Ђв”Ђв”Ђв”Ђв”Ђв”Ђв”Ђв”Ђв”Ђв”Ђв”Ђв”Ђв”Ђв”Ђв”Ђв”Ђв”Ђв”Ђв”Ђ
 0 в”‚class Pizza:             в”‚attac[415/415]в”‚ в—‚ cursor (0,26)
 1 в”‚    def __init__(self, siв”‚ (attach) [-dEв”‚
 2 в”‚ze):                     в”‚rx] [-c workinв”‚
 3 в”‚        self.size = size в”‚g-directory] [в”‚
 4 в”‚        self.toppings = [в”‚-f flags] [-t в”‚
 5 в”‚]                        в”‚target-sessionв”‚
 6 в”‚                         в”‚]             в”‚
 7 в”‚    def add(self, toppingв”‚bind-key (bindв”‚
 8 в”‚):                       в”‚) [-nr] [-T keв”‚
 9 в”‚        self.toppings.appв”‚y-table] [-N nв”‚
10 в”‚end(topping)             в”‚ote] key [commв”‚
11 в”‚        return self      в”‚and [argumentsв”‚
12 в”‚                         в”‚]]            в”‚
13 в”‚    def bake(self):      в”‚break-pane (brв”‚
14 в”‚        return f"{self.siв”‚eakp) [-abdP] в”‚
15 в”‚ze} pizza!"              в”‚[-F format] [-в”‚
16 в”‚~                        в”‚n window-name]в”‚
17 в”‚pizza.py     1,1      Allв”‚ [-s src-pane]в”‚
18 в”‚                         в”‚ [-t dst-windoв”‚
19 в”‚[0] 0:[tmux]*    "vimfu" 21:18 22-May-26в”‚
    в”Ђв”Ђв”Ђв”Ђв”Ђв”Ђв”Ђв”Ђв”Ђв”Ђв”Ђв”Ђв”Ђв”Ђв”Ђв”Ђв”Ђв”Ђв”Ђв”Ђв”Ђв”Ђв”Ђв”Ђв”Ђв”Ђв”Ђв”Ђв”Ђв”Ђв”Ђв”Ђв”Ђв”Ђв”Ђв”Ђв”Ђв”Ђв”Ђв”Ђ
[HIGHLIGHT] row 0, cols 25-30: "в”‚ttac"
[HIGHLIGHT] row 0, cols 31-39: "[415/415]"
[HIGHLIGHT] row 1, cols 25-39: "в”‚ (attach) [-dE"
[HIGHLIGHT] row 2, cols 25-39: "в”‚rx] [-c workin"
[HIGHLIGHT] row 3, cols 25-39: "в”‚g-directory] ["
[HIGHLIGHT] row 4, cols 25-39: "в”‚-f flags] [-t"
[HIGHLIGHT] row 5, cols 25-39: "в”‚target-session"
[HIGHLIGHT] row 6, cols 25-39: "в”‚]"
[HIGHLIGHT] row 7, cols 25-39: "в”‚bind-key (bind"
[HIGHLIGHT] row 8, cols 25-39: "в”‚) [-nr] [-T ke"
[HIGHLIGHT] row 9, cols 25-39: "в”‚y-table] [-N n"
[HIGHLIGHT] row 10, cols 25-39: "в”‚ote] key [comm"
[HIGHLIGHT] row 11, cols 25-39: "в”‚and [arguments"
[HIGHLIGHT] row 12, cols 25-39: "в”‚]]"
[HIGHLIGHT] row 13, cols 25-39: "в”‚break-pane (br"
[HIGHLIGHT] row 14, cols 25-39: "в”‚eakp) [-abdP]"
[HIGHLIGHT] row 15, cols 25-39: "в”‚[-F format] [-"
[HIGHLIGHT] row 16, cols 25-39: "в”‚n window-name]"
[HIGHLIGHT] row 17, cols 0-24: "pizza.py     1,1      All"
[HIGHLIGHT] row 17, cols 25-39: "в”‚ [-s src-pane]"

[SAY] Split, resize, and more. They're all here. Q to quit.
[KEYS] 'q'
[OVERLAY] q  record macro

              1         2         3         
    0123456789012345678901234567890123456789
    в”Ђв”Ђв”Ђв”Ђв”Ђв”Ђв”Ђв”Ђв”Ђв”Ђв”Ђв”Ђв”Ђв”Ђв”Ђв”Ђв”Ђв”Ђв”Ђв”Ђв”Ђв”Ђв”Ђв”Ђв”Ђв”Ђв”Ђв”Ђв”Ђв”Ђв”Ђв”Ђв”Ђв”Ђв”Ђв”Ђв”Ђв”Ђв”Ђв”Ђ
 0 в”‚class Pizza:             в”‚вћњ  vimfu      в”‚ в—‚ cursor (0,35)
 1 в”‚    def __init__(self, siв”‚              в”‚
 2 в”‚ze):                     в”‚              в”‚
 3 в”‚        self.size = size в”‚              в”‚
 4 в”‚        self.toppings = [в”‚              в”‚
 5 в”‚]                        в”‚              в”‚
 6 в”‚                         в”‚              в”‚
 7 в”‚    def add(self, toppingв”‚              в”‚
 8 в”‚):                       в”‚              в”‚
 9 в”‚        self.toppings.appв”‚              в”‚
10 в”‚end(topping)             в”‚              в”‚
11 в”‚        return self      в”‚              в”‚
12 в”‚                         в”‚              в”‚
13 в”‚    def bake(self):      в”‚              в”‚
14 в”‚        return f"{self.siв”‚              в”‚
15 в”‚ze} pizza!"              в”‚              в”‚
16 в”‚~                        в”‚              в”‚
17 в”‚pizza.py     1,1      Allв”‚              в”‚
18 в”‚                         в”‚              в”‚
19 в”‚[0] 0:zsh*       "vimfu" 21:18 22-May-26в”‚
    в”Ђв”Ђв”Ђв”Ђв”Ђв”Ђв”Ђв”Ђв”Ђв”Ђв”Ђв”Ђв”Ђв”Ђв”Ђв”Ђв”Ђв”Ђв”Ђв”Ђв”Ђв”Ђв”Ђв”Ђв”Ђв”Ђв”Ђв”Ђв”Ђв”Ђв”Ђв”Ђв”Ђв”Ђв”Ђв”Ђв”Ђв”Ђв”Ђв”Ђ
[HIGHLIGHT] row 0, cols 25-39: "в”‚вћњ  vimfu"
[HIGHLIGHT] row 1, cols 25-39: "в”‚"
[HIGHLIGHT] row 2, cols 25-39: "в”‚"
[HIGHLIGHT] row 3, cols 25-39: "в”‚"
[HIGHLIGHT] row 4, cols 25-39: "в”‚"
[HIGHLIGHT] row 5, cols 25-39: "в”‚"
[HIGHLIGHT] row 6, cols 25-39: "в”‚"
[HIGHLIGHT] row 7, cols 25-39: "в”‚"
[HIGHLIGHT] row 8, cols 25-39: "в”‚"
[HIGHLIGHT] row 9, cols 25-39: "в”‚"
[HIGHLIGHT] row 10, cols 25-39: "в”‚"
[HIGHLIGHT] row 11, cols 25-39: "в”‚"
[HIGHLIGHT] row 12, cols 25-39: "в”‚"
[HIGHLIGHT] row 13, cols 25-39: "в”‚"
[HIGHLIGHT] row 14, cols 25-39: "в”‚"
[HIGHLIGHT] row 15, cols 25-39: "в”‚"
[HIGHLIGHT] row 16, cols 25-39: "в”‚"
[HIGHLIGHT] row 17, cols 0-24: "pizza.py     1,1      All"
[HIGHLIGHT] row 17, cols 25-39: "в”‚"

[SAY] Control B, colon. Direct access to every tmux command.