[RECORDING_START] Screen state at recording start:

              1         2         3         
    0123456789012345678901234567890123456789
    ────────────────────────────────────────
 0 │ app.py  config.py  test.py            X│
 1 │                                        │ ◂ cursor (1,0)
 2 │~                                       │
 3 │~                                       │
 4 │~                                       │
 5 │~                                       │
 6 │~                                       │
 7 │~                                       │
 8 │~                                       │
 9 │~                                       │
10 │~                                       │
11 │~                                       │
12 │~                                       │
13 │~                                       │
14 │~                                       │
15 │~                                       │
16 │~                                       │
17 │~                                       │
18 │app.py                0,0-1          All│
    ────────────────────────────────────────
[HIGHLIGHT] row 0, cols 0-7: " app.py"

[OVERLAY] VimFu — gt gT — Tab Navigation
[SAY] G T and G shift T switch between Vim tabs. We opened three files in tabs with the dash P flag.
[SAY] G T. Go to the next tab.
[KEYS] 'gt'
[OVERLAY] gt  next tab

              1         2         3         
    0123456789012345678901234567890123456789
    ────────────────────────────────────────
 0 │ app.py  config.py  test.py            X│
 1 │# Config                                │ ◂ cursor (1,0)
 2 │DEBUG = True                            │
 3 │PORT = 8080                             │
 4 │~                                       │
 5 │~                                       │
 6 │~                                       │
 7 │~                                       │
 8 │~                                       │
 9 │~                                       │
10 │~                                       │
11 │~                                       │
12 │~                                       │
13 │~                                       │
14 │~                                       │
15 │~                                       │
16 │~                                       │
17 │~                                       │
18 │config.py             1,1            All│
    ────────────────────────────────────────
[HIGHLIGHT] row 0, cols 8-18: " config.py"

[SAY] Now we're on config dot py. G T again.
[KEYS] 'gt'
[OVERLAY] gt  next tab

              1         2         3         
    0123456789012345678901234567890123456789
    ────────────────────────────────────────
 0 │ app.py  config.py  test.py            X│
 1 │# Tests                                 │ ◂ cursor (1,0)
 2 │def test_run():                         │
 3 │    assert True                         │
 4 │~                                       │
 5 │~                                       │
 6 │~                                       │
 7 │~                                       │
 8 │~                                       │
 9 │~                                       │
10 │~                                       │
11 │~                                       │
12 │~                                       │
13 │~                                       │
14 │~                                       │
15 │~                                       │
16 │~                                       │
17 │~                                       │
18 │test.py               1,1            All│
    ────────────────────────────────────────
[HIGHLIGHT] row 0, cols 19-27: " test.py"

[SAY] Test dot py. One more G T wraps around to the first tab.
[KEYS] 'gt'
[OVERLAY] gt  wrap around

              1         2         3         
    0123456789012345678901234567890123456789
    ────────────────────────────────────────
 0 │ app.py  config.py  test.py            X│
 1 │                                        │ ◂ cursor (1,0)
 2 │~                                       │
 3 │~                                       │
 4 │~                                       │
 5 │~                                       │
 6 │~                                       │
 7 │~                                       │
 8 │~                                       │
 9 │~                                       │
10 │~                                       │
11 │~                                       │
12 │~                                       │
13 │~                                       │
14 │~                                       │
15 │~                                       │
16 │~                                       │
17 │~                                       │
18 │app.py                0,0-1          All│
    ────────────────────────────────────────
[HIGHLIGHT] row 0, cols 0-7: " app.py"

[SAY] G shift T goes the other way. Previous tab.
[KEYS] 'gT'
[OVERLAY] gT  previous tab

              1         2         3         
    0123456789012345678901234567890123456789
    ────────────────────────────────────────
 0 │ app.py  config.py  test.py            X│
 1 │# Tests                                 │ ◂ cursor (1,0)
 2 │def test_run():                         │
 3 │    assert True                         │
 4 │~                                       │
 5 │~                                       │
 6 │~                                       │
 7 │~                                       │
 8 │~                                       │
 9 │~                                       │
10 │~                                       │
11 │~                                       │
12 │~                                       │
13 │~                                       │
14 │~                                       │
15 │~                                       │
16 │~                                       │
17 │~                                       │
18 │test.py               1,1            All│
    ────────────────────────────────────────
[HIGHLIGHT] row 0, cols 19-27: " test.py"

[SAY] Use a count. Two G T jumps to tab two.
[KEYS] '2gt'
[OVERLAY] 2gt  tab 2

              1         2         3         
    0123456789012345678901234567890123456789
    ────────────────────────────────────────
 0 │ app.py  config.py  test.py            X│
 1 │# Config                                │ ◂ cursor (1,0)
 2 │DEBUG = True                            │
 3 │PORT = 8080                             │
 4 │~                                       │
 5 │~                                       │
 6 │~                                       │
 7 │~                                       │
 8 │~                                       │
 9 │~                                       │
10 │~                                       │
11 │~                                       │
12 │~                                       │
13 │~                                       │
14 │~                                       │
15 │~                                       │
16 │~                                       │
17 │~                                       │
18 │config.py             1,1            All│
    ────────────────────────────────────────
[HIGHLIGHT] row 0, cols 8-18: " config.py"

[SAY] Direct jump. No cycling needed.
[SAY] G T and G shift T. Cycle through tabs. Add a count to jump directly.