[RECORDING_START] Screen state at recording start:

              1         2         3         
    0123456789012345678901234567890123456789
    ────────────────────────────────────────
 0 │# Demo                                  │ ◂ cursor (0,0)
 1 │print("hello")                          │
 2 │print("world")                          │
 3 │~                                       │
 4 │~                                       │
 5 │~                                       │
 6 │~                                       │
 7 │~                                       │
 8 │~                                       │
 9 │~                                       │
10 │~                                       │
11 │~                                       │
12 │~                                       │
13 │~                                       │
14 │~                                       │
15 │~                                       │
16 │~                                       │
17 │~                                       │
18 │demo.py               1,1            All│
    ────────────────────────────────────────

[OVERLAY] VimFu — :new — New Window
[SAY] Colon new opens a new empty window above. It creates an unnamed buffer you can start typing in.
[TYPE] ':new'

              1         2         3         
    0123456789012345678901234567890123456789
    ────────────────────────────────────────
 0 │# Demo                                  │
 1 │print("hello")                          │
 2 │print("world")                          │
 3 │~                                       │
 4 │~                                       │
 5 │~                                       │
 6 │~                                       │
 7 │~                                       │
 8 │~                                       │
 9 │~                                       │
10 │~                                       │
11 │~                                       │
12 │~                                       │
13 │~                                       │
14 │~                                       │
15 │~                                       │
16 │~                                       │
17 │~                                       │
18 │demo.py               1,1            All│
19 │:new                                    │ ◂ cursor (19,4)
    ────────────────────────────────────────

[ENTER]

              1         2         3         
    0123456789012345678901234567890123456789
    ────────────────────────────────────────
 0 │                                        │ ◂ cursor (0,0)
 1 │~                                       │
 2 │~                                       │
 3 │~                                       │
 4 │~                                       │
 5 │~                                       │
 6 │~                                       │
 7 │~                                       │
 8 │~                                       │
 9 │[No Name]             0,0-1          All│
10 │# Demo                                  │
11 │print("hello")                          │
12 │print("world")                          │
13 │~                                       │
14 │~                                       │
15 │~                                       │
16 │~                                       │
17 │~                                       │
18 │demo.py               1,1            All│
19 │:new                                    │
    ────────────────────────────────────────
[HIGHLIGHT] row 9, cols 0-39: "[No Name]             0,0-1          All"

[SAY] A new split appeared. The buffer has no name yet. You can type and save it later with colon W filename.
[SAY] Colon vnew does the same but with a vertical split. Quick scratch pads.