[RECORDING_START] Screen state at recording start:

              1         2         3         
    0123456789012345678901234567890123456789
    ────────────────────────────────────────
 0 │bag = ["axe", "bow", "cup"]             │ ◂ cursor (0,0)
 1 │gem = ["ruby", "opal", "jade"]          │
 2 │key = ["gold", "iron", "bone"]          │
 3 │~                                       │
 4 │~                                       │
 5 │~                                       │
 6 │~                                       │
 7 │~                                       │
 8 │~                                       │
 9 │~                                       │
10 │~                                       │
11 │~                                       │
12 │~                                       │
13 │~                                       │
14 │~                                       │
15 │~                                       │
16 │~                                       │
17 │~                                       │
18 │loot.py               1,1            All│
    ────────────────────────────────────────

[OVERLAY] VimFu — Inner/Around Brackets
[SAY] Bracket text objects work on square brackets. Great for lists and arrays.
[SAY] V I bracket to select the contents of this list.
[KEYS] 'f['
[OVERLAY] f[

              1         2         3         
    0123456789012345678901234567890123456789
    ────────────────────────────────────────
 0 │bag = ["axe", "bow", "cup"]             │ ◂ cursor (0,6)
 1 │gem = ["ruby", "opal", "jade"]          │
 2 │key = ["gold", "iron", "bone"]          │
 3 │~                                       │
 4 │~                                       │
 5 │~                                       │
 6 │~                                       │
 7 │~                                       │
 8 │~                                       │
 9 │~                                       │
10 │~                                       │
11 │~                                       │
12 │~                                       │
13 │~                                       │
14 │~                                       │
15 │~                                       │
16 │~                                       │
17 │~                                       │
18 │loot.py               1,7            All│
    ────────────────────────────────────────

[KEYS] 'vi['
[OVERLAY] vi[

              1         2         3         
    0123456789012345678901234567890123456789
    ────────────────────────────────────────
 0 │bag = ["axe", "bow", "cup"]             │ ◂ cursor (0,25)
 1 │gem = ["ruby", "opal", "jade"]          │
 2 │key = ["gold", "iron", "bone"]          │
 3 │~                                       │
 4 │~                                       │
 5 │~                                       │
 6 │~                                       │
 7 │~                                       │
 8 │~                                       │
 9 │~                                       │
10 │~                                       │
11 │~                                       │
12 │~                                       │
13 │~                                       │
14 │~                                       │
15 │~                                       │
16 │~                                       │
17 │~                                       │
18 │loot.py               1,26           All│
19 │-- VISUAL --                 19         │
    ────────────────────────────────────────
[HIGHLIGHT] row 0, cols 7-25: ""axe", "bow", "cup"

[SAY] All three items selected. Brackets untouched. Escape.
[ESCAPE]

              1         2         3         
    0123456789012345678901234567890123456789
    ────────────────────────────────────────
 0 │bag = ["axe", "bow", "cup"]             │ ◂ cursor (0,25)
 1 │gem = ["ruby", "opal", "jade"]          │
 2 │key = ["gold", "iron", "bone"]          │
 3 │~                                       │
 4 │~                                       │
 5 │~                                       │
 6 │~                                       │
 7 │~                                       │
 8 │~                                       │
 9 │~                                       │
10 │~                                       │
11 │~                                       │
12 │~                                       │
13 │~                                       │
14 │~                                       │
15 │~                                       │
16 │~                                       │
17 │~                                       │
18 │loot.py               1,26           All│
    ────────────────────────────────────────

[SAY] C I bracket to replace the loot.
[KEYS] 'ci['
[OVERLAY] ci[  change inner [

              1         2         3         
    0123456789012345678901234567890123456789
    ────────────────────────────────────────
 0 │bag = []                                │ ◂ cursor (0,7)
 1 │gem = ["ruby", "opal", "jade"]          │
 2 │key = ["gold", "iron", "bone"]          │
 3 │~                                       │
 4 │~                                       │
 5 │~                                       │
 6 │~                                       │
 7 │~                                       │
 8 │~                                       │
 9 │~                                       │
10 │~                                       │
11 │~                                       │
12 │~                                       │
13 │~                                       │
14 │~                                       │
15 │~                                       │
16 │~                                       │
17 │~                                       │
18 │loot.py [+]           1,8            All│
19 │-- INSERT --                            │
    ────────────────────────────────────────

[TYPE] '"sword", "shield"'

              1         2         3         
    0123456789012345678901234567890123456789
    ────────────────────────────────────────
 0 │bag = ["sword", "shield"]               │ ◂ cursor (0,24)
 1 │gem = ["ruby", "opal", "jade"]          │
 2 │key = ["gold", "iron", "bone"]          │
 3 │~                                       │
 4 │~                                       │
 5 │~                                       │
 6 │~                                       │
 7 │~                                       │
 8 │~                                       │
 9 │~                                       │
10 │~                                       │
11 │~                                       │
12 │~                                       │
13 │~                                       │
14 │~                                       │
15 │~                                       │
16 │~                                       │
17 │~                                       │
18 │loot.py [+]           1,25           All│
19 │-- INSERT --                            │
    ────────────────────────────────────────

[ESCAPE]

              1         2         3         
    0123456789012345678901234567890123456789
    ────────────────────────────────────────
 0 │bag = ["sword", "shield"]               │ ◂ cursor (0,23)
 1 │gem = ["ruby", "opal", "jade"]          │
 2 │key = ["gold", "iron", "bone"]          │
 3 │~                                       │
 4 │~                                       │
 5 │~                                       │
 6 │~                                       │
 7 │~                                       │
 8 │~                                       │
 9 │~                                       │
10 │~                                       │
11 │~                                       │
12 │~                                       │
13 │~                                       │
14 │~                                       │
15 │~                                       │
16 │~                                       │
17 │~                                       │
18 │loot.py [+]           1,24           All│
    ────────────────────────────────────────

[SAY] New items, brackets intact.
[SAY] Undo.
[KEYS] 'u'
[OVERLAY] u  undo

              1         2         3         
    0123456789012345678901234567890123456789
    ────────────────────────────────────────
 0 │bag = ["axe", "bow", "cup"]             │ ◂ cursor (0,7)
 1 │gem = ["ruby", "opal", "jade"]          │
 2 │key = ["gold", "iron", "bone"]          │
 3 │~                                       │
 4 │~                                       │
 5 │~                                       │
 6 │~                                       │
 7 │~                                       │
 8 │~                                       │
 9 │~                                       │
10 │~                                       │
11 │~                                       │
12 │~                                       │
13 │~                                       │
14 │~                                       │
15 │~                                       │
16 │~                                       │
17 │~                                       │
18 │loot.py               1,8            All│
19 │1 change; be...6 seconds ago            │
    ────────────────────────────────────────

[SAY] D I bracket on line two to empty the list.
[KEYS] 'j0'
[OVERLAY] j0

              1         2         3         
    0123456789012345678901234567890123456789
    ────────────────────────────────────────
 0 │bag = ["axe", "bow", "cup"]             │
 1 │gem = ["ruby", "opal", "jade"]          │ ◂ cursor (1,0)
 2 │key = ["gold", "iron", "bone"]          │
 3 │~                                       │
 4 │~                                       │
 5 │~                                       │
 6 │~                                       │
 7 │~                                       │
 8 │~                                       │
 9 │~                                       │
10 │~                                       │
11 │~                                       │
12 │~                                       │
13 │~                                       │
14 │~                                       │
15 │~                                       │
16 │~                                       │
17 │~                                       │
18 │loot.py               2,1            All│
19 │1 change; be...6 seconds ago            │
    ────────────────────────────────────────

[KEYS] 'di['
[OVERLAY] di[  delete inner [

              1         2         3         
    0123456789012345678901234567890123456789
    ────────────────────────────────────────
 0 │bag = ["axe", "bow", "cup"]             │
 1 │gem = []                                │ ◂ cursor (1,7)
 2 │key = ["gold", "iron", "bone"]          │
 3 │~                                       │
 4 │~                                       │
 5 │~                                       │
 6 │~                                       │
 7 │~                                       │
 8 │~                                       │
 9 │~                                       │
10 │~                                       │
11 │~                                       │
12 │~                                       │
13 │~                                       │
14 │~                                       │
15 │~                                       │
16 │~                                       │
17 │~                                       │
18 │loot.py [+]           2,8            All│
19 │1 change; be...6 seconds ago            │
    ────────────────────────────────────────

[SAY] Empty brackets. Ready to refill.
[SAY] Undo.
[KEYS] 'u'
[OVERLAY] u  undo

              1         2         3         
    0123456789012345678901234567890123456789
    ────────────────────────────────────────
 0 │bag = ["axe", "bow", "cup"]             │
 1 │gem = ["ruby", "opal", "jade"]          │ ◂ cursor (1,7)
 2 │key = ["gold", "iron", "bone"]          │
 3 │~                                       │
 4 │~                                       │
 5 │~                                       │
 6 │~                                       │
 7 │~                                       │
 8 │~                                       │
 9 │~                                       │
10 │~                                       │
11 │~                                       │
12 │~                                       │
13 │~                                       │
14 │~                                       │
15 │~                                       │
16 │~                                       │
17 │~                                       │
18 │loot.py               2,8            All│
19 │1 change; be...3 seconds ago            │
    ────────────────────────────────────────

[SAY] D A bracket to delete the brackets too.
[KEYS] 'j0'
[OVERLAY] j0

              1         2         3         
    0123456789012345678901234567890123456789
    ────────────────────────────────────────
 0 │bag = ["axe", "bow", "cup"]             │
 1 │gem = ["ruby", "opal", "jade"]          │
 2 │key = ["gold", "iron", "bone"]          │ ◂ cursor (2,0)
 3 │~                                       │
 4 │~                                       │
 5 │~                                       │
 6 │~                                       │
 7 │~                                       │
 8 │~                                       │
 9 │~                                       │
10 │~                                       │
11 │~                                       │
12 │~                                       │
13 │~                                       │
14 │~                                       │
15 │~                                       │
16 │~                                       │
17 │~                                       │
18 │loot.py               3,1            All│
19 │1 change; be...3 seconds ago            │
    ────────────────────────────────────────

[KEYS] 'da['
[OVERLAY] da[  delete around [

              1         2         3         
    0123456789012345678901234567890123456789
    ────────────────────────────────────────
 0 │bag = ["axe", "bow", "cup"]             │
 1 │gem = ["ruby", "opal", "jade"]          │
 2 │key =                                   │ ◂ cursor (2,5)
 3 │~                                       │
 4 │~                                       │
 5 │~                                       │
 6 │~                                       │
 7 │~                                       │
 8 │~                                       │
 9 │~                                       │
10 │~                                       │
11 │~                                       │
12 │~                                       │
13 │~                                       │
14 │~                                       │
15 │~                                       │
16 │~                                       │
17 │~                                       │
18 │loot.py [+]           3,6            All│
19 │1 change; be...3 seconds ago            │
    ────────────────────────────────────────

[SAY] The entire list expression, gone.
[SAY] Undo.
[KEYS] 'u'
[OVERLAY] u  undo

              1         2         3         
    0123456789012345678901234567890123456789
    ────────────────────────────────────────
 0 │bag = ["axe", "bow", "cup"]             │
 1 │gem = ["ruby", "opal", "jade"]          │
 2 │key = ["gold", "iron", "bone"]          │ ◂ cursor (2,6)
 3 │~                                       │
 4 │~                                       │
 5 │~                                       │
 6 │~                                       │
 7 │~                                       │
 8 │~                                       │
 9 │~                                       │
10 │~                                       │
11 │~                                       │
12 │~                                       │
13 │~                                       │
14 │~                                       │
15 │~                                       │
16 │~                                       │
17 │~                                       │
18 │loot.py               3,7            All│
19 │1 change; be...3 seconds ago            │
    ────────────────────────────────────────

[SAY] I bracket for the inside. A bracket for the whole thing. Same pattern as parens and braces.