[RECORDING_START] Screen state at recording start:

              1         2         3         
    0123456789012345678901234567890123456789
    ────────────────────────────────────────
 0 │# colors                                │ ◂ cursor (0,0)
 1 │red = 1                                 │
 2 │green = 2                               │
 3 │blue = 3                                │
 4 │yellow = 4                              │
 5 │purple = 5                              │
 6 │~                                       │
 7 │~                                       │
 8 │~                                       │
 9 │~                                       │
10 │~                                       │
11 │~                                       │
12 │~                                       │
13 │~                                       │
14 │~                                       │
15 │~                                       │
16 │~                                       │
17 │~                                       │
18 │colors.py             1,1            All│
    ────────────────────────────────────────

[OVERLAY] VimFu — q: — Command History Window
[SAY] Q colon opens the command history in an editable window. You can browse, edit, and rerun past commands.
[SAY] First, let's run a few commands to build up history.
[TYPE] ':set number'

              1         2         3         
    0123456789012345678901234567890123456789
    ────────────────────────────────────────
 0 │# colors                                │
 1 │red = 1                                 │
 2 │green = 2                               │
 3 │blue = 3                                │
 4 │yellow = 4                              │
 5 │purple = 5                              │
 6 │~                                       │
 7 │~                                       │
 8 │~                                       │
 9 │~                                       │
10 │~                                       │
11 │~                                       │
12 │~                                       │
13 │~                                       │
14 │~                                       │
15 │~                                       │
16 │~                                       │
17 │~                                       │
18 │colors.py             1,1            All│
19 │:set number                             │ ◂ cursor (19,11)
    ────────────────────────────────────────

[ENTER]

              1         2         3         
    0123456789012345678901234567890123456789
    ────────────────────────────────────────
 0 │  1 # colors                            │ ◂ cursor (0,4)
 1 │  2 red = 1                             │
 2 │  3 green = 2                           │
 3 │  4 blue = 3                            │
 4 │  5 yellow = 4                          │
 5 │  6 purple = 5                          │
 6 │~                                       │
 7 │~                                       │
 8 │~                                       │
 9 │~                                       │
10 │~                                       │
11 │~                                       │
12 │~                                       │
13 │~                                       │
14 │~                                       │
15 │~                                       │
16 │~                                       │
17 │~                                       │
18 │colors.py             1,1            All│
19 │:set number                             │
    ────────────────────────────────────────

[TYPE] ':%s/1/100/'

              1         2         3         
    0123456789012345678901234567890123456789
    ────────────────────────────────────────
 0 │  1 # colors                            │
 1 │  2 red = 100                           │
 2 │  3 green = 2                           │
 3 │  4 blue = 3                            │
 4 │  5 yellow = 4                          │
 5 │  6 purple = 5                          │
 6 │~                                       │
 7 │~                                       │
 8 │~                                       │
 9 │~                                       │
10 │~                                       │
11 │~                                       │
12 │~                                       │
13 │~                                       │
14 │~                                       │
15 │~                                       │
16 │~                                       │
17 │~                                       │
18 │colors.py [+]         2,7            All│
19 │:%s/1/100/                              │ ◂ cursor (19,10)
    ────────────────────────────────────────
[HIGHLIGHT] row 1, cols 10-12: "100"

[ENTER]

              1         2         3         
    0123456789012345678901234567890123456789
    ────────────────────────────────────────
 0 │  1 # colors                            │
 1 │  2 red = 100                           │ ◂ cursor (1,4)
 2 │  3 green = 2                           │
 3 │  4 blue = 3                            │
 4 │  5 yellow = 4                          │
 5 │  6 purple = 5                          │
 6 │~                                       │
 7 │~                                       │
 8 │~                                       │
 9 │~                                       │
10 │~                                       │
11 │~                                       │
12 │~                                       │
13 │~                                       │
14 │~                                       │
15 │~                                       │
16 │~                                       │
17 │~                                       │
18 │colors.py [+]         2,1            All│
19 │:%s/1/100/                              │
    ────────────────────────────────────────
[HIGHLIGHT] row 1, col 10: "1"

[TYPE] ':set cursorline'

              1         2         3         
    0123456789012345678901234567890123456789
    ────────────────────────────────────────
 0 │  1 # colors                            │
 1 │  2 red = 100                           │
 2 │  3 green = 2                           │
 3 │  4 blue = 3                            │
 4 │  5 yellow = 4                          │
 5 │  6 purple = 5                          │
 6 │~                                       │
 7 │~                                       │
 8 │~                                       │
 9 │~                                       │
10 │~                                       │
11 │~                                       │
12 │~                                       │
13 │~                                       │
14 │~                                       │
15 │~                                       │
16 │~                                       │
17 │~                                       │
18 │colors.py [+]         2,1            All│
19 │:set cursorline                         │ ◂ cursor (19,15)
    ────────────────────────────────────────
[HIGHLIGHT] row 1, col 10: "1"

[ENTER]

              1         2         3         
    0123456789012345678901234567890123456789
    ────────────────────────────────────────
 0 │  1 # colors                            │
 1 │  2 red = 100                           │ ◂ cursor (1,4)
 2 │  3 green = 2                           │
 3 │  4 blue = 3                            │
 4 │  5 yellow = 4                          │
 5 │  6 purple = 5                          │
 6 │~                                       │
 7 │~                                       │
 8 │~                                       │
 9 │~                                       │
10 │~                                       │
11 │~                                       │
12 │~                                       │
13 │~                                       │
14 │~                                       │
15 │~                                       │
16 │~                                       │
17 │~                                       │
18 │colors.py [+]         2,1            All│
19 │:set cursorline                         │
    ────────────────────────────────────────
[HIGHLIGHT] row 1, cols 0-4: "  2"
[HIGHLIGHT] row 1, cols 5-9: "ed ="
[HIGHLIGHT] row 1, col 10: "1"
[HIGHLIGHT] row 1, cols 11-39: "00"

[SAY] Now press Q colon in normal mode.
[KEYS] 'q:'
[OVERLAY] q:  q: — command history

              1         2         3         
    0123456789012345678901234567890123456789
    ────────────────────────────────────────
 0 │  1 # colors                            │
 1 │  2 red = 100                           │
 2 │  3 green = 2                           │
 3 │  4 blue = 3                            │
 4 │  5 yellow = 4                          │
 5 │  6 purple = 5                          │
 6 │~                                       │
 7 │~                                       │
 8 │~                                       │
 9 │~                                       │
10 │colors.py [+]         2,1            All│
11 │:102 '<,'>s/=/::/g                      │
12 │:103 '<,'>sort                          │
13 │:104 q!                                 │
14 │:105 set number                         │
15 │:106 %s/1/100/                          │
16 │:107 set cursorline                     │
17 │:108                                    │ ◂ cursor (17,5)
18 │[Command Line]        108,0-1        Bot│
19 │:                                       │
    ────────────────────────────────────────
[HIGHLIGHT] row 1, cols 0-3: "  2"
[HIGHLIGHT] row 1, cols 4-9: "red ="
[HIGHLIGHT] row 1, col 10: "1"
[HIGHLIGHT] row 1, cols 11-39: "00"
[HIGHLIGHT] row 10, cols 0-39: "colors.py [+]         2,1            All"
[HIGHLIGHT] row 15, col 8: "1"
[HIGHLIGHT] row 15, col 10: "1"
[HIGHLIGHT] row 17, cols 1-5: "108"

[SAY] A window opens with all your recent commands. Each line is a command you ran.
[SAY] You can move through them like any buffer. Press K to go up.
[KEYS] 'k'
[OVERLAY] k  up

              1         2         3         
    0123456789012345678901234567890123456789
    ────────────────────────────────────────
 0 │  1 # colors                            │
 1 │  2 red = 100                           │
 2 │  3 green = 2                           │
 3 │  4 blue = 3                            │
 4 │  5 yellow = 4                          │
 5 │  6 purple = 5                          │
 6 │~                                       │
 7 │~                                       │
 8 │~                                       │
 9 │~                                       │
10 │colors.py [+]         2,1            All│
11 │:102 '<,'>s/=/::/g                      │
12 │:103 '<,'>sort                          │
13 │:104 q!                                 │
14 │:105 set number                         │
15 │:106 %s/1/100/                          │
16 │:107 set cursorline                     │ ◂ cursor (16,5)
17 │:108                                    │
18 │[Command Line]        107,1          Bot│
19 │:                                       │
    ────────────────────────────────────────
[HIGHLIGHT] row 1, cols 0-3: "  2"
[HIGHLIGHT] row 1, cols 4-9: "red ="
[HIGHLIGHT] row 1, col 10: "1"
[HIGHLIGHT] row 1, cols 11-39: "00"
[HIGHLIGHT] row 10, cols 0-39: "colors.py [+]         2,1            All"
[HIGHLIGHT] row 15, col 8: "1"
[HIGHLIGHT] row 15, col 10: "1"
[HIGHLIGHT] row 16, cols 1-5: "107"
[HIGHLIGHT] row 16, cols 6-39: "et cursorline"

[KEYS] 'k'
[OVERLAY] k  up

              1         2         3         
    0123456789012345678901234567890123456789
    ────────────────────────────────────────
 0 │  1 # colors                            │
 1 │  2 red = 100                           │
 2 │  3 green = 2                           │
 3 │  4 blue = 3                            │
 4 │  5 yellow = 4                          │
 5 │  6 purple = 5                          │
 6 │~                                       │
 7 │~                                       │
 8 │~                                       │
 9 │~                                       │
10 │colors.py [+]         2,1            All│
11 │:102 '<,'>s/=/::/g                      │
12 │:103 '<,'>sort                          │
13 │:104 q!                                 │
14 │:105 set number                         │
15 │:106 %s/1/100/                          │ ◂ cursor (15,5)
16 │:107 set cursorline                     │
17 │:108                                    │
18 │[Command Line]        106,1          Bot│
19 │:                                       │
    ────────────────────────────────────────
[HIGHLIGHT] row 1, cols 0-3: "  2"
[HIGHLIGHT] row 1, cols 4-9: "red ="
[HIGHLIGHT] row 1, col 10: "1"
[HIGHLIGHT] row 1, cols 11-39: "00"
[HIGHLIGHT] row 10, cols 0-39: "colors.py [+]         2,1            All"
[HIGHLIGHT] row 15, cols 1-5: "106"
[HIGHLIGHT] row 15, cols 6-7: "s/"
[HIGHLIGHT] row 15, col 8: "1"
[HIGHLIGHT] row 15, col 9: "/"
[HIGHLIGHT] row 15, col 10: "1"
[HIGHLIGHT] row 15, cols 11-39: "00/"

[SAY] You can even edit a command before running it. Press Enter to execute the command on the current line.
[ENTER]

              1         2         3         
    0123456789012345678901234567890123456789
    ────────────────────────────────────────
 0 │  1 # colors                            │
 1 │  2 red = 10000                         │ ◂ cursor (1,4)
 2 │  3 green = 2                           │
 3 │  4 blue = 3                            │
 4 │  5 yellow = 4                          │
 5 │  6 purple = 5                          │
 6 │~                                       │
 7 │~                                       │
 8 │~                                       │
 9 │~                                       │
10 │~                                       │
11 │~                                       │
12 │~                                       │
13 │~                                       │
14 │~                                       │
15 │~                                       │
16 │~                                       │
17 │~                                       │
18 │colors.py [+]         2,1            All│
19 │:                                       │
    ────────────────────────────────────────
[HIGHLIGHT] row 1, cols 0-4: "  2"
[HIGHLIGHT] row 1, cols 5-9: "ed ="
[HIGHLIGHT] row 1, col 10: "1"
[HIGHLIGHT] row 1, cols 11-39: "0000"

[SAY] The command ran again. Q colon. Browse and rerun your command history.