[RECORDING_START] Screen state at recording start:

              1         2         3         
    0123456789012345678901234567890123456789
    ────────────────────────────────────────
 0 │Hello World                             │ ◂ cursor (0,0)
 1 │Click Here                              │
 2 │Read More                               │
 3 │~                                       │
 4 │~                                       │
 5 │~                                       │
 6 │~                                       │
 7 │~                                       │
 8 │~                                       │
 9 │~                                       │
10 │~                                       │
11 │~                                       │
12 │~                                       │
13 │~                                       │
14 │~                                       │
15 │~                                       │
16 │~                                       │
17 │~                                       │
18 │tag.html              1,1            All│
    ────────────────────────────────────────

[OVERLAY] VimFu — Surround with Tag
[SAY] {key:y}{key:s} can surround text with an HTML tag. Use {key:t} to open the tag prompt at the bottom.
[SAY] Cursor on Hello. Press {key:y}{key:s}{key:i}{key:w}{key:t}. When the prompt appears, type `em>`.
[KEYS] 'ysiwt'
[OVERLAY] ysiwt

              1         2         3         
    0123456789012345678901234567890123456789
    ────────────────────────────────────────
 0 │Hello World                             │
 1 │Click Here                              │
 2 │Read More                               │
 3 │~                                       │
 4 │~                                       │
 5 │~                                       │
 6 │~                                       │
 7 │~                                       │
 8 │~                                       │
 9 │~                                       │
10 │~                                       │
11 │~                                       │
12 │~                                       │
13 │~                                       │
14 │~                                       │
15 │~                                       │
16 │~                                       │
17 │~                                       │
18 │tag.html              1,1            All│
19 │Enter the HTML tag:                     │ ◂ cursor (19,20)
    ────────────────────────────────────────
[HIGHLIGHT] row 0, cols 0-4: "Hello"

[TYPE] 'em>'

              1         2         3         
    0123456789012345678901234567890123456789
    ────────────────────────────────────────
 0 │Hello World                             │
 1 │Click Here                              │
 2 │Read More                               │
 3 │~                                       │
 4 │~                                       │
 5 │~                                       │
 6 │~                                       │
 7 │~                                       │
 8 │~                                       │
 9 │~                                       │
10 │~                                       │
11 │~                                       │
12 │~                                       │
13 │~                                       │
14 │~                                       │
15 │~                                       │
16 │~                                       │
17 │~                                       │
18 │tag.html              1,1            All│
19 │Enter the HTML tag: em>                 │ ◂ cursor (19,23)
    ────────────────────────────────────────
[HIGHLIGHT] row 0, cols 0-4: "Hello"

[ENTER]

              1         2         3         
    0123456789012345678901234567890123456789
    ────────────────────────────────────────
 0 │<em>Hello</em> World                    │ ◂ cursor (0,0)
 1 │Click Here                              │
 2 │Read More                               │
 3 │~                                       │
 4 │~                                       │
 5 │~                                       │
 6 │~                                       │
 7 │~                                       │
 8 │~                                       │
 9 │~                                       │
10 │~                                       │
11 │~                                       │
12 │~                                       │
13 │~                                       │
14 │~                                       │
15 │~                                       │
16 │~                                       │
17 │~                                       │
18 │tag.html [+]          1,1            All│
19 │Enter the HTML tag: em>                 │
    ────────────────────────────────────────

[SAY] The tag name was typed at the prompt. Opening and closing em tags were generated.
[SAY] Line two: wrap the whole line. Press {key:y}{key:s}{key:s}{key:t}, then type `p>` at the prompt.
[KEYS] 'j'
[OVERLAY] j

              1         2         3         
    0123456789012345678901234567890123456789
    ────────────────────────────────────────
 0 │<em>Hello</em> World                    │
 1 │Click Here                              │ ◂ cursor (1,0)
 2 │Read More                               │
 3 │~                                       │
 4 │~                                       │
 5 │~                                       │
 6 │~                                       │
 7 │~                                       │
 8 │~                                       │
 9 │~                                       │
10 │~                                       │
11 │~                                       │
12 │~                                       │
13 │~                                       │
14 │~                                       │
15 │~                                       │
16 │~                                       │
17 │~                                       │
18 │tag.html [+]          2,1            All│
19 │Enter the HTML tag: em>                 │
    ────────────────────────────────────────

[KEYS] 'ysst'
[OVERLAY] ysst

              1         2         3         
    0123456789012345678901234567890123456789
    ────────────────────────────────────────
 0 │<em>Hello</em> World                    │
 1 │Click Here                              │
 2 │Read More                               │
 3 │~                                       │
 4 │~                                       │
 5 │~                                       │
 6 │~                                       │
 7 │~                                       │
 8 │~                                       │
 9 │~                                       │
10 │~                                       │
11 │~                                       │
12 │~                                       │
13 │~                                       │
14 │~                                       │
15 │~                                       │
16 │~                                       │
17 │~                                       │
18 │tag.html [+]          2,1            All│
19 │Enter the HTML tag:                     │ ◂ cursor (19,20)
    ────────────────────────────────────────
[HIGHLIGHT] row 1, cols 0-9: "Click Here"

[TYPE] 'p>'

              1         2         3         
    0123456789012345678901234567890123456789
    ────────────────────────────────────────
 0 │<em>Hello</em> World                    │
 1 │Click Here                              │
 2 │Read More                               │
 3 │~                                       │
 4 │~                                       │
 5 │~                                       │
 6 │~                                       │
 7 │~                                       │
 8 │~                                       │
 9 │~                                       │
10 │~                                       │
11 │~                                       │
12 │~                                       │
13 │~                                       │
14 │~                                       │
15 │~                                       │
16 │~                                       │
17 │~                                       │
18 │tag.html [+]          2,1            All│
19 │Enter the HTML tag: p>                  │ ◂ cursor (19,22)
    ────────────────────────────────────────
[HIGHLIGHT] row 1, cols 0-9: "Click Here"

[ENTER]

              1         2         3         
    0123456789012345678901234567890123456789
    ────────────────────────────────────────
 0 │<em>Hello</em> World                    │
 1 │<p>Click Here</p>                       │ ◂ cursor (1,0)
 2 │Read More                               │
 3 │~                                       │
 4 │~                                       │
 5 │~                                       │
 6 │~                                       │
 7 │~                                       │
 8 │~                                       │
 9 │~                                       │
10 │~                                       │
11 │~                                       │
12 │~                                       │
13 │~                                       │
14 │~                                       │
15 │~                                       │
16 │~                                       │
17 │~                                       │
18 │tag.html [+]          2,1            All│
19 │Enter the HTML tag: p>                  │
    ────────────────────────────────────────

[SAY] Now both examples show the prompt flow: command first, tag name at the bottom, generated tag pair on the line.