[RECORDING_START] Screen state at recording start:

              1         2         3         
    0123456789012345678901234567890123456789
    ────────────────────────────────────────
 0 │sword = "iron"                          │ ◂ cursor (0,0)
 1 │shield = "oak"                          │
 2 │potion = "red"                          │
 3 │gold = 50                               │
 4 │~                                       │
 5 │~                                       │
 6 │~                                       │
 7 │~                                       │
 8 │~                                       │
 9 │~                                       │
10 │~                                       │
11 │~                                       │
12 │~                                       │
13 │~                                       │
14 │~                                       │
15 │~                                       │
16 │~                                       │
17 │~                                       │
18 │loot.py               1,1            All│
    ────────────────────────────────────────

[OVERLAY] VimFu — The v Key
[SAY] V starts visual mode. Select text character by character, then do something with it.
[SAY] Select the word sword. V to start, then E to the end of the word.
[KEYS] 'v'
[OVERLAY] v  visual

              1         2         3         
    0123456789012345678901234567890123456789
    ────────────────────────────────────────
 0 │sword = "iron"                          │ ◂ cursor (0,0)
 1 │shield = "oak"                          │
 2 │potion = "red"                          │
 3 │gold = 50                               │
 4 │~                                       │
 5 │~                                       │
 6 │~                                       │
 7 │~                                       │
 8 │~                                       │
 9 │~                                       │
10 │~                                       │
11 │~                                       │
12 │~                                       │
13 │~                                       │
14 │~                                       │
15 │~                                       │
16 │~                                       │
17 │~                                       │
18 │loot.py               1,1            All│
19 │-- VISUAL --                 1          │
    ────────────────────────────────────────

[KEYS] 'e'
[OVERLAY] e  end of word

              1         2         3         
    0123456789012345678901234567890123456789
    ────────────────────────────────────────
 0 │sword = "iron"                          │ ◂ cursor (0,4)
 1 │shield = "oak"                          │
 2 │potion = "red"                          │
 3 │gold = 50                               │
 4 │~                                       │
 5 │~                                       │
 6 │~                                       │
 7 │~                                       │
 8 │~                                       │
 9 │~                                       │
10 │~                                       │
11 │~                                       │
12 │~                                       │
13 │~                                       │
14 │~                                       │
15 │~                                       │
16 │~                                       │
17 │~                                       │
18 │loot.py               1,5            All│
19 │-- VISUAL --                 5          │
    ────────────────────────────────────────
[HIGHLIGHT] row 0, cols 0-4: "swor"

[SAY] Five characters highlighted. D to delete.
[KEYS] 'd'
[OVERLAY] d  delete

              1         2         3         
    0123456789012345678901234567890123456789
    ────────────────────────────────────────
 0 │ = "iron"                               │ ◂ cursor (0,0)
 1 │shield = "oak"                          │
 2 │potion = "red"                          │
 3 │gold = 50                               │
 4 │~                                       │
 5 │~                                       │
 6 │~                                       │
 7 │~                                       │
 8 │~                                       │
 9 │~                                       │
10 │~                                       │
11 │~                                       │
12 │~                                       │
13 │~                                       │
14 │~                                       │
15 │~                                       │
16 │~                                       │
17 │~                                       │
18 │loot.py [+]           1,1            All│
    ────────────────────────────────────────

[SAY] Gone. The selection disappears with one key.
[KEYS] 'u'
[OVERLAY] u  undo

              1         2         3         
    0123456789012345678901234567890123456789
    ────────────────────────────────────────
 0 │sword = "iron"                          │ ◂ cursor (0,0)
 1 │shield = "oak"                          │
 2 │potion = "red"                          │
 3 │gold = 50                               │
 4 │~                                       │
 5 │~                                       │
 6 │~                                       │
 7 │~                                       │
 8 │~                                       │
 9 │~                                       │
10 │~                                       │
11 │~                                       │
12 │~                                       │
13 │~                                       │
14 │~                                       │
15 │~                                       │
16 │~                                       │
17 │~                                       │
18 │loot.py               1,1            All│
19 │1 change; be...5 seconds ago            │
    ────────────────────────────────────────

[SAY] Select across the equals sign. V, then W W.
[KEYS] 'v'
[OVERLAY] v  visual

              1         2         3         
    0123456789012345678901234567890123456789
    ────────────────────────────────────────
 0 │sword = "iron"                          │ ◂ cursor (0,0)
 1 │shield = "oak"                          │
 2 │potion = "red"                          │
 3 │gold = 50                               │
 4 │~                                       │
 5 │~                                       │
 6 │~                                       │
 7 │~                                       │
 8 │~                                       │
 9 │~                                       │
10 │~                                       │
11 │~                                       │
12 │~                                       │
13 │~                                       │
14 │~                                       │
15 │~                                       │
16 │~                                       │
17 │~                                       │
18 │loot.py               1,1            All│
19 │-- VISUAL --                 1          │
    ────────────────────────────────────────

[KEYS] '2w'
[OVERLAY] 2w  2 words

              1         2         3         
    0123456789012345678901234567890123456789
    ────────────────────────────────────────
 0 │sword = "iron"                          │ ◂ cursor (0,8)
 1 │shield = "oak"                          │
 2 │potion = "red"                          │
 3 │gold = 50                               │
 4 │~                                       │
 5 │~                                       │
 6 │~                                       │
 7 │~                                       │
 8 │~                                       │
 9 │~                                       │
10 │~                                       │
11 │~                                       │
12 │~                                       │
13 │~                                       │
14 │~                                       │
15 │~                                       │
16 │~                                       │
17 │~                                       │
18 │loot.py               1,9            All│
19 │-- VISUAL --                 9          │
    ────────────────────────────────────────
[HIGHLIGHT] row 0, cols 0-8: "sword ="

[SAY] Y to yank the selection.
[KEYS] 'y'
[OVERLAY] y  yank

              1         2         3         
    0123456789012345678901234567890123456789
    ────────────────────────────────────────
 0 │sword = "iron"                          │ ◂ cursor (0,0)
 1 │shield = "oak"                          │
 2 │potion = "red"                          │
 3 │gold = 50                               │
 4 │~                                       │
 5 │~                                       │
 6 │~                                       │
 7 │~                                       │
 8 │~                                       │
 9 │~                                       │
10 │~                                       │
11 │~                                       │
12 │~                                       │
13 │~                                       │
14 │~                                       │
15 │~                                       │
16 │~                                       │
17 │~                                       │
18 │loot.py               1,1            All│
    ────────────────────────────────────────

[SAY] Copied. Visual mode ends. Paste it anywhere with P.
[SAY] Make gold uppercase. Jump down. V, then E.
[KEYS] '3j'
[OVERLAY] 3j

              1         2         3         
    0123456789012345678901234567890123456789
    ────────────────────────────────────────
 0 │sword = "iron"                          │
 1 │shield = "oak"                          │
 2 │potion = "red"                          │
 3 │gold = 50                               │ ◂ cursor (3,0)
 4 │~                                       │
 5 │~                                       │
 6 │~                                       │
 7 │~                                       │
 8 │~                                       │
 9 │~                                       │
10 │~                                       │
11 │~                                       │
12 │~                                       │
13 │~                                       │
14 │~                                       │
15 │~                                       │
16 │~                                       │
17 │~                                       │
18 │loot.py               4,1            All│
    ────────────────────────────────────────

[KEYS] 'v'
[OVERLAY] v  visual

              1         2         3         
    0123456789012345678901234567890123456789
    ────────────────────────────────────────
 0 │sword = "iron"                          │
 1 │shield = "oak"                          │
 2 │potion = "red"                          │
 3 │gold = 50                               │ ◂ cursor (3,0)
 4 │~                                       │
 5 │~                                       │
 6 │~                                       │
 7 │~                                       │
 8 │~                                       │
 9 │~                                       │
10 │~                                       │
11 │~                                       │
12 │~                                       │
13 │~                                       │
14 │~                                       │
15 │~                                       │
16 │~                                       │
17 │~                                       │
18 │loot.py               4,1            All│
19 │-- VISUAL --                 1          │
    ────────────────────────────────────────

[KEYS] 'e'
[OVERLAY] e  end of word

              1         2         3         
    0123456789012345678901234567890123456789
    ────────────────────────────────────────
 0 │sword = "iron"                          │
 1 │shield = "oak"                          │
 2 │potion = "red"                          │
 3 │gold = 50                               │ ◂ cursor (3,3)
 4 │~                                       │
 5 │~                                       │
 6 │~                                       │
 7 │~                                       │
 8 │~                                       │
 9 │~                                       │
10 │~                                       │
11 │~                                       │
12 │~                                       │
13 │~                                       │
14 │~                                       │
15 │~                                       │
16 │~                                       │
17 │~                                       │
18 │loot.py               4,4            All│
19 │-- VISUAL --                 4          │
    ────────────────────────────────────────
[HIGHLIGHT] row 3, cols 0-3: "gol"

[KEYS] 'U'
[OVERLAY] ⇧U  uppercase

              1         2         3         
    0123456789012345678901234567890123456789
    ────────────────────────────────────────
 0 │sword = "iron"                          │
 1 │shield = "oak"                          │
 2 │potion = "red"                          │
 3 │GOLD = 50                               │ ◂ cursor (3,0)
 4 │~                                       │
 5 │~                                       │
 6 │~                                       │
 7 │~                                       │
 8 │~                                       │
 9 │~                                       │
10 │~                                       │
11 │~                                       │
12 │~                                       │
13 │~                                       │
14 │~                                       │
15 │~                                       │
16 │~                                       │
17 │~                                       │
18 │loot.py [+]           4,1            All│
    ────────────────────────────────────────

[SAY] Gold became G O L D. Visual select, then act.
[SAY] V for visual. Select, then delete, yank, uppercase, or any operator.