[RECORDING_START] Screen state at recording start:

              1         2         3         
    0123456789012345678901234567890123456789
    ────────────────────────────────────────
 0 │return x + y                            │ ◂ cursor (0,0)
 1 │~                                       │
 2 │~                                       │
 3 │~                                       │
 4 │~                                       │
 5 │~                                       │
 6 │~                                       │
 7 │~                                       │
 8 │~                                       │
 9 │~                                       │
10 │~                                       │
11 │~                                       │
12 │~                                       │
13 │~                                       │
14 │~                                       │
15 │~                                       │
16 │~                                       │
17 │~                                       │
18 │block.js              1,1            All│
    ────────────────────────────────────────

[OVERLAY] VimFu — Surround with Code Block
[SAY] {key:y}{key:S}{key:S}{key:{} wraps the current line in braces on separate lines. It creates a code block layout.
[SAY] Use {key:y}{key:S}{key:S}{key:{}, with an opening brace as the surround.
[KEYS] 'ySS{'
[OVERLAY] ySS{

              1         2         3         
    0123456789012345678901234567890123456789
    ────────────────────────────────────────
 0 │{                                       │ ◂ cursor (0,0)
 1 │        return x + y                    │
 2 │}                                       │
 3 │~                                       │
 4 │~                                       │
 5 │~                                       │
 6 │~                                       │
 7 │~                                       │
 8 │~                                       │
 9 │~                                       │
10 │~                                       │
11 │~                                       │
12 │~                                       │
13 │~                                       │
14 │~                                       │
15 │~                                       │
16 │~                                       │
17 │~                                       │
18 │block.js [+]          1,1            All│
    ────────────────────────────────────────

[SAY] Opening brace above, content indented, closing brace below. A code block in one surround command.