[RECORDING_START] Screen state at recording start:

              1         2         3         
    0123456789012345678901234567890123456789
    ────────────────────────────────────────
 0 │ace = 11                                │ ◂ cursor (0,0)
 1 │king = 10                               │
 2 │queen = 10                              │
 3 │jack = 10                               │
 4 │~                                       │
 5 │~                                       │
 6 │~                                       │
 7 │~                                       │
 8 │~                                       │
 9 │~                                       │
10 │~                                       │
11 │~                                       │
12 │~                                       │
13 │~                                       │
14 │~                                       │
15 │~                                       │
16 │~                                       │
17 │~                                       │
18 │deck.py               1,1            All│
    ────────────────────────────────────────

[OVERLAY] VimFu — The p Key
[SAY] P puts text after the cursor. Delete or yank something, then P brings it back.
[SAY] Delete the ace line. D D.
[KEYS] 'dd'
[OVERLAY] dd  delete line

              1         2         3         
    0123456789012345678901234567890123456789
    ────────────────────────────────────────
 0 │king = 10                               │ ◂ cursor (0,0)
 1 │queen = 10                              │
 2 │jack = 10                               │
 3 │~                                       │
 4 │~                                       │
 5 │~                                       │
 6 │~                                       │
 7 │~                                       │
 8 │~                                       │
 9 │~                                       │
10 │~                                       │
11 │~                                       │
12 │~                                       │
13 │~                                       │
14 │~                                       │
15 │~                                       │
16 │~                                       │
17 │~                                       │
18 │deck.py [+]           1,1            All│
    ────────────────────────────────────────

[SAY] Gone. Now move down.
[KEYS] 'j'
[OVERLAY] j

              1         2         3         
    0123456789012345678901234567890123456789
    ────────────────────────────────────────
 0 │king = 10                               │
 1 │queen = 10                              │ ◂ cursor (1,0)
 2 │jack = 10                               │
 3 │~                                       │
 4 │~                                       │
 5 │~                                       │
 6 │~                                       │
 7 │~                                       │
 8 │~                                       │
 9 │~                                       │
10 │~                                       │
11 │~                                       │
12 │~                                       │
13 │~                                       │
14 │~                                       │
15 │~                                       │
16 │~                                       │
17 │~                                       │
18 │deck.py [+]           2,1            All│
    ────────────────────────────────────────

[SAY] P to put it here.
[KEYS] 'p'
[OVERLAY] p  put after

              1         2         3         
    0123456789012345678901234567890123456789
    ────────────────────────────────────────
 0 │king = 10                               │
 1 │queen = 10                              │
 2 │ace = 11                                │ ◂ cursor (2,0)
 3 │jack = 10                               │
 4 │~                                       │
 5 │~                                       │
 6 │~                                       │
 7 │~                                       │
 8 │~                                       │
 9 │~                                       │
10 │~                                       │
11 │~                                       │
12 │~                                       │
13 │~                                       │
14 │~                                       │
15 │~                                       │
16 │~                                       │
17 │~                                       │
18 │deck.py [+]           3,1            All│
    ────────────────────────────────────────

[SAY] Ace moved below queen. D D cuts, P pastes.
[KEYS] 'u'
[OVERLAY] u  undo

              1         2         3         
    0123456789012345678901234567890123456789
    ────────────────────────────────────────
 0 │king = 10                               │
 1 │queen = 10                              │ ◂ cursor (1,0)
 2 │jack = 10                               │
 3 │~                                       │
 4 │~                                       │
 5 │~                                       │
 6 │~                                       │
 7 │~                                       │
 8 │~                                       │
 9 │~                                       │
10 │~                                       │
11 │~                                       │
12 │~                                       │
13 │~                                       │
14 │~                                       │
15 │~                                       │
16 │~                                       │
17 │~                                       │
18 │deck.py [+]           2,1            All│
19 │1 line less;...5 seconds ago            │
    ────────────────────────────────────────

[KEYS] 'u'
[OVERLAY] u  undo

              1         2         3         
    0123456789012345678901234567890123456789
    ────────────────────────────────────────
 0 │ace = 11                                │ ◂ cursor (0,0)
 1 │king = 10                               │
 2 │queen = 10                              │
 3 │jack = 10                               │
 4 │~                                       │
 5 │~                                       │
 6 │~                                       │
 7 │~                                       │
 8 │~                                       │
 9 │~                                       │
10 │~                                       │
11 │~                                       │
12 │~                                       │
13 │~                                       │
14 │~                                       │
15 │~                                       │
16 │~                                       │
17 │~                                       │
18 │deck.py               1,1            All│
19 │1 more line;...1 seconds ago            │
    ────────────────────────────────────────

[SAY] Y Y copies a line. P puts a duplicate below.
[KEYS] 'yy'
[OVERLAY] yy  yank line

              1         2         3         
    0123456789012345678901234567890123456789
    ────────────────────────────────────────
 0 │ace = 11                                │ ◂ cursor (0,0)
 1 │king = 10                               │
 2 │queen = 10                              │
 3 │jack = 10                               │
 4 │~                                       │
 5 │~                                       │
 6 │~                                       │
 7 │~                                       │
 8 │~                                       │
 9 │~                                       │
10 │~                                       │
11 │~                                       │
12 │~                                       │
13 │~                                       │
14 │~                                       │
15 │~                                       │
16 │~                                       │
17 │~                                       │
18 │deck.py               1,1            All│
19 │1 more line;...1 seconds ago            │
    ────────────────────────────────────────

[KEYS] 'p'
[OVERLAY] p  put after

              1         2         3         
    0123456789012345678901234567890123456789
    ────────────────────────────────────────
 0 │ace = 11                                │
 1 │ace = 11                                │ ◂ cursor (1,0)
 2 │king = 10                               │
 3 │queen = 10                              │
 4 │jack = 10                               │
 5 │~                                       │
 6 │~                                       │
 7 │~                                       │
 8 │~                                       │
 9 │~                                       │
10 │~                                       │
11 │~                                       │
12 │~                                       │
13 │~                                       │
14 │~                                       │
15 │~                                       │
16 │~                                       │
17 │~                                       │
18 │deck.py [+]           2,1            All│
19 │1 more line;...1 seconds ago            │
    ────────────────────────────────────────

[SAY] Two aces. Y Y copies, P duplicates.
[KEYS] 'u'
[OVERLAY] u  undo

              1         2         3         
    0123456789012345678901234567890123456789
    ────────────────────────────────────────
 0 │ace = 11                                │ ◂ cursor (0,0)
 1 │king = 10                               │
 2 │queen = 10                              │
 3 │jack = 10                               │
 4 │~                                       │
 5 │~                                       │
 6 │~                                       │
 7 │~                                       │
 8 │~                                       │
 9 │~                                       │
10 │~                                       │
11 │~                                       │
12 │~                                       │
13 │~                                       │
14 │~                                       │
15 │~                                       │
16 │~                                       │
17 │~                                       │
18 │deck.py               1,1            All│
19 │1 line less;...4 seconds ago            │
    ────────────────────────────────────────

[SAY] P for put. Paste after the cursor. Capital P pastes before.