[RECORDING_START] Screen state at recording start:

              1         2         3         
    0123456789012345678901234567890123456789
    ────────────────────────────────────────
 0 │alpha = 1                               │ ◂ cursor (0,0)
 1 │gamma = 3                               │
 2 │~                                       │
 3 │~                                       │
 4 │~                                       │
 5 │~                                       │
 6 │~                                       │
 7 │~                                       │
 8 │~                                       │
 9 │~                                       │
10 │~                                       │
11 │~                                       │
12 │~                                       │
13 │~                                       │
14 │~                                       │
15 │~                                       │
16 │~                                       │
17 │~                                       │
18 │tasks.py              1,1            All│
    ────────────────────────────────────────

[OVERLAY] VimFu — Put After
[SAY] Last time we yanked a line. Now let's paste it.
[SAY] Y Y copies the line. P puts it below.
[KEYS] 'y'
[OVERLAY] y  yank

              1         2         3         
    0123456789012345678901234567890123456789
    ────────────────────────────────────────
 0 │alpha = 1                               │ ◂ cursor (0,0)
 1 │gamma = 3                               │
 2 │~                                       │
 3 │~                                       │
 4 │~                                       │
 5 │~                                       │
 6 │~                                       │
 7 │~                                       │
 8 │~                                       │
 9 │~                                       │
10 │~                                       │
11 │~                                       │
12 │~                                       │
13 │~                                       │
14 │~                                       │
15 │~                                       │
16 │~                                       │
17 │~                                       │
18 │tasks.py              1,1            All│
19 │                             y          │
    ────────────────────────────────────────

[KEYS] 'y'
[OVERLAY] y  yank line

              1         2         3         
    0123456789012345678901234567890123456789
    ────────────────────────────────────────
 0 │alpha = 1                               │ ◂ cursor (0,0)
 1 │gamma = 3                               │
 2 │~                                       │
 3 │~                                       │
 4 │~                                       │
 5 │~                                       │
 6 │~                                       │
 7 │~                                       │
 8 │~                                       │
 9 │~                                       │
10 │~                                       │
11 │~                                       │
12 │~                                       │
13 │~                                       │
14 │~                                       │
15 │~                                       │
16 │~                                       │
17 │~                                       │
18 │tasks.py              1,1            All│
    ────────────────────────────────────────

[KEYS] 'p'
[OVERLAY] p  paste after

              1         2         3         
    0123456789012345678901234567890123456789
    ────────────────────────────────────────
 0 │alpha = 1                               │
 1 │alpha = 1                               │ ◂ cursor (1,0)
 2 │gamma = 3                               │
 3 │~                                       │
 4 │~                                       │
 5 │~                                       │
 6 │~                                       │
 7 │~                                       │
 8 │~                                       │
 9 │~                                       │
10 │~                                       │
11 │~                                       │
12 │~                                       │
13 │~                                       │
14 │~                                       │
15 │~                                       │
16 │~                                       │
17 │~                                       │
18 │tasks.py [+]          2,1            All│
    ────────────────────────────────────────

[SAY] A copy of line one appeared below it.
[KEYS] 'u'
[OVERLAY] u  undo

              1         2         3         
    0123456789012345678901234567890123456789
    ────────────────────────────────────────
 0 │alpha = 1                               │ ◂ cursor (0,0)
 1 │gamma = 3                               │
 2 │~                                       │
 3 │~                                       │
 4 │~                                       │
 5 │~                                       │
 6 │~                                       │
 7 │~                                       │
 8 │~                                       │
 9 │~                                       │
10 │~                                       │
11 │~                                       │
12 │~                                       │
13 │~                                       │
14 │~                                       │
15 │~                                       │
16 │~                                       │
17 │~                                       │
18 │tasks.py              1,1            All│
19 │1 line less;...4 seconds ago            │
    ────────────────────────────────────────

[SAY] P also works with deleted text. D D cuts a line. P puts it back.
[KEYS] 'd'
[OVERLAY] d  delete

              1         2         3         
    0123456789012345678901234567890123456789
    ────────────────────────────────────────
 0 │alpha = 1                               │ ◂ cursor (0,0)
 1 │gamma = 3                               │
 2 │~                                       │
 3 │~                                       │
 4 │~                                       │
 5 │~                                       │
 6 │~                                       │
 7 │~                                       │
 8 │~                                       │
 9 │~                                       │
10 │~                                       │
11 │~                                       │
12 │~                                       │
13 │~                                       │
14 │~                                       │
15 │~                                       │
16 │~                                       │
17 │~                                       │
18 │tasks.py              1,1            All│
19 │1 line less;...4 seconds ago d          │
    ────────────────────────────────────────

[KEYS] 'd'
[OVERLAY] d  delete line

              1         2         3         
    0123456789012345678901234567890123456789
    ────────────────────────────────────────
 0 │gamma = 3                               │ ◂ cursor (0,0)
 1 │~                                       │
 2 │~                                       │
 3 │~                                       │
 4 │~                                       │
 5 │~                                       │
 6 │~                                       │
 7 │~                                       │
 8 │~                                       │
 9 │~                                       │
10 │~                                       │
11 │~                                       │
12 │~                                       │
13 │~                                       │
14 │~                                       │
15 │~                                       │
16 │~                                       │
17 │~                                       │
18 │tasks.py [+]          1,1            All│
19 │1 line less;...4 seconds ago            │
    ────────────────────────────────────────

[KEYS] 'p'
[OVERLAY] p  paste after

              1         2         3         
    0123456789012345678901234567890123456789
    ────────────────────────────────────────
 0 │gamma = 3                               │
 1 │alpha = 1                               │ ◂ cursor (1,0)
 2 │~                                       │
 3 │~                                       │
 4 │~                                       │
 5 │~                                       │
 6 │~                                       │
 7 │~                                       │
 8 │~                                       │
 9 │~                                       │
10 │~                                       │
11 │~                                       │
12 │~                                       │
13 │~                                       │
14 │~                                       │
15 │~                                       │
16 │~                                       │
17 │~                                       │
18 │tasks.py [+]          2,1            All│
19 │1 line less;...4 seconds ago            │
    ────────────────────────────────────────

[SAY] We moved the line down. Delete and put. That's a move.
[KEYS] 'u'
[OVERLAY] u  undo

              1         2         3         
    0123456789012345678901234567890123456789
    ────────────────────────────────────────
 0 │gamma = 3                               │ ◂ cursor (0,0)
 1 │~                                       │
 2 │~                                       │
 3 │~                                       │
 4 │~                                       │
 5 │~                                       │
 6 │~                                       │
 7 │~                                       │
 8 │~                                       │
 9 │~                                       │
10 │~                                       │
11 │~                                       │
12 │~                                       │
13 │~                                       │
14 │~                                       │
15 │~                                       │
16 │~                                       │
17 │~                                       │
18 │tasks.py [+]          1,1            All│
19 │1 line less;...5 seconds ago            │
    ────────────────────────────────────────

[KEYS] 'u'
[OVERLAY] u  undo

              1         2         3         
    0123456789012345678901234567890123456789
    ────────────────────────────────────────
 0 │alpha = 1                               │ ◂ cursor (0,0)
 1 │gamma = 3                               │
 2 │~                                       │
 3 │~                                       │
 4 │~                                       │
 5 │~                                       │
 6 │~                                       │
 7 │~                                       │
 8 │~                                       │
 9 │~                                       │
10 │~                                       │
11 │~                                       │
12 │~                                       │
13 │~                                       │
14 │~                                       │
15 │~                                       │
16 │~                                       │
17 │~                                       │
18 │tasks.py              1,1            All│
19 │1 more line;...8 seconds ago            │
    ────────────────────────────────────────

[SAY] It works for characters too. X cuts a character. P pastes it after.
[KEYS] 'x'
[OVERLAY] x  delete char

              1         2         3         
    0123456789012345678901234567890123456789
    ────────────────────────────────────────
 0 │lpha = 1                                │ ◂ cursor (0,0)
 1 │gamma = 3                               │
 2 │~                                       │
 3 │~                                       │
 4 │~                                       │
 5 │~                                       │
 6 │~                                       │
 7 │~                                       │
 8 │~                                       │
 9 │~                                       │
10 │~                                       │
11 │~                                       │
12 │~                                       │
13 │~                                       │
14 │~                                       │
15 │~                                       │
16 │~                                       │
17 │~                                       │
18 │tasks.py [+]          1,1            All│
19 │1 more line;...8 seconds ago            │
    ────────────────────────────────────────

[KEYS] 'p'
[OVERLAY] p  paste after

              1         2         3         
    0123456789012345678901234567890123456789
    ────────────────────────────────────────
 0 │lapha = 1                               │ ◂ cursor (0,1)
 1 │gamma = 3                               │
 2 │~                                       │
 3 │~                                       │
 4 │~                                       │
 5 │~                                       │
 6 │~                                       │
 7 │~                                       │
 8 │~                                       │
 9 │~                                       │
10 │~                                       │
11 │~                                       │
12 │~                                       │
13 │~                                       │
14 │~                                       │
15 │~                                       │
16 │~                                       │
17 │~                                       │
18 │tasks.py [+]          1,2            All│
19 │1 more line;...8 seconds ago            │
    ────────────────────────────────────────

[SAY] P always pastes after. After the cursor, or below the line.
[SAY] P. Put after.