[RECORDING_START] Screen state at recording start:

              1         2         3         
    0123456789012345678901234567890123456789
    ────────────────────────────────────────
 0 │Fixd the login buton issue.             │ ◂ cursor (0,0)
 1 │The pasword field now validates.        │
 2 │Improved erro handling logic.           │
 3 │All tets pass successfuly.              │
 4 │~                                       │
 5 │~                                       │
 6 │~                                       │
 7 │~                                       │
 8 │~                                       │
 9 │~                                       │
10 │~                                       │
11 │~                                       │
12 │~                                       │
13 │~                                       │
14 │~                                       │
15 │~                                       │
16 │~                                       │
17 │~                                       │
18 │patch.txt             1,1            All│
    ────────────────────────────────────────

[OVERLAY] VimFu — [s ]s — Spelling Navigation
[SAY] Close bracket S and open bracket S are bracket commands for spelling. They jump between misspelled words.
[SAY] The cursor is already on Fixd. Fix it with one Z equals, then jump forward.
[KEYS] '1z='
[OVERLAY] 1z=  fix spelling

              1         2         3         
    0123456789012345678901234567890123456789
    ────────────────────────────────────────
 0 │Fixed the login buton issue.            │ ◂ cursor (0,0)
 1 │The pasword field now validates.        │
 2 │Improved erro handling logic.           │
 3 │All tets pass successfuly.              │
 4 │~                                       │
 5 │~                                       │
 6 │~                                       │
 7 │~                                       │
 8 │~                                       │
 9 │~                                       │
10 │~                                       │
11 │~                                       │
12 │~                                       │
13 │~                                       │
14 │~                                       │
15 │~                                       │
16 │~                                       │
17 │~                                       │
18 │patch.txt [+]         1,1            All│
    ────────────────────────────────────────

[KEYS] ']s'
[OVERLAY] ]s  next misspelling

              1         2         3         
    0123456789012345678901234567890123456789
    ────────────────────────────────────────
 0 │Fixed the login buton issue.            │ ◂ cursor (0,16)
 1 │The pasword field now validates.        │
 2 │Improved erro handling logic.           │
 3 │All tets pass successfuly.              │
 4 │~                                       │
 5 │~                                       │
 6 │~                                       │
 7 │~                                       │
 8 │~                                       │
 9 │~                                       │
10 │~                                       │
11 │~                                       │
12 │~                                       │
13 │~                                       │
14 │~                                       │
15 │~                                       │
16 │~                                       │
17 │~                                       │
18 │patch.txt [+]         1,17           All│
    ────────────────────────────────────────

[KEYS] '1z='
[OVERLAY] 1z=  fix spelling

              1         2         3         
    0123456789012345678901234567890123456789
    ────────────────────────────────────────
 0 │Fixed the login button issue.           │ ◂ cursor (0,16)
 1 │The pasword field now validates.        │
 2 │Improved erro handling logic.           │
 3 │All tets pass successfuly.              │
 4 │~                                       │
 5 │~                                       │
 6 │~                                       │
 7 │~                                       │
 8 │~                                       │
 9 │~                                       │
10 │~                                       │
11 │~                                       │
12 │~                                       │
13 │~                                       │
14 │~                                       │
15 │~                                       │
16 │~                                       │
17 │~                                       │
18 │patch.txt [+]         1,17           All│
    ────────────────────────────────────────

[SAY] Next typo.
[KEYS] ']s'
[OVERLAY] ]s  next

              1         2         3         
    0123456789012345678901234567890123456789
    ────────────────────────────────────────
 0 │Fixed the login button issue.           │
 1 │The pasword field now validates.        │ ◂ cursor (1,4)
 2 │Improved erro handling logic.           │
 3 │All tets pass successfuly.              │
 4 │~                                       │
 5 │~                                       │
 6 │~                                       │
 7 │~                                       │
 8 │~                                       │
 9 │~                                       │
10 │~                                       │
11 │~                                       │
12 │~                                       │
13 │~                                       │
14 │~                                       │
15 │~                                       │
16 │~                                       │
17 │~                                       │
18 │patch.txt [+]         2,5            All│
    ────────────────────────────────────────

[KEYS] '1z='
[OVERLAY] 1z=  fix spelling

              1         2         3         
    0123456789012345678901234567890123456789
    ────────────────────────────────────────
 0 │Fixed the login button issue.           │
 1 │The password field now validates.       │ ◂ cursor (1,4)
 2 │Improved erro handling logic.           │
 3 │All tets pass successfuly.              │
 4 │~                                       │
 5 │~                                       │
 6 │~                                       │
 7 │~                                       │
 8 │~                                       │
 9 │~                                       │
10 │~                                       │
11 │~                                       │
12 │~                                       │
13 │~                                       │
14 │~                                       │
15 │~                                       │
16 │~                                       │
17 │~                                       │
18 │patch.txt [+]         2,5            All│
    ────────────────────────────────────────

[SAY] Open bracket S finds the previous misspelling. It wraps around to the bottom if there are no typos above.
[KEYS] '[s'
[OVERLAY] [s  previous

              1         2         3         
    0123456789012345678901234567890123456789
    ────────────────────────────────────────
 0 │Fixed the login button issue.           │
 1 │The password field now validates.       │
 2 │Improved erro handling logic.           │
 3 │All tets pass successfuly.              │ ◂ cursor (3,14)
 4 │~                                       │
 5 │~                                       │
 6 │~                                       │
 7 │~                                       │
 8 │~                                       │
 9 │~                                       │
10 │~                                       │
11 │~                                       │
12 │~                                       │
13 │~                                       │
14 │~                                       │
15 │~                                       │
16 │~                                       │
17 │~                                       │
18 │patch.txt [+]         4,15           All│
19 │search hit T...ing at BOTTOM            │
    ────────────────────────────────────────

[SAY] Close bracket S forward. Open bracket S backward. Bracket commands work with spelling, diffs, folds, and more.