[RECORDING_START] Screen state at recording start:

              1         2         3         
    0123456789012345678901234567890123456789
    ────────────────────────────────────────
 0 │host=`hostname`                         │ ◂ cursor (0,0)
 1 │date=`date +%Y`                         │
 2 │user=`whoami`                           │
 3 │echo "$host: $user ($date)"             │
 4 │~                                       │
 5 │~                                       │
 6 │~                                       │
 7 │~                                       │
 8 │~                                       │
 9 │~                                       │
10 │~                                       │
11 │~                                       │
12 │~                                       │
13 │~                                       │
14 │~                                       │
15 │~                                       │
16 │~                                       │
17 │~                                       │
18 │query.sh              1,1            All│
    ────────────────────────────────────────

[OVERLAY] VimFu — Inner/Around Backticks
[SAY] Backtick text objects complete the set. Same pattern as quotes.
[SAY] Here's a shell script with backtick command substitutions. V I backtick.
[KEYS] 'f`'
[OVERLAY] f`

              1         2         3         
    0123456789012345678901234567890123456789
    ────────────────────────────────────────
 0 │host=`hostname`                         │ ◂ cursor (0,5)
 1 │date=`date +%Y`                         │
 2 │user=`whoami`                           │
 3 │echo "$host: $user ($date)"             │
 4 │~                                       │
 5 │~                                       │
 6 │~                                       │
 7 │~                                       │
 8 │~                                       │
 9 │~                                       │
10 │~                                       │
11 │~                                       │
12 │~                                       │
13 │~                                       │
14 │~                                       │
15 │~                                       │
16 │~                                       │
17 │~                                       │
18 │query.sh              1,6            All│
    ────────────────────────────────────────

[KEYS] 'vi`'
[OVERLAY] vi`

              1         2         3         
    0123456789012345678901234567890123456789
    ────────────────────────────────────────
 0 │host=`hostname`                         │ ◂ cursor (0,13)
 1 │date=`date +%Y`                         │
 2 │user=`whoami`                           │
 3 │echo "$host: $user ($date)"             │
 4 │~                                       │
 5 │~                                       │
 6 │~                                       │
 7 │~                                       │
 8 │~                                       │
 9 │~                                       │
10 │~                                       │
11 │~                                       │
12 │~                                       │
13 │~                                       │
14 │~                                       │
15 │~                                       │
16 │~                                       │
17 │~                                       │
18 │query.sh              1,14           All│
19 │-- VISUAL --                 8          │
    ────────────────────────────────────────
[HIGHLIGHT] row 0, cols 6-13: "hostnam"

[SAY] Just 'hostname' selected. Escape.
[ESCAPE]

              1         2         3         
    0123456789012345678901234567890123456789
    ────────────────────────────────────────
 0 │host=`hostname`                         │ ◂ cursor (0,13)
 1 │date=`date +%Y`                         │
 2 │user=`whoami`                           │
 3 │echo "$host: $user ($date)"             │
 4 │~                                       │
 5 │~                                       │
 6 │~                                       │
 7 │~                                       │
 8 │~                                       │
 9 │~                                       │
10 │~                                       │
11 │~                                       │
12 │~                                       │
13 │~                                       │
14 │~                                       │
15 │~                                       │
16 │~                                       │
17 │~                                       │
18 │query.sh              1,14           All│
    ────────────────────────────────────────

[SAY] C I backtick to swap the command.
[KEYS] 'ci`'
[OVERLAY] ci`  change inner `

              1         2         3         
    0123456789012345678901234567890123456789
    ────────────────────────────────────────
 0 │host=``                                 │ ◂ cursor (0,6)
 1 │date=`date +%Y`                         │
 2 │user=`whoami`                           │
 3 │echo "$host: $user ($date)"             │
 4 │~                                       │
 5 │~                                       │
 6 │~                                       │
 7 │~                                       │
 8 │~                                       │
 9 │~                                       │
10 │~                                       │
11 │~                                       │
12 │~                                       │
13 │~                                       │
14 │~                                       │
15 │~                                       │
16 │~                                       │
17 │~                                       │
18 │query.sh [+]          1,7            All│
19 │-- INSERT --                            │
    ────────────────────────────────────────

[TYPE] 'uname -n'

              1         2         3         
    0123456789012345678901234567890123456789
    ────────────────────────────────────────
 0 │host=`uname -n`                         │ ◂ cursor (0,14)
 1 │date=`date +%Y`                         │
 2 │user=`whoami`                           │
 3 │echo "$host: $user ($date)"             │
 4 │~                                       │
 5 │~                                       │
 6 │~                                       │
 7 │~                                       │
 8 │~                                       │
 9 │~                                       │
10 │~                                       │
11 │~                                       │
12 │~                                       │
13 │~                                       │
14 │~                                       │
15 │~                                       │
16 │~                                       │
17 │~                                       │
18 │query.sh [+]          1,15           All│
19 │-- INSERT --                            │
    ────────────────────────────────────────

[ESCAPE]

              1         2         3         
    0123456789012345678901234567890123456789
    ────────────────────────────────────────
 0 │host=`uname -n`                         │ ◂ cursor (0,13)
 1 │date=`date +%Y`                         │
 2 │user=`whoami`                           │
 3 │echo "$host: $user ($date)"             │
 4 │~                                       │
 5 │~                                       │
 6 │~                                       │
 7 │~                                       │
 8 │~                                       │
 9 │~                                       │
10 │~                                       │
11 │~                                       │
12 │~                                       │
13 │~                                       │
14 │~                                       │
15 │~                                       │
16 │~                                       │
17 │~                                       │
18 │query.sh [+]          1,14           All│
    ────────────────────────────────────────

[SAY] New command, backticks preserved.
[SAY] Undo.
[KEYS] 'u'
[OVERLAY] u  undo

              1         2         3         
    0123456789012345678901234567890123456789
    ────────────────────────────────────────
 0 │host=`hostname`                         │ ◂ cursor (0,6)
 1 │date=`date +%Y`                         │
 2 │user=`whoami`                           │
 3 │echo "$host: $user ($date)"             │
 4 │~                                       │
 5 │~                                       │
 6 │~                                       │
 7 │~                                       │
 8 │~                                       │
 9 │~                                       │
10 │~                                       │
11 │~                                       │
12 │~                                       │
13 │~                                       │
14 │~                                       │
15 │~                                       │
16 │~                                       │
17 │~                                       │
18 │query.sh              1,7            All│
19 │1 change; be...5 seconds ago            │
    ────────────────────────────────────────

[SAY] D A backtick on line two to delete the whole substitution.
[KEYS] 'j0'
[OVERLAY] j0

              1         2         3         
    0123456789012345678901234567890123456789
    ────────────────────────────────────────
 0 │host=`hostname`                         │
 1 │date=`date +%Y`                         │ ◂ cursor (1,0)
 2 │user=`whoami`                           │
 3 │echo "$host: $user ($date)"             │
 4 │~                                       │
 5 │~                                       │
 6 │~                                       │
 7 │~                                       │
 8 │~                                       │
 9 │~                                       │
10 │~                                       │
11 │~                                       │
12 │~                                       │
13 │~                                       │
14 │~                                       │
15 │~                                       │
16 │~                                       │
17 │~                                       │
18 │query.sh              2,1            All│
19 │1 change; be...5 seconds ago            │
    ────────────────────────────────────────

[KEYS] 'da`'
[OVERLAY] da`  delete around `

              1         2         3         
    0123456789012345678901234567890123456789
    ────────────────────────────────────────
 0 │host=`hostname`                         │
 1 │date=                                   │ ◂ cursor (1,4)
 2 │user=`whoami`                           │
 3 │echo "$host: $user ($date)"             │
 4 │~                                       │
 5 │~                                       │
 6 │~                                       │
 7 │~                                       │
 8 │~                                       │
 9 │~                                       │
10 │~                                       │
11 │~                                       │
12 │~                                       │
13 │~                                       │
14 │~                                       │
15 │~                                       │
16 │~                                       │
17 │~                                       │
18 │query.sh [+]          2,5            All│
19 │1 change; be...5 seconds ago            │
    ────────────────────────────────────────

[SAY] Backticks and contents, gone.
[SAY] Undo.
[KEYS] 'u'
[OVERLAY] u  undo

              1         2         3         
    0123456789012345678901234567890123456789
    ────────────────────────────────────────
 0 │host=`hostname`                         │
 1 │date=`date +%Y`                         │ ◂ cursor (1,5)
 2 │user=`whoami`                           │
 3 │echo "$host: $user ($date)"             │
 4 │~                                       │
 5 │~                                       │
 6 │~                                       │
 7 │~                                       │
 8 │~                                       │
 9 │~                                       │
10 │~                                       │
11 │~                                       │
12 │~                                       │
13 │~                                       │
14 │~                                       │
15 │~                                       │
16 │~                                       │
17 │~                                       │
18 │query.sh              2,6            All│
19 │1 change; be...5 seconds ago            │
    ────────────────────────────────────────

[SAY] Double quotes, single quotes, backticks. I for inside, A for around. Three delimiters, one pattern.