[RECORDING_START] Screen state at recording start:

              1         2         3         
    0123456789012345678901234567890123456789
    ────────────────────────────────────────
 0 │apple                                   │ ◂ cursor (0,0)
 1 │banana                                  │
 2 │cherry                                  │
 3 │date                                    │
 4 │elderberry                              │
 5 │~                                       │
 6 │~                                       │
 7 │~                                       │
 8 │~                                       │
 9 │~                                       │
10 │~                                       │
11 │~                                       │
12 │~                                       │
13 │~                                       │
14 │~                                       │
15 │~                                       │
16 │~                                       │
17 │~                                       │
18 │words.txt             1,1            All│
    ────────────────────────────────────────

[OVERLAY] VimFu — :s Backreference &
[SAY] In a substitute replacement, ampersand means the entire matched text. Use it to wrap or decorate matches without retyping them.
[SAY] Wrap every word in square brackets.
[TYPE] ':%s/\\w\\+/[&]/g'

              1         2         3         
    0123456789012345678901234567890123456789
    ────────────────────────────────────────
 0 │[apple]                                 │
 1 │[banana]                                │
 2 │[cherry]                                │
 3 │[date]                                  │
 4 │[elderberry]                            │
 5 │~                                       │
 6 │~                                       │
 7 │~                                       │
 8 │~                                       │
 9 │~                                       │
10 │~                                       │
11 │~                                       │
12 │~                                       │
13 │~                                       │
14 │~                                       │
15 │~                                       │
16 │~                                       │
17 │~                                       │
18 │words.txt [+]         1,1            All│
19 │:%s/\w\+/[&]/g                          │ ◂ cursor (19,14)
    ────────────────────────────────────────
[HIGHLIGHT] row 0, cols 0-6: "[apple]"
[HIGHLIGHT] row 1, cols 0-7: "[banana]"
[HIGHLIGHT] row 2, cols 0-7: "[cherry]"
[HIGHLIGHT] row 3, cols 0-5: "[date]"
[HIGHLIGHT] row 4, cols 0-11: "[elderberry]"

[SAY] The pattern matches each word; the replacement bracket ampersand bracket reinserts the match between brackets.
[ENTER]

              1         2         3         
    0123456789012345678901234567890123456789
    ────────────────────────────────────────
 0 │[apple]                                 │
 1 │[banana]                                │
 2 │[cherry]                                │
 3 │[date]                                  │
 4 │[elderberry]                            │ ◂ cursor (4,0)
 5 │~                                       │
 6 │~                                       │
 7 │~                                       │
 8 │~                                       │
 9 │~                                       │
10 │~                                       │
11 │~                                       │
12 │~                                       │
13 │~                                       │
14 │~                                       │
15 │~                                       │
16 │~                                       │
17 │~                                       │
18 │words.txt [+]         5,1            All│
19 │5 substitutions on 5 lines              │
    ────────────────────────────────────────
[HIGHLIGHT] row 0, cols 1-5: "apple"
[HIGHLIGHT] row 1, cols 1-6: "banana"
[HIGHLIGHT] row 2, cols 1-6: "cherry"
[HIGHLIGHT] row 3, cols 1-4: "date"
[HIGHLIGHT] row 4, cols 1-10: "elderberry"

[SAY] Each word is now wrapped in brackets.
[SAY] Undo, then add a dash prefix to each line.
[KEYS] 'u'
[OVERLAY] u  undo

              1         2         3         
    0123456789012345678901234567890123456789
    ────────────────────────────────────────
 0 │apple                                   │ ◂ cursor (0,0)
 1 │banana                                  │
 2 │cherry                                  │
 3 │date                                    │
 4 │elderberry                              │
 5 │~                                       │
 6 │~                                       │
 7 │~                                       │
 8 │~                                       │
 9 │~                                       │
10 │~                                       │
11 │~                                       │
12 │~                                       │
13 │~                                       │
14 │~                                       │
15 │~                                       │
16 │~                                       │
17 │~                                       │
18 │words.txt             1,1            All│
19 │5 changes; b...8 seconds ago            │
    ────────────────────────────────────────
[HIGHLIGHT] row 0, cols 1-4: "pple"
[HIGHLIGHT] row 1, cols 0-5: "banana"
[HIGHLIGHT] row 2, cols 0-5: "cherry"
[HIGHLIGHT] row 3, cols 0-3: "date"
[HIGHLIGHT] row 4, cols 0-9: "elderberry"

[TYPE] ':%s/.*/ - &/'

              1         2         3         
    0123456789012345678901234567890123456789
    ────────────────────────────────────────
 0 │ - apple                                │
 1 │ - banana                               │
 2 │ - cherry                               │
 3 │ - date                                 │
 4 │ - elderberry                           │
 5 │~                                       │
 6 │~                                       │
 7 │~                                       │
 8 │~                                       │
 9 │~                                       │
10 │~                                       │
11 │~                                       │
12 │~                                       │
13 │~                                       │
14 │~                                       │
15 │~                                       │
16 │~                                       │
17 │~                                       │
18 │words.txt [+]         1,1            All│
19 │:%s/.*/ - &/                            │ ◂ cursor (19,12)
    ────────────────────────────────────────
[HIGHLIGHT] row 0, cols 0-7: " - apple"
[HIGHLIGHT] row 1, cols 0-8: " - banana"
[HIGHLIGHT] row 2, cols 0-8: " - cherry"
[HIGHLIGHT] row 3, cols 0-6: " - date"
[HIGHLIGHT] row 4, cols 0-12: " - elderberry"

[SAY] Dot star matches the whole line. Dash space ampersand puts a dash in front of the original text.
[ENTER]

              1         2         3         
    0123456789012345678901234567890123456789
    ────────────────────────────────────────
 0 │ - apple                                │
 1 │ - banana                               │
 2 │ - cherry                               │
 3 │ - date                                 │
 4 │ - elderberry                           │ ◂ cursor (4,1)
 5 │~                                       │
 6 │~                                       │
 7 │~                                       │
 8 │~                                       │
 9 │~                                       │
10 │~                                       │
11 │~                                       │
12 │~                                       │
13 │~                                       │
14 │~                                       │
15 │~                                       │
16 │~                                       │
17 │~                                       │
18 │words.txt [+]         5,2            All│
19 │5 substitutions on 5 lines              │
    ────────────────────────────────────────
[HIGHLIGHT] row 0, cols 0-8: " - apple"
[HIGHLIGHT] row 1, cols 0-9: " - banana"
[HIGHLIGHT] row 2, cols 0-9: " - cherry"
[HIGHLIGHT] row 3, cols 0-7: " - date"
[HIGHLIGHT] row 4, cols 0-12: "  elderberry"

[SAY] Each line got a dash prefix.
[SAY] Ampersand in the replacement means the whole match. Wrap, prefix, suffix, anything.