[RECORDING_START] Screen state at recording start:

              1         2         3         
    0123456789012345678901234567890123456789
    ────────────────────────────────────────
 0 │# header                                │ ◂ cursor (0,0)
 1 │def alpha():                            │
 2 │    pass                                │
 3 │                                        │
 4 │def beta():                             │
 5 │    pass                                │
 6 │                                        │
 7 │def gamma():                            │
 8 │    pass                                │
 9 │~                                       │
10 │~                                       │
11 │~                                       │
12 │~                                       │
13 │~                                       │
14 │~                                       │
15 │~                                       │
16 │~                                       │
17 │~                                       │
18 │demo.py               1,1            All│
    ────────────────────────────────────────

[OVERLAY] VimFu — :marks — Show All Marks
[SAY] Colon marks shows every mark that's currently set.
[SAY] Let's set a few marks first. Mark A on line two, mark B on line five.
[KEYS] 'j'
[OVERLAY] j  line 2

              1         2         3         
    0123456789012345678901234567890123456789
    ────────────────────────────────────────
 0 │# header                                │
 1 │def alpha():                            │ ◂ cursor (1,0)
 2 │    pass                                │
 3 │                                        │
 4 │def beta():                             │
 5 │    pass                                │
 6 │                                        │
 7 │def gamma():                            │
 8 │    pass                                │
 9 │~                                       │
10 │~                                       │
11 │~                                       │
12 │~                                       │
13 │~                                       │
14 │~                                       │
15 │~                                       │
16 │~                                       │
17 │~                                       │
18 │demo.py               2,1            All│
    ────────────────────────────────────────

[KEYS] 'ma'
[OVERLAY] ma  set mark a

              1         2         3         
    0123456789012345678901234567890123456789
    ────────────────────────────────────────
 0 │# header                                │
 1 │def alpha():                            │ ◂ cursor (1,0)
 2 │    pass                                │
 3 │                                        │
 4 │def beta():                             │
 5 │    pass                                │
 6 │                                        │
 7 │def gamma():                            │
 8 │    pass                                │
 9 │~                                       │
10 │~                                       │
11 │~                                       │
12 │~                                       │
13 │~                                       │
14 │~                                       │
15 │~                                       │
16 │~                                       │
17 │~                                       │
18 │demo.py               2,1            All│
    ────────────────────────────────────────

[KEYS] '3j'
[OVERLAY] 3j  line 5

              1         2         3         
    0123456789012345678901234567890123456789
    ────────────────────────────────────────
 0 │# header                                │
 1 │def alpha():                            │
 2 │    pass                                │
 3 │                                        │
 4 │def beta():                             │ ◂ cursor (4,0)
 5 │    pass                                │
 6 │                                        │
 7 │def gamma():                            │
 8 │    pass                                │
 9 │~                                       │
10 │~                                       │
11 │~                                       │
12 │~                                       │
13 │~                                       │
14 │~                                       │
15 │~                                       │
16 │~                                       │
17 │~                                       │
18 │demo.py               5,1            All│
    ────────────────────────────────────────

[KEYS] 'mb'
[OVERLAY] mb  set mark b

              1         2         3         
    0123456789012345678901234567890123456789
    ────────────────────────────────────────
 0 │# header                                │
 1 │def alpha():                            │
 2 │    pass                                │
 3 │                                        │
 4 │def beta():                             │ ◂ cursor (4,0)
 5 │    pass                                │
 6 │                                        │
 7 │def gamma():                            │
 8 │    pass                                │
 9 │~                                       │
10 │~                                       │
11 │~                                       │
12 │~                                       │
13 │~                                       │
14 │~                                       │
15 │~                                       │
16 │~                                       │
17 │~                                       │
18 │demo.py               5,1            All│
    ────────────────────────────────────────

[SAY] Now type colon marks.
[TYPE] ':marks'

              1         2         3         
    0123456789012345678901234567890123456789
    ────────────────────────────────────────
 0 │# header                                │
 1 │def alpha():                            │
 2 │    pass                                │
 3 │                                        │
 4 │def beta():                             │
 5 │    pass                                │
 6 │                                        │
 7 │def gamma():                            │
 8 │    pass                                │
 9 │~                                       │
10 │~                                       │
11 │~                                       │
12 │~                                       │
13 │~                                       │
14 │~                                       │
15 │~                                       │
16 │~                                       │
17 │~                                       │
18 │demo.py               5,1            All│
19 │:marks                                  │ ◂ cursor (19,6)
    ────────────────────────────────────────

[ENTER]

              1         2         3         
    0123456789012345678901234567890123456789
    ────────────────────────────────────────
 0 │:marks                                  │
 1 │mark line  col file/text                │
 2 │ '      1    0 # header                 │
 3 │ a      2    0 def alpha():             │
 4 │ b      5    0 def beta():              │
 5 │ A      1    0 /home/ashleyf/vimfu/hero.│
 6 │py                                      │
 7 │ B      1    0 /home/ashleyf/vimfu/enemy│
 8 │.py                                     │
 9 │ 0      1    4 # header                 │
10 │ 1      6    0 /home/ashleyf/vimfu/demo.│
11 │txt                                     │
12 │ 2      4    0 /home/ashleyf/vimfu/demo.│
13 │txt                                     │
14 │ 3      5    0 def beta():              │
15 │ 4      1    0 /home/ashleyf/vimfu/demo.│
16 │txt                                     │
17 │ 5      4    0 /home/ashleyf/vimfu/demo.│
18 │txt                                     │
19 │-- More --                              │ ◂ cursor (19,10)
    ────────────────────────────────────────

[SAY] A table of all marks. You can see mark A on line two and mark B on line five, plus Vim's automatic marks.
[KEYS] 'q'
[OVERLAY] q  dismiss

              1         2         3         
    0123456789012345678901234567890123456789
    ────────────────────────────────────────
 0 │# header                                │
 1 │def alpha():                            │
 2 │    pass                                │
 3 │                                        │
 4 │def beta():                             │ ◂ cursor (4,0)
 5 │    pass                                │
 6 │                                        │
 7 │def gamma():                            │
 8 │    pass                                │
 9 │~                                       │
10 │~                                       │
11 │~                                       │
12 │~                                       │
13 │~                                       │
14 │~                                       │
15 │~                                       │
16 │~                                       │
17 │~                                       │
18 │demo.py               5,1            All│
    ────────────────────────────────────────

[SAY] Colon marks. See every mark at a glance.