[RECORDING_START] Screen state at recording start:

              1         2         3         
    0123456789012345678901234567890123456789
    ────────────────────────────────────────
 0 │  1 # Damage Calculator                 │ ◂ cursor (0,4)
 1 │  2 result = max(                       │
 2 │  3     base_attack * (                 │
 3 │  4         1 + crit_bonus              │
 4 │  5     ),                              │
 5 │  6     min_damage                      │
 6 │  7 )                                   │
 7 │~                                       │
 8 │~                                       │
 9 │~                                       │
10 │~                                       │
11 │~                                       │
12 │~                                       │
13 │~                                       │
14 │~                                       │
15 │~                                       │
16 │~                                       │
17 │~                                       │
18 │calc.py               1,1            All│
    ────────────────────────────────────────

[OVERLAY] VimFu — [( ]) — Unmatched Parens
[SAY] {key:[(} jumps to the nearest unmatched opening paren above. {key:])} jumps to the unmatched closing paren below.
[SAY] Cursor is inside nested parentheses on line four. {key:[(} to find the enclosing paren.
[KEYS] '4G'
[OVERLAY] 4G  go to line 4

              1         2         3         
    0123456789012345678901234567890123456789
    ────────────────────────────────────────
 0 │  1 # Damage Calculator                 │
 1 │  2 result = max(                       │
 2 │  3     base_attack * (                 │
 3 │  4         1 + crit_bonus              │ ◂ cursor (3,4)
 4 │  5     ),                              │
 5 │  6     min_damage                      │
 6 │  7 )                                   │
 7 │~                                       │
 8 │~                                       │
 9 │~                                       │
10 │~                                       │
11 │~                                       │
12 │~                                       │
13 │~                                       │
14 │~                                       │
15 │~                                       │
16 │~                                       │
17 │~                                       │
18 │calc.py               4,1            All│
    ────────────────────────────────────────

[KEYS] '[('
[OVERLAY] [(  enclosing paren

              1         2         3         
    0123456789012345678901234567890123456789
    ────────────────────────────────────────
 0 │  1 # Damage Calculator                 │
 1 │  2 result = max(                       │
 2 │  3     base_attack * (                 │ ◂ cursor (2,22)
 3 │  4         1 + crit_bonus              │
 4 │  5     ),                              │
 5 │  6     min_damage                      │
 6 │  7 )                                   │
 7 │~                                       │
 8 │~                                       │
 9 │~                                       │
10 │~                                       │
11 │~                                       │
12 │~                                       │
13 │~                                       │
14 │~                                       │
15 │~                                       │
16 │~                                       │
17 │~                                       │
18 │calc.py               3,19           All│
    ────────────────────────────────────────

[SAY] Jumped to the inner opening paren on line three. Hit it again.
[KEYS] '[('
[OVERLAY] [(  outer paren

              1         2         3         
    0123456789012345678901234567890123456789
    ────────────────────────────────────────
 0 │  1 # Damage Calculator                 │
 1 │  2 result = max(                       │ ◂ cursor (1,16)
 2 │  3     base_attack * (                 │
 3 │  4         1 + crit_bonus              │
 4 │  5     ),                              │
 5 │  6     min_damage                      │
 6 │  7 )                                   │
 7 │~                                       │
 8 │~                                       │
 9 │~                                       │
10 │~                                       │
11 │~                                       │
12 │~                                       │
13 │~                                       │
14 │~                                       │
15 │~                                       │
16 │~                                       │
17 │~                                       │
18 │calc.py               2,13           All│
    ────────────────────────────────────────

[SAY] Now at the outer paren on line two. Each jump finds the next unmatched paren up.
[SAY] {key:])} goes the other way.
[KEYS] '])'
[OVERLAY] ])  closing paren

              1         2         3         
    0123456789012345678901234567890123456789
    ────────────────────────────────────────
 0 │  1 # Damage Calculator                 │
 1 │  2 result = max(                       │
 2 │  3     base_attack * (                 │
 3 │  4         1 + crit_bonus              │
 4 │  5     ),                              │
 5 │  6     min_damage                      │
 6 │  7 )                                   │ ◂ cursor (6,4)
 7 │~                                       │
 8 │~                                       │
 9 │~                                       │
10 │~                                       │
11 │~                                       │
12 │~                                       │
13 │~                                       │
14 │~                                       │
15 │~                                       │
16 │~                                       │
17 │~                                       │
18 │calc.py               7,1            All│
    ────────────────────────────────────────

[KEYS] '])'
[OVERLAY] ])  outer closing

              1         2         3         
    0123456789012345678901234567890123456789
    ────────────────────────────────────────
 0 │  1 # Damage Calculator                 │
 1 │  2 result = max(                       │
 2 │  3     base_attack * (                 │
 3 │  4         1 + crit_bonus              │
 4 │  5     ),                              │
 5 │  6     min_damage                      │
 6 │  7 )                                   │ ◂ cursor (6,4)
 7 │~                                       │
 8 │~                                       │
 9 │~                                       │
10 │~                                       │
11 │~                                       │
12 │~                                       │
13 │~                                       │
14 │~                                       │
15 │~                                       │
16 │~                                       │
17 │~                                       │
18 │calc.py               7,1            All│
    ────────────────────────────────────────

[SAY] {key:[(} and {key:])}. Jump between unmatched parentheses. Great for nested expressions.