[RECORDING_START] Screen state at recording start:

              1         2         3         
    0123456789012345678901234567890123456789
    ────────────────────────────────────────
 0 │# Dashboard                             │ ◂ cursor (0,0)
 1 │                                        │
 2 │title = "Mission Control"               │
 3 │status = "online"                       │
 4 │alerts = 0                              │
 5 │uptime = 99.9                           │
 6 │~                                       │
 7 │~                                       │
 8 │~                                       │
 9 │~                                       │
10 │~                                       │
11 │~                                       │
12 │~                                       │
13 │~                                       │
14 │~                                       │
15 │~                                       │
16 │~                                       │
17 │~                                       │
18 │panel.py              1,1            All│
    ────────────────────────────────────────

[OVERLAY] VimFu — Ctrl-W Prefix
[SAY] Control W is the window command prefix. It doesn't do anything by itself. You follow it with another key.
[SAY] Control W S splits horizontally.
[CTRL] w
[OVERLAY] ⌃w  window...

              1         2         3         
    0123456789012345678901234567890123456789
    ────────────────────────────────────────
 0 │# Dashboard                             │ ◂ cursor (0,0)
 1 │                                        │
 2 │title = "Mission Control"               │
 3 │status = "online"                       │
 4 │alerts = 0                              │
 5 │uptime = 99.9                           │
 6 │~                                       │
 7 │~                                       │
 8 │~                                       │
 9 │~                                       │
10 │~                                       │
11 │~                                       │
12 │~                                       │
13 │~                                       │
14 │~                                       │
15 │~                                       │
16 │~                                       │
17 │~                                       │
18 │panel.py              1,1            All│
19 │                             ^W         │
    ────────────────────────────────────────

[KEYS] 's'
[OVERLAY] s  s  split

              1         2         3         
    0123456789012345678901234567890123456789
    ────────────────────────────────────────
 0 │# Dashboard                             │ ◂ cursor (0,0)
 1 │                                        │
 2 │title = "Mission Control"               │
 3 │status = "online"                       │
 4 │alerts = 0                              │
 5 │uptime = 99.9                           │
 6 │~                                       │
 7 │~                                       │
 8 │~                                       │
 9 │panel.py              1,1            All│
10 │# Dashboard                             │
11 │                                        │
12 │title = "Mission Control"               │
13 │status = "online"                       │
14 │alerts = 0                              │
15 │uptime = 99.9                           │
16 │~                                       │
17 │~                                       │
18 │panel.py              1,1            All│
    ────────────────────────────────────────
[HIGHLIGHT] row 9, cols 0-39: "panel.py              1,1            All"

[SAY] Two panes, same file. Top and bottom.
[SAY] Control W W switches between them.
[CTRL] w
[OVERLAY] ⌃w  window...

              1         2         3         
    0123456789012345678901234567890123456789
    ────────────────────────────────────────
 0 │# Dashboard                             │ ◂ cursor (0,0)
 1 │                                        │
 2 │title = "Mission Control"               │
 3 │status = "online"                       │
 4 │alerts = 0                              │
 5 │uptime = 99.9                           │
 6 │~                                       │
 7 │~                                       │
 8 │~                                       │
 9 │panel.py              1,1            All│
10 │# Dashboard                             │
11 │                                        │
12 │title = "Mission Control"               │
13 │status = "online"                       │
14 │alerts = 0                              │
15 │uptime = 99.9                           │
16 │~                                       │
17 │~                                       │
18 │panel.py              1,1            All│
19 │                             ^W         │
    ────────────────────────────────────────
[HIGHLIGHT] row 9, cols 0-39: "panel.py              1,1            All"

[KEYS] 'w'
[OVERLAY] w  w  next window

              1         2         3         
    0123456789012345678901234567890123456789
    ────────────────────────────────────────
 0 │# Dashboard                             │
 1 │                                        │
 2 │title = "Mission Control"               │
 3 │status = "online"                       │
 4 │alerts = 0                              │
 5 │uptime = 99.9                           │
 6 │~                                       │
 7 │~                                       │
 8 │~                                       │
 9 │panel.py              1,1            All│
10 │# Dashboard                             │ ◂ cursor (10,0)
11 │                                        │
12 │title = "Mission Control"               │
13 │status = "online"                       │
14 │alerts = 0                              │
15 │uptime = 99.9                           │
16 │~                                       │
17 │~                                       │
18 │panel.py              1,1            All│
    ────────────────────────────────────────
[HIGHLIGHT] row 9, cols 0-39: "panel.py              1,1            All"

[SAY] Moved to the bottom window. Control W W cycles through all windows.
[SAY] Control W C closes the current window.
[CTRL] w
[OVERLAY] ⌃w  window...

              1         2         3         
    0123456789012345678901234567890123456789
    ────────────────────────────────────────
 0 │# Dashboard                             │
 1 │                                        │
 2 │title = "Mission Control"               │
 3 │status = "online"                       │
 4 │alerts = 0                              │
 5 │uptime = 99.9                           │
 6 │~                                       │
 7 │~                                       │
 8 │~                                       │
 9 │panel.py              1,1            All│
10 │# Dashboard                             │ ◂ cursor (10,0)
11 │                                        │
12 │title = "Mission Control"               │
13 │status = "online"                       │
14 │alerts = 0                              │
15 │uptime = 99.9                           │
16 │~                                       │
17 │~                                       │
18 │panel.py              1,1            All│
19 │                             ^W         │
    ────────────────────────────────────────
[HIGHLIGHT] row 9, cols 0-39: "panel.py              1,1            All"

[KEYS] 'c'
[OVERLAY] c  c  close window

              1         2         3         
    0123456789012345678901234567890123456789
    ────────────────────────────────────────
 0 │# Dashboard                             │ ◂ cursor (0,0)
 1 │                                        │
 2 │title = "Mission Control"               │
 3 │status = "online"                       │
 4 │alerts = 0                              │
 5 │uptime = 99.9                           │
 6 │~                                       │
 7 │~                                       │
 8 │~                                       │
 9 │~                                       │
10 │~                                       │
11 │~                                       │
12 │~                                       │
13 │~                                       │
14 │~                                       │
15 │~                                       │
16 │~                                       │
17 │~                                       │
18 │panel.py              1,1            All│
    ────────────────────────────────────────

[SAY] Back to one window. S to split, W to navigate, C to close. All start with control W.
[SAY] Control W. The window prefix. We'll cover each window command in detail later.