[RECORDING_START] Screen state at recording start:

              1         2         3         
    0123456789012345678901234567890123456789
    ────────────────────────────────────────
 0 │name = "Sparky"                         │ ◂ cursor (0,0)
 1 │job = "cleaning"                        │
 2 │speed = "slow"                          │
 3 │mood = "bored"                          │
 4 │                                        │
 5 │def work():                             │
 6 │    sweep("kitchen")                    │
 7 │~                                       │
 8 │~                                       │
 9 │~                                       │
10 │~                                       │
11 │~                                       │
12 │~                                       │
13 │~                                       │
14 │~                                       │
15 │~                                       │
16 │~                                       │
17 │~                                       │
18 │bot.py                1,1            All│
    ────────────────────────────────────────

[OVERLAY] VimFu — The c Key
[SAY] C followed by a motion changes text. Deletes it and drops you into insert mode.
[SAY] Change the name. C W. Change word.
[KEYS] 'f"'
[OVERLAY] f"

              1         2         3         
    0123456789012345678901234567890123456789
    ────────────────────────────────────────
 0 │name = "Sparky"                         │ ◂ cursor (0,7)
 1 │job = "cleaning"                        │
 2 │speed = "slow"                          │
 3 │mood = "bored"                          │
 4 │                                        │
 5 │def work():                             │
 6 │    sweep("kitchen")                    │
 7 │~                                       │
 8 │~                                       │
 9 │~                                       │
10 │~                                       │
11 │~                                       │
12 │~                                       │
13 │~                                       │
14 │~                                       │
15 │~                                       │
16 │~                                       │
17 │~                                       │
18 │bot.py                1,8            All│
    ────────────────────────────────────────

[KEYS] 'l'
[OVERLAY] l

              1         2         3         
    0123456789012345678901234567890123456789
    ────────────────────────────────────────
 0 │name = "Sparky"                         │ ◂ cursor (0,8)
 1 │job = "cleaning"                        │
 2 │speed = "slow"                          │
 3 │mood = "bored"                          │
 4 │                                        │
 5 │def work():                             │
 6 │    sweep("kitchen")                    │
 7 │~                                       │
 8 │~                                       │
 9 │~                                       │
10 │~                                       │
11 │~                                       │
12 │~                                       │
13 │~                                       │
14 │~                                       │
15 │~                                       │
16 │~                                       │
17 │~                                       │
18 │bot.py                1,9            All│
    ────────────────────────────────────────

[KEYS] 'cw'
[OVERLAY] cw  change word

              1         2         3         
    0123456789012345678901234567890123456789
    ────────────────────────────────────────
 0 │name = ""                               │ ◂ cursor (0,8)
 1 │job = "cleaning"                        │
 2 │speed = "slow"                          │
 3 │mood = "bored"                          │
 4 │                                        │
 5 │def work():                             │
 6 │    sweep("kitchen")                    │
 7 │~                                       │
 8 │~                                       │
 9 │~                                       │
10 │~                                       │
11 │~                                       │
12 │~                                       │
13 │~                                       │
14 │~                                       │
15 │~                                       │
16 │~                                       │
17 │~                                       │
18 │bot.py [+]            1,9            All│
19 │-- INSERT --                            │
    ────────────────────────────────────────

[TYPE] 'Turbo'

              1         2         3         
    0123456789012345678901234567890123456789
    ────────────────────────────────────────
 0 │name = "Turbo"                          │ ◂ cursor (0,13)
 1 │job = "cleaning"                        │
 2 │speed = "slow"                          │
 3 │mood = "bored"                          │
 4 │                                        │
 5 │def work():                             │
 6 │    sweep("kitchen")                    │
 7 │~                                       │
 8 │~                                       │
 9 │~                                       │
10 │~                                       │
11 │~                                       │
12 │~                                       │
13 │~                                       │
14 │~                                       │
15 │~                                       │
16 │~                                       │
17 │~                                       │
18 │bot.py [+]            1,14           All│
19 │-- INSERT --                            │
    ────────────────────────────────────────

[ESCAPE]

              1         2         3         
    0123456789012345678901234567890123456789
    ────────────────────────────────────────
 0 │name = "Turbo"                          │ ◂ cursor (0,12)
 1 │job = "cleaning"                        │
 2 │speed = "slow"                          │
 3 │mood = "bored"                          │
 4 │                                        │
 5 │def work():                             │
 6 │    sweep("kitchen")                    │
 7 │~                                       │
 8 │~                                       │
 9 │~                                       │
10 │~                                       │
11 │~                                       │
12 │~                                       │
13 │~                                       │
14 │~                                       │
15 │~                                       │
16 │~                                       │
17 │~                                       │
18 │bot.py [+]            1,13           All│
    ────────────────────────────────────────

[SAY] Sparky is now Turbo. Deleted the word, typed the new one.
[SAY] Change what's inside the quotes on the next line. C I quote.
[KEYS] 'j'
[OVERLAY] j

              1         2         3         
    0123456789012345678901234567890123456789
    ────────────────────────────────────────
 0 │name = "Turbo"                          │
 1 │job = "cleaning"                        │ ◂ cursor (1,12)
 2 │speed = "slow"                          │
 3 │mood = "bored"                          │
 4 │                                        │
 5 │def work():                             │
 6 │    sweep("kitchen")                    │
 7 │~                                       │
 8 │~                                       │
 9 │~                                       │
10 │~                                       │
11 │~                                       │
12 │~                                       │
13 │~                                       │
14 │~                                       │
15 │~                                       │
16 │~                                       │
17 │~                                       │
18 │bot.py [+]            2,13           All│
    ────────────────────────────────────────

[KEYS] 'ci"'
[OVERLAY] ci"  change inner quotes

              1         2         3         
    0123456789012345678901234567890123456789
    ────────────────────────────────────────
 0 │name = "Turbo"                          │
 1 │job = ""                                │ ◂ cursor (1,7)
 2 │speed = "slow"                          │
 3 │mood = "bored"                          │
 4 │                                        │
 5 │def work():                             │
 6 │    sweep("kitchen")                    │
 7 │~                                       │
 8 │~                                       │
 9 │~                                       │
10 │~                                       │
11 │~                                       │
12 │~                                       │
13 │~                                       │
14 │~                                       │
15 │~                                       │
16 │~                                       │
17 │~                                       │
18 │bot.py [+]            2,8            All│
19 │-- INSERT --                            │
    ────────────────────────────────────────

[TYPE] 'racing'

              1         2         3         
    0123456789012345678901234567890123456789
    ────────────────────────────────────────
 0 │name = "Turbo"                          │
 1 │job = "racing"                          │ ◂ cursor (1,13)
 2 │speed = "slow"                          │
 3 │mood = "bored"                          │
 4 │                                        │
 5 │def work():                             │
 6 │    sweep("kitchen")                    │
 7 │~                                       │
 8 │~                                       │
 9 │~                                       │
10 │~                                       │
11 │~                                       │
12 │~                                       │
13 │~                                       │
14 │~                                       │
15 │~                                       │
16 │~                                       │
17 │~                                       │
18 │bot.py [+]            2,14           All│
19 │-- INSERT --                            │
    ────────────────────────────────────────

[ESCAPE]

              1         2         3         
    0123456789012345678901234567890123456789
    ────────────────────────────────────────
 0 │name = "Turbo"                          │
 1 │job = "racing"                          │ ◂ cursor (1,12)
 2 │speed = "slow"                          │
 3 │mood = "bored"                          │
 4 │                                        │
 5 │def work():                             │
 6 │    sweep("kitchen")                    │
 7 │~                                       │
 8 │~                                       │
 9 │~                                       │
10 │~                                       │
11 │~                                       │
12 │~                                       │
13 │~                                       │
14 │~                                       │
15 │~                                       │
16 │~                                       │
17 │~                                       │
18 │bot.py [+]            2,13           All│
    ────────────────────────────────────────

[SAY] Cleaning became racing. C I quote changes everything inside the quotes.
[SAY] Change from cursor to end of line. C dollar.
[KEYS] 'j'
[OVERLAY] j

              1         2         3         
    0123456789012345678901234567890123456789
    ────────────────────────────────────────
 0 │name = "Turbo"                          │
 1 │job = "racing"                          │
 2 │speed = "slow"                          │ ◂ cursor (2,12)
 3 │mood = "bored"                          │
 4 │                                        │
 5 │def work():                             │
 6 │    sweep("kitchen")                    │
 7 │~                                       │
 8 │~                                       │
 9 │~                                       │
10 │~                                       │
11 │~                                       │
12 │~                                       │
13 │~                                       │
14 │~                                       │
15 │~                                       │
16 │~                                       │
17 │~                                       │
18 │bot.py [+]            3,13           All│
    ────────────────────────────────────────

[KEYS] '0'
[OVERLAY] 0

              1         2         3         
    0123456789012345678901234567890123456789
    ────────────────────────────────────────
 0 │name = "Turbo"                          │
 1 │job = "racing"                          │
 2 │speed = "slow"                          │ ◂ cursor (2,0)
 3 │mood = "bored"                          │
 4 │                                        │
 5 │def work():                             │
 6 │    sweep("kitchen")                    │
 7 │~                                       │
 8 │~                                       │
 9 │~                                       │
10 │~                                       │
11 │~                                       │
12 │~                                       │
13 │~                                       │
14 │~                                       │
15 │~                                       │
16 │~                                       │
17 │~                                       │
18 │bot.py [+]            3,1            All│
    ────────────────────────────────────────

[KEYS] 'f"'
[OVERLAY] f"

              1         2         3         
    0123456789012345678901234567890123456789
    ────────────────────────────────────────
 0 │name = "Turbo"                          │
 1 │job = "racing"                          │
 2 │speed = "slow"                          │ ◂ cursor (2,8)
 3 │mood = "bored"                          │
 4 │                                        │
 5 │def work():                             │
 6 │    sweep("kitchen")                    │
 7 │~                                       │
 8 │~                                       │
 9 │~                                       │
10 │~                                       │
11 │~                                       │
12 │~                                       │
13 │~                                       │
14 │~                                       │
15 │~                                       │
16 │~                                       │
17 │~                                       │
18 │bot.py [+]            3,9            All│
    ────────────────────────────────────────

[KEYS] 'c$'
[OVERLAY] c$  change to end

              1         2         3         
    0123456789012345678901234567890123456789
    ────────────────────────────────────────
 0 │name = "Turbo"                          │
 1 │job = "racing"                          │
 2 │speed =                                 │ ◂ cursor (2,8)
 3 │mood = "bored"                          │
 4 │                                        │
 5 │def work():                             │
 6 │    sweep("kitchen")                    │
 7 │~                                       │
 8 │~                                       │
 9 │~                                       │
10 │~                                       │
11 │~                                       │
12 │~                                       │
13 │~                                       │
14 │~                                       │
15 │~                                       │
16 │~                                       │
17 │~                                       │
18 │bot.py [+]            3,9            All│
19 │-- INSERT --                            │
    ────────────────────────────────────────

[TYPE] '"turbo"'

              1         2         3         
    0123456789012345678901234567890123456789
    ────────────────────────────────────────
 0 │name = "Turbo"                          │
 1 │job = "racing"                          │
 2 │speed = "turbo"                         │ ◂ cursor (2,15)
 3 │mood = "bored"                          │
 4 │                                        │
 5 │def work():                             │
 6 │    sweep("kitchen")                    │
 7 │~                                       │
 8 │~                                       │
 9 │~                                       │
10 │~                                       │
11 │~                                       │
12 │~                                       │
13 │~                                       │
14 │~                                       │
15 │~                                       │
16 │~                                       │
17 │~                                       │
18 │bot.py [+]            3,16           All│
19 │-- INSERT --                            │
    ────────────────────────────────────────

[ESCAPE]

              1         2         3         
    0123456789012345678901234567890123456789
    ────────────────────────────────────────
 0 │name = "Turbo"                          │
 1 │job = "racing"                          │
 2 │speed = "turbo"                         │ ◂ cursor (2,14)
 3 │mood = "bored"                          │
 4 │                                        │
 5 │def work():                             │
 6 │    sweep("kitchen")                    │
 7 │~                                       │
 8 │~                                       │
 9 │~                                       │
10 │~                                       │
11 │~                                       │
12 │~                                       │
13 │~                                       │
14 │~                                       │
15 │~                                       │
16 │~                                       │
17 │~                                       │
18 │bot.py [+]            3,15           All│
    ────────────────────────────────────────

[SAY] Changed from the quote to the end of the line.
[SAY] C plus a motion. Change text. Delete and insert in one move.