[RECORDING_START] Screen state at recording start:

              1         2         3         
    0123456789012345678901234567890123456789
    ────────────────────────────────────────
 0 │alpha = 1                               │ ◂ cursor (0,0)
 1 │beta  = 2                               │
 2 │gamma = 3                               │
 3 │~                                       │
 4 │~                                       │
 5 │~                                       │
 6 │~                                       │
 7 │~                                       │
 8 │~                                       │
 9 │~                                       │
10 │~                                       │
11 │~                                       │
12 │~                                       │
13 │~                                       │
14 │~                                       │
15 │~                                       │
16 │~                                       │
17 │~                                       │
18 │cols.txt              1,1            All│
    ────────────────────────────────────────

[OVERLAY] VimFu — Visual Surround — Blockwise
[SAY] In block visual mode, capital S surrounds each line individually. Every line in the block gets its own pair.
[SAY] Select the numbers in a block. Control V, then move down.
[KEYS] 'f1'
[OVERLAY] f1

              1         2         3         
    0123456789012345678901234567890123456789
    ────────────────────────────────────────
 0 │alpha = 1                               │ ◂ cursor (0,8)
 1 │beta  = 2                               │
 2 │gamma = 3                               │
 3 │~                                       │
 4 │~                                       │
 5 │~                                       │
 6 │~                                       │
 7 │~                                       │
 8 │~                                       │
 9 │~                                       │
10 │~                                       │
11 │~                                       │
12 │~                                       │
13 │~                                       │
14 │~                                       │
15 │~                                       │
16 │~                                       │
17 │~                                       │
18 │cols.txt              1,9            All│
    ────────────────────────────────────────

[KEYS] '\x16jj'
[OVERLAY] ⌃vjj  Ctrl-V → select block

              1         2         3         
    0123456789012345678901234567890123456789
    ────────────────────────────────────────
 0 │alpha = 1                               │
 1 │beta  = 2                               │
 2 │gamma = 3                               │ ◂ cursor (2,8)
 3 │~                                       │
 4 │~                                       │
 5 │~                                       │
 6 │~                                       │
 7 │~                                       │
 8 │~                                       │
 9 │~                                       │
10 │~                                       │
11 │~                                       │
12 │~                                       │
13 │~                                       │
14 │~                                       │
15 │~                                       │
16 │~                                       │
17 │~                                       │
18 │cols.txt              3,9            All│
19 │-- VISUAL BLOCK --           3x1        │
    ────────────────────────────────────────
[HIGHLIGHT] row 0, col 8: "1"
[HIGHLIGHT] row 1, col 8: "2"

[SAY] Capital S, double quote.
[KEYS] 'S"'
[OVERLAY] S"  S"

              1         2         3         
    0123456789012345678901234567890123456789
    ────────────────────────────────────────
 0 │alpha = "1"                             │ ◂ cursor (0,8)
 1 │beta  = "2"                             │
 2 │gamma = "3"                             │
 3 │~                                       │
 4 │~                                       │
 5 │~                                       │
 6 │~                                       │
 7 │~                                       │
 8 │~                                       │
 9 │~                                       │
10 │~                                       │
11 │~                                       │
12 │~                                       │
13 │~                                       │
14 │~                                       │
15 │~                                       │
16 │~                                       │
17 │~                                       │
18 │cols.txt [+]          1,9            All│
    ────────────────────────────────────────

[SAY] Each number is individually wrapped in quotes. One, two, three, each quoted.
[KEYS] 'u'
[OVERLAY] u  undo

              1         2         3         
    0123456789012345678901234567890123456789
    ────────────────────────────────────────
 0 │alpha = 1                               │ ◂ cursor (0,8)
 1 │beta  = 2                               │
 2 │gamma = 3                               │
 3 │~                                       │
 4 │~                                       │
 5 │~                                       │
 6 │~                                       │
 7 │~                                       │
 8 │~                                       │
 9 │~                                       │
10 │~                                       │
11 │~                                       │
12 │~                                       │
13 │~                                       │
14 │~                                       │
15 │~                                       │
16 │~                                       │
17 │~                                       │
18 │cols.txt              1,9            All│
19 │3 changes; b...9 seconds ago            │
    ────────────────────────────────────────

[SAY] Block visual S. Surround each line in the block separately.