[RECORDING_START] Screen state at recording start:

              1         2         3         
    0123456789012345678901234567890123456789
    ────────────────────────────────────────
 0 │Line 1                                  │ ◂ cursor (0,0)
 1 │Line 2                                  │
 2 │Line 3                                  │
 3 │Line 4                                  │
 4 │Line 5                                  │
 5 │Line 6                                  │
 6 │Line 7                                  │
 7 │Line 8                                  │
 8 │Line 9                                  │
 9 │Line 10                                 │
10 │~                                       │
11 │~                                       │
12 │~                                       │
13 │~                                       │
14 │~                                       │
15 │~                                       │
16 │~                                       │
17 │~                                       │
18 │demo.txt              1,1            All│
    ────────────────────────────────────────

[OVERLAY] VimFu — Setting Numeric Values with =
[SAY] Numeric settings use equals to assign a value. No space around the equals sign.
[SAY] Set scroll off to three.
[TYPE] ':set scrolloff=3'

              1         2         3         
    0123456789012345678901234567890123456789
    ────────────────────────────────────────
 0 │Line 1                                  │
 1 │Line 2                                  │
 2 │Line 3                                  │
 3 │Line 4                                  │
 4 │Line 5                                  │
 5 │Line 6                                  │
 6 │Line 7                                  │
 7 │Line 8                                  │
 8 │Line 9                                  │
 9 │Line 10                                 │
10 │~                                       │
11 │~                                       │
12 │~                                       │
13 │~                                       │
14 │~                                       │
15 │~                                       │
16 │~                                       │
17 │~                                       │
18 │demo.txt              1,1            All│
19 │:set scrolloff=3                        │ ◂ cursor (19,16)
    ────────────────────────────────────────

[SAY] Equals followed by the value — no spaces around the equals sign.
[ENTER]

              1         2         3         
    0123456789012345678901234567890123456789
    ────────────────────────────────────────
 0 │Line 1                                  │ ◂ cursor (0,0)
 1 │Line 2                                  │
 2 │Line 3                                  │
 3 │Line 4                                  │
 4 │Line 5                                  │
 5 │Line 6                                  │
 6 │Line 7                                  │
 7 │Line 8                                  │
 8 │Line 9                                  │
 9 │Line 10                                 │
10 │~                                       │
11 │~                                       │
12 │~                                       │
13 │~                                       │
14 │~                                       │
15 │~                                       │
16 │~                                       │
17 │~                                       │
18 │demo.txt              1,1            All│
19 │:set scrolloff=3                        │
    ────────────────────────────────────────

[SAY] Verify it.
[TYPE] ':set scrolloff?'

              1         2         3         
    0123456789012345678901234567890123456789
    ────────────────────────────────────────
 0 │Line 1                                  │
 1 │Line 2                                  │
 2 │Line 3                                  │
 3 │Line 4                                  │
 4 │Line 5                                  │
 5 │Line 6                                  │
 6 │Line 7                                  │
 7 │Line 8                                  │
 8 │Line 9                                  │
 9 │Line 10                                 │
10 │~                                       │
11 │~                                       │
12 │~                                       │
13 │~                                       │
14 │~                                       │
15 │~                                       │
16 │~                                       │
17 │~                                       │
18 │demo.txt              1,1            All│
19 │:set scrolloff?                         │ ◂ cursor (19,15)
    ────────────────────────────────────────

[SAY] Question mark on the same option to read it back.
[ENTER]

              1         2         3         
    0123456789012345678901234567890123456789
    ────────────────────────────────────────
 0 │Line 1                                  │ ◂ cursor (0,0)
 1 │Line 2                                  │
 2 │Line 3                                  │
 3 │Line 4                                  │
 4 │Line 5                                  │
 5 │Line 6                                  │
 6 │Line 7                                  │
 7 │Line 8                                  │
 8 │Line 9                                  │
 9 │Line 10                                 │
10 │~                                       │
11 │~                                       │
12 │~                                       │
13 │~                                       │
14 │~                                       │
15 │~                                       │
16 │~                                       │
17 │~                                       │
18 │demo.txt              1,1            All│
19 │  scrolloff=3                           │
    ────────────────────────────────────────

[ENTER]

              1         2         3         
    0123456789012345678901234567890123456789
    ────────────────────────────────────────
 0 │Line 1                                  │
 1 │Line 2                                  │ ◂ cursor (1,0)
 2 │Line 3                                  │
 3 │Line 4                                  │
 4 │Line 5                                  │
 5 │Line 6                                  │
 6 │Line 7                                  │
 7 │Line 8                                  │
 8 │Line 9                                  │
 9 │Line 10                                 │
10 │~                                       │
11 │~                                       │
12 │~                                       │
13 │~                                       │
14 │~                                       │
15 │~                                       │
16 │~                                       │
17 │~                                       │
18 │demo.txt              2,1            All│
19 │  scrolloff=3                           │
    ────────────────────────────────────────

[SAY] Set tab stop to two.
[TYPE] ':set tabstop=2'

              1         2         3         
    0123456789012345678901234567890123456789
    ────────────────────────────────────────
 0 │Line 1                                  │
 1 │Line 2                                  │
 2 │Line 3                                  │
 3 │Line 4                                  │
 4 │Line 5                                  │
 5 │Line 6                                  │
 6 │Line 7                                  │
 7 │Line 8                                  │
 8 │Line 9                                  │
 9 │Line 10                                 │
10 │~                                       │
11 │~                                       │
12 │~                                       │
13 │~                                       │
14 │~                                       │
15 │~                                       │
16 │~                                       │
17 │~                                       │
18 │demo.txt              2,1            All│
19 │:set tabstop=2                          │ ◂ cursor (19,14)
    ────────────────────────────────────────

[SAY] Same pattern for any numeric option — name, equals, value.
[ENTER]

              1         2         3         
    0123456789012345678901234567890123456789
    ────────────────────────────────────────
 0 │Line 1                                  │
 1 │Line 2                                  │ ◂ cursor (1,0)
 2 │Line 3                                  │
 3 │Line 4                                  │
 4 │Line 5                                  │
 5 │Line 6                                  │
 6 │Line 7                                  │
 7 │Line 8                                  │
 8 │Line 9                                  │
 9 │Line 10                                 │
10 │~                                       │
11 │~                                       │
12 │~                                       │
13 │~                                       │
14 │~                                       │
15 │~                                       │
16 │~                                       │
17 │~                                       │
18 │demo.txt              2,1            All│
19 │:set tabstop=2                          │
    ────────────────────────────────────────

[TYPE] ':set ts?'

              1         2         3         
    0123456789012345678901234567890123456789
    ────────────────────────────────────────
 0 │Line 1                                  │
 1 │Line 2                                  │
 2 │Line 3                                  │
 3 │Line 4                                  │
 4 │Line 5                                  │
 5 │Line 6                                  │
 6 │Line 7                                  │
 7 │Line 8                                  │
 8 │Line 9                                  │
 9 │Line 10                                 │
10 │~                                       │
11 │~                                       │
12 │~                                       │
13 │~                                       │
14 │~                                       │
15 │~                                       │
16 │~                                       │
17 │~                                       │
18 │demo.txt              2,1            All│
19 │:set ts?                                │ ◂ cursor (19,8)
    ────────────────────────────────────────

[SAY] Query using the short form, T-S.
[ENTER]

              1         2         3         
    0123456789012345678901234567890123456789
    ────────────────────────────────────────
 0 │Line 1                                  │
 1 │Line 2                                  │ ◂ cursor (1,0)
 2 │Line 3                                  │
 3 │Line 4                                  │
 4 │Line 5                                  │
 5 │Line 6                                  │
 6 │Line 7                                  │
 7 │Line 8                                  │
 8 │Line 9                                  │
 9 │Line 10                                 │
10 │~                                       │
11 │~                                       │
12 │~                                       │
13 │~                                       │
14 │~                                       │
15 │~                                       │
16 │~                                       │
17 │~                                       │
18 │demo.txt              2,1            All│
19 │  tabstop=2                             │
    ────────────────────────────────────────

[ENTER]

              1         2         3         
    0123456789012345678901234567890123456789
    ────────────────────────────────────────
 0 │Line 1                                  │
 1 │Line 2                                  │
 2 │Line 3                                  │ ◂ cursor (2,0)
 3 │Line 4                                  │
 4 │Line 5                                  │
 5 │Line 6                                  │
 6 │Line 7                                  │
 7 │Line 8                                  │
 8 │Line 9                                  │
 9 │Line 10                                 │
10 │~                                       │
11 │~                                       │
12 │~                                       │
13 │~                                       │
14 │~                                       │
15 │~                                       │
16 │~                                       │
17 │~                                       │
18 │demo.txt              3,1            All│
19 │  tabstop=2                             │
    ────────────────────────────────────────

[SAY] Set option equals value. No spaces. Works for scroll off, tab stop, shift width, and many more.