[RECORDING_START] Screen state at recording start:

              1         2         3         
    0123456789012345678901234567890123456789
    ────────────────────────────────────────
 0 │class Dungeon:                          │ ◂ cursor (0,0)
 1 │    def __init__(self, level):          │
 2 │        self.level = level              │
 3 │        self.rooms = []                 │
 4 │                                        │
 5 │    def explore(self, hero):            │
 6 │        room = self.rooms.pop(0)        │
 7 │        loot = room.search(hero)        │
 8 │        return loot                     │
 9 │~                                       │
10 │~                                       │
11 │~                                       │
12 │~                                       │
13 │~                                       │
14 │~                                       │
15 │~                                       │
16 │~                                       │
17 │dungeon.py            1,1            All│
18 │                                        │
19 │[0] 0:nvim* 1:zs>"vimfu" 19:25 26-Feb-26│
    ────────────────────────────────────────
[HIGHLIGHT] row 17, cols 0-39: "dungeon.py            1,1            All"

[OVERLAY] VimFu — Window Chooser
[SAY] Control B, W opens an interactive window list.
[SAY] Three windows. I want the dungeon map. Control B, W.
[KEYS] '\x02'
[OVERLAY] ⌃b  prefix

              1         2         3         
    0123456789012345678901234567890123456789
    ────────────────────────────────────────
 0 │class Dungeon:                          │ ◂ cursor (0,0)
 1 │    def __init__(self, level):          │
 2 │        self.level = level              │
 3 │        self.rooms = []                 │
 4 │                                        │
 5 │    def explore(self, hero):            │
 6 │        room = self.rooms.pop(0)        │
 7 │        loot = room.search(hero)        │
 8 │        return loot                     │
 9 │~                                       │
10 │~                                       │
11 │~                                       │
12 │~                                       │
13 │~                                       │
14 │~                                       │
15 │~                                       │
16 │~                                       │
17 │dungeon.py            1,1            All│
18 │                                        │
19 │[0] 0:nvim* 1:zs>"vimfu" 19:25 26-Feb-26│
    ────────────────────────────────────────
[HIGHLIGHT] row 17, cols 0-39: "dungeon.py            1,1            All"

[KEYS] 'w'
[OVERLAY] w  window list

              1         2         3         
    0123456789012345678901234567890123456789
    ────────────────────────────────────────
 0 │(0) - 0: 3 windows (attached)           │
 1 │(1) ├─> 0: [tmux]*                      │
 2 │(2) ├─> 1: zsh                          │
 3 │(3) └─> 2: zsh-                         │ ◂ cursor (3,11)
 4 │                                        │
 5 │                                        │
 6 │                                        │
 7 │                                        │
 8 │                                        │
 9 │                                        │
10 │                                        │
11 │                                        │
12 │                                        │
13 │                                        │
14 │                                        │
15 │                                        │
16 │                                        │
17 │                                        │
18 │                                        │
19 │[0] 0:[tmux]* 1:>"vimfu" 19:25 26-Feb-26│
    ────────────────────────────────────────
[HIGHLIGHT] row 1, cols 0-39: "(1) ├─> 0: [tmux]*"

[SAY] A tree of all windows. Navigate with J and K.
[KEYS] 'j'
[OVERLAY] j  down

              1         2         3         
    0123456789012345678901234567890123456789
    ────────────────────────────────────────
 0 │(0) - 0: 3 windows (attached)           │
 1 │(1) ├─> 0: [tmux]*                      │
 2 │(2) ├─> 1: zsh                          │
 3 │(3) └─> 2: zsh-                         │ ◂ cursor (3,11)
 4 │                                        │
 5 │                                        │
 6 │                                        │
 7 │                                        │
 8 │                                        │
 9 │                                        │
10 │                                        │
11 │                                        │
12 │                                        │
13 │                                        │
14 │                                        │
15 │                                        │
16 │                                        │
17 │                                        │
18 │                                        │
19 │[0] 0:[tmux]* 1:>"vimfu" 19:25 26-Feb-26│
    ────────────────────────────────────────
[HIGHLIGHT] row 2, cols 0-39: "(2) ├─> 1: zsh"

[KEYS] 'j'
[OVERLAY] j  down

              1         2         3         
    0123456789012345678901234567890123456789
    ────────────────────────────────────────
 0 │(0) - 0: 3 windows (attached)           │
 1 │(1) ├─> 0: [tmux]*                      │
 2 │(2) ├─> 1: zsh                          │
 3 │(3) └─> 2: zsh-                         │ ◂ cursor (3,11)
 4 │                                        │
 5 │                                        │
 6 │                                        │
 7 │                                        │
 8 │                                        │
 9 │                                        │
10 │                                        │
11 │                                        │
12 │                                        │
13 │                                        │
14 │                                        │
15 │                                        │
16 │                                        │
17 │                                        │
18 │                                        │
19 │[0] 0:[tmux]* 1:>"vimfu" 19:25 26-Feb-26│
    ────────────────────────────────────────
[HIGHLIGHT] row 3, cols 0-39: "(3) └─> 2: sh-"

[SAY] Press Enter to jump.
[ENTER]

              1         2         3         
    0123456789012345678901234567890123456789
    ────────────────────────────────────────
 0 │Dungeon Map — Level 3                   │
 1 │──────────────────────                  │
 2 │[START] → [CAVE]                        │
 3 │              ↓                         │
 4 │          [BRIDGE]                      │
 5 │              ↓                         │
 6 │       [BOSS CHAMBER]                   │
 7 │                                        │
 8 │Hero: Room 2 / 4                        │
 9 │➜  vimfu                                │ ◂ cursor (9,9)
10 │                                        │
11 │                                        │
12 │                                        │
13 │                                        │
14 │                                        │
15 │                                        │
16 │                                        │
17 │                                        │
18 │                                        │
19 │[0] <:zsh  2:zsh*"vimfu" 19:25 26-Feb-26│
    ────────────────────────────────────────

[SAY] The dungeon map. Exactly where I wanted.
[SAY] Open the list again.
[KEYS] '\x02'
[OVERLAY] ⌃b  prefix

              1         2         3         
    0123456789012345678901234567890123456789
    ────────────────────────────────────────
 0 │Dungeon Map — Level 3                   │
 1 │──────────────────────                  │
 2 │[START] → [CAVE]                        │
 3 │              ↓                         │
 4 │          [BRIDGE]                      │
 5 │              ↓                         │
 6 │       [BOSS CHAMBER]                   │
 7 │                                        │
 8 │Hero: Room 2 / 4                        │
 9 │➜  vimfu                                │ ◂ cursor (9,9)
10 │                                        │
11 │                                        │
12 │                                        │
13 │                                        │
14 │                                        │
15 │                                        │
16 │                                        │
17 │                                        │
18 │                                        │
19 │[0] <:zsh  2:zsh*"vimfu" 19:25 26-Feb-26│
    ────────────────────────────────────────

[KEYS] 'w'
[OVERLAY] w  window list

              1         2         3         
    0123456789012345678901234567890123456789
    ────────────────────────────────────────
 0 │(0) - 0: 3 windows (attached)           │
 1 │(1) ├─> 0: nvim-                        │
 2 │(2) ├─> 1: zsh                          │
 3 │(3) └─> 2: [tmux]*                      │ ◂ cursor (3,11)
 4 │                                        │
 5 │                                        │
 6 │                                        │
 7 │                                        │
 8 │                                        │
 9 │                                        │
10 │                                        │
11 │                                        │
12 │                                        │
13 │                                        │
14 │                                        │
15 │                                        │
16 │                                        │
17 │                                        │
18 │                                        │
19 │[0] <h  2:[tmux]*"vimfu" 19:25 26-Feb-26│
    ────────────────────────────────────────
[HIGHLIGHT] row 3, cols 0-39: "(3) └─> 2: tmux]*"

[SAY] The star marks where you are. Back to the editor.
[KEYS] 'k'
[OVERLAY] k  up

              1         2         3         
    0123456789012345678901234567890123456789
    ────────────────────────────────────────
 0 │(0) - 0: 3 windows (attached)           │
 1 │(1) ├─> 0: nvim-                        │
 2 │(2) ├─> 1: zsh                          │
 3 │(3) └─> 2: [tmux]*                      │ ◂ cursor (3,11)
 4 │                                        │
 5 │                                        │
 6 │                                        │
 7 │                                        │
 8 │                                        │
 9 │                                        │
10 │                                        │
11 │                                        │
12 │                                        │
13 │                                        │
14 │                                        │
15 │                                        │
16 │                                        │
17 │                                        │
18 │                                        │
19 │[0] <h  2:[tmux]*"vimfu" 19:25 26-Feb-26│
    ────────────────────────────────────────
[HIGHLIGHT] row 2, cols 0-39: "(2) ├─> 1: zsh"

[KEYS] 'k'
[OVERLAY] k  up

              1         2         3         
    0123456789012345678901234567890123456789
    ────────────────────────────────────────
 0 │(0) - 0: 3 windows (attached)           │
 1 │(1) ├─> 0: nvim-                        │
 2 │(2) ├─> 1: zsh                          │
 3 │(3) └─> 2: [tmux]*                      │ ◂ cursor (3,11)
 4 │                                        │
 5 │                                        │
 6 │                                        │
 7 │                                        │
 8 │                                        │
 9 │                                        │
10 │                                        │
11 │                                        │
12 │                                        │
13 │                                        │
14 │                                        │
15 │                                        │
16 │                                        │
17 │                                        │
18 │                                        │
19 │[0] <h  2:[tmux]*"vimfu" 19:25 26-Feb-26│
    ────────────────────────────────────────
[HIGHLIGHT] row 1, cols 0-39: "(1) ├─> 0: nvim-"

[ENTER]

              1         2         3         
    0123456789012345678901234567890123456789
    ────────────────────────────────────────
 0 │class Dungeon:                          │ ◂ cursor (0,0)
 1 │    def __init__(self, level):          │
 2 │        self.level = level              │
 3 │        self.rooms = []                 │
 4 │                                        │
 5 │    def explore(self, hero):            │
 6 │        room = self.rooms.pop(0)        │
 7 │        loot = room.search(hero)        │
 8 │        return loot                     │
 9 │~                                       │
10 │~                                       │
11 │~                                       │
12 │~                                       │
13 │~                                       │
14 │~                                       │
15 │~                                       │
16 │~                                       │
17 │dungeon.py            1,1            All│
18 │                                        │
19 │[0] 0:nvim* 1:zs>"vimfu" 19:25 26-Feb-26│
    ────────────────────────────────────────
[HIGHLIGHT] row 17, cols 0-39: "dungeon.py            1,1            All"

[SAY] Back in the code.
[SAY] Control B, W. See all your windows and jump to any one.