[RECORDING_START] Screen state at recording start:

              1         2         3         
    0123456789012345678901234567890123456789
    ────────────────────────────────────────
 0 │keep = "gold"                           │ ◂ cursor (0,0)
 1 │junk = "trash"                          │
 2 │copy = "none"                           │
 3 │~                                       │
 4 │~                                       │
 5 │~                                       │
 6 │~                                       │
 7 │~                                       │
 8 │~                                       │
 9 │~                                       │
10 │~                                       │
11 │~                                       │
12 │~                                       │
13 │~                                       │
14 │~                                       │
15 │~                                       │
16 │~                                       │
17 │~                                       │
18 │items.py              1,1            All│
    ────────────────────────────────────────

[OVERLAY] VimFu — The Black Hole Register
[SAY] Double-quote underscore is the black hole register. Anything you delete into it just disappears. No register gets overwritten.
[SAY] Yank the first line. Then delete the junk line with D D.
[KEYS] 'yy'
[OVERLAY] yy  yy  yank line

              1         2         3         
    0123456789012345678901234567890123456789
    ────────────────────────────────────────
 0 │keep = "gold"                           │ ◂ cursor (0,0)
 1 │junk = "trash"                          │
 2 │copy = "none"                           │
 3 │~                                       │
 4 │~                                       │
 5 │~                                       │
 6 │~                                       │
 7 │~                                       │
 8 │~                                       │
 9 │~                                       │
10 │~                                       │
11 │~                                       │
12 │~                                       │
13 │~                                       │
14 │~                                       │
15 │~                                       │
16 │~                                       │
17 │~                                       │
18 │items.py              1,1            All│
    ────────────────────────────────────────

[KEYS] 'j'
[OVERLAY] j

              1         2         3         
    0123456789012345678901234567890123456789
    ────────────────────────────────────────
 0 │keep = "gold"                           │
 1 │junk = "trash"                          │ ◂ cursor (1,0)
 2 │copy = "none"                           │
 3 │~                                       │
 4 │~                                       │
 5 │~                                       │
 6 │~                                       │
 7 │~                                       │
 8 │~                                       │
 9 │~                                       │
10 │~                                       │
11 │~                                       │
12 │~                                       │
13 │~                                       │
14 │~                                       │
15 │~                                       │
16 │~                                       │
17 │~                                       │
18 │items.py              2,1            All│
    ────────────────────────────────────────

[KEYS] 'dd'
[OVERLAY] dd  dd  delete line

              1         2         3         
    0123456789012345678901234567890123456789
    ────────────────────────────────────────
 0 │keep = "gold"                           │
 1 │copy = "none"                           │ ◂ cursor (1,0)
 2 │~                                       │
 3 │~                                       │
 4 │~                                       │
 5 │~                                       │
 6 │~                                       │
 7 │~                                       │
 8 │~                                       │
 9 │~                                       │
10 │~                                       │
11 │~                                       │
12 │~                                       │
13 │~                                       │
14 │~                                       │
15 │~                                       │
16 │~                                       │
17 │~                                       │
18 │items.py [+]          2,1            All│
    ────────────────────────────────────────

[SAY] Now paste. We wanted the gold line, but watch what happens.
[KEYS] 'p'
[OVERLAY] p  p  put

              1         2         3         
    0123456789012345678901234567890123456789
    ────────────────────────────────────────
 0 │keep = "gold"                           │
 1 │copy = "none"                           │
 2 │junk = "trash"                          │ ◂ cursor (2,0)
 3 │~                                       │
 4 │~                                       │
 5 │~                                       │
 6 │~                                       │
 7 │~                                       │
 8 │~                                       │
 9 │~                                       │
10 │~                                       │
11 │~                                       │
12 │~                                       │
13 │~                                       │
14 │~                                       │
15 │~                                       │
16 │~                                       │
17 │~                                       │
18 │items.py [+]          3,1            All│
    ────────────────────────────────────────

[SAY] Junk. The delete overwrote our yank.
[SAY] Undo and try again. This time delete with double-quote underscore D D.
[KEYS] 'uu'
[OVERLAY] uu

              1         2         3         
    0123456789012345678901234567890123456789
    ────────────────────────────────────────
 0 │keep = "gold"                           │
 1 │junk = "trash"                          │ ◂ cursor (1,0)
 2 │copy = "none"                           │
 3 │~                                       │
 4 │~                                       │
 5 │~                                       │
 6 │~                                       │
 7 │~                                       │
 8 │~                                       │
 9 │~                                       │
10 │~                                       │
11 │~                                       │
12 │~                                       │
13 │~                                       │
14 │~                                       │
15 │~                                       │
16 │~                                       │
17 │~                                       │
18 │items.py              2,1            All│
19 │1 more line;...8 seconds ago            │
    ────────────────────────────────────────

[KEYS] 'gg'
[OVERLAY] gg

              1         2         3         
    0123456789012345678901234567890123456789
    ────────────────────────────────────────
 0 │keep = "gold"                           │ ◂ cursor (0,0)
 1 │junk = "trash"                          │
 2 │copy = "none"                           │
 3 │~                                       │
 4 │~                                       │
 5 │~                                       │
 6 │~                                       │
 7 │~                                       │
 8 │~                                       │
 9 │~                                       │
10 │~                                       │
11 │~                                       │
12 │~                                       │
13 │~                                       │
14 │~                                       │
15 │~                                       │
16 │~                                       │
17 │~                                       │
18 │items.py              1,1            All│
19 │1 more line;...8 seconds ago            │
    ────────────────────────────────────────

[KEYS] 'yy'
[OVERLAY] yy  yy  yank line

              1         2         3         
    0123456789012345678901234567890123456789
    ────────────────────────────────────────
 0 │keep = "gold"                           │ ◂ cursor (0,0)
 1 │junk = "trash"                          │
 2 │copy = "none"                           │
 3 │~                                       │
 4 │~                                       │
 5 │~                                       │
 6 │~                                       │
 7 │~                                       │
 8 │~                                       │
 9 │~                                       │
10 │~                                       │
11 │~                                       │
12 │~                                       │
13 │~                                       │
14 │~                                       │
15 │~                                       │
16 │~                                       │
17 │~                                       │
18 │items.py              1,1            All│
19 │1 more line;...8 seconds ago            │
    ────────────────────────────────────────

[KEYS] 'j'
[OVERLAY] j

              1         2         3         
    0123456789012345678901234567890123456789
    ────────────────────────────────────────
 0 │keep = "gold"                           │
 1 │junk = "trash"                          │ ◂ cursor (1,0)
 2 │copy = "none"                           │
 3 │~                                       │
 4 │~                                       │
 5 │~                                       │
 6 │~                                       │
 7 │~                                       │
 8 │~                                       │
 9 │~                                       │
10 │~                                       │
11 │~                                       │
12 │~                                       │
13 │~                                       │
14 │~                                       │
15 │~                                       │
16 │~                                       │
17 │~                                       │
18 │items.py              2,1            All│
19 │1 more line;...8 seconds ago            │
    ────────────────────────────────────────

[KEYS] '"_dd'
[OVERLAY] "_dd  "_dd  delete to black hole

              1         2         3         
    0123456789012345678901234567890123456789
    ────────────────────────────────────────
 0 │keep = "gold"                           │
 1 │copy = "none"                           │ ◂ cursor (1,0)
 2 │~                                       │
 3 │~                                       │
 4 │~                                       │
 5 │~                                       │
 6 │~                                       │
 7 │~                                       │
 8 │~                                       │
 9 │~                                       │
10 │~                                       │
11 │~                                       │
12 │~                                       │
13 │~                                       │
14 │~                                       │
15 │~                                       │
16 │~                                       │
17 │~                                       │
18 │items.py [+]          2,1            All│
19 │1 more line;...8 seconds ago            │
    ────────────────────────────────────────

[SAY] Now paste.
[KEYS] 'p'
[OVERLAY] p  p  put

              1         2         3         
    0123456789012345678901234567890123456789
    ────────────────────────────────────────
 0 │keep = "gold"                           │
 1 │copy = "none"                           │
 2 │keep = "gold"                           │ ◂ cursor (2,0)
 3 │~                                       │
 4 │~                                       │
 5 │~                                       │
 6 │~                                       │
 7 │~                                       │
 8 │~                                       │
 9 │~                                       │
10 │~                                       │
11 │~                                       │
12 │~                                       │
13 │~                                       │
14 │~                                       │
15 │~                                       │
16 │~                                       │
17 │~                                       │
18 │items.py [+]          3,1            All│
19 │1 more line;...8 seconds ago            │
    ────────────────────────────────────────

[SAY] Gold. The black hole register ate the delete. Our yank stayed safe.
[SAY] Double-quote underscore. The black hole register. Delete without clobbering your clipboard.