[RECORDING_START] Screen state at recording start:

              1         2         3         
    0123456789012345678901234567890123456789
    ────────────────────────────────────────
 0 │# Dungeon Generator                     │ ◂ cursor (0,0)
 1 │import random                           │
 2 │                                        │
 3 │ROOMS = 25                              │
 4 │MIN_SIZE = 4                            │
 5 │MAX_SIZE = 12                           │
 6 │                                        │
 7 │def roll_dice(n, sides):                │
 8 │    return sum(random.randint(1, sides) │
 9 │for _ in range(n))                      │
10 │                                        │
11 │def gen_room(room_id):                  │
12 │    w = random.randint(MIN_SIZE, MAX_SIZ│
13 │E)                                      │
14 │    h = random.randint(MIN_SIZE, MAX_SIZ│
15 │E)                                      │
16 │    x = random.randint(0, 80 - w)       │
17 │    y = random.randint(0, 50 - h)       │
18 │dungeon.py            1,1            Top│
    ────────────────────────────────────────

[OVERLAY] VimFu — Screen Top / Middle / Bottom
[SAY] H, M, L. Three keys to jump anywhere on the visible screen without scrolling.
[SAY] L jumps to the lowest visible line.
[KEYS] 'L'
[OVERLAY] ⇧L  L  screen bottom

              1         2         3         
    0123456789012345678901234567890123456789
    ────────────────────────────────────────
 0 │# Dungeon Generator                     │
 1 │import random                           │
 2 │                                        │
 3 │ROOMS = 25                              │
 4 │MIN_SIZE = 4                            │
 5 │MAX_SIZE = 12                           │
 6 │                                        │
 7 │def roll_dice(n, sides):                │
 8 │    return sum(random.randint(1, sides) │
 9 │for _ in range(n))                      │
10 │                                        │
11 │def gen_room(room_id):                  │
12 │    w = random.randint(MIN_SIZE, MAX_SIZ│
13 │E)                                      │
14 │    h = random.randint(MIN_SIZE, MAX_SIZ│
15 │E)                                      │
16 │    x = random.randint(0, 80 - w)       │
17 │    y = random.randint(0, 50 - h)       │ ◂ cursor (17,0)
18 │dungeon.py            15,1           Top│
    ────────────────────────────────────────

[SAY] Bottom of the screen. The file didn't scroll — just the cursor moved.
[SAY] H jumps to the highest line. H for high.
[KEYS] 'H'
[OVERLAY] ⇧H  H  screen top

              1         2         3         
    0123456789012345678901234567890123456789
    ────────────────────────────────────────
 0 │# Dungeon Generator                     │ ◂ cursor (0,0)
 1 │import random                           │
 2 │                                        │
 3 │ROOMS = 25                              │
 4 │MIN_SIZE = 4                            │
 5 │MAX_SIZE = 12                           │
 6 │                                        │
 7 │def roll_dice(n, sides):                │
 8 │    return sum(random.randint(1, sides) │
 9 │for _ in range(n))                      │
10 │                                        │
11 │def gen_room(room_id):                  │
12 │    w = random.randint(MIN_SIZE, MAX_SIZ│
13 │E)                                      │
14 │    h = random.randint(MIN_SIZE, MAX_SIZ│
15 │E)                                      │
16 │    x = random.randint(0, 80 - w)       │
17 │    y = random.randint(0, 50 - h)       │
18 │dungeon.py            1,1            Top│
    ────────────────────────────────────────

[SAY] Top of the screen.
[SAY] M jumps to the middle.
[KEYS] 'M'
[OVERLAY] ⇧M  M  screen middle

              1         2         3         
    0123456789012345678901234567890123456789
    ────────────────────────────────────────
 0 │# Dungeon Generator                     │
 1 │import random                           │
 2 │                                        │
 3 │ROOMS = 25                              │
 4 │MIN_SIZE = 4                            │
 5 │MAX_SIZE = 12                           │
 6 │                                        │
 7 │def roll_dice(n, sides):                │
 8 │    return sum(random.randint(1, sides) │ ◂ cursor (8,0)
 9 │for _ in range(n))                      │
10 │                                        │
11 │def gen_room(room_id):                  │
12 │    w = random.randint(MIN_SIZE, MAX_SIZ│
13 │E)                                      │
14 │    h = random.randint(MIN_SIZE, MAX_SIZ│
15 │E)                                      │
16 │    x = random.randint(0, 80 - w)       │
17 │    y = random.randint(0, 50 - h)       │
18 │dungeon.py            9,1            Top│
    ────────────────────────────────────────

[SAY] Right in the center of the screen.
[SAY] Add a count for an offset. 3 H goes to the third line from the top.
[KEYS] '3'
[OVERLAY] 3  3  count

              1         2         3         
    0123456789012345678901234567890123456789
    ────────────────────────────────────────
 0 │# Dungeon Generator                     │
 1 │import random                           │
 2 │                                        │
 3 │ROOMS = 25                              │
 4 │MIN_SIZE = 4                            │
 5 │MAX_SIZE = 12                           │
 6 │                                        │
 7 │def roll_dice(n, sides):                │
 8 │    return sum(random.randint(1, sides) │ ◂ cursor (8,0)
 9 │for _ in range(n))                      │
10 │                                        │
11 │def gen_room(room_id):                  │
12 │    w = random.randint(MIN_SIZE, MAX_SIZ│
13 │E)                                      │
14 │    h = random.randint(MIN_SIZE, MAX_SIZ│
15 │E)                                      │
16 │    x = random.randint(0, 80 - w)       │
17 │    y = random.randint(0, 50 - h)       │
18 │dungeon.py            9,1            Top│
19 │                             3          │
    ────────────────────────────────────────

[KEYS] 'H'
[OVERLAY] ⇧H  H  screen top

              1         2         3         
    0123456789012345678901234567890123456789
    ────────────────────────────────────────
 0 │# Dungeon Generator                     │
 1 │import random                           │
 2 │                                        │ ◂ cursor (2,0)
 3 │ROOMS = 25                              │
 4 │MIN_SIZE = 4                            │
 5 │MAX_SIZE = 12                           │
 6 │                                        │
 7 │def roll_dice(n, sides):                │
 8 │    return sum(random.randint(1, sides) │
 9 │for _ in range(n))                      │
10 │                                        │
11 │def gen_room(room_id):                  │
12 │    w = random.randint(MIN_SIZE, MAX_SIZ│
13 │E)                                      │
14 │    h = random.randint(MIN_SIZE, MAX_SIZ│
15 │E)                                      │
16 │    x = random.randint(0, 80 - w)       │
17 │    y = random.randint(0, 50 - h)       │
18 │dungeon.py            3,0-1          Top│
    ────────────────────────────────────────

[SAY] Third line from the top. Not the first — the third.
[SAY] Same trick with L. 4 L goes to the fourth line from the bottom.
[KEYS] '4'
[OVERLAY] 4  4  count

              1         2         3         
    0123456789012345678901234567890123456789
    ────────────────────────────────────────
 0 │# Dungeon Generator                     │
 1 │import random                           │
 2 │                                        │ ◂ cursor (2,0)
 3 │ROOMS = 25                              │
 4 │MIN_SIZE = 4                            │
 5 │MAX_SIZE = 12                           │
 6 │                                        │
 7 │def roll_dice(n, sides):                │
 8 │    return sum(random.randint(1, sides) │
 9 │for _ in range(n))                      │
10 │                                        │
11 │def gen_room(room_id):                  │
12 │    w = random.randint(MIN_SIZE, MAX_SIZ│
13 │E)                                      │
14 │    h = random.randint(MIN_SIZE, MAX_SIZ│
15 │E)                                      │
16 │    x = random.randint(0, 80 - w)       │
17 │    y = random.randint(0, 50 - h)       │
18 │dungeon.py            3,0-1          Top│
19 │                             4          │
    ────────────────────────────────────────

[KEYS] 'L'
[OVERLAY] ⇧L  L  screen bottom

              1         2         3         
    0123456789012345678901234567890123456789
    ────────────────────────────────────────
 0 │# Dungeon Generator                     │
 1 │import random                           │
 2 │                                        │
 3 │ROOMS = 25                              │
 4 │MIN_SIZE = 4                            │
 5 │MAX_SIZE = 12                           │
 6 │                                        │
 7 │def roll_dice(n, sides):                │
 8 │    return sum(random.randint(1, sides) │
 9 │for _ in range(n))                      │
10 │                                        │
11 │def gen_room(room_id):                  │
12 │    w = random.randint(MIN_SIZE, MAX_SIZ│ ◂ cursor (12,0)
13 │E)                                      │
14 │    h = random.randint(MIN_SIZE, MAX_SIZ│
15 │E)                                      │
16 │    x = random.randint(0, 80 - w)       │
17 │    y = random.randint(0, 50 - h)       │
18 │dungeon.py            12,1           Top│
    ────────────────────────────────────────

[SAY] Fourth from the bottom.
[SAY] H for high. M for middle. L for low. Add a count to land exactly where you want.