[RECORDING_START] Screen state at recording start:

              1         2         3         
    0123456789012345678901234567890123456789
    ────────────────────────────────────────
 0 │➜  vimfu                                │ ◂ cursor (0,9)
 1 │                                        │
 2 │                                        │
 3 │                                        │
 4 │                                        │
 5 │                                        │
 6 │                                        │
 7 │                                        │
 8 │                                        │
 9 │                                        │
10 │                                        │
11 │                                        │
12 │                                        │
13 │                                        │
14 │                                        │
15 │                                        │
16 │                                        │
17 │                                        │
18 │                                        │
19 │[0] 0:zsh*       "vimfu" 21:21 22-May-26│
    ────────────────────────────────────────

[OVERLAY] VimFu — new-window
[SAY] New-window creates a tmux window. Same as control B C, but typed at the command prompt.
[SAY] Control B colon, new-window, enter.
[KEYS] '\x02'
[OVERLAY] ⌃b  prefix

              1         2         3         
    0123456789012345678901234567890123456789
    ────────────────────────────────────────
 0 │➜  vimfu                                │ ◂ cursor (0,9)
 1 │                                        │
 2 │                                        │
 3 │                                        │
 4 │                                        │
 5 │                                        │
 6 │                                        │
 7 │                                        │
 8 │                                        │
 9 │                                        │
10 │                                        │
11 │                                        │
12 │                                        │
13 │                                        │
14 │                                        │
15 │                                        │
16 │                                        │
17 │                                        │
18 │                                        │
19 │[0] 0:zsh*       "vimfu" 21:21 22-May-26│
    ────────────────────────────────────────

[KEYS] ':'
[OVERLAY] ⇧:  command

              1         2         3         
    0123456789012345678901234567890123456789
    ────────────────────────────────────────
 0 │➜  vimfu                                │ ◂ cursor (0,9)
 1 │                                        │
 2 │                                        │
 3 │                                        │
 4 │                                        │
 5 │                                        │
 6 │                                        │
 7 │                                        │
 8 │                                        │
 9 │                                        │
10 │                                        │
11 │                                        │
12 │                                        │
13 │                                        │
14 │                                        │
15 │                                        │
16 │                                        │
17 │                                        │
18 │                                        │
19 │:                                       │
    ────────────────────────────────────────

[TYPE] 'new-window'

              1         2         3         
    0123456789012345678901234567890123456789
    ────────────────────────────────────────
 0 │➜  vimfu                                │ ◂ cursor (0,9)
 1 │                                        │
 2 │                                        │
 3 │                                        │
 4 │                                        │
 5 │                                        │
 6 │                                        │
 7 │                                        │
 8 │                                        │
 9 │                                        │
10 │                                        │
11 │                                        │
12 │                                        │
13 │                                        │
14 │                                        │
15 │                                        │
16 │                                        │
17 │                                        │
18 │                                        │
19 │:new-window                             │
    ────────────────────────────────────────

[KEYS] '\r'
[OVERLAY] ⏎

              1         2         3         
    0123456789012345678901234567890123456789
    ────────────────────────────────────────
 0 │➜  vimfu                                │ ◂ cursor (0,9)
 1 │                                        │
 2 │                                        │
 3 │                                        │
 4 │                                        │
 5 │                                        │
 6 │                                        │
 7 │                                        │
 8 │                                        │
 9 │                                        │
10 │                                        │
11 │                                        │
12 │                                        │
13 │                                        │
14 │                                        │
15 │                                        │
16 │                                        │
17 │                                        │
18 │                                        │
19 │[0] 0:zsh- 1:zsh*"vimfu" 21:21 22-May-26│
    ────────────────────────────────────────

[SAY] A new window appeared. Look at the status bar. Window one is now active. Short form is neww.
[SAY] New-window. Create a window from the command prompt.