[RECORDING_START] Screen state at recording start:

              1         2         3         
    0123456789012345678901234567890123456789
    ────────────────────────────────────────
 0 │# demo                                  │ ◂ cursor (0,0)
 1 │alpha = 1                               │
 2 │beta = 2                                │
 3 │gamma = 3                               │
 4 │~                                       │
 5 │~                                       │
 6 │~                                       │
 7 │~                                       │
 8 │~                                       │
 9 │~                                       │
10 │~                                       │
11 │~                                       │
12 │~                                       │
13 │~                                       │
14 │~                                       │
15 │~                                       │
16 │~                                       │
17 │~                                       │
18 │demo.py               1,1            All│
    ────────────────────────────────────────

[OVERLAY] VimFu — Ctrl-U — Clear Line
[SAY] Control U clears the entire command line. If you're halfway through a command and want to start over, this is faster than backspacing.
[SAY] Type a substitute command. Colon percent S slash alpha slash omega slash G.
[TYPE] ':%s/alpha/omega/g'

              1         2         3         
    0123456789012345678901234567890123456789
    ────────────────────────────────────────
 0 │# demo                                  │
 1 │omega = 1                               │
 2 │beta = 2                                │
 3 │gamma = 3                               │
 4 │~                                       │
 5 │~                                       │
 6 │~                                       │
 7 │~                                       │
 8 │~                                       │
 9 │~                                       │
10 │~                                       │
11 │~                                       │
12 │~                                       │
13 │~                                       │
14 │~                                       │
15 │~                                       │
16 │~                                       │
17 │~                                       │
18 │demo.py [+]           2,1            All│
19 │:%s/alpha/omega/                        │ ◂ cursor (19,16)
    ────────────────────────────────────────
[HIGHLIGHT] row 1, cols 0-4: "omega"

[SAY] Oops, wrong command. Press Control U to wipe the line.
[CTRL] u
[OVERLAY] ⌃u  clear line

              1         2         3         
    0123456789012345678901234567890123456789
    ────────────────────────────────────────
 0 │# demo                                  │
 1 │alpha = 1                               │
 2 │beta = 2                                │
 3 │gamma = 3                               │
 4 │~                                       │
 5 │~                                       │
 6 │~                                       │
 7 │~                                       │
 8 │~                                       │
 9 │~                                       │
10 │~                                       │
11 │~                                       │
12 │~                                       │
13 │~                                       │
14 │~                                       │
15 │~                                       │
16 │~                                       │
17 │~                                       │
18 │demo.py               1,1            All│
19 │:                                       │ ◂ cursor (19,1)
    ────────────────────────────────────────

[SAY] Gone. The command line is empty. Now type the right command.
[TYPE] 'set number'

              1         2         3         
    0123456789012345678901234567890123456789
    ────────────────────────────────────────
 0 │# demo                                  │
 1 │alpha = 1                               │
 2 │beta = 2                                │
 3 │gamma = 3                               │
 4 │~                                       │
 5 │~                                       │
 6 │~                                       │
 7 │~                                       │
 8 │~                                       │
 9 │~                                       │
10 │~                                       │
11 │~                                       │
12 │~                                       │
13 │~                                       │
14 │~                                       │
15 │~                                       │
16 │~                                       │
17 │~                                       │
18 │demo.py               1,1            All│
19 │:set number                             │ ◂ cursor (19,11)
    ────────────────────────────────────────

[ENTER]

              1         2         3         
    0123456789012345678901234567890123456789
    ────────────────────────────────────────
 0 │  1 # demo                              │ ◂ cursor (0,4)
 1 │  2 alpha = 1                           │
 2 │  3 beta = 2                            │
 3 │  4 gamma = 3                           │
 4 │~                                       │
 5 │~                                       │
 6 │~                                       │
 7 │~                                       │
 8 │~                                       │
 9 │~                                       │
10 │~                                       │
11 │~                                       │
12 │~                                       │
13 │~                                       │
14 │~                                       │
15 │~                                       │
16 │~                                       │
17 │~                                       │
18 │demo.py               1,1            All│
19 │:set number                             │
    ────────────────────────────────────────

[SAY] Much faster than pressing backspace twenty times. Control U. Clear the command line instantly.