[RECORDING_START] Screen state at recording start:

              1         2         3         
    0123456789012345678901234567890123456789
    ────────────────────────────────────────
 0 │  1 # tower defense config              │ ◂ cursor (0,4)
 1 │  2 wave_1 = "goblins"                  │
 2 │  3 wave_2 = "orcs"                     │
 3 │  4 wave_3 = "trolls"                   │
 4 │  5 wave_4 = "dragons"                  │
 5 │  6 wave_5 = "demons"                   │
 6 │  7 gold = 500                          │
 7 │  8 tower_a = "archer"                  │
 8 │  9 tower_b = "mage"                    │
 9 │ 10 tower_c = "cannon"                  │
10 │ 11 tower_d = "frost"                   │
11 │ 12 boss = "lich king"                  │
12 │ 13 hp = 9999                           │
13 │ 14 loot = "legendary sword"            │
14 │~                                       │
15 │~                                       │
16 │~                                       │
17 │~                                       │
18 │tower.py              1,1            All│
    ────────────────────────────────────────

[OVERLAY] VimFu — Go to Line by Count
[SAY] A number before capital G jumps straight to that line.
[SAY] Seven capital G.
[KEYS] '7'
[OVERLAY] 7

              1         2         3         
    0123456789012345678901234567890123456789
    ────────────────────────────────────────
 0 │  1 # tower defense config              │ ◂ cursor (0,4)
 1 │  2 wave_1 = "goblins"                  │
 2 │  3 wave_2 = "orcs"                     │
 3 │  4 wave_3 = "trolls"                   │
 4 │  5 wave_4 = "dragons"                  │
 5 │  6 wave_5 = "demons"                   │
 6 │  7 gold = 500                          │
 7 │  8 tower_a = "archer"                  │
 8 │  9 tower_b = "mage"                    │
 9 │ 10 tower_c = "cannon"                  │
10 │ 11 tower_d = "frost"                   │
11 │ 12 boss = "lich king"                  │
12 │ 13 hp = 9999                           │
13 │ 14 loot = "legendary sword"            │
14 │~                                       │
15 │~                                       │
16 │~                                       │
17 │~                                       │
18 │tower.py              1,1            All│
19 │                             7          │
    ────────────────────────────────────────

[KEYS] 'G'
[OVERLAY] ⇧G  go to line

              1         2         3         
    0123456789012345678901234567890123456789
    ────────────────────────────────────────
 0 │  1 # tower defense config              │
 1 │  2 wave_1 = "goblins"                  │
 2 │  3 wave_2 = "orcs"                     │
 3 │  4 wave_3 = "trolls"                   │
 4 │  5 wave_4 = "dragons"                  │
 5 │  6 wave_5 = "demons"                   │
 6 │  7 gold = 500                          │ ◂ cursor (6,4)
 7 │  8 tower_a = "archer"                  │
 8 │  9 tower_b = "mage"                    │
 9 │ 10 tower_c = "cannon"                  │
10 │ 11 tower_d = "frost"                   │
11 │ 12 boss = "lich king"                  │
12 │ 13 hp = 9999                           │
13 │ 14 loot = "legendary sword"            │
14 │~                                       │
15 │~                                       │
16 │~                                       │
17 │~                                       │
18 │tower.py              7,1            All│
    ────────────────────────────────────────

[SAY] Line seven. The gold line. Instant jump.
[SAY] Twelve capital G.
[KEYS] '1'
[OVERLAY] 1

              1         2         3         
    0123456789012345678901234567890123456789
    ────────────────────────────────────────
 0 │  1 # tower defense config              │
 1 │  2 wave_1 = "goblins"                  │
 2 │  3 wave_2 = "orcs"                     │
 3 │  4 wave_3 = "trolls"                   │
 4 │  5 wave_4 = "dragons"                  │
 5 │  6 wave_5 = "demons"                   │
 6 │  7 gold = 500                          │ ◂ cursor (6,4)
 7 │  8 tower_a = "archer"                  │
 8 │  9 tower_b = "mage"                    │
 9 │ 10 tower_c = "cannon"                  │
10 │ 11 tower_d = "frost"                   │
11 │ 12 boss = "lich king"                  │
12 │ 13 hp = 9999                           │
13 │ 14 loot = "legendary sword"            │
14 │~                                       │
15 │~                                       │
16 │~                                       │
17 │~                                       │
18 │tower.py              7,1            All│
19 │                             1          │
    ────────────────────────────────────────

[KEYS] '2'
[OVERLAY] 2

              1         2         3         
    0123456789012345678901234567890123456789
    ────────────────────────────────────────
 0 │  1 # tower defense config              │
 1 │  2 wave_1 = "goblins"                  │
 2 │  3 wave_2 = "orcs"                     │
 3 │  4 wave_3 = "trolls"                   │
 4 │  5 wave_4 = "dragons"                  │
 5 │  6 wave_5 = "demons"                   │
 6 │  7 gold = 500                          │ ◂ cursor (6,4)
 7 │  8 tower_a = "archer"                  │
 8 │  9 tower_b = "mage"                    │
 9 │ 10 tower_c = "cannon"                  │
10 │ 11 tower_d = "frost"                   │
11 │ 12 boss = "lich king"                  │
12 │ 13 hp = 9999                           │
13 │ 14 loot = "legendary sword"            │
14 │~                                       │
15 │~                                       │
16 │~                                       │
17 │~                                       │
18 │tower.py              7,1            All│
19 │                             12         │
    ────────────────────────────────────────

[KEYS] 'G'
[OVERLAY] ⇧G  go to line

              1         2         3         
    0123456789012345678901234567890123456789
    ────────────────────────────────────────
 0 │  1 # tower defense config              │
 1 │  2 wave_1 = "goblins"                  │
 2 │  3 wave_2 = "orcs"                     │
 3 │  4 wave_3 = "trolls"                   │
 4 │  5 wave_4 = "dragons"                  │
 5 │  6 wave_5 = "demons"                   │
 6 │  7 gold = 500                          │
 7 │  8 tower_a = "archer"                  │
 8 │  9 tower_b = "mage"                    │
 9 │ 10 tower_c = "cannon"                  │
10 │ 11 tower_d = "frost"                   │
11 │ 12 boss = "lich king"                  │ ◂ cursor (11,4)
12 │ 13 hp = 9999                           │
13 │ 14 loot = "legendary sword"            │
14 │~                                       │
15 │~                                       │
16 │~                                       │
17 │~                                       │
18 │tower.py              12,1           All│
    ────────────────────────────────────────

[SAY] Line twelve. The boss. No scrolling, no counting lines.
[SAY] You can also type colon five Enter.
[TYPE] ':5'

              1         2         3         
    0123456789012345678901234567890123456789
    ────────────────────────────────────────
 0 │  1 # tower defense config              │
 1 │  2 wave_1 = "goblins"                  │
 2 │  3 wave_2 = "orcs"                     │
 3 │  4 wave_3 = "trolls"                   │
 4 │  5 wave_4 = "dragons"                  │
 5 │  6 wave_5 = "demons"                   │
 6 │  7 gold = 500                          │
 7 │  8 tower_a = "archer"                  │
 8 │  9 tower_b = "mage"                    │
 9 │ 10 tower_c = "cannon"                  │
10 │ 11 tower_d = "frost"                   │
11 │ 12 boss = "lich king"                  │
12 │ 13 hp = 9999                           │
13 │ 14 loot = "legendary sword"            │
14 │~                                       │
15 │~                                       │
16 │~                                       │
17 │~                                       │
18 │tower.py              12,1           All│
19 │:5                                      │ ◂ cursor (19,2)
    ────────────────────────────────────────

[ENTER]

              1         2         3         
    0123456789012345678901234567890123456789
    ────────────────────────────────────────
 0 │  1 # tower defense config              │
 1 │  2 wave_1 = "goblins"                  │
 2 │  3 wave_2 = "orcs"                     │
 3 │  4 wave_3 = "trolls"                   │
 4 │  5 wave_4 = "dragons"                  │ ◂ cursor (4,4)
 5 │  6 wave_5 = "demons"                   │
 6 │  7 gold = 500                          │
 7 │  8 tower_a = "archer"                  │
 8 │  9 tower_b = "mage"                    │
 9 │ 10 tower_c = "cannon"                  │
10 │ 11 tower_d = "frost"                   │
11 │ 12 boss = "lich king"                  │
12 │ 13 hp = 9999                           │
13 │ 14 loot = "legendary sword"            │
14 │~                                       │
15 │~                                       │
16 │~                                       │
17 │~                                       │
18 │tower.py              5,1            All│
19 │:5                                      │
    ────────────────────────────────────────

[SAY] Same result, different syntax. Both take you to line five.
[SAY] One capital G goes to line one. Same as G G.
[KEYS] '1'
[OVERLAY] 1

              1         2         3         
    0123456789012345678901234567890123456789
    ────────────────────────────────────────
 0 │  1 # tower defense config              │
 1 │  2 wave_1 = "goblins"                  │
 2 │  3 wave_2 = "orcs"                     │
 3 │  4 wave_3 = "trolls"                   │
 4 │  5 wave_4 = "dragons"                  │ ◂ cursor (4,4)
 5 │  6 wave_5 = "demons"                   │
 6 │  7 gold = 500                          │
 7 │  8 tower_a = "archer"                  │
 8 │  9 tower_b = "mage"                    │
 9 │ 10 tower_c = "cannon"                  │
10 │ 11 tower_d = "frost"                   │
11 │ 12 boss = "lich king"                  │
12 │ 13 hp = 9999                           │
13 │ 14 loot = "legendary sword"            │
14 │~                                       │
15 │~                                       │
16 │~                                       │
17 │~                                       │
18 │tower.py              5,1            All│
19 │:5                           1          │
    ────────────────────────────────────────

[KEYS] 'G'
[OVERLAY] ⇧G  go to line

              1         2         3         
    0123456789012345678901234567890123456789
    ────────────────────────────────────────
 0 │  1 # tower defense config              │ ◂ cursor (0,4)
 1 │  2 wave_1 = "goblins"                  │
 2 │  3 wave_2 = "orcs"                     │
 3 │  4 wave_3 = "trolls"                   │
 4 │  5 wave_4 = "dragons"                  │
 5 │  6 wave_5 = "demons"                   │
 6 │  7 gold = 500                          │
 7 │  8 tower_a = "archer"                  │
 8 │  9 tower_b = "mage"                    │
 9 │ 10 tower_c = "cannon"                  │
10 │ 11 tower_d = "frost"                   │
11 │ 12 boss = "lich king"                  │
12 │ 13 hp = 9999                           │
13 │ 14 loot = "legendary sword"            │
14 │~                                       │
15 │~                                       │
16 │~                                       │
17 │~                                       │
18 │tower.py              1,1            All│
19 │:5                                      │
    ────────────────────────────────────────

[SAY] Back at the top.
[SAY] Number capital G. Jump to any line in the file instantly.