[RECORDING_START] Screen state at recording start:

              1         2         3         
    0123456789012345678901234567890123456789
    ────────────────────────────────────────
 0 │host = localhost                        │ ◂ cursor (0,0)
 1 │port = 8080                             │
 2 │debug = true                            │
 3 │log_level = info                        │
 4 │~                                       │
 5 │~                                       │
 6 │~                                       │
 7 │~                                       │
 8 │~                                       │
 9 │~                                       │
10 │~                                       │
11 │~                                       │
12 │~                                       │
13 │~                                       │
14 │~                                       │
15 │~                                       │
16 │~                                       │
17 │~                                       │
18 │config.txt            1,1            All│
    ────────────────────────────────────────

[OVERLAY] VimFu — :x — Write and Quit (Smart)
[SAY] Colon X is like colon W Q, but smarter. It only writes the file if you actually changed something. If nothing changed, it just quits without touching the file.
[SAY] Make a quick change.
[KEYS] 'G'
[OVERLAY] ⇧G  go to end

              1         2         3         
    0123456789012345678901234567890123456789
    ────────────────────────────────────────
 0 │host = localhost                        │
 1 │port = 8080                             │
 2 │debug = true                            │
 3 │log_level = info                        │ ◂ cursor (3,0)
 4 │~                                       │
 5 │~                                       │
 6 │~                                       │
 7 │~                                       │
 8 │~                                       │
 9 │~                                       │
10 │~                                       │
11 │~                                       │
12 │~                                       │
13 │~                                       │
14 │~                                       │
15 │~                                       │
16 │~                                       │
17 │~                                       │
18 │config.txt            4,1            All│
    ────────────────────────────────────────

[KEYS] 'o'
[OVERLAY] o  open line below

              1         2         3         
    0123456789012345678901234567890123456789
    ────────────────────────────────────────
 0 │host = localhost                        │
 1 │port = 8080                             │
 2 │debug = true                            │
 3 │log_level = info                        │
 4 │                                        │ ◂ cursor (4,0)
 5 │~                                       │
 6 │~                                       │
 7 │~                                       │
 8 │~                                       │
 9 │~                                       │
10 │~                                       │
11 │~                                       │
12 │~                                       │
13 │~                                       │
14 │~                                       │
15 │~                                       │
16 │~                                       │
17 │~                                       │
18 │config.txt [+]        5,1            All│
19 │-- INSERT --                            │
    ────────────────────────────────────────

[TYPE] 'timeout = 30'

              1         2         3         
    0123456789012345678901234567890123456789
    ────────────────────────────────────────
 0 │host = localhost                        │
 1 │port = 8080                             │
 2 │debug = true                            │
 3 │log_level = info                        │
 4 │timeout = 30                            │ ◂ cursor (4,12)
 5 │~                                       │
 6 │~                                       │
 7 │~                                       │
 8 │~                                       │
 9 │~                                       │
10 │~                                       │
11 │~                                       │
12 │~                                       │
13 │~                                       │
14 │~                                       │
15 │~                                       │
16 │~                                       │
17 │~                                       │
18 │config.txt [+]        5,13           All│
19 │-- INSERT --                            │
    ────────────────────────────────────────

[ESCAPE]

              1         2         3         
    0123456789012345678901234567890123456789
    ────────────────────────────────────────
 0 │host = localhost                        │
 1 │port = 8080                             │
 2 │debug = true                            │
 3 │log_level = info                        │
 4 │timeout = 30                            │ ◂ cursor (4,11)
 5 │~                                       │
 6 │~                                       │
 7 │~                                       │
 8 │~                                       │
 9 │~                                       │
10 │~                                       │
11 │~                                       │
12 │~                                       │
13 │~                                       │
14 │~                                       │
15 │~                                       │
16 │~                                       │
17 │~                                       │
18 │config.txt [+]        5,12           All│
    ────────────────────────────────────────

[SAY] Now colon X. Since we changed the file, it writes and quits.
[TYPE] ':x'

              1         2         3         
    0123456789012345678901234567890123456789
    ────────────────────────────────────────
 0 │host = localhost                        │
 1 │port = 8080                             │
 2 │debug = true                            │
 3 │log_level = info                        │
 4 │timeout = 30                            │
 5 │~                                       │
 6 │~                                       │
 7 │~                                       │
 8 │~                                       │
 9 │~                                       │
10 │~                                       │
11 │~                                       │
12 │~                                       │
13 │~                                       │
14 │~                                       │
15 │~                                       │
16 │~                                       │
17 │~                                       │
18 │config.txt [+]        5,12           All│
19 │:x                                      │ ◂ cursor (19,2)
    ────────────────────────────────────────

[ENTER]

              1         2         3         
    0123456789012345678901234567890123456789
    ────────────────────────────────────────
 0 │host = localhost                        │
 1 │port = 8080                             │
 2 │debug = true                            │
 3 │log_level = info                        │
 4 │timeout = 30                            │
 5 │~                                       │
 6 │~                                       │
 7 │~                                       │
 8 │~                                       │
 9 │~                                       │
10 │~                                       │
11 │~                                       │
12 │~                                       │
13 │~                                       │
14 │~                                       │
15 │~                                       │
16 │~                                       │
17 │~                                       │
18 │config.txt [+]        5,12           All│
19 │"config.txt" 5L, 72B written            │ ◂ cursor (19,28)
    ────────────────────────────────────────

[SAY] Saved and exited. If we had not changed anything, colon X would have quit without writing. This preserves the file's timestamp.