[RECORDING_START] Screen state at recording start:

              1         2         3         
    0123456789012345678901234567890123456789
    ────────────────────────────────────────
 0 │# Main file                             │ ◂ cursor (0,0)
 1 │def main():                             │
 2 │    print("main")                       │
 3 │~                                       │
 4 │~                                       │
 5 │~                                       │
 6 │~                                       │
 7 │~                                       │
 8 │~                                       │
 9 │~                                       │
10 │~                                       │
11 │~                                       │
12 │~                                       │
13 │~                                       │
14 │~                                       │
15 │~                                       │
16 │~                                       │
17 │~                                       │
18 │main.py               1,1            All│
    ────────────────────────────────────────

[OVERLAY] VimFu — :tabnew / :tabe — New Tab
[SAY] Vim has tabs. Each tab can hold one or more windows. Tab new opens a fresh one.
[SAY] Open a new empty tab.
[TYPE] ':tabnew'

              1         2         3         
    0123456789012345678901234567890123456789
    ────────────────────────────────────────
 0 │# Main file                             │
 1 │def main():                             │
 2 │    print("main")                       │
 3 │~                                       │
 4 │~                                       │
 5 │~                                       │
 6 │~                                       │
 7 │~                                       │
 8 │~                                       │
 9 │~                                       │
10 │~                                       │
11 │~                                       │
12 │~                                       │
13 │~                                       │
14 │~                                       │
15 │~                                       │
16 │~                                       │
17 │~                                       │
18 │main.py               1,1            All│
19 │:tabnew                                 │ ◂ cursor (19,7)
    ────────────────────────────────────────

[SAY] Tab new with no argument creates an empty buffer in a brand new tab.
[ENTER]

              1         2         3         
    0123456789012345678901234567890123456789
    ────────────────────────────────────────
 0 │ main.py  [No Name]                    X│
 1 │                                        │ ◂ cursor (1,0)
 2 │~                                       │
 3 │~                                       │
 4 │~                                       │
 5 │~                                       │
 6 │~                                       │
 7 │~                                       │
 8 │~                                       │
 9 │~                                       │
10 │~                                       │
11 │~                                       │
12 │~                                       │
13 │~                                       │
14 │~                                       │
15 │~                                       │
16 │~                                       │
17 │~                                       │
18 │[No Name]             0,0-1          All│
19 │:tabnew                                 │
    ────────────────────────────────────────
[HIGHLIGHT] row 0, cols 9-19: " [No Name]"

[SAY] A tab bar appeared at the top. Two tabs now. The new one is empty.
[SAY] Open a file directly in a new tab.
[TYPE] ':tabe utils.py'

              1         2         3         
    0123456789012345678901234567890123456789
    ────────────────────────────────────────
 0 │ main.py  [No Name]                    X│
 1 │                                        │
 2 │~                                       │
 3 │~                                       │
 4 │~                                       │
 5 │~                                       │
 6 │~                                       │
 7 │~                                       │
 8 │~                                       │
 9 │~                                       │
10 │~                                       │
11 │~                                       │
12 │~                                       │
13 │~                                       │
14 │~                                       │
15 │~                                       │
16 │~                                       │
17 │~                                       │
18 │[No Name]             0,0-1          All│
19 │:tabe utils.py                          │ ◂ cursor (19,14)
    ────────────────────────────────────────
[HIGHLIGHT] row 0, cols 9-19: " [No Name]"

[SAY] Tab edit — tab E for short — opens the named file in its own new tab.
[ENTER]

              1         2         3         
    0123456789012345678901234567890123456789
    ────────────────────────────────────────
 0 │ main.py  [No Name]  utils.py          X│
 1 │# Utilities                             │ ◂ cursor (1,0)
 2 │def helper():                           │
 3 │    return 42                           │
 4 │~                                       │
 5 │~                                       │
 6 │~                                       │
 7 │~                                       │
 8 │~                                       │
 9 │~                                       │
10 │~                                       │
11 │~                                       │
12 │~                                       │
13 │~                                       │
14 │~                                       │
15 │~                                       │
16 │~                                       │
17 │~                                       │
18 │utils.py              1,1            All│
19 │:tabe utils.py                          │
    ────────────────────────────────────────
[HIGHLIGHT] row 0, cols 20-29: " utils.py"

[SAY] Three tabs. Each shows a different file.
[SAY] Tab new for empty. Tab edit with a filename to open a file in a new tab.