[RECORDING_START] Screen state at recording start:

              1         2         3         
    0123456789012345678901234567890123456789
    ────────────────────────────────────────
 0 │                                        │ ◂ cursor (0,0)
 1 │~                                       │
 2 │~                                       │
 3 │~                                       │
 4 │~                                       │
 5 │~                                       │
 6 │~                                       │
 7 │~                                       │
 8 │~                                       │
 9 │~                                       │
10 │~                                       │
11 │~                                       │
12 │~                                       │
13 │~                                       │
14 │~                                       │
15 │~                                       │
16 │~                                       │
17 │~                                       │
18 │a.py                  0,0-1          All│
    ────────────────────────────────────────

[OVERLAY] VimFu — :bd — Delete Buffer
[SAY] Colon B D removes a buffer from the list. The file isn't deleted, just unloaded from Vim.
[SAY] Check our buffers first.
[TYPE] ':ls'

              1         2         3         
    0123456789012345678901234567890123456789
    ────────────────────────────────────────
 0 │                                        │
 1 │~                                       │
 2 │~                                       │
 3 │~                                       │
 4 │~                                       │
 5 │~                                       │
 6 │~                                       │
 7 │~                                       │
 8 │~                                       │
 9 │~                                       │
10 │~                                       │
11 │~                                       │
12 │~                                       │
13 │~                                       │
14 │~                                       │
15 │~                                       │
16 │~                                       │
17 │~                                       │
18 │a.py                  0,0-1          All│
19 │:ls                                     │ ◂ cursor (19,3)
    ────────────────────────────────────────

[ENTER]

              1         2         3         
    0123456789012345678901234567890123456789
    ────────────────────────────────────────
 0 │                                        │
 1 │~                                       │
 2 │~                                       │
 3 │~                                       │
 4 │~                                       │
 5 │~                                       │
 6 │~                                       │
 7 │~                                       │
 8 │~                                       │
 9 │~                                       │
10 │~                                       │
11 │                                        │
12 │:ls                                     │
13 │  1 %a   "a.py"                         │
14 │line 1                                  │
15 │  2      "b.py"                         │
16 │line 0                                  │
17 │  3      "c.py"                         │
18 │line 0                                  │
19 │Press ENTER or type command to continue │ ◂ cursor (19,39)
    ────────────────────────────────────────

[ENTER]

              1         2         3         
    0123456789012345678901234567890123456789
    ────────────────────────────────────────
 0 │                                        │ ◂ cursor (0,0)
 1 │~                                       │
 2 │~                                       │
 3 │~                                       │
 4 │~                                       │
 5 │~                                       │
 6 │~                                       │
 7 │~                                       │
 8 │~                                       │
 9 │~                                       │
10 │~                                       │
11 │~                                       │
12 │~                                       │
13 │~                                       │
14 │~                                       │
15 │~                                       │
16 │~                                       │
17 │~                                       │
18 │a.py                  0,0-1          All│
    ────────────────────────────────────────

[SAY] Three buffers. Delete the current one.
[TYPE] ':bd'

              1         2         3         
    0123456789012345678901234567890123456789
    ────────────────────────────────────────
 0 │                                        │
 1 │~                                       │
 2 │~                                       │
 3 │~                                       │
 4 │~                                       │
 5 │~                                       │
 6 │~                                       │
 7 │~                                       │
 8 │~                                       │
 9 │~                                       │
10 │~                                       │
11 │~                                       │
12 │~                                       │
13 │~                                       │
14 │~                                       │
15 │~                                       │
16 │~                                       │
17 │~                                       │
18 │a.py                  0,0-1          All│
19 │:bd                                     │ ◂ cursor (19,3)
    ────────────────────────────────────────

[ENTER]

              1         2         3         
    0123456789012345678901234567890123456789
    ────────────────────────────────────────
 0 │# B                                     │ ◂ cursor (0,0)
 1 │~                                       │
 2 │~                                       │
 3 │~                                       │
 4 │~                                       │
 5 │~                                       │
 6 │~                                       │
 7 │~                                       │
 8 │~                                       │
 9 │~                                       │
10 │~                                       │
11 │~                                       │
12 │~                                       │
13 │~                                       │
14 │~                                       │
15 │~                                       │
16 │~                                       │
17 │~                                       │
18 │b.py                  1,1            All│
19 │:bd                                     │
    ────────────────────────────────────────

[SAY] Buffer removed. Vim switched to the next one. The file is still on disk, just not in our session anymore.
[SAY] Colon B D. Clean up buffers you don't need anymore.