[RECORDING_START] Screen state at recording start:

              1         2         3         
    0123456789012345678901234567890123456789
    ────────────────────────────────────────
 0 │-rw-r--r-- 1 ashleyf ashleyf  126 Feb 26│
 1 │ 18:27 tests.txt                        │
 2 │-rw-r--r-- 1 ashleyf ashleyf  110 Feb 14│
 3 │ 18:20 todo.py                          │
 4 │-rw-r--r-- 1 ashleyf ashleyf  251 Feb 14│
 5 │ 17:53 tower.py                         │
 6 │-rw-r--r-- 1 ashleyf ashleyf   82 Feb 14│
 7 │ 17:46 trace.py                         │
 8 │-rw-r--r-- 1 ashleyf ashleyf   93 Feb 14│
 9 │ 18:08 types.ts                         │
10 │-rw-r--r-- 1 ashleyf ashleyf   38 Feb 14│
11 │ 17:43 typo.py                          │
12 │-rw-r--r-- 1 ashleyf ashleyf   85 Feb 25│
13 │ 20:16 url.py                           │
14 │-rw-r--r-- 1 ashleyf ashleyf   62 Feb 14│
15 │ 17:37 urls.py                          │
16 │-rw-r--r-- 1 ashleyf ashleyf   78 Feb 14│
17 │ 17:45 words.py                         │
18 │➜  vimfu                                │ ◂ cursor (18,9)
19 │[0] 0:zsh* 1:nvi>"vimfu" 18:27 26-Feb-26│
    ────────────────────────────────────────

[OVERLAY] VimFu — Switch to Window N
[SAY] Control B then a number jumps directly to that window.
[SAY] Four windows. I'm in window zero. Control B, 2.
[KEYS] '\x02'
[OVERLAY] ⌃b  prefix

              1         2         3         
    0123456789012345678901234567890123456789
    ────────────────────────────────────────
 0 │-rw-r--r-- 1 ashleyf ashleyf  126 Feb 26│
 1 │ 18:27 tests.txt                        │
 2 │-rw-r--r-- 1 ashleyf ashleyf  110 Feb 14│
 3 │ 18:20 todo.py                          │
 4 │-rw-r--r-- 1 ashleyf ashleyf  251 Feb 14│
 5 │ 17:53 tower.py                         │
 6 │-rw-r--r-- 1 ashleyf ashleyf   82 Feb 14│
 7 │ 17:46 trace.py                         │
 8 │-rw-r--r-- 1 ashleyf ashleyf   93 Feb 14│
 9 │ 18:08 types.ts                         │
10 │-rw-r--r-- 1 ashleyf ashleyf   38 Feb 14│
11 │ 17:43 typo.py                          │
12 │-rw-r--r-- 1 ashleyf ashleyf   85 Feb 25│
13 │ 20:16 url.py                           │
14 │-rw-r--r-- 1 ashleyf ashleyf   62 Feb 14│
15 │ 17:37 urls.py                          │
16 │-rw-r--r-- 1 ashleyf ashleyf   78 Feb 14│
17 │ 17:45 words.py                         │
18 │➜  vimfu                                │ ◂ cursor (18,9)
19 │[0] 0:zsh* 1:nvi>"vimfu" 18:27 26-Feb-26│
    ────────────────────────────────────────

[KEYS] '2'
[OVERLAY] 2  window 2

              1         2         3         
    0123456789012345678901234567890123456789
    ────────────────────────────────────────
 0 │PASS test_fetch.py                      │
 1 │  ✓ connects to host    3ms             │
 2 │  ✓ reads response     2ms              │
 3 │  ✓ decodes utf8       1ms              │
 4 │                                        │
 5 │3 passed in 0.06s                       │
 6 │➜  vimfu                                │ ◂ cursor (6,9)
 7 │                                        │
 8 │                                        │
 9 │                                        │
10 │                                        │
11 │                                        │
12 │                                        │
13 │                                        │
14 │                                        │
15 │                                        │
16 │                                        │
17 │                                        │
18 │                                        │
19 │[0] <  2:zsh* 3:>"vimfu" 18:27 26-Feb-26│
    ────────────────────────────────────────

[SAY] Straight to the test window.
[SAY] Control B, 3.
[KEYS] '\x02'
[OVERLAY] ⌃b  prefix

              1         2         3         
    0123456789012345678901234567890123456789
    ────────────────────────────────────────
 0 │PASS test_fetch.py                      │
 1 │  ✓ connects to host    3ms             │
 2 │  ✓ reads response     2ms              │
 3 │  ✓ decodes utf8       1ms              │
 4 │                                        │
 5 │3 passed in 0.06s                       │
 6 │➜  vimfu                                │ ◂ cursor (6,9)
 7 │                                        │
 8 │                                        │
 9 │                                        │
10 │                                        │
11 │                                        │
12 │                                        │
13 │                                        │
14 │                                        │
15 │                                        │
16 │                                        │
17 │                                        │
18 │                                        │
19 │[0] <  2:zsh* 3:>"vimfu" 18:28 26-Feb-26│
    ────────────────────────────────────────

[KEYS] '3'
[OVERLAY] 3  window 3

              1         2         3         
    0123456789012345678901234567890123456789
    ────────────────────────────────────────
 0 │14:22:01 INFO  worker start             │
 1 │14:22:02 INFO  fetch begin              │
 2 │14:22:02 WARN  slow dns 210ms           │
 3 │14:22:03 INFO  fetch done               │
 4 │14:22:03 INFO  cache updated            │
 5 │➜  vimfu                                │ ◂ cursor (5,9)
 6 │                                        │
 7 │                                        │
 8 │                                        │
 9 │                                        │
10 │                                        │
11 │                                        │
12 │                                        │
13 │                                        │
14 │                                        │
15 │                                        │
16 │                                        │
17 │                                        │
18 │                                        │
19 │[0] <:zsh- 3:zsh*"vimfu" 18:28 26-Feb-26│
    ────────────────────────────────────────

[SAY] Logs window.
[SAY] Control B, 1.
[KEYS] '\x02'
[OVERLAY] ⌃b  prefix

              1         2         3         
    0123456789012345678901234567890123456789
    ────────────────────────────────────────
 0 │14:22:01 INFO  worker start             │
 1 │14:22:02 INFO  fetch begin              │
 2 │14:22:02 WARN  slow dns 210ms           │
 3 │14:22:03 INFO  fetch done               │
 4 │14:22:03 INFO  cache updated            │
 5 │➜  vimfu                                │ ◂ cursor (5,9)
 6 │                                        │
 7 │                                        │
 8 │                                        │
 9 │                                        │
10 │                                        │
11 │                                        │
12 │                                        │
13 │                                        │
14 │                                        │
15 │                                        │
16 │                                        │
17 │                                        │
18 │                                        │
19 │[0] <:zsh- 3:zsh*"vimfu" 18:28 26-Feb-26│
    ────────────────────────────────────────

[KEYS] '1'
[OVERLAY] 1  window 1

              1         2         3         
    0123456789012345678901234567890123456789
    ────────────────────────────────────────
 0 │import asyncio                          │ ◂ cursor (0,0)
 1 │                                        │
 2 │async def fetch(url):                   │
 3 │    reader, writer = await (            │
 4 │        asyncio.open_connection(        │
 5 │            url, 443, ssl=True))        │
 6 │    writer.write(b"GET / ")             │
 7 │    data = await reader.read()          │
 8 │    return data.decode()                │
 9 │~                                       │
10 │~                                       │
11 │~                                       │
12 │~                                       │
13 │~                                       │
14 │~                                       │
15 │~                                       │
16 │~                                       │
17 │fetcher.py            1,1            All│
18 │                                        │
19 │[0] <  1:nvim* 2>"vimfu" 18:28 26-Feb-26│
    ────────────────────────────────────────
[HIGHLIGHT] row 17, cols 0-39: "fetcher.py            1,1            All"

[SAY] The editor. No cycling needed.
[SAY] Control B, zero to go home.
[KEYS] '\x02'
[OVERLAY] ⌃b  prefix

              1         2         3         
    0123456789012345678901234567890123456789
    ────────────────────────────────────────
 0 │import asyncio                          │ ◂ cursor (0,0)
 1 │                                        │
 2 │async def fetch(url):                   │
 3 │    reader, writer = await (            │
 4 │        asyncio.open_connection(        │
 5 │            url, 443, ssl=True))        │
 6 │    writer.write(b"GET / ")             │
 7 │    data = await reader.read()          │
 8 │    return data.decode()                │
 9 │~                                       │
10 │~                                       │
11 │~                                       │
12 │~                                       │
13 │~                                       │
14 │~                                       │
15 │~                                       │
16 │~                                       │
17 │fetcher.py            1,1            All│
18 │                                        │
19 │[0] <  1:nvim* 2>"vimfu" 18:28 26-Feb-26│
    ────────────────────────────────────────
[HIGHLIGHT] row 17, cols 0-39: "fetcher.py            1,1            All"

[KEYS] '0'
[OVERLAY] 0  window 0

              1         2         3         
    0123456789012345678901234567890123456789
    ────────────────────────────────────────
 0 │-rw-r--r-- 1 ashleyf ashleyf  126 Feb 26│
 1 │ 18:27 tests.txt                        │
 2 │-rw-r--r-- 1 ashleyf ashleyf  110 Feb 14│
 3 │ 18:20 todo.py                          │
 4 │-rw-r--r-- 1 ashleyf ashleyf  251 Feb 14│
 5 │ 17:53 tower.py                         │
 6 │-rw-r--r-- 1 ashleyf ashleyf   82 Feb 14│
 7 │ 17:46 trace.py                         │
 8 │-rw-r--r-- 1 ashleyf ashleyf   93 Feb 14│
 9 │ 18:08 types.ts                         │
10 │-rw-r--r-- 1 ashleyf ashleyf   38 Feb 14│
11 │ 17:43 typo.py                          │
12 │-rw-r--r-- 1 ashleyf ashleyf   85 Feb 25│
13 │ 20:16 url.py                           │
14 │-rw-r--r-- 1 ashleyf ashleyf   62 Feb 14│
15 │ 17:37 urls.py                          │
16 │-rw-r--r-- 1 ashleyf ashleyf   78 Feb 14│
17 │ 17:45 words.py                         │
18 │➜  vimfu                                │ ◂ cursor (18,9)
19 │[0] 0:zsh* 1:nvi>"vimfu" 18:28 26-Feb-26│
    ────────────────────────────────────────

[SAY] Control B then a number. Direct access to any window, zero through nine.