[RECORDING_START] Screen state at recording start:

              1         2         3         
    0123456789012345678901234567890123456789
    ────────────────────────────────────────
 0 │  1 line 1 — alpha                      │ ◂ cursor (0,4)
 1 │  2 line 2 — bravo                      │
 2 │  3 line 3 — charlie                    │
 3 │  4 line 4 — delta                      │
 4 │  5 line 5 — echo                       │
 5 │  6 line 6 — foxtrot                    │
 6 │  7 line 7 — golf                       │
 7 │  8 line 8 — hotel                      │
 8 │  9 line 9 — india                      │
 9 │ 10 line 10 — juliet                    │
10 │ 11 line 11 — kilo                      │
11 │ 12 line 12 — lima                      │
12 │~                                       │
13 │~                                       │
14 │~                                       │
15 │~                                       │
16 │~                                       │
17 │~                                       │
18 │records.txt           1,1            All│
    ────────────────────────────────────────

[OVERLAY] VimFu — The Entire File — %
[SAY] Percent means the entire file. It is shorthand for one comma dollar. First line to last line.
[SAY] Colon percent d. Delete every line in the file.
[TYPE] ':%d'

              1         2         3         
    0123456789012345678901234567890123456789
    ────────────────────────────────────────
 0 │  1 line 1 — alpha                      │
 1 │  2 line 2 — bravo                      │
 2 │  3 line 3 — charlie                    │
 3 │  4 line 4 — delta                      │
 4 │  5 line 5 — echo                       │
 5 │  6 line 6 — foxtrot                    │
 6 │  7 line 7 — golf                       │
 7 │  8 line 8 — hotel                      │
 8 │  9 line 9 — india                      │
 9 │ 10 line 10 — juliet                    │
10 │ 11 line 11 — kilo                      │
11 │ 12 line 12 — lima                      │
12 │~                                       │
13 │~                                       │
14 │~                                       │
15 │~                                       │
16 │~                                       │
17 │~                                       │
18 │records.txt           1,1            All│
19 │:%d                                     │ ◂ cursor (19,3)
    ────────────────────────────────────────

[ENTER]

              1         2         3         
    0123456789012345678901234567890123456789
    ────────────────────────────────────────
 0 │  1                                     │ ◂ cursor (0,4)
 1 │~                                       │
 2 │~                                       │
 3 │~                                       │
 4 │~                                       │
 5 │~                                       │
 6 │~                                       │
 7 │~                                       │
 8 │~                                       │
 9 │~                                       │
10 │~                                       │
11 │~                                       │
12 │~                                       │
13 │~                                       │
14 │~                                       │
15 │~                                       │
16 │~                                       │
17 │~                                       │
18 │records.txt [+]       0,0-1          All│
19 │--No lines in buffer--                  │
    ────────────────────────────────────────

[SAY] Everything is gone. The buffer is empty.
[KEYS] 'u'
[OVERLAY] u  undo

              1         2         3         
    0123456789012345678901234567890123456789
    ────────────────────────────────────────
 0 │  1 line 1 — alpha                      │ ◂ cursor (0,4)
 1 │  2 line 2 — bravo                      │
 2 │  3 line 3 — charlie                    │
 3 │  4 line 4 — delta                      │
 4 │  5 line 5 — echo                       │
 5 │  6 line 6 — foxtrot                    │
 6 │  7 line 7 — golf                       │
 7 │  8 line 8 — hotel                      │
 8 │  9 line 9 — india                      │
 9 │ 10 line 10 — juliet                    │
10 │ 11 line 11 — kilo                      │
11 │ 12 line 12 — lima                      │
12 │~                                       │
13 │~                                       │
14 │~                                       │
15 │~                                       │
16 │~                                       │
17 │~                                       │
18 │records.txt           1,1            All│
19 │12 more line...5 seconds ago            │
    ────────────────────────────────────────

[SAY] Undo brings it all back. Percent is incredibly useful.
[SAY] You will see percent a lot. Percent yank copies the whole file. Percent substitute does a find and replace on every line.
[SAY] Percent equals the entire file. One of the most common range specifiers in Vim.