[RECORDING_START] Screen state at recording start:

              1         2         3         
    0123456789012345678901234567890123456789
    ────────────────────────────────────────
 0 │def.hello():                            │ ◂ cursor (0,0)
 1 │>---print("hi")                         │
 2 │>---if.True:                            │
 3 │>--->---print("yes")                    │
 4 │~                                       │
 5 │~                                       │
 6 │~                                       │
 7 │~                                       │
 8 │~                                       │
 9 │~                                       │
10 │~                                       │
11 │~                                       │
12 │~                                       │
13 │~                                       │
14 │~                                       │
15 │~                                       │
16 │~                                       │
17 │~                                       │
18 │demo.py               1,1            All│
    ────────────────────────────────────────

[OVERLAY] VimFu — :retab — Fix Tabs
[SAY] `:retab` converts tabs to spaces based on your `tabstop` and `expandtab` settings. Tabs show as `>---`; spaces show as dots.
[SAY] Set `expandtab` and `tabstop` to four.
[KEYS] ':'
[OVERLAY] ⇧:  :set et ts=4

              1         2         3         
    0123456789012345678901234567890123456789
    ────────────────────────────────────────
 0 │def.hello():                            │
 1 │>---print("hi")                         │
 2 │>---if.True:                            │
 3 │>--->---print("yes")                    │
 4 │~                                       │
 5 │~                                       │
 6 │~                                       │
 7 │~                                       │
 8 │~                                       │
 9 │~                                       │
10 │~                                       │
11 │~                                       │
12 │~                                       │
13 │~                                       │
14 │~                                       │
15 │~                                       │
16 │~                                       │
17 │~                                       │
18 │demo.py               1,1            All│
19 │:                                       │ ◂ cursor (19,1)
    ────────────────────────────────────────

[TYPE] 'set expandtab tabstop=4'

              1         2         3         
    0123456789012345678901234567890123456789
    ────────────────────────────────────────
 0 │def.hello():                            │
 1 │>---print("hi")                         │
 2 │>---if.True:                            │
 3 │>--->---print("yes")                    │
 4 │~                                       │
 5 │~                                       │
 6 │~                                       │
 7 │~                                       │
 8 │~                                       │
 9 │~                                       │
10 │~                                       │
11 │~                                       │
12 │~                                       │
13 │~                                       │
14 │~                                       │
15 │~                                       │
16 │~                                       │
17 │~                                       │
18 │demo.py               1,1            All│
19 │:set expandtab tabstop=4                │ ◂ cursor (19,24)
    ────────────────────────────────────────

[EX_READY] ':set expandtab tabstop=4'

              1         2         3         
    0123456789012345678901234567890123456789
    ────────────────────────────────────────
 0 │def.hello():                            │
 1 │>---print("hi")                         │
 2 │>---if.True:                            │
 3 │>--->---print("yes")                    │
 4 │~                                       │
 5 │~                                       │
 6 │~                                       │
 7 │~                                       │
 8 │~                                       │
 9 │~                                       │
10 │~                                       │
11 │~                                       │
12 │~                                       │
13 │~                                       │
14 │~                                       │
15 │~                                       │
16 │~                                       │
17 │~                                       │
18 │demo.py               1,1            All│
19 │:set expandtab tabstop=4                │ ◂ cursor (19,24)
    ────────────────────────────────────────

[ENTER]

              1         2         3         
    0123456789012345678901234567890123456789
    ────────────────────────────────────────
 0 │def.hello():                            │ ◂ cursor (0,0)
 1 │>---print("hi")                         │
 2 │>---if.True:                            │
 3 │>--->---print("yes")                    │
 4 │~                                       │
 5 │~                                       │
 6 │~                                       │
 7 │~                                       │
 8 │~                                       │
 9 │~                                       │
10 │~                                       │
11 │~                                       │
12 │~                                       │
13 │~                                       │
14 │~                                       │
15 │~                                       │
16 │~                                       │
17 │~                                       │
18 │demo.py               1,1            All│
19 │:set expandtab tabstop=4                │
    ────────────────────────────────────────

[SAY] Now run `:retab`.
[KEYS] ':'
[OVERLAY] ⇧:  :retab

              1         2         3         
    0123456789012345678901234567890123456789
    ────────────────────────────────────────
 0 │def.hello():                            │
 1 │>---print("hi")                         │
 2 │>---if.True:                            │
 3 │>--->---print("yes")                    │
 4 │~                                       │
 5 │~                                       │
 6 │~                                       │
 7 │~                                       │
 8 │~                                       │
 9 │~                                       │
10 │~                                       │
11 │~                                       │
12 │~                                       │
13 │~                                       │
14 │~                                       │
15 │~                                       │
16 │~                                       │
17 │~                                       │
18 │demo.py               1,1            All│
19 │:                                       │ ◂ cursor (19,1)
    ────────────────────────────────────────

[TYPE] 'retab'

              1         2         3         
    0123456789012345678901234567890123456789
    ────────────────────────────────────────
 0 │def.hello():                            │
 1 │>---print("hi")                         │
 2 │>---if.True:                            │
 3 │>--->---print("yes")                    │
 4 │~                                       │
 5 │~                                       │
 6 │~                                       │
 7 │~                                       │
 8 │~                                       │
 9 │~                                       │
10 │~                                       │
11 │~                                       │
12 │~                                       │
13 │~                                       │
14 │~                                       │
15 │~                                       │
16 │~                                       │
17 │~                                       │
18 │demo.py               1,1            All│
19 │:retab                                  │ ◂ cursor (19,6)
    ────────────────────────────────────────

[EX_READY] ':retab'

              1         2         3         
    0123456789012345678901234567890123456789
    ────────────────────────────────────────
 0 │def.hello():                            │
 1 │>---print("hi")                         │
 2 │>---if.True:                            │
 3 │>--->---print("yes")                    │
 4 │~                                       │
 5 │~                                       │
 6 │~                                       │
 7 │~                                       │
 8 │~                                       │
 9 │~                                       │
10 │~                                       │
11 │~                                       │
12 │~                                       │
13 │~                                       │
14 │~                                       │
15 │~                                       │
16 │~                                       │
17 │~                                       │
18 │demo.py               1,1            All│
19 │:retab                                  │ ◂ cursor (19,6)
    ────────────────────────────────────────

[ENTER]

              1         2         3         
    0123456789012345678901234567890123456789
    ────────────────────────────────────────
 0 │def.hello():                            │ ◂ cursor (0,0)
 1 │....print("hi")                         │
 2 │....if.True:                            │
 3 │........print("yes")                    │
 4 │~                                       │
 5 │~                                       │
 6 │~                                       │
 7 │~                                       │
 8 │~                                       │
 9 │~                                       │
10 │~                                       │
11 │~                                       │
12 │~                                       │
13 │~                                       │
14 │~                                       │
15 │~                                       │
16 │~                                       │
17 │~                                       │
18 │demo.py [+]           1,1            All│
19 │:retab                                  │
    ────────────────────────────────────────

[SAY] The tab markers disappear. The indentation is now ordinary spaces, shown as dots.
[SAY] `:retab!` also replaces sequences of spaces with tabs. `:retab` is the quick fix for mixed indentation.