[RECORDING_START] Screen state at recording start:

              1         2         3         
    0123456789012345678901234567890123456789
    ────────────────────────────────────────
 0 │# Character Chart                       │ ◂ cursor (0,0)
 1 │letters = "ABCXYZ"                      │
 2 │digits = "0123456789"                   │
 3 │symbols = "@#$%^&*"                     │
 4 │newline = "\n"                          │
 5 │tab_char = "\t"                         │
 6 │greeting = "Hello, World!"              │
 7 │emoji = "☺"                             │
 8 │pi = 3.14159                            │
 9 │~                                       │
10 │~                                       │
11 │~                                       │
12 │~                                       │
13 │~                                       │
14 │~                                       │
15 │~                                       │
16 │~                                       │
17 │~                                       │
18 │chars.py              1,1            All│
    ────────────────────────────────────────

[OVERLAY] VimFu — ga — ASCII Value
[SAY] G A shows the ASCII or Unicode value of the character under the cursor. Decimal, hex, and octal.
[SAY] Move to the H in Hello on line seven.
[KEYS] '7G13|'
[OVERLAY] 7G13|  go to H

              1         2         3         
    0123456789012345678901234567890123456789
    ────────────────────────────────────────
 0 │# Character Chart                       │
 1 │letters = "ABCXYZ"                      │
 2 │digits = "0123456789"                   │
 3 │symbols = "@#$%^&*"                     │
 4 │newline = "\n"                          │
 5 │tab_char = "\t"                         │
 6 │greeting = "Hello, World!"              │ ◂ cursor (6,12)
 7 │emoji = "☺"                             │
 8 │pi = 3.14159                            │
 9 │~                                       │
10 │~                                       │
11 │~                                       │
12 │~                                       │
13 │~                                       │
14 │~                                       │
15 │~                                       │
16 │~                                       │
17 │~                                       │
18 │chars.py              7,13           All│
    ────────────────────────────────────────

[SAY] G A.
[KEYS] 'ga'
[OVERLAY] ga  show ASCII

              1         2         3         
    0123456789012345678901234567890123456789
    ────────────────────────────────────────
 0 │# Character Chart                       │
 1 │letters = "ABCXYZ"                      │
 2 │digits = "0123456789"                   │
 3 │symbols = "@#$%^&*"                     │
 4 │newline = "\n"                          │
 5 │tab_char = "\t"                         │
 6 │greeting = "Hello, World!"              │ ◂ cursor (6,12)
 7 │emoji = "☺"                             │
 8 │pi = 3.14159                            │
 9 │~                                       │
10 │~                                       │
11 │~                                       │
12 │~                                       │
13 │~                                       │
14 │~                                       │
15 │~                                       │
16 │~                                       │
17 │~                                       │
18 │chars.py              7,13           All│
19 │<H>  72,  Hex 48,  Octal 110            │
    ────────────────────────────────────────

[SAY] H is seventy two decimal, forty eight hex, one ten octal.
[KEYS] '\r'
[OVERLAY] ⏎

              1         2         3         
    0123456789012345678901234567890123456789
    ────────────────────────────────────────
 0 │# Character Chart                       │
 1 │letters = "ABCXYZ"                      │
 2 │digits = "0123456789"                   │
 3 │symbols = "@#$%^&*"                     │
 4 │newline = "\n"                          │
 5 │tab_char = "\t"                         │
 6 │greeting = "Hello, World!"              │
 7 │emoji = "☺"                             │ ◂ cursor (7,0)
 8 │pi = 3.14159                            │
 9 │~                                       │
10 │~                                       │
11 │~                                       │
12 │~                                       │
13 │~                                       │
14 │~                                       │
15 │~                                       │
16 │~                                       │
17 │~                                       │
18 │chars.py              8,1            All│
19 │<H>  72,  Hex 48,  Octal 110            │
    ────────────────────────────────────────

[SAY] Now check the at sign on line four.
[KEYS] '4G12|'
[OVERLAY] 4G12|  go to @

              1         2         3         
    0123456789012345678901234567890123456789
    ────────────────────────────────────────
 0 │# Character Chart                       │
 1 │letters = "ABCXYZ"                      │
 2 │digits = "0123456789"                   │
 3 │symbols = "@#$%^&*"                     │ ◂ cursor (3,11)
 4 │newline = "\n"                          │
 5 │tab_char = "\t"                         │
 6 │greeting = "Hello, World!"              │
 7 │emoji = "☺"                             │
 8 │pi = 3.14159                            │
 9 │~                                       │
10 │~                                       │
11 │~                                       │
12 │~                                       │
13 │~                                       │
14 │~                                       │
15 │~                                       │
16 │~                                       │
17 │~                                       │
18 │chars.py              4,12           All│
19 │<H>  72,  Hex 48,  Octal 110            │
    ────────────────────────────────────────

[KEYS] 'ga'
[OVERLAY] ga  ga

              1         2         3         
    0123456789012345678901234567890123456789
    ────────────────────────────────────────
 0 │# Character Chart                       │
 1 │letters = "ABCXYZ"                      │
 2 │digits = "0123456789"                   │
 3 │symbols = "@#$%^&*"                     │
 4 │newline = "\n"                          │
 5 │tab_char = "\t"                         │
 6 │greeting = "Hello, World!"              │
 7 │emoji = "☺"                             │
 8 │pi = 3.14159                            │
 9 │~                                       │
10 │~                                       │
11 │~                                       │
12 │~                                       │
13 │~                                       │
14 │~                                       │
15 │~                                       │
16 │~                                       │
17 │                                        │
18 │<@>  64,  Hex 40,  Oct 100, Digr At     │
19 │Press ENTER or type command to continue │ ◂ cursor (19,39)
    ────────────────────────────────────────

[SAY] At sign is sixty four. Forty in hex.
[KEYS] '\r'
[OVERLAY] ⏎

              1         2         3         
    0123456789012345678901234567890123456789
    ────────────────────────────────────────
 0 │# Character Chart                       │
 1 │letters = "ABCXYZ"                      │
 2 │digits = "0123456789"                   │
 3 │symbols = "@#$%^&*"                     │ ◂ cursor (3,11)
 4 │newline = "\n"                          │
 5 │tab_char = "\t"                         │
 6 │greeting = "Hello, World!"              │
 7 │emoji = "☺"                             │
 8 │pi = 3.14159                            │
 9 │~                                       │
10 │~                                       │
11 │~                                       │
12 │~                                       │
13 │~                                       │
14 │~                                       │
15 │~                                       │
16 │~                                       │
17 │~                                       │
18 │chars.py              4,12           All│
    ────────────────────────────────────────

[SAY] Check the zero on line three.
[KEYS] '3G11|'
[OVERLAY] 3G11|  go to 0

              1         2         3         
    0123456789012345678901234567890123456789
    ────────────────────────────────────────
 0 │# Character Chart                       │
 1 │letters = "ABCXYZ"                      │
 2 │digits = "0123456789"                   │ ◂ cursor (2,10)
 3 │symbols = "@#$%^&*"                     │
 4 │newline = "\n"                          │
 5 │tab_char = "\t"                         │
 6 │greeting = "Hello, World!"              │
 7 │emoji = "☺"                             │
 8 │pi = 3.14159                            │
 9 │~                                       │
10 │~                                       │
11 │~                                       │
12 │~                                       │
13 │~                                       │
14 │~                                       │
15 │~                                       │
16 │~                                       │
17 │~                                       │
18 │chars.py              3,11           All│
    ────────────────────────────────────────

[KEYS] 'ga'
[OVERLAY] ga  ga

              1         2         3         
    0123456789012345678901234567890123456789
    ────────────────────────────────────────
 0 │# Character Chart                       │
 1 │letters = "ABCXYZ"                      │
 2 │digits = "0123456789"                   │ ◂ cursor (2,10)
 3 │symbols = "@#$%^&*"                     │
 4 │newline = "\n"                          │
 5 │tab_char = "\t"                         │
 6 │greeting = "Hello, World!"              │
 7 │emoji = "☺"                             │
 8 │pi = 3.14159                            │
 9 │~                                       │
10 │~                                       │
11 │~                                       │
12 │~                                       │
13 │~                                       │
14 │~                                       │
15 │~                                       │
16 │~                                       │
17 │~                                       │
18 │chars.py              3,11           All│
19 │<0>  48,  Hex 30,  Octal 060            │
    ────────────────────────────────────────

[SAY] Zero the digit is forty eight. Not zero the number.
[KEYS] '\r'
[OVERLAY] ⏎

              1         2         3         
    0123456789012345678901234567890123456789
    ────────────────────────────────────────
 0 │# Character Chart                       │
 1 │letters = "ABCXYZ"                      │
 2 │digits = "0123456789"                   │
 3 │symbols = "@#$%^&*"                     │ ◂ cursor (3,0)
 4 │newline = "\n"                          │
 5 │tab_char = "\t"                         │
 6 │greeting = "Hello, World!"              │
 7 │emoji = "☺"                             │
 8 │pi = 3.14159                            │
 9 │~                                       │
10 │~                                       │
11 │~                                       │
12 │~                                       │
13 │~                                       │
14 │~                                       │
15 │~                                       │
16 │~                                       │
17 │~                                       │
18 │chars.py              4,1            All│
19 │<0>  48,  Hex 30,  Octal 060            │
    ────────────────────────────────────────

[SAY] Now the real win — a Unicode character on line eight.
[KEYS] '8G$h'
[OVERLAY] 8G$h  go to ☺

              1         2         3         
    0123456789012345678901234567890123456789
    ────────────────────────────────────────
 0 │# Character Chart                       │
 1 │letters = "ABCXYZ"                      │
 2 │digits = "0123456789"                   │
 3 │symbols = "@#$%^&*"                     │
 4 │newline = "\n"                          │
 5 │tab_char = "\t"                         │
 6 │greeting = "Hello, World!"              │
 7 │emoji = "☺"                             │ ◂ cursor (7,9)
 8 │pi = 3.14159                            │
 9 │~                                       │
10 │~                                       │
11 │~                                       │
12 │~                                       │
13 │~                                       │
14 │~                                       │
15 │~                                       │
16 │~                                       │
17 │~                                       │
18 │chars.py              8,10           All│
19 │<0>  48,  Hex 30,  Octal 060            │
    ────────────────────────────────────────

[KEYS] 'ga'
[OVERLAY] ga  ga

              1         2         3         
    0123456789012345678901234567890123456789
    ────────────────────────────────────────
 0 │# Character Chart                       │
 1 │letters = "ABCXYZ"                      │
 2 │digits = "0123456789"                   │
 3 │symbols = "@#$%^&*"                     │
 4 │newline = "\n"                          │
 5 │tab_char = "\t"                         │
 6 │greeting = "Hello, World!"              │
 7 │emoji = "☺"                             │
 8 │pi = 3.14159                            │
 9 │~                                       │
10 │~                                       │
11 │~                                       │
12 │~                                       │
13 │~                                       │
14 │~                                       │
15 │~                                       │
16 │~                                       │
17 │                                        │
18 │<☺> 9786, Hex 263a, Oct 23072, Digr 0u  │
19 │Press ENTER or type command to continue │ ◂ cursor (19,39)
    ────────────────────────────────────────

[SAY] G A reports the Unicode codepoint too — nine eight one eight, hex two six three A.
[KEYS] '\r'
[OVERLAY] ⏎

              1         2         3         
    0123456789012345678901234567890123456789
    ────────────────────────────────────────
 0 │# Character Chart                       │
 1 │letters = "ABCXYZ"                      │
 2 │digits = "0123456789"                   │
 3 │symbols = "@#$%^&*"                     │
 4 │newline = "\n"                          │
 5 │tab_char = "\t"                         │
 6 │greeting = "Hello, World!"              │
 7 │emoji = "☺"                             │ ◂ cursor (7,9)
 8 │pi = 3.14159                            │
 9 │~                                       │
10 │~                                       │
11 │~                                       │
12 │~                                       │
13 │~                                       │
14 │~                                       │
15 │~                                       │
16 │~                                       │
17 │~                                       │
18 │chars.py              8,10           All│
    ────────────────────────────────────────

[SAY] G A. ASCII for normal characters, Unicode for everything else — great for debugging mystery glyphs.