[RECORDING_START] Screen state at recording start:

              1         2         3         
    0123456789012345678901234567890123456789
    ────────────────────────────────────────
 0 │➜  vimfu                                │ ◂ cursor (0,9)
    ────────────────────────────────────────

[OVERLAY] VimFu — Quit Without Saving
[SAY] Sometimes you make a mess and just want out.
[LINE] 'nvim hello.py'

              1         2         3         
    0123456789012345678901234567890123456789
    ────────────────────────────────────────
 0 │➜  vimfu nvim hello.py                  │
    ────────────────────────────────────────

[SAY] Here's a working file. Let's break it.
[KEYS] 'i'
[OVERLAY] i  insert

              1         2         3         
    0123456789012345678901234567890123456789
    ────────────────────────────────────────
 0 │print("hello world")                    │ ◂ cursor (0,0)
 1 │~                                       │
 2 │~                                       │
 3 │~                                       │
 4 │~                                       │
 5 │~                                       │
 6 │~                                       │
 7 │~                                       │
 8 │~                                       │
 9 │~                                       │
10 │~                                       │
11 │~                                       │
12 │~                                       │
13 │~                                       │
14 │~                                       │
15 │~                                       │
16 │~                                       │
17 │~                                       │
18 │hello.py              1,1            All│
19 │-- INSERT --                            │
    ────────────────────────────────────────

[TYPE] 'XXXXXXX'

              1         2         3         
    0123456789012345678901234567890123456789
    ────────────────────────────────────────
 0 │XXXXXXXprint("hello world")             │ ◂ cursor (0,7)
 1 │~                                       │
 2 │~                                       │
 3 │~                                       │
 4 │~                                       │
 5 │~                                       │
 6 │~                                       │
 7 │~                                       │
 8 │~                                       │
 9 │~                                       │
10 │~                                       │
11 │~                                       │
12 │~                                       │
13 │~                                       │
14 │~                                       │
15 │~                                       │
16 │~                                       │
17 │~                                       │
18 │hello.py [+]          1,8            All│
19 │-- INSERT --                            │
    ────────────────────────────────────────

[ESCAPE]

              1         2         3         
    0123456789012345678901234567890123456789
    ────────────────────────────────────────
 0 │XXXXXXXprint("hello world")             │ ◂ cursor (0,6)
 1 │~                                       │
 2 │~                                       │
 3 │~                                       │
 4 │~                                       │
 5 │~                                       │
 6 │~                                       │
 7 │~                                       │
 8 │~                                       │
 9 │~                                       │
10 │~                                       │
11 │~                                       │
12 │~                                       │
13 │~                                       │
14 │~                                       │
15 │~                                       │
16 │~                                       │
17 │~                                       │
18 │hello.py [+]          1,7            All│
    ────────────────────────────────────────

[KEYS] 'dd'
[OVERLAY] dd  delete line

              1         2         3         
    0123456789012345678901234567890123456789
    ────────────────────────────────────────
 0 │                                        │ ◂ cursor (0,0)
 1 │~                                       │
 2 │~                                       │
 3 │~                                       │
 4 │~                                       │
 5 │~                                       │
 6 │~                                       │
 7 │~                                       │
 8 │~                                       │
 9 │~                                       │
10 │~                                       │
11 │~                                       │
12 │~                                       │
13 │~                                       │
14 │~                                       │
15 │~                                       │
16 │~                                       │
17 │~                                       │
18 │hello.py [+]          0,0-1          All│
19 │--No lines in buffer--                  │
    ────────────────────────────────────────

[SAY] Yikes. We don't want any of that.
[SAY] Colon Q won't work. Vim protects you.
[TYPE] ':q'

              1         2         3         
    0123456789012345678901234567890123456789
    ────────────────────────────────────────
 0 │                                        │
 1 │~                                       │
 2 │~                                       │
 3 │~                                       │
 4 │~                                       │
 5 │~                                       │
 6 │~                                       │
 7 │~                                       │
 8 │~                                       │
 9 │~                                       │
10 │~                                       │
11 │~                                       │
12 │~                                       │
13 │~                                       │
14 │~                                       │
15 │~                                       │
16 │~                                       │
17 │~                                       │
18 │hello.py [+]          0,0-1          All│
19 │:q                                      │ ◂ cursor (19,2)
    ────────────────────────────────────────

[ENTER]

              1         2         3         
    0123456789012345678901234567890123456789
    ────────────────────────────────────────
 0 │                                        │
 1 │~                                       │
 2 │~                                       │
 3 │~                                       │
 4 │~                                       │
 5 │~                                       │
 6 │~                                       │
 7 │~                                       │
 8 │~                                       │
 9 │~                                       │
10 │~                                       │
11 │~                                       │
12 │~                                       │
13 │~                                       │
14 │~                                       │
15 │                                        │
16 │E37: No write since last change         │
17 │E162: No write since last change for buf│
18 │fer "hello.py"                          │
19 │Press ENTER or type command to continue │ ◂ cursor (19,39)
    ────────────────────────────────────────

[SAY] Unsaved changes. Vim won't let you quit.
[SAY] Add an exclamation mark. Colon Q bang.
[TYPE] ':q!'

              1         2         3         
    0123456789012345678901234567890123456789
    ────────────────────────────────────────
 0 │                                        │
 1 │~                                       │
 2 │~                                       │
 3 │~                                       │
 4 │~                                       │
 5 │~                                       │
 6 │~                                       │
 7 │~                                       │
 8 │~                                       │
 9 │~                                       │
10 │~                                       │
11 │~                                       │
12 │~                                       │
13 │~                                       │
14 │~                                       │
15 │                                        │
16 │E37: No write since last change         │
17 │E162: No write since last change for buf│
18 │fer "hello.py"                          │
19 │:q!                                     │ ◂ cursor (19,3)
    ────────────────────────────────────────

[SAY] The bang means I'm sure. Throw it all away.
[ENTER]

              1         2         3         
    0123456789012345678901234567890123456789
    ────────────────────────────────────────
 0 │                                        │
 1 │~                                       │
 2 │~                                       │
 3 │~                                       │
 4 │~                                       │
 5 │~                                       │
 6 │~                                       │
 7 │~                                       │
 8 │~                                       │
 9 │~                                       │
10 │~                                       │
11 │~                                       │
12 │~                                       │
13 │~                                       │
14 │~                                       │
15 │                                        │
16 │E37: No write since last change         │
17 │E162: No write since last change for buf│
18 │fer "hello.py"                          │
19 │:q!                                     │ ◂ cursor (19,0)
    ────────────────────────────────────────

[SAY] Gone. Back to the shell. The file is untouched.
[SAY] Let's check.
[LINE] 'cat hello.py'

              1         2         3         
    0123456789012345678901234567890123456789
    ────────────────────────────────────────
 0 │~                                       │
 1 │~                                       │
 2 │~                                       │
 3 │~                                       │
 4 │~                                       │
 5 │~                                       │
 6 │~                                       │
 7 │~                                       │
 8 │~                                       │
 9 │~                                       │
10 │~                                       │
11 │~                                       │
12 │~                                       │
13 │                                        │
14 │E37: No write since last change         │
15 │E162: No write since last change for buf│
16 │fer "hello.py"                          │
17 │➜  vimfu cat hello.py                   │
18 │print("hello world")                    │
19 │➜  vimfu                                │ ◂ cursor (19,9)
    ────────────────────────────────────────
[HIGHLIGHT] row 17, cols 0-39: "➜  vimfu cat hello.py"

[SAY] Still perfect. Our edits were discarded.
[SAY] There's a faster way too.
[LINE] 'nvim hello.py'

              1         2         3         
    0123456789012345678901234567890123456789
    ────────────────────────────────────────
 0 │                                        │ ◂ cursor (0,0)
    ────────────────────────────────────────

[KEYS] 'i'
[OVERLAY] i  insert

              1         2         3         
    0123456789012345678901234567890123456789
    ────────────────────────────────────────
 0 │print("hello world")                    │ ◂ cursor (0,0)
 1 │~                                       │
 2 │~                                       │
 3 │~                                       │
 4 │~                                       │
 5 │~                                       │
 6 │~                                       │
 7 │~                                       │
 8 │~                                       │
 9 │~                                       │
10 │~                                       │
11 │~                                       │
12 │~                                       │
13 │~                                       │
14 │~                                       │
15 │~                                       │
16 │~                                       │
17 │~                                       │
18 │hello.py              1,1            All│
19 │-- INSERT --                            │
    ────────────────────────────────────────

[TYPE] 'OOPS'

              1         2         3         
    0123456789012345678901234567890123456789
    ────────────────────────────────────────
 0 │OOPSprint("hello world")                │ ◂ cursor (0,4)
 1 │~                                       │
 2 │~                                       │
 3 │~                                       │
 4 │~                                       │
 5 │~                                       │
 6 │~                                       │
 7 │~                                       │
 8 │~                                       │
 9 │~                                       │
10 │~                                       │
11 │~                                       │
12 │~                                       │
13 │~                                       │
14 │~                                       │
15 │~                                       │
16 │~                                       │
17 │~                                       │
18 │hello.py [+]          1,5            All│
19 │-- INSERT --                            │
    ────────────────────────────────────────

[ESCAPE]

              1         2         3         
    0123456789012345678901234567890123456789
    ────────────────────────────────────────
 0 │OOPSprint("hello world")                │ ◂ cursor (0,3)
 1 │~                                       │
 2 │~                                       │
 3 │~                                       │
 4 │~                                       │
 5 │~                                       │
 6 │~                                       │
 7 │~                                       │
 8 │~                                       │
 9 │~                                       │
10 │~                                       │
11 │~                                       │
12 │~                                       │
13 │~                                       │
14 │~                                       │
15 │~                                       │
16 │~                                       │
17 │~                                       │
18 │hello.py [+]          1,4            All│
    ────────────────────────────────────────

[SAY] Shift Z, Shift Q. Quit without saving, no colon needed.
[KEYS] 'Z'
[OVERLAY] ⇧Z

              1         2         3         
    0123456789012345678901234567890123456789
    ────────────────────────────────────────
 0 │OOPSprint("hello world")                │ ◂ cursor (0,3)
 1 │~                                       │
 2 │~                                       │
 3 │~                                       │
 4 │~                                       │
 5 │~                                       │
 6 │~                                       │
 7 │~                                       │
 8 │~                                       │
 9 │~                                       │
10 │~                                       │
11 │~                                       │
12 │~                                       │
13 │~                                       │
14 │~                                       │
15 │~                                       │
16 │~                                       │
17 │~                                       │
18 │hello.py [+]          1,4            All│
19 │                             Z          │
    ────────────────────────────────────────

[KEYS] 'Q'
[OVERLAY] ⇧Q  force quit

              1         2         3         
    0123456789012345678901234567890123456789
    ────────────────────────────────────────
 0 │OOPSprint("hello world")                │ ◂ cursor (0,3)
 1 │~                                       │
 2 │~                                       │
 3 │~                                       │
 4 │~                                       │
 5 │~                                       │
 6 │~                                       │
 7 │~                                       │
 8 │~                                       │
 9 │~                                       │
10 │~                                       │
11 │~                                       │
12 │~                                       │
13 │~                                       │
14 │~                                       │
15 │~                                       │
16 │~                                       │
17 │~                                       │
18 │hello.py [+]          1,4            All│
19 │                             ZQ         │
    ────────────────────────────────────────

[SAY] Two ways out. Colon Q bang, or Z Q. Your escape hatch when things go wrong.