[RECORDING_START] Screen state at recording start:

              1         2         3         
    0123456789012345678901234567890123456789
    ────────────────────────────────────────
 0 │Use *bold* text                         │ ◂ cursor (0,0)
 1 │Use _italic_ text                       │
 2 │Use |column| data                       │
 3 │~                                       │
 4 │~                                       │
 5 │~                                       │
 6 │~                                       │
 7 │~                                       │
 8 │~                                       │
 9 │~                                       │
10 │~                                       │
11 │~                                       │
12 │~                                       │
13 │~                                       │
14 │~                                       │
15 │~                                       │
16 │~                                       │
17 │~                                       │
18 │marks.md              1,1            All│
    ────────────────────────────────────────

[OVERLAY] VimFu — Delete Arbitrary Surroundings
[SAY] Surround works with any punctuation character, not just brackets and quotes. If a character appears on both sides, D S can remove it.
[SAY] Asterisks around bold. D S asterisk.
[KEYS] 'fb'
[OVERLAY] fb

              1         2         3         
    0123456789012345678901234567890123456789
    ────────────────────────────────────────
 0 │Use *bold* text                         │ ◂ cursor (0,5)
 1 │Use _italic_ text                       │
 2 │Use |column| data                       │
 3 │~                                       │
 4 │~                                       │
 5 │~                                       │
 6 │~                                       │
 7 │~                                       │
 8 │~                                       │
 9 │~                                       │
10 │~                                       │
11 │~                                       │
12 │~                                       │
13 │~                                       │
14 │~                                       │
15 │~                                       │
16 │~                                       │
17 │~                                       │
18 │marks.md              1,6            All│
    ────────────────────────────────────────

[KEYS] 'ds*'
[OVERLAY] ds*  ds*

              1         2         3         
    0123456789012345678901234567890123456789
    ────────────────────────────────────────
 0 │Use bold text                           │ ◂ cursor (0,4)
 1 │Use _italic_ text                       │
 2 │Use |column| data                       │
 3 │~                                       │
 4 │~                                       │
 5 │~                                       │
 6 │~                                       │
 7 │~                                       │
 8 │~                                       │
 9 │~                                       │
10 │~                                       │
11 │~                                       │
12 │~                                       │
13 │~                                       │
14 │~                                       │
15 │~                                       │
16 │~                                       │
17 │~                                       │
18 │marks.md [+]          1,5            All│
    ────────────────────────────────────────

[SAY] Asterisks gone.
[KEYS] 'u'
[OVERLAY] u  undo

              1         2         3         
    0123456789012345678901234567890123456789
    ────────────────────────────────────────
 0 │Use *bold* text                         │ ◂ cursor (0,5)
 1 │Use _italic_ text                       │
 2 │Use |column| data                       │
 3 │~                                       │
 4 │~                                       │
 5 │~                                       │
 6 │~                                       │
 7 │~                                       │
 8 │~                                       │
 9 │~                                       │
10 │~                                       │
11 │~                                       │
12 │~                                       │
13 │~                                       │
14 │~                                       │
15 │~                                       │
16 │~                                       │
17 │~                                       │
18 │marks.md              1,6            All│
19 │1 change; be...4 seconds ago            │
    ────────────────────────────────────────

[SAY] Underscores around italic. D S underscore.
[KEYS] 'jfi'
[OVERLAY] jfi

              1         2         3         
    0123456789012345678901234567890123456789
    ────────────────────────────────────────
 0 │Use *bold* text                         │
 1 │Use _italic_ text                       │ ◂ cursor (1,9)
 2 │Use |column| data                       │
 3 │~                                       │
 4 │~                                       │
 5 │~                                       │
 6 │~                                       │
 7 │~                                       │
 8 │~                                       │
 9 │~                                       │
10 │~                                       │
11 │~                                       │
12 │~                                       │
13 │~                                       │
14 │~                                       │
15 │~                                       │
16 │~                                       │
17 │~                                       │
18 │marks.md              2,10           All│
19 │1 change; be...4 seconds ago            │
    ────────────────────────────────────────

[KEYS] 'ds_'
[OVERLAY] ds_  ds_

              1         2         3         
    0123456789012345678901234567890123456789
    ────────────────────────────────────────
 0 │Use *bold* text                         │
 1 │Use italic text                         │ ◂ cursor (1,4)
 2 │Use |column| data                       │
 3 │~                                       │
 4 │~                                       │
 5 │~                                       │
 6 │~                                       │
 7 │~                                       │
 8 │~                                       │
 9 │~                                       │
10 │~                                       │
11 │~                                       │
12 │~                                       │
13 │~                                       │
14 │~                                       │
15 │~                                       │
16 │~                                       │
17 │~                                       │
18 │marks.md [+]          2,5            All│
19 │1 change; be...4 seconds ago            │
    ────────────────────────────────────────

[SAY] Underscores removed.
[KEYS] 'u'
[OVERLAY] u  undo

              1         2         3         
    0123456789012345678901234567890123456789
    ────────────────────────────────────────
 0 │Use *bold* text                         │
 1 │Use _italic_ text                       │ ◂ cursor (1,9)
 2 │Use |column| data                       │
 3 │~                                       │
 4 │~                                       │
 5 │~                                       │
 6 │~                                       │
 7 │~                                       │
 8 │~                                       │
 9 │~                                       │
10 │~                                       │
11 │~                                       │
12 │~                                       │
13 │~                                       │
14 │~                                       │
15 │~                                       │
16 │~                                       │
17 │~                                       │
18 │marks.md              2,10           All│
19 │1 change; be...3 seconds ago            │
    ────────────────────────────────────────

[SAY] Pipes around column. D S pipe.
[KEYS] 'jfc'
[OVERLAY] jfc

              1         2         3         
    0123456789012345678901234567890123456789
    ────────────────────────────────────────
 0 │Use *bold* text                         │
 1 │Use _italic_ text                       │
 2 │Use |column| data                       │ ◂ cursor (2,9)
 3 │~                                       │
 4 │~                                       │
 5 │~                                       │
 6 │~                                       │
 7 │~                                       │
 8 │~                                       │
 9 │~                                       │
10 │~                                       │
11 │~                                       │
12 │~                                       │
13 │~                                       │
14 │~                                       │
15 │~                                       │
16 │~                                       │
17 │~                                       │
18 │marks.md              3,10           All│
19 │1 change; be...3 seconds ago            │
    ────────────────────────────────────────

[KEYS] 'ds|'
[OVERLAY] ds|  ds|

              1         2         3         
    0123456789012345678901234567890123456789
    ────────────────────────────────────────
 0 │Use *bold* text                         │
 1 │Use _italic_ text                       │
 2 │Use column data                         │ ◂ cursor (2,4)
 3 │~                                       │
 4 │~                                       │
 5 │~                                       │
 6 │~                                       │
 7 │~                                       │
 8 │~                                       │
 9 │~                                       │
10 │~                                       │
11 │~                                       │
12 │~                                       │
13 │~                                       │
14 │~                                       │
15 │~                                       │
16 │~                                       │
17 │~                                       │
18 │marks.md [+]          3,5            All│
19 │1 change; be...3 seconds ago            │
    ────────────────────────────────────────

[SAY] Any symmetric character works with D S.