[RECORDING_START] Screen state at recording start:

              1         2         3         
    0123456789012345678901234567890123456789
    ────────────────────────────────────────
 0 │  1 line 1 — alpha                      │ ◂ cursor (0,4)
 1 │  2 line 2 — bravo                      │
 2 │  3 line 3 — charlie                    │
 3 │  4 line 4 — delta                      │
 4 │  5 line 5 — echo                       │
 5 │  6 line 6 — foxtrot                    │
 6 │  7 line 7 — golf                       │
 7 │  8 line 8 — hotel                      │
 8 │  9 line 9 — india                      │
 9 │ 10 line 10 — juliet                    │
10 │ 11 line 11 — kilo                      │
11 │ 12 line 12 — lima                      │
12 │~                                       │
13 │~                                       │
14 │~                                       │
15 │~                                       │
16 │~                                       │
17 │~                                       │
18 │lines.txt             1,1            All│
    ────────────────────────────────────────

[OVERLAY] VimFu — Go to a Line Number
[SAY] Type colon followed by a number to jump to that line.
[SAY] Colon five. Go to line five.
[TYPE] ':5'

              1         2         3         
    0123456789012345678901234567890123456789
    ────────────────────────────────────────
 0 │  1 line 1 — alpha                      │
 1 │  2 line 2 — bravo                      │
 2 │  3 line 3 — charlie                    │
 3 │  4 line 4 — delta                      │
 4 │  5 line 5 — echo                       │
 5 │  6 line 6 — foxtrot                    │
 6 │  7 line 7 — golf                       │
 7 │  8 line 8 — hotel                      │
 8 │  9 line 9 — india                      │
 9 │ 10 line 10 — juliet                    │
10 │ 11 line 11 — kilo                      │
11 │ 12 line 12 — lima                      │
12 │~                                       │
13 │~                                       │
14 │~                                       │
15 │~                                       │
16 │~                                       │
17 │~                                       │
18 │lines.txt             1,1            All│
19 │:5                                      │ ◂ cursor (19,2)
    ────────────────────────────────────────

[ENTER]

              1         2         3         
    0123456789012345678901234567890123456789
    ────────────────────────────────────────
 0 │  1 line 1 — alpha                      │
 1 │  2 line 2 — bravo                      │
 2 │  3 line 3 — charlie                    │
 3 │  4 line 4 — delta                      │
 4 │  5 line 5 — echo                       │ ◂ cursor (4,4)
 5 │  6 line 6 — foxtrot                    │
 6 │  7 line 7 — golf                       │
 7 │  8 line 8 — hotel                      │
 8 │  9 line 9 — india                      │
 9 │ 10 line 10 — juliet                    │
10 │ 11 line 11 — kilo                      │
11 │ 12 line 12 — lima                      │
12 │~                                       │
13 │~                                       │
14 │~                                       │
15 │~                                       │
16 │~                                       │
17 │~                                       │
18 │lines.txt             5,1            All│
19 │:5                                      │
    ────────────────────────────────────────

[SAY] The cursor jumped to line five.
[SAY] Colon ten.
[TYPE] ':10'

              1         2         3         
    0123456789012345678901234567890123456789
    ────────────────────────────────────────
 0 │  1 line 1 — alpha                      │
 1 │  2 line 2 — bravo                      │
 2 │  3 line 3 — charlie                    │
 3 │  4 line 4 — delta                      │
 4 │  5 line 5 — echo                       │
 5 │  6 line 6 — foxtrot                    │
 6 │  7 line 7 — golf                       │
 7 │  8 line 8 — hotel                      │
 8 │  9 line 9 — india                      │
 9 │ 10 line 10 — juliet                    │
10 │ 11 line 11 — kilo                      │
11 │ 12 line 12 — lima                      │
12 │~                                       │
13 │~                                       │
14 │~                                       │
15 │~                                       │
16 │~                                       │
17 │~                                       │
18 │lines.txt             5,1            All│
19 │:10                                     │ ◂ cursor (19,3)
    ────────────────────────────────────────

[ENTER]

              1         2         3         
    0123456789012345678901234567890123456789
    ────────────────────────────────────────
 0 │  1 line 1 — alpha                      │
 1 │  2 line 2 — bravo                      │
 2 │  3 line 3 — charlie                    │
 3 │  4 line 4 — delta                      │
 4 │  5 line 5 — echo                       │
 5 │  6 line 6 — foxtrot                    │
 6 │  7 line 7 — golf                       │
 7 │  8 line 8 — hotel                      │
 8 │  9 line 9 — india                      │
 9 │ 10 line 10 — juliet                    │ ◂ cursor (9,4)
10 │ 11 line 11 — kilo                      │
11 │ 12 line 12 — lima                      │
12 │~                                       │
13 │~                                       │
14 │~                                       │
15 │~                                       │
16 │~                                       │
17 │~                                       │
18 │lines.txt             10,1           All│
19 │:10                                     │
    ────────────────────────────────────────

[SAY] Now on line ten.
[SAY] Colon one to go back to the top.
[TYPE] ':1'

              1         2         3         
    0123456789012345678901234567890123456789
    ────────────────────────────────────────
 0 │  1 line 1 — alpha                      │
 1 │  2 line 2 — bravo                      │
 2 │  3 line 3 — charlie                    │
 3 │  4 line 4 — delta                      │
 4 │  5 line 5 — echo                       │
 5 │  6 line 6 — foxtrot                    │
 6 │  7 line 7 — golf                       │
 7 │  8 line 8 — hotel                      │
 8 │  9 line 9 — india                      │
 9 │ 10 line 10 — juliet                    │
10 │ 11 line 11 — kilo                      │
11 │ 12 line 12 — lima                      │
12 │~                                       │
13 │~                                       │
14 │~                                       │
15 │~                                       │
16 │~                                       │
17 │~                                       │
18 │lines.txt             10,1           All│
19 │:1                                      │ ◂ cursor (19,2)
    ────────────────────────────────────────

[ENTER]

              1         2         3         
    0123456789012345678901234567890123456789
    ────────────────────────────────────────
 0 │  1 line 1 — alpha                      │ ◂ cursor (0,4)
 1 │  2 line 2 — bravo                      │
 2 │  3 line 3 — charlie                    │
 3 │  4 line 4 — delta                      │
 4 │  5 line 5 — echo                       │
 5 │  6 line 6 — foxtrot                    │
 6 │  7 line 7 — golf                       │
 7 │  8 line 8 — hotel                      │
 8 │  9 line 9 — india                      │
 9 │ 10 line 10 — juliet                    │
10 │ 11 line 11 — kilo                      │
11 │ 12 line 12 — lima                      │
12 │~                                       │
13 │~                                       │
14 │~                                       │
15 │~                                       │
16 │~                                       │
17 │~                                       │
18 │lines.txt             1,1            All│
19 │:1                                      │
    ────────────────────────────────────────

[SAY] Back at line one.
[SAY] Colon followed by a line number. Quick way to jump anywhere in the file.