[RECORDING_START] Screen state at recording start:

              1         2         3         
    0123456789012345678901234567890123456789
    ────────────────────────────────────────
 0 │gem = "ruby"                            │ ◂ cursor (0,0)
 1 │ore = "iron"                            │
 2 │gem = "opal"                            │
 3 │ore = "gold"                            │
 4 │gem = "jade"                            │
 5 │~                                       │
 6 │~                                       │
 7 │~                                       │
 8 │~                                       │
 9 │~                                       │
10 │~                                       │
11 │~                                       │
12 │~                                       │
13 │~                                       │
14 │~                                       │
15 │~                                       │
16 │~                                       │
17 │~                                       │
18 │hunt.py               1,1            All│
    ────────────────────────────────────────

[OVERLAY] VimFu — The N Key
[SAY] Capital N jumps to the previous search match. It goes the opposite direction from N.
[SAY] Search for gem. Slash gem enter.
[TYPE] '/gem'

              1         2         3         
    0123456789012345678901234567890123456789
    ────────────────────────────────────────
 0 │gem = "ruby"                            │
 1 │ore = "iron"                            │
 2 │gem = "opal"                            │
 3 │ore = "gold"                            │
 4 │gem = "jade"                            │
 5 │~                                       │
 6 │~                                       │
 7 │~                                       │
 8 │~                                       │
 9 │~                                       │
10 │~                                       │
11 │~                                       │
12 │~                                       │
13 │~                                       │
14 │~                                       │
15 │~                                       │
16 │~                                       │
17 │~                                       │
18 │hunt.py               3,1            All│
19 │/gem                                    │ ◂ cursor (19,4)
    ────────────────────────────────────────
[HIGHLIGHT] row 0, cols 0-2: "gem"
[HIGHLIGHT] row 2, cols 0-2: "gem"
[HIGHLIGHT] row 4, cols 0-2: "gem"

[ENTER]

              1         2         3         
    0123456789012345678901234567890123456789
    ────────────────────────────────────────
 0 │gem = "ruby"                            │
 1 │ore = "iron"                            │
 2 │gem = "opal"                            │ ◂ cursor (2,0)
 3 │ore = "gold"                            │
 4 │gem = "jade"                            │
 5 │~                                       │
 6 │~                                       │
 7 │~                                       │
 8 │~                                       │
 9 │~                                       │
10 │~                                       │
11 │~                                       │
12 │~                                       │
13 │~                                       │
14 │~                                       │
15 │~                                       │
16 │~                                       │
17 │~                                       │
18 │hunt.py               3,1            All│
19 │/gem                  [2/3]             │
    ────────────────────────────────────────
[HIGHLIGHT] row 0, cols 0-2: "gem"
[HIGHLIGHT] row 2, cols 1-2: "em"
[HIGHLIGHT] row 4, cols 0-2: "gem"

[SAY] Found the second gem. Lowercase N goes forward.
[KEYS] 'n'
[OVERLAY] n  next match

              1         2         3         
    0123456789012345678901234567890123456789
    ────────────────────────────────────────
 0 │gem = "ruby"                            │
 1 │ore = "iron"                            │
 2 │gem = "opal"                            │
 3 │ore = "gold"                            │
 4 │gem = "jade"                            │ ◂ cursor (4,0)
 5 │~                                       │
 6 │~                                       │
 7 │~                                       │
 8 │~                                       │
 9 │~                                       │
10 │~                                       │
11 │~                                       │
12 │~                                       │
13 │~                                       │
14 │~                                       │
15 │~                                       │
16 │~                                       │
17 │~                                       │
18 │hunt.py               5,1            All│
19 │/gem                  [3/3]             │
    ────────────────────────────────────────
[HIGHLIGHT] row 0, cols 0-2: "gem"
[HIGHLIGHT] row 2, cols 0-2: "gem"
[HIGHLIGHT] row 4, cols 1-2: "em"

[SAY] Third gem. Now capital N.
[KEYS] 'N'
[OVERLAY] ⇧N  prev match

              1         2         3         
    0123456789012345678901234567890123456789
    ────────────────────────────────────────
 0 │gem = "ruby"                            │
 1 │ore = "iron"                            │
 2 │gem = "opal"                            │ ◂ cursor (2,0)
 3 │ore = "gold"                            │
 4 │gem = "jade"                            │
 5 │~                                       │
 6 │~                                       │
 7 │~                                       │
 8 │~                                       │
 9 │~                                       │
10 │~                                       │
11 │~                                       │
12 │~                                       │
13 │~                                       │
14 │~                                       │
15 │~                                       │
16 │~                                       │
17 │~                                       │
18 │hunt.py               3,1            All│
19 │?gem                  [2/3]             │
    ────────────────────────────────────────
[HIGHLIGHT] row 0, cols 0-2: "gem"
[HIGHLIGHT] row 2, cols 1-2: "em"
[HIGHLIGHT] row 4, cols 0-2: "gem"

[SAY] Back to the second gem. Capital N reverses direction.
[SAY] Capital N again.
[KEYS] 'N'
[OVERLAY] ⇧N  prev match

              1         2         3         
    0123456789012345678901234567890123456789
    ────────────────────────────────────────
 0 │gem = "ruby"                            │ ◂ cursor (0,0)
 1 │ore = "iron"                            │
 2 │gem = "opal"                            │
 3 │ore = "gold"                            │
 4 │gem = "jade"                            │
 5 │~                                       │
 6 │~                                       │
 7 │~                                       │
 8 │~                                       │
 9 │~                                       │
10 │~                                       │
11 │~                                       │
12 │~                                       │
13 │~                                       │
14 │~                                       │
15 │~                                       │
16 │~                                       │
17 │~                                       │
18 │hunt.py               1,1            All│
19 │?gem                  [1/3]             │
    ────────────────────────────────────────
[HIGHLIGHT] row 0, cols 1-2: "em"
[HIGHLIGHT] row 2, cols 0-2: "gem"
[HIGHLIGHT] row 4, cols 0-2: "gem"

[SAY] First gem. Keep pressing N to walk backward through all matches.
[SAY] Capital N. Previous search match. Lowercase N goes forward, capital N goes back.