[RECORDING_START] Screen state at recording start:

              1         2         3         
    0123456789012345678901234567890123456789
    ────────────────────────────────────────
 0 │sword = "Excalibur"                     │ ◂ cursor (0,0)
 1 │shield = "Aegis"                        │
 2 │potion = "Elixir"                       │
 3 │                                        │
 4 │# Loadout:                              │
 5 │weapon = ""                             │
 6 │armor = ""                              │
 7 │heal = ""                               │
 8 │~                                       │
 9 │~                                       │
10 │~                                       │
11 │~                                       │
12 │~                                       │
13 │~                                       │
14 │~                                       │
15 │~                                       │
16 │~                                       │
17 │~                                       │
18 │loot.py               1,1            All│
    ────────────────────────────────────────

[OVERLAY] VimFu — Named Registers
[SAY] Vim has 26 named registers, A through Z. Quote, then a letter, then your command.
[SAY] Yank the sword line into register A. Quote A, Y Y.
[KEYS] '"'
[OVERLAY] ⇧"  register

              1         2         3         
    0123456789012345678901234567890123456789
    ────────────────────────────────────────
 0 │sword = "Excalibur"                     │ ◂ cursor (0,0)
 1 │shield = "Aegis"                        │
 2 │potion = "Elixir"                       │
 3 │                                        │
 4 │# Loadout:                              │
 5 │weapon = ""                             │
 6 │armor = ""                              │
 7 │heal = ""                               │
 8 │~                                       │
 9 │~                                       │
10 │~                                       │
11 │~                                       │
12 │~                                       │
13 │~                                       │
14 │~                                       │
15 │~                                       │
16 │~                                       │
17 │~                                       │
18 │loot.py               1,1            All│
19 │                             "          │
    ────────────────────────────────────────

[KEYS] 'a'
[OVERLAY] a  register a

              1         2         3         
    0123456789012345678901234567890123456789
    ────────────────────────────────────────
 0 │sword = "Excalibur"                     │ ◂ cursor (0,0)
 1 │shield = "Aegis"                        │
 2 │potion = "Elixir"                       │
 3 │                                        │
 4 │# Loadout:                              │
 5 │weapon = ""                             │
 6 │armor = ""                              │
 7 │heal = ""                               │
 8 │~                                       │
 9 │~                                       │
10 │~                                       │
11 │~                                       │
12 │~                                       │
13 │~                                       │
14 │~                                       │
15 │~                                       │
16 │~                                       │
17 │~                                       │
18 │loot.py               1,1            All│
19 │                             "a         │
    ────────────────────────────────────────

[KEYS] 'yy'
[OVERLAY] yy  yank line

              1         2         3         
    0123456789012345678901234567890123456789
    ────────────────────────────────────────
 0 │sword = "Excalibur"                     │ ◂ cursor (0,0)
 1 │shield = "Aegis"                        │
 2 │potion = "Elixir"                       │
 3 │                                        │
 4 │# Loadout:                              │
 5 │weapon = ""                             │
 6 │armor = ""                              │
 7 │heal = ""                               │
 8 │~                                       │
 9 │~                                       │
10 │~                                       │
11 │~                                       │
12 │~                                       │
13 │~                                       │
14 │~                                       │
15 │~                                       │
16 │~                                       │
17 │~                                       │
18 │loot.py               1,1            All│
    ────────────────────────────────────────

[SAY] Stored in register A.
[SAY] Yank shield into register B.
[KEYS] 'j'
[OVERLAY] j

              1         2         3         
    0123456789012345678901234567890123456789
    ────────────────────────────────────────
 0 │sword = "Excalibur"                     │
 1 │shield = "Aegis"                        │ ◂ cursor (1,0)
 2 │potion = "Elixir"                       │
 3 │                                        │
 4 │# Loadout:                              │
 5 │weapon = ""                             │
 6 │armor = ""                              │
 7 │heal = ""                               │
 8 │~                                       │
 9 │~                                       │
10 │~                                       │
11 │~                                       │
12 │~                                       │
13 │~                                       │
14 │~                                       │
15 │~                                       │
16 │~                                       │
17 │~                                       │
18 │loot.py               2,1            All│
    ────────────────────────────────────────

[KEYS] '"'
[OVERLAY] ⇧"  register

              1         2         3         
    0123456789012345678901234567890123456789
    ────────────────────────────────────────
 0 │sword = "Excalibur"                     │
 1 │shield = "Aegis"                        │ ◂ cursor (1,0)
 2 │potion = "Elixir"                       │
 3 │                                        │
 4 │# Loadout:                              │
 5 │weapon = ""                             │
 6 │armor = ""                              │
 7 │heal = ""                               │
 8 │~                                       │
 9 │~                                       │
10 │~                                       │
11 │~                                       │
12 │~                                       │
13 │~                                       │
14 │~                                       │
15 │~                                       │
16 │~                                       │
17 │~                                       │
18 │loot.py               2,1            All│
19 │                             "          │
    ────────────────────────────────────────

[KEYS] 'b'
[OVERLAY] b  register b

              1         2         3         
    0123456789012345678901234567890123456789
    ────────────────────────────────────────
 0 │sword = "Excalibur"                     │
 1 │shield = "Aegis"                        │ ◂ cursor (1,0)
 2 │potion = "Elixir"                       │
 3 │                                        │
 4 │# Loadout:                              │
 5 │weapon = ""                             │
 6 │armor = ""                              │
 7 │heal = ""                               │
 8 │~                                       │
 9 │~                                       │
10 │~                                       │
11 │~                                       │
12 │~                                       │
13 │~                                       │
14 │~                                       │
15 │~                                       │
16 │~                                       │
17 │~                                       │
18 │loot.py               2,1            All│
19 │                             "b         │
    ────────────────────────────────────────

[KEYS] 'yy'
[OVERLAY] yy  yank line

              1         2         3         
    0123456789012345678901234567890123456789
    ────────────────────────────────────────
 0 │sword = "Excalibur"                     │
 1 │shield = "Aegis"                        │ ◂ cursor (1,0)
 2 │potion = "Elixir"                       │
 3 │                                        │
 4 │# Loadout:                              │
 5 │weapon = ""                             │
 6 │armor = ""                              │
 7 │heal = ""                               │
 8 │~                                       │
 9 │~                                       │
10 │~                                       │
11 │~                                       │
12 │~                                       │
13 │~                                       │
14 │~                                       │
15 │~                                       │
16 │~                                       │
17 │~                                       │
18 │loot.py               2,1            All│
    ────────────────────────────────────────

[SAY] Register B has the shield.
[SAY] Now go to the loadout section and paste. Quote A P pastes from register A.
[KEYS] '4j'
[OVERLAY] 4j

              1         2         3         
    0123456789012345678901234567890123456789
    ────────────────────────────────────────
 0 │sword = "Excalibur"                     │
 1 │shield = "Aegis"                        │
 2 │potion = "Elixir"                       │
 3 │                                        │
 4 │# Loadout:                              │
 5 │weapon = ""                             │ ◂ cursor (5,0)
 6 │armor = ""                              │
 7 │heal = ""                               │
 8 │~                                       │
 9 │~                                       │
10 │~                                       │
11 │~                                       │
12 │~                                       │
13 │~                                       │
14 │~                                       │
15 │~                                       │
16 │~                                       │
17 │~                                       │
18 │loot.py               6,1            All│
    ────────────────────────────────────────

[KEYS] '"'
[OVERLAY] ⇧"  register

              1         2         3         
    0123456789012345678901234567890123456789
    ────────────────────────────────────────
 0 │sword = "Excalibur"                     │
 1 │shield = "Aegis"                        │
 2 │potion = "Elixir"                       │
 3 │                                        │
 4 │# Loadout:                              │
 5 │weapon = ""                             │ ◂ cursor (5,0)
 6 │armor = ""                              │
 7 │heal = ""                               │
 8 │~                                       │
 9 │~                                       │
10 │~                                       │
11 │~                                       │
12 │~                                       │
13 │~                                       │
14 │~                                       │
15 │~                                       │
16 │~                                       │
17 │~                                       │
18 │loot.py               6,1            All│
19 │                             "          │
    ────────────────────────────────────────

[KEYS] 'a'
[OVERLAY] a  register a

              1         2         3         
    0123456789012345678901234567890123456789
    ────────────────────────────────────────
 0 │sword = "Excalibur"                     │
 1 │shield = "Aegis"                        │
 2 │potion = "Elixir"                       │
 3 │                                        │
 4 │# Loadout:                              │
 5 │weapon = ""                             │ ◂ cursor (5,0)
 6 │armor = ""                              │
 7 │heal = ""                               │
 8 │~                                       │
 9 │~                                       │
10 │~                                       │
11 │~                                       │
12 │~                                       │
13 │~                                       │
14 │~                                       │
15 │~                                       │
16 │~                                       │
17 │~                                       │
18 │loot.py               6,1            All│
19 │                             "a         │
    ────────────────────────────────────────

[KEYS] 'p'
[OVERLAY] p  paste

              1         2         3         
    0123456789012345678901234567890123456789
    ────────────────────────────────────────
 0 │sword = "Excalibur"                     │
 1 │shield = "Aegis"                        │
 2 │potion = "Elixir"                       │
 3 │                                        │
 4 │# Loadout:                              │
 5 │weapon = ""                             │
 6 │sword = "Excalibur"                     │ ◂ cursor (6,0)
 7 │armor = ""                              │
 8 │heal = ""                               │
 9 │~                                       │
10 │~                                       │
11 │~                                       │
12 │~                                       │
13 │~                                       │
14 │~                                       │
15 │~                                       │
16 │~                                       │
17 │~                                       │
18 │loot.py [+]           7,1            All│
    ────────────────────────────────────────

[SAY] The sword line from register A.
[SAY] Quote B P for the shield.
[KEYS] '"'
[OVERLAY] ⇧"  register

              1         2         3         
    0123456789012345678901234567890123456789
    ────────────────────────────────────────
 0 │sword = "Excalibur"                     │
 1 │shield = "Aegis"                        │
 2 │potion = "Elixir"                       │
 3 │                                        │
 4 │# Loadout:                              │
 5 │weapon = ""                             │
 6 │sword = "Excalibur"                     │ ◂ cursor (6,0)
 7 │armor = ""                              │
 8 │heal = ""                               │
 9 │~                                       │
10 │~                                       │
11 │~                                       │
12 │~                                       │
13 │~                                       │
14 │~                                       │
15 │~                                       │
16 │~                                       │
17 │~                                       │
18 │loot.py [+]           7,1            All│
19 │                             "          │
    ────────────────────────────────────────

[KEYS] 'b'
[OVERLAY] b  register b

              1         2         3         
    0123456789012345678901234567890123456789
    ────────────────────────────────────────
 0 │sword = "Excalibur"                     │
 1 │shield = "Aegis"                        │
 2 │potion = "Elixir"                       │
 3 │                                        │
 4 │# Loadout:                              │
 5 │weapon = ""                             │
 6 │sword = "Excalibur"                     │ ◂ cursor (6,0)
 7 │armor = ""                              │
 8 │heal = ""                               │
 9 │~                                       │
10 │~                                       │
11 │~                                       │
12 │~                                       │
13 │~                                       │
14 │~                                       │
15 │~                                       │
16 │~                                       │
17 │~                                       │
18 │loot.py [+]           7,1            All│
19 │                             "b         │
    ────────────────────────────────────────

[KEYS] 'p'
[OVERLAY] p  paste

              1         2         3         
    0123456789012345678901234567890123456789
    ────────────────────────────────────────
 0 │sword = "Excalibur"                     │
 1 │shield = "Aegis"                        │
 2 │potion = "Elixir"                       │
 3 │                                        │
 4 │# Loadout:                              │
 5 │weapon = ""                             │
 6 │sword = "Excalibur"                     │
 7 │shield = "Aegis"                        │ ◂ cursor (7,0)
 8 │armor = ""                              │
 9 │heal = ""                               │
10 │~                                       │
11 │~                                       │
12 │~                                       │
13 │~                                       │
14 │~                                       │
15 │~                                       │
16 │~                                       │
17 │~                                       │
18 │loot.py [+]           8,1            All│
    ────────────────────────────────────────

[SAY] Both items pasted. Each register kept its own contents.
[SAY] Named registers. Store multiple yanks without losing them. Quote, letter, command.