[RECORDING_START] Screen state at recording start:

              1         2         3         
    0123456789012345678901234567890123456789
    ────────────────────────────────────────
 0 │  1 line 1 — apple                      │ ◂ cursor (0,4)
 1 │  2 line 2 — banana                     │
 2 │  3 line 3 — cherry                     │
 3 │  4 line 4 — date                       │
 4 │  5 line 5 — elderberry                 │
 5 │  6 line 6 — fig                        │
 6 │  7 line 7 — grape                      │
 7 │  8 line 8 — honeydew                   │
 8 │~                                       │
 9 │~                                       │
10 │~                                       │
11 │~                                       │
12 │~                                       │
13 │~                                       │
14 │~                                       │
15 │~                                       │
16 │~                                       │
17 │~                                       │
18 │words.txt             1,1            All│
    ────────────────────────────────────────

[OVERLAY] VimFu — :[range]y {reg}
[SAY] Add a register letter after Y to yank into a named register. This lets you save multiple yanks at once.
[SAY] Colon two comma three y a. Yank lines two and three into register A.
[TYPE] ':2,3y a'

              1         2         3         
    0123456789012345678901234567890123456789
    ────────────────────────────────────────
 0 │  1 line 1 — apple                      │
 1 │  2 line 2 — banana                     │
 2 │  3 line 3 — cherry                     │
 3 │  4 line 4 — date                       │
 4 │  5 line 5 — elderberry                 │
 5 │  6 line 6 — fig                        │
 6 │  7 line 7 — grape                      │
 7 │  8 line 8 — honeydew                   │
 8 │~                                       │
 9 │~                                       │
10 │~                                       │
11 │~                                       │
12 │~                                       │
13 │~                                       │
14 │~                                       │
15 │~                                       │
16 │~                                       │
17 │~                                       │
18 │words.txt             1,1            All│
19 │:2,3y a                                 │ ◂ cursor (19,7)
    ────────────────────────────────────────

[ENTER]

              1         2         3         
    0123456789012345678901234567890123456789
    ────────────────────────────────────────
 0 │  1 line 1 — apple                      │ ◂ cursor (0,4)
 1 │  2 line 2 — banana                     │
 2 │  3 line 3 — cherry                     │
 3 │  4 line 4 — date                       │
 4 │  5 line 5 — elderberry                 │
 5 │  6 line 6 — fig                        │
 6 │  7 line 7 — grape                      │
 7 │  8 line 8 — honeydew                   │
 8 │~                                       │
 9 │~                                       │
10 │~                                       │
11 │~                                       │
12 │~                                       │
13 │~                                       │
14 │~                                       │
15 │~                                       │
16 │~                                       │
17 │~                                       │
18 │words.txt             1,1            All│
19 │:2,3y a                                 │
    ────────────────────────────────────────

[SAY] Colon six comma seven y b. Yank lines six and seven into register B.
[TYPE] ':6,7y b'

              1         2         3         
    0123456789012345678901234567890123456789
    ────────────────────────────────────────
 0 │  1 line 1 — apple                      │
 1 │  2 line 2 — banana                     │
 2 │  3 line 3 — cherry                     │
 3 │  4 line 4 — date                       │
 4 │  5 line 5 — elderberry                 │
 5 │  6 line 6 — fig                        │
 6 │  7 line 7 — grape                      │
 7 │  8 line 8 — honeydew                   │
 8 │~                                       │
 9 │~                                       │
10 │~                                       │
11 │~                                       │
12 │~                                       │
13 │~                                       │
14 │~                                       │
15 │~                                       │
16 │~                                       │
17 │~                                       │
18 │words.txt             1,1            All│
19 │:6,7y b                                 │ ◂ cursor (19,7)
    ────────────────────────────────────────

[ENTER]

              1         2         3         
    0123456789012345678901234567890123456789
    ────────────────────────────────────────
 0 │  1 line 1 — apple                      │ ◂ cursor (0,4)
 1 │  2 line 2 — banana                     │
 2 │  3 line 3 — cherry                     │
 3 │  4 line 4 — date                       │
 4 │  5 line 5 — elderberry                 │
 5 │  6 line 6 — fig                        │
 6 │  7 line 7 — grape                      │
 7 │  8 line 8 — honeydew                   │
 8 │~                                       │
 9 │~                                       │
10 │~                                       │
11 │~                                       │
12 │~                                       │
13 │~                                       │
14 │~                                       │
15 │~                                       │
16 │~                                       │
17 │~                                       │
18 │words.txt             1,1            All│
19 │:6,7y b                                 │
    ────────────────────────────────────────

[SAY] Go to the end. Paste register A, then register B.
[KEYS] 'G'
[OVERLAY] ⇧G  go to end

              1         2         3         
    0123456789012345678901234567890123456789
    ────────────────────────────────────────
 0 │  1 line 1 — apple                      │
 1 │  2 line 2 — banana                     │
 2 │  3 line 3 — cherry                     │
 3 │  4 line 4 — date                       │
 4 │  5 line 5 — elderberry                 │
 5 │  6 line 6 — fig                        │
 6 │  7 line 7 — grape                      │
 7 │  8 line 8 — honeydew                   │ ◂ cursor (7,4)
 8 │~                                       │
 9 │~                                       │
10 │~                                       │
11 │~                                       │
12 │~                                       │
13 │~                                       │
14 │~                                       │
15 │~                                       │
16 │~                                       │
17 │~                                       │
18 │words.txt             8,1            All│
19 │:6,7y b                                 │
    ────────────────────────────────────────

[KEYS] '"ap'
[OVERLAY] "ap  "ap paste reg a

              1         2         3         
    0123456789012345678901234567890123456789
    ────────────────────────────────────────
 0 │  1 line 1 — apple                      │
 1 │  2 line 2 — banana                     │
 2 │  3 line 3 — cherry                     │
 3 │  4 line 4 — date                       │
 4 │  5 line 5 — elderberry                 │
 5 │  6 line 6 — fig                        │
 6 │  7 line 7 — grape                      │
 7 │  8 line 8 — honeydew                   │
 8 │  9 line 2 — banana                     │ ◂ cursor (8,4)
 9 │ 10 line 3 — cherry                     │
10 │~                                       │
11 │~                                       │
12 │~                                       │
13 │~                                       │
14 │~                                       │
15 │~                                       │
16 │~                                       │
17 │~                                       │
18 │words.txt [+]         9,1            All│
19 │:6,7y b                                 │
    ────────────────────────────────────────

[KEYS] '"bp'
[OVERLAY] "bp  "bp paste reg b

              1         2         3         
    0123456789012345678901234567890123456789
    ────────────────────────────────────────
 0 │  1 line 1 — apple                      │
 1 │  2 line 2 — banana                     │
 2 │  3 line 3 — cherry                     │
 3 │  4 line 4 — date                       │
 4 │  5 line 5 — elderberry                 │
 5 │  6 line 6 — fig                        │
 6 │  7 line 7 — grape                      │
 7 │  8 line 8 — honeydew                   │
 8 │  9 line 2 — banana                     │
 9 │ 10 line 6 — fig                        │ ◂ cursor (9,4)
10 │ 11 line 7 — grape                      │
11 │ 12 line 3 — cherry                     │
12 │~                                       │
13 │~                                       │
14 │~                                       │
15 │~                                       │
16 │~                                       │
17 │~                                       │
18 │words.txt [+]         10,1           All│
19 │:6,7y b                                 │
    ────────────────────────────────────────

[SAY] Both registers pasted independently. Named registers hold separate data.
[SAY] Colon Y with a register letter. Store yanks in named registers for later use.