[RECORDING_START] Screen state at recording start:

              1         2         3         
    0123456789012345678901234567890123456789
    ────────────────────────────────────────
 0 │hello world                             │ ◂ cursor (0,0)
 1 │    return x + y                        │
 2 │print result                            │
 3 │~                                       │
 4 │~                                       │
 5 │~                                       │
 6 │~                                       │
 7 │~                                       │
 8 │~                                       │
 9 │~                                       │
10 │~                                       │
11 │~                                       │
12 │~                                       │
13 │~                                       │
14 │~                                       │
15 │~                                       │
16 │~                                       │
17 │~                                       │
18 │line.py               1,1            All│
    ────────────────────────────────────────

[OVERLAY] VimFu — Surround the Whole Line
[SAY] Y S S wraps the entire line. The double S means line. It ignores leading whitespace.
[SAY] Cursor on line one. Y S S close paren.
[KEYS] 'yss)'
[OVERLAY] yss)  yss)

              1         2         3         
    0123456789012345678901234567890123456789
    ────────────────────────────────────────
 0 │(hello world)                           │ ◂ cursor (0,0)
 1 │    return x + y                        │
 2 │print result                            │
 3 │~                                       │
 4 │~                                       │
 5 │~                                       │
 6 │~                                       │
 7 │~                                       │
 8 │~                                       │
 9 │~                                       │
10 │~                                       │
11 │~                                       │
12 │~                                       │
13 │~                                       │
14 │~                                       │
15 │~                                       │
16 │~                                       │
17 │~                                       │
18 │line.py [+]           1,1            All│
    ────────────────────────────────────────

[SAY] The whole line is wrapped in parentheses.
[KEYS] 'u'
[OVERLAY] u  undo

              1         2         3         
    0123456789012345678901234567890123456789
    ────────────────────────────────────────
 0 │hello world                             │ ◂ cursor (0,0)
 1 │    return x + y                        │
 2 │print result                            │
 3 │~                                       │
 4 │~                                       │
 5 │~                                       │
 6 │~                                       │
 7 │~                                       │
 8 │~                                       │
 9 │~                                       │
10 │~                                       │
11 │~                                       │
12 │~                                       │
13 │~                                       │
14 │~                                       │
15 │~                                       │
16 │~                                       │
17 │~                                       │
18 │line.py               1,1            All│
19 │1 change; be...7 seconds ago            │
    ────────────────────────────────────────

[SAY] Line two has indentation. Y S S close paren.
[KEYS] 'j'
[OVERLAY] j

              1         2         3         
    0123456789012345678901234567890123456789
    ────────────────────────────────────────
 0 │hello world                             │
 1 │    return x + y                        │ ◂ cursor (1,0)
 2 │print result                            │
 3 │~                                       │
 4 │~                                       │
 5 │~                                       │
 6 │~                                       │
 7 │~                                       │
 8 │~                                       │
 9 │~                                       │
10 │~                                       │
11 │~                                       │
12 │~                                       │
13 │~                                       │
14 │~                                       │
15 │~                                       │
16 │~                                       │
17 │~                                       │
18 │line.py               2,1            All│
19 │1 change; be...7 seconds ago            │
    ────────────────────────────────────────

[KEYS] 'yss)'
[OVERLAY] yss)  yss)

              1         2         3         
    0123456789012345678901234567890123456789
    ────────────────────────────────────────
 0 │hello world                             │
 1 │    (return x + y)                      │ ◂ cursor (1,4)
 2 │print result                            │
 3 │~                                       │
 4 │~                                       │
 5 │~                                       │
 6 │~                                       │
 7 │~                                       │
 8 │~                                       │
 9 │~                                       │
10 │~                                       │
11 │~                                       │
12 │~                                       │
13 │~                                       │
14 │~                                       │
15 │~                                       │
16 │~                                       │
17 │~                                       │
18 │line.py [+]           2,5            All│
19 │1 change; be...7 seconds ago            │
    ────────────────────────────────────────

[SAY] The content is wrapped, but the indentation is preserved outside the parens.
[KEYS] 'u'
[OVERLAY] u  undo

              1         2         3         
    0123456789012345678901234567890123456789
    ────────────────────────────────────────
 0 │hello world                             │
 1 │    return x + y                        │ ◂ cursor (1,0)
 2 │print result                            │
 3 │~                                       │
 4 │~                                       │
 5 │~                                       │
 6 │~                                       │
 7 │~                                       │
 8 │~                                       │
 9 │~                                       │
10 │~                                       │
11 │~                                       │
12 │~                                       │
13 │~                                       │
14 │~                                       │
15 │~                                       │
16 │~                                       │
17 │~                                       │
18 │line.py               2,1            All│
19 │1 change; be...7 seconds ago            │
    ────────────────────────────────────────

[SAY] Y S S B is the alias. B for bracket. Same as Y S S close paren.