[RECORDING_START] Screen state at recording start:

              1         2         3         
    0123456789012345678901234567890123456789
    ────────────────────────────────────────
 0 │fire = cast("fireball", 50)             │ ◂ cursor (0,0)
 1 │ice  = cast("blizzard", 30)             │
 2 │bolt = cast("lightning", 70)            │
 3 │~                                       │
 4 │~                                       │
 5 │~                                       │
 6 │~                                       │
 7 │~                                       │
 8 │~                                       │
 9 │~                                       │
10 │~                                       │
11 │~                                       │
12 │~                                       │
13 │~                                       │
14 │~                                       │
15 │~                                       │
16 │~                                       │
17 │~                                       │
18 │spells.py             1,1            All│
    ────────────────────────────────────────

[OVERLAY] VimFu — Inner/Around Quotes
[SAY] Quote text objects let you act on the contents of a string, without touching the quotes.
[SAY] Cursor is on line one. Let's select inside the double quotes. V I quote.
[KEYS] 'vi"'
[OVERLAY] vi"

              1         2         3         
    0123456789012345678901234567890123456789
    ────────────────────────────────────────
 0 │fire = cast("fireball", 50)             │ ◂ cursor (0,20)
 1 │ice  = cast("blizzard", 30)             │
 2 │bolt = cast("lightning", 70)            │
 3 │~                                       │
 4 │~                                       │
 5 │~                                       │
 6 │~                                       │
 7 │~                                       │
 8 │~                                       │
 9 │~                                       │
10 │~                                       │
11 │~                                       │
12 │~                                       │
13 │~                                       │
14 │~                                       │
15 │~                                       │
16 │~                                       │
17 │~                                       │
18 │spells.py             1,21           All│
19 │-- VISUAL --                 8          │
    ────────────────────────────────────────
[HIGHLIGHT] row 0, cols 13-20: "firebal"

[SAY] Just 'fireball', quotes untouched. Escape.
[ESCAPE]

              1         2         3         
    0123456789012345678901234567890123456789
    ────────────────────────────────────────
 0 │fire = cast("fireball", 50)             │ ◂ cursor (0,20)
 1 │ice  = cast("blizzard", 30)             │
 2 │bolt = cast("lightning", 70)            │
 3 │~                                       │
 4 │~                                       │
 5 │~                                       │
 6 │~                                       │
 7 │~                                       │
 8 │~                                       │
 9 │~                                       │
10 │~                                       │
11 │~                                       │
12 │~                                       │
13 │~                                       │
14 │~                                       │
15 │~                                       │
16 │~                                       │
17 │~                                       │
18 │spells.py             1,21           All│
    ────────────────────────────────────────

[SAY] C I quote to change it. Let's rename this spell.
[KEYS] 'ci"'
[OVERLAY] ci"  change inner "

              1         2         3         
    0123456789012345678901234567890123456789
    ────────────────────────────────────────
 0 │fire = cast("", 50)                     │ ◂ cursor (0,13)
 1 │ice  = cast("blizzard", 30)             │
 2 │bolt = cast("lightning", 70)            │
 3 │~                                       │
 4 │~                                       │
 5 │~                                       │
 6 │~                                       │
 7 │~                                       │
 8 │~                                       │
 9 │~                                       │
10 │~                                       │
11 │~                                       │
12 │~                                       │
13 │~                                       │
14 │~                                       │
15 │~                                       │
16 │~                                       │
17 │~                                       │
18 │spells.py [+]         1,14           All│
19 │-- INSERT --                            │
    ────────────────────────────────────────

[TYPE] 'inferno'

              1         2         3         
    0123456789012345678901234567890123456789
    ────────────────────────────────────────
 0 │fire = cast("inferno", 50)              │ ◂ cursor (0,20)
 1 │ice  = cast("blizzard", 30)             │
 2 │bolt = cast("lightning", 70)            │
 3 │~                                       │
 4 │~                                       │
 5 │~                                       │
 6 │~                                       │
 7 │~                                       │
 8 │~                                       │
 9 │~                                       │
10 │~                                       │
11 │~                                       │
12 │~                                       │
13 │~                                       │
14 │~                                       │
15 │~                                       │
16 │~                                       │
17 │~                                       │
18 │spells.py [+]         1,21           All│
19 │-- INSERT --                            │
    ────────────────────────────────────────

[ESCAPE]

              1         2         3         
    0123456789012345678901234567890123456789
    ────────────────────────────────────────
 0 │fire = cast("inferno", 50)              │ ◂ cursor (0,19)
 1 │ice  = cast("blizzard", 30)             │
 2 │bolt = cast("lightning", 70)            │
 3 │~                                       │
 4 │~                                       │
 5 │~                                       │
 6 │~                                       │
 7 │~                                       │
 8 │~                                       │
 9 │~                                       │
10 │~                                       │
11 │~                                       │
12 │~                                       │
13 │~                                       │
14 │~                                       │
15 │~                                       │
16 │~                                       │
17 │~                                       │
18 │spells.py [+]         1,20           All│
    ────────────────────────────────────────

[SAY] The string replaced, quotes still there. Clean.
[SAY] Undo.
[KEYS] 'u'
[OVERLAY] u  undo

              1         2         3         
    0123456789012345678901234567890123456789
    ────────────────────────────────────────
 0 │fire = cast("fireball", 50)             │ ◂ cursor (0,13)
 1 │ice  = cast("blizzard", 30)             │
 2 │bolt = cast("lightning", 70)            │
 3 │~                                       │
 4 │~                                       │
 5 │~                                       │
 6 │~                                       │
 7 │~                                       │
 8 │~                                       │
 9 │~                                       │
10 │~                                       │
11 │~                                       │
12 │~                                       │
13 │~                                       │
14 │~                                       │
15 │~                                       │
16 │~                                       │
17 │~                                       │
18 │spells.py             1,14           All│
19 │1 change; be...6 seconds ago            │
    ────────────────────────────────────────

[SAY] Your cursor doesn't even need to be on the quote. Just anywhere on the line.
[KEYS] 'j0'
[OVERLAY] j0

              1         2         3         
    0123456789012345678901234567890123456789
    ────────────────────────────────────────
 0 │fire = cast("fireball", 50)             │
 1 │ice  = cast("blizzard", 30)             │ ◂ cursor (1,0)
 2 │bolt = cast("lightning", 70)            │
 3 │~                                       │
 4 │~                                       │
 5 │~                                       │
 6 │~                                       │
 7 │~                                       │
 8 │~                                       │
 9 │~                                       │
10 │~                                       │
11 │~                                       │
12 │~                                       │
13 │~                                       │
14 │~                                       │
15 │~                                       │
16 │~                                       │
17 │~                                       │
18 │spells.py             2,1            All│
19 │1 change; be...6 seconds ago            │
    ────────────────────────────────────────

[KEYS] 'ci"'
[OVERLAY] ci"  change inner "

              1         2         3         
    0123456789012345678901234567890123456789
    ────────────────────────────────────────
 0 │fire = cast("fireball", 50)             │
 1 │ice  = cast("", 30)                     │ ◂ cursor (1,13)
 2 │bolt = cast("lightning", 70)            │
 3 │~                                       │
 4 │~                                       │
 5 │~                                       │
 6 │~                                       │
 7 │~                                       │
 8 │~                                       │
 9 │~                                       │
10 │~                                       │
11 │~                                       │
12 │~                                       │
13 │~                                       │
14 │~                                       │
15 │~                                       │
16 │~                                       │
17 │~                                       │
18 │spells.py [+]         2,14           All│
19 │-- INSERT --                            │
    ────────────────────────────────────────

[TYPE] 'frostbite'

              1         2         3         
    0123456789012345678901234567890123456789
    ────────────────────────────────────────
 0 │fire = cast("fireball", 50)             │
 1 │ice  = cast("frostbite", 30)            │ ◂ cursor (1,22)
 2 │bolt = cast("lightning", 70)            │
 3 │~                                       │
 4 │~                                       │
 5 │~                                       │
 6 │~                                       │
 7 │~                                       │
 8 │~                                       │
 9 │~                                       │
10 │~                                       │
11 │~                                       │
12 │~                                       │
13 │~                                       │
14 │~                                       │
15 │~                                       │
16 │~                                       │
17 │~                                       │
18 │spells.py [+]         2,23           All│
19 │-- INSERT --                            │
    ────────────────────────────────────────

[ESCAPE]

              1         2         3         
    0123456789012345678901234567890123456789
    ────────────────────────────────────────
 0 │fire = cast("fireball", 50)             │
 1 │ice  = cast("frostbite", 30)            │ ◂ cursor (1,21)
 2 │bolt = cast("lightning", 70)            │
 3 │~                                       │
 4 │~                                       │
 5 │~                                       │
 6 │~                                       │
 7 │~                                       │
 8 │~                                       │
 9 │~                                       │
10 │~                                       │
11 │~                                       │
12 │~                                       │
13 │~                                       │
14 │~                                       │
15 │~                                       │
16 │~                                       │
17 │~                                       │
18 │spells.py [+]         2,22           All│
    ────────────────────────────────────────

[SAY] Vim finds the nearest quotes automatically.
[SAY] Undo.
[KEYS] 'u'
[OVERLAY] u  undo

              1         2         3         
    0123456789012345678901234567890123456789
    ────────────────────────────────────────
 0 │fire = cast("fireball", 50)             │
 1 │ice  = cast("blizzard", 30)             │ ◂ cursor (1,13)
 2 │bolt = cast("lightning", 70)            │
 3 │~                                       │
 4 │~                                       │
 5 │~                                       │
 6 │~                                       │
 7 │~                                       │
 8 │~                                       │
 9 │~                                       │
10 │~                                       │
11 │~                                       │
12 │~                                       │
13 │~                                       │
14 │~                                       │
15 │~                                       │
16 │~                                       │
17 │~                                       │
18 │spells.py             2,14           All│
19 │1 change; be...6 seconds ago            │
    ────────────────────────────────────────

[SAY] D A quote deletes the quotes too.
[KEYS] 'j0'
[OVERLAY] j0

              1         2         3         
    0123456789012345678901234567890123456789
    ────────────────────────────────────────
 0 │fire = cast("fireball", 50)             │
 1 │ice  = cast("blizzard", 30)             │
 2 │bolt = cast("lightning", 70)            │ ◂ cursor (2,0)
 3 │~                                       │
 4 │~                                       │
 5 │~                                       │
 6 │~                                       │
 7 │~                                       │
 8 │~                                       │
 9 │~                                       │
10 │~                                       │
11 │~                                       │
12 │~                                       │
13 │~                                       │
14 │~                                       │
15 │~                                       │
16 │~                                       │
17 │~                                       │
18 │spells.py             3,1            All│
19 │1 change; be...6 seconds ago            │
    ────────────────────────────────────────

[KEYS] 'da"'
[OVERLAY] da"  delete around "

              1         2         3         
    0123456789012345678901234567890123456789
    ────────────────────────────────────────
 0 │fire = cast("fireball", 50)             │
 1 │ice  = cast("blizzard", 30)             │
 2 │bolt = cast(, 70)                       │ ◂ cursor (2,12)
 3 │~                                       │
 4 │~                                       │
 5 │~                                       │
 6 │~                                       │
 7 │~                                       │
 8 │~                                       │
 9 │~                                       │
10 │~                                       │
11 │~                                       │
12 │~                                       │
13 │~                                       │
14 │~                                       │
15 │~                                       │
16 │~                                       │
17 │~                                       │
18 │spells.py [+]         3,13           All│
19 │1 change; be...6 seconds ago            │
    ────────────────────────────────────────

[SAY] Gone, including the quote marks.
[SAY] Undo.
[KEYS] 'u'
[OVERLAY] u  undo

              1         2         3         
    0123456789012345678901234567890123456789
    ────────────────────────────────────────
 0 │fire = cast("fireball", 50)             │
 1 │ice  = cast("blizzard", 30)             │
 2 │bolt = cast("lightning", 70)            │ ◂ cursor (2,12)
 3 │~                                       │
 4 │~                                       │
 5 │~                                       │
 6 │~                                       │
 7 │~                                       │
 8 │~                                       │
 9 │~                                       │
10 │~                                       │
11 │~                                       │
12 │~                                       │
13 │~                                       │
14 │~                                       │
15 │~                                       │
16 │~                                       │
17 │~                                       │
18 │spells.py             3,13           All│
19 │1 change; be...4 seconds ago            │
    ────────────────────────────────────────

[SAY] I quote for the contents. A quote for contents plus quotes. Works with single quotes and backticks too.