[RECORDING_START] Screen state at recording start:

              1         2         3         
    0123456789012345678901234567890123456789
    ────────────────────────────────────────
 0 │print(msg1)                             │ ◂ cursor (0,0)
 1 │print(msg2)                             │
 2 │print(msg3)                             │
 3 │print(msg4)                             │
 4 │print(msg5)                             │
 5 │~                                       │
 6 │~                                       │
 7 │~                                       │
 8 │~                                       │
 9 │~                                       │
10 │~                                       │
11 │~                                       │
12 │~                                       │
13 │~                                       │
14 │~                                       │
15 │~                                       │
16 │~                                       │
17 │~                                       │
18 │log.py                1,1            All│
    ────────────────────────────────────────

[OVERLAY] VimFu — Repeat Last Macro
[SAY] At at replays the last macro you ran. No register name needed.
[SAY] Record a macro. Change print to log. Q A.
[KEYS] 'q'
[OVERLAY] q  record macro

              1         2         3         
    0123456789012345678901234567890123456789
    ────────────────────────────────────────
 0 │print(msg1)                             │ ◂ cursor (0,0)
 1 │print(msg2)                             │
 2 │print(msg3)                             │
 3 │print(msg4)                             │
 4 │print(msg5)                             │
 5 │~                                       │
 6 │~                                       │
 7 │~                                       │
 8 │~                                       │
 9 │~                                       │
10 │~                                       │
11 │~                                       │
12 │~                                       │
13 │~                                       │
14 │~                                       │
15 │~                                       │
16 │~                                       │
17 │~                                       │
18 │log.py                1,1            All│
19 │                             q          │
    ────────────────────────────────────────

[KEYS] 'a'
[OVERLAY] a  register a

              1         2         3         
    0123456789012345678901234567890123456789
    ────────────────────────────────────────
 0 │print(msg1)                             │ ◂ cursor (0,0)
 1 │print(msg2)                             │
 2 │print(msg3)                             │
 3 │print(msg4)                             │
 4 │print(msg5)                             │
 5 │~                                       │
 6 │~                                       │
 7 │~                                       │
 8 │~                                       │
 9 │~                                       │
10 │~                                       │
11 │~                                       │
12 │~                                       │
13 │~                                       │
14 │~                                       │
15 │~                                       │
16 │~                                       │
17 │~                                       │
18 │log.py                1,1            All│
19 │recording @a                            │
    ────────────────────────────────────────

[KEYS] 'cw'
[OVERLAY] cw  change word

              1         2         3         
    0123456789012345678901234567890123456789
    ────────────────────────────────────────
 0 │(msg1)                                  │ ◂ cursor (0,0)
 1 │print(msg2)                             │
 2 │print(msg3)                             │
 3 │print(msg4)                             │
 4 │print(msg5)                             │
 5 │~                                       │
 6 │~                                       │
 7 │~                                       │
 8 │~                                       │
 9 │~                                       │
10 │~                                       │
11 │~                                       │
12 │~                                       │
13 │~                                       │
14 │~                                       │
15 │~                                       │
16 │~                                       │
17 │~                                       │
18 │log.py [+]            1,1            All│
19 │-- INSERT --recording @a                │
    ────────────────────────────────────────

[TYPE] 'log'

              1         2         3         
    0123456789012345678901234567890123456789
    ────────────────────────────────────────
 0 │log(msg1)                               │ ◂ cursor (0,3)
 1 │print(msg2)                             │
 2 │print(msg3)                             │
 3 │print(msg4)                             │
 4 │print(msg5)                             │
 5 │~                                       │
 6 │~                                       │
 7 │~                                       │
 8 │~                                       │
 9 │~                                       │
10 │~                                       │
11 │~                                       │
12 │~                                       │
13 │~                                       │
14 │~                                       │
15 │~                                       │
16 │~                                       │
17 │~                                       │
18 │log.py [+]            1,4            All│
19 │-- INSERT --recording @a                │
    ────────────────────────────────────────

[ESCAPE]

              1         2         3         
    0123456789012345678901234567890123456789
    ────────────────────────────────────────
 0 │log(msg1)                               │ ◂ cursor (0,2)
 1 │print(msg2)                             │
 2 │print(msg3)                             │
 3 │print(msg4)                             │
 4 │print(msg5)                             │
 5 │~                                       │
 6 │~                                       │
 7 │~                                       │
 8 │~                                       │
 9 │~                                       │
10 │~                                       │
11 │~                                       │
12 │~                                       │
13 │~                                       │
14 │~                                       │
15 │~                                       │
16 │~                                       │
17 │~                                       │
18 │log.py [+]            1,3            All│
19 │recording @a                            │
    ────────────────────────────────────────

[KEYS] 'j'
[OVERLAY] j  down

              1         2         3         
    0123456789012345678901234567890123456789
    ────────────────────────────────────────
 0 │log(msg1)                               │
 1 │print(msg2)                             │ ◂ cursor (1,2)
 2 │print(msg3)                             │
 3 │print(msg4)                             │
 4 │print(msg5)                             │
 5 │~                                       │
 6 │~                                       │
 7 │~                                       │
 8 │~                                       │
 9 │~                                       │
10 │~                                       │
11 │~                                       │
12 │~                                       │
13 │~                                       │
14 │~                                       │
15 │~                                       │
16 │~                                       │
17 │~                                       │
18 │log.py [+]            2,3            All│
19 │recording @a                            │
    ────────────────────────────────────────

[KEYS] '0'
[OVERLAY] 0  start of line

              1         2         3         
    0123456789012345678901234567890123456789
    ────────────────────────────────────────
 0 │log(msg1)                               │
 1 │print(msg2)                             │ ◂ cursor (1,0)
 2 │print(msg3)                             │
 3 │print(msg4)                             │
 4 │print(msg5)                             │
 5 │~                                       │
 6 │~                                       │
 7 │~                                       │
 8 │~                                       │
 9 │~                                       │
10 │~                                       │
11 │~                                       │
12 │~                                       │
13 │~                                       │
14 │~                                       │
15 │~                                       │
16 │~                                       │
17 │~                                       │
18 │log.py [+]            2,1            All│
19 │recording @a                            │
    ────────────────────────────────────────

[KEYS] 'q'
[OVERLAY] q  stop recording

              1         2         3         
    0123456789012345678901234567890123456789
    ────────────────────────────────────────
 0 │log(msg1)                               │
 1 │print(msg2)                             │ ◂ cursor (1,0)
 2 │print(msg3)                             │
 3 │print(msg4)                             │
 4 │print(msg5)                             │
 5 │~                                       │
 6 │~                                       │
 7 │~                                       │
 8 │~                                       │
 9 │~                                       │
10 │~                                       │
11 │~                                       │
12 │~                                       │
13 │~                                       │
14 │~                                       │
15 │~                                       │
16 │~                                       │
17 │~                                       │
18 │log.py [+]            2,1            All│
    ────────────────────────────────────────

[SAY] Play it. At A.
[KEYS] '@'
[OVERLAY] ⇧@  play macro

              1         2         3         
    0123456789012345678901234567890123456789
    ────────────────────────────────────────
 0 │log(msg1)                               │
 1 │print(msg2)                             │ ◂ cursor (1,0)
 2 │print(msg3)                             │
 3 │print(msg4)                             │
 4 │print(msg5)                             │
 5 │~                                       │
 6 │~                                       │
 7 │~                                       │
 8 │~                                       │
 9 │~                                       │
10 │~                                       │
11 │~                                       │
12 │~                                       │
13 │~                                       │
14 │~                                       │
15 │~                                       │
16 │~                                       │
17 │~                                       │
18 │log.py [+]            2,1            All│
19 │                             @          │
    ────────────────────────────────────────

[KEYS] 'a'
[OVERLAY] a  register a

              1         2         3         
    0123456789012345678901234567890123456789
    ────────────────────────────────────────
 0 │log(msg1)                               │
 1 │log(msg2)                               │
 2 │print(msg3)                             │ ◂ cursor (2,0)
 3 │print(msg4)                             │
 4 │print(msg5)                             │
 5 │~                                       │
 6 │~                                       │
 7 │~                                       │
 8 │~                                       │
 9 │~                                       │
10 │~                                       │
11 │~                                       │
12 │~                                       │
13 │~                                       │
14 │~                                       │
15 │~                                       │
16 │~                                       │
17 │~                                       │
18 │log.py [+]            3,1            All│
    ────────────────────────────────────────

[SAY] Good. Now repeat it. At at.
[KEYS] '@'
[OVERLAY] ⇧@  play macro

              1         2         3         
    0123456789012345678901234567890123456789
    ────────────────────────────────────────
 0 │log(msg1)                               │
 1 │log(msg2)                               │
 2 │print(msg3)                             │ ◂ cursor (2,0)
 3 │print(msg4)                             │
 4 │print(msg5)                             │
 5 │~                                       │
 6 │~                                       │
 7 │~                                       │
 8 │~                                       │
 9 │~                                       │
10 │~                                       │
11 │~                                       │
12 │~                                       │
13 │~                                       │
14 │~                                       │
15 │~                                       │
16 │~                                       │
17 │~                                       │
18 │log.py [+]            3,1            All│
19 │                             @          │
    ────────────────────────────────────────

[KEYS] '@'
[OVERLAY] ⇧@  repeat last

              1         2         3         
    0123456789012345678901234567890123456789
    ────────────────────────────────────────
 0 │log(msg1)                               │
 1 │log(msg2)                               │
 2 │log(msg3)                               │
 3 │print(msg4)                             │ ◂ cursor (3,0)
 4 │print(msg5)                             │
 5 │~                                       │
 6 │~                                       │
 7 │~                                       │
 8 │~                                       │
 9 │~                                       │
10 │~                                       │
11 │~                                       │
12 │~                                       │
13 │~                                       │
14 │~                                       │
15 │~                                       │
16 │~                                       │
17 │~                                       │
18 │log.py [+]            4,1            All│
    ────────────────────────────────────────

[SAY] Again.
[KEYS] '@'
[OVERLAY] ⇧@  play macro

              1         2         3         
    0123456789012345678901234567890123456789
    ────────────────────────────────────────
 0 │log(msg1)                               │
 1 │log(msg2)                               │
 2 │log(msg3)                               │
 3 │print(msg4)                             │ ◂ cursor (3,0)
 4 │print(msg5)                             │
 5 │~                                       │
 6 │~                                       │
 7 │~                                       │
 8 │~                                       │
 9 │~                                       │
10 │~                                       │
11 │~                                       │
12 │~                                       │
13 │~                                       │
14 │~                                       │
15 │~                                       │
16 │~                                       │
17 │~                                       │
18 │log.py [+]            4,1            All│
19 │                             @          │
    ────────────────────────────────────────

[KEYS] '@'
[OVERLAY] ⇧@  repeat last

              1         2         3         
    0123456789012345678901234567890123456789
    ────────────────────────────────────────
 0 │log(msg1)                               │
 1 │log(msg2)                               │
 2 │log(msg3)                               │
 3 │log(msg4)                               │
 4 │print(msg5)                             │ ◂ cursor (4,0)
 5 │~                                       │
 6 │~                                       │
 7 │~                                       │
 8 │~                                       │
 9 │~                                       │
10 │~                                       │
11 │~                                       │
12 │~                                       │
13 │~                                       │
14 │~                                       │
15 │~                                       │
16 │~                                       │
17 │~                                       │
18 │log.py [+]            5,1            All│
    ────────────────────────────────────────

[SAY] At at. Repeat last. No need to type the register letter every time.
[SAY] At at. Replay the last macro. Fast and easy.