[RECORDING_START] Screen state at recording start:

              1         2         3         
    0123456789012345678901234567890123456789
    ────────────────────────────────────────
 0 │Vim Configuration Guide                 │ ◂ cursor (0,0)
 1 │alpha                                   │
 2 │beta                                    │
 3 │gamma                                   │
 4 │~                                       │
 5 │~                                       │
 6 │~                                       │
 7 │~                                       │
 8 │~                                       │
 9 │~                                       │
10 │~                                       │
11 │~                                       │
12 │~                                       │
13 │~                                       │
14 │~                                       │
15 │~                                       │
16 │~                                       │
17 │~                                       │
18 │config.txt            1,1            All│
    ────────────────────────────────────────

[OVERLAY] VimFu — The vimrc / init.lua
[SAY] Every setting and mapping you've learned can live in your config file.
[SAY] Classic Vim uses `~/.vimrc`. Neovim usually uses `init.lua` in its config directory.
[SAY] Here is a tiny `init.lua`: line numbers, relative numbers, and cursorline.
[KEYS] ':'
[OVERLAY] ⇧:  command line

              1         2         3         
    0123456789012345678901234567890123456789
    ────────────────────────────────────────
 0 │Vim Configuration Guide                 │
 1 │alpha                                   │
 2 │beta                                    │
 3 │gamma                                   │
 4 │~                                       │
 5 │~                                       │
 6 │~                                       │
 7 │~                                       │
 8 │~                                       │
 9 │~                                       │
10 │~                                       │
11 │~                                       │
12 │~                                       │
13 │~                                       │
14 │~                                       │
15 │~                                       │
16 │~                                       │
17 │~                                       │
18 │config.txt            1,1            All│
19 │:                                       │ ◂ cursor (19,1)
    ────────────────────────────────────────

[TYPE] 'edit init.lua'

              1         2         3         
    0123456789012345678901234567890123456789
    ────────────────────────────────────────
 0 │Vim Configuration Guide                 │
 1 │alpha                                   │
 2 │beta                                    │
 3 │gamma                                   │
 4 │~                                       │
 5 │~                                       │
 6 │~                                       │
 7 │~                                       │
 8 │~                                       │
 9 │~                                       │
10 │~                                       │
11 │~                                       │
12 │~                                       │
13 │~                                       │
14 │~                                       │
15 │~                                       │
16 │~                                       │
17 │~                                       │
18 │config.txt            1,1            All│
19 │:edit init.lua                          │ ◂ cursor (19,14)
    ────────────────────────────────────────

[EX_READY] ':edit init.lua'

              1         2         3         
    0123456789012345678901234567890123456789
    ────────────────────────────────────────
 0 │Vim Configuration Guide                 │
 1 │alpha                                   │
 2 │beta                                    │
 3 │gamma                                   │
 4 │~                                       │
 5 │~                                       │
 6 │~                                       │
 7 │~                                       │
 8 │~                                       │
 9 │~                                       │
10 │~                                       │
11 │~                                       │
12 │~                                       │
13 │~                                       │
14 │~                                       │
15 │~                                       │
16 │~                                       │
17 │~                                       │
18 │config.txt            1,1            All│
19 │:edit init.lua                          │ ◂ cursor (19,14)
    ────────────────────────────────────────

[ENTER]

              1         2         3         
    0123456789012345678901234567890123456789
    ────────────────────────────────────────
 0 │vim.opt.number = true                   │ ◂ cursor (0,0)
 1 │vim.opt.relativenumber = true           │
 2 │vim.opt.cursorline = true               │
 3 │~                                       │
 4 │~                                       │
 5 │~                                       │
 6 │~                                       │
 7 │~                                       │
 8 │~                                       │
 9 │~                                       │
10 │~                                       │
11 │~                                       │
12 │~                                       │
13 │~                                       │
14 │~                                       │
15 │~                                       │
16 │~                                       │
17 │~                                       │
18 │init.lua              1,1            All│
19 │:edit init.lua                          │
    ────────────────────────────────────────

[SAY] Now go back to the text file. No line numbers yet.
[KEYS] ':'
[OVERLAY] ⇧:  command line

              1         2         3         
    0123456789012345678901234567890123456789
    ────────────────────────────────────────
 0 │vim.opt.number = true                   │
 1 │vim.opt.relativenumber = true           │
 2 │vim.opt.cursorline = true               │
 3 │~                                       │
 4 │~                                       │
 5 │~                                       │
 6 │~                                       │
 7 │~                                       │
 8 │~                                       │
 9 │~                                       │
10 │~                                       │
11 │~                                       │
12 │~                                       │
13 │~                                       │
14 │~                                       │
15 │~                                       │
16 │~                                       │
17 │~                                       │
18 │init.lua              1,1            All│
19 │:                                       │ ◂ cursor (19,1)
    ────────────────────────────────────────

[TYPE] 'edit config.txt'

              1         2         3         
    0123456789012345678901234567890123456789
    ────────────────────────────────────────
 0 │vim.opt.number = true                   │
 1 │vim.opt.relativenumber = true           │
 2 │vim.opt.cursorline = true               │
 3 │~                                       │
 4 │~                                       │
 5 │~                                       │
 6 │~                                       │
 7 │~                                       │
 8 │~                                       │
 9 │~                                       │
10 │~                                       │
11 │~                                       │
12 │~                                       │
13 │~                                       │
14 │~                                       │
15 │~                                       │
16 │~                                       │
17 │~                                       │
18 │init.lua              1,1            All│
19 │:edit config.txt                        │ ◂ cursor (19,16)
    ────────────────────────────────────────

[EX_READY] ':edit config.txt'

              1         2         3         
    0123456789012345678901234567890123456789
    ────────────────────────────────────────
 0 │vim.opt.number = true                   │
 1 │vim.opt.relativenumber = true           │
 2 │vim.opt.cursorline = true               │
 3 │~                                       │
 4 │~                                       │
 5 │~                                       │
 6 │~                                       │
 7 │~                                       │
 8 │~                                       │
 9 │~                                       │
10 │~                                       │
11 │~                                       │
12 │~                                       │
13 │~                                       │
14 │~                                       │
15 │~                                       │
16 │~                                       │
17 │~                                       │
18 │init.lua              1,1            All│
19 │:edit config.txt                        │ ◂ cursor (19,16)
    ────────────────────────────────────────

[ENTER]

              1         2         3         
    0123456789012345678901234567890123456789
    ────────────────────────────────────────
 0 │Vim Configuration Guide                 │ ◂ cursor (0,0)
 1 │alpha                                   │
 2 │beta                                    │
 3 │gamma                                   │
 4 │~                                       │
 5 │~                                       │
 6 │~                                       │
 7 │~                                       │
 8 │~                                       │
 9 │~                                       │
10 │~                                       │
11 │~                                       │
12 │~                                       │
13 │~                                       │
14 │~                                       │
15 │~                                       │
16 │~                                       │
17 │~                                       │
18 │config.txt            1,1            All│
19 │:edit config.txt                        │
    ────────────────────────────────────────

[SAY] Load that config with `:luafile init.lua`.
[KEYS] ':'
[OVERLAY] ⇧:  command line

              1         2         3         
    0123456789012345678901234567890123456789
    ────────────────────────────────────────
 0 │Vim Configuration Guide                 │
 1 │alpha                                   │
 2 │beta                                    │
 3 │gamma                                   │
 4 │~                                       │
 5 │~                                       │
 6 │~                                       │
 7 │~                                       │
 8 │~                                       │
 9 │~                                       │
10 │~                                       │
11 │~                                       │
12 │~                                       │
13 │~                                       │
14 │~                                       │
15 │~                                       │
16 │~                                       │
17 │~                                       │
18 │config.txt            1,1            All│
19 │:                                       │ ◂ cursor (19,1)
    ────────────────────────────────────────

[TYPE] 'luafile init.lua'

              1         2         3         
    0123456789012345678901234567890123456789
    ────────────────────────────────────────
 0 │Vim Configuration Guide                 │
 1 │alpha                                   │
 2 │beta                                    │
 3 │gamma                                   │
 4 │~                                       │
 5 │~                                       │
 6 │~                                       │
 7 │~                                       │
 8 │~                                       │
 9 │~                                       │
10 │~                                       │
11 │~                                       │
12 │~                                       │
13 │~                                       │
14 │~                                       │
15 │~                                       │
16 │~                                       │
17 │~                                       │
18 │config.txt            1,1            All│
19 │:luafile init.lua                       │ ◂ cursor (19,17)
    ────────────────────────────────────────

[EX_READY] ':luafile init.lua'

              1         2         3         
    0123456789012345678901234567890123456789
    ────────────────────────────────────────
 0 │Vim Configuration Guide                 │
 1 │alpha                                   │
 2 │beta                                    │
 3 │gamma                                   │
 4 │~                                       │
 5 │~                                       │
 6 │~                                       │
 7 │~                                       │
 8 │~                                       │
 9 │~                                       │
10 │~                                       │
11 │~                                       │
12 │~                                       │
13 │~                                       │
14 │~                                       │
15 │~                                       │
16 │~                                       │
17 │~                                       │
18 │config.txt            1,1            All│
19 │:luafile init.lua                       │ ◂ cursor (19,17)
    ────────────────────────────────────────

[ENTER]

              1         2         3         
    0123456789012345678901234567890123456789
    ────────────────────────────────────────
 0 │1   Vim Configuration Guide             │ ◂ cursor (0,4)
 1 │  1 alpha                               │
 2 │  2 beta                                │
 3 │  3 gamma                               │
 4 │~                                       │
 5 │~                                       │
 6 │~                                       │
 7 │~                                       │
 8 │~                                       │
 9 │~                                       │
10 │~                                       │
11 │~                                       │
12 │~                                       │
13 │~                                       │
14 │~                                       │
15 │~                                       │
16 │~                                       │
17 │~                                       │
18 │config.txt            1,1            All│
19 │:luafile init.lua                       │
    ────────────────────────────────────────
[HIGHLIGHT] row 0, cols 0-4: "1"
[HIGHLIGHT] row 0, cols 5-39: "im Configuration Guide"

[SAY] Now the config visibly changed the editor: line numbers and relative numbers are on. Your startup config makes those choices permanent.