[RECORDING_START] Screen state at recording start:

              1         2         3         
    0123456789012345678901234567890123456789
    ────────────────────────────────────────
 0 │We really need to ship this.            │ ◂ cursor (0,0)
 1 │It was very easy to fix.                │
 2 │Never hardcode passwords here.          │
 3 │Always sanitize form data.              │
 4 │~                                       │
 5 │~                                       │
 6 │~                                       │
 7 │~                                       │
 8 │~                                       │
 9 │~                                       │
10 │~                                       │
11 │~                                       │
12 │~                                       │
13 │~                                       │
14 │~                                       │
15 │~                                       │
16 │~                                       │
17 │~                                       │
18 │rules.txt             1,1            All│
    ────────────────────────────────────────

[OVERLAY] VimFu — zw — Mark Word Incorrect
[SAY] Z W marks a word as incorrect. Even if the dictionary thinks it's fine, you can flag it.
[SAY] The word really is valid English. But style guides ban it as a filler. Z W to flag it.
[KEYS] 'w'
[OVERLAY] w  to really

              1         2         3         
    0123456789012345678901234567890123456789
    ────────────────────────────────────────
 0 │We really need to ship this.            │ ◂ cursor (0,3)
 1 │It was very easy to fix.                │
 2 │Never hardcode passwords here.          │
 3 │Always sanitize form data.              │
 4 │~                                       │
 5 │~                                       │
 6 │~                                       │
 7 │~                                       │
 8 │~                                       │
 9 │~                                       │
10 │~                                       │
11 │~                                       │
12 │~                                       │
13 │~                                       │
14 │~                                       │
15 │~                                       │
16 │~                                       │
17 │~                                       │
18 │rules.txt             1,4            All│
    ────────────────────────────────────────

[KEYS] 'zw'
[OVERLAY] zw  mark incorrect

              1         2         3         
    0123456789012345678901234567890123456789
    ────────────────────────────────────────
 0 │We really need to ship this.            │ ◂ cursor (0,3)
 1 │It was very easy to fix.                │
 2 │Never hardcode passwords here.          │
 3 │Always sanitize form data.              │
 4 │~                                       │
 5 │~                                       │
 6 │~                                       │
 7 │~                                       │
 8 │~                                       │
 9 │~                                       │
10 │~                                       │
11 │~                                       │
12 │~                                       │
13 │~                                       │
14 │~                                       │
15 │~                                       │
16 │~                                       │
17 │~                                       │
18 │rules.txt             1,4            All│
19 │Word 'really...mfu-spell.add            │
    ────────────────────────────────────────

[SAY] Now really is highlighted as misspelled. Your personal style rule.
[SAY] Flag very too.
[KEYS] 'j02w'
[OVERLAY] j02w  to very

              1         2         3         
    0123456789012345678901234567890123456789
    ────────────────────────────────────────
 0 │We really need to ship this.            │
 1 │It was very easy to fix.                │ ◂ cursor (1,7)
 2 │Never hardcode passwords here.          │
 3 │Always sanitize form data.              │
 4 │~                                       │
 5 │~                                       │
 6 │~                                       │
 7 │~                                       │
 8 │~                                       │
 9 │~                                       │
10 │~                                       │
11 │~                                       │
12 │~                                       │
13 │~                                       │
14 │~                                       │
15 │~                                       │
16 │~                                       │
17 │~                                       │
18 │rules.txt             2,8            All│
19 │Word 'really...mfu-spell.add            │
    ────────────────────────────────────────

[KEYS] 'zw'
[OVERLAY] zw  mark incorrect

              1         2         3         
    0123456789012345678901234567890123456789
    ────────────────────────────────────────
 0 │We really need to ship this.            │
 1 │It was very easy to fix.                │ ◂ cursor (1,7)
 2 │Never hardcode passwords here.          │
 3 │Always sanitize form data.              │
 4 │~                                       │
 5 │~                                       │
 6 │~                                       │
 7 │~                                       │
 8 │~                                       │
 9 │~                                       │
10 │~                                       │
11 │~                                       │
12 │~                                       │
13 │~                                       │
14 │~                                       │
15 │~                                       │
16 │~                                       │
17 │~                                       │
18 │rules.txt             2,8            All│
19 │Word 'very' ...mfu-spell.add            │
    ────────────────────────────────────────

[SAY] Very is flagged. Vim will highlight it every time you open a file.
[SAY] Z W. Mark words as bad. The opposite of Z G. Build your own banned word list.