[RECORDING_START] Screen state at recording start:

              1         2         3         
    0123456789012345678901234567890123456789
    ────────────────────────────────────────
 0 │  1 line 1 — alpha                      │ ◂ cursor (0,4)
 1 │  2 line 2 — bravo                      │
 2 │  3 line 3 — charlie                    │
 3 │  4 line 4 — delta                      │
 4 │  5 line 5 — echo                       │
 5 │  6 line 6 — foxtrot                    │
 6 │  7 line 7 — golf                       │
 7 │  8 line 8 — hotel                      │
 8 │  9 line 9 — india                      │
 9 │ 10 line 10 — juliet                    │
10 │ 11 line 11 — kilo                      │
11 │ 12 line 12 — lima                      │
12 │~                                       │
13 │~                                       │
14 │~                                       │
15 │~                                       │
16 │~                                       │
17 │~                                       │
18 │data.txt              1,1            All│
    ────────────────────────────────────────

[OVERLAY] VimFu — The Current Line — Dot
[SAY] In Ex commands, the dot means the current line. Whatever line the cursor is on.
[SAY] Move to line five.
[TYPE] ':5'

              1         2         3         
    0123456789012345678901234567890123456789
    ────────────────────────────────────────
 0 │  1 line 1 — alpha                      │
 1 │  2 line 2 — bravo                      │
 2 │  3 line 3 — charlie                    │
 3 │  4 line 4 — delta                      │
 4 │  5 line 5 — echo                       │
 5 │  6 line 6 — foxtrot                    │
 6 │  7 line 7 — golf                       │
 7 │  8 line 8 — hotel                      │
 8 │  9 line 9 — india                      │
 9 │ 10 line 10 — juliet                    │
10 │ 11 line 11 — kilo                      │
11 │ 12 line 12 — lima                      │
12 │~                                       │
13 │~                                       │
14 │~                                       │
15 │~                                       │
16 │~                                       │
17 │~                                       │
18 │data.txt              1,1            All│
19 │:5                                      │ ◂ cursor (19,2)
    ────────────────────────────────────────

[ENTER]

              1         2         3         
    0123456789012345678901234567890123456789
    ────────────────────────────────────────
 0 │  1 line 1 — alpha                      │
 1 │  2 line 2 — bravo                      │
 2 │  3 line 3 — charlie                    │
 3 │  4 line 4 — delta                      │
 4 │  5 line 5 — echo                       │ ◂ cursor (4,4)
 5 │  6 line 6 — foxtrot                    │
 6 │  7 line 7 — golf                       │
 7 │  8 line 8 — hotel                      │
 8 │  9 line 9 — india                      │
 9 │ 10 line 10 — juliet                    │
10 │ 11 line 11 — kilo                      │
11 │ 12 line 12 — lima                      │
12 │~                                       │
13 │~                                       │
14 │~                                       │
15 │~                                       │
16 │~                                       │
17 │~                                       │
18 │data.txt              5,1            All│
19 │:5                                      │
    ────────────────────────────────────────

[SAY] Now type colon dot d. Delete the current line.
[TYPE] ':.d'

              1         2         3         
    0123456789012345678901234567890123456789
    ────────────────────────────────────────
 0 │  1 line 1 — alpha                      │
 1 │  2 line 2 — bravo                      │
 2 │  3 line 3 — charlie                    │
 3 │  4 line 4 — delta                      │
 4 │  5 line 5 — echo                       │
 5 │  6 line 6 — foxtrot                    │
 6 │  7 line 7 — golf                       │
 7 │  8 line 8 — hotel                      │
 8 │  9 line 9 — india                      │
 9 │ 10 line 10 — juliet                    │
10 │ 11 line 11 — kilo                      │
11 │ 12 line 12 — lima                      │
12 │~                                       │
13 │~                                       │
14 │~                                       │
15 │~                                       │
16 │~                                       │
17 │~                                       │
18 │data.txt              5,1            All│
19 │:.d                                     │ ◂ cursor (19,3)
    ────────────────────────────────────────

[ENTER]

              1         2         3         
    0123456789012345678901234567890123456789
    ────────────────────────────────────────
 0 │  1 line 1 — alpha                      │
 1 │  2 line 2 — bravo                      │
 2 │  3 line 3 — charlie                    │
 3 │  4 line 4 — delta                      │
 4 │  5 line 6 — foxtrot                    │ ◂ cursor (4,4)
 5 │  6 line 7 — golf                       │
 6 │  7 line 8 — hotel                      │
 7 │  8 line 9 — india                      │
 8 │  9 line 10 — juliet                    │
 9 │ 10 line 11 — kilo                      │
10 │ 11 line 12 — lima                      │
11 │~                                       │
12 │~                                       │
13 │~                                       │
14 │~                                       │
15 │~                                       │
16 │~                                       │
17 │~                                       │
18 │data.txt [+]          5,1            All│
19 │:.d                                     │
    ────────────────────────────────────────

[SAY] Line five is gone. The dot referred to whatever line the cursor was on.
[SAY] Undo to bring it back.
[KEYS] 'u'
[OVERLAY] u  undo

              1         2         3         
    0123456789012345678901234567890123456789
    ────────────────────────────────────────
 0 │  1 line 1 — alpha                      │
 1 │  2 line 2 — bravo                      │
 2 │  3 line 3 — charlie                    │
 3 │  4 line 4 — delta                      │
 4 │  5 line 5 — echo                       │ ◂ cursor (4,4)
 5 │  6 line 6 — foxtrot                    │
 6 │  7 line 7 — golf                       │
 7 │  8 line 8 — hotel                      │
 8 │  9 line 9 — india                      │
 9 │ 10 line 10 — juliet                    │
10 │ 11 line 11 — kilo                      │
11 │ 12 line 12 — lima                      │
12 │~                                       │
13 │~                                       │
14 │~                                       │
15 │~                                       │
16 │~                                       │
17 │~                                       │
18 │data.txt              5,1            All│
19 │1 more line;...8 seconds ago            │
    ────────────────────────────────────────

[SAY] Dot also works in ranges. Colon dot comma dot plus three d. Delete from here to three lines below.
[TYPE] ':.,.+3d'

              1         2         3         
    0123456789012345678901234567890123456789
    ────────────────────────────────────────
 0 │  1 line 1 — alpha                      │
 1 │  2 line 2 — bravo                      │
 2 │  3 line 3 — charlie                    │
 3 │  4 line 4 — delta                      │
 4 │  5 line 5 — echo                       │
 5 │  6 line 6 — foxtrot                    │
 6 │  7 line 7 — golf                       │
 7 │  8 line 8 — hotel                      │
 8 │  9 line 9 — india                      │
 9 │ 10 line 10 — juliet                    │
10 │ 11 line 11 — kilo                      │
11 │ 12 line 12 — lima                      │
12 │~                                       │
13 │~                                       │
14 │~                                       │
15 │~                                       │
16 │~                                       │
17 │~                                       │
18 │data.txt              5,1            All│
19 │:.,.+3d                                 │ ◂ cursor (19,7)
    ────────────────────────────────────────

[ENTER]

              1         2         3         
    0123456789012345678901234567890123456789
    ────────────────────────────────────────
 0 │  1 line 1 — alpha                      │
 1 │  2 line 2 — bravo                      │
 2 │  3 line 3 — charlie                    │
 3 │  4 line 4 — delta                      │
 4 │  5 line 9 — india                      │ ◂ cursor (4,4)
 5 │  6 line 10 — juliet                    │
 6 │  7 line 11 — kilo                      │
 7 │  8 line 12 — lima                      │
 8 │~                                       │
 9 │~                                       │
10 │~                                       │
11 │~                                       │
12 │~                                       │
13 │~                                       │
14 │~                                       │
15 │~                                       │
16 │~                                       │
17 │~                                       │
18 │data.txt [+]          5,1            All│
19 │4 fewer lines                           │
    ────────────────────────────────────────

[SAY] Four lines deleted. Dot meant the current line, and dot plus three meant three lines after it.
[KEYS] 'u'
[OVERLAY] u  undo

              1         2         3         
    0123456789012345678901234567890123456789
    ────────────────────────────────────────
 0 │  1 line 1 — alpha                      │
 1 │  2 line 2 — bravo                      │
 2 │  3 line 3 — charlie                    │
 3 │  4 line 4 — delta                      │
 4 │  5 line 5 — echo                       │ ◂ cursor (4,4)
 5 │  6 line 6 — foxtrot                    │
 6 │  7 line 7 — golf                       │
 7 │  8 line 8 — hotel                      │
 8 │  9 line 9 — india                      │
 9 │ 10 line 10 — juliet                    │
10 │ 11 line 11 — kilo                      │
11 │ 12 line 12 — lima                      │
12 │~                                       │
13 │~                                       │
14 │~                                       │
15 │~                                       │
16 │~                                       │
17 │~                                       │
18 │data.txt              5,1            All│
19 │4 more lines...9 seconds ago            │
    ────────────────────────────────────────

[SAY] Dot equals the current line. Use it in any Ex command that takes a range.