[RECORDING_START] Screen state at recording start:

              1         2         3         
    0123456789012345678901234567890123456789
    ────────────────────────────────────────
 0 │Status Report                           │ ◂ cursor (0,0)
 1 │                                        │
 2 │Date: March 2026                        │
 3 │Team: Alpha                             │
 4 │Progress: On track                      │
 5 │~                                       │
 6 │~                                       │
 7 │~                                       │
 8 │~                                       │
 9 │~                                       │
10 │~                                       │
11 │~                                       │
12 │~                                       │
13 │~                                       │
14 │~                                       │
15 │~                                       │
16 │~                                       │
17 │~                                       │
18 │report.txt            1,1            All│
    ────────────────────────────────────────

[OVERLAY] VimFu — :sav {file} — Save As
[SAY] Colon sav saves to a new filename and switches to it. Like Save As in other editors.
[SAY] We are editing report dot T X T. Save as report V two dot T X T.
[TYPE] ':sav report_v2.txt'

              1         2         3         
    0123456789012345678901234567890123456789
    ────────────────────────────────────────
 0 │Status Report                           │
 1 │                                        │
 2 │Date: March 2026                        │
 3 │Team: Alpha                             │
 4 │Progress: On track                      │
 5 │~                                       │
 6 │~                                       │
 7 │~                                       │
 8 │~                                       │
 9 │~                                       │
10 │~                                       │
11 │~                                       │
12 │~                                       │
13 │~                                       │
14 │~                                       │
15 │~                                       │
16 │~                                       │
17 │~                                       │
18 │report.txt            1,1            All│
19 │:sav report_v2.txt                      │ ◂ cursor (19,18)
    ────────────────────────────────────────

[ENTER]

              1         2         3         
    0123456789012345678901234567890123456789
    ────────────────────────────────────────
 0 │Status Report                           │ ◂ cursor (0,0)
 1 │                                        │
 2 │Date: March 2026                        │
 3 │Team: Alpha                             │
 4 │Progress: On track                      │
 5 │~                                       │
 6 │~                                       │
 7 │~                                       │
 8 │~                                       │
 9 │~                                       │
10 │~                                       │
11 │~                                       │
12 │~                                       │
13 │~                                       │
14 │~                                       │
15 │~                                       │
16 │~                                       │
17 │~                                       │
18 │report_v2.txt         1,1            All│
19 │<.txt" [New] 5L, 63B written            │
    ────────────────────────────────────────

[SAY] Look at the status bar. We are now editing report V two. The original report dot T X T still exists on disk.
[SAY] Unlike colon W with a filename, colon sav switches you to the new file. Colon W keeps you on the original.
[SAY] Colon sav. Save as a new name and continue editing that new file.