[RECORDING_START] Screen state at recording start:

              1         2         3         
    0123456789012345678901234567890123456789
    ────────────────────────────────────────
 0 │🎮 Space Blaster v0.3                    │
 1 │───────────────────────                 │
 2 │Score:  2,450                           │
 3 │Level:  7                               │
 4 │Lives:  3                               │
 5 │Boss:   approaching...                  │
 6 │➜  vimfu                                │ ◂ cursor (6,9)
 7 │                                        │
 8 │                                        │
 9 │                                        │
10 │                                        │
11 │                                        │
12 │                                        │
13 │                                        │
14 │                                        │
15 │                                        │
16 │                                        │
17 │                                        │
18 │                                        │
19 │[0] 0:zsh*       "vimfu" 19:30 26-Feb-26│
    ────────────────────────────────────────

[OVERLAY] VimFu — Multiple Sessions
[SAY] Tmux sessions are independent workspaces. Create one per project.
[SAY] I'm working on a game. Let me create a second session for my API.
[KEYS] '\x02'
[OVERLAY] ⌃b  prefix

              1         2         3         
    0123456789012345678901234567890123456789
    ────────────────────────────────────────
 0 │🎮 Space Blaster v0.3                    │
 1 │───────────────────────                 │
 2 │Score:  2,450                           │
 3 │Level:  7                               │
 4 │Lives:  3                               │
 5 │Boss:   approaching...                  │
 6 │➜  vimfu                                │ ◂ cursor (6,9)
 7 │                                        │
 8 │                                        │
 9 │                                        │
10 │                                        │
11 │                                        │
12 │                                        │
13 │                                        │
14 │                                        │
15 │                                        │
16 │                                        │
17 │                                        │
18 │                                        │
19 │[0] 0:zsh*       "vimfu" 19:30 26-Feb-26│
    ────────────────────────────────────────

[KEYS] ':'
[OVERLAY] ⇧:  command

              1         2         3         
    0123456789012345678901234567890123456789
    ────────────────────────────────────────
 0 │🎮 Space Blaster v0.3                    │
 1 │───────────────────────                 │
 2 │Score:  2,450                           │
 3 │Level:  7                               │
 4 │Lives:  3                               │
 5 │Boss:   approaching...                  │
 6 │➜  vimfu                                │ ◂ cursor (6,9)
 7 │                                        │
 8 │                                        │
 9 │                                        │
10 │                                        │
11 │                                        │
12 │                                        │
13 │                                        │
14 │                                        │
15 │                                        │
16 │                                        │
17 │                                        │
18 │                                        │
19 │:                                       │
    ────────────────────────────────────────

[TYPE] 'new-session -s api'

              1         2         3         
    0123456789012345678901234567890123456789
    ────────────────────────────────────────
 0 │🎮 Space Blaster v0.3                    │
 1 │───────────────────────                 │
 2 │Score:  2,450                           │
 3 │Level:  7                               │
 4 │Lives:  3                               │
 5 │Boss:   approaching...                  │
 6 │➜  vimfu                                │ ◂ cursor (6,9)
 7 │                                        │
 8 │                                        │
 9 │                                        │
10 │                                        │
11 │                                        │
12 │                                        │
13 │                                        │
14 │                                        │
15 │                                        │
16 │                                        │
17 │                                        │
18 │                                        │
19 │:new-session -s api                     │
    ────────────────────────────────────────

[ENTER]

              1         2         3         
    0123456789012345678901234567890123456789
    ────────────────────────────────────────
 0 │➜  vimfu                                │ ◂ cursor (0,9)
 1 │                                        │
 2 │                                        │
 3 │                                        │
 4 │                                        │
 5 │                                        │
 6 │                                        │
 7 │                                        │
 8 │                                        │
 9 │                                        │
10 │                                        │
11 │                                        │
12 │                                        │
13 │                                        │
14 │                                        │
15 │                                        │
16 │                                        │
17 │                                        │
18 │                                        │
19 │[api] 0:zsh*     "vimfu" 19:30 26-Feb-26│
    ────────────────────────────────────────

[SAY] New session. Bottom left says api now.
[LINE] 'cd ~/vimfu && cat api_status.txt'

              1         2         3         
    0123456789012345678901234567890123456789
    ────────────────────────────────────────
 0 │➜  vimfu cd ~/vimfu && cat api_status.tx│
 1 │t                                       │
 2 │🌐 Pizza API v1.2                        │
 3 │───────────────────                     │
 4 │Uptime: 14d 3h 22m                      │
 5 │Reqs:   1,204/min                       │
 6 │Errors: 0.02%                           │
 7 │Status: healthy                         │
 8 │➜  vimfu                                │ ◂ cursor (8,9)
 9 │                                        │
10 │                                        │
11 │                                        │
12 │                                        │
13 │                                        │
14 │                                        │
15 │                                        │
16 │                                        │
17 │                                        │
18 │                                        │
19 │[api] 0:zsh*     "vimfu" 19:30 26-Feb-26│
    ────────────────────────────────────────

[SAY] Different project. Completely separate.
[SAY] Switch back to the first session.
[KEYS] '\x02'
[OVERLAY] ⌃b  prefix

              1         2         3         
    0123456789012345678901234567890123456789
    ────────────────────────────────────────
 0 │➜  vimfu cd ~/vimfu && cat api_status.tx│
 1 │t                                       │
 2 │🌐 Pizza API v1.2                        │
 3 │───────────────────                     │
 4 │Uptime: 14d 3h 22m                      │
 5 │Reqs:   1,204/min                       │
 6 │Errors: 0.02%                           │
 7 │Status: healthy                         │
 8 │➜  vimfu                                │ ◂ cursor (8,9)
 9 │                                        │
10 │                                        │
11 │                                        │
12 │                                        │
13 │                                        │
14 │                                        │
15 │                                        │
16 │                                        │
17 │                                        │
18 │                                        │
19 │[api] 0:zsh*     "vimfu" 19:30 26-Feb-26│
    ────────────────────────────────────────

[KEYS] ':'
[OVERLAY] ⇧:  command

              1         2         3         
    0123456789012345678901234567890123456789
    ────────────────────────────────────────
 0 │➜  vimfu cd ~/vimfu && cat api_status.tx│
 1 │t                                       │
 2 │🌐 Pizza API v1.2                        │
 3 │───────────────────                     │
 4 │Uptime: 14d 3h 22m                      │
 5 │Reqs:   1,204/min                       │
 6 │Errors: 0.02%                           │
 7 │Status: healthy                         │
 8 │➜  vimfu                                │ ◂ cursor (8,9)
 9 │                                        │
10 │                                        │
11 │                                        │
12 │                                        │
13 │                                        │
14 │                                        │
15 │                                        │
16 │                                        │
17 │                                        │
18 │                                        │
19 │:                                       │
    ────────────────────────────────────────

[TYPE] 'switch-client -t 0'

              1         2         3         
    0123456789012345678901234567890123456789
    ────────────────────────────────────────
 0 │➜  vimfu cd ~/vimfu && cat api_status.tx│
 1 │t                                       │
 2 │🌐 Pizza API v1.2                        │
 3 │───────────────────                     │
 4 │Uptime: 14d 3h 22m                      │
 5 │Reqs:   1,204/min                       │
 6 │Errors: 0.02%                           │
 7 │Status: healthy                         │
 8 │➜  vimfu                                │ ◂ cursor (8,9)
 9 │                                        │
10 │                                        │
11 │                                        │
12 │                                        │
13 │                                        │
14 │                                        │
15 │                                        │
16 │                                        │
17 │                                        │
18 │                                        │
19 │:switch-client -t 0                     │
    ────────────────────────────────────────

[ENTER]

              1         2         3         
    0123456789012345678901234567890123456789
    ────────────────────────────────────────
 0 │🎮 Space Blaster v0.3                    │
 1 │───────────────────────                 │
 2 │Score:  2,450                           │
 3 │Level:  7                               │
 4 │Lives:  3                               │
 5 │Boss:   approaching...                  │
 6 │➜  vimfu                                │ ◂ cursor (6,9)
 7 │                                        │
 8 │                                        │
 9 │                                        │
10 │                                        │
11 │                                        │
12 │                                        │
13 │                                        │
14 │                                        │
15 │                                        │
16 │                                        │
17 │                                        │
18 │                                        │
19 │[0] 0:zsh*       "vimfu" 19:31 26-Feb-26│
    ────────────────────────────────────────

[SAY] The game. Right where I left it.
[SAY] And back to the API.
[KEYS] '\x02'
[OVERLAY] ⌃b  prefix

              1         2         3         
    0123456789012345678901234567890123456789
    ────────────────────────────────────────
 0 │🎮 Space Blaster v0.3                    │
 1 │───────────────────────                 │
 2 │Score:  2,450                           │
 3 │Level:  7                               │
 4 │Lives:  3                               │
 5 │Boss:   approaching...                  │
 6 │➜  vimfu                                │ ◂ cursor (6,9)
 7 │                                        │
 8 │                                        │
 9 │                                        │
10 │                                        │
11 │                                        │
12 │                                        │
13 │                                        │
14 │                                        │
15 │                                        │
16 │                                        │
17 │                                        │
18 │                                        │
19 │[0] 0:zsh*       "vimfu" 19:31 26-Feb-26│
    ────────────────────────────────────────

[KEYS] ':'
[OVERLAY] ⇧:  command

              1         2         3         
    0123456789012345678901234567890123456789
    ────────────────────────────────────────
 0 │🎮 Space Blaster v0.3                    │
 1 │───────────────────────                 │
 2 │Score:  2,450                           │
 3 │Level:  7                               │
 4 │Lives:  3                               │
 5 │Boss:   approaching...                  │
 6 │➜  vimfu                                │ ◂ cursor (6,9)
 7 │                                        │
 8 │                                        │
 9 │                                        │
10 │                                        │
11 │                                        │
12 │                                        │
13 │                                        │
14 │                                        │
15 │                                        │
16 │                                        │
17 │                                        │
18 │                                        │
19 │:                                       │
    ────────────────────────────────────────

[TYPE] 'switch-client -t api'

              1         2         3         
    0123456789012345678901234567890123456789
    ────────────────────────────────────────
 0 │🎮 Space Blaster v0.3                    │
 1 │───────────────────────                 │
 2 │Score:  2,450                           │
 3 │Level:  7                               │
 4 │Lives:  3                               │
 5 │Boss:   approaching...                  │
 6 │➜  vimfu                                │ ◂ cursor (6,9)
 7 │                                        │
 8 │                                        │
 9 │                                        │
10 │                                        │
11 │                                        │
12 │                                        │
13 │                                        │
14 │                                        │
15 │                                        │
16 │                                        │
17 │                                        │
18 │                                        │
19 │:switch-client -t api                   │
    ────────────────────────────────────────

[ENTER]

              1         2         3         
    0123456789012345678901234567890123456789
    ────────────────────────────────────────
 0 │➜  vimfu cd ~/vimfu && cat api_status.tx│
 1 │t                                       │
 2 │🌐 Pizza API v1.2                        │
 3 │───────────────────                     │
 4 │Uptime: 14d 3h 22m                      │
 5 │Reqs:   1,204/min                       │
 6 │Errors: 0.02%                           │
 7 │Status: healthy                         │
 8 │➜  vimfu                                │ ◂ cursor (8,9)
 9 │                                        │
10 │                                        │
11 │                                        │
12 │                                        │
13 │                                        │
14 │                                        │
15 │                                        │
16 │                                        │
17 │                                        │
18 │                                        │
19 │[api] 0:zsh*     "vimfu" 19:31 26-Feb-26│
    ────────────────────────────────────────

[SAY] Pizza API, still running.
[SAY] Named sessions. One per project. Switch between them anytime.