[RECORDING_START] Screen state at recording start:

              1         2         3         
    0123456789012345678901234567890123456789
    ────────────────────────────────────────
 0 │# Top window                            │ ◂ cursor (0,0)
 1 │def top():                              │
 2 │    pass                                │
 3 │~                                       │
 4 │~                                       │
 5 │~                                       │
 6 │~                                       │
 7 │~                                       │
 8 │~                                       │
 9 │top.py                1,1            All│
10 │# Bottom window                         │
11 │def bottom():                           │
12 │    pass                                │
13 │~                                       │
14 │~                                       │
15 │~                                       │
16 │~                                       │
17 │~                                       │
18 │bottom.py             1,1            All│
    ────────────────────────────────────────
[HIGHLIGHT] row 9, cols 0-39: "top.py                1,1            All"

[OVERLAY] VimFu — Ctrl-W T — Window to Tab
[SAY] Control W shift T moves the current window to a new tab. Useful when a split gets too small and you want a full screen.
[SAY] Two windows in a horizontal split. Pop the top one into its own tab.
[CTRL] w
[OVERLAY] ⌃w  next word

              1         2         3         
    0123456789012345678901234567890123456789
    ────────────────────────────────────────
 0 │# Top window                            │ ◂ cursor (0,0)
 1 │def top():                              │
 2 │    pass                                │
 3 │~                                       │
 4 │~                                       │
 5 │~                                       │
 6 │~                                       │
 7 │~                                       │
 8 │~                                       │
 9 │top.py                1,1            All│
10 │# Bottom window                         │
11 │def bottom():                           │
12 │    pass                                │
13 │~                                       │
14 │~                                       │
15 │~                                       │
16 │~                                       │
17 │~                                       │
18 │bottom.py             1,1            All│
19 │                             ^W         │
    ────────────────────────────────────────
[HIGHLIGHT] row 9, cols 0-39: "top.py                1,1            All"

[KEYS] 'T'
[OVERLAY] ⇧T  till back

              1         2         3         
    0123456789012345678901234567890123456789
    ────────────────────────────────────────
 0 │ bottom.py  top.py                     X│
 1 │# Top window                            │ ◂ cursor (1,0)
 2 │def top():                              │
 3 │    pass                                │
 4 │~                                       │
 5 │~                                       │
 6 │~                                       │
 7 │~                                       │
 8 │~                                       │
 9 │~                                       │
10 │~                                       │
11 │~                                       │
12 │~                                       │
13 │~                                       │
14 │~                                       │
15 │~                                       │
16 │~                                       │
17 │~                                       │
18 │top.py                1,1            All│
    ────────────────────────────────────────
[HIGHLIGHT] row 0, cols 11-18: " top.py"

[SAY] Top dot py now has its own tab. Bottom dot py is in the original. Switch back to check.
[KEYS] 'gt'
[OVERLAY] gt

              1         2         3         
    0123456789012345678901234567890123456789
    ────────────────────────────────────────
 0 │ bottom.py  top.py                     X│
 1 │# Bottom window                         │ ◂ cursor (1,0)
 2 │def bottom():                           │
 3 │    pass                                │
 4 │~                                       │
 5 │~                                       │
 6 │~                                       │
 7 │~                                       │
 8 │~                                       │
 9 │~                                       │
10 │~                                       │
11 │~                                       │
12 │~                                       │
13 │~                                       │
14 │~                                       │
15 │~                                       │
16 │~                                       │
17 │~                                       │
18 │bottom.py             1,1            All│
    ────────────────────────────────────────
[HIGHLIGHT] row 0, cols 0-10: " bottom.py"

[SAY] There's bottom on its own. Two tabs now, one window each.
[SAY] Control W shift T. Pop any window out into a full-screen tab.