[RECORDING_START] Screen state at recording start:

              1         2         3         
    0123456789012345678901234567890123456789
    ────────────────────────────────────────
 0 │ a.py  b.py  c.py                      X│
 1 │# File A                                │ ◂ cursor (1,0)
 2 │~                                       │
 3 │~                                       │
 4 │~                                       │
 5 │~                                       │
 6 │~                                       │
 7 │~                                       │
 8 │~                                       │
 9 │~                                       │
10 │~                                       │
11 │~                                       │
12 │~                                       │
13 │~                                       │
14 │~                                       │
15 │~                                       │
16 │~                                       │
17 │~                                       │
18 │a.py                  1,1            All│
    ────────────────────────────────────────
[HIGHLIGHT] row 0, cols 0-5: " a.py"

[OVERLAY] VimFu — :tabn / :tabp — Cycle Tabs
[SAY] Cycle through tabs with tab next and tab previous — or the shorter G T and G shift T.
[SAY] Move to the next tab.
[TYPE] ':tabn'

              1         2         3         
    0123456789012345678901234567890123456789
    ────────────────────────────────────────
 0 │ a.py  b.py  c.py                      X│
 1 │# File A                                │
 2 │~                                       │
 3 │~                                       │
 4 │~                                       │
 5 │~                                       │
 6 │~                                       │
 7 │~                                       │
 8 │~                                       │
 9 │~                                       │
10 │~                                       │
11 │~                                       │
12 │~                                       │
13 │~                                       │
14 │~                                       │
15 │~                                       │
16 │~                                       │
17 │~                                       │
18 │a.py                  1,1            All│
19 │:tabn                                   │ ◂ cursor (19,5)
    ────────────────────────────────────────
[HIGHLIGHT] row 0, cols 0-5: " a.py"

[SAY] Tab N — short for tab next — cycles forward through the tabs.
[ENTER]

              1         2         3         
    0123456789012345678901234567890123456789
    ────────────────────────────────────────
 0 │ a.py  b.py  c.py                      X│
 1 │# File B                                │ ◂ cursor (1,0)
 2 │~                                       │
 3 │~                                       │
 4 │~                                       │
 5 │~                                       │
 6 │~                                       │
 7 │~                                       │
 8 │~                                       │
 9 │~                                       │
10 │~                                       │
11 │~                                       │
12 │~                                       │
13 │~                                       │
14 │~                                       │
15 │~                                       │
16 │~                                       │
17 │~                                       │
18 │b.py                  1,1            All│
19 │:tabn                                   │
    ────────────────────────────────────────
[HIGHLIGHT] row 0, cols 6-11: " b.py"

[SAY] File B. Next again.
[TYPE] ':tabn'

              1         2         3         
    0123456789012345678901234567890123456789
    ────────────────────────────────────────
 0 │ a.py  b.py  c.py                      X│
 1 │# File B                                │
 2 │~                                       │
 3 │~                                       │
 4 │~                                       │
 5 │~                                       │
 6 │~                                       │
 7 │~                                       │
 8 │~                                       │
 9 │~                                       │
10 │~                                       │
11 │~                                       │
12 │~                                       │
13 │~                                       │
14 │~                                       │
15 │~                                       │
16 │~                                       │
17 │~                                       │
18 │b.py                  1,1            All│
19 │:tabn                                   │ ◂ cursor (19,5)
    ────────────────────────────────────────
[HIGHLIGHT] row 0, cols 6-11: " b.py"

[ENTER]

              1         2         3         
    0123456789012345678901234567890123456789
    ────────────────────────────────────────
 0 │ a.py  b.py  c.py                      X│
 1 │# File C                                │ ◂ cursor (1,0)
 2 │~                                       │
 3 │~                                       │
 4 │~                                       │
 5 │~                                       │
 6 │~                                       │
 7 │~                                       │
 8 │~                                       │
 9 │~                                       │
10 │~                                       │
11 │~                                       │
12 │~                                       │
13 │~                                       │
14 │~                                       │
15 │~                                       │
16 │~                                       │
17 │~                                       │
18 │c.py                  1,1            All│
19 │:tabn                                   │
    ────────────────────────────────────────
[HIGHLIGHT] row 0, cols 12-17: " c.py"

[SAY] File C. Now step back with tab previous.
[TYPE] ':tabp'

              1         2         3         
    0123456789012345678901234567890123456789
    ────────────────────────────────────────
 0 │ a.py  b.py  c.py                      X│
 1 │# File C                                │
 2 │~                                       │
 3 │~                                       │
 4 │~                                       │
 5 │~                                       │
 6 │~                                       │
 7 │~                                       │
 8 │~                                       │
 9 │~                                       │
10 │~                                       │
11 │~                                       │
12 │~                                       │
13 │~                                       │
14 │~                                       │
15 │~                                       │
16 │~                                       │
17 │~                                       │
18 │c.py                  1,1            All│
19 │:tabp                                   │ ◂ cursor (19,5)
    ────────────────────────────────────────
[HIGHLIGHT] row 0, cols 12-17: " c.py"

[SAY] Tab P — tab previous — cycles backward.
[ENTER]

              1         2         3         
    0123456789012345678901234567890123456789
    ────────────────────────────────────────
 0 │ a.py  b.py  c.py                      X│
 1 │# File B                                │ ◂ cursor (1,0)
 2 │~                                       │
 3 │~                                       │
 4 │~                                       │
 5 │~                                       │
 6 │~                                       │
 7 │~                                       │
 8 │~                                       │
 9 │~                                       │
10 │~                                       │
11 │~                                       │
12 │~                                       │
13 │~                                       │
14 │~                                       │
15 │~                                       │
16 │~                                       │
17 │~                                       │
18 │b.py                  1,1            All│
19 │:tabp                                   │
    ────────────────────────────────────────
[HIGHLIGHT] row 0, cols 6-11: " b.py"

[SAY] Even faster: G T forward, G shift T back.
[KEYS] 'gt'
[OVERLAY] gt

              1         2         3         
    0123456789012345678901234567890123456789
    ────────────────────────────────────────
 0 │ a.py  b.py  c.py                      X│
 1 │# File C                                │ ◂ cursor (1,0)
 2 │~                                       │
 3 │~                                       │
 4 │~                                       │
 5 │~                                       │
 6 │~                                       │
 7 │~                                       │
 8 │~                                       │
 9 │~                                       │
10 │~                                       │
11 │~                                       │
12 │~                                       │
13 │~                                       │
14 │~                                       │
15 │~                                       │
16 │~                                       │
17 │~                                       │
18 │c.py                  1,1            All│
19 │:tabp                                   │
    ────────────────────────────────────────
[HIGHLIGHT] row 0, cols 12-17: " c.py"

[KEYS] 'gT'
[OVERLAY] gT

              1         2         3         
    0123456789012345678901234567890123456789
    ────────────────────────────────────────
 0 │ a.py  b.py  c.py                      X│
 1 │# File B                                │ ◂ cursor (1,0)
 2 │~                                       │
 3 │~                                       │
 4 │~                                       │
 5 │~                                       │
 6 │~                                       │
 7 │~                                       │
 8 │~                                       │
 9 │~                                       │
10 │~                                       │
11 │~                                       │
12 │~                                       │
13 │~                                       │
14 │~                                       │
15 │~                                       │
16 │~                                       │
17 │~                                       │
18 │b.py                  1,1            All│
19 │:tabp                                   │
    ────────────────────────────────────────
[HIGHLIGHT] row 0, cols 6-11: " b.py"

[SAY] Tab next, tab previous. Or G T and G shift T. Quick tab navigation.