[RECORDING_START] Screen state at recording start:

              1         2         3         
    0123456789012345678901234567890123456789
    ────────────────────────────────────────
 0 │TODO List                               │ ◂ cursor (0,0)
 1 │                                        │
 2 │- Learn Vim basics                      │
 3 │- Practice motions                      │
 4 │- Master Ex commands                    │
 5 │- Build muscle memory                   │
 6 │~                                       │
 7 │~                                       │
 8 │~                                       │
 9 │~                                       │
10 │~                                       │
11 │~                                       │
12 │~                                       │
13 │~                                       │
14 │~                                       │
15 │~                                       │
16 │~                                       │
17 │~                                       │
18 │todo.txt              1,1            All│
    ────────────────────────────────────────

[OVERLAY] VimFu — :e! — Revert to Saved
[SAY] Colon E exclamation mark reloads the file from disk. All your changes are thrown away.
[SAY] Let's mess up the file. Delete a few lines.
[KEYS] 'dd'
[OVERLAY] dd  delete line

              1         2         3         
    0123456789012345678901234567890123456789
    ────────────────────────────────────────
 0 │                                        │ ◂ cursor (0,0)
 1 │- Learn Vim basics                      │
 2 │- Practice motions                      │
 3 │- Master Ex commands                    │
 4 │- Build muscle memory                   │
 5 │~                                       │
 6 │~                                       │
 7 │~                                       │
 8 │~                                       │
 9 │~                                       │
10 │~                                       │
11 │~                                       │
12 │~                                       │
13 │~                                       │
14 │~                                       │
15 │~                                       │
16 │~                                       │
17 │~                                       │
18 │todo.txt [+]          1,0-1          All│
    ────────────────────────────────────────

[KEYS] 'dd'
[OVERLAY] dd  delete line

              1         2         3         
    0123456789012345678901234567890123456789
    ────────────────────────────────────────
 0 │- Learn Vim basics                      │ ◂ cursor (0,0)
 1 │- Practice motions                      │
 2 │- Master Ex commands                    │
 3 │- Build muscle memory                   │
 4 │~                                       │
 5 │~                                       │
 6 │~                                       │
 7 │~                                       │
 8 │~                                       │
 9 │~                                       │
10 │~                                       │
11 │~                                       │
12 │~                                       │
13 │~                                       │
14 │~                                       │
15 │~                                       │
16 │~                                       │
17 │~                                       │
18 │todo.txt [+]          1,1            All│
    ────────────────────────────────────────

[KEYS] 'dd'
[OVERLAY] dd  delete line

              1         2         3         
    0123456789012345678901234567890123456789
    ────────────────────────────────────────
 0 │- Practice motions                      │ ◂ cursor (0,0)
 1 │- Master Ex commands                    │
 2 │- Build muscle memory                   │
 3 │~                                       │
 4 │~                                       │
 5 │~                                       │
 6 │~                                       │
 7 │~                                       │
 8 │~                                       │
 9 │~                                       │
10 │~                                       │
11 │~                                       │
12 │~                                       │
13 │~                                       │
14 │~                                       │
15 │~                                       │
16 │~                                       │
17 │~                                       │
18 │todo.txt [+]          1,1            All│
    ────────────────────────────────────────

[SAY] Three lines gone. The file looks wrong.
[SAY] Colon E bang. Revert to the saved version.
[TYPE] ':e!'

              1         2         3         
    0123456789012345678901234567890123456789
    ────────────────────────────────────────
 0 │- Practice motions                      │
 1 │- Master Ex commands                    │
 2 │- Build muscle memory                   │
 3 │~                                       │
 4 │~                                       │
 5 │~                                       │
 6 │~                                       │
 7 │~                                       │
 8 │~                                       │
 9 │~                                       │
10 │~                                       │
11 │~                                       │
12 │~                                       │
13 │~                                       │
14 │~                                       │
15 │~                                       │
16 │~                                       │
17 │~                                       │
18 │todo.txt [+]          1,1            All│
19 │:e!                                     │ ◂ cursor (19,3)
    ────────────────────────────────────────

[ENTER]

              1         2         3         
    0123456789012345678901234567890123456789
    ────────────────────────────────────────
 0 │TODO List                               │ ◂ cursor (0,0)
 1 │                                        │
 2 │- Learn Vim basics                      │
 3 │- Practice motions                      │
 4 │- Master Ex commands                    │
 5 │- Build muscle memory                   │
 6 │~                                       │
 7 │~                                       │
 8 │~                                       │
 9 │~                                       │
10 │~                                       │
11 │~                                       │
12 │~                                       │
13 │~                                       │
14 │~                                       │
15 │~                                       │
16 │~                                       │
17 │~                                       │
18 │todo.txt              1,1            All│
19 │:e!                                     │
    ────────────────────────────────────────

[SAY] Everything is back. The file was reloaded from disk. All changes discarded.
[SAY] Colon E bang. The nuclear undo. Reverts the entire file to what's on disk.