[RECORDING_START] Screen state at recording start:

              1         2         3         
    0123456789012345678901234567890123456789
    ────────────────────────────────────────
 0 │heal = mix("ruby", "moss", 3)           │ ◂ cursor (0,0)
 1 │burn = mix("lava", "coal", 7)           │
 2 │cure = mix("sage", "mint", 2)           │
 3 │zap  = mix("bolt", "dust", 5)           │
 4 │~                                       │
 5 │~                                       │
 6 │~                                       │
 7 │~                                       │
 8 │~                                       │
 9 │~                                       │
10 │~                                       │
11 │~                                       │
12 │~                                       │
13 │~                                       │
14 │~                                       │
15 │~                                       │
16 │~                                       │
17 │~                                       │
18 │brew.py               1,1            All│
    ────────────────────────────────────────

[OVERLAY] VimFu — Find Character Backward
[SAY] Capital F searches backward on the current line. The reverse of lowercase F.
[SAY] Let's go to the end of the line.
[KEYS] '$'
[OVERLAY] ⇧$  line end

              1         2         3         
    0123456789012345678901234567890123456789
    ────────────────────────────────────────
 0 │heal = mix("ruby", "moss", 3)           │ ◂ cursor (0,28)
 1 │burn = mix("lava", "coal", 7)           │
 2 │cure = mix("sage", "mint", 2)           │
 3 │zap  = mix("bolt", "dust", 5)           │
 4 │~                                       │
 5 │~                                       │
 6 │~                                       │
 7 │~                                       │
 8 │~                                       │
 9 │~                                       │
10 │~                                       │
11 │~                                       │
12 │~                                       │
13 │~                                       │
14 │~                                       │
15 │~                                       │
16 │~                                       │
17 │~                                       │
18 │brew.py               1,29           All│
    ────────────────────────────────────────

[SAY] Capital F M.
[KEYS] 'F'
[OVERLAY] ⇧F  find back

              1         2         3         
    0123456789012345678901234567890123456789
    ────────────────────────────────────────
 0 │heal = mix("ruby", "moss", 3)           │ ◂ cursor (0,28)
 1 │burn = mix("lava", "coal", 7)           │
 2 │cure = mix("sage", "mint", 2)           │
 3 │zap  = mix("bolt", "dust", 5)           │
 4 │~                                       │
 5 │~                                       │
 6 │~                                       │
 7 │~                                       │
 8 │~                                       │
 9 │~                                       │
10 │~                                       │
11 │~                                       │
12 │~                                       │
13 │~                                       │
14 │~                                       │
15 │~                                       │
16 │~                                       │
17 │~                                       │
18 │brew.py               1,29           All│
19 │                             F          │
    ────────────────────────────────────────

[KEYS] 'm'
[OVERLAY] m  set mark

              1         2         3         
    0123456789012345678901234567890123456789
    ────────────────────────────────────────
 0 │heal = mix("ruby", "moss", 3)           │ ◂ cursor (0,20)
 1 │burn = mix("lava", "coal", 7)           │
 2 │cure = mix("sage", "mint", 2)           │
 3 │zap  = mix("bolt", "dust", 5)           │
 4 │~                                       │
 5 │~                                       │
 6 │~                                       │
 7 │~                                       │
 8 │~                                       │
 9 │~                                       │
10 │~                                       │
11 │~                                       │
12 │~                                       │
13 │~                                       │
14 │~                                       │
15 │~                                       │
16 │~                                       │
17 │~                                       │
18 │brew.py               1,21           All│
    ────────────────────────────────────────

[SAY] Jumped backward to moss. Capital F finds the previous match.
[SAY] Capital F R.
[KEYS] 'F'
[OVERLAY] ⇧F  find back

              1         2         3         
    0123456789012345678901234567890123456789
    ────────────────────────────────────────
 0 │heal = mix("ruby", "moss", 3)           │ ◂ cursor (0,20)
 1 │burn = mix("lava", "coal", 7)           │
 2 │cure = mix("sage", "mint", 2)           │
 3 │zap  = mix("bolt", "dust", 5)           │
 4 │~                                       │
 5 │~                                       │
 6 │~                                       │
 7 │~                                       │
 8 │~                                       │
 9 │~                                       │
10 │~                                       │
11 │~                                       │
12 │~                                       │
13 │~                                       │
14 │~                                       │
15 │~                                       │
16 │~                                       │
17 │~                                       │
18 │brew.py               1,21           All│
19 │                             F          │
    ────────────────────────────────────────

[KEYS] 'r'
[OVERLAY] r  replace char

              1         2         3         
    0123456789012345678901234567890123456789
    ────────────────────────────────────────
 0 │heal = mix("ruby", "moss", 3)           │ ◂ cursor (0,12)
 1 │burn = mix("lava", "coal", 7)           │
 2 │cure = mix("sage", "mint", 2)           │
 3 │zap  = mix("bolt", "dust", 5)           │
 4 │~                                       │
 5 │~                                       │
 6 │~                                       │
 7 │~                                       │
 8 │~                                       │
 9 │~                                       │
10 │~                                       │
11 │~                                       │
12 │~                                       │
13 │~                                       │
14 │~                                       │
15 │~                                       │
16 │~                                       │
17 │~                                       │
18 │brew.py               1,13           All│
    ────────────────────────────────────────

[SAY] Further back to ruby. Same line, keeps going backward.
[SAY] Next line. Go to the end.
[KEYS] 'j'
[OVERLAY] j  down

              1         2         3         
    0123456789012345678901234567890123456789
    ────────────────────────────────────────
 0 │heal = mix("ruby", "moss", 3)           │
 1 │burn = mix("lava", "coal", 7)           │ ◂ cursor (1,12)
 2 │cure = mix("sage", "mint", 2)           │
 3 │zap  = mix("bolt", "dust", 5)           │
 4 │~                                       │
 5 │~                                       │
 6 │~                                       │
 7 │~                                       │
 8 │~                                       │
 9 │~                                       │
10 │~                                       │
11 │~                                       │
12 │~                                       │
13 │~                                       │
14 │~                                       │
15 │~                                       │
16 │~                                       │
17 │~                                       │
18 │brew.py               2,13           All│
    ────────────────────────────────────────

[KEYS] '$'
[OVERLAY] ⇧$  line end

              1         2         3         
    0123456789012345678901234567890123456789
    ────────────────────────────────────────
 0 │heal = mix("ruby", "moss", 3)           │
 1 │burn = mix("lava", "coal", 7)           │ ◂ cursor (1,28)
 2 │cure = mix("sage", "mint", 2)           │
 3 │zap  = mix("bolt", "dust", 5)           │
 4 │~                                       │
 5 │~                                       │
 6 │~                                       │
 7 │~                                       │
 8 │~                                       │
 9 │~                                       │
10 │~                                       │
11 │~                                       │
12 │~                                       │
13 │~                                       │
14 │~                                       │
15 │~                                       │
16 │~                                       │
17 │~                                       │
18 │brew.py               2,29           All│
    ────────────────────────────────────────

[SAY] Capital F L.
[KEYS] 'F'
[OVERLAY] ⇧F  find back

              1         2         3         
    0123456789012345678901234567890123456789
    ────────────────────────────────────────
 0 │heal = mix("ruby", "moss", 3)           │
 1 │burn = mix("lava", "coal", 7)           │ ◂ cursor (1,28)
 2 │cure = mix("sage", "mint", 2)           │
 3 │zap  = mix("bolt", "dust", 5)           │
 4 │~                                       │
 5 │~                                       │
 6 │~                                       │
 7 │~                                       │
 8 │~                                       │
 9 │~                                       │
10 │~                                       │
11 │~                                       │
12 │~                                       │
13 │~                                       │
14 │~                                       │
15 │~                                       │
16 │~                                       │
17 │~                                       │
18 │brew.py               2,29           All│
19 │                             F          │
    ────────────────────────────────────────

[KEYS] 'l'
[OVERLAY] l  right

              1         2         3         
    0123456789012345678901234567890123456789
    ────────────────────────────────────────
 0 │heal = mix("ruby", "moss", 3)           │
 1 │burn = mix("lava", "coal", 7)           │ ◂ cursor (1,23)
 2 │cure = mix("sage", "mint", 2)           │
 3 │zap  = mix("bolt", "dust", 5)           │
 4 │~                                       │
 5 │~                                       │
 6 │~                                       │
 7 │~                                       │
 8 │~                                       │
 9 │~                                       │
10 │~                                       │
11 │~                                       │
12 │~                                       │
13 │~                                       │
14 │~                                       │
15 │~                                       │
16 │~                                       │
17 │~                                       │
18 │brew.py               2,24           All│
    ────────────────────────────────────────

[SAY] Found the L in coal. Again.
[KEYS] 'F'
[OVERLAY] ⇧F  find back

              1         2         3         
    0123456789012345678901234567890123456789
    ────────────────────────────────────────
 0 │heal = mix("ruby", "moss", 3)           │
 1 │burn = mix("lava", "coal", 7)           │ ◂ cursor (1,23)
 2 │cure = mix("sage", "mint", 2)           │
 3 │zap  = mix("bolt", "dust", 5)           │
 4 │~                                       │
 5 │~                                       │
 6 │~                                       │
 7 │~                                       │
 8 │~                                       │
 9 │~                                       │
10 │~                                       │
11 │~                                       │
12 │~                                       │
13 │~                                       │
14 │~                                       │
15 │~                                       │
16 │~                                       │
17 │~                                       │
18 │brew.py               2,24           All│
19 │                             F          │
    ────────────────────────────────────────

[KEYS] 'l'
[OVERLAY] l  right

              1         2         3         
    0123456789012345678901234567890123456789
    ────────────────────────────────────────
 0 │heal = mix("ruby", "moss", 3)           │
 1 │burn = mix("lava", "coal", 7)           │ ◂ cursor (1,12)
 2 │cure = mix("sage", "mint", 2)           │
 3 │zap  = mix("bolt", "dust", 5)           │
 4 │~                                       │
 5 │~                                       │
 6 │~                                       │
 7 │~                                       │
 8 │~                                       │
 9 │~                                       │
10 │~                                       │
11 │~                                       │
12 │~                                       │
13 │~                                       │
14 │~                                       │
15 │~                                       │
16 │~                                       │
17 │~                                       │
18 │brew.py               2,13           All│
    ────────────────────────────────────────

[SAY] Back to lava. Capital F hops backward through every match on the line.
[SAY] Lowercase F goes forward, capital F goes backward. Same line, opposite direction.