[RECORDING_START] Screen state at recording start:

              1         2         3         
    0123456789012345678901234567890123456789
    ────────────────────────────────────────
 0 │# Main                                  │ ◂ cursor (0,0)
 1 │print("hello")                          │
 2 │~                                       │
 3 │~                                       │
 4 │~                                       │
 5 │~                                       │
 6 │~                                       │
 7 │~                                       │
 8 │~                                       │
 9 │~                                       │
10 │~                                       │
11 │~                                       │
12 │~                                       │
13 │~                                       │
14 │~                                       │
15 │~                                       │
16 │~                                       │
17 │~                                       │
18 │main.py               1,1            All│
    ────────────────────────────────────────

[OVERLAY] VimFu — :r — Read File
[SAY] Colon R inserts the contents of another file below your cursor.
[SAY] Insert the header file here.
[KEYS] ':'
[OVERLAY] ⇧:  :r header.py

              1         2         3         
    0123456789012345678901234567890123456789
    ────────────────────────────────────────
 0 │# Main                                  │
 1 │print("hello")                          │
 2 │~                                       │
 3 │~                                       │
 4 │~                                       │
 5 │~                                       │
 6 │~                                       │
 7 │~                                       │
 8 │~                                       │
 9 │~                                       │
10 │~                                       │
11 │~                                       │
12 │~                                       │
13 │~                                       │
14 │~                                       │
15 │~                                       │
16 │~                                       │
17 │~                                       │
18 │main.py               1,1            All│
19 │:                                       │ ◂ cursor (19,1)
    ────────────────────────────────────────

[TYPE] 'r header.py'

              1         2         3         
    0123456789012345678901234567890123456789
    ────────────────────────────────────────
 0 │# Main                                  │
 1 │print("hello")                          │
 2 │~                                       │
 3 │~                                       │
 4 │~                                       │
 5 │~                                       │
 6 │~                                       │
 7 │~                                       │
 8 │~                                       │
 9 │~                                       │
10 │~                                       │
11 │~                                       │
12 │~                                       │
13 │~                                       │
14 │~                                       │
15 │~                                       │
16 │~                                       │
17 │~                                       │
18 │main.py               1,1            All│
19 │:r header.py                            │ ◂ cursor (19,12)
    ────────────────────────────────────────

[EX_READY] ':r header.py'

              1         2         3         
    0123456789012345678901234567890123456789
    ────────────────────────────────────────
 0 │# Main                                  │
 1 │print("hello")                          │
 2 │~                                       │
 3 │~                                       │
 4 │~                                       │
 5 │~                                       │
 6 │~                                       │
 7 │~                                       │
 8 │~                                       │
 9 │~                                       │
10 │~                                       │
11 │~                                       │
12 │~                                       │
13 │~                                       │
14 │~                                       │
15 │~                                       │
16 │~                                       │
17 │~                                       │
18 │main.py               1,1            All│
19 │:r header.py                            │ ◂ cursor (19,12)
    ────────────────────────────────────────

[ENTER]

              1         2         3         
    0123456789012345678901234567890123456789
    ────────────────────────────────────────
 0 │# Main                                  │
 1 │# Author: VimFu                         │ ◂ cursor (1,0)
 2 │# License: MIT                          │
 3 │print("hello")                          │
 4 │~                                       │
 5 │~                                       │
 6 │~                                       │
 7 │~                                       │
 8 │~                                       │
 9 │~                                       │
10 │~                                       │
11 │~                                       │
12 │~                                       │
13 │~                                       │
14 │~                                       │
15 │~                                       │
16 │~                                       │
17 │~                                       │
18 │main.py [+]           2,1            All│
19 │"header.py" 2L, 31B                     │
    ────────────────────────────────────────

[SAY] The header content was inserted below the cursor line. Two lines pulled in from another file.
[SAY] Colon R. Pull in content from any file. Great for templates, headers, or snippets.