[RECORDING_START] Screen state at recording start:

              1         2         3         
    0123456789012345678901234567890123456789
    ────────────────────────────────────────
 0 │# pixel art colors                      │ ◂ cursor (0,0)
 1 │row = "..##..##..##..##.."              │
 2 │sky = "bbbbbbbbbbbbbbbbbb"              │
 3 │gnd = "gggggggggggggggggg"              │
 4 │~                                       │
 5 │~                                       │
 6 │~                                       │
 7 │~                                       │
 8 │~                                       │
 9 │~                                       │
10 │~                                       │
11 │~                                       │
12 │~                                       │
13 │~                                       │
14 │~                                       │
15 │~                                       │
16 │~                                       │
17 │~                                       │
18 │pixel.py              1,1            All│
    ────────────────────────────────────────

[OVERLAY] VimFu — Go to Column
[SAY] A number then pipe jumps to that column on the current line.
[SAY] Go to the row line. Ten pipe.
[KEYS] 'j'
[OVERLAY] j  down

              1         2         3         
    0123456789012345678901234567890123456789
    ────────────────────────────────────────
 0 │# pixel art colors                      │
 1 │row = "..##..##..##..##.."              │ ◂ cursor (1,0)
 2 │sky = "bbbbbbbbbbbbbbbbbb"              │
 3 │gnd = "gggggggggggggggggg"              │
 4 │~                                       │
 5 │~                                       │
 6 │~                                       │
 7 │~                                       │
 8 │~                                       │
 9 │~                                       │
10 │~                                       │
11 │~                                       │
12 │~                                       │
13 │~                                       │
14 │~                                       │
15 │~                                       │
16 │~                                       │
17 │~                                       │
18 │pixel.py              2,1            All│
    ────────────────────────────────────────

[KEYS] '1'
[OVERLAY] 1

              1         2         3         
    0123456789012345678901234567890123456789
    ────────────────────────────────────────
 0 │# pixel art colors                      │
 1 │row = "..##..##..##..##.."              │ ◂ cursor (1,0)
 2 │sky = "bbbbbbbbbbbbbbbbbb"              │
 3 │gnd = "gggggggggggggggggg"              │
 4 │~                                       │
 5 │~                                       │
 6 │~                                       │
 7 │~                                       │
 8 │~                                       │
 9 │~                                       │
10 │~                                       │
11 │~                                       │
12 │~                                       │
13 │~                                       │
14 │~                                       │
15 │~                                       │
16 │~                                       │
17 │~                                       │
18 │pixel.py              2,1            All│
19 │                             1          │
    ────────────────────────────────────────

[KEYS] '0'
[OVERLAY] 0  line start

              1         2         3         
    0123456789012345678901234567890123456789
    ────────────────────────────────────────
 0 │# pixel art colors                      │
 1 │row = "..##..##..##..##.."              │ ◂ cursor (1,0)
 2 │sky = "bbbbbbbbbbbbbbbbbb"              │
 3 │gnd = "gggggggggggggggggg"              │
 4 │~                                       │
 5 │~                                       │
 6 │~                                       │
 7 │~                                       │
 8 │~                                       │
 9 │~                                       │
10 │~                                       │
11 │~                                       │
12 │~                                       │
13 │~                                       │
14 │~                                       │
15 │~                                       │
16 │~                                       │
17 │~                                       │
18 │pixel.py              2,1            All│
19 │                             10         │
    ────────────────────────────────────────

[KEYS] '|'
[OVERLAY] ⇧|

              1         2         3         
    0123456789012345678901234567890123456789
    ────────────────────────────────────────
 0 │# pixel art colors                      │
 1 │row = "..##..##..##..##.."              │ ◂ cursor (1,9)
 2 │sky = "bbbbbbbbbbbbbbbbbb"              │
 3 │gnd = "gggggggggggggggggg"              │
 4 │~                                       │
 5 │~                                       │
 6 │~                                       │
 7 │~                                       │
 8 │~                                       │
 9 │~                                       │
10 │~                                       │
11 │~                                       │
12 │~                                       │
13 │~                                       │
14 │~                                       │
15 │~                                       │
16 │~                                       │
17 │~                                       │
18 │pixel.py              2,10           All│
    ────────────────────────────────────────

[SAY] Column ten. Right on the opening quote.
[SAY] One pipe goes to column one.
[KEYS] '1'
[OVERLAY] 1

              1         2         3         
    0123456789012345678901234567890123456789
    ────────────────────────────────────────
 0 │# pixel art colors                      │
 1 │row = "..##..##..##..##.."              │ ◂ cursor (1,9)
 2 │sky = "bbbbbbbbbbbbbbbbbb"              │
 3 │gnd = "gggggggggggggggggg"              │
 4 │~                                       │
 5 │~                                       │
 6 │~                                       │
 7 │~                                       │
 8 │~                                       │
 9 │~                                       │
10 │~                                       │
11 │~                                       │
12 │~                                       │
13 │~                                       │
14 │~                                       │
15 │~                                       │
16 │~                                       │
17 │~                                       │
18 │pixel.py              2,10           All│
19 │                             1          │
    ────────────────────────────────────────

[KEYS] '|'
[OVERLAY] ⇧|

              1         2         3         
    0123456789012345678901234567890123456789
    ────────────────────────────────────────
 0 │# pixel art colors                      │
 1 │row = "..##..##..##..##.."              │ ◂ cursor (1,0)
 2 │sky = "bbbbbbbbbbbbbbbbbb"              │
 3 │gnd = "gggggggggggggggggg"              │
 4 │~                                       │
 5 │~                                       │
 6 │~                                       │
 7 │~                                       │
 8 │~                                       │
 9 │~                                       │
10 │~                                       │
11 │~                                       │
12 │~                                       │
13 │~                                       │
14 │~                                       │
15 │~                                       │
16 │~                                       │
17 │~                                       │
18 │pixel.py              2,1            All│
    ────────────────────────────────────────

[SAY] Back at the start of the line. Same as zero.
[SAY] Down to the sky line. Twenty pipe.
[KEYS] 'j'
[OVERLAY] j  down

              1         2         3         
    0123456789012345678901234567890123456789
    ────────────────────────────────────────
 0 │# pixel art colors                      │
 1 │row = "..##..##..##..##.."              │
 2 │sky = "bbbbbbbbbbbbbbbbbb"              │ ◂ cursor (2,0)
 3 │gnd = "gggggggggggggggggg"              │
 4 │~                                       │
 5 │~                                       │
 6 │~                                       │
 7 │~                                       │
 8 │~                                       │
 9 │~                                       │
10 │~                                       │
11 │~                                       │
12 │~                                       │
13 │~                                       │
14 │~                                       │
15 │~                                       │
16 │~                                       │
17 │~                                       │
18 │pixel.py              3,1            All│
    ────────────────────────────────────────

[KEYS] '2'
[OVERLAY] 2

              1         2         3         
    0123456789012345678901234567890123456789
    ────────────────────────────────────────
 0 │# pixel art colors                      │
 1 │row = "..##..##..##..##.."              │
 2 │sky = "bbbbbbbbbbbbbbbbbb"              │ ◂ cursor (2,0)
 3 │gnd = "gggggggggggggggggg"              │
 4 │~                                       │
 5 │~                                       │
 6 │~                                       │
 7 │~                                       │
 8 │~                                       │
 9 │~                                       │
10 │~                                       │
11 │~                                       │
12 │~                                       │
13 │~                                       │
14 │~                                       │
15 │~                                       │
16 │~                                       │
17 │~                                       │
18 │pixel.py              3,1            All│
19 │                             2          │
    ────────────────────────────────────────

[KEYS] '0'
[OVERLAY] 0  line start

              1         2         3         
    0123456789012345678901234567890123456789
    ────────────────────────────────────────
 0 │# pixel art colors                      │
 1 │row = "..##..##..##..##.."              │
 2 │sky = "bbbbbbbbbbbbbbbbbb"              │ ◂ cursor (2,0)
 3 │gnd = "gggggggggggggggggg"              │
 4 │~                                       │
 5 │~                                       │
 6 │~                                       │
 7 │~                                       │
 8 │~                                       │
 9 │~                                       │
10 │~                                       │
11 │~                                       │
12 │~                                       │
13 │~                                       │
14 │~                                       │
15 │~                                       │
16 │~                                       │
17 │~                                       │
18 │pixel.py              3,1            All│
19 │                             20         │
    ────────────────────────────────────────

[KEYS] '|'
[OVERLAY] ⇧|

              1         2         3         
    0123456789012345678901234567890123456789
    ────────────────────────────────────────
 0 │# pixel art colors                      │
 1 │row = "..##..##..##..##.."              │
 2 │sky = "bbbbbbbbbbbbbbbbbb"              │ ◂ cursor (2,19)
 3 │gnd = "gggggggggggggggggg"              │
 4 │~                                       │
 5 │~                                       │
 6 │~                                       │
 7 │~                                       │
 8 │~                                       │
 9 │~                                       │
10 │~                                       │
11 │~                                       │
12 │~                                       │
13 │~                                       │
14 │~                                       │
15 │~                                       │
16 │~                                       │
17 │~                                       │
18 │pixel.py              3,20           All│
    ────────────────────────────────────────

[SAY] Column twenty. Lands right in the middle of the pixel data.
[SAY] Thirty pipe.
[KEYS] '3'
[OVERLAY] 3

              1         2         3         
    0123456789012345678901234567890123456789
    ────────────────────────────────────────
 0 │# pixel art colors                      │
 1 │row = "..##..##..##..##.."              │
 2 │sky = "bbbbbbbbbbbbbbbbbb"              │ ◂ cursor (2,19)
 3 │gnd = "gggggggggggggggggg"              │
 4 │~                                       │
 5 │~                                       │
 6 │~                                       │
 7 │~                                       │
 8 │~                                       │
 9 │~                                       │
10 │~                                       │
11 │~                                       │
12 │~                                       │
13 │~                                       │
14 │~                                       │
15 │~                                       │
16 │~                                       │
17 │~                                       │
18 │pixel.py              3,20           All│
19 │                             3          │
    ────────────────────────────────────────

[KEYS] '0'
[OVERLAY] 0  line start

              1         2         3         
    0123456789012345678901234567890123456789
    ────────────────────────────────────────
 0 │# pixel art colors                      │
 1 │row = "..##..##..##..##.."              │
 2 │sky = "bbbbbbbbbbbbbbbbbb"              │ ◂ cursor (2,19)
 3 │gnd = "gggggggggggggggggg"              │
 4 │~                                       │
 5 │~                                       │
 6 │~                                       │
 7 │~                                       │
 8 │~                                       │
 9 │~                                       │
10 │~                                       │
11 │~                                       │
12 │~                                       │
13 │~                                       │
14 │~                                       │
15 │~                                       │
16 │~                                       │
17 │~                                       │
18 │pixel.py              3,20           All│
19 │                             30         │
    ────────────────────────────────────────

[KEYS] '|'
[OVERLAY] ⇧|

              1         2         3         
    0123456789012345678901234567890123456789
    ────────────────────────────────────────
 0 │# pixel art colors                      │
 1 │row = "..##..##..##..##.."              │
 2 │sky = "bbbbbbbbbbbbbbbbbb"              │ ◂ cursor (2,25)
 3 │gnd = "gggggggggggggggggg"              │
 4 │~                                       │
 5 │~                                       │
 6 │~                                       │
 7 │~                                       │
 8 │~                                       │
 9 │~                                       │
10 │~                                       │
11 │~                                       │
12 │~                                       │
13 │~                                       │
14 │~                                       │
15 │~                                       │
16 │~                                       │
17 │~                                       │
18 │pixel.py              3,26           All│
    ────────────────────────────────────────

[SAY] Column thirty. Precise horizontal positioning.
[SAY] Number pipe. Jump to any column on the current line.