[RECORDING_START] Screen state at recording start:

              1         2         3         
    0123456789012345678901234567890123456789
    ────────────────────────────────────────
 0 │<em>hello</em>                          │ ◂ cursor (0,0)
 1 │<strong>world</strong>                  │
 2 │~                                       │
 3 │~                                       │
 4 │~                                       │
 5 │~                                       │
 6 │~                                       │
 7 │~                                       │
 8 │~                                       │
 9 │~                                       │
10 │~                                       │
11 │~                                       │
12 │~                                       │
13 │~                                       │
14 │~                                       │
15 │~                                       │
16 │~                                       │
17 │~                                       │
18 │detag.html            1,1            All│
    ────────────────────────────────────────

[OVERLAY] VimFu — Tag to Quote in Two Steps
[SAY] In nvim-surround, {key:c}{key:s}{key:t} opens the tag prompt. It does not change tags to quotes.
[SAY] Use two steps instead. First delete the em tag with {key:d}{key:s}{key:t}.
[KEYS] 'fh'
[OVERLAY] fh

              1         2         3         
    0123456789012345678901234567890123456789
    ────────────────────────────────────────
 0 │<em>hello</em>                          │ ◂ cursor (0,4)
 1 │<strong>world</strong>                  │
 2 │~                                       │
 3 │~                                       │
 4 │~                                       │
 5 │~                                       │
 6 │~                                       │
 7 │~                                       │
 8 │~                                       │
 9 │~                                       │
10 │~                                       │
11 │~                                       │
12 │~                                       │
13 │~                                       │
14 │~                                       │
15 │~                                       │
16 │~                                       │
17 │~                                       │
18 │detag.html            1,5            All│
    ────────────────────────────────────────

[OVERLAY] dst
[KEYS] 'dst'
[OVERLAY] dst

              1         2         3         
    0123456789012345678901234567890123456789
    ────────────────────────────────────────
 0 │hello                                   │ ◂ cursor (0,0)
 1 │<strong>world</strong>                  │
 2 │~                                       │
 3 │~                                       │
 4 │~                                       │
 5 │~                                       │
 6 │~                                       │
 7 │~                                       │
 8 │~                                       │
 9 │~                                       │
10 │~                                       │
11 │~                                       │
12 │~                                       │
13 │~                                       │
14 │~                                       │
15 │~                                       │
16 │~                                       │
17 │~                                       │
18 │detag.html [+]        1,1            All│
    ────────────────────────────────────────

[SAY] Now add double quotes around the word with {key:y}{key:s}{key:i}{key:w}{key:"}.
[OVERLAY] ysiw"
[KEYS] 'ysiw"'
[OVERLAY] ysiw"

              1         2         3         
    0123456789012345678901234567890123456789
    ────────────────────────────────────────
 0 │"hello"                                 │ ◂ cursor (0,0)
 1 │<strong>world</strong>                  │
 2 │~                                       │
 3 │~                                       │
 4 │~                                       │
 5 │~                                       │
 6 │~                                       │
 7 │~                                       │
 8 │~                                       │
 9 │~                                       │
10 │~                                       │
11 │~                                       │
12 │~                                       │
13 │~                                       │
14 │~                                       │
15 │~                                       │
16 │~                                       │
17 │~                                       │
18 │detag.html [+]        1,1            All│
    ────────────────────────────────────────

[SAY] Line one is quoted. Line two: delete the strong tag, then add single quotes.
[KEYS] 'j0fw'
[OVERLAY] j0fw

              1         2         3         
    0123456789012345678901234567890123456789
    ────────────────────────────────────────
 0 │"hello"                                 │
 1 │<strong>world</strong>                  │ ◂ cursor (1,8)
 2 │~                                       │
 3 │~                                       │
 4 │~                                       │
 5 │~                                       │
 6 │~                                       │
 7 │~                                       │
 8 │~                                       │
 9 │~                                       │
10 │~                                       │
11 │~                                       │
12 │~                                       │
13 │~                                       │
14 │~                                       │
15 │~                                       │
16 │~                                       │
17 │~                                       │
18 │detag.html [+]        2,9            All│
    ────────────────────────────────────────

[OVERLAY] dst
[KEYS] 'dst'
[OVERLAY] dst

              1         2         3         
    0123456789012345678901234567890123456789
    ────────────────────────────────────────
 0 │"hello"                                 │
 1 │world                                   │ ◂ cursor (1,0)
 2 │~                                       │
 3 │~                                       │
 4 │~                                       │
 5 │~                                       │
 6 │~                                       │
 7 │~                                       │
 8 │~                                       │
 9 │~                                       │
10 │~                                       │
11 │~                                       │
12 │~                                       │
13 │~                                       │
14 │~                                       │
15 │~                                       │
16 │~                                       │
17 │~                                       │
18 │detag.html [+]        2,1            All│
    ────────────────────────────────────────

[OVERLAY] ysiw'
[KEYS] "ysiw'"
[OVERLAY] ysiw'

              1         2         3         
    0123456789012345678901234567890123456789
    ────────────────────────────────────────
 0 │"hello"                                 │
 1 │'world'                                 │ ◂ cursor (1,0)
 2 │~                                       │
 3 │~                                       │
 4 │~                                       │
 5 │~                                       │
 6 │~                                       │
 7 │~                                       │
 8 │~                                       │
 9 │~                                       │
10 │~                                       │
11 │~                                       │
12 │~                                       │
13 │~                                       │
14 │~                                       │
15 │~                                       │
16 │~                                       │
17 │~                                       │
18 │detag.html [+]        2,1            All│
    ────────────────────────────────────────

[SAY] No tag prompt, no stray prompt text. Delete the tag, then surround the remaining text with quotes.