[RECORDING_START] Screen state at recording start:

              1         2         3         
    0123456789012345678901234567890123456789
    ────────────────────────────────────────
 0 │# Demo                                  │ ◂ cursor (0,0)
 1 │print("hello")                          │
 2 │~                                       │
 3 │~                                       │
 4 │~                                       │
 5 │~                                       │
 6 │~                                       │
 7 │~                                       │
 8 │~                                       │
 9 │~                                       │
10 │~                                       │
11 │~                                       │
12 │~                                       │
13 │~                                       │
14 │~                                       │
15 │~                                       │
16 │~                                       │
17 │~                                       │
18 │demo.py               1,1            All│
    ────────────────────────────────────────

[OVERLAY] VimFu — :w — Write (Save)
[SAY] Colon W saves your file. The most important command you'll learn.
[SAY] Let's make a change first.
[KEYS] 'jA'
[OVERLAY] jA  append

              1         2         3         
    0123456789012345678901234567890123456789
    ────────────────────────────────────────
 0 │# Demo                                  │
 1 │print("hello")                          │ ◂ cursor (1,14)
 2 │~                                       │
 3 │~                                       │
 4 │~                                       │
 5 │~                                       │
 6 │~                                       │
 7 │~                                       │
 8 │~                                       │
 9 │~                                       │
10 │~                                       │
11 │~                                       │
12 │~                                       │
13 │~                                       │
14 │~                                       │
15 │~                                       │
16 │~                                       │
17 │~                                       │
18 │demo.py               2,15           All│
19 │-- INSERT --                            │
    ────────────────────────────────────────

[TYPE] '\nprint("world")'

              1         2         3         
    0123456789012345678901234567890123456789
    ────────────────────────────────────────
 0 │# Demo                                  │
 1 │print("hello")                          │
 2 │print("world")                          │ ◂ cursor (2,14)
 3 │~                                       │
 4 │~                                       │
 5 │~                                       │
 6 │~                                       │
 7 │~                                       │
 8 │~                                       │
 9 │~                                       │
10 │~                                       │
11 │~                                       │
12 │~                                       │
13 │~                                       │
14 │~                                       │
15 │~                                       │
16 │~                                       │
17 │~                                       │
18 │demo.py [+]           3,15           All│
19 │-- INSERT --                            │
    ────────────────────────────────────────

[ESCAPE]

              1         2         3         
    0123456789012345678901234567890123456789
    ────────────────────────────────────────
 0 │# Demo                                  │
 1 │print("hello")                          │
 2 │print("world")                          │ ◂ cursor (2,13)
 3 │~                                       │
 4 │~                                       │
 5 │~                                       │
 6 │~                                       │
 7 │~                                       │
 8 │~                                       │
 9 │~                                       │
10 │~                                       │
11 │~                                       │
12 │~                                       │
13 │~                                       │
14 │~                                       │
15 │~                                       │
16 │~                                       │
17 │~                                       │
18 │demo.py [+]           3,14           All│
    ────────────────────────────────────────

[SAY] Now save. Colon W.
[KEYS] ':'
[OVERLAY] ⇧:  write

              1         2         3         
    0123456789012345678901234567890123456789
    ────────────────────────────────────────
 0 │# Demo                                  │
 1 │print("hello")                          │
 2 │print("world")                          │
 3 │~                                       │
 4 │~                                       │
 5 │~                                       │
 6 │~                                       │
 7 │~                                       │
 8 │~                                       │
 9 │~                                       │
10 │~                                       │
11 │~                                       │
12 │~                                       │
13 │~                                       │
14 │~                                       │
15 │~                                       │
16 │~                                       │
17 │~                                       │
18 │demo.py [+]           3,14           All│
19 │:                                       │ ◂ cursor (19,1)
    ────────────────────────────────────────

[TYPE] 'w'

              1         2         3         
    0123456789012345678901234567890123456789
    ────────────────────────────────────────
 0 │# Demo                                  │
 1 │print("hello")                          │
 2 │print("world")                          │
 3 │~                                       │
 4 │~                                       │
 5 │~                                       │
 6 │~                                       │
 7 │~                                       │
 8 │~                                       │
 9 │~                                       │
10 │~                                       │
11 │~                                       │
12 │~                                       │
13 │~                                       │
14 │~                                       │
15 │~                                       │
16 │~                                       │
17 │~                                       │
18 │demo.py [+]           3,14           All│
19 │:w                                      │ ◂ cursor (19,2)
    ────────────────────────────────────────

[EX_READY] ':w'

              1         2         3         
    0123456789012345678901234567890123456789
    ────────────────────────────────────────
 0 │# Demo                                  │
 1 │print("hello")                          │
 2 │print("world")                          │
 3 │~                                       │
 4 │~                                       │
 5 │~                                       │
 6 │~                                       │
 7 │~                                       │
 8 │~                                       │
 9 │~                                       │
10 │~                                       │
11 │~                                       │
12 │~                                       │
13 │~                                       │
14 │~                                       │
15 │~                                       │
16 │~                                       │
17 │~                                       │
18 │demo.py [+]           3,14           All│
19 │:w                                      │ ◂ cursor (19,2)
    ────────────────────────────────────────

[ENTER]

              1         2         3         
    0123456789012345678901234567890123456789
    ────────────────────────────────────────
 0 │# Demo                                  │
 1 │print("hello")                          │
 2 │print("world")                          │ ◂ cursor (2,13)
 3 │~                                       │
 4 │~                                       │
 5 │~                                       │
 6 │~                                       │
 7 │~                                       │
 8 │~                                       │
 9 │~                                       │
10 │~                                       │
11 │~                                       │
12 │~                                       │
13 │~                                       │
14 │~                                       │
15 │~                                       │
16 │~                                       │
17 │~                                       │
18 │demo.py               3,14           All│
19 │"demo.py" 3L, 37B written               │
    ────────────────────────────────────────

[SAY] Saved. Look at the bottom. It confirms the file was written with the byte count.
[SAY] Colon W. Save early, save often. You'll type it a thousand times.