[RECORDING_START] Screen state at recording start:

              1         2         3         
    0123456789012345678901234567890123456789
    ────────────────────────────────────────
 0 │name = "Malachar"                       │ ◂ cursor (0,0)
 1 │role = "sorcerer"                       │
 2 │hp = 80                                 │
 3 │~                                       │
 4 │~                                       │
 5 │~                                       │
 6 │~                                       │
 7 │~                                       │
 8 │~                                       │
 9 │~                                       │
10 │~                                       │
11 │~                                       │
12 │~                                       │
13 │~                                       │
14 │~                                       │
15 │~                                       │
16 │~                                       │
17 │~                                       │
18 │villain.py            1,1            All│
19 │:bnext                                  │
    ────────────────────────────────────────

[OVERLAY] VimFu — Ctrl-^
[SAY] Control caret switches to the alternate file. That's the last file you were editing. Think of it as a quick toggle.
[SAY] We're in villain dot py. The alternate file is hero dot py. Control caret.
[CTRL] ^
[OVERLAY] ⌃^  alternate file

              1         2         3         
    0123456789012345678901234567890123456789
    ────────────────────────────────────────
 0 │name = "Aria"                           │ ◂ cursor (0,0)
 1 │role = "knight"                         │
 2 │hp = 100                                │
 3 │~                                       │
 4 │~                                       │
 5 │~                                       │
 6 │~                                       │
 7 │~                                       │
 8 │~                                       │
 9 │~                                       │
10 │~                                       │
11 │~                                       │
12 │~                                       │
13 │~                                       │
14 │~                                       │
15 │~                                       │
16 │~                                       │
17 │~                                       │
18 │hero.py               1,1            All│
19 │:bnext                                  │
    ────────────────────────────────────────

[SAY] Now we're in hero dot py. Aria the knight.
[SAY] Control caret again.
[CTRL] ^
[OVERLAY] ⌃^  alternate file

              1         2         3         
    0123456789012345678901234567890123456789
    ────────────────────────────────────────
 0 │name = "Malachar"                       │ ◂ cursor (0,0)
 1 │role = "sorcerer"                       │
 2 │hp = 80                                 │
 3 │~                                       │
 4 │~                                       │
 5 │~                                       │
 6 │~                                       │
 7 │~                                       │
 8 │~                                       │
 9 │~                                       │
10 │~                                       │
11 │~                                       │
12 │~                                       │
13 │~                                       │
14 │~                                       │
15 │~                                       │
16 │~                                       │
17 │~                                       │
18 │villain.py            1,1            All│
19 │:bnext                                  │
    ────────────────────────────────────────

[SAY] Back to villain. Malachar the sorcerer. It flips between the two files instantly.
[SAY] One more flip.
[CTRL] ^
[OVERLAY] ⌃^  alternate file

              1         2         3         
    0123456789012345678901234567890123456789
    ────────────────────────────────────────
 0 │name = "Aria"                           │ ◂ cursor (0,0)
 1 │role = "knight"                         │
 2 │hp = 100                                │
 3 │~                                       │
 4 │~                                       │
 5 │~                                       │
 6 │~                                       │
 7 │~                                       │
 8 │~                                       │
 9 │~                                       │
10 │~                                       │
11 │~                                       │
12 │~                                       │
13 │~                                       │
14 │~                                       │
15 │~                                       │
16 │~                                       │
17 │~                                       │
18 │hero.py               1,1            All│
19 │:bnext                                  │
    ────────────────────────────────────────

[SAY] Hero again. No splits, no buffer commands. Just one keystroke to toggle.
[SAY] Control caret. Toggle between two files. The fastest file switch in Vim.