[RECORDING_START] Screen state at recording start:

              1         2         3         
    0123456789012345678901234567890123456789
    ────────────────────────────────────────
 0 │def greet(name):                        │ ◂ cursor (0,0)
 1 │    msg = f"Hello, {name}!"             │
 2 │    return msg                          │
 3 │                                        │
 4 │if __name__ == "__main__":              │
 5 │    print(greet("world"))               │
 6 │~                                       │
 7 │app.py                1,1            All│
 8 │                                        │
 9 │────────────────────────────────────────│
10 │➜  vimfu tmux select-pane -t 0          │
11 │➜  vimfu                                │
12 │                                        │
13 │                                        │
14 │                                        │
15 │                                        │
16 │                                        │
17 │                                        │
18 │                                        │
19 │[0] 0:zsh*       "vimfu" 10:43 26-Feb-26│
    ────────────────────────────────────────
[HIGHLIGHT] row 0, cols 1-39: "ef greet(name):"
[HIGHLIGHT] row 1, cols 0-39: "    msg = f"Hello, {name}!""
[HIGHLIGHT] row 2, cols 0-39: "    return msg"
[HIGHLIGHT] row 4, cols 0-39: "if __name__ == "__main__":"
[HIGHLIGHT] row 5, cols 0-39: "    print(greet("world"))"
[HIGHLIGHT] row 6, cols 0-39: "~"
[HIGHLIGHT] row 7, cols 0-39: "app.py                1,1            All"

[OVERLAY] VimFu — Zoom a Pane
[SAY] Control B, Z zooms the active pane to fill the whole window.
[SAY] Vim on top. Terminal on the bottom. I need more room in the editor. Control B, Z.
[KEYS] '\x02'
[OVERLAY] ⌃b  prefix

              1         2         3         
    0123456789012345678901234567890123456789
    ────────────────────────────────────────
 0 │def greet(name):                        │ ◂ cursor (0,0)
 1 │    msg = f"Hello, {name}!"             │
 2 │    return msg                          │
 3 │                                        │
 4 │if __name__ == "__main__":              │
 5 │    print(greet("world"))               │
 6 │~                                       │
 7 │app.py                1,1            All│
 8 │                                        │
 9 │────────────────────────────────────────│
10 │➜  vimfu tmux select-pane -t 0          │
11 │➜  vimfu                                │
12 │                                        │
13 │                                        │
14 │                                        │
15 │                                        │
16 │                                        │
17 │                                        │
18 │                                        │
19 │[0] 0:nvim*      "vimfu" 10:43 26-Feb-26│
    ────────────────────────────────────────
[HIGHLIGHT] row 0, cols 1-39: "ef greet(name):"
[HIGHLIGHT] row 1, cols 0-39: "    msg = f"Hello, {name}!""
[HIGHLIGHT] row 2, cols 0-39: "    return msg"
[HIGHLIGHT] row 4, cols 0-39: "if __name__ == "__main__":"
[HIGHLIGHT] row 5, cols 0-39: "    print(greet("world"))"
[HIGHLIGHT] row 6, cols 0-39: "~"
[HIGHLIGHT] row 7, cols 0-39: "app.py                1,1            All"

[KEYS] 'z'
[OVERLAY] z  zoom

              1         2         3         
    0123456789012345678901234567890123456789
    ────────────────────────────────────────
 0 │def greet(name):                        │ ◂ cursor (0,0)
 1 │    msg = f"Hello, {name}!"             │
 2 │    return msg                          │
 3 │                                        │
 4 │if __name__ == "__main__":              │
 5 │    print(greet("world"))               │
 6 │~                                       │
 7 │~                                       │
 8 │~                                       │
 9 │~                                       │
10 │~                                       │
11 │~                                       │
12 │~                                       │
13 │~                                       │
14 │~                                       │
15 │~                                       │
16 │~                                       │
17 │app.py                1,1            All│
18 │                                        │
19 │[0] 0:nvim*Z     "vimfu" 10:43 26-Feb-26│
    ────────────────────────────────────────
[HIGHLIGHT] row 17, cols 0-39: "app.py                1,1            All"

[SAY] The editor fills the screen. The terminal is still there, just hidden.
[SAY] Press it again to unzoom.
[KEYS] '\x02'
[OVERLAY] ⌃b  prefix

              1         2         3         
    0123456789012345678901234567890123456789
    ────────────────────────────────────────
 0 │def greet(name):                        │ ◂ cursor (0,0)
 1 │    msg = f"Hello, {name}!"             │
 2 │    return msg                          │
 3 │                                        │
 4 │if __name__ == "__main__":              │
 5 │    print(greet("world"))               │
 6 │~                                       │
 7 │~                                       │
 8 │~                                       │
 9 │~                                       │
10 │~                                       │
11 │~                                       │
12 │~                                       │
13 │~                                       │
14 │~                                       │
15 │~                                       │
16 │~                                       │
17 │app.py                1,1            All│
18 │                                        │
19 │[0] 0:nvim*Z     "vimfu" 10:44 26-Feb-26│
    ────────────────────────────────────────
[HIGHLIGHT] row 17, cols 0-39: "app.py                1,1            All"

[KEYS] 'z'
[OVERLAY] z  zoom

              1         2         3         
    0123456789012345678901234567890123456789
    ────────────────────────────────────────
 0 │def greet(name):                        │ ◂ cursor (0,0)
 1 │    msg = f"Hello, {name}!"             │
 2 │    return msg                          │
 3 │                                        │
 4 │if __name__ == "__main__":              │
 5 │    print(greet("world"))               │
 6 │~                                       │
 7 │app.py                1,1            All│
 8 │                                        │
 9 │────────────────────────────────────────│
10 │➜  vimfu tmux select-pane -t 0          │
11 │➜  vimfu                                │
12 │                                        │
13 │                                        │
14 │                                        │
15 │                                        │
16 │                                        │
17 │                                        │
18 │                                        │
19 │[0] 0:nvim*      "vimfu" 10:44 26-Feb-26│
    ────────────────────────────────────────
[HIGHLIGHT] row 0, cols 1-39: "ef greet(name):"
[HIGHLIGHT] row 1, cols 0-39: "    msg = f"Hello, {name}!""
[HIGHLIGHT] row 2, cols 0-39: "    return msg"
[HIGHLIGHT] row 4, cols 0-39: "if __name__ == "__main__":"
[HIGHLIGHT] row 5, cols 0-39: "    print(greet("world"))"
[HIGHLIGHT] row 6, cols 0-39: "~"
[HIGHLIGHT] row 7, cols 0-39: "app.py                1,1            All"

[SAY] Back to the split. Editor and terminal, side by side.
[SAY] Switch to the bottom pane and zoom it.
[KEYS] '\x02'
[OVERLAY] ⌃b  prefix

              1         2         3         
    0123456789012345678901234567890123456789
    ────────────────────────────────────────
 0 │def greet(name):                        │ ◂ cursor (0,0)
 1 │    msg = f"Hello, {name}!"             │
 2 │    return msg                          │
 3 │                                        │
 4 │if __name__ == "__main__":              │
 5 │    print(greet("world"))               │
 6 │~                                       │
 7 │app.py                1,1            All│
 8 │                                        │
 9 │────────────────────────────────────────│
10 │➜  vimfu tmux select-pane -t 0          │
11 │➜  vimfu                                │
12 │                                        │
13 │                                        │
14 │                                        │
15 │                                        │
16 │                                        │
17 │                                        │
18 │                                        │
19 │[0] 0:nvim*      "vimfu" 10:44 26-Feb-26│
    ────────────────────────────────────────
[HIGHLIGHT] row 0, cols 1-39: "ef greet(name):"
[HIGHLIGHT] row 1, cols 0-39: "    msg = f"Hello, {name}!""
[HIGHLIGHT] row 2, cols 0-39: "    return msg"
[HIGHLIGHT] row 4, cols 0-39: "if __name__ == "__main__":"
[HIGHLIGHT] row 5, cols 0-39: "    print(greet("world"))"
[HIGHLIGHT] row 6, cols 0-39: "~"
[HIGHLIGHT] row 7, cols 0-39: "app.py                1,1            All"

[KEYS] 'o'
[OVERLAY] o  next pane

              1         2         3         
    0123456789012345678901234567890123456789
    ────────────────────────────────────────
 0 │def greet(name):                        │
 1 │    msg = f"Hello, {name}!"             │
 2 │    return msg                          │
 3 │                                        │
 4 │if __name__ == "__main__":              │
 5 │    print(greet("world"))               │
 6 │~                                       │
 7 │app.py                1,1            All│
 8 │                                        │
 9 │────────────────────────────────────────│
10 │➜  vimfu tmux select-pane -t 0          │
11 │➜  vimfu                                │ ◂ cursor (11,9)
12 │                                        │
13 │                                        │
14 │                                        │
15 │                                        │
16 │                                        │
17 │                                        │
18 │                                        │
19 │[0] 0:zsh*       "vimfu" 10:44 26-Feb-26│
    ────────────────────────────────────────
[HIGHLIGHT] row 0, cols 0-39: "def greet(name):"
[HIGHLIGHT] row 1, cols 0-39: "    msg = f"Hello, {name}!""
[HIGHLIGHT] row 2, cols 0-39: "    return msg"
[HIGHLIGHT] row 4, cols 0-39: "if __name__ == "__main__":"
[HIGHLIGHT] row 5, cols 0-39: "    print(greet("world"))"
[HIGHLIGHT] row 6, cols 0-39: "~"
[HIGHLIGHT] row 7, cols 0-39: "app.py                1,1            All"

[KEYS] '\x02'
[OVERLAY] ⌃b  prefix

              1         2         3         
    0123456789012345678901234567890123456789
    ────────────────────────────────────────
 0 │def greet(name):                        │
 1 │    msg = f"Hello, {name}!"             │
 2 │    return msg                          │
 3 │                                        │
 4 │if __name__ == "__main__":              │
 5 │    print(greet("world"))               │
 6 │~                                       │
 7 │app.py                1,1            All│
 8 │                                        │
 9 │────────────────────────────────────────│
10 │➜  vimfu tmux select-pane -t 0          │
11 │➜  vimfu                                │ ◂ cursor (11,9)
12 │                                        │
13 │                                        │
14 │                                        │
15 │                                        │
16 │                                        │
17 │                                        │
18 │                                        │
19 │[0] 0:zsh*       "vimfu" 10:44 26-Feb-26│
    ────────────────────────────────────────
[HIGHLIGHT] row 0, cols 0-39: "def greet(name):"
[HIGHLIGHT] row 1, cols 0-39: "    msg = f"Hello, {name}!""
[HIGHLIGHT] row 2, cols 0-39: "    return msg"
[HIGHLIGHT] row 4, cols 0-39: "if __name__ == "__main__":"
[HIGHLIGHT] row 5, cols 0-39: "    print(greet("world"))"
[HIGHLIGHT] row 6, cols 0-39: "~"
[HIGHLIGHT] row 7, cols 0-39: "app.py                1,1            All"

[KEYS] 'z'
[OVERLAY] z  zoom

              1         2         3         
    0123456789012345678901234567890123456789
    ────────────────────────────────────────
 0 │➜  vimfu tmux select-pane -t 0          │
 1 │➜  vimfu                                │ ◂ cursor (1,9)
 2 │                                        │
 3 │                                        │
 4 │                                        │
 5 │                                        │
 6 │                                        │
 7 │                                        │
 8 │                                        │
 9 │                                        │
10 │                                        │
11 │                                        │
12 │                                        │
13 │                                        │
14 │                                        │
15 │                                        │
16 │                                        │
17 │                                        │
18 │                                        │
19 │[0] 0:zsh*Z      "vimfu" 10:44 26-Feb-26│
    ────────────────────────────────────────

[SAY] Now the terminal fills the screen.
[SAY] Unzoom.
[KEYS] '\x02'
[OVERLAY] ⌃b  prefix

              1         2         3         
    0123456789012345678901234567890123456789
    ────────────────────────────────────────
 0 │➜  vimfu tmux select-pane -t 0          │
 1 │➜  vimfu                                │ ◂ cursor (1,9)
 2 │                                        │
 3 │                                        │
 4 │                                        │
 5 │                                        │
 6 │                                        │
 7 │                                        │
 8 │                                        │
 9 │                                        │
10 │                                        │
11 │                                        │
12 │                                        │
13 │                                        │
14 │                                        │
15 │                                        │
16 │                                        │
17 │                                        │
18 │                                        │
19 │[0] 0:zsh*Z      "vimfu" 10:44 26-Feb-26│
    ────────────────────────────────────────

[KEYS] 'z'
[OVERLAY] z  zoom

              1         2         3         
    0123456789012345678901234567890123456789
    ────────────────────────────────────────
 0 │def greet(name):                        │
 1 │    msg = f"Hello, {name}!"             │
 2 │    return msg                          │
 3 │                                        │
 4 │if __name__ == "__main__":              │
 5 │    print(greet("world"))               │
 6 │~                                       │
 7 │app.py                1,1            All│
 8 │                                        │
 9 │────────────────────────────────────────│
10 │➜  vimfu tmux select-pane -t 0          │
11 │➜  vimfu                                │ ◂ cursor (11,9)
12 │                                        │
13 │                                        │
14 │                                        │
15 │                                        │
16 │                                        │
17 │                                        │
18 │                                        │
19 │[0] 0:zsh*       "vimfu" 10:44 26-Feb-26│
    ────────────────────────────────────────
[HIGHLIGHT] row 0, cols 0-39: "def greet(name):"
[HIGHLIGHT] row 1, cols 0-39: "    msg = f"Hello, {name}!""
[HIGHLIGHT] row 2, cols 0-39: "    return msg"
[HIGHLIGHT] row 4, cols 0-39: "if __name__ == "__main__":"
[HIGHLIGHT] row 5, cols 0-39: "    print(greet("world"))"
[HIGHLIGHT] row 6, cols 0-39: "~"
[HIGHLIGHT] row 7, cols 0-39: "app.py                1,1            All"

[SAY] Control B, Z. Zoom in, zoom out. Temporary full screen whenever you need it.