[RECORDING_START] Screen state at recording start:

              1         2         3         
    0123456789012345678901234567890123456789
    ────────────────────────────────────────
 0 │# pet stats                             │ ◂ cursor (0,0)
 1 │cat  = 9                                │
 2 │dog  = 7                                │
 3 │fish = 3                                │
 4 │bird = 5                                │
 5 │~                                       │
 6 │~                                       │
 7 │~                                       │
 8 │~                                       │
 9 │~                                       │
10 │~                                       │
11 │~                                       │
12 │~                                       │
13 │~                                       │
14 │~                                       │
15 │~                                       │
16 │~                                       │
17 │~                                       │
18 │pet.py                1,1            All│
    ────────────────────────────────────────

[OVERLAY] VimFu — Switching Visual Modes
[SAY] You can switch between visual modes without leaving visual mode.
[SAY] Start with lowercase V on the cat line. Select a few characters.
[KEYS] 'j'
[OVERLAY] j  down

              1         2         3         
    0123456789012345678901234567890123456789
    ────────────────────────────────────────
 0 │# pet stats                             │
 1 │cat  = 9                                │ ◂ cursor (1,0)
 2 │dog  = 7                                │
 3 │fish = 3                                │
 4 │bird = 5                                │
 5 │~                                       │
 6 │~                                       │
 7 │~                                       │
 8 │~                                       │
 9 │~                                       │
10 │~                                       │
11 │~                                       │
12 │~                                       │
13 │~                                       │
14 │~                                       │
15 │~                                       │
16 │~                                       │
17 │~                                       │
18 │pet.py                2,1            All│
    ────────────────────────────────────────

[KEYS] 'v'
[OVERLAY] v  visual

              1         2         3         
    0123456789012345678901234567890123456789
    ────────────────────────────────────────
 0 │# pet stats                             │
 1 │cat  = 9                                │ ◂ cursor (1,0)
 2 │dog  = 7                                │
 3 │fish = 3                                │
 4 │bird = 5                                │
 5 │~                                       │
 6 │~                                       │
 7 │~                                       │
 8 │~                                       │
 9 │~                                       │
10 │~                                       │
11 │~                                       │
12 │~                                       │
13 │~                                       │
14 │~                                       │
15 │~                                       │
16 │~                                       │
17 │~                                       │
18 │pet.py                2,1            All│
19 │-- VISUAL --                 1          │
    ────────────────────────────────────────

[KEYS] 'e'
[OVERLAY] e  end of word

              1         2         3         
    0123456789012345678901234567890123456789
    ────────────────────────────────────────
 0 │# pet stats                             │
 1 │cat  = 9                                │ ◂ cursor (1,2)
 2 │dog  = 7                                │
 3 │fish = 3                                │
 4 │bird = 5                                │
 5 │~                                       │
 6 │~                                       │
 7 │~                                       │
 8 │~                                       │
 9 │~                                       │
10 │~                                       │
11 │~                                       │
12 │~                                       │
13 │~                                       │
14 │~                                       │
15 │~                                       │
16 │~                                       │
17 │~                                       │
18 │pet.py                2,3            All│
19 │-- VISUAL --                 3          │
    ────────────────────────────────────────
[HIGHLIGHT] row 1, cols 0-2: "ca"

[SAY] Character selection. Now press capital V to switch to line mode.
[KEYS] 'V'
[OVERLAY] ⇧V  visual line

              1         2         3         
    0123456789012345678901234567890123456789
    ────────────────────────────────────────
 0 │# pet stats                             │
 1 │cat  = 9                                │ ◂ cursor (1,2)
 2 │dog  = 7                                │
 3 │fish = 3                                │
 4 │bird = 5                                │
 5 │~                                       │
 6 │~                                       │
 7 │~                                       │
 8 │~                                       │
 9 │~                                       │
10 │~                                       │
11 │~                                       │
12 │~                                       │
13 │~                                       │
14 │~                                       │
15 │~                                       │
16 │~                                       │
17 │~                                       │
18 │pet.py                2,3            All│
19 │-- VISUAL LINE --            1          │
    ────────────────────────────────────────
[HIGHLIGHT] row 1, cols 0-7: "ca  = 9"

[SAY] Now the whole line is selected. Same starting point, different mode.
[SAY] Control V to switch to block mode.
[KEYS] '\x16'
[OVERLAY] ⌃v  visual block

              1         2         3         
    0123456789012345678901234567890123456789
    ────────────────────────────────────────
 0 │# pet stats                             │
 1 │cat  = 9                                │ ◂ cursor (1,2)
 2 │dog  = 7                                │
 3 │fish = 3                                │
 4 │bird = 5                                │
 5 │~                                       │
 6 │~                                       │
 7 │~                                       │
 8 │~                                       │
 9 │~                                       │
10 │~                                       │
11 │~                                       │
12 │~                                       │
13 │~                                       │
14 │~                                       │
15 │~                                       │
16 │~                                       │
17 │~                                       │
18 │pet.py                2,3            All│
19 │-- VISUAL BLOCK --           1x3        │
    ────────────────────────────────────────
[HIGHLIGHT] row 1, cols 0-2: "ca"

[SAY] Now it is a block selection. Three modes, same anchor point.
[SAY] Extend the block down with J J.
[KEYS] 'j'
[OVERLAY] j  down

              1         2         3         
    0123456789012345678901234567890123456789
    ────────────────────────────────────────
 0 │# pet stats                             │
 1 │cat  = 9                                │
 2 │dog  = 7                                │ ◂ cursor (2,2)
 3 │fish = 3                                │
 4 │bird = 5                                │
 5 │~                                       │
 6 │~                                       │
 7 │~                                       │
 8 │~                                       │
 9 │~                                       │
10 │~                                       │
11 │~                                       │
12 │~                                       │
13 │~                                       │
14 │~                                       │
15 │~                                       │
16 │~                                       │
17 │~                                       │
18 │pet.py                3,3            All│
19 │-- VISUAL BLOCK --           2x3        │
    ────────────────────────────────────────
[HIGHLIGHT] row 1, cols 0-2: "cat"
[HIGHLIGHT] row 2, cols 0-2: "do"

[KEYS] 'j'
[OVERLAY] j  down

              1         2         3         
    0123456789012345678901234567890123456789
    ────────────────────────────────────────
 0 │# pet stats                             │
 1 │cat  = 9                                │
 2 │dog  = 7                                │
 3 │fish = 3                                │ ◂ cursor (3,2)
 4 │bird = 5                                │
 5 │~                                       │
 6 │~                                       │
 7 │~                                       │
 8 │~                                       │
 9 │~                                       │
10 │~                                       │
11 │~                                       │
12 │~                                       │
13 │~                                       │
14 │~                                       │
15 │~                                       │
16 │~                                       │
17 │~                                       │
18 │pet.py                4,3            All│
19 │-- VISUAL BLOCK --           3x3        │
    ────────────────────────────────────────
[HIGHLIGHT] row 1, cols 0-2: "cat"
[HIGHLIGHT] row 2, cols 0-2: "dog"
[HIGHLIGHT] row 3, cols 0-2: "fi"

[SAY] A rectangle across three lines.
[SAY] Capital V again. Back to line mode, now covering three lines.
[KEYS] 'V'
[OVERLAY] ⇧V  visual line

              1         2         3         
    0123456789012345678901234567890123456789
    ────────────────────────────────────────
 0 │# pet stats                             │
 1 │cat  = 9                                │
 2 │dog  = 7                                │
 3 │fish = 3                                │ ◂ cursor (3,2)
 4 │bird = 5                                │
 5 │~                                       │
 6 │~                                       │
 7 │~                                       │
 8 │~                                       │
 9 │~                                       │
10 │~                                       │
11 │~                                       │
12 │~                                       │
13 │~                                       │
14 │~                                       │
15 │~                                       │
16 │~                                       │
17 │~                                       │
18 │pet.py                4,3            All│
19 │-- VISUAL LINE --            3          │
    ────────────────────────────────────────
[HIGHLIGHT] row 1, cols 0-7: "cat  = 9"
[HIGHLIGHT] row 2, cols 0-7: "dog  = 7"
[HIGHLIGHT] row 3, cols 0-7: "fih = 3"

[SAY] Three full lines selected. You can keep switching until the selection is exactly what you want.
[ESCAPE]

              1         2         3         
    0123456789012345678901234567890123456789
    ────────────────────────────────────────
 0 │# pet stats                             │
 1 │cat  = 9                                │
 2 │dog  = 7                                │
 3 │fish = 3                                │ ◂ cursor (3,2)
 4 │bird = 5                                │
 5 │~                                       │
 6 │~                                       │
 7 │~                                       │
 8 │~                                       │
 9 │~                                       │
10 │~                                       │
11 │~                                       │
12 │~                                       │
13 │~                                       │
14 │~                                       │
15 │~                                       │
16 │~                                       │
17 │~                                       │
18 │pet.py                4,3            All│
    ────────────────────────────────────────

[SAY] V, capital V, control V. Switch freely between visual modes mid-selection.