[RECORDING_START] Screen state at recording start:

              1         2         3         
    0123456789012345678901234567890123456789
    ────────────────────────────────────────
 0 │hero = "dark-knight"                    │ ◂ cursor (0,0)
 1 │quest = hero + ".save-realm"            │
 2 │hp = 100                                │
 3 │weapon = "flame-sword"                  │
 4 │path = "/dungeon/boss-lair"             │
 5 │~                                       │
 6 │~                                       │
 7 │~                                       │
 8 │~                                       │
 9 │~                                       │
10 │~                                       │
11 │~                                       │
12 │~                                       │
13 │~                                       │
14 │~                                       │
15 │~                                       │
16 │~                                       │
17 │~                                       │
18 │quest.py              1,1            All│
    ────────────────────────────────────────

[OVERLAY] VimFu — Inner Word / A Word
[SAY] Text objects let you act on a word at once. No counting.
[SAY] Cursor is on 'hero'. C I W changes the inner word.
[KEYS] 'ciw'
[OVERLAY] ciw  change inner word

              1         2         3         
    0123456789012345678901234567890123456789
    ────────────────────────────────────────
 0 │ = "dark-knight"                        │ ◂ cursor (0,0)
 1 │quest = hero + ".save-realm"            │
 2 │hp = 100                                │
 3 │weapon = "flame-sword"                  │
 4 │path = "/dungeon/boss-lair"             │
 5 │~                                       │
 6 │~                                       │
 7 │~                                       │
 8 │~                                       │
 9 │~                                       │
10 │~                                       │
11 │~                                       │
12 │~                                       │
13 │~                                       │
14 │~                                       │
15 │~                                       │
16 │~                                       │
17 │~                                       │
18 │quest.py [+]          1,1            All│
19 │-- INSERT --                            │
    ────────────────────────────────────────

[TYPE] 'player'

              1         2         3         
    0123456789012345678901234567890123456789
    ────────────────────────────────────────
 0 │player = "dark-knight"                  │ ◂ cursor (0,6)
 1 │quest = hero + ".save-realm"            │
 2 │hp = 100                                │
 3 │weapon = "flame-sword"                  │
 4 │path = "/dungeon/boss-lair"             │
 5 │~                                       │
 6 │~                                       │
 7 │~                                       │
 8 │~                                       │
 9 │~                                       │
10 │~                                       │
11 │~                                       │
12 │~                                       │
13 │~                                       │
14 │~                                       │
15 │~                                       │
16 │~                                       │
17 │~                                       │
18 │quest.py [+]          1,7            All│
19 │-- INSERT --                            │
    ────────────────────────────────────────

[ESCAPE]

              1         2         3         
    0123456789012345678901234567890123456789
    ────────────────────────────────────────
 0 │player = "dark-knight"                  │ ◂ cursor (0,5)
 1 │quest = hero + ".save-realm"            │
 2 │hp = 100                                │
 3 │weapon = "flame-sword"                  │
 4 │path = "/dungeon/boss-lair"             │
 5 │~                                       │
 6 │~                                       │
 7 │~                                       │
 8 │~                                       │
 9 │~                                       │
10 │~                                       │
11 │~                                       │
12 │~                                       │
13 │~                                       │
14 │~                                       │
15 │~                                       │
16 │~                                       │
17 │~                                       │
18 │quest.py [+]          1,6            All│
    ────────────────────────────────────────

[SAY] Deleted the word and dropped into insert mode.
[SAY] Undo.
[KEYS] 'u'
[OVERLAY] u  undo

              1         2         3         
    0123456789012345678901234567890123456789
    ────────────────────────────────────────
 0 │hero = "dark-knight"                    │ ◂ cursor (0,0)
 1 │quest = hero + ".save-realm"            │
 2 │hp = 100                                │
 3 │weapon = "flame-sword"                  │
 4 │path = "/dungeon/boss-lair"             │
 5 │~                                       │
 6 │~                                       │
 7 │~                                       │
 8 │~                                       │
 9 │~                                       │
10 │~                                       │
11 │~                                       │
12 │~                                       │
13 │~                                       │
14 │~                                       │
15 │~                                       │
16 │~                                       │
17 │~                                       │
18 │quest.py              1,1            All│
19 │1 change; be...5 seconds ago            │
    ────────────────────────────────────────

[SAY] D A W deletes the word plus surrounding space.
[KEYS] 'jw'
[OVERLAY] jw

              1         2         3         
    0123456789012345678901234567890123456789
    ────────────────────────────────────────
 0 │hero = "dark-knight"                    │
 1 │quest = hero + ".save-realm"            │ ◂ cursor (1,6)
 2 │hp = 100                                │
 3 │weapon = "flame-sword"                  │
 4 │path = "/dungeon/boss-lair"             │
 5 │~                                       │
 6 │~                                       │
 7 │~                                       │
 8 │~                                       │
 9 │~                                       │
10 │~                                       │
11 │~                                       │
12 │~                                       │
13 │~                                       │
14 │~                                       │
15 │~                                       │
16 │~                                       │
17 │~                                       │
18 │quest.py              2,7            All│
19 │1 change; be...5 seconds ago            │
    ────────────────────────────────────────

[KEYS] 'daw'
[OVERLAY] daw  delete a word

              1         2         3         
    0123456789012345678901234567890123456789
    ────────────────────────────────────────
 0 │hero = "dark-knight"                    │
 1 │quest hero + ".save-realm"              │ ◂ cursor (1,6)
 2 │hp = 100                                │
 3 │weapon = "flame-sword"                  │
 4 │path = "/dungeon/boss-lair"             │
 5 │~                                       │
 6 │~                                       │
 7 │~                                       │
 8 │~                                       │
 9 │~                                       │
10 │~                                       │
11 │~                                       │
12 │~                                       │
13 │~                                       │
14 │~                                       │
15 │~                                       │
16 │~                                       │
17 │~                                       │
18 │quest.py [+]          2,7            All│
19 │1 change; be...5 seconds ago            │
    ────────────────────────────────────────

[SAY] Clean. No leftover gap. I W versus A W.
[SAY] Undo.
[KEYS] 'u'
[OVERLAY] u  undo

              1         2         3         
    0123456789012345678901234567890123456789
    ────────────────────────────────────────
 0 │hero = "dark-knight"                    │
 1 │quest = hero + ".save-realm"            │ ◂ cursor (1,6)
 2 │hp = 100                                │
 3 │weapon = "flame-sword"                  │
 4 │path = "/dungeon/boss-lair"             │
 5 │~                                       │
 6 │~                                       │
 7 │~                                       │
 8 │~                                       │
 9 │~                                       │
10 │~                                       │
11 │~                                       │
12 │~                                       │
13 │~                                       │
14 │~                                       │
15 │~                                       │
16 │~                                       │
17 │~                                       │
18 │quest.py              2,7            All│
19 │1 change; be...5 seconds ago            │
    ────────────────────────────────────────

[SAY] Lowercase W treats hyphens as word boundaries.
[KEYS] 'gg'
[OVERLAY] gg

              1         2         3         
    0123456789012345678901234567890123456789
    ────────────────────────────────────────
 0 │hero = "dark-knight"                    │ ◂ cursor (0,6)
 1 │quest = hero + ".save-realm"            │
 2 │hp = 100                                │
 3 │weapon = "flame-sword"                  │
 4 │path = "/dungeon/boss-lair"             │
 5 │~                                       │
 6 │~                                       │
 7 │~                                       │
 8 │~                                       │
 9 │~                                       │
10 │~                                       │
11 │~                                       │
12 │~                                       │
13 │~                                       │
14 │~                                       │
15 │~                                       │
16 │~                                       │
17 │~                                       │
18 │quest.py              1,7            All│
19 │1 change; be...5 seconds ago            │
    ────────────────────────────────────────

[KEYS] 'f-l'
[OVERLAY] f-l

              1         2         3         
    0123456789012345678901234567890123456789
    ────────────────────────────────────────
 0 │hero = "dark-knight"                    │ ◂ cursor (0,13)
 1 │quest = hero + ".save-realm"            │
 2 │hp = 100                                │
 3 │weapon = "flame-sword"                  │
 4 │path = "/dungeon/boss-lair"             │
 5 │~                                       │
 6 │~                                       │
 7 │~                                       │
 8 │~                                       │
 9 │~                                       │
10 │~                                       │
11 │~                                       │
12 │~                                       │
13 │~                                       │
14 │~                                       │
15 │~                                       │
16 │~                                       │
17 │~                                       │
18 │quest.py              1,14           All│
19 │1 change; be...5 seconds ago            │
    ────────────────────────────────────────

[SAY] Cursor is on 'knight'. V I W.
[KEYS] 'viw'
[OVERLAY] viw  visual inner word

              1         2         3         
    0123456789012345678901234567890123456789
    ────────────────────────────────────────
 0 │hero = "dark-knight"                    │ ◂ cursor (0,18)
 1 │quest = hero + ".save-realm"            │
 2 │hp = 100                                │
 3 │weapon = "flame-sword"                  │
 4 │path = "/dungeon/boss-lair"             │
 5 │~                                       │
 6 │~                                       │
 7 │~                                       │
 8 │~                                       │
 9 │~                                       │
10 │~                                       │
11 │~                                       │
12 │~                                       │
13 │~                                       │
14 │~                                       │
15 │~                                       │
16 │~                                       │
17 │~                                       │
18 │quest.py              1,19           All│
19 │-- VISUAL --                 6          │
    ────────────────────────────────────────
[HIGHLIGHT] row 0, cols 13-18: "knigh"

[SAY] Just 'knight'. The hyphen split it.
[ESCAPE]

              1         2         3         
    0123456789012345678901234567890123456789
    ────────────────────────────────────────
 0 │hero = "dark-knight"                    │ ◂ cursor (0,18)
 1 │quest = hero + ".save-realm"            │
 2 │hp = 100                                │
 3 │weapon = "flame-sword"                  │
 4 │path = "/dungeon/boss-lair"             │
 5 │~                                       │
 6 │~                                       │
 7 │~                                       │
 8 │~                                       │
 9 │~                                       │
10 │~                                       │
11 │~                                       │
12 │~                                       │
13 │~                                       │
14 │~                                       │
15 │~                                       │
16 │~                                       │
17 │~                                       │
18 │quest.py              1,19           All│
    ────────────────────────────────────────

[SAY] Now capital W. V I capital W.
[KEYS] 'viW'
[OVERLAY] viW  visual inner WORD

              1         2         3         
    0123456789012345678901234567890123456789
    ────────────────────────────────────────
 0 │hero = "dark-knight"                    │ ◂ cursor (0,19)
 1 │quest = hero + ".save-realm"            │
 2 │hp = 100                                │
 3 │weapon = "flame-sword"                  │
 4 │path = "/dungeon/boss-lair"             │
 5 │~                                       │
 6 │~                                       │
 7 │~                                       │
 8 │~                                       │
 9 │~                                       │
10 │~                                       │
11 │~                                       │
12 │~                                       │
13 │~                                       │
14 │~                                       │
15 │~                                       │
16 │~                                       │
17 │~                                       │
18 │quest.py              1,20           All│
19 │-- VISUAL --                 13         │
    ────────────────────────────────────────
[HIGHLIGHT] row 0, cols 7-19: ""dark-knight"

[SAY] The whole thing, quotes and all. Capital W means whitespace-delimited.
[ESCAPE]

              1         2         3         
    0123456789012345678901234567890123456789
    ────────────────────────────────────────
 0 │hero = "dark-knight"                    │ ◂ cursor (0,19)
 1 │quest = hero + ".save-realm"            │
 2 │hp = 100                                │
 3 │weapon = "flame-sword"                  │
 4 │path = "/dungeon/boss-lair"             │
 5 │~                                       │
 6 │~                                       │
 7 │~                                       │
 8 │~                                       │
 9 │~                                       │
10 │~                                       │
11 │~                                       │
12 │~                                       │
13 │~                                       │
14 │~                                       │
15 │~                                       │
16 │~                                       │
17 │~                                       │
18 │quest.py              1,20           All│
    ────────────────────────────────────────

[SAY] C I capital W replaces a whole compound expression.
[KEYS] 'jf.'
[OVERLAY] jf.

              1         2         3         
    0123456789012345678901234567890123456789
    ────────────────────────────────────────
 0 │hero = "dark-knight"                    │
 1 │quest = hero + ".save-realm"            │ ◂ cursor (1,19)
 2 │hp = 100                                │
 3 │weapon = "flame-sword"                  │
 4 │path = "/dungeon/boss-lair"             │
 5 │~                                       │
 6 │~                                       │
 7 │~                                       │
 8 │~                                       │
 9 │~                                       │
10 │~                                       │
11 │~                                       │
12 │~                                       │
13 │~                                       │
14 │~                                       │
15 │~                                       │
16 │~                                       │
17 │~                                       │
18 │quest.py              2,20           All│
    ────────────────────────────────────────

[KEYS] 'ciW'
[OVERLAY] ciW  change inner WORD

              1         2         3         
    0123456789012345678901234567890123456789
    ────────────────────────────────────────
 0 │hero = "dark-knight"                    │
 1 │quest = hero +                          │ ◂ cursor (1,15)
 2 │hp = 100                                │
 3 │weapon = "flame-sword"                  │
 4 │path = "/dungeon/boss-lair"             │
 5 │~                                       │
 6 │~                                       │
 7 │~                                       │
 8 │~                                       │
 9 │~                                       │
10 │~                                       │
11 │~                                       │
12 │~                                       │
13 │~                                       │
14 │~                                       │
15 │~                                       │
16 │~                                       │
17 │~                                       │
18 │quest.py [+]          2,16           All│
19 │-- INSERT --                            │
    ────────────────────────────────────────

[TYPE] '"begin-quest"'

              1         2         3         
    0123456789012345678901234567890123456789
    ────────────────────────────────────────
 0 │hero = "dark-knight"                    │
 1 │quest = hero + "begin-quest"            │ ◂ cursor (1,28)
 2 │hp = 100                                │
 3 │weapon = "flame-sword"                  │
 4 │path = "/dungeon/boss-lair"             │
 5 │~                                       │
 6 │~                                       │
 7 │~                                       │
 8 │~                                       │
 9 │~                                       │
10 │~                                       │
11 │~                                       │
12 │~                                       │
13 │~                                       │
14 │~                                       │
15 │~                                       │
16 │~                                       │
17 │~                                       │
18 │quest.py [+]          2,29           All│
19 │-- INSERT --                            │
    ────────────────────────────────────────

[ESCAPE]

              1         2         3         
    0123456789012345678901234567890123456789
    ────────────────────────────────────────
 0 │hero = "dark-knight"                    │
 1 │quest = hero + "begin-quest"            │ ◂ cursor (1,27)
 2 │hp = 100                                │
 3 │weapon = "flame-sword"                  │
 4 │path = "/dungeon/boss-lair"             │
 5 │~                                       │
 6 │~                                       │
 7 │~                                       │
 8 │~                                       │
 9 │~                                       │
10 │~                                       │
11 │~                                       │
12 │~                                       │
13 │~                                       │
14 │~                                       │
15 │~                                       │
16 │~                                       │
17 │~                                       │
18 │quest.py [+]          2,28           All│
    ────────────────────────────────────────

[SAY] One command. Dots, hyphens, quotes — all replaced.
[SAY] Undo.
[KEYS] 'u'
[OVERLAY] u  undo

              1         2         3         
    0123456789012345678901234567890123456789
    ────────────────────────────────────────
 0 │hero = "dark-knight"                    │
 1 │quest = hero + ".save-realm"            │ ◂ cursor (1,15)
 2 │hp = 100                                │
 3 │weapon = "flame-sword"                  │
 4 │path = "/dungeon/boss-lair"             │
 5 │~                                       │
 6 │~                                       │
 7 │~                                       │
 8 │~                                       │
 9 │~                                       │
10 │~                                       │
11 │~                                       │
12 │~                                       │
13 │~                                       │
14 │~                                       │
15 │~                                       │
16 │~                                       │
17 │~                                       │
18 │quest.py              2,16           All│
19 │1 change; be...6 seconds ago            │
    ────────────────────────────────────────

[SAY] Lowercase W for words. Capital W for WORDs. I for inner, A for around.