[RECORDING_START] Screen state at recording start:

              1         2         3         
    0123456789012345678901234567890123456789
    ────────────────────────────────────────
 0 │r01 = "bronze"                          │ ◂ cursor (0,0)
 1 │r02 = "silver"                          │
 2 │r03 = "gold"                            │
 3 │r04 = "plat"                            │
 4 │r05 = "diamond"                         │
 5 │r06 = "master"                          │
 6 │r07 = "legend"                          │
 7 │r08 = "myth"                            │
 8 │r09 = "titan"                           │
 9 │r10 = "cosmic"                          │
10 │r11 = "void"                            │
11 │r12 = "omega"                           │
12 │r13 = "apex"                            │
13 │r14 = "prime"                           │
14 │r15 = "ultra"                           │
15 │r16 = "zenith"                          │
16 │r17 = "astral"                          │
17 │r18 = "eternal"                         │
18 │rank.py               1,1            All│
    ────────────────────────────────────────

[OVERLAY] VimFu — The M Key
[SAY] Capital M moves your cursor to the middle of the screen. M for middle.
[SAY] Cursor at the top. Capital M.
[KEYS] 'M'
[OVERLAY] ⇧M  screen middle

              1         2         3         
    0123456789012345678901234567890123456789
    ────────────────────────────────────────
 0 │r01 = "bronze"                          │
 1 │r02 = "silver"                          │
 2 │r03 = "gold"                            │
 3 │r04 = "plat"                            │
 4 │r05 = "diamond"                         │
 5 │r06 = "master"                          │
 6 │r07 = "legend"                          │
 7 │r08 = "myth"                            │
 8 │r09 = "titan"                           │ ◂ cursor (8,0)
 9 │r10 = "cosmic"                          │
10 │r11 = "void"                            │
11 │r12 = "omega"                           │
12 │r13 = "apex"                            │
13 │r14 = "prime"                           │
14 │r15 = "ultra"                           │
15 │r16 = "zenith"                          │
16 │r17 = "astral"                          │
17 │r18 = "eternal"                         │
18 │rank.py               9,1            All│
    ────────────────────────────────────────

[SAY] Right in the center of the screen.
[SAY] Watch all three. H to top.
[KEYS] 'H'
[OVERLAY] ⇧H  screen top

              1         2         3         
    0123456789012345678901234567890123456789
    ────────────────────────────────────────
 0 │r01 = "bronze"                          │ ◂ cursor (0,0)
 1 │r02 = "silver"                          │
 2 │r03 = "gold"                            │
 3 │r04 = "plat"                            │
 4 │r05 = "diamond"                         │
 5 │r06 = "master"                          │
 6 │r07 = "legend"                          │
 7 │r08 = "myth"                            │
 8 │r09 = "titan"                           │
 9 │r10 = "cosmic"                          │
10 │r11 = "void"                            │
11 │r12 = "omega"                           │
12 │r13 = "apex"                            │
13 │r14 = "prime"                           │
14 │r15 = "ultra"                           │
15 │r16 = "zenith"                          │
16 │r17 = "astral"                          │
17 │r18 = "eternal"                         │
18 │rank.py               1,1            All│
    ────────────────────────────────────────

[SAY] L to bottom.
[KEYS] 'L'
[OVERLAY] ⇧L  screen bottom

              1         2         3         
    0123456789012345678901234567890123456789
    ────────────────────────────────────────
 0 │r01 = "bronze"                          │
 1 │r02 = "silver"                          │
 2 │r03 = "gold"                            │
 3 │r04 = "plat"                            │
 4 │r05 = "diamond"                         │
 5 │r06 = "master"                          │
 6 │r07 = "legend"                          │
 7 │r08 = "myth"                            │
 8 │r09 = "titan"                           │
 9 │r10 = "cosmic"                          │
10 │r11 = "void"                            │
11 │r12 = "omega"                           │
12 │r13 = "apex"                            │
13 │r14 = "prime"                           │
14 │r15 = "ultra"                           │
15 │r16 = "zenith"                          │
16 │r17 = "astral"                          │
17 │r18 = "eternal"                         │ ◂ cursor (17,0)
18 │rank.py               18,1           All│
    ────────────────────────────────────────

[SAY] M back to middle.
[KEYS] 'M'
[OVERLAY] ⇧M  screen middle

              1         2         3         
    0123456789012345678901234567890123456789
    ────────────────────────────────────────
 0 │r01 = "bronze"                          │
 1 │r02 = "silver"                          │
 2 │r03 = "gold"                            │
 3 │r04 = "plat"                            │
 4 │r05 = "diamond"                         │
 5 │r06 = "master"                          │
 6 │r07 = "legend"                          │
 7 │r08 = "myth"                            │
 8 │r09 = "titan"                           │ ◂ cursor (8,0)
 9 │r10 = "cosmic"                          │
10 │r11 = "void"                            │
11 │r12 = "omega"                           │
12 │r13 = "apex"                            │
13 │r14 = "prime"                           │
14 │r15 = "ultra"                           │
15 │r16 = "zenith"                          │
16 │r17 = "astral"                          │
17 │r18 = "eternal"                         │
18 │rank.py               9,1            All│
    ────────────────────────────────────────

[SAY] Three keys to jump anywhere on the visible screen. No scrolling.
[SAY] Capital M. Middle of the screen. Combine with H and L for full screen navigation.