[RECORDING_START] Screen state at recording start:

              1         2         3         
    0123456789012345678901234567890123456789
    ────────────────────────────────────────
 0 │# Source Code                           │ ◂ cursor (0,0)
 1 │def add(a, b):                          │
 2 │    return a + b                        │
 3 │def mul(a, b):                          │
 4 │    return a * b                        │
 5 │~                                       │
 6 │~                                       │
 7 │~                                       │
 8 │~                                       │
 9 │source.py             1,1            All│
10 │# Test File                             │
11 │assert add(2, 3) == 5                   │
12 │assert mul(4, 5) == 20                  │
13 │print("All tests pass!")                │
14 │~                                       │
15 │~                                       │
16 │~                                       │
17 │~                                       │
18 │test.py               1,1            All│
    ────────────────────────────────────────
[HIGHLIGHT] row 9, cols 0-39: "source.py             1,1            All"

[OVERLAY] VimFu — Ctrl-W p — Previous Window
[SAY] Control W P jumps to the last window you were in. Like alt-tab for Vim windows.
[SAY] Source code on top. Tests on bottom. Move to the tests.
[KEYS] '\x17j'
[OVERLAY] ⌃wj  to tests

              1         2         3         
    0123456789012345678901234567890123456789
    ────────────────────────────────────────
 0 │# Source Code                           │
 1 │def add(a, b):                          │
 2 │    return a + b                        │
 3 │def mul(a, b):                          │
 4 │    return a * b                        │
 5 │~                                       │
 6 │~                                       │
 7 │~                                       │
 8 │~                                       │
 9 │source.py             1,1            All│
10 │# Test File                             │ ◂ cursor (10,0)
11 │assert add(2, 3) == 5                   │
12 │assert mul(4, 5) == 20                  │
13 │print("All tests pass!")                │
14 │~                                       │
15 │~                                       │
16 │~                                       │
17 │~                                       │
18 │test.py               1,1            All│
    ────────────────────────────────────────
[HIGHLIGHT] row 9, cols 0-39: "source.py             1,1            All"

[SAY] Now Control W P to jump back to the source.
[KEYS] '\x17p'
[OVERLAY] ⌃wp  previous window

              1         2         3         
    0123456789012345678901234567890123456789
    ────────────────────────────────────────
 0 │# Source Code                           │ ◂ cursor (0,0)
 1 │def add(a, b):                          │
 2 │    return a + b                        │
 3 │def mul(a, b):                          │
 4 │    return a * b                        │
 5 │~                                       │
 6 │~                                       │
 7 │~                                       │
 8 │~                                       │
 9 │source.py             1,1            All│
10 │# Test File                             │
11 │assert add(2, 3) == 5                   │
12 │assert mul(4, 5) == 20                  │
13 │print("All tests pass!")                │
14 │~                                       │
15 │~                                       │
16 │~                                       │
17 │~                                       │
18 │test.py               1,1            All│
    ────────────────────────────────────────
[HIGHLIGHT] row 9, cols 0-39: "source.py             1,1            All"

[SAY] Back in the source. Hit it again to return to tests.
[KEYS] '\x17p'
[OVERLAY] ⌃wp  toggle back

              1         2         3         
    0123456789012345678901234567890123456789
    ────────────────────────────────────────
 0 │# Source Code                           │
 1 │def add(a, b):                          │
 2 │    return a + b                        │
 3 │def mul(a, b):                          │
 4 │    return a * b                        │
 5 │~                                       │
 6 │~                                       │
 7 │~                                       │
 8 │~                                       │
 9 │source.py             1,1            All│
10 │# Test File                             │ ◂ cursor (10,0)
11 │assert add(2, 3) == 5                   │
12 │assert mul(4, 5) == 20                  │
13 │print("All tests pass!")                │
14 │~                                       │
15 │~                                       │
16 │~                                       │
17 │~                                       │
18 │test.py               1,1            All│
    ────────────────────────────────────────
[HIGHLIGHT] row 9, cols 0-39: "source.py             1,1            All"

[KEYS] '\x17p'
[OVERLAY] ⌃wp  toggle

              1         2         3         
    0123456789012345678901234567890123456789
    ────────────────────────────────────────
 0 │# Source Code                           │ ◂ cursor (0,0)
 1 │def add(a, b):                          │
 2 │    return a + b                        │
 3 │def mul(a, b):                          │
 4 │    return a * b                        │
 5 │~                                       │
 6 │~                                       │
 7 │~                                       │
 8 │~                                       │
 9 │source.py             1,1            All│
10 │# Test File                             │
11 │assert add(2, 3) == 5                   │
12 │assert mul(4, 5) == 20                  │
13 │print("All tests pass!")                │
14 │~                                       │
15 │~                                       │
16 │~                                       │
17 │~                                       │
18 │test.py               1,1            All│
    ────────────────────────────────────────
[HIGHLIGHT] row 9, cols 0-39: "source.py             1,1            All"

[SAY] Control W P bounces between your two most recent windows.
[SAY] Control W P. Previous window. Toggle between source and tests, header and implementation, or any two panes.