[RECORDING_START] Screen state at recording start:

              1         2         3         
    0123456789012345678901234567890123456789
    ────────────────────────────────────────
 0 │# Dungeon Loot                          │ ◂ cursor (0,0)
 1 │def roll_dice(sides):                   │
 2 │+--  3 lines: import random·············│
 3 │                                        │
 4 │def open_chest(level):                  │
 5 │+--  3 lines: gold = level * 100········│
 6 │                                        │
 7 │def sell_item(item):                    │
 8 │+--  2 lines: price = item.value // 2···│
 9 │                                        │
10 │def craft(herbs):                       │
11 │+--  2 lines: power = len(herbs) * 10···│
12 │~                                       │
13 │~                                       │
14 │~                                       │
15 │~                                       │
16 │~                                       │
17 │~                                       │
18 │loot.py               1,1            All│
    ────────────────────────────────────────
[HIGHLIGHT] row 2, cols 0-39: "+--  3 lines: import random·············"
[HIGHLIGHT] row 5, cols 0-39: "+--  3 lines: gold = level * 100········"
[HIGHLIGHT] row 8, cols 0-39: "+--  2 lines: price = item.value // 2···"
[HIGHLIGHT] row 11, cols 0-39: "+--  2 lines: power = len(herbs) * 10···"

[OVERLAY] VimFu — zo — Open Fold
[SAY] Z O opens a fold under the cursor. Folds hide blocks of code so you can focus on what matters.
[SAY] This file has four functions. With fold method indent, the bodies are hidden. Let's open the first one.
[KEYS] 'j'
[OVERLAY] j  down

              1         2         3         
    0123456789012345678901234567890123456789
    ────────────────────────────────────────
 0 │# Dungeon Loot                          │
 1 │def roll_dice(sides):                   │ ◂ cursor (1,0)
 2 │+--  3 lines: import random·············│
 3 │                                        │
 4 │def open_chest(level):                  │
 5 │+--  3 lines: gold = level * 100········│
 6 │                                        │
 7 │def sell_item(item):                    │
 8 │+--  2 lines: price = item.value // 2···│
 9 │                                        │
10 │def craft(herbs):                       │
11 │+--  2 lines: power = len(herbs) * 10···│
12 │~                                       │
13 │~                                       │
14 │~                                       │
15 │~                                       │
16 │~                                       │
17 │~                                       │
18 │loot.py               2,1            All│
    ────────────────────────────────────────
[HIGHLIGHT] row 2, cols 0-39: "+--  3 lines: import random·············"
[HIGHLIGHT] row 5, cols 0-39: "+--  3 lines: gold = level * 100········"
[HIGHLIGHT] row 8, cols 0-39: "+--  2 lines: price = item.value // 2···"
[HIGHLIGHT] row 11, cols 0-39: "+--  2 lines: power = len(herbs) * 10···"

[KEYS] 'j'
[OVERLAY] j  down

              1         2         3         
    0123456789012345678901234567890123456789
    ────────────────────────────────────────
 0 │# Dungeon Loot                          │
 1 │def roll_dice(sides):                   │
 2 │+--  3 lines: import random·············│ ◂ cursor (2,0)
 3 │                                        │
 4 │def open_chest(level):                  │
 5 │+--  3 lines: gold = level * 100········│
 6 │                                        │
 7 │def sell_item(item):                    │
 8 │+--  2 lines: price = item.value // 2···│
 9 │                                        │
10 │def craft(herbs):                       │
11 │+--  2 lines: power = len(herbs) * 10···│
12 │~                                       │
13 │~                                       │
14 │~                                       │
15 │~                                       │
16 │~                                       │
17 │~                                       │
18 │loot.py               3,1            All│
    ────────────────────────────────────────
[HIGHLIGHT] row 2, cols 1-39: "--  3 lines: import random·············"
[HIGHLIGHT] row 5, cols 0-39: "+--  3 lines: gold = level * 100········"
[HIGHLIGHT] row 8, cols 0-39: "+--  2 lines: price = item.value // 2···"
[HIGHLIGHT] row 11, cols 0-39: "+--  2 lines: power = len(herbs) * 10···"

[KEYS] 'zo'
[OVERLAY] zo  open fold

              1         2         3         
    0123456789012345678901234567890123456789
    ────────────────────────────────────────
 0 │# Dungeon Loot                          │
 1 │def roll_dice(sides):                   │
 2 │    import random                       │ ◂ cursor (2,0)
 3 │    result = random.randint(1, sides)   │
 4 │    return result                       │
 5 │                                        │
 6 │def open_chest(level):                  │
 7 │+--  3 lines: gold = level * 100········│
 8 │                                        │
 9 │def sell_item(item):                    │
10 │+--  2 lines: price = item.value // 2···│
11 │                                        │
12 │def craft(herbs):                       │
13 │+--  2 lines: power = len(herbs) * 10···│
14 │~                                       │
15 │~                                       │
16 │~                                       │
17 │~                                       │
18 │loot.py               3,1            All│
    ────────────────────────────────────────
[HIGHLIGHT] row 7, cols 0-39: "+--  3 lines: gold = level * 100········"
[HIGHLIGHT] row 10, cols 0-39: "+--  2 lines: price = item.value // 2···"
[HIGHLIGHT] row 13, cols 0-39: "+--  2 lines: power = len(herbs) * 10···"

[SAY] The function body is revealed. The other folds stay closed.
[SAY] Open the next one.
[KEYS] '8j'
[OVERLAY] 8j  jump down

              1         2         3         
    0123456789012345678901234567890123456789
    ────────────────────────────────────────
 0 │# Dungeon Loot                          │
 1 │def roll_dice(sides):                   │
 2 │    import random                       │
 3 │    result = random.randint(1, sides)   │
 4 │    return result                       │
 5 │                                        │
 6 │def open_chest(level):                  │
 7 │+--  3 lines: gold = level * 100········│
 8 │                                        │
 9 │def sell_item(item):                    │
10 │+--  2 lines: price = item.value // 2···│ ◂ cursor (10,0)
11 │                                        │
12 │def craft(herbs):                       │
13 │+--  2 lines: power = len(herbs) * 10···│
14 │~                                       │
15 │~                                       │
16 │~                                       │
17 │~                                       │
18 │loot.py               13,1           All│
    ────────────────────────────────────────
[HIGHLIGHT] row 7, cols 0-39: "+--  3 lines: gold = level * 100········"
[HIGHLIGHT] row 10, cols 1-39: "--  2 lines: price = item.value // 2···"
[HIGHLIGHT] row 13, cols 0-39: "+--  2 lines: power = len(herbs) * 10···"

[KEYS] 'zo'
[OVERLAY] zo  open fold

              1         2         3         
    0123456789012345678901234567890123456789
    ────────────────────────────────────────
 0 │# Dungeon Loot                          │
 1 │def roll_dice(sides):                   │
 2 │    import random                       │
 3 │    result = random.randint(1, sides)   │
 4 │    return result                       │
 5 │                                        │
 6 │def open_chest(level):                  │
 7 │+--  3 lines: gold = level * 100········│
 8 │                                        │
 9 │def sell_item(item):                    │
10 │    price = item.value // 2             │ ◂ cursor (10,0)
11 │    return price                        │
12 │                                        │
13 │def craft(herbs):                       │
14 │+--  2 lines: power = len(herbs) * 10···│
15 │~                                       │
16 │~                                       │
17 │~                                       │
18 │loot.py               13,1           All│
    ────────────────────────────────────────
[HIGHLIGHT] row 7, cols 0-39: "+--  3 lines: gold = level * 100········"
[HIGHLIGHT] row 14, cols 0-39: "+--  2 lines: power = len(herbs) * 10···"

[SAY] Now we can see both functions. Z O opens one fold at a time.
[SAY] Z O. Open a fold. Set fold method to indent, syntax, or manual to create folds.