[RECORDING_START] Screen state at recording start:

              1         2         3         
    0123456789012345678901234567890123456789
    ────────────────────────────────────────
 0 │mission = "active"                      │ ◂ cursor (0,0)
 1 │status = "go"                           │
 2 │alert = "none"                          │
 3 │~                                       │
 4 │~                                       │
 5 │~                                       │
 6 │~                                       │
 7 │~                                       │
 8 │~                                       │
 9 │~                                       │
10 │~                                       │
11 │~                                       │
12 │~                                       │
13 │~                                       │
14 │~                                       │
15 │~                                       │
16 │~                                       │
17 │~                                       │
18 │abort.py              1,1            All│
    ────────────────────────────────────────

[OVERLAY] VimFu — Ctrl-C
[SAY] Control C cancels the current operation. It interrupts whatever Vim is doing.
[SAY] Start typing a command. D expects a motion, but we changed our mind. Control C.
[KEYS] 'd'
[OVERLAY] d  d  delete...

              1         2         3         
    0123456789012345678901234567890123456789
    ────────────────────────────────────────
 0 │mission = "active"                      │ ◂ cursor (0,0)
 1 │status = "go"                           │
 2 │alert = "none"                          │
 3 │~                                       │
 4 │~                                       │
 5 │~                                       │
 6 │~                                       │
 7 │~                                       │
 8 │~                                       │
 9 │~                                       │
10 │~                                       │
11 │~                                       │
12 │~                                       │
13 │~                                       │
14 │~                                       │
15 │~                                       │
16 │~                                       │
17 │~                                       │
18 │abort.py              1,1            All│
19 │                             d          │
    ────────────────────────────────────────

[CTRL] c
[OVERLAY] ⌃c  cancel

              1         2         3         
    0123456789012345678901234567890123456789
    ────────────────────────────────────────
 0 │mission = "active"                      │ ◂ cursor (0,0)
 1 │status = "go"                           │
 2 │alert = "none"                          │
 3 │~                                       │
 4 │~                                       │
 5 │~                                       │
 6 │~                                       │
 7 │~                                       │
 8 │~                                       │
 9 │~                                       │
10 │~                                       │
11 │~                                       │
12 │~                                       │
13 │~                                       │
14 │~                                       │
15 │~                                       │
16 │~                                       │
17 │~                                       │
18 │abort.py              1,1            All│
    ────────────────────────────────────────

[SAY] Cancelled. Nothing deleted. The pending D was abandoned.
[SAY] Enter insert mode with I. Type something, then control C to leave.
[KEYS] 'i'
[OVERLAY] i  i  insert

              1         2         3         
    0123456789012345678901234567890123456789
    ────────────────────────────────────────
 0 │mission = "active"                      │ ◂ cursor (0,0)
 1 │status = "go"                           │
 2 │alert = "none"                          │
 3 │~                                       │
 4 │~                                       │
 5 │~                                       │
 6 │~                                       │
 7 │~                                       │
 8 │~                                       │
 9 │~                                       │
10 │~                                       │
11 │~                                       │
12 │~                                       │
13 │~                                       │
14 │~                                       │
15 │~                                       │
16 │~                                       │
17 │~                                       │
18 │abort.py              1,1            All│
19 │-- INSERT --                            │
    ────────────────────────────────────────

[TYPE] '# '

              1         2         3         
    0123456789012345678901234567890123456789
    ────────────────────────────────────────
 0 │# mission = "active"                    │ ◂ cursor (0,2)
 1 │status = "go"                           │
 2 │alert = "none"                          │
 3 │~                                       │
 4 │~                                       │
 5 │~                                       │
 6 │~                                       │
 7 │~                                       │
 8 │~                                       │
 9 │~                                       │
10 │~                                       │
11 │~                                       │
12 │~                                       │
13 │~                                       │
14 │~                                       │
15 │~                                       │
16 │~                                       │
17 │~                                       │
18 │abort.py [+]          1,3            All│
19 │-- INSERT --                            │
    ────────────────────────────────────────

[CTRL] c
[OVERLAY] ⌃c  cancel

              1         2         3         
    0123456789012345678901234567890123456789
    ────────────────────────────────────────
 0 │# mission = "active"                    │ ◂ cursor (0,1)
 1 │status = "go"                           │
 2 │alert = "none"                          │
 3 │~                                       │
 4 │~                                       │
 5 │~                                       │
 6 │~                                       │
 7 │~                                       │
 8 │~                                       │
 9 │~                                       │
10 │~                                       │
11 │~                                       │
12 │~                                       │
13 │~                                       │
14 │~                                       │
15 │~                                       │
16 │~                                       │
17 │~                                       │
18 │abort.py [+]          1,2            All│
    ────────────────────────────────────────

[SAY] Back in normal mode. Control C works like escape here, but escape is better because control C skips some autocommands.
[SAY] Start an ex command. Type colon, then change your mind.
[TYPE] ':set number'

              1         2         3         
    0123456789012345678901234567890123456789
    ────────────────────────────────────────
 0 │# mission = "active"                    │
 1 │status = "go"                           │
 2 │alert = "none"                          │
 3 │~                                       │
 4 │~                                       │
 5 │~                                       │
 6 │~                                       │
 7 │~                                       │
 8 │~                                       │
 9 │~                                       │
10 │~                                       │
11 │~                                       │
12 │~                                       │
13 │~                                       │
14 │~                                       │
15 │~                                       │
16 │~                                       │
17 │~                                       │
18 │abort.py [+]          1,2            All│
19 │:set number                             │ ◂ cursor (19,11)
    ────────────────────────────────────────

[CTRL] c
[OVERLAY] ⌃c  cancel

              1         2         3         
    0123456789012345678901234567890123456789
    ────────────────────────────────────────
 0 │# mission = "active"                    │ ◂ cursor (0,1)
 1 │status = "go"                           │
 2 │alert = "none"                          │
 3 │~                                       │
 4 │~                                       │
 5 │~                                       │
 6 │~                                       │
 7 │~                                       │
 8 │~                                       │
 9 │~                                       │
10 │~                                       │
11 │~                                       │
12 │~                                       │
13 │~                                       │
14 │~                                       │
15 │~                                       │
16 │~                                       │
17 │~                                       │
18 │abort.py [+]          1,2            All│
    ────────────────────────────────────────

[SAY] Command cancelled. Nothing changed. Use control C whenever you want to bail out.
[SAY] Control C. Cancel and interrupt. Your emergency exit.