[RECORDING_START] Screen state at recording start:

              1         2         3         
    0123456789012345678901234567890123456789
    ────────────────────────────────────────
 0 │Scratch pad                             │ ◂ cursor (0,0)
 1 │                                        │
 2 │Temporary notes here                    │
 3 │Delete when done                        │
 4 │Nothing important                       │
 5 │~                                       │
 6 │~                                       │
 7 │~                                       │
 8 │~                                       │
 9 │~                                       │
10 │~                                       │
11 │~                                       │
12 │~                                       │
13 │~                                       │
14 │~                                       │
15 │~                                       │
16 │~                                       │
17 │~                                       │
18 │scratch.txt           1,1            All│
    ────────────────────────────────────────

[OVERLAY] VimFu — :q! — Force Quit
[SAY] Colon Q exclamation mark force quits. It throws away all unsaved changes.
[SAY] Make some changes first.
[KEYS] 'G'
[OVERLAY] ⇧G  go to end

              1         2         3         
    0123456789012345678901234567890123456789
    ────────────────────────────────────────
 0 │Scratch pad                             │
 1 │                                        │
 2 │Temporary notes here                    │
 3 │Delete when done                        │
 4 │Nothing important                       │ ◂ cursor (4,0)
 5 │~                                       │
 6 │~                                       │
 7 │~                                       │
 8 │~                                       │
 9 │~                                       │
10 │~                                       │
11 │~                                       │
12 │~                                       │
13 │~                                       │
14 │~                                       │
15 │~                                       │
16 │~                                       │
17 │~                                       │
18 │scratch.txt           5,1            All│
    ────────────────────────────────────────

[KEYS] 'o'
[OVERLAY] o  open line below

              1         2         3         
    0123456789012345678901234567890123456789
    ────────────────────────────────────────
 0 │Scratch pad                             │
 1 │                                        │
 2 │Temporary notes here                    │
 3 │Delete when done                        │
 4 │Nothing important                       │
 5 │                                        │ ◂ cursor (5,0)
 6 │~                                       │
 7 │~                                       │
 8 │~                                       │
 9 │~                                       │
10 │~                                       │
11 │~                                       │
12 │~                                       │
13 │~                                       │
14 │~                                       │
15 │~                                       │
16 │~                                       │
17 │~                                       │
18 │scratch.txt [+]       6,1            All│
19 │-- INSERT --                            │
    ────────────────────────────────────────

[TYPE] 'IMPORTANT DATA'

              1         2         3         
    0123456789012345678901234567890123456789
    ────────────────────────────────────────
 0 │Scratch pad                             │
 1 │                                        │
 2 │Temporary notes here                    │
 3 │Delete when done                        │
 4 │Nothing important                       │
 5 │IMPORTANT DATA                          │ ◂ cursor (5,14)
 6 │~                                       │
 7 │~                                       │
 8 │~                                       │
 9 │~                                       │
10 │~                                       │
11 │~                                       │
12 │~                                       │
13 │~                                       │
14 │~                                       │
15 │~                                       │
16 │~                                       │
17 │~                                       │
18 │scratch.txt [+]       6,15           All│
19 │-- INSERT --                            │
    ────────────────────────────────────────

[ESCAPE]

              1         2         3         
    0123456789012345678901234567890123456789
    ────────────────────────────────────────
 0 │Scratch pad                             │
 1 │                                        │
 2 │Temporary notes here                    │
 3 │Delete when done                        │
 4 │Nothing important                       │
 5 │IMPORTANT DATA                          │ ◂ cursor (5,13)
 6 │~                                       │
 7 │~                                       │
 8 │~                                       │
 9 │~                                       │
10 │~                                       │
11 │~                                       │
12 │~                                       │
13 │~                                       │
14 │~                                       │
15 │~                                       │
16 │~                                       │
17 │~                                       │
18 │scratch.txt [+]       6,14           All│
    ────────────────────────────────────────

[SAY] Try colon Q without the bang.
[TYPE] ':q'

              1         2         3         
    0123456789012345678901234567890123456789
    ────────────────────────────────────────
 0 │Scratch pad                             │
 1 │                                        │
 2 │Temporary notes here                    │
 3 │Delete when done                        │
 4 │Nothing important                       │
 5 │IMPORTANT DATA                          │
 6 │~                                       │
 7 │~                                       │
 8 │~                                       │
 9 │~                                       │
10 │~                                       │
11 │~                                       │
12 │~                                       │
13 │~                                       │
14 │~                                       │
15 │~                                       │
16 │~                                       │
17 │~                                       │
18 │scratch.txt [+]       6,14           All│
19 │:q                                      │ ◂ cursor (19,2)
    ────────────────────────────────────────

[ENTER]

              1         2         3         
    0123456789012345678901234567890123456789
    ────────────────────────────────────────
 0 │Scratch pad                             │
 1 │                                        │
 2 │Temporary notes here                    │
 3 │Delete when done                        │
 4 │Nothing important                       │
 5 │IMPORTANT DATA                          │
 6 │~                                       │
 7 │~                                       │
 8 │~                                       │
 9 │~                                       │
10 │~                                       │
11 │~                                       │
12 │~                                       │
13 │~                                       │
14 │~                                       │
15 │                                        │
16 │E37: No write since last change         │
17 │E162: No write since last change for buf│
18 │fer "scratch.txt"                       │
19 │Press ENTER or type command to continue │ ◂ cursor (19,39)
    ────────────────────────────────────────

[SAY] Refused. Vim says no write since last change. It protects you from losing work.
[SAY] Add the exclamation mark. Colon Q bang.
[TYPE] ':q!'

              1         2         3         
    0123456789012345678901234567890123456789
    ────────────────────────────────────────
 0 │Scratch pad                             │
 1 │                                        │
 2 │Temporary notes here                    │
 3 │Delete when done                        │
 4 │Nothing important                       │
 5 │IMPORTANT DATA                          │
 6 │~                                       │
 7 │~                                       │
 8 │~                                       │
 9 │~                                       │
10 │~                                       │
11 │~                                       │
12 │~                                       │
13 │~                                       │
14 │~                                       │
15 │                                        │
16 │E37: No write since last change         │
17 │E162: No write since last change for buf│
18 │fer "scratch.txt"                       │
19 │:q!                                     │ ◂ cursor (19,3)
    ────────────────────────────────────────

[ENTER]

              1         2         3         
    0123456789012345678901234567890123456789
    ────────────────────────────────────────
 0 │Scratch pad                             │
 1 │                                        │
 2 │Temporary notes here                    │
 3 │Delete when done                        │
 4 │Nothing important                       │
 5 │IMPORTANT DATA                          │
 6 │~                                       │
 7 │~                                       │
 8 │~                                       │
 9 │~                                       │
10 │~                                       │
11 │~                                       │
12 │~                                       │
13 │~                                       │
14 │~                                       │
15 │                                        │
16 │E37: No write since last change         │
17 │E162: No write since last change for buf│
18 │fer "scratch.txt"                       │
19 │:q!                                     │ ◂ cursor (19,0)
    ────────────────────────────────────────

[SAY] Gone. All changes discarded. The file on disk is unchanged. Use with caution.