[RECORDING_START] Screen state at recording start:

              1         2         3         
    0123456789012345678901234567890123456789
    ────────────────────────────────────────
 0 │def get_name():                         │ ◂ cursor (0,0)
 1 │    name = input("Name: ")              │
 2 │    return name                         │
 3 │                                        │
 4 │def greet(name):                        │
 5 │    print(f"Hi {name}")                 │
 6 │                                        │
 7 │name = get_name()                       │
 8 │greet(name)                             │
 9 │~                                       │
10 │~                                       │
11 │~                                       │
12 │~                                       │
13 │~                                       │
14 │~                                       │
15 │~                                       │
16 │~                                       │
17 │~                                       │
18 │demo.py               1,1            All│
    ────────────────────────────────────────

[OVERLAY] VimFu — :set hlsearch
[SAY] H L search highlights every match of your search pattern. It makes it easy to see all occurrences at once.
[SAY] Turn it on and search for name.
[TYPE] ':set hlsearch'

              1         2         3         
    0123456789012345678901234567890123456789
    ────────────────────────────────────────
 0 │def get_name():                         │
 1 │    name = input("Name: ")              │
 2 │    return name                         │
 3 │                                        │
 4 │def greet(name):                        │
 5 │    print(f"Hi {name}")                 │
 6 │                                        │
 7 │name = get_name()                       │
 8 │greet(name)                             │
 9 │~                                       │
10 │~                                       │
11 │~                                       │
12 │~                                       │
13 │~                                       │
14 │~                                       │
15 │~                                       │
16 │~                                       │
17 │~                                       │
18 │demo.py               1,1            All│
19 │:set hlsearch                           │ ◂ cursor (19,13)
    ────────────────────────────────────────

[SAY] Set H-L search — highlight every match when you search.
[ENTER]

              1         2         3         
    0123456789012345678901234567890123456789
    ────────────────────────────────────────
 0 │def get_name():                         │ ◂ cursor (0,0)
 1 │    name = input("Name: ")              │
 2 │    return name                         │
 3 │                                        │
 4 │def greet(name):                        │
 5 │    print(f"Hi {name}")                 │
 6 │                                        │
 7 │name = get_name()                       │
 8 │greet(name)                             │
 9 │~                                       │
10 │~                                       │
11 │~                                       │
12 │~                                       │
13 │~                                       │
14 │~                                       │
15 │~                                       │
16 │~                                       │
17 │~                                       │
18 │demo.py               1,1            All│
19 │:set hlsearch                           │
    ────────────────────────────────────────

[TYPE] '/name'

              1         2         3         
    0123456789012345678901234567890123456789
    ────────────────────────────────────────
 0 │def get_name():                         │
 1 │    name = input("Name: ")              │
 2 │    return name                         │
 3 │                                        │
 4 │def greet(name):                        │
 5 │    print(f"Hi {name}")                 │
 6 │                                        │
 7 │name = get_name()                       │
 8 │greet(name)                             │
 9 │~                                       │
10 │~                                       │
11 │~                                       │
12 │~                                       │
13 │~                                       │
14 │~                                       │
15 │~                                       │
16 │~                                       │
17 │~                                       │
18 │demo.py               1,9            All│
19 │/name                                   │ ◂ cursor (19,5)
    ────────────────────────────────────────
[HIGHLIGHT] row 0, cols 8-11: "name"
[HIGHLIGHT] row 1, cols 4-7: "name"
[HIGHLIGHT] row 2, cols 11-14: "name"
[HIGHLIGHT] row 4, cols 10-13: "name"
[HIGHLIGHT] row 5, cols 16-19: "name"
[HIGHLIGHT] row 7, cols 0-3: "name"
[HIGHLIGHT] row 7, cols 11-14: "name"
[HIGHLIGHT] row 8, cols 6-9: "name"

[SAY] Now search for the word name.
[ENTER]

              1         2         3         
    0123456789012345678901234567890123456789
    ────────────────────────────────────────
 0 │def get_name():                         │ ◂ cursor (0,8)
 1 │    name = input("Name: ")              │
 2 │    return name                         │
 3 │                                        │
 4 │def greet(name):                        │
 5 │    print(f"Hi {name}")                 │
 6 │                                        │
 7 │name = get_name()                       │
 8 │greet(name)                             │
 9 │~                                       │
10 │~                                       │
11 │~                                       │
12 │~                                       │
13 │~                                       │
14 │~                                       │
15 │~                                       │
16 │~                                       │
17 │~                                       │
18 │demo.py               1,9            All│
19 │/name                 [1/8]             │
    ────────────────────────────────────────
[HIGHLIGHT] row 0, cols 9-11: "ame"
[HIGHLIGHT] row 1, cols 4-7: "name"
[HIGHLIGHT] row 2, cols 11-14: "name"
[HIGHLIGHT] row 4, cols 10-13: "name"
[HIGHLIGHT] row 5, cols 16-19: "name"
[HIGHLIGHT] row 7, cols 0-3: "name"
[HIGHLIGHT] row 7, cols 11-14: "name"
[HIGHLIGHT] row 8, cols 6-9: "name"

[SAY] Every occurrence of name is highlighted. You can jump between them with N and shift N.
[SAY] To clear the highlights, use no H L search.
[TYPE] ':nohlsearch'

              1         2         3         
    0123456789012345678901234567890123456789
    ────────────────────────────────────────
 0 │def get_name():                         │
 1 │    name = input("Name: ")              │
 2 │    return name                         │
 3 │                                        │
 4 │def greet(name):                        │
 5 │    print(f"Hi {name}")                 │
 6 │                                        │
 7 │name = get_name()                       │
 8 │greet(name)                             │
 9 │~                                       │
10 │~                                       │
11 │~                                       │
12 │~                                       │
13 │~                                       │
14 │~                                       │
15 │~                                       │
16 │~                                       │
17 │~                                       │
18 │demo.py               1,9            All│
19 │:nohlsearch                             │ ◂ cursor (19,11)
    ────────────────────────────────────────
[HIGHLIGHT] row 0, cols 8-11: "name"
[HIGHLIGHT] row 1, cols 4-7: "name"
[HIGHLIGHT] row 2, cols 11-14: "name"
[HIGHLIGHT] row 4, cols 10-13: "name"
[HIGHLIGHT] row 5, cols 16-19: "name"
[HIGHLIGHT] row 7, cols 0-3: "name"
[HIGHLIGHT] row 7, cols 11-14: "name"
[HIGHLIGHT] row 8, cols 6-9: "name"

[SAY] No H-L search clears the highlights until your next search.
[ENTER]

              1         2         3         
    0123456789012345678901234567890123456789
    ────────────────────────────────────────
 0 │def get_name():                         │ ◂ cursor (0,8)
 1 │    name = input("Name: ")              │
 2 │    return name                         │
 3 │                                        │
 4 │def greet(name):                        │
 5 │    print(f"Hi {name}")                 │
 6 │                                        │
 7 │name = get_name()                       │
 8 │greet(name)                             │
 9 │~                                       │
10 │~                                       │
11 │~                                       │
12 │~                                       │
13 │~                                       │
14 │~                                       │
15 │~                                       │
16 │~                                       │
17 │~                                       │
18 │demo.py               1,9            All│
19 │:nohlsearch                             │
    ────────────────────────────────────────

[SAY] Highlights cleared. They come back on the next search.
[SAY] Set H L search to highlight matches. No H L search to clear them. Short form is set H L S.