[RECORDING_START] Screen state at recording start:

              1         2         3         
    0123456789012345678901234567890123456789
    ────────────────────────────────────────
 0 │path = "/usr/bin/vim/share/doc"         │ ◂ cursor (0,0)
 1 │home = "/home/user/.config/nvim"        │
 2 │~                                       │
 3 │~                                       │
 4 │~                                       │
 5 │~                                       │
 6 │~                                       │
 7 │~                                       │
 8 │~                                       │
 9 │~                                       │
10 │~                                       │
11 │~                                       │
12 │~                                       │
13 │~                                       │
14 │~                                       │
15 │~                                       │
16 │~                                       │
17 │~                                       │
18 │paths.py              1,1            All│
    ────────────────────────────────────────

[OVERLAY] VimFu — Repeat Find Reverse
[SAY] Comma reverses the last find. If semicolon goes forward, comma brings you back.
[SAY] F slash to find the first slash.
[KEYS] 'f'
[OVERLAY] f  find char

              1         2         3         
    0123456789012345678901234567890123456789
    ────────────────────────────────────────
 0 │path = "/usr/bin/vim/share/doc"         │ ◂ cursor (0,0)
 1 │home = "/home/user/.config/nvim"        │
 2 │~                                       │
 3 │~                                       │
 4 │~                                       │
 5 │~                                       │
 6 │~                                       │
 7 │~                                       │
 8 │~                                       │
 9 │~                                       │
10 │~                                       │
11 │~                                       │
12 │~                                       │
13 │~                                       │
14 │~                                       │
15 │~                                       │
16 │~                                       │
17 │~                                       │
18 │paths.py              1,1            All│
19 │                             f          │
    ────────────────────────────────────────

[KEYS] '/'
[OVERLAY] /  search

              1         2         3         
    0123456789012345678901234567890123456789
    ────────────────────────────────────────
 0 │path = "/usr/bin/vim/share/doc"         │ ◂ cursor (0,8)
 1 │home = "/home/user/.config/nvim"        │
 2 │~                                       │
 3 │~                                       │
 4 │~                                       │
 5 │~                                       │
 6 │~                                       │
 7 │~                                       │
 8 │~                                       │
 9 │~                                       │
10 │~                                       │
11 │~                                       │
12 │~                                       │
13 │~                                       │
14 │~                                       │
15 │~                                       │
16 │~                                       │
17 │~                                       │
18 │paths.py              1,9            All│
    ────────────────────────────────────────

[SAY] Semicolon to hop forward through the slashes.
[KEYS] ';'
[OVERLAY] ;  repeat find

              1         2         3         
    0123456789012345678901234567890123456789
    ────────────────────────────────────────
 0 │path = "/usr/bin/vim/share/doc"         │ ◂ cursor (0,12)
 1 │home = "/home/user/.config/nvim"        │
 2 │~                                       │
 3 │~                                       │
 4 │~                                       │
 5 │~                                       │
 6 │~                                       │
 7 │~                                       │
 8 │~                                       │
 9 │~                                       │
10 │~                                       │
11 │~                                       │
12 │~                                       │
13 │~                                       │
14 │~                                       │
15 │~                                       │
16 │~                                       │
17 │~                                       │
18 │paths.py              1,13           All│
    ────────────────────────────────────────

[KEYS] ';'
[OVERLAY] ;  repeat find

              1         2         3         
    0123456789012345678901234567890123456789
    ────────────────────────────────────────
 0 │path = "/usr/bin/vim/share/doc"         │ ◂ cursor (0,16)
 1 │home = "/home/user/.config/nvim"        │
 2 │~                                       │
 3 │~                                       │
 4 │~                                       │
 5 │~                                       │
 6 │~                                       │
 7 │~                                       │
 8 │~                                       │
 9 │~                                       │
10 │~                                       │
11 │~                                       │
12 │~                                       │
13 │~                                       │
14 │~                                       │
15 │~                                       │
16 │~                                       │
17 │~                                       │
18 │paths.py              1,17           All│
    ────────────────────────────────────────

[KEYS] ';'
[OVERLAY] ;  repeat find

              1         2         3         
    0123456789012345678901234567890123456789
    ────────────────────────────────────────
 0 │path = "/usr/bin/vim/share/doc"         │ ◂ cursor (0,20)
 1 │home = "/home/user/.config/nvim"        │
 2 │~                                       │
 3 │~                                       │
 4 │~                                       │
 5 │~                                       │
 6 │~                                       │
 7 │~                                       │
 8 │~                                       │
 9 │~                                       │
10 │~                                       │
11 │~                                       │
12 │~                                       │
13 │~                                       │
14 │~                                       │
15 │~                                       │
16 │~                                       │
17 │~                                       │
18 │paths.py              1,21           All│
    ────────────────────────────────────────

[SAY] Three hops forward. Now comma to reverse.
[KEYS] ','
[OVERLAY] ,  reverse find

              1         2         3         
    0123456789012345678901234567890123456789
    ────────────────────────────────────────
 0 │path = "/usr/bin/vim/share/doc"         │ ◂ cursor (0,16)
 1 │home = "/home/user/.config/nvim"        │
 2 │~                                       │
 3 │~                                       │
 4 │~                                       │
 5 │~                                       │
 6 │~                                       │
 7 │~                                       │
 8 │~                                       │
 9 │~                                       │
10 │~                                       │
11 │~                                       │
12 │~                                       │
13 │~                                       │
14 │~                                       │
15 │~                                       │
16 │~                                       │
17 │~                                       │
18 │paths.py              1,17           All│
    ────────────────────────────────────────

[SAY] Back one.
[KEYS] ','
[OVERLAY] ,  reverse find

              1         2         3         
    0123456789012345678901234567890123456789
    ────────────────────────────────────────
 0 │path = "/usr/bin/vim/share/doc"         │ ◂ cursor (0,12)
 1 │home = "/home/user/.config/nvim"        │
 2 │~                                       │
 3 │~                                       │
 4 │~                                       │
 5 │~                                       │
 6 │~                                       │
 7 │~                                       │
 8 │~                                       │
 9 │~                                       │
10 │~                                       │
11 │~                                       │
12 │~                                       │
13 │~                                       │
14 │~                                       │
15 │~                                       │
16 │~                                       │
17 │~                                       │
18 │paths.py              1,13           All│
    ────────────────────────────────────────

[SAY] Back again. Comma walks backward through the same matches.
[SAY] Next line. F slash, then semicolon, semicolon.
[KEYS] 'j'
[OVERLAY] j  down

              1         2         3         
    0123456789012345678901234567890123456789
    ────────────────────────────────────────
 0 │path = "/usr/bin/vim/share/doc"         │
 1 │home = "/home/user/.config/nvim"        │ ◂ cursor (1,12)
 2 │~                                       │
 3 │~                                       │
 4 │~                                       │
 5 │~                                       │
 6 │~                                       │
 7 │~                                       │
 8 │~                                       │
 9 │~                                       │
10 │~                                       │
11 │~                                       │
12 │~                                       │
13 │~                                       │
14 │~                                       │
15 │~                                       │
16 │~                                       │
17 │~                                       │
18 │paths.py              2,13           All│
    ────────────────────────────────────────

[KEYS] '0'
[OVERLAY] 0  line start

              1         2         3         
    0123456789012345678901234567890123456789
    ────────────────────────────────────────
 0 │path = "/usr/bin/vim/share/doc"         │
 1 │home = "/home/user/.config/nvim"        │ ◂ cursor (1,0)
 2 │~                                       │
 3 │~                                       │
 4 │~                                       │
 5 │~                                       │
 6 │~                                       │
 7 │~                                       │
 8 │~                                       │
 9 │~                                       │
10 │~                                       │
11 │~                                       │
12 │~                                       │
13 │~                                       │
14 │~                                       │
15 │~                                       │
16 │~                                       │
17 │~                                       │
18 │paths.py              2,1            All│
    ────────────────────────────────────────

[KEYS] 'f'
[OVERLAY] f  find char

              1         2         3         
    0123456789012345678901234567890123456789
    ────────────────────────────────────────
 0 │path = "/usr/bin/vim/share/doc"         │
 1 │home = "/home/user/.config/nvim"        │ ◂ cursor (1,0)
 2 │~                                       │
 3 │~                                       │
 4 │~                                       │
 5 │~                                       │
 6 │~                                       │
 7 │~                                       │
 8 │~                                       │
 9 │~                                       │
10 │~                                       │
11 │~                                       │
12 │~                                       │
13 │~                                       │
14 │~                                       │
15 │~                                       │
16 │~                                       │
17 │~                                       │
18 │paths.py              2,1            All│
19 │                             f          │
    ────────────────────────────────────────

[KEYS] '/'
[OVERLAY] /  search

              1         2         3         
    0123456789012345678901234567890123456789
    ────────────────────────────────────────
 0 │path = "/usr/bin/vim/share/doc"         │
 1 │home = "/home/user/.config/nvim"        │ ◂ cursor (1,8)
 2 │~                                       │
 3 │~                                       │
 4 │~                                       │
 5 │~                                       │
 6 │~                                       │
 7 │~                                       │
 8 │~                                       │
 9 │~                                       │
10 │~                                       │
11 │~                                       │
12 │~                                       │
13 │~                                       │
14 │~                                       │
15 │~                                       │
16 │~                                       │
17 │~                                       │
18 │paths.py              2,9            All│
    ────────────────────────────────────────

[KEYS] ';'
[OVERLAY] ;  repeat find

              1         2         3         
    0123456789012345678901234567890123456789
    ────────────────────────────────────────
 0 │path = "/usr/bin/vim/share/doc"         │
 1 │home = "/home/user/.config/nvim"        │ ◂ cursor (1,13)
 2 │~                                       │
 3 │~                                       │
 4 │~                                       │
 5 │~                                       │
 6 │~                                       │
 7 │~                                       │
 8 │~                                       │
 9 │~                                       │
10 │~                                       │
11 │~                                       │
12 │~                                       │
13 │~                                       │
14 │~                                       │
15 │~                                       │
16 │~                                       │
17 │~                                       │
18 │paths.py              2,14           All│
    ────────────────────────────────────────

[KEYS] ';'
[OVERLAY] ;  repeat find

              1         2         3         
    0123456789012345678901234567890123456789
    ────────────────────────────────────────
 0 │path = "/usr/bin/vim/share/doc"         │
 1 │home = "/home/user/.config/nvim"        │ ◂ cursor (1,18)
 2 │~                                       │
 3 │~                                       │
 4 │~                                       │
 5 │~                                       │
 6 │~                                       │
 7 │~                                       │
 8 │~                                       │
 9 │~                                       │
10 │~                                       │
11 │~                                       │
12 │~                                       │
13 │~                                       │
14 │~                                       │
15 │~                                       │
16 │~                                       │
17 │~                                       │
18 │paths.py              2,19           All│
    ────────────────────────────────────────

[SAY] Too far. Comma.
[KEYS] ','
[OVERLAY] ,  reverse find

              1         2         3         
    0123456789012345678901234567890123456789
    ────────────────────────────────────────
 0 │path = "/usr/bin/vim/share/doc"         │
 1 │home = "/home/user/.config/nvim"        │ ◂ cursor (1,13)
 2 │~                                       │
 3 │~                                       │
 4 │~                                       │
 5 │~                                       │
 6 │~                                       │
 7 │~                                       │
 8 │~                                       │
 9 │~                                       │
10 │~                                       │
11 │~                                       │
12 │~                                       │
13 │~                                       │
14 │~                                       │
15 │~                                       │
16 │~                                       │
17 │~                                       │
18 │paths.py              2,14           All│
    ────────────────────────────────────────

[SAY] Right where we wanted. Comma is the undo for semicolon.
[SAY] Semicolon forward, comma backward. Find once, navigate forever.