[RECORDING_START] Screen state at recording start:

              1         2         3         
    0123456789012345678901234567890123456789
    ────────────────────────────────────────
 0 │# Tracker                               │ ◂ cursor (0,0)
 1 │x = 0                                   │
 2 │y = 0                                   │
 3 │z = 0                                   │
 4 │speed = 1                               │
 5 │angle = 90                              │
 6 │power = 100                             │
 7 │~                                       │
 8 │~                                       │
 9 │~                                       │
10 │~                                       │
11 │~                                       │
12 │~                                       │
13 │~                                       │
14 │~                                       │
15 │~                                       │
16 │~                                       │
17 │~                                       │
18 │track.py              1,1            All│
    ────────────────────────────────────────

[OVERLAY] VimFu — g; g, — Change List
[SAY] Vim remembers where you made changes. G semicolon jumps to the previous change. G comma jumps to the next change.
[SAY] Make a few edits. Change X to ten.
[KEYS] '2Gf0'
[OVERLAY] 2Gf0  on x = 0

              1         2         3         
    0123456789012345678901234567890123456789
    ────────────────────────────────────────
 0 │# Tracker                               │
 1 │x = 0                                   │ ◂ cursor (1,4)
 2 │y = 0                                   │
 3 │z = 0                                   │
 4 │speed = 1                               │
 5 │angle = 90                              │
 6 │power = 100                             │
 7 │~                                       │
 8 │~                                       │
 9 │~                                       │
10 │~                                       │
11 │~                                       │
12 │~                                       │
13 │~                                       │
14 │~                                       │
15 │~                                       │
16 │~                                       │
17 │~                                       │
18 │track.py              2,5            All│
    ────────────────────────────────────────

[KEYS] 's'
[OVERLAY] s  change

              1         2         3         
    0123456789012345678901234567890123456789
    ────────────────────────────────────────
 0 │# Tracker                               │
 1 │x =                                     │ ◂ cursor (1,4)
 2 │y = 0                                   │
 3 │z = 0                                   │
 4 │speed = 1                               │
 5 │angle = 90                              │
 6 │power = 100                             │
 7 │~                                       │
 8 │~                                       │
 9 │~                                       │
10 │~                                       │
11 │~                                       │
12 │~                                       │
13 │~                                       │
14 │~                                       │
15 │~                                       │
16 │~                                       │
17 │~                                       │
18 │track.py [+]          2,5            All│
19 │-- INSERT --                            │
    ────────────────────────────────────────

[TYPE] '10'

              1         2         3         
    0123456789012345678901234567890123456789
    ────────────────────────────────────────
 0 │# Tracker                               │
 1 │x = 10                                  │ ◂ cursor (1,6)
 2 │y = 0                                   │
 3 │z = 0                                   │
 4 │speed = 1                               │
 5 │angle = 90                              │
 6 │power = 100                             │
 7 │~                                       │
 8 │~                                       │
 9 │~                                       │
10 │~                                       │
11 │~                                       │
12 │~                                       │
13 │~                                       │
14 │~                                       │
15 │~                                       │
16 │~                                       │
17 │~                                       │
18 │track.py [+]          2,7            All│
19 │-- INSERT --                            │
    ────────────────────────────────────────

[ESCAPE]

              1         2         3         
    0123456789012345678901234567890123456789
    ────────────────────────────────────────
 0 │# Tracker                               │
 1 │x = 10                                  │ ◂ cursor (1,5)
 2 │y = 0                                   │
 3 │z = 0                                   │
 4 │speed = 1                               │
 5 │angle = 90                              │
 6 │power = 100                             │
 7 │~                                       │
 8 │~                                       │
 9 │~                                       │
10 │~                                       │
11 │~                                       │
12 │~                                       │
13 │~                                       │
14 │~                                       │
15 │~                                       │
16 │~                                       │
17 │~                                       │
18 │track.py [+]          2,6            All│
    ────────────────────────────────────────

[SAY] Change speed to five.
[KEYS] '5Gf1'
[OVERLAY] 5Gf1  on speed

              1         2         3         
    0123456789012345678901234567890123456789
    ────────────────────────────────────────
 0 │# Tracker                               │
 1 │x = 10                                  │
 2 │y = 0                                   │
 3 │z = 0                                   │
 4 │speed = 1                               │ ◂ cursor (4,8)
 5 │angle = 90                              │
 6 │power = 100                             │
 7 │~                                       │
 8 │~                                       │
 9 │~                                       │
10 │~                                       │
11 │~                                       │
12 │~                                       │
13 │~                                       │
14 │~                                       │
15 │~                                       │
16 │~                                       │
17 │~                                       │
18 │track.py [+]          5,9            All│
    ────────────────────────────────────────

[KEYS] 's'
[OVERLAY] s  change

              1         2         3         
    0123456789012345678901234567890123456789
    ────────────────────────────────────────
 0 │# Tracker                               │
 1 │x = 10                                  │
 2 │y = 0                                   │
 3 │z = 0                                   │
 4 │speed =                                 │ ◂ cursor (4,8)
 5 │angle = 90                              │
 6 │power = 100                             │
 7 │~                                       │
 8 │~                                       │
 9 │~                                       │
10 │~                                       │
11 │~                                       │
12 │~                                       │
13 │~                                       │
14 │~                                       │
15 │~                                       │
16 │~                                       │
17 │~                                       │
18 │track.py [+]          5,9            All│
19 │-- INSERT --                            │
    ────────────────────────────────────────

[TYPE] '5'

              1         2         3         
    0123456789012345678901234567890123456789
    ────────────────────────────────────────
 0 │# Tracker                               │
 1 │x = 10                                  │
 2 │y = 0                                   │
 3 │z = 0                                   │
 4 │speed = 5                               │ ◂ cursor (4,9)
 5 │angle = 90                              │
 6 │power = 100                             │
 7 │~                                       │
 8 │~                                       │
 9 │~                                       │
10 │~                                       │
11 │~                                       │
12 │~                                       │
13 │~                                       │
14 │~                                       │
15 │~                                       │
16 │~                                       │
17 │~                                       │
18 │track.py [+]          5,10           All│
19 │-- INSERT --                            │
    ────────────────────────────────────────

[ESCAPE]

              1         2         3         
    0123456789012345678901234567890123456789
    ────────────────────────────────────────
 0 │# Tracker                               │
 1 │x = 10                                  │
 2 │y = 0                                   │
 3 │z = 0                                   │
 4 │speed = 5                               │ ◂ cursor (4,8)
 5 │angle = 90                              │
 6 │power = 100                             │
 7 │~                                       │
 8 │~                                       │
 9 │~                                       │
10 │~                                       │
11 │~                                       │
12 │~                                       │
13 │~                                       │
14 │~                                       │
15 │~                                       │
16 │~                                       │
17 │~                                       │
18 │track.py [+]          5,9            All│
    ────────────────────────────────────────

[SAY] Change power to fifty.
[KEYS] '7Gf1'
[OVERLAY] 7Gf1  on power

              1         2         3         
    0123456789012345678901234567890123456789
    ────────────────────────────────────────
 0 │# Tracker                               │
 1 │x = 10                                  │
 2 │y = 0                                   │
 3 │z = 0                                   │
 4 │speed = 5                               │
 5 │angle = 90                              │
 6 │power = 100                             │ ◂ cursor (6,8)
 7 │~                                       │
 8 │~                                       │
 9 │~                                       │
10 │~                                       │
11 │~                                       │
12 │~                                       │
13 │~                                       │
14 │~                                       │
15 │~                                       │
16 │~                                       │
17 │~                                       │
18 │track.py [+]          7,9            All│
    ────────────────────────────────────────

[KEYS] 'C'
[OVERLAY] ⇧C  change to end

              1         2         3         
    0123456789012345678901234567890123456789
    ────────────────────────────────────────
 0 │# Tracker                               │
 1 │x = 10                                  │
 2 │y = 0                                   │
 3 │z = 0                                   │
 4 │speed = 5                               │
 5 │angle = 90                              │
 6 │power =                                 │ ◂ cursor (6,8)
 7 │~                                       │
 8 │~                                       │
 9 │~                                       │
10 │~                                       │
11 │~                                       │
12 │~                                       │
13 │~                                       │
14 │~                                       │
15 │~                                       │
16 │~                                       │
17 │~                                       │
18 │track.py [+]          7,9            All│
19 │-- INSERT --                            │
    ────────────────────────────────────────

[TYPE] '50'

              1         2         3         
    0123456789012345678901234567890123456789
    ────────────────────────────────────────
 0 │# Tracker                               │
 1 │x = 10                                  │
 2 │y = 0                                   │
 3 │z = 0                                   │
 4 │speed = 5                               │
 5 │angle = 90                              │
 6 │power = 50                              │ ◂ cursor (6,10)
 7 │~                                       │
 8 │~                                       │
 9 │~                                       │
10 │~                                       │
11 │~                                       │
12 │~                                       │
13 │~                                       │
14 │~                                       │
15 │~                                       │
16 │~                                       │
17 │~                                       │
18 │track.py [+]          7,11           All│
19 │-- INSERT --                            │
    ────────────────────────────────────────

[ESCAPE]

              1         2         3         
    0123456789012345678901234567890123456789
    ────────────────────────────────────────
 0 │# Tracker                               │
 1 │x = 10                                  │
 2 │y = 0                                   │
 3 │z = 0                                   │
 4 │speed = 5                               │
 5 │angle = 90                              │
 6 │power = 50                              │ ◂ cursor (6,9)
 7 │~                                       │
 8 │~                                       │
 9 │~                                       │
10 │~                                       │
11 │~                                       │
12 │~                                       │
13 │~                                       │
14 │~                                       │
15 │~                                       │
16 │~                                       │
17 │~                                       │
18 │track.py [+]          7,10           All│
    ────────────────────────────────────────

[SAY] Three edits in three places. Now G semicolon.
[KEYS] 'g;'
[OVERLAY] g;  previous change

              1         2         3         
    0123456789012345678901234567890123456789
    ────────────────────────────────────────
 0 │# Tracker                               │
 1 │x = 10                                  │
 2 │y = 0                                   │
 3 │z = 0                                   │
 4 │speed = 5                               │
 5 │angle = 90                              │
 6 │power = 50                              │ ◂ cursor (6,9)
 7 │~                                       │
 8 │~                                       │
 9 │~                                       │
10 │~                                       │
11 │~                                       │
12 │~                                       │
13 │~                                       │
14 │~                                       │
15 │~                                       │
16 │~                                       │
17 │~                                       │
18 │track.py [+]          7,10           All│
    ────────────────────────────────────────

[KEYS] 'g;'
[OVERLAY] g;  older

              1         2         3         
    0123456789012345678901234567890123456789
    ────────────────────────────────────────
 0 │# Tracker                               │
 1 │x = 10                                  │
 2 │y = 0                                   │
 3 │z = 0                                   │
 4 │speed = 5                               │ ◂ cursor (4,8)
 5 │angle = 90                              │
 6 │power = 50                              │
 7 │~                                       │
 8 │~                                       │
 9 │~                                       │
10 │~                                       │
11 │~                                       │
12 │~                                       │
13 │~                                       │
14 │~                                       │
15 │~                                       │
16 │~                                       │
17 │~                                       │
18 │track.py [+]          5,9            All│
    ────────────────────────────────────────

[SAY] Back to where we changed X. G comma goes forward.
[KEYS] 'g,'
[OVERLAY] g,  newer change

              1         2         3         
    0123456789012345678901234567890123456789
    ────────────────────────────────────────
 0 │# Tracker                               │
 1 │x = 10                                  │
 2 │y = 0                                   │
 3 │z = 0                                   │
 4 │speed = 5                               │
 5 │angle = 90                              │
 6 │power = 50                              │ ◂ cursor (6,9)
 7 │~                                       │
 8 │~                                       │
 9 │~                                       │
10 │~                                       │
11 │~                                       │
12 │~                                       │
13 │~                                       │
14 │~                                       │
15 │~                                       │
16 │~                                       │
17 │~                                       │
18 │track.py [+]          7,10           All│
    ────────────────────────────────────────

[SAY] Speed's edit. Walking through your edit history.
[SAY] G semicolon and G comma. Navigate the change list. Jump between every place you edited.