[RECORDING_START] Screen state at recording start:

              1         2         3         
    0123456789012345678901234567890123456789
    ────────────────────────────────────────
 0 │floor_1 = "entrance"                    │ ◂ cursor (0,0)
 1 │floor_2 = "guard room"                  │
 2 │floor_3 = "armory"                      │
 3 │floor_4 = "kitchen"                     │
 4 │floor_5 = "mess hall"                   │
 5 │floor_6 = "barracks"                    │
 6 │floor_7 = "training yard"               │
 7 │floor_8 = "stables"                     │
 8 │floor_9 = "storage"                     │
 9 │floor_10 = "workshop"                   │
10 │floor_11 = "forge"                      │
11 │floor_12 = "library"                    │
12 │floor_13 = "study"                      │
13 │floor_14 = "gallery"                    │
14 │floor_15 = "chapel"                     │
15 │floor_16 = "map room"                   │
16 │floor_17 = "war room"                   │
17 │floor_18 = "great hall"                 │
18 │tower.py              1,1            Top│
    ────────────────────────────────────────

[OVERLAY] VimFu — The z Key
[SAY] Z is a prefix for scroll commands. It repositions the screen around your cursor.
[SAY] Jump down to the throne room on line twenty-five. It lands near the bottom of the screen.
[KEYS] '24j'
[OVERLAY] 24j

              1         2         3         
    0123456789012345678901234567890123456789
    ────────────────────────────────────────
 0 │floor_8 = "stables"                     │
 1 │floor_9 = "storage"                     │
 2 │floor_10 = "workshop"                   │
 3 │floor_11 = "forge"                      │
 4 │floor_12 = "library"                    │
 5 │floor_13 = "study"                      │
 6 │floor_14 = "gallery"                    │
 7 │floor_15 = "chapel"                     │
 8 │floor_16 = "map room"                   │
 9 │floor_17 = "war room"                   │
10 │floor_18 = "great hall"                 │
11 │floor_19 = "treasury"                   │
12 │floor_20 = "prison"                     │
13 │floor_21 = "dungeon"                    │
14 │floor_22 = "vault"                      │
15 │floor_23 = "lab"                        │
16 │floor_24 = "alchemy"                    │
17 │floor_25 = "throne room"                │ ◂ cursor (17,0)
18 │tower.py              25,1           31%│
    ────────────────────────────────────────

[SAY] Z Z. Centers the current line on screen.
[KEYS] 'zz'
[OVERLAY] zz  zz  center

              1         2         3         
    0123456789012345678901234567890123456789
    ────────────────────────────────────────
 0 │floor_17 = "war room"                   │
 1 │floor_18 = "great hall"                 │
 2 │floor_19 = "treasury"                   │
 3 │floor_20 = "prison"                     │
 4 │floor_21 = "dungeon"                    │
 5 │floor_22 = "vault"                      │
 6 │floor_23 = "lab"                        │
 7 │floor_24 = "alchemy"                    │
 8 │floor_25 = "throne room"                │ ◂ cursor (8,0)
 9 │floor_26 = "balcony"                    │
10 │floor_27 = "clock tower"                │
11 │floor_28 = "bell tower"                 │
12 │floor_29 = "archive"                    │
13 │floor_30 = "observatory"                │
14 │floor_31 = "rooftop"                    │
15 │floor_32 = "sky dock"                   │
16 │floor_33 = "cloud walk"                 │
17 │floor_34 = "wind spire"                 │
18 │tower.py              25,1           72%│
    ────────────────────────────────────────

[SAY] The throne room jumped to the middle. Completely different view. The cursor stayed put. The screen moved.
[SAY] Z T. Current line to the top.
[KEYS] 'zt'
[OVERLAY] zt  zt  top

              1         2         3         
    0123456789012345678901234567890123456789
    ────────────────────────────────────────
 0 │floor_25 = "throne room"                │ ◂ cursor (0,0)
 1 │floor_26 = "balcony"                    │
 2 │floor_27 = "clock tower"                │
 3 │floor_28 = "bell tower"                 │
 4 │floor_29 = "archive"                    │
 5 │floor_30 = "observatory"                │
 6 │floor_31 = "rooftop"                    │
 7 │floor_32 = "sky dock"                   │
 8 │floor_33 = "cloud walk"                 │
 9 │floor_34 = "wind spire"                 │
10 │floor_35 = "star deck"                  │
11 │floor_36 = "portal"                     │
12 │floor_37 = "void"                       │
13 │floor_38 = "nexus"                      │
14 │floor_39 = "apex"                       │
15 │floor_40 = "summit"                     │
16 │~                                       │
17 │~                                       │
18 │tower.py              25,1           Bot│
    ────────────────────────────────────────

[SAY] Now the throne room is the first line you see. Everything above it is gone.
[SAY] Z B. Current line to the bottom.
[KEYS] 'zb'
[OVERLAY] zb  zb  bottom

              1         2         3         
    0123456789012345678901234567890123456789
    ────────────────────────────────────────
 0 │floor_8 = "stables"                     │
 1 │floor_9 = "storage"                     │
 2 │floor_10 = "workshop"                   │
 3 │floor_11 = "forge"                      │
 4 │floor_12 = "library"                    │
 5 │floor_13 = "study"                      │
 6 │floor_14 = "gallery"                    │
 7 │floor_15 = "chapel"                     │
 8 │floor_16 = "map room"                   │
 9 │floor_17 = "war room"                   │
10 │floor_18 = "great hall"                 │
11 │floor_19 = "treasury"                   │
12 │floor_20 = "prison"                     │
13 │floor_21 = "dungeon"                    │
14 │floor_22 = "vault"                      │
15 │floor_23 = "lab"                        │
16 │floor_24 = "alchemy"                    │
17 │floor_25 = "throne room"                │ ◂ cursor (17,0)
18 │tower.py              25,1           31%│
    ────────────────────────────────────────

[SAY] Throne room is now at the bottom. Everything below it is gone. Three totally different views, same cursor position.
[SAY] Z Z to center. Z T for top. Z B for bottom. Control your viewport.