[RECORDING_START] Screen state at recording start:

              1         2         3         
    0123456789012345678901234567890123456789
    ────────────────────────────────────────
 0 │➜  vimfu                                │ ◂ cursor (0,9)
 1 │                                        │
 2 │                                        │
 3 │                                        │
 4 │                                        │
 5 │                                        │
 6 │                                        │
 7 │                                        │
 8 │                                        │
 9 │                                        │
10 │                                        │
11 │                                        │
12 │                                        │
13 │                                        │
14 │                                        │
15 │                                        │
16 │                                        │
17 │                                        │
18 │                                        │
19 │[0] 0:zsh*       "vimfu" 20:14 24-Feb-26│
    ────────────────────────────────────────

[OVERLAY] VimFu — tmux Help
[SAY] Forgot a tmux shortcut? Control B, question mark shows every key binding.
[SAY] Let's try it.
[KEYS] '\x02'
[OVERLAY] ⌃b  prefix

              1         2         3         
    0123456789012345678901234567890123456789
    ────────────────────────────────────────
 0 │➜  vimfu                                │ ◂ cursor (0,9)
 1 │                                        │
 2 │                                        │
 3 │                                        │
 4 │                                        │
 5 │                                        │
 6 │                                        │
 7 │                                        │
 8 │                                        │
 9 │                                        │
10 │                                        │
11 │                                        │
12 │                                        │
13 │                                        │
14 │                                        │
15 │                                        │
16 │                                        │
17 │                                        │
18 │                                        │
19 │[0] 0:zsh*       "vimfu" 20:14 24-Feb-26│
    ────────────────────────────────────────

[KEYS] '?'
[OVERLAY] ⇧?  ?

              1         2         3         
    0123456789012345678901234567890123456789
    ────────────────────────────────────────
 0 │C-b C-b     Send the prefix key  [87/87]│ ◂ cursor (0,0)
 1 │C-b C-o     Rotate through the panes    │
 2 │C-b C-z     Suspend the current client  │
 3 │C-b Space   Select next layout          │
 4 │C-b !       Break pane to a new window  │
 5 │C-b "       Split window vertically     │
 6 │C-b #       List all paste buffers      │
 7 │C-b $       Rename current session      │
 8 │C-b %       Split window horizontally   │
 9 │C-b &       Kill current window         │
10 │C-b '       Prompt for window index to s│
11 │elect                                   │
12 │C-b (       Switch to previous client   │
13 │C-b )       Switch to next client       │
14 │C-b ,       Rename current window       │
15 │C-b -       Delete the most recent paste│
16 │ buffer                                 │
17 │C-b .       Move the current window     │
18 │C-b /       Describe key binding        │
19 │[0] 0:[tmux]*    "vimfu" 20:14 24-Feb-26│
    ────────────────────────────────────────
[HIGHLIGHT] row 0, cols 33-39: "[87/87]"

[SAY] This is the full list of tmux key bindings. Every prefix command is right here.
[SAY] Each line shows the key and what it does.
[SAY] You can scroll through with the arrow keys.
[KEYS] '\x1b[B'
[OVERLAY] ⎋[B  ↓

              1         2         3         
    0123456789012345678901234567890123456789
    ────────────────────────────────────────
 0 │C-b C-b     Send the prefix key  [87/87]│
 1 │C-b C-o     Rotate through the panes    │ ◂ cursor (1,0)
 2 │C-b C-z     Suspend the current client  │
 3 │C-b Space   Select next layout          │
 4 │C-b !       Break pane to a new window  │
 5 │C-b "       Split window vertically     │
 6 │C-b #       List all paste buffers      │
 7 │C-b $       Rename current session      │
 8 │C-b %       Split window horizontally   │
 9 │C-b &       Kill current window         │
10 │C-b '       Prompt for window index to s│
11 │elect                                   │
12 │C-b (       Switch to previous client   │
13 │C-b )       Switch to next client       │
14 │C-b ,       Rename current window       │
15 │C-b -       Delete the most recent paste│
16 │ buffer                                 │
17 │C-b .       Move the current window     │
18 │C-b /       Describe key binding        │
19 │[0] 0:[tmux]*    "vimfu" 20:15 24-Feb-26│
    ────────────────────────────────────────
[HIGHLIGHT] row 0, cols 33-39: "[87/87]"

[KEYS] '\x1b[B'
[OVERLAY] ⎋[B  ↓

              1         2         3         
    0123456789012345678901234567890123456789
    ────────────────────────────────────────
 0 │C-b C-b     Send the prefix key  [87/87]│
 1 │C-b C-o     Rotate through the panes    │
 2 │C-b C-z     Suspend the current client  │ ◂ cursor (2,0)
 3 │C-b Space   Select next layout          │
 4 │C-b !       Break pane to a new window  │
 5 │C-b "       Split window vertically     │
 6 │C-b #       List all paste buffers      │
 7 │C-b $       Rename current session      │
 8 │C-b %       Split window horizontally   │
 9 │C-b &       Kill current window         │
10 │C-b '       Prompt for window index to s│
11 │elect                                   │
12 │C-b (       Switch to previous client   │
13 │C-b )       Switch to next client       │
14 │C-b ,       Rename current window       │
15 │C-b -       Delete the most recent paste│
16 │ buffer                                 │
17 │C-b .       Move the current window     │
18 │C-b /       Describe key binding        │
19 │[0] 0:[tmux]*    "vimfu" 20:15 24-Feb-26│
    ────────────────────────────────────────
[HIGHLIGHT] row 0, cols 33-39: "[87/87]"

[KEYS] '\x1b[B'
[OVERLAY] ⎋[B  ↓

              1         2         3         
    0123456789012345678901234567890123456789
    ────────────────────────────────────────
 0 │C-b C-b     Send the prefix key  [87/87]│
 1 │C-b C-o     Rotate through the panes    │
 2 │C-b C-z     Suspend the current client  │
 3 │C-b Space   Select next layout          │ ◂ cursor (3,0)
 4 │C-b !       Break pane to a new window  │
 5 │C-b "       Split window vertically     │
 6 │C-b #       List all paste buffers      │
 7 │C-b $       Rename current session      │
 8 │C-b %       Split window horizontally   │
 9 │C-b &       Kill current window         │
10 │C-b '       Prompt for window index to s│
11 │elect                                   │
12 │C-b (       Switch to previous client   │
13 │C-b )       Switch to next client       │
14 │C-b ,       Rename current window       │
15 │C-b -       Delete the most recent paste│
16 │ buffer                                 │
17 │C-b .       Move the current window     │
18 │C-b /       Describe key binding        │
19 │[0] 0:[tmux]*    "vimfu" 20:15 24-Feb-26│
    ────────────────────────────────────────
[HIGHLIGHT] row 0, cols 33-39: "[87/87]"

[KEYS] '\x1b[B'
[OVERLAY] ⎋[B  ↓

              1         2         3         
    0123456789012345678901234567890123456789
    ────────────────────────────────────────
 0 │C-b C-b     Send the prefix key  [87/87]│
 1 │C-b C-o     Rotate through the panes    │
 2 │C-b C-z     Suspend the current client  │
 3 │C-b Space   Select next layout          │
 4 │C-b !       Break pane to a new window  │ ◂ cursor (4,0)
 5 │C-b "       Split window vertically     │
 6 │C-b #       List all paste buffers      │
 7 │C-b $       Rename current session      │
 8 │C-b %       Split window horizontally   │
 9 │C-b &       Kill current window         │
10 │C-b '       Prompt for window index to s│
11 │elect                                   │
12 │C-b (       Switch to previous client   │
13 │C-b )       Switch to next client       │
14 │C-b ,       Rename current window       │
15 │C-b -       Delete the most recent paste│
16 │ buffer                                 │
17 │C-b .       Move the current window     │
18 │C-b /       Describe key binding        │
19 │[0] 0:[tmux]*    "vimfu" 20:15 24-Feb-26│
    ────────────────────────────────────────
[HIGHLIGHT] row 0, cols 33-39: "[87/87]"

[KEYS] '\x1b[B'
[OVERLAY] ⎋[B  ↓

              1         2         3         
    0123456789012345678901234567890123456789
    ────────────────────────────────────────
 0 │C-b C-b     Send the prefix key  [87/87]│
 1 │C-b C-o     Rotate through the panes    │
 2 │C-b C-z     Suspend the current client  │
 3 │C-b Space   Select next layout          │
 4 │C-b !       Break pane to a new window  │
 5 │C-b "       Split window vertically     │ ◂ cursor (5,0)
 6 │C-b #       List all paste buffers      │
 7 │C-b $       Rename current session      │
 8 │C-b %       Split window horizontally   │
 9 │C-b &       Kill current window         │
10 │C-b '       Prompt for window index to s│
11 │elect                                   │
12 │C-b (       Switch to previous client   │
13 │C-b )       Switch to next client       │
14 │C-b ,       Rename current window       │
15 │C-b -       Delete the most recent paste│
16 │ buffer                                 │
17 │C-b .       Move the current window     │
18 │C-b /       Describe key binding        │
19 │[0] 0:[tmux]*    "vimfu" 20:15 24-Feb-26│
    ────────────────────────────────────────
[HIGHLIGHT] row 0, cols 33-39: "[87/87]"

[SAY] There are a lot of bindings. Let's page through the full list.
[KEYS] ' '
[OVERLAY] ␣  page down

              1         2         3         
    0123456789012345678901234567890123456789
    ────────────────────────────────────────
 0 │C-b .       Move the current wind[70/87]│
 1 │C-b /       Describe key binding        │
 2 │C-b 0       Select window 0             │
 3 │C-b 1       Select window 1             │
 4 │C-b 2       Select window 2             │
 5 │C-b 3       Select window 3             │ ◂ cursor (5,0)
 6 │C-b 4       Select window 4             │
 7 │C-b 5       Select window 5             │
 8 │C-b 6       Select window 6             │
 9 │C-b 7       Select window 7             │
10 │C-b 8       Select window 8             │
11 │C-b 9       Select window 9             │
12 │C-b :       Prompt for a command        │
13 │C-b ;       Move to the previously activ│
14 │e pane                                  │
15 │C-b =       Choose a paste buffer from a│
16 │ list                                   │
17 │C-b ?       List key bindings           │
18 │C-b C       Customize options           │
19 │[0] 0:[tmux]*    "vimfu" 20:15 24-Feb-26│
    ────────────────────────────────────────
[HIGHLIGHT] row 0, cols 33-39: "[70/87]"

[SAY] Splits, panes, windows — it's all here.
[KEYS] ' '
[OVERLAY] ␣  page down

              1         2         3         
    0123456789012345678901234567890123456789
    ────────────────────────────────────────
 0 │C-b ?       List key bindings    [53/87]│
 1 │C-b C       Customize options           │
 2 │C-b D       Choose a client from a list │
 3 │C-b E       Spread panes out evenly     │
 4 │C-b L       Switch to the last client   │
 5 │C-b M       Clear the marked pane       │ ◂ cursor (5,0)
 6 │C-b [       Enter copy mode             │
 7 │C-b ]       Paste the most recent paste │
 8 │buffer                                  │
 9 │C-b c       Create a new window         │
10 │C-b d       Detach the current client   │
11 │C-b f       Search for a pane           │
12 │C-b i       Display window information  │
13 │C-b l       Select the previously curren│
14 │t window                                │
15 │C-b m       Toggle the marked pane      │
16 │C-b n       Select the next window      │
17 │C-b o       Select the next pane        │
18 │C-b p       Select the previous window  │
19 │[0] 0:[tmux]*    "vimfu" 20:15 24-Feb-26│
    ────────────────────────────────────────
[HIGHLIGHT] row 0, cols 33-39: "[53/87]"

[KEYS] ' '
[OVERLAY] ␣  page down

              1         2         3         
    0123456789012345678901234567890123456789
    ────────────────────────────────────────
 0 │C-b o       Select the next pane [36/87]│
 1 │C-b p       Select the previous window  │
 2 │C-b q       Display pane numbers        │
 3 │C-b r       Redraw the current client   │
 4 │C-b s       Choose a session from a list│
 5 │C-b t       Show a clock                │ ◂ cursor (5,0)
 6 │C-b w       Choose a window from a list │
 7 │C-b x       Kill the active pane        │
 8 │C-b z       Zoom the active pane        │
 9 │C-b {       Swap the active pane with th│
10 │e pane above                            │
11 │C-b }       Swap the active pane with th│
12 │e pane below                            │
13 │C-b ~       Show messages               │
14 │C-b DC      Reset so the visible part of│
15 │ the window follows the cursor          │
16 │C-b PPage   Enter copy mode and scroll u│
17 │p                                       │
18 │C-b Up      Select the pane above the ac│
19 │[0] 0:[tmux]*    "vimfu" 20:15 24-Feb-26│
    ────────────────────────────────────────
[HIGHLIGHT] row 0, cols 33-39: "[36/87]"

[SAY] Copy mode, resize, sessions — everything is listed.
[KEYS] ' '
[OVERLAY] ␣  page down

              1         2         3         
    0123456789012345678901234567890123456789
    ────────────────────────────────────────
 0 │p                                [19/87]│
 1 │C-b Up      Select the pane above the ac│
 2 │tive pane                               │
 3 │C-b Down    Select the pane below the ac│
 4 │tive pane                               │
 5 │C-b Left    Select the pane to the left │ ◂ cursor (5,0)
 6 │of the active pane                      │
 7 │C-b Right   Select the pane to the right│
 8 │ of the active pane                     │
 9 │C-b M-1     Set the even-horizontal layo│
10 │ut                                      │
11 │C-b M-2     Set the even-vertical layout│
12 │C-b M-3     Set the main-horizontal layo│
13 │ut                                      │
14 │C-b M-4     Set the main-vertical layout│
15 │C-b M-5     Select the tiled layout     │
16 │C-b M-n     Select the next window with │
17 │an alert                                │
18 │C-b M-o     Rotate through the panes in │
19 │[0] 0:[tmux]*    "vimfu" 20:15 24-Feb-26│
    ────────────────────────────────────────
[HIGHLIGHT] row 0, cols 33-39: "[19/87]"

[KEYS] ' '
[OVERLAY] ␣  page down

              1         2         3         
    0123456789012345678901234567890123456789
    ────────────────────────────────────────
 0 │an alert                          [2/87]│
 1 │C-b M-o     Rotate through the panes in │
 2 │reverse                                 │
 3 │C-b M-p     Select the previous window w│
 4 │ith an alert                            │
 5 │C-b M-Up    Resize the pane up by 5     │ ◂ cursor (5,0)
 6 │C-b M-Down  Resize the pane down by 5   │
 7 │C-b M-Left  Resize the pane left by 5   │
 8 │C-b M-Right Resize the pane right by 5  │
 9 │C-b C-Up    Resize the pane up          │
10 │C-b C-Down  Resize the pane down        │
11 │C-b C-Left  Resize the pane left        │
12 │C-b C-Right Resize the pane right       │
13 │C-b S-Up    Move the visible part of the│
14 │ window up                              │
15 │C-b S-Down  Move the visible part of the│
16 │ window down                            │
17 │C-b S-Left  Move the visible part of the│
18 │ window left                            │
19 │[0] 0:[tmux]*    "vimfu" 20:15 24-Feb-26│
    ────────────────────────────────────────
[HIGHLIGHT] row 0, cols 34-39: "[2/87]"

[SAY] To close the help screen, press Escape or Q. Escape feels more natural if you're a Vim user.
[KEYS] '\x1b'
[OVERLAY] ⎋  Escape

              1         2         3         
    0123456789012345678901234567890123456789
    ────────────────────────────────────────
 0 │➜  vimfu                                │ ◂ cursor (0,9)
 1 │                                        │
 2 │                                        │
 3 │                                        │
 4 │                                        │
 5 │                                        │
 6 │                                        │
 7 │                                        │
 8 │                                        │
 9 │                                        │
10 │                                        │
11 │                                        │
12 │                                        │
13 │                                        │
14 │                                        │
15 │                                        │
16 │                                        │
17 │                                        │
18 │                                        │
19 │[0] 0:zsh*       "vimfu" 20:15 24-Feb-26│
    ────────────────────────────────────────

[SAY] And we're back.
[SAY] Whenever you're stuck, Control B, question mark. Your built-in tmux cheat sheet.