[RECORDING_START] Screen state at recording start:

              1         2         3         
    0123456789012345678901234567890123456789
    ────────────────────────────────────────
 0 │apple                                   │ ◂ cursor (0,0)
 1 │banana                                  │
 2 │cherry                                  │
 3 │date                                    │
 4 │elderberry                              │
 5 │~                                       │
 6 │~                                       │
 7 │~                                       │
 8 │~                                       │
 9 │~                                       │
10 │~                                       │
11 │~                                       │
12 │~                                       │
13 │~                                       │
14 │~                                       │
15 │~                                       │
16 │~                                       │
17 │~                                       │
18 │demo.py               1,1            All│
    ────────────────────────────────────────

[OVERLAY] VimFu — Edit a Macro
[SAY] Macros are just text stored in registers. You can paste one out, edit it, and yank it back.
[SAY] Record a macro that wraps a word in quotes.
[KEYS] 'qa'
[OVERLAY] qa  record to a

              1         2         3         
    0123456789012345678901234567890123456789
    ────────────────────────────────────────
 0 │apple                                   │ ◂ cursor (0,0)
 1 │banana                                  │
 2 │cherry                                  │
 3 │date                                    │
 4 │elderberry                              │
 5 │~                                       │
 6 │~                                       │
 7 │~                                       │
 8 │~                                       │
 9 │~                                       │
10 │~                                       │
11 │~                                       │
12 │~                                       │
13 │~                                       │
14 │~                                       │
15 │~                                       │
16 │~                                       │
17 │~                                       │
18 │demo.py               1,1            All│
19 │recording @a                            │
    ────────────────────────────────────────

[KEYS] 'I"'
[OVERLAY] I"  insert quote

              1         2         3         
    0123456789012345678901234567890123456789
    ────────────────────────────────────────
 0 │"apple                                  │ ◂ cursor (0,1)
 1 │banana                                  │
 2 │cherry                                  │
 3 │date                                    │
 4 │elderberry                              │
 5 │~                                       │
 6 │~                                       │
 7 │~                                       │
 8 │~                                       │
 9 │~                                       │
10 │~                                       │
11 │~                                       │
12 │~                                       │
13 │~                                       │
14 │~                                       │
15 │~                                       │
16 │~                                       │
17 │~                                       │
18 │demo.py [+]           1,2            All│
19 │-- INSERT --recording @a                │
    ────────────────────────────────────────

[ESCAPE]

              1         2         3         
    0123456789012345678901234567890123456789
    ────────────────────────────────────────
 0 │"apple                                  │ ◂ cursor (0,0)
 1 │banana                                  │
 2 │cherry                                  │
 3 │date                                    │
 4 │elderberry                              │
 5 │~                                       │
 6 │~                                       │
 7 │~                                       │
 8 │~                                       │
 9 │~                                       │
10 │~                                       │
11 │~                                       │
12 │~                                       │
13 │~                                       │
14 │~                                       │
15 │~                                       │
16 │~                                       │
17 │~                                       │
18 │demo.py [+]           1,1            All│
19 │recording @a                            │
    ────────────────────────────────────────

[KEYS] 'A"'
[OVERLAY] A"  append quote

              1         2         3         
    0123456789012345678901234567890123456789
    ────────────────────────────────────────
 0 │"apple"                                 │ ◂ cursor (0,7)
 1 │banana                                  │
 2 │cherry                                  │
 3 │date                                    │
 4 │elderberry                              │
 5 │~                                       │
 6 │~                                       │
 7 │~                                       │
 8 │~                                       │
 9 │~                                       │
10 │~                                       │
11 │~                                       │
12 │~                                       │
13 │~                                       │
14 │~                                       │
15 │~                                       │
16 │~                                       │
17 │~                                       │
18 │demo.py [+]           1,8            All│
19 │-- INSERT --recording @a                │
    ────────────────────────────────────────

[ESCAPE]

              1         2         3         
    0123456789012345678901234567890123456789
    ────────────────────────────────────────
 0 │"apple"                                 │ ◂ cursor (0,6)
 1 │banana                                  │
 2 │cherry                                  │
 3 │date                                    │
 4 │elderberry                              │
 5 │~                                       │
 6 │~                                       │
 7 │~                                       │
 8 │~                                       │
 9 │~                                       │
10 │~                                       │
11 │~                                       │
12 │~                                       │
13 │~                                       │
14 │~                                       │
15 │~                                       │
16 │~                                       │
17 │~                                       │
18 │demo.py [+]           1,7            All│
19 │recording @a                            │
    ────────────────────────────────────────

[KEYS] 'q'
[OVERLAY] q  stop recording

              1         2         3         
    0123456789012345678901234567890123456789
    ────────────────────────────────────────
 0 │"apple"                                 │ ◂ cursor (0,6)
 1 │banana                                  │
 2 │cherry                                  │
 3 │date                                    │
 4 │elderberry                              │
 5 │~                                       │
 6 │~                                       │
 7 │~                                       │
 8 │~                                       │
 9 │~                                       │
10 │~                                       │
11 │~                                       │
12 │~                                       │
13 │~                                       │
14 │~                                       │
15 │~                                       │
16 │~                                       │
17 │~                                       │
18 │demo.py [+]           1,7            All│
    ────────────────────────────────────────

[SAY] Now paste the macro to see its contents.
[KEYS] 'G'
[OVERLAY] ⇧G  last line

              1         2         3         
    0123456789012345678901234567890123456789
    ────────────────────────────────────────
 0 │"apple"                                 │
 1 │banana                                  │
 2 │cherry                                  │
 3 │date                                    │
 4 │elderberry                              │ ◂ cursor (4,6)
 5 │~                                       │
 6 │~                                       │
 7 │~                                       │
 8 │~                                       │
 9 │~                                       │
10 │~                                       │
11 │~                                       │
12 │~                                       │
13 │~                                       │
14 │~                                       │
15 │~                                       │
16 │~                                       │
17 │~                                       │
18 │demo.py [+]           5,7            All│
    ────────────────────────────────────────

[KEYS] 'o'
[OVERLAY] o  open line

              1         2         3         
    0123456789012345678901234567890123456789
    ────────────────────────────────────────
 0 │"apple"                                 │
 1 │banana                                  │
 2 │cherry                                  │
 3 │date                                    │
 4 │elderberry                              │
 5 │                                        │ ◂ cursor (5,0)
 6 │~                                       │
 7 │~                                       │
 8 │~                                       │
 9 │~                                       │
10 │~                                       │
11 │~                                       │
12 │~                                       │
13 │~                                       │
14 │~                                       │
15 │~                                       │
16 │~                                       │
17 │~                                       │
18 │demo.py [+]           6,1            All│
19 │-- INSERT --                            │
    ────────────────────────────────────────

[ESCAPE]

              1         2         3         
    0123456789012345678901234567890123456789
    ────────────────────────────────────────
 0 │"apple"                                 │
 1 │banana                                  │
 2 │cherry                                  │
 3 │date                                    │
 4 │elderberry                              │
 5 │                                        │ ◂ cursor (5,0)
 6 │~                                       │
 7 │~                                       │
 8 │~                                       │
 9 │~                                       │
10 │~                                       │
11 │~                                       │
12 │~                                       │
13 │~                                       │
14 │~                                       │
15 │~                                       │
16 │~                                       │
17 │~                                       │
18 │demo.py [+]           6,0-1          All│
    ────────────────────────────────────────

[KEYS] '"ap'
[OVERLAY] "ap  paste register a

              1         2         3         
    0123456789012345678901234567890123456789
    ────────────────────────────────────────
 0 │"apple"                                 │
 1 │banana                                  │
 2 │cherry                                  │
 3 │date                                    │
 4 │elderberry                              │
 5 │I"^[A"^[                                │ ◂ cursor (5,6)
 6 │~                                       │
 7 │~                                       │
 8 │~                                       │
 9 │~                                       │
10 │~                                       │
11 │~                                       │
12 │~                                       │
13 │~                                       │
14 │~                                       │
15 │~                                       │
16 │~                                       │
17 │~                                       │
18 │demo.py [+]           6,6-7          All│
    ────────────────────────────────────────

[SAY] There's the macro as plain text. Edit it, then yank it back with quote A yy. Now at A plays your edited macro.