[RECORDING_START] Screen state at recording start:

              1         2         3         
    0123456789012345678901234567890123456789
    ────────────────────────────────────────
 0 │# Greeting App                          │ ◂ cursor (0,0)
 1 │                                        │
 2 │def hello(name):                        │
 3 │    return f"Hello, {name}!"            │
 4 │                                        │
 5 │def goodbye(name):                      │
 6 │    return f"Goodbye, {name}!"          │
 7 │                                        │
 8 │print(hello("world"))                   │
 9 │print(goodbye("world"))                 │
10 │~                                       │
11 │~                                       │
12 │~                                       │
13 │~                                       │
14 │~                                       │
15 │~                                       │
16 │~                                       │
17 │~                                       │
18 │greeting.py           1,1            All│
    ────────────────────────────────────────

[OVERLAY] VimFu — What Is the Command Line?
[SAY] In Vim, pressing colon opens the command line at the bottom of the screen. This is where you type Ex commands.
[SAY] Watch the bottom of the screen. Press colon.
[KEYS] ':'
[OVERLAY] ⇧:  : command line

              1         2         3         
    0123456789012345678901234567890123456789
    ────────────────────────────────────────
 0 │# Greeting App                          │
 1 │                                        │
 2 │def hello(name):                        │
 3 │    return f"Hello, {name}!"            │
 4 │                                        │
 5 │def goodbye(name):                      │
 6 │    return f"Goodbye, {name}!"          │
 7 │                                        │
 8 │print(hello("world"))                   │
 9 │print(goodbye("world"))                 │
10 │~                                       │
11 │~                                       │
12 │~                                       │
13 │~                                       │
14 │~                                       │
15 │~                                       │
16 │~                                       │
17 │~                                       │
18 │greeting.py           1,1            All│
19 │:                                       │ ◂ cursor (19,1)
    ────────────────────────────────────────

[SAY] See the colon at the bottom? Vim is waiting for a command. Press Escape to cancel.
[ESCAPE]

              1         2         3         
    0123456789012345678901234567890123456789
    ────────────────────────────────────────
 0 │# Greeting App                          │ ◂ cursor (0,0)
 1 │                                        │
 2 │def hello(name):                        │
 3 │    return f"Hello, {name}!"            │
 4 │                                        │
 5 │def goodbye(name):                      │
 6 │    return f"Goodbye, {name}!"          │
 7 │                                        │
 8 │print(hello("world"))                   │
 9 │print(goodbye("world"))                 │
10 │~                                       │
11 │~                                       │
12 │~                                       │
13 │~                                       │
14 │~                                       │
15 │~                                       │
16 │~                                       │
17 │~                                       │
18 │greeting.py           1,1            All│
    ────────────────────────────────────────

[SAY] Try again. Colon, then type set number, then Enter.
[TYPE] ':set number'

              1         2         3         
    0123456789012345678901234567890123456789
    ────────────────────────────────────────
 0 │# Greeting App                          │
 1 │                                        │
 2 │def hello(name):                        │
 3 │    return f"Hello, {name}!"            │
 4 │                                        │
 5 │def goodbye(name):                      │
 6 │    return f"Goodbye, {name}!"          │
 7 │                                        │
 8 │print(hello("world"))                   │
 9 │print(goodbye("world"))                 │
10 │~                                       │
11 │~                                       │
12 │~                                       │
13 │~                                       │
14 │~                                       │
15 │~                                       │
16 │~                                       │
17 │~                                       │
18 │greeting.py           1,1            All│
19 │:set number                             │ ◂ cursor (19,11)
    ────────────────────────────────────────

[ENTER]

              1         2         3         
    0123456789012345678901234567890123456789
    ────────────────────────────────────────
 0 │  1 # Greeting App                      │ ◂ cursor (0,4)
 1 │  2                                     │
 2 │  3 def hello(name):                    │
 3 │  4     return f"Hello, {name}!"        │
 4 │  5                                     │
 5 │  6 def goodbye(name):                  │
 6 │  7     return f"Goodbye, {name}!"      │
 7 │  8                                     │
 8 │  9 print(hello("world"))               │
 9 │ 10 print(goodbye("world"))             │
10 │~                                       │
11 │~                                       │
12 │~                                       │
13 │~                                       │
14 │~                                       │
15 │~                                       │
16 │~                                       │
17 │~                                       │
18 │greeting.py           1,1            All│
19 │:set number                             │
    ────────────────────────────────────────

[SAY] Line numbers appeared. The command executed.
[SAY] Colon opens the command line. Type a command and press Enter. This is the gateway to hundreds of powerful Ex commands.