[RECORDING_START] Screen state at recording start:

              1         2         3         
    0123456789012345678901234567890123456789
    ────────────────────────────────────────
 0 │the quick brown fox jumps               │ ◂ cursor (0,0)
 1 │over the lazy sleeping dog              │
 2 │fast cars and slow trains               │
 3 │red green blue yellow pink              │
 4 │~                                       │
 5 │~                                       │
 6 │~                                       │
 7 │~                                       │
 8 │~                                       │
 9 │~                                       │
10 │~                                       │
11 │~                                       │
12 │~                                       │
13 │~                                       │
14 │~                                       │
15 │~                                       │
16 │~                                       │
17 │~                                       │
18 │words.txt             1,1            All│
    ────────────────────────────────────────

[OVERLAY] VimFu — ge — End of Previous Word
[SAY] G E moves backward to the end of the previous word. You know E for end of word forward. G E does it backward.
[SAY] The cursor is on line one. Move to the word jumps.
[KEYS] '$'
[OVERLAY] ⇧$  end of line

              1         2         3         
    0123456789012345678901234567890123456789
    ────────────────────────────────────────
 0 │the quick brown fox jumps               │ ◂ cursor (0,24)
 1 │over the lazy sleeping dog              │
 2 │fast cars and slow trains               │
 3 │red green blue yellow pink              │
 4 │~                                       │
 5 │~                                       │
 6 │~                                       │
 7 │~                                       │
 8 │~                                       │
 9 │~                                       │
10 │~                                       │
11 │~                                       │
12 │~                                       │
13 │~                                       │
14 │~                                       │
15 │~                                       │
16 │~                                       │
17 │~                                       │
18 │words.txt             1,25           All│
    ────────────────────────────────────────

[SAY] G E. Back to the end of fox.
[KEYS] 'ge'
[OVERLAY] ge  ge — end of 'fox'

              1         2         3         
    0123456789012345678901234567890123456789
    ────────────────────────────────────────
 0 │the quick brown fox jumps               │ ◂ cursor (0,18)
 1 │over the lazy sleeping dog              │
 2 │fast cars and slow trains               │
 3 │red green blue yellow pink              │
 4 │~                                       │
 5 │~                                       │
 6 │~                                       │
 7 │~                                       │
 8 │~                                       │
 9 │~                                       │
10 │~                                       │
11 │~                                       │
12 │~                                       │
13 │~                                       │
14 │~                                       │
15 │~                                       │
16 │~                                       │
17 │~                                       │
18 │words.txt             1,19           All│
    ────────────────────────────────────────

[SAY] G E again. End of brown.
[KEYS] 'ge'
[OVERLAY] ge  ge — end of 'brown'

              1         2         3         
    0123456789012345678901234567890123456789
    ────────────────────────────────────────
 0 │the quick brown fox jumps               │ ◂ cursor (0,14)
 1 │over the lazy sleeping dog              │
 2 │fast cars and slow trains               │
 3 │red green blue yellow pink              │
 4 │~                                       │
 5 │~                                       │
 6 │~                                       │
 7 │~                                       │
 8 │~                                       │
 9 │~                                       │
10 │~                                       │
11 │~                                       │
12 │~                                       │
13 │~                                       │
14 │~                                       │
15 │~                                       │
16 │~                                       │
17 │~                                       │
18 │words.txt             1,15           All│
    ────────────────────────────────────────

[SAY] One more. End of quick.
[KEYS] 'ge'
[OVERLAY] ge  ge — end of 'quick'

              1         2         3         
    0123456789012345678901234567890123456789
    ────────────────────────────────────────
 0 │the quick brown fox jumps               │ ◂ cursor (0,8)
 1 │over the lazy sleeping dog              │
 2 │fast cars and slow trains               │
 3 │red green blue yellow pink              │
 4 │~                                       │
 5 │~                                       │
 6 │~                                       │
 7 │~                                       │
 8 │~                                       │
 9 │~                                       │
10 │~                                       │
11 │~                                       │
12 │~                                       │
13 │~                                       │
14 │~                                       │
15 │~                                       │
16 │~                                       │
17 │~                                       │
18 │words.txt             1,9            All│
    ────────────────────────────────────────

[SAY] Compare with E forward. E goes to the end of the next word.
[KEYS] 'e'
[OVERLAY] e  e — end of 'brown'

              1         2         3         
    0123456789012345678901234567890123456789
    ────────────────────────────────────────
 0 │the quick brown fox jumps               │ ◂ cursor (0,14)
 1 │over the lazy sleeping dog              │
 2 │fast cars and slow trains               │
 3 │red green blue yellow pink              │
 4 │~                                       │
 5 │~                                       │
 6 │~                                       │
 7 │~                                       │
 8 │~                                       │
 9 │~                                       │
10 │~                                       │
11 │~                                       │
12 │~                                       │
13 │~                                       │
14 │~                                       │
15 │~                                       │
16 │~                                       │
17 │~                                       │
18 │words.txt             1,15           All│
    ────────────────────────────────────────

[KEYS] 'e'
[OVERLAY] e  e — end of 'fox'

              1         2         3         
    0123456789012345678901234567890123456789
    ────────────────────────────────────────
 0 │the quick brown fox jumps               │ ◂ cursor (0,18)
 1 │over the lazy sleeping dog              │
 2 │fast cars and slow trains               │
 3 │red green blue yellow pink              │
 4 │~                                       │
 5 │~                                       │
 6 │~                                       │
 7 │~                                       │
 8 │~                                       │
 9 │~                                       │
10 │~                                       │
11 │~                                       │
12 │~                                       │
13 │~                                       │
14 │~                                       │
15 │~                                       │
16 │~                                       │
17 │~                                       │
18 │words.txt             1,19           All│
    ────────────────────────────────────────

[SAY] G E goes back.
[KEYS] 'ge'
[OVERLAY] ge  ge — end of 'brown'

              1         2         3         
    0123456789012345678901234567890123456789
    ────────────────────────────────────────
 0 │the quick brown fox jumps               │ ◂ cursor (0,14)
 1 │over the lazy sleeping dog              │
 2 │fast cars and slow trains               │
 3 │red green blue yellow pink              │
 4 │~                                       │
 5 │~                                       │
 6 │~                                       │
 7 │~                                       │
 8 │~                                       │
 9 │~                                       │
10 │~                                       │
11 │~                                       │
12 │~                                       │
13 │~                                       │
14 │~                                       │
15 │~                                       │
16 │~                                       │
17 │~                                       │
18 │words.txt             1,15           All│
    ────────────────────────────────────────

[KEYS] 'ge'
[OVERLAY] ge  ge — end of 'quick'

              1         2         3         
    0123456789012345678901234567890123456789
    ────────────────────────────────────────
 0 │the quick brown fox jumps               │ ◂ cursor (0,8)
 1 │over the lazy sleeping dog              │
 2 │fast cars and slow trains               │
 3 │red green blue yellow pink              │
 4 │~                                       │
 5 │~                                       │
 6 │~                                       │
 7 │~                                       │
 8 │~                                       │
 9 │~                                       │
10 │~                                       │
11 │~                                       │
12 │~                                       │
13 │~                                       │
14 │~                                       │
15 │~                                       │
16 │~                                       │
17 │~                                       │
18 │words.txt             1,9            All│
    ────────────────────────────────────────

[SAY] Use a count. Three G E jumps back three word endings.
[KEYS] '$'
[OVERLAY] ⇧$  end of line

              1         2         3         
    0123456789012345678901234567890123456789
    ────────────────────────────────────────
 0 │the quick brown fox jumps               │ ◂ cursor (0,24)
 1 │over the lazy sleeping dog              │
 2 │fast cars and slow trains               │
 3 │red green blue yellow pink              │
 4 │~                                       │
 5 │~                                       │
 6 │~                                       │
 7 │~                                       │
 8 │~                                       │
 9 │~                                       │
10 │~                                       │
11 │~                                       │
12 │~                                       │
13 │~                                       │
14 │~                                       │
15 │~                                       │
16 │~                                       │
17 │~                                       │
18 │words.txt             1,25           All│
    ────────────────────────────────────────

[KEYS] '3ge'
[OVERLAY] 3ge  3ge

              1         2         3         
    0123456789012345678901234567890123456789
    ────────────────────────────────────────
 0 │the quick brown fox jumps               │ ◂ cursor (0,8)
 1 │over the lazy sleeping dog              │
 2 │fast cars and slow trains               │
 3 │red green blue yellow pink              │
 4 │~                                       │
 5 │~                                       │
 6 │~                                       │
 7 │~                                       │
 8 │~                                       │
 9 │~                                       │
10 │~                                       │
11 │~                                       │
12 │~                                       │
13 │~                                       │
14 │~                                       │
15 │~                                       │
16 │~                                       │
17 │~                                       │
18 │words.txt             1,9            All│
    ────────────────────────────────────────

[SAY] Skipped three word endings in one move.
[SAY] G E. Backward to the end of the previous word. B goes to the beginning, G E goes to the end.