[RECORDING_START] Screen state at recording start:

              1         2         3         
    0123456789012345678901234567890123456789
    ────────────────────────────────────────
 0 │# File A                                │ ◂ cursor (0,0)
 1 │~                                       │
 2 │~                                       │
 3 │~                                       │
 4 │~                                       │
 5 │~                                       │
 6 │~                                       │
 7 │~                                       │
 8 │~                                       │
 9 │a.py                  1,1            All│
10 │# File B                                │
11 │~                                       │
12 │~                                       │
13 │~                                       │
14 │~                                       │
15 │~                                       │
16 │~                                       │
17 │~                                       │
18 │b.py                  1,1            All│
    ────────────────────────────────────────
[HIGHLIGHT] row 9, cols 0-39: "a.py                  1,1            All"

[OVERLAY] VimFu — :qa — Quit All
[SAY] Colon Q A quits all windows at once. If any have unsaved changes, it fails. Add bang to force it.
[SAY] Two windows open. Quit both.
[TYPE] ':qa'

              1         2         3         
    0123456789012345678901234567890123456789
    ────────────────────────────────────────
 0 │# File A                                │
 1 │~                                       │
 2 │~                                       │
 3 │~                                       │
 4 │~                                       │
 5 │~                                       │
 6 │~                                       │
 7 │~                                       │
 8 │~                                       │
 9 │a.py                  1,1            All│
10 │# File B                                │
11 │~                                       │
12 │~                                       │
13 │~                                       │
14 │~                                       │
15 │~                                       │
16 │~                                       │
17 │~                                       │
18 │b.py                  1,1            All│
19 │:qa                                     │ ◂ cursor (19,3)
    ────────────────────────────────────────
[HIGHLIGHT] row 9, cols 0-39: "a.py                  1,1            All"

[ENTER]

              1         2         3         
    0123456789012345678901234567890123456789
    ────────────────────────────────────────
 0 │# File A                                │
 1 │~                                       │
 2 │~                                       │
 3 │~                                       │
 4 │~                                       │
 5 │~                                       │
 6 │~                                       │
 7 │~                                       │
 8 │~                                       │
 9 │a.py                  1,1            All│
10 │# File B                                │
11 │~                                       │
12 │~                                       │
13 │~                                       │
14 │~                                       │
15 │~                                       │
16 │~                                       │
17 │~                                       │
18 │b.py                  1,1            All│
19 │:qa                                     │ ◂ cursor (19,0)
    ────────────────────────────────────────
[HIGHLIGHT] row 9, cols 0-39: "a.py                  1,1            All"

[SAY] Both closed. Back to the shell. Colon Q A bang would discard any unsaved changes.