[RECORDING_START] Screen state at recording start:

              1         2         3         
    0123456789012345678901234567890123456789
    ────────────────────────────────────────
 0 │beta = 2                                │ ◂ cursor (0,0)
 1 │alpha = 1                               │
 2 │delta = 3                               │
 3 │tset = 4                                │
 4 │~                                       │
 5 │~                                       │
 6 │~                                       │
 7 │~                                       │
 8 │~                                       │
 9 │~                                       │
10 │~                                       │
11 │~                                       │
12 │~                                       │
13 │~                                       │
14 │~                                       │
15 │~                                       │
16 │~                                       │
17 │~                                       │
18 │order.py              1,1            All│
    ────────────────────────────────────────

[OVERLAY] VimFu — The dd-p Swap Trick
[SAY] D D P is the line swap trick. Delete a line, then put it back below.
[SAY] Beta is on line one. Let's move it down.
[KEYS] 'd'
[OVERLAY] d  delete

              1         2         3         
    0123456789012345678901234567890123456789
    ────────────────────────────────────────
 0 │beta = 2                                │ ◂ cursor (0,0)
 1 │alpha = 1                               │
 2 │delta = 3                               │
 3 │tset = 4                                │
 4 │~                                       │
 5 │~                                       │
 6 │~                                       │
 7 │~                                       │
 8 │~                                       │
 9 │~                                       │
10 │~                                       │
11 │~                                       │
12 │~                                       │
13 │~                                       │
14 │~                                       │
15 │~                                       │
16 │~                                       │
17 │~                                       │
18 │order.py              1,1            All│
19 │                             d          │
    ────────────────────────────────────────

[KEYS] 'd'
[OVERLAY] d  delete line

              1         2         3         
    0123456789012345678901234567890123456789
    ────────────────────────────────────────
 0 │alpha = 1                               │ ◂ cursor (0,0)
 1 │delta = 3                               │
 2 │tset = 4                                │
 3 │~                                       │
 4 │~                                       │
 5 │~                                       │
 6 │~                                       │
 7 │~                                       │
 8 │~                                       │
 9 │~                                       │
10 │~                                       │
11 │~                                       │
12 │~                                       │
13 │~                                       │
14 │~                                       │
15 │~                                       │
16 │~                                       │
17 │~                                       │
18 │order.py [+]          1,1            All│
    ────────────────────────────────────────

[KEYS] 'p'
[OVERLAY] p  paste after

              1         2         3         
    0123456789012345678901234567890123456789
    ────────────────────────────────────────
 0 │alpha = 1                               │
 1 │beta = 2                                │ ◂ cursor (1,0)
 2 │delta = 3                               │
 3 │tset = 4                                │
 4 │~                                       │
 5 │~                                       │
 6 │~                                       │
 7 │~                                       │
 8 │~                                       │
 9 │~                                       │
10 │~                                       │
11 │~                                       │
12 │~                                       │
13 │~                                       │
14 │~                                       │
15 │~                                       │
16 │~                                       │
17 │~                                       │
18 │order.py [+]          2,1            All│
    ────────────────────────────────────────

[SAY] Alpha is first now. D D then P swapped the lines.
[KEYS] 'u'
[OVERLAY] u  undo

              1         2         3         
    0123456789012345678901234567890123456789
    ────────────────────────────────────────
 0 │alpha = 1                               │ ◂ cursor (0,0)
 1 │delta = 3                               │
 2 │tset = 4                                │
 3 │~                                       │
 4 │~                                       │
 5 │~                                       │
 6 │~                                       │
 7 │~                                       │
 8 │~                                       │
 9 │~                                       │
10 │~                                       │
11 │~                                       │
12 │~                                       │
13 │~                                       │
14 │~                                       │
15 │~                                       │
16 │~                                       │
17 │~                                       │
18 │order.py [+]          1,1            All│
19 │1 line less;...5 seconds ago            │
    ────────────────────────────────────────

[KEYS] 'u'
[OVERLAY] u  undo

              1         2         3         
    0123456789012345678901234567890123456789
    ────────────────────────────────────────
 0 │beta = 2                                │ ◂ cursor (0,0)
 1 │alpha = 1                               │
 2 │delta = 3                               │
 3 │tset = 4                                │
 4 │~                                       │
 5 │~                                       │
 6 │~                                       │
 7 │~                                       │
 8 │~                                       │
 9 │~                                       │
10 │~                                       │
11 │~                                       │
12 │~                                       │
13 │~                                       │
14 │~                                       │
15 │~                                       │
16 │~                                       │
17 │~                                       │
18 │order.py              1,1            All│
19 │1 more line;...7 seconds ago            │
    ────────────────────────────────────────

[SAY] Capital P would put it above instead. Same idea, opposite direction.
[SAY] X P swaps two characters. Great for fixing typos.
[KEYS] 'j'
[OVERLAY] j  down

              1         2         3         
    0123456789012345678901234567890123456789
    ────────────────────────────────────────
 0 │beta = 2                                │
 1 │alpha = 1                               │ ◂ cursor (1,0)
 2 │delta = 3                               │
 3 │tset = 4                                │
 4 │~                                       │
 5 │~                                       │
 6 │~                                       │
 7 │~                                       │
 8 │~                                       │
 9 │~                                       │
10 │~                                       │
11 │~                                       │
12 │~                                       │
13 │~                                       │
14 │~                                       │
15 │~                                       │
16 │~                                       │
17 │~                                       │
18 │order.py              2,1            All│
19 │1 more line;...7 seconds ago            │
    ────────────────────────────────────────

[KEYS] 'j'
[OVERLAY] j  down

              1         2         3         
    0123456789012345678901234567890123456789
    ────────────────────────────────────────
 0 │beta = 2                                │
 1 │alpha = 1                               │
 2 │delta = 3                               │ ◂ cursor (2,0)
 3 │tset = 4                                │
 4 │~                                       │
 5 │~                                       │
 6 │~                                       │
 7 │~                                       │
 8 │~                                       │
 9 │~                                       │
10 │~                                       │
11 │~                                       │
12 │~                                       │
13 │~                                       │
14 │~                                       │
15 │~                                       │
16 │~                                       │
17 │~                                       │
18 │order.py              3,1            All│
19 │1 more line;...7 seconds ago            │
    ────────────────────────────────────────

[KEYS] 'j'
[OVERLAY] j  down

              1         2         3         
    0123456789012345678901234567890123456789
    ────────────────────────────────────────
 0 │beta = 2                                │
 1 │alpha = 1                               │
 2 │delta = 3                               │
 3 │tset = 4                                │ ◂ cursor (3,0)
 4 │~                                       │
 5 │~                                       │
 6 │~                                       │
 7 │~                                       │
 8 │~                                       │
 9 │~                                       │
10 │~                                       │
11 │~                                       │
12 │~                                       │
13 │~                                       │
14 │~                                       │
15 │~                                       │
16 │~                                       │
17 │~                                       │
18 │order.py              4,1            All│
19 │1 more line;...7 seconds ago            │
    ────────────────────────────────────────

[KEYS] 'l'
[OVERLAY] l  right

              1         2         3         
    0123456789012345678901234567890123456789
    ────────────────────────────────────────
 0 │beta = 2                                │
 1 │alpha = 1                               │
 2 │delta = 3                               │
 3 │tset = 4                                │ ◂ cursor (3,1)
 4 │~                                       │
 5 │~                                       │
 6 │~                                       │
 7 │~                                       │
 8 │~                                       │
 9 │~                                       │
10 │~                                       │
11 │~                                       │
12 │~                                       │
13 │~                                       │
14 │~                                       │
15 │~                                       │
16 │~                                       │
17 │~                                       │
18 │order.py              4,2            All│
19 │1 more line;...7 seconds ago            │
    ────────────────────────────────────────

[KEYS] 'x'
[OVERLAY] x  delete char

              1         2         3         
    0123456789012345678901234567890123456789
    ────────────────────────────────────────
 0 │beta = 2                                │
 1 │alpha = 1                               │
 2 │delta = 3                               │
 3 │tet = 4                                 │ ◂ cursor (3,1)
 4 │~                                       │
 5 │~                                       │
 6 │~                                       │
 7 │~                                       │
 8 │~                                       │
 9 │~                                       │
10 │~                                       │
11 │~                                       │
12 │~                                       │
13 │~                                       │
14 │~                                       │
15 │~                                       │
16 │~                                       │
17 │~                                       │
18 │order.py [+]          4,2            All│
19 │1 more line;...7 seconds ago            │
    ────────────────────────────────────────

[KEYS] 'p'
[OVERLAY] p  paste after

              1         2         3         
    0123456789012345678901234567890123456789
    ────────────────────────────────────────
 0 │beta = 2                                │
 1 │alpha = 1                               │
 2 │delta = 3                               │
 3 │test = 4                                │ ◂ cursor (3,2)
 4 │~                                       │
 5 │~                                       │
 6 │~                                       │
 7 │~                                       │
 8 │~                                       │
 9 │~                                       │
10 │~                                       │
11 │~                                       │
12 │~                                       │
13 │~                                       │
14 │~                                       │
15 │~                                       │
16 │~                                       │
17 │~                                       │
18 │order.py [+]          4,3            All│
19 │1 more line;...7 seconds ago            │
    ────────────────────────────────────────

[SAY] T S E T is now test. X deletes a character, P puts it right back.
[SAY] D D P to swap lines. X P to swap characters. Two handy combos.