[RECORDING_START] Screen state at recording start:

              1         2         3         
    0123456789012345678901234567890123456789
    ────────────────────────────────────────
 0 │  1 # Dungeon Generator                 │ ◂ cursor (0,4)
 1 │  2 def gen_room(size):                 │
 2 │  3 +--  3 lines: width = size * 2······│
 3 │  6                                     │
 4 │  7 def gen_monster(level):             │
 5 │  8 +--  3 lines: hp = level * 50·······│
 6 │ 11                                     │
 7 │ 12 def gen_treasure(rarity):           │
 8 │ 13 +--  3 lines: gold = rarity * 100···│
 9 │ 16                                     │
10 │ 17 def gen_trap(danger):               │
11 │ 18 +--  2 lines: damage = danger * 25··│
12 │~                                       │
13 │~                                       │
14 │~                                       │
15 │~                                       │
16 │~                                       │
17 │~                                       │
18 │dungeon.py            1,1            All│
    ────────────────────────────────────────
[HIGHLIGHT] row 2, cols 4-39: "+--  3 lines: width = size * 2······"
[HIGHLIGHT] row 5, cols 4-39: "+--  3 lines: hp = level * 50·······"
[HIGHLIGHT] row 8, cols 4-39: "+--  3 lines: gold = rarity * 100···"
[HIGHLIGHT] row 11, cols 4-39: "+--  2 lines: damage = danger * 25··"

[OVERLAY] VimFu — zj zk — Navigate Folds
[SAY] Z J moves to the next fold. Z K moves to the previous fold. Jump between folds without scrolling.
[SAY] Four folded functions. Start at the top and jump forward with Z J.
[KEYS] 'gg'
[OVERLAY] gg  top of file

              1         2         3         
    0123456789012345678901234567890123456789
    ────────────────────────────────────────
 0 │  1 # Dungeon Generator                 │ ◂ cursor (0,4)
 1 │  2 def gen_room(size):                 │
 2 │  3 +--  3 lines: width = size * 2······│
 3 │  6                                     │
 4 │  7 def gen_monster(level):             │
 5 │  8 +--  3 lines: hp = level * 50·······│
 6 │ 11                                     │
 7 │ 12 def gen_treasure(rarity):           │
 8 │ 13 +--  3 lines: gold = rarity * 100···│
 9 │ 16                                     │
10 │ 17 def gen_trap(danger):               │
11 │ 18 +--  2 lines: damage = danger * 25··│
12 │~                                       │
13 │~                                       │
14 │~                                       │
15 │~                                       │
16 │~                                       │
17 │~                                       │
18 │dungeon.py            1,1            All│
    ────────────────────────────────────────
[HIGHLIGHT] row 2, cols 4-39: "+--  3 lines: width = size * 2······"
[HIGHLIGHT] row 5, cols 4-39: "+--  3 lines: hp = level * 50·······"
[HIGHLIGHT] row 8, cols 4-39: "+--  3 lines: gold = rarity * 100···"
[HIGHLIGHT] row 11, cols 4-39: "+--  2 lines: damage = danger * 25··"

[KEYS] 'zj'
[OVERLAY] zj  next fold

              1         2         3         
    0123456789012345678901234567890123456789
    ────────────────────────────────────────
 0 │  1 # Dungeon Generator                 │
 1 │  2 def gen_room(size):                 │
 2 │  3 +--  3 lines: width = size * 2······│ ◂ cursor (2,4)
 3 │  6                                     │
 4 │  7 def gen_monster(level):             │
 5 │  8 +--  3 lines: hp = level * 50·······│
 6 │ 11                                     │
 7 │ 12 def gen_treasure(rarity):           │
 8 │ 13 +--  3 lines: gold = rarity * 100···│
 9 │ 16                                     │
10 │ 17 def gen_trap(danger):               │
11 │ 18 +--  2 lines: damage = danger * 25··│
12 │~                                       │
13 │~                                       │
14 │~                                       │
15 │~                                       │
16 │~                                       │
17 │~                                       │
18 │dungeon.py            3,1            All│
    ────────────────────────────────────────
[HIGHLIGHT] row 2, cols 5-39: "--  3 lines: width = size * 2······"
[HIGHLIGHT] row 5, cols 4-39: "+--  3 lines: hp = level * 50·······"
[HIGHLIGHT] row 8, cols 4-39: "+--  3 lines: gold = rarity * 100···"
[HIGHLIGHT] row 11, cols 4-39: "+--  2 lines: damage = danger * 25··"

[KEYS] 'zj'
[OVERLAY] zj  next fold

              1         2         3         
    0123456789012345678901234567890123456789
    ────────────────────────────────────────
 0 │  1 # Dungeon Generator                 │
 1 │  2 def gen_room(size):                 │
 2 │  3 +--  3 lines: width = size * 2······│
 3 │  6                                     │
 4 │  7 def gen_monster(level):             │
 5 │  8 +--  3 lines: hp = level * 50·······│ ◂ cursor (5,4)
 6 │ 11                                     │
 7 │ 12 def gen_treasure(rarity):           │
 8 │ 13 +--  3 lines: gold = rarity * 100···│
 9 │ 16                                     │
10 │ 17 def gen_trap(danger):               │
11 │ 18 +--  2 lines: damage = danger * 25··│
12 │~                                       │
13 │~                                       │
14 │~                                       │
15 │~                                       │
16 │~                                       │
17 │~                                       │
18 │dungeon.py            8,1            All│
    ────────────────────────────────────────
[HIGHLIGHT] row 2, cols 4-39: "+--  3 lines: width = size * 2······"
[HIGHLIGHT] row 5, cols 5-39: "--  3 lines: hp = level * 50·······"
[HIGHLIGHT] row 8, cols 4-39: "+--  3 lines: gold = rarity * 100···"
[HIGHLIGHT] row 11, cols 4-39: "+--  2 lines: damage = danger * 25··"

[KEYS] 'zj'
[OVERLAY] zj  next fold

              1         2         3         
    0123456789012345678901234567890123456789
    ────────────────────────────────────────
 0 │  1 # Dungeon Generator                 │
 1 │  2 def gen_room(size):                 │
 2 │  3 +--  3 lines: width = size * 2······│
 3 │  6                                     │
 4 │  7 def gen_monster(level):             │
 5 │  8 +--  3 lines: hp = level * 50·······│
 6 │ 11                                     │
 7 │ 12 def gen_treasure(rarity):           │
 8 │ 13 +--  3 lines: gold = rarity * 100···│ ◂ cursor (8,4)
 9 │ 16                                     │
10 │ 17 def gen_trap(danger):               │
11 │ 18 +--  2 lines: damage = danger * 25··│
12 │~                                       │
13 │~                                       │
14 │~                                       │
15 │~                                       │
16 │~                                       │
17 │~                                       │
18 │dungeon.py            13,1           All│
    ────────────────────────────────────────
[HIGHLIGHT] row 2, cols 4-39: "+--  3 lines: width = size * 2······"
[HIGHLIGHT] row 5, cols 4-39: "+--  3 lines: hp = level * 50·······"
[HIGHLIGHT] row 8, cols 5-39: "--  3 lines: gold = rarity * 100···"
[HIGHLIGHT] row 11, cols 4-39: "+--  2 lines: damage = danger * 25··"

[KEYS] 'zj'
[OVERLAY] zj  next fold

              1         2         3         
    0123456789012345678901234567890123456789
    ────────────────────────────────────────
 0 │  1 # Dungeon Generator                 │
 1 │  2 def gen_room(size):                 │
 2 │  3 +--  3 lines: width = size * 2······│
 3 │  6                                     │
 4 │  7 def gen_monster(level):             │
 5 │  8 +--  3 lines: hp = level * 50·······│
 6 │ 11                                     │
 7 │ 12 def gen_treasure(rarity):           │
 8 │ 13 +--  3 lines: gold = rarity * 100···│
 9 │ 16                                     │
10 │ 17 def gen_trap(danger):               │
11 │ 18 +--  2 lines: damage = danger * 25··│ ◂ cursor (11,4)
12 │~                                       │
13 │~                                       │
14 │~                                       │
15 │~                                       │
16 │~                                       │
17 │~                                       │
18 │dungeon.py            18,1           All│
    ────────────────────────────────────────
[HIGHLIGHT] row 2, cols 4-39: "+--  3 lines: width = size * 2······"
[HIGHLIGHT] row 5, cols 4-39: "+--  3 lines: hp = level * 50·······"
[HIGHLIGHT] row 8, cols 4-39: "+--  3 lines: gold = rarity * 100···"
[HIGHLIGHT] row 11, cols 5-39: "--  2 lines: damage = danger * 25··"

[SAY] Jumped through all four folds. Landed on each fold marker.
[SAY] Z K goes back.
[KEYS] 'zk'
[OVERLAY] zk  previous fold

              1         2         3         
    0123456789012345678901234567890123456789
    ────────────────────────────────────────
 0 │  1 # Dungeon Generator                 │
 1 │  2 def gen_room(size):                 │
 2 │  3 +--  3 lines: width = size * 2······│
 3 │  6                                     │
 4 │  7 def gen_monster(level):             │
 5 │  8 +--  3 lines: hp = level * 50·······│
 6 │ 11                                     │
 7 │ 12 def gen_treasure(rarity):           │
 8 │ 13 +--  3 lines: gold = rarity * 100···│ ◂ cursor (8,4)
 9 │ 16                                     │
10 │ 17 def gen_trap(danger):               │
11 │ 18 +--  2 lines: damage = danger * 25··│
12 │~                                       │
13 │~                                       │
14 │~                                       │
15 │~                                       │
16 │~                                       │
17 │~                                       │
18 │dungeon.py            15,1           All│
    ────────────────────────────────────────
[HIGHLIGHT] row 2, cols 4-39: "+--  3 lines: width = size * 2······"
[HIGHLIGHT] row 5, cols 4-39: "+--  3 lines: hp = level * 50·······"
[HIGHLIGHT] row 8, cols 5-39: "--  3 lines: gold = rarity * 100···"
[HIGHLIGHT] row 11, cols 4-39: "+--  2 lines: damage = danger * 25··"

[KEYS] 'zk'
[OVERLAY] zk  previous fold

              1         2         3         
    0123456789012345678901234567890123456789
    ────────────────────────────────────────
 0 │  1 # Dungeon Generator                 │
 1 │  2 def gen_room(size):                 │
 2 │  3 +--  3 lines: width = size * 2······│
 3 │  6                                     │
 4 │  7 def gen_monster(level):             │
 5 │  8 +--  3 lines: hp = level * 50·······│ ◂ cursor (5,4)
 6 │ 11                                     │
 7 │ 12 def gen_treasure(rarity):           │
 8 │ 13 +--  3 lines: gold = rarity * 100···│
 9 │ 16                                     │
10 │ 17 def gen_trap(danger):               │
11 │ 18 +--  2 lines: damage = danger * 25··│
12 │~                                       │
13 │~                                       │
14 │~                                       │
15 │~                                       │
16 │~                                       │
17 │~                                       │
18 │dungeon.py            10,1           All│
    ────────────────────────────────────────
[HIGHLIGHT] row 2, cols 4-39: "+--  3 lines: width = size * 2······"
[HIGHLIGHT] row 5, cols 5-39: "--  3 lines: hp = level * 50·······"
[HIGHLIGHT] row 8, cols 4-39: "+--  3 lines: gold = rarity * 100···"
[HIGHLIGHT] row 11, cols 4-39: "+--  2 lines: damage = danger * 25··"

[SAY] Back to the second fold. Z J and Z K hop between folds.
[SAY] Z J next fold. Z K previous fold. Navigate folded code like jumping between functions.