[RECORDING_START] Screen state at recording start:

              1         2         3         
    0123456789012345678901234567890123456789
    ────────────────────────────────────────
 0 │host = "local"                          │ ◂ cursor (0,0)
 1 │port = 8080                             │
 2 │mode = "debug"                          │
 3 │flag = True                             │
 4 │host = "cloud"                          │
 5 │port = 9090                             │
 6 │mode = "live"                           │
 7 │flag = False                            │
 8 │~                                       │
 9 │~                                       │
10 │~                                       │
11 │~                                       │
12 │~                                       │
13 │~                                       │
14 │~                                       │
15 │~                                       │
16 │~                                       │
17 │~                                       │
18 │config.py             1,1            All│
    ────────────────────────────────────────

[OVERLAY] VimFu — Search Forward
[SAY] Slash searches forward. Type a pattern and press Enter.
[SAY] Let's find mode.
[KEYS] '/'
[OVERLAY] /  search

              1         2         3         
    0123456789012345678901234567890123456789
    ────────────────────────────────────────
 0 │host = "local"                          │
 1 │port = 8080                             │
 2 │mode = "debug"                          │
 3 │flag = True                             │
 4 │host = "cloud"                          │
 5 │port = 9090                             │
 6 │mode = "live"                           │
 7 │flag = False                            │
 8 │~                                       │
 9 │~                                       │
10 │~                                       │
11 │~                                       │
12 │~                                       │
13 │~                                       │
14 │~                                       │
15 │~                                       │
16 │~                                       │
17 │~                                       │
18 │config.py             1,1            All│
19 │/                                       │ ◂ cursor (19,1)
    ────────────────────────────────────────

[TYPE] 'mode'

              1         2         3         
    0123456789012345678901234567890123456789
    ────────────────────────────────────────
 0 │host = "local"                          │
 1 │port = 8080                             │
 2 │mode = "debug"                          │
 3 │flag = True                             │
 4 │host = "cloud"                          │
 5 │port = 9090                             │
 6 │mode = "live"                           │
 7 │flag = False                            │
 8 │~                                       │
 9 │~                                       │
10 │~                                       │
11 │~                                       │
12 │~                                       │
13 │~                                       │
14 │~                                       │
15 │~                                       │
16 │~                                       │
17 │~                                       │
18 │config.py             3,1            All│
19 │/mode                                   │ ◂ cursor (19,5)
    ────────────────────────────────────────
[HIGHLIGHT] row 2, cols 0-3: "mode"
[HIGHLIGHT] row 6, cols 0-3: "mode"

[ENTER]

              1         2         3         
    0123456789012345678901234567890123456789
    ────────────────────────────────────────
 0 │host = "local"                          │
 1 │port = 8080                             │
 2 │mode = "debug"                          │ ◂ cursor (2,0)
 3 │flag = True                             │
 4 │host = "cloud"                          │
 5 │port = 9090                             │
 6 │mode = "live"                           │
 7 │flag = False                            │
 8 │~                                       │
 9 │~                                       │
10 │~                                       │
11 │~                                       │
12 │~                                       │
13 │~                                       │
14 │~                                       │
15 │~                                       │
16 │~                                       │
17 │~                                       │
18 │config.py             3,1            All│
19 │/mode                 [1/2]             │
    ────────────────────────────────────────
[HIGHLIGHT] row 2, cols 1-3: "ode"
[HIGHLIGHT] row 6, cols 0-3: "mode"

[SAY] Slash mode Enter. Cursor jumped right to it.
[SAY] Now let's search for flag.
[KEYS] '/'
[OVERLAY] /  search

              1         2         3         
    0123456789012345678901234567890123456789
    ────────────────────────────────────────
 0 │host = "local"                          │
 1 │port = 8080                             │
 2 │mode = "debug"                          │
 3 │flag = True                             │
 4 │host = "cloud"                          │
 5 │port = 9090                             │
 6 │mode = "live"                           │
 7 │flag = False                            │
 8 │~                                       │
 9 │~                                       │
10 │~                                       │
11 │~                                       │
12 │~                                       │
13 │~                                       │
14 │~                                       │
15 │~                                       │
16 │~                                       │
17 │~                                       │
18 │config.py             3,1            All│
19 │/                                       │ ◂ cursor (19,1)
    ────────────────────────────────────────
[HIGHLIGHT] row 2, cols 0-3: "mode"
[HIGHLIGHT] row 6, cols 0-3: "mode"

[TYPE] 'flag'

              1         2         3         
    0123456789012345678901234567890123456789
    ────────────────────────────────────────
 0 │host = "local"                          │
 1 │port = 8080                             │
 2 │mode = "debug"                          │
 3 │flag = True                             │
 4 │host = "cloud"                          │
 5 │port = 9090                             │
 6 │mode = "live"                           │
 7 │flag = False                            │
 8 │~                                       │
 9 │~                                       │
10 │~                                       │
11 │~                                       │
12 │~                                       │
13 │~                                       │
14 │~                                       │
15 │~                                       │
16 │~                                       │
17 │~                                       │
18 │config.py             4,1            All│
19 │/flag                                   │ ◂ cursor (19,5)
    ────────────────────────────────────────
[HIGHLIGHT] row 3, cols 0-3: "flag"
[HIGHLIGHT] row 7, cols 0-3: "flag"

[ENTER]

              1         2         3         
    0123456789012345678901234567890123456789
    ────────────────────────────────────────
 0 │host = "local"                          │
 1 │port = 8080                             │
 2 │mode = "debug"                          │
 3 │flag = True                             │ ◂ cursor (3,0)
 4 │host = "cloud"                          │
 5 │port = 9090                             │
 6 │mode = "live"                           │
 7 │flag = False                            │
 8 │~                                       │
 9 │~                                       │
10 │~                                       │
11 │~                                       │
12 │~                                       │
13 │~                                       │
14 │~                                       │
15 │~                                       │
16 │~                                       │
17 │~                                       │
18 │config.py             4,1            All│
19 │/flag                 [1/2]             │
    ────────────────────────────────────────
[HIGHLIGHT] row 3, cols 1-3: "lag"
[HIGHLIGHT] row 7, cols 0-3: "flag"

[SAY] Jumped to flag on the next line.
[SAY] Now search for local. It's above us, but slash wraps around.
[KEYS] '/'
[OVERLAY] /  search

              1         2         3         
    0123456789012345678901234567890123456789
    ────────────────────────────────────────
 0 │host = "local"                          │
 1 │port = 8080                             │
 2 │mode = "debug"                          │
 3 │flag = True                             │
 4 │host = "cloud"                          │
 5 │port = 9090                             │
 6 │mode = "live"                           │
 7 │flag = False                            │
 8 │~                                       │
 9 │~                                       │
10 │~                                       │
11 │~                                       │
12 │~                                       │
13 │~                                       │
14 │~                                       │
15 │~                                       │
16 │~                                       │
17 │~                                       │
18 │config.py             4,1            All│
19 │/                                       │ ◂ cursor (19,1)
    ────────────────────────────────────────
[HIGHLIGHT] row 3, cols 0-3: "flag"
[HIGHLIGHT] row 7, cols 0-3: "flag"

[TYPE] 'local'

              1         2         3         
    0123456789012345678901234567890123456789
    ────────────────────────────────────────
 0 │host = "local"                          │
 1 │port = 8080                             │
 2 │mode = "debug"                          │
 3 │flag = True                             │
 4 │host = "cloud"                          │
 5 │port = 9090                             │
 6 │mode = "live"                           │
 7 │flag = False                            │
 8 │~                                       │
 9 │~                                       │
10 │~                                       │
11 │~                                       │
12 │~                                       │
13 │~                                       │
14 │~                                       │
15 │~                                       │
16 │~                                       │
17 │~                                       │
18 │config.py             1,9            All│
19 │/local                                  │ ◂ cursor (19,6)
    ────────────────────────────────────────
[HIGHLIGHT] row 0, cols 8-12: "local"

[ENTER]

              1         2         3         
    0123456789012345678901234567890123456789
    ────────────────────────────────────────
 0 │host = "local"                          │ ◂ cursor (0,8)
 1 │port = 8080                             │
 2 │mode = "debug"                          │
 3 │flag = True                             │
 4 │host = "cloud"                          │
 5 │port = 9090                             │
 6 │mode = "live"                           │
 7 │flag = False                            │
 8 │~                                       │
 9 │~                                       │
10 │~                                       │
11 │~                                       │
12 │~                                       │
13 │~                                       │
14 │~                                       │
15 │~                                       │
16 │~                                       │
17 │~                                       │
18 │config.py             1,9            All│
19 │/local              W [1/1]             │
    ────────────────────────────────────────
[HIGHLIGHT] row 0, cols 9-12: "ocal"

[SAY] Wrapped back to line one. Search always loops around the file.
[SAY] Slash, type your pattern, Enter. The fastest way to jump anywhere.