[RECORDING_START] Screen state at recording start:

              1         2         3         
    0123456789012345678901234567890123456789
    ────────────────────────────────────────
 0 │bold text here                          │ ◂ cursor (0,0)
 1 │italic text here                        │
 2 │code text here                          │
 3 │~                                       │
 4 │~                                       │
 5 │~                                       │
 6 │~                                       │
 7 │~                                       │
 8 │~                                       │
 9 │~                                       │
10 │~                                       │
11 │~                                       │
12 │~                                       │
13 │~                                       │
14 │~                                       │
15 │~                                       │
16 │~                                       │
17 │~                                       │
18 │arb.md                1,1            All│
    ────────────────────────────────────────

[OVERLAY] VimFu — Surround with Any Character
[SAY] Any punctuation character works as a surround. It wraps symmetrically, same character on both sides.
[SAY] Wrap bold in asterisks. Y S I W asterisk.
[KEYS] 'ysiw*'
[OVERLAY] ysiw*  ysiw*

              1         2         3         
    0123456789012345678901234567890123456789
    ────────────────────────────────────────
 0 │*bold* text here                        │ ◂ cursor (0,0)
 1 │italic text here                        │
 2 │code text here                          │
 3 │~                                       │
 4 │~                                       │
 5 │~                                       │
 6 │~                                       │
 7 │~                                       │
 8 │~                                       │
 9 │~                                       │
10 │~                                       │
11 │~                                       │
12 │~                                       │
13 │~                                       │
14 │~                                       │
15 │~                                       │
16 │~                                       │
17 │~                                       │
18 │arb.md [+]            1,1            All│
    ────────────────────────────────────────

[SAY] Bold is now wrapped in asterisks. Markdown bold.
[KEYS] 'u'
[OVERLAY] u  undo

              1         2         3         
    0123456789012345678901234567890123456789
    ────────────────────────────────────────
 0 │bold text here                          │ ◂ cursor (0,0)
 1 │italic text here                        │
 2 │code text here                          │
 3 │~                                       │
 4 │~                                       │
 5 │~                                       │
 6 │~                                       │
 7 │~                                       │
 8 │~                                       │
 9 │~                                       │
10 │~                                       │
11 │~                                       │
12 │~                                       │
13 │~                                       │
14 │~                                       │
15 │~                                       │
16 │~                                       │
17 │~                                       │
18 │arb.md                1,1            All│
19 │1 change; be...5 seconds ago            │
    ────────────────────────────────────────

[SAY] Underscores. Y S I W underscore.
[KEYS] 'jfi'
[OVERLAY] jfi

              1         2         3         
    0123456789012345678901234567890123456789
    ────────────────────────────────────────
 0 │bold text here                          │
 1 │italic text here                        │ ◂ cursor (1,4)
 2 │code text here                          │
 3 │~                                       │
 4 │~                                       │
 5 │~                                       │
 6 │~                                       │
 7 │~                                       │
 8 │~                                       │
 9 │~                                       │
10 │~                                       │
11 │~                                       │
12 │~                                       │
13 │~                                       │
14 │~                                       │
15 │~                                       │
16 │~                                       │
17 │~                                       │
18 │arb.md                2,5            All│
19 │1 change; be...5 seconds ago            │
    ────────────────────────────────────────

[KEYS] 'ysiw_'
[OVERLAY] ysiw_  ysiw_

              1         2         3         
    0123456789012345678901234567890123456789
    ────────────────────────────────────────
 0 │bold text here                          │
 1 │_italic_ text here                      │ ◂ cursor (1,0)
 2 │code text here                          │
 3 │~                                       │
 4 │~                                       │
 5 │~                                       │
 6 │~                                       │
 7 │~                                       │
 8 │~                                       │
 9 │~                                       │
10 │~                                       │
11 │~                                       │
12 │~                                       │
13 │~                                       │
14 │~                                       │
15 │~                                       │
16 │~                                       │
17 │~                                       │
18 │arb.md [+]            2,1            All│
19 │1 change; be...5 seconds ago            │
    ────────────────────────────────────────

[SAY] Underscored.
[KEYS] 'u'
[OVERLAY] u  undo

              1         2         3         
    0123456789012345678901234567890123456789
    ────────────────────────────────────────
 0 │bold text here                          │
 1 │italic text here                        │ ◂ cursor (1,0)
 2 │code text here                          │
 3 │~                                       │
 4 │~                                       │
 5 │~                                       │
 6 │~                                       │
 7 │~                                       │
 8 │~                                       │
 9 │~                                       │
10 │~                                       │
11 │~                                       │
12 │~                                       │
13 │~                                       │
14 │~                                       │
15 │~                                       │
16 │~                                       │
17 │~                                       │
18 │arb.md                2,1            All│
19 │1 change; be...4 seconds ago            │
    ────────────────────────────────────────

[SAY] Backticks. Y S I W backtick.
[KEYS] 'jfc'
[OVERLAY] jfc

              1         2         3         
    0123456789012345678901234567890123456789
    ────────────────────────────────────────
 0 │bold text here                          │
 1 │italic text here                        │
 2 │code text here                          │ ◂ cursor (2,0)
 3 │~                                       │
 4 │~                                       │
 5 │~                                       │
 6 │~                                       │
 7 │~                                       │
 8 │~                                       │
 9 │~                                       │
10 │~                                       │
11 │~                                       │
12 │~                                       │
13 │~                                       │
14 │~                                       │
15 │~                                       │
16 │~                                       │
17 │~                                       │
18 │arb.md                3,1            All│
19 │1 change; be...4 seconds ago            │
    ────────────────────────────────────────

[KEYS] 'ysiw`'
[OVERLAY] ysiw`  ysiw`

              1         2         3         
    0123456789012345678901234567890123456789
    ────────────────────────────────────────
 0 │bold text here                          │
 1 │italic text here                        │
 2 │`code` text here                        │ ◂ cursor (2,0)
 3 │~                                       │
 4 │~                                       │
 5 │~                                       │
 6 │~                                       │
 7 │~                                       │
 8 │~                                       │
 9 │~                                       │
10 │~                                       │
11 │~                                       │
12 │~                                       │
13 │~                                       │
14 │~                                       │
15 │~                                       │
16 │~                                       │
17 │~                                       │
18 │arb.md [+]            3,1            All│
19 │1 change; be...4 seconds ago            │
    ────────────────────────────────────────

[SAY] Code wrapped in backticks. Any character works.