[RECORDING_START] Screen state at recording start:

              1         2         3         
    0123456789012345678901234567890123456789
    ────────────────────────────────────────
 0 │# Color Palette                         │ ◂ cursor (0,0)
 1 │red = "#FF0000"                         │
 2 │green = "#00FF00"                       │
 3 │blue = "#0000FF"                        │
 4 │light_red = "#FF6666"                   │
 5 │dark_red = "#990000"                    │
 6 │sky_blue = "#87CEEB"                    │
 7 │ocean_blue = "#0077BE"                  │
 8 │forest_green = "#228B22"                │
 9 │~                                       │
10 │~                                       │
11 │~                                       │
12 │~                                       │
13 │~                                       │
14 │~                                       │
15 │~                                       │
16 │~                                       │
17 │~                                       │
18 │colors.py             1,1            All│
    ────────────────────────────────────────

[OVERLAY] VimFu — gn gN — Select Next Match
[SAY] G N selects the next search match in visual mode. Search for a pattern, then use G N to select and operate on each match.
[SAY] Search for red.
[TYPE] '/red'

              1         2         3         
    0123456789012345678901234567890123456789
    ────────────────────────────────────────
 0 │# Color Palette                         │
 1 │red = "#FF0000"                         │
 2 │green = "#00FF00"                       │
 3 │blue = "#0000FF"                        │
 4 │light_red = "#FF6666"                   │
 5 │dark_red = "#990000"                    │
 6 │sky_blue = "#87CEEB"                    │
 7 │ocean_blue = "#0077BE"                  │
 8 │forest_green = "#228B22"                │
 9 │~                                       │
10 │~                                       │
11 │~                                       │
12 │~                                       │
13 │~                                       │
14 │~                                       │
15 │~                                       │
16 │~                                       │
17 │~                                       │
18 │colors.py             2,1            All│
19 │/red                                    │ ◂ cursor (19,4)
    ────────────────────────────────────────
[HIGHLIGHT] row 1, cols 0-2: "red"
[HIGHLIGHT] row 4, cols 6-8: "red"
[HIGHLIGHT] row 5, cols 5-7: "red"

[ENTER]

              1         2         3         
    0123456789012345678901234567890123456789
    ────────────────────────────────────────
 0 │# Color Palette                         │
 1 │red = "#FF0000"                         │ ◂ cursor (1,0)
 2 │green = "#00FF00"                       │
 3 │blue = "#0000FF"                        │
 4 │light_red = "#FF6666"                   │
 5 │dark_red = "#990000"                    │
 6 │sky_blue = "#87CEEB"                    │
 7 │ocean_blue = "#0077BE"                  │
 8 │forest_green = "#228B22"                │
 9 │~                                       │
10 │~                                       │
11 │~                                       │
12 │~                                       │
13 │~                                       │
14 │~                                       │
15 │~                                       │
16 │~                                       │
17 │~                                       │
18 │colors.py             2,1            All│
19 │/red                  [1/3]             │
    ────────────────────────────────────────
[HIGHLIGHT] row 1, cols 1-2: "ed"
[HIGHLIGHT] row 4, cols 6-8: "red"
[HIGHLIGHT] row 5, cols 5-7: "red"

[SAY] Now G N. It selects the match under the cursor.
[KEYS] 'gn'
[OVERLAY] gn  select match

              1         2         3         
    0123456789012345678901234567890123456789
    ────────────────────────────────────────
 0 │# Color Palette                         │
 1 │red = "#FF0000"                         │ ◂ cursor (1,2)
 2 │green = "#00FF00"                       │
 3 │blue = "#0000FF"                        │
 4 │light_red = "#FF6666"                   │
 5 │dark_red = "#990000"                    │
 6 │sky_blue = "#87CEEB"                    │
 7 │ocean_blue = "#0077BE"                  │
 8 │forest_green = "#228B22"                │
 9 │~                                       │
10 │~                                       │
11 │~                                       │
12 │~                                       │
13 │~                                       │
14 │~                                       │
15 │~                                       │
16 │~                                       │
17 │~                                       │
18 │colors.py             2,3            All│
19 │-- VISUAL --                 3          │
    ────────────────────────────────────────
[HIGHLIGHT] row 1, cols 0-2: "re"
[HIGHLIGHT] row 4, cols 6-8: "red"
[HIGHLIGHT] row 5, cols 5-7: "red"

[SAY] The word red is visually selected. Press escape.
[ESCAPE]

              1         2         3         
    0123456789012345678901234567890123456789
    ────────────────────────────────────────
 0 │# Color Palette                         │
 1 │red = "#FF0000"                         │ ◂ cursor (1,2)
 2 │green = "#00FF00"                       │
 3 │blue = "#0000FF"                        │
 4 │light_red = "#FF6666"                   │
 5 │dark_red = "#990000"                    │
 6 │sky_blue = "#87CEEB"                    │
 7 │ocean_blue = "#0077BE"                  │
 8 │forest_green = "#228B22"                │
 9 │~                                       │
10 │~                                       │
11 │~                                       │
12 │~                                       │
13 │~                                       │
14 │~                                       │
15 │~                                       │
16 │~                                       │
17 │~                                       │
18 │colors.py             2,3            All│
    ────────────────────────────────────────
[HIGHLIGHT] row 1, cols 0-2: "re"
[HIGHLIGHT] row 4, cols 6-8: "red"
[HIGHLIGHT] row 5, cols 5-7: "red"

[SAY] The real power is using G N with an operator. C G N changes the next match.
[KEYS] 'cgn'
[OVERLAY] cgn  change match

              1         2         3         
    0123456789012345678901234567890123456789
    ────────────────────────────────────────
 0 │# Color Palette                         │
 1 │ = "#FF0000"                            │ ◂ cursor (1,0)
 2 │green = "#00FF00"                       │
 3 │blue = "#0000FF"                        │
 4 │light_red = "#FF6666"                   │
 5 │dark_red = "#990000"                    │
 6 │sky_blue = "#87CEEB"                    │
 7 │ocean_blue = "#0077BE"                  │
 8 │forest_green = "#228B22"                │
 9 │~                                       │
10 │~                                       │
11 │~                                       │
12 │~                                       │
13 │~                                       │
14 │~                                       │
15 │~                                       │
16 │~                                       │
17 │~                                       │
18 │colors.py [+]         2,1            All│
19 │-- INSERT --                            │
    ────────────────────────────────────────
[HIGHLIGHT] row 4, cols 6-8: "red"
[HIGHLIGHT] row 5, cols 5-7: "red"

[TYPE] 'crimson'

              1         2         3         
    0123456789012345678901234567890123456789
    ────────────────────────────────────────
 0 │# Color Palette                         │
 1 │crimson = "#FF0000"                     │ ◂ cursor (1,7)
 2 │green = "#00FF00"                       │
 3 │blue = "#0000FF"                        │
 4 │light_red = "#FF6666"                   │
 5 │dark_red = "#990000"                    │
 6 │sky_blue = "#87CEEB"                    │
 7 │ocean_blue = "#0077BE"                  │
 8 │forest_green = "#228B22"                │
 9 │~                                       │
10 │~                                       │
11 │~                                       │
12 │~                                       │
13 │~                                       │
14 │~                                       │
15 │~                                       │
16 │~                                       │
17 │~                                       │
18 │colors.py [+]         2,8            All│
19 │-- INSERT --                            │
    ────────────────────────────────────────
[HIGHLIGHT] row 4, cols 6-8: "red"
[HIGHLIGHT] row 5, cols 5-7: "red"

[ESCAPE]

              1         2         3         
    0123456789012345678901234567890123456789
    ────────────────────────────────────────
 0 │# Color Palette                         │
 1 │crimson = "#FF0000"                     │ ◂ cursor (1,6)
 2 │green = "#00FF00"                       │
 3 │blue = "#0000FF"                        │
 4 │light_red = "#FF6666"                   │
 5 │dark_red = "#990000"                    │
 6 │sky_blue = "#87CEEB"                    │
 7 │ocean_blue = "#0077BE"                  │
 8 │forest_green = "#228B22"                │
 9 │~                                       │
10 │~                                       │
11 │~                                       │
12 │~                                       │
13 │~                                       │
14 │~                                       │
15 │~                                       │
16 │~                                       │
17 │~                                       │
18 │colors.py [+]         2,7            All│
    ────────────────────────────────────────
[HIGHLIGHT] row 4, cols 6-8: "red"
[HIGHLIGHT] row 5, cols 5-7: "red"

[SAY] Changed red to crimson. Now press dot to repeat on the next match.
[KEYS] '.'
[OVERLAY] .  repeat on next match

              1         2         3         
    0123456789012345678901234567890123456789
    ────────────────────────────────────────
 0 │# Color Palette                         │
 1 │crimson = "#FF0000"                     │
 2 │green = "#00FF00"                       │
 3 │blue = "#0000FF"                        │
 4 │light_crimson = "#FF6666"               │ ◂ cursor (4,12)
 5 │dark_red = "#990000"                    │
 6 │sky_blue = "#87CEEB"                    │
 7 │ocean_blue = "#0077BE"                  │
 8 │forest_green = "#228B22"                │
 9 │~                                       │
10 │~                                       │
11 │~                                       │
12 │~                                       │
13 │~                                       │
14 │~                                       │
15 │~                                       │
16 │~                                       │
17 │~                                       │
18 │colors.py [+]         5,13           All│
    ────────────────────────────────────────
[HIGHLIGHT] row 5, cols 5-7: "red"

[SAY] Dot found the next red and changed it to crimson too. Dot again.
[KEYS] '.'
[OVERLAY] .  repeat

              1         2         3         
    0123456789012345678901234567890123456789
    ────────────────────────────────────────
 0 │# Color Palette                         │
 1 │crimson = "#FF0000"                     │
 2 │green = "#00FF00"                       │
 3 │blue = "#0000FF"                        │
 4 │light_crimson = "#FF6666"               │
 5 │dark_crimson = "#990000"                │ ◂ cursor (5,11)
 6 │sky_blue = "#87CEEB"                    │
 7 │ocean_blue = "#0077BE"                  │
 8 │forest_green = "#228B22"                │
 9 │~                                       │
10 │~                                       │
11 │~                                       │
12 │~                                       │
13 │~                                       │
14 │~                                       │
15 │~                                       │
16 │~                                       │
17 │~                                       │
18 │colors.py [+]         6,12           All│
    ────────────────────────────────────────

[SAY] Every match replaced, one dot at a time. You can skip a match by pressing N first.
[SAY] G N selects the next search match. C G N changes it. Then dot repeats. The fastest way to do selective find and replace.