[RECORDING_START] Screen state at recording start:

              1         2         3         
    0123456789012345678901234567890123456789
    ────────────────────────────────────────
 0 │player = "ace"                          │ ◂ cursor (0,0)
 1 │points = 9999                           │
 2 │streak = 42                             │
 3 │bonus = 100                             │
 4 │~                                       │
 5 │~                                       │
 6 │~                                       │
 7 │~                                       │
 8 │~                                       │
 9 │~                                       │
10 │~                                       │
11 │~                                       │
12 │~                                       │
13 │~                                       │
14 │~                                       │
15 │~                                       │
16 │~                                       │
17 │~                                       │
18 │score.py              1,1            All│
    ────────────────────────────────────────

[OVERLAY] VimFu — The $ Key
[SAY] Dollar sign moves to the end of the line. The last character.
[SAY] Cursor at the start. Dollar.
[KEYS] '$'
[OVERLAY] ⇧$  end of line

              1         2         3         
    0123456789012345678901234567890123456789
    ────────────────────────────────────────
 0 │player = "ace"                          │ ◂ cursor (0,13)
 1 │points = 9999                           │
 2 │streak = 42                             │
 3 │bonus = 100                             │
 4 │~                                       │
 5 │~                                       │
 6 │~                                       │
 7 │~                                       │
 8 │~                                       │
 9 │~                                       │
10 │~                                       │
11 │~                                       │
12 │~                                       │
13 │~                                       │
14 │~                                       │
15 │~                                       │
16 │~                                       │
17 │~                                       │
18 │score.py              1,14           All│
    ────────────────────────────────────────

[SAY] End of line one. On the closing quote.
[SAY] D dollar deletes from cursor to end. Move to the equals on line two.
[KEYS] 'jw'
[OVERLAY] jw

              1         2         3         
    0123456789012345678901234567890123456789
    ────────────────────────────────────────
 0 │player = "ace"                          │
 1 │points = 9999                           │
 2 │streak = 42                             │ ◂ cursor (2,0)
 3 │bonus = 100                             │
 4 │~                                       │
 5 │~                                       │
 6 │~                                       │
 7 │~                                       │
 8 │~                                       │
 9 │~                                       │
10 │~                                       │
11 │~                                       │
12 │~                                       │
13 │~                                       │
14 │~                                       │
15 │~                                       │
16 │~                                       │
17 │~                                       │
18 │score.py              3,1            All│
    ────────────────────────────────────────

[KEYS] 'd$'
[OVERLAY] d$  delete to end

              1         2         3         
    0123456789012345678901234567890123456789
    ────────────────────────────────────────
 0 │player = "ace"                          │
 1 │points = 9999                           │
 2 │                                        │ ◂ cursor (2,0)
 3 │bonus = 100                             │
 4 │~                                       │
 5 │~                                       │
 6 │~                                       │
 7 │~                                       │
 8 │~                                       │
 9 │~                                       │
10 │~                                       │
11 │~                                       │
12 │~                                       │
13 │~                                       │
14 │~                                       │
15 │~                                       │
16 │~                                       │
17 │~                                       │
18 │score.py [+]          3,0-1          All│
    ────────────────────────────────────────

[SAY] Everything from equals to the end, deleted. D dollar is the same as capital D.
[KEYS] 'u'
[OVERLAY] u  undo

              1         2         3         
    0123456789012345678901234567890123456789
    ────────────────────────────────────────
 0 │player = "ace"                          │
 1 │points = 9999                           │
 2 │streak = 42                             │ ◂ cursor (2,0)
 3 │bonus = 100                             │
 4 │~                                       │
 5 │~                                       │
 6 │~                                       │
 7 │~                                       │
 8 │~                                       │
 9 │~                                       │
10 │~                                       │
11 │~                                       │
12 │~                                       │
13 │~                                       │
14 │~                                       │
15 │~                                       │
16 │~                                       │
17 │~                                       │
18 │score.py              3,1            All│
19 │1 change; be...8 seconds ago            │
    ────────────────────────────────────────

[SAY] Two dollar. End of the next line.
[KEYS] 'gg'
[OVERLAY] gg

              1         2         3         
    0123456789012345678901234567890123456789
    ────────────────────────────────────────
 0 │player = "ace"                          │ ◂ cursor (0,0)
 1 │points = 9999                           │
 2 │streak = 42                             │
 3 │bonus = 100                             │
 4 │~                                       │
 5 │~                                       │
 6 │~                                       │
 7 │~                                       │
 8 │~                                       │
 9 │~                                       │
10 │~                                       │
11 │~                                       │
12 │~                                       │
13 │~                                       │
14 │~                                       │
15 │~                                       │
16 │~                                       │
17 │~                                       │
18 │score.py              1,1            All│
19 │1 change; be...8 seconds ago            │
    ────────────────────────────────────────

[KEYS] '2$'
[OVERLAY] 2$  end of 2nd line

              1         2         3         
    0123456789012345678901234567890123456789
    ────────────────────────────────────────
 0 │player = "ace"                          │
 1 │points = 9999                           │ ◂ cursor (1,12)
 2 │streak = 42                             │
 3 │bonus = 100                             │
 4 │~                                       │
 5 │~                                       │
 6 │~                                       │
 7 │~                                       │
 8 │~                                       │
 9 │~                                       │
10 │~                                       │
11 │~                                       │
12 │~                                       │
13 │~                                       │
14 │~                                       │
15 │~                                       │
16 │~                                       │
17 │~                                       │
18 │score.py              2,13           All│
19 │1 change; be...8 seconds ago            │
    ────────────────────────────────────────

[SAY] Jumped to the end of line two. The count says which line.
[SAY] Dollar sign. End of line. Zero goes to the start, dollar goes to the end.