[RECORDING_START] Screen state at recording start:

              1         2         3         
    0123456789012345678901234567890123456789
    ────────────────────────────────────────
 0 │task = "buy milk"                       │ ◂ cursor (0,0)
 1 │task = "fix bug"                        │
 2 │task = "read book"                      │
 3 │task = "run tests"                      │
 4 │task = "clean desk"                     │
 5 │~                                       │
 6 │~                                       │
 7 │~                                       │
 8 │~                                       │
 9 │~                                       │
10 │~                                       │
11 │~                                       │
12 │~                                       │
13 │~                                       │
14 │~                                       │
15 │~                                       │
16 │~                                       │
17 │~                                       │
18 │todo.py               1,1            All│
    ────────────────────────────────────────

[OVERLAY] VimFu — The @ Key
[SAY] At-sign plus a register letter plays the macro stored in that register.
[SAY] Record a macro to add done in front of each task. Q A.
[KEYS] 'qa'
[OVERLAY] qa  record into a

              1         2         3         
    0123456789012345678901234567890123456789
    ────────────────────────────────────────
 0 │task = "buy milk"                       │ ◂ cursor (0,0)
 1 │task = "fix bug"                        │
 2 │task = "read book"                      │
 3 │task = "run tests"                      │
 4 │task = "clean desk"                     │
 5 │~                                       │
 6 │~                                       │
 7 │~                                       │
 8 │~                                       │
 9 │~                                       │
10 │~                                       │
11 │~                                       │
12 │~                                       │
13 │~                                       │
14 │~                                       │
15 │~                                       │
16 │~                                       │
17 │~                                       │
18 │todo.py               1,1            All│
19 │recording @a                            │
    ────────────────────────────────────────

[KEYS] 'I'
[OVERLAY] ⇧I

              1         2         3         
    0123456789012345678901234567890123456789
    ────────────────────────────────────────
 0 │task = "buy milk"                       │ ◂ cursor (0,0)
 1 │task = "fix bug"                        │
 2 │task = "read book"                      │
 3 │task = "run tests"                      │
 4 │task = "clean desk"                     │
 5 │~                                       │
 6 │~                                       │
 7 │~                                       │
 8 │~                                       │
 9 │~                                       │
10 │~                                       │
11 │~                                       │
12 │~                                       │
13 │~                                       │
14 │~                                       │
15 │~                                       │
16 │~                                       │
17 │~                                       │
18 │todo.py               1,1            All│
19 │-- INSERT --recording @a                │
    ────────────────────────────────────────

[TYPE] 'done_'

              1         2         3         
    0123456789012345678901234567890123456789
    ────────────────────────────────────────
 0 │done_task = "buy milk"                  │ ◂ cursor (0,5)
 1 │task = "fix bug"                        │
 2 │task = "read book"                      │
 3 │task = "run tests"                      │
 4 │task = "clean desk"                     │
 5 │~                                       │
 6 │~                                       │
 7 │~                                       │
 8 │~                                       │
 9 │~                                       │
10 │~                                       │
11 │~                                       │
12 │~                                       │
13 │~                                       │
14 │~                                       │
15 │~                                       │
16 │~                                       │
17 │~                                       │
18 │todo.py [+]           1,6            All│
19 │-- INSERT --recording @a                │
    ────────────────────────────────────────

[ESCAPE]

              1         2         3         
    0123456789012345678901234567890123456789
    ────────────────────────────────────────
 0 │done_task = "buy milk"                  │ ◂ cursor (0,4)
 1 │task = "fix bug"                        │
 2 │task = "read book"                      │
 3 │task = "run tests"                      │
 4 │task = "clean desk"                     │
 5 │~                                       │
 6 │~                                       │
 7 │~                                       │
 8 │~                                       │
 9 │~                                       │
10 │~                                       │
11 │~                                       │
12 │~                                       │
13 │~                                       │
14 │~                                       │
15 │~                                       │
16 │~                                       │
17 │~                                       │
18 │todo.py [+]           1,5            All│
19 │recording @a                            │
    ────────────────────────────────────────

[KEYS] 'j'
[OVERLAY] j

              1         2         3         
    0123456789012345678901234567890123456789
    ────────────────────────────────────────
 0 │done_task = "buy milk"                  │
 1 │task = "fix bug"                        │ ◂ cursor (1,4)
 2 │task = "read book"                      │
 3 │task = "run tests"                      │
 4 │task = "clean desk"                     │
 5 │~                                       │
 6 │~                                       │
 7 │~                                       │
 8 │~                                       │
 9 │~                                       │
10 │~                                       │
11 │~                                       │
12 │~                                       │
13 │~                                       │
14 │~                                       │
15 │~                                       │
16 │~                                       │
17 │~                                       │
18 │todo.py [+]           2,5            All│
19 │recording @a                            │
    ────────────────────────────────────────

[KEYS] 'q'
[OVERLAY] q  stop recording

              1         2         3         
    0123456789012345678901234567890123456789
    ────────────────────────────────────────
 0 │done_task = "buy milk"                  │
 1 │task = "fix bug"                        │ ◂ cursor (1,4)
 2 │task = "read book"                      │
 3 │task = "run tests"                      │
 4 │task = "clean desk"                     │
 5 │~                                       │
 6 │~                                       │
 7 │~                                       │
 8 │~                                       │
 9 │~                                       │
10 │~                                       │
11 │~                                       │
12 │~                                       │
13 │~                                       │
14 │~                                       │
15 │~                                       │
16 │~                                       │
17 │~                                       │
18 │todo.py [+]           2,5            All│
    ────────────────────────────────────────

[SAY] Play it. At A.
[KEYS] '@a'
[OVERLAY] @a  play macro a

              1         2         3         
    0123456789012345678901234567890123456789
    ────────────────────────────────────────
 0 │done_task = "buy milk"                  │
 1 │done_task = "fix bug"                   │
 2 │task = "read book"                      │ ◂ cursor (2,4)
 3 │task = "run tests"                      │
 4 │task = "clean desk"                     │
 5 │~                                       │
 6 │~                                       │
 7 │~                                       │
 8 │~                                       │
 9 │~                                       │
10 │~                                       │
11 │~                                       │
12 │~                                       │
13 │~                                       │
14 │~                                       │
15 │~                                       │
16 │~                                       │
17 │~                                       │
18 │todo.py [+]           3,5            All│
    ────────────────────────────────────────

[SAY] Line two now says done underscore task. The macro replayed.
[SAY] At at. Repeat the last played macro.
[KEYS] '@@'
[OVERLAY] @@  repeat last macro

              1         2         3         
    0123456789012345678901234567890123456789
    ────────────────────────────────────────
 0 │done_task = "buy milk"                  │
 1 │done_task = "fix bug"                   │
 2 │done_task = "read book"                 │
 3 │task = "run tests"                      │ ◂ cursor (3,4)
 4 │task = "clean desk"                     │
 5 │~                                       │
 6 │~                                       │
 7 │~                                       │
 8 │~                                       │
 9 │~                                       │
10 │~                                       │
11 │~                                       │
12 │~                                       │
13 │~                                       │
14 │~                                       │
15 │~                                       │
16 │~                                       │
17 │~                                       │
18 │todo.py [+]           4,5            All│
    ────────────────────────────────────────

[SAY] Line three done. At at is a shortcut. No need to remember the register.
[SAY] Two at A. Play the macro twice.
[KEYS] '2@a'
[OVERLAY] 2@a  play 2 times

              1         2         3         
    0123456789012345678901234567890123456789
    ────────────────────────────────────────
 0 │done_task = "buy milk"                  │
 1 │done_task = "fix bug"                   │
 2 │done_task = "read book"                 │
 3 │done_task = "run tests"                 │
 4 │done_task = "clean desk"                │ ◂ cursor (4,4)
 5 │~                                       │
 6 │~                                       │
 7 │~                                       │
 8 │~                                       │
 9 │~                                       │
10 │~                                       │
11 │~                                       │
12 │~                                       │
13 │~                                       │
14 │~                                       │
15 │~                                       │
16 │~                                       │
17 │~                                       │
18 │todo.py [+]           5,5            All│
    ────────────────────────────────────────

[SAY] Two more lines done. Counts work with macros too.
[SAY] The at key. Play a macro from a register. At at repeats the last one. Add a count to repeat multiple times.