[RECORDING_START] Screen state at recording start:

              1         2         3         
    0123456789012345678901234567890123456789
    ────────────────────────────────────────
 0 │#define MAX_SIZE 100                    │ ◂ cursor (0,0)
 1 │#define MIN_SIZE 10                     │
 2 │#define MAX_COUNT 50                    │
 3 │int x = ;                               │
 4 │~                                       │
 5 │~                                       │
 6 │~                                       │
 7 │~                                       │
 8 │~                                       │
 9 │~                                       │
10 │~                                       │
11 │~                                       │
12 │~                                       │
13 │~                                       │
14 │~                                       │
15 │~                                       │
16 │~                                       │
17 │~                                       │
18 │demo.c                1,1            All│
    ────────────────────────────────────────

[OVERLAY] VimFu — Ctrl-X Ctrl-D — Define
[SAY] Control X Control D completes defined identifiers. In C, that means macros and defines. In other languages, it looks for definition patterns.
[SAY] Go to the last line and type MAX.
[KEYS] '3jf;i'
[OVERLAY] 3jf;i  last line, insert

              1         2         3         
    0123456789012345678901234567890123456789
    ────────────────────────────────────────
 0 │#define MAX_SIZE 100                    │
 1 │#define MIN_SIZE 10                     │
 2 │#define MAX_COUNT 50                    │
 3 │int x = ;                               │ ◂ cursor (3,8)
 4 │~                                       │
 5 │~                                       │
 6 │~                                       │
 7 │~                                       │
 8 │~                                       │
 9 │~                                       │
10 │~                                       │
11 │~                                       │
12 │~                                       │
13 │~                                       │
14 │~                                       │
15 │~                                       │
16 │~                                       │
17 │~                                       │
18 │demo.c                4,9            All│
19 │-- INSERT --                            │
    ────────────────────────────────────────

[TYPE] 'MAX'

              1         2         3         
    0123456789012345678901234567890123456789
    ────────────────────────────────────────
 0 │#define MAX_SIZE 100                    │
 1 │#define MIN_SIZE 10                     │
 2 │#define MAX_COUNT 50                    │
 3 │int x = MAX;                            │ ◂ cursor (3,11)
 4 │~                                       │
 5 │~                                       │
 6 │~                                       │
 7 │~                                       │
 8 │~                                       │
 9 │~                                       │
10 │~                                       │
11 │~                                       │
12 │~                                       │
13 │~                                       │
14 │~                                       │
15 │~                                       │
16 │~                                       │
17 │~                                       │
18 │demo.c [+]            4,12           All│
19 │-- INSERT --                            │
    ────────────────────────────────────────

[SAY] Control X Control D.
[KEYS] '\x18\x04'
[OVERLAY] ⌃x⌃d  defined

              1         2         3         
    0123456789012345678901234567890123456789
    ────────────────────────────────────────
 0 │#define MAX_SIZE 100                    │
 1 │#define MIN_SIZE 10                     │
 2 │#define MAX_COUNT 50                    │
 3 │int x = MAX_SIZE;                       │ ◂ cursor (3,16)
 4 │~       MAX_SIZE                        │
 5 │~       MAX_COUNT                       │
 6 │~                                       │
 7 │~                                       │
 8 │~                                       │
 9 │~                                       │
10 │~                                       │
11 │~                                       │
12 │~                                       │
13 │~                                       │
14 │~                                       │
15 │~                                       │
16 │~                                       │
17 │~                                       │
18 │demo.c [+]            4,17           All│
19 │-- match 1 of 2                         │
    ────────────────────────────────────────
[HIGHLIGHT] row 4, cols 7-22: " MAX_SIZE"
[HIGHLIGHT] row 5, cols 7-22: " MAX_COUNT"

[SAY] MAX SIZE and MAX COUNT. Defined identifiers matching our prefix.
[ESCAPE]

              1         2         3         
    0123456789012345678901234567890123456789
    ────────────────────────────────────────
 0 │#define MAX_SIZE 100                    │
 1 │#define MIN_SIZE 10                     │
 2 │#define MAX_COUNT 50                    │
 3 │int x = MAX_SIZE;                       │ ◂ cursor (3,15)
 4 │~                                       │
 5 │~                                       │
 6 │~                                       │
 7 │~                                       │
 8 │~                                       │
 9 │~                                       │
10 │~                                       │
11 │~                                       │
12 │~                                       │
13 │~                                       │
14 │~                                       │
15 │~                                       │
16 │~                                       │
17 │~                                       │
18 │demo.c [+]            4,16           All│
    ────────────────────────────────────────

[SAY] Control X Control D. Complete defined identifiers. Most useful in C and C-plus-plus for macros and constants.