[RECORDING_START] Screen state at recording start:

              1         2         3         
    0123456789012345678901234567890123456789
    ────────────────────────────────────────
 0 │# Spell System                          │ ◂ cursor (0,0)
 1 │def fireball(target):                   │
 2 │    return target - 40                  │
 3 │                                        │
 4 │def icebolt(target):                    │
 5 │    return target - 25                  │
 6 │                                        │
 7 │# Cast spells                           │
 8 │dmg1 = fireball(100)                    │
 9 │dmg2 = icebolt(100)                     │
10 │~                                       │
11 │~                                       │
12 │~                                       │
13 │~                                       │
14 │~                                       │
15 │~                                       │
16 │~                                       │
17 │~                                       │
18 │spell.py              1,1            All│
    ────────────────────────────────────────

[OVERLAY] VimFu — Ctrl-W ] — Split Tag
[SAY] Control W right bracket splits the window and jumps to the tag definition. It uses a tags file generated by C tags.
[SAY] Move to where fireball is called.
[KEYS] '9G'
[OVERLAY] 9G  line 9

              1         2         3         
    0123456789012345678901234567890123456789
    ────────────────────────────────────────
 0 │# Spell System                          │
 1 │def fireball(target):                   │
 2 │    return target - 40                  │
 3 │                                        │
 4 │def icebolt(target):                    │
 5 │    return target - 25                  │
 6 │                                        │
 7 │# Cast spells                           │
 8 │dmg1 = fireball(100)                    │ ◂ cursor (8,0)
 9 │dmg2 = icebolt(100)                     │
10 │~                                       │
11 │~                                       │
12 │~                                       │
13 │~                                       │
14 │~                                       │
15 │~                                       │
16 │~                                       │
17 │~                                       │
18 │spell.py              9,1            All│
    ────────────────────────────────────────

[KEYS] 'w'
[OVERLAY] w  next word

              1         2         3         
    0123456789012345678901234567890123456789
    ────────────────────────────────────────
 0 │# Spell System                          │
 1 │def fireball(target):                   │
 2 │    return target - 40                  │
 3 │                                        │
 4 │def icebolt(target):                    │
 5 │    return target - 25                  │
 6 │                                        │
 7 │# Cast spells                           │
 8 │dmg1 = fireball(100)                    │ ◂ cursor (8,5)
 9 │dmg2 = icebolt(100)                     │
10 │~                                       │
11 │~                                       │
12 │~                                       │
13 │~                                       │
14 │~                                       │
15 │~                                       │
16 │~                                       │
17 │~                                       │
18 │spell.py              9,6            All│
    ────────────────────────────────────────

[KEYS] 'w'
[OVERLAY] w  to fireball

              1         2         3         
    0123456789012345678901234567890123456789
    ────────────────────────────────────────
 0 │# Spell System                          │
 1 │def fireball(target):                   │
 2 │    return target - 40                  │
 3 │                                        │
 4 │def icebolt(target):                    │
 5 │    return target - 25                  │
 6 │                                        │
 7 │# Cast spells                           │
 8 │dmg1 = fireball(100)                    │ ◂ cursor (8,7)
 9 │dmg2 = icebolt(100)                     │
10 │~                                       │
11 │~                                       │
12 │~                                       │
13 │~                                       │
14 │~                                       │
15 │~                                       │
16 │~                                       │
17 │~                                       │
18 │spell.py              9,8            All│
    ────────────────────────────────────────

[SAY] Cursor on fireball. Split and jump to its tag.
[CTRL] w
[OVERLAY] ⌃w  split to tag

              1         2         3         
    0123456789012345678901234567890123456789
    ────────────────────────────────────────
 0 │# Spell System                          │
 1 │def fireball(target):                   │
 2 │    return target - 40                  │
 3 │                                        │
 4 │def icebolt(target):                    │
 5 │    return target - 25                  │
 6 │                                        │
 7 │# Cast spells                           │
 8 │dmg1 = fireball(100)                    │ ◂ cursor (8,7)
 9 │dmg2 = icebolt(100)                     │
10 │~                                       │
11 │~                                       │
12 │~                                       │
13 │~                                       │
14 │~                                       │
15 │~                                       │
16 │~                                       │
17 │~                                       │
18 │spell.py              9,8            All│
19 │                             ^W         │
    ────────────────────────────────────────

[KEYS] '\x1d'
[OVERLAY] 

              1         2         3         
    0123456789012345678901234567890123456789
    ────────────────────────────────────────
 0 │# Spell System                          │
 1 │def fireball(target):                   │ ◂ cursor (1,7)
 2 │    return target - 40                  │
 3 │                                        │
 4 │def icebolt(target):                    │
 5 │    return target - 25                  │
 6 │                                        │
 7 │# Cast spells                           │
 8 │dmg1 = fireball(100)                    │
 9 │spell.py              2,8            Top│
10 │    return target - 25                  │
11 │                                        │
12 │# Cast spells                           │
13 │dmg1 = fireball(100)                    │
14 │dmg2 = icebolt(100)                     │
15 │~                                       │
16 │~                                       │
17 │~                                       │
18 │spell.py              9,8            Bot│
    ────────────────────────────────────────
[HIGHLIGHT] row 9, cols 0-39: "spell.py              2,8            Top"

[SAY] Split opened at the fireball definition. Tags make this work across multiple files too.
[KEYS] '\x17c'
[OVERLAY] ⌃wc  close

              1         2         3         
    0123456789012345678901234567890123456789
    ────────────────────────────────────────
 0 │# Spell System                          │
 1 │def fireball(target):                   │
 2 │    return target - 40                  │
 3 │                                        │
 4 │def icebolt(target):                    │
 5 │    return target - 25                  │
 6 │                                        │
 7 │# Cast spells                           │
 8 │dmg1 = fireball(100)                    │ ◂ cursor (8,7)
 9 │dmg2 = icebolt(100)                     │
10 │~                                       │
11 │~                                       │
12 │~                                       │
13 │~                                       │
14 │~                                       │
15 │~                                       │
16 │~                                       │
17 │~                                       │
18 │spell.py              9,8            All│
    ────────────────────────────────────────

[SAY] Control W right bracket. Split and tag jump. Generate tags with C tags, then navigate your codebase in splits.