[RECORDING_START] Screen state at recording start:

              1         2         3         
    0123456789012345678901234567890123456789
    в”Ђв”Ђв”Ђв”Ђв”Ђв”Ђв”Ђв”Ђв”Ђв”Ђв”Ђв”Ђв”Ђв”Ђв”Ђв”Ђв”Ђв”Ђв”Ђв”Ђв”Ђв”Ђв”Ђв”Ђв”Ђв”Ђв”Ђв”Ђв”Ђв”Ђв”Ђв”Ђв”Ђв”Ђв”Ђв”Ђв”Ђв”Ђв”Ђв”Ђ
 0 в”‚  1 Short line.                         в”‚ в—‚ cursor (0,4)
 1 в”‚  2     This is a very long indented linв”‚
 2 в”‚    e that wraps around the screen multiв”‚
 3 в”‚    ple times because it has so many worв”‚
 4 в”‚    ds in it.                           в”‚
 5 в”‚  3 Another short line.                 в”‚
 6 в”‚~                                       в”‚
 7 в”‚~                                       в”‚
 8 в”‚~                                       в”‚
 9 в”‚~                                       в”‚
10 в”‚~                                       в”‚
11 в”‚~                                       в”‚
12 в”‚~                                       в”‚
13 в”‚~                                       в”‚
14 в”‚~                                       в”‚
15 в”‚~                                       в”‚
16 в”‚~                                       в”‚
17 в”‚~                                       в”‚
18 в”‚wrap.txt              1,1            Allв”‚
    в”Ђв”Ђв”Ђв”Ђв”Ђв”Ђв”Ђв”Ђв”Ђв”Ђв”Ђв”Ђв”Ђв”Ђв”Ђв”Ђв”Ђв”Ђв”Ђв”Ђв”Ђв”Ђв”Ђв”Ђв”Ђв”Ђв”Ђв”Ђв”Ђв”Ђв”Ђв”Ђв”Ђв”Ђв”Ђв”Ђв”Ђв”Ђв”Ђв”Ђ

[OVERLAY] VimFu вЂ” g$ g0 g^ вЂ” Display Lines
[SAY] When lines wrap, dollar and zero jump to the real line ends. G dollar and G zero move to the display line ends. The wrapped visual lines.
[SAY] Go to line two. The long wrapped line.
[KEYS] '2G0'
[OVERLAY] 2G0  line 2, start

              1         2         3         
    0123456789012345678901234567890123456789
    в”Ђв”Ђв”Ђв”Ђв”Ђв”Ђв”Ђв”Ђв”Ђв”Ђв”Ђв”Ђв”Ђв”Ђв”Ђв”Ђв”Ђв”Ђв”Ђв”Ђв”Ђв”Ђв”Ђв”Ђв”Ђв”Ђв”Ђв”Ђв”Ђв”Ђв”Ђв”Ђв”Ђв”Ђв”Ђв”Ђв”Ђв”Ђв”Ђв”Ђ
 0 в”‚  1 Short line.                         в”‚
 1 в”‚  2     This is a very long indented linв”‚ в—‚ cursor (1,4)
 2 в”‚    e that wraps around the screen multiв”‚
 3 в”‚    ple times because it has so many worв”‚
 4 в”‚    ds in it.                           в”‚
 5 в”‚  3 Another short line.                 в”‚
 6 в”‚~                                       в”‚
 7 в”‚~                                       в”‚
 8 в”‚~                                       в”‚
 9 в”‚~                                       в”‚
10 в”‚~                                       в”‚
11 в”‚~                                       в”‚
12 в”‚~                                       в”‚
13 в”‚~                                       в”‚
14 в”‚~                                       в”‚
15 в”‚~                                       в”‚
16 в”‚~                                       в”‚
17 в”‚~                                       в”‚
18 в”‚wrap.txt              2,1            Allв”‚
    в”Ђв”Ђв”Ђв”Ђв”Ђв”Ђв”Ђв”Ђв”Ђв”Ђв”Ђв”Ђв”Ђв”Ђв”Ђв”Ђв”Ђв”Ђв”Ђв”Ђв”Ђв”Ђв”Ђв”Ђв”Ђв”Ђв”Ђв”Ђв”Ђв”Ђв”Ђв”Ђв”Ђв”Ђв”Ђв”Ђв”Ђв”Ђв”Ђв”Ђ

[SAY] Dollar. Jump to the end of the real line.
[KEYS] '$'
[OVERLAY] в‡§$  $ вЂ” real line end

              1         2         3         
    0123456789012345678901234567890123456789
    в”Ђв”Ђв”Ђв”Ђв”Ђв”Ђв”Ђв”Ђв”Ђв”Ђв”Ђв”Ђв”Ђв”Ђв”Ђв”Ђв”Ђв”Ђв”Ђв”Ђв”Ђв”Ђв”Ђв”Ђв”Ђв”Ђв”Ђв”Ђв”Ђв”Ђв”Ђв”Ђв”Ђв”Ђв”Ђв”Ђв”Ђв”Ђв”Ђв”Ђ
 0 в”‚  1 Short line.                         в”‚
 1 в”‚  2     This is a very long indented linв”‚
 2 в”‚    e that wraps around the screen multiв”‚
 3 в”‚    ple times because it has so many worв”‚
 4 в”‚    ds in it.                           в”‚ в—‚ cursor (4,12)
 5 в”‚  3 Another short line.                 в”‚
 6 в”‚~                                       в”‚
 7 в”‚~                                       в”‚
 8 в”‚~                                       в”‚
 9 в”‚~                                       в”‚
10 в”‚~                                       в”‚
11 в”‚~                                       в”‚
12 в”‚~                                       в”‚
13 в”‚~                                       в”‚
14 в”‚~                                       в”‚
15 в”‚~                                       в”‚
16 в”‚~                                       в”‚
17 в”‚~                                       в”‚
18 в”‚wrap.txt              2,117          Allв”‚
    в”Ђв”Ђв”Ђв”Ђв”Ђв”Ђв”Ђв”Ђв”Ђв”Ђв”Ђв”Ђв”Ђв”Ђв”Ђв”Ђв”Ђв”Ђв”Ђв”Ђв”Ђв”Ђв”Ђв”Ђв”Ђв”Ђв”Ђв”Ђв”Ђв”Ђв”Ђв”Ђв”Ђв”Ђв”Ђв”Ђв”Ђв”Ђв”Ђв”Ђ

[SAY] The cursor jumped to the very end. All the way past all the wraps. Now go back.
[KEYS] '2G0'
[OVERLAY] 2G0

              1         2         3         
    0123456789012345678901234567890123456789
    в”Ђв”Ђв”Ђв”Ђв”Ђв”Ђв”Ђв”Ђв”Ђв”Ђв”Ђв”Ђв”Ђв”Ђв”Ђв”Ђв”Ђв”Ђв”Ђв”Ђв”Ђв”Ђв”Ђв”Ђв”Ђв”Ђв”Ђв”Ђв”Ђв”Ђв”Ђв”Ђв”Ђв”Ђв”Ђв”Ђв”Ђв”Ђв”Ђв”Ђ
 0 в”‚  1 Short line.                         в”‚
 1 в”‚  2     This is a very long indented linв”‚ в—‚ cursor (1,4)
 2 в”‚    e that wraps around the screen multiв”‚
 3 в”‚    ple times because it has so many worв”‚
 4 в”‚    ds in it.                           в”‚
 5 в”‚  3 Another short line.                 в”‚
 6 в”‚~                                       в”‚
 7 в”‚~                                       в”‚
 8 в”‚~                                       в”‚
 9 в”‚~                                       в”‚
10 в”‚~                                       в”‚
11 в”‚~                                       в”‚
12 в”‚~                                       в”‚
13 в”‚~                                       в”‚
14 в”‚~                                       в”‚
15 в”‚~                                       в”‚
16 в”‚~                                       в”‚
17 в”‚~                                       в”‚
18 в”‚wrap.txt              2,1            Allв”‚
    в”Ђв”Ђв”Ђв”Ђв”Ђв”Ђв”Ђв”Ђв”Ђв”Ђв”Ђв”Ђв”Ђв”Ђв”Ђв”Ђв”Ђв”Ђв”Ђв”Ђв”Ђв”Ђв”Ђв”Ђв”Ђв”Ђв”Ђв”Ђв”Ђв”Ђв”Ђв”Ђв”Ђв”Ђв”Ђв”Ђв”Ђв”Ђв”Ђв”Ђ

[SAY] G dollar. End of the display line.
[KEYS] 'g$'
[OVERLAY] g$  g$ вЂ” display line end

              1         2         3         
    0123456789012345678901234567890123456789
    в”Ђв”Ђв”Ђв”Ђв”Ђв”Ђв”Ђв”Ђв”Ђв”Ђв”Ђв”Ђв”Ђв”Ђв”Ђв”Ђв”Ђв”Ђв”Ђв”Ђв”Ђв”Ђв”Ђв”Ђв”Ђв”Ђв”Ђв”Ђв”Ђв”Ђв”Ђв”Ђв”Ђв”Ђв”Ђв”Ђв”Ђв”Ђв”Ђв”Ђ
 0 в”‚  1 Short line.                         в”‚
 1 в”‚  2     This is a very long indented linв”‚ в—‚ cursor (1,39)
 2 в”‚    e that wraps around the screen multiв”‚
 3 в”‚    ple times because it has so many worв”‚
 4 в”‚    ds in it.                           в”‚
 5 в”‚  3 Another short line.                 в”‚
 6 в”‚~                                       в”‚
 7 в”‚~                                       в”‚
 8 в”‚~                                       в”‚
 9 в”‚~                                       в”‚
10 в”‚~                                       в”‚
11 в”‚~                                       в”‚
12 в”‚~                                       в”‚
13 в”‚~                                       в”‚
14 в”‚~                                       в”‚
15 в”‚~                                       в”‚
16 в”‚~                                       в”‚
17 в”‚~                                       в”‚
18 в”‚wrap.txt              2,36           Allв”‚
    в”Ђв”Ђв”Ђв”Ђв”Ђв”Ђв”Ђв”Ђв”Ђв”Ђв”Ђв”Ђв”Ђв”Ђв”Ђв”Ђв”Ђв”Ђв”Ђв”Ђв”Ђв”Ђв”Ђв”Ђв”Ђв”Ђв”Ђв”Ђв”Ђв”Ђв”Ђв”Ђв”Ђв”Ђв”Ђв”Ђв”Ђв”Ђв”Ђв”Ђ

[SAY] Only to the end of the first wrapped segment. The visual line.
[SAY] G zero goes to the start of the display line. G caret goes to the first non blank of the display line.
[KEYS] 'g0'
[OVERLAY] g0  g0 вЂ” display start

              1         2         3         
    0123456789012345678901234567890123456789
    в”Ђв”Ђв”Ђв”Ђв”Ђв”Ђв”Ђв”Ђв”Ђв”Ђв”Ђв”Ђв”Ђв”Ђв”Ђв”Ђв”Ђв”Ђв”Ђв”Ђв”Ђв”Ђв”Ђв”Ђв”Ђв”Ђв”Ђв”Ђв”Ђв”Ђв”Ђв”Ђв”Ђв”Ђв”Ђв”Ђв”Ђв”Ђв”Ђв”Ђ
 0 в”‚  1 Short line.                         в”‚
 1 в”‚  2     This is a very long indented linв”‚ в—‚ cursor (1,4)
 2 в”‚    e that wraps around the screen multiв”‚
 3 в”‚    ple times because it has so many worв”‚
 4 в”‚    ds in it.                           в”‚
 5 в”‚  3 Another short line.                 в”‚
 6 в”‚~                                       в”‚
 7 в”‚~                                       в”‚
 8 в”‚~                                       в”‚
 9 в”‚~                                       в”‚
10 в”‚~                                       в”‚
11 в”‚~                                       в”‚
12 в”‚~                                       в”‚
13 в”‚~                                       в”‚
14 в”‚~                                       в”‚
15 в”‚~                                       в”‚
16 в”‚~                                       в”‚
17 в”‚~                                       в”‚
18 в”‚wrap.txt              2,1            Allв”‚
    в”Ђв”Ђв”Ђв”Ђв”Ђв”Ђв”Ђв”Ђв”Ђв”Ђв”Ђв”Ђв”Ђв”Ђв”Ђв”Ђв”Ђв”Ђв”Ђв”Ђв”Ђв”Ђв”Ђв”Ђв”Ђв”Ђв”Ђв”Ђв”Ђв”Ђв”Ђв”Ђв”Ђв”Ђв”Ђв”Ђв”Ђв”Ђв”Ђв”Ђ

[SAY] At the display line start.
[KEYS] 'g^'
[OVERLAY] g^  g^ вЂ” first non-blank

              1         2         3         
    0123456789012345678901234567890123456789
    в”Ђв”Ђв”Ђв”Ђв”Ђв”Ђв”Ђв”Ђв”Ђв”Ђв”Ђв”Ђв”Ђв”Ђв”Ђв”Ђв”Ђв”Ђв”Ђв”Ђв”Ђв”Ђв”Ђв”Ђв”Ђв”Ђв”Ђв”Ђв”Ђв”Ђв”Ђв”Ђв”Ђв”Ђв”Ђв”Ђв”Ђв”Ђв”Ђв”Ђ
 0 в”‚  1 Short line.                         в”‚
 1 в”‚  2     This is a very long indented linв”‚ в—‚ cursor (1,8)
 2 в”‚    e that wraps around the screen multiв”‚
 3 в”‚    ple times because it has so many worв”‚
 4 в”‚    ds in it.                           в”‚
 5 в”‚  3 Another short line.                 в”‚
 6 в”‚~                                       в”‚
 7 в”‚~                                       в”‚
 8 в”‚~                                       в”‚
 9 в”‚~                                       в”‚
10 в”‚~                                       в”‚
11 в”‚~                                       в”‚
12 в”‚~                                       в”‚
13 в”‚~                                       в”‚
14 в”‚~                                       в”‚
15 в”‚~                                       в”‚
16 в”‚~                                       в”‚
17 в”‚~                                       в”‚
18 в”‚wrap.txt              2,5            Allв”‚
    в”Ђв”Ђв”Ђв”Ђв”Ђв”Ђв”Ђв”Ђв”Ђв”Ђв”Ђв”Ђв”Ђв”Ђв”Ђв”Ђв”Ђв”Ђв”Ђв”Ђв”Ђв”Ђв”Ђв”Ђв”Ђв”Ђв”Ђв”Ђв”Ђв”Ђв”Ђв”Ђв”Ђв”Ђв”Ђв”Ђв”Ђв”Ђв”Ђв”Ђ

[SAY] G dollar, G zero, G caret. Navigate wrapped display lines. The G prefix means display line, not real line.