[RECORDING_START] Screen state at recording start:

              1         2         3         
    0123456789012345678901234567890123456789
    ────────────────────────────────────────
 0 │Literal chars:                          │ ◂ cursor (0,0)
 1 │~                                       │
 2 │~                                       │
 3 │~                                       │
 4 │~                                       │
 5 │~                                       │
 6 │~                                       │
 7 │~                                       │
 8 │~                                       │
 9 │~                                       │
10 │~                                       │
11 │~                                       │
12 │~                                       │
13 │~                                       │
14 │~                                       │
15 │~                                       │
16 │~                                       │
17 │~                                       │
18 │demo.txt              1,1            All│
    ────────────────────────────────────────

[OVERLAY] VimFu — Ctrl-V — Literal Character
[SAY] Control V in insert mode inserts the next character literally. Even characters that normally have special meaning.
[SAY] Normally, Tab might trigger completion or indentation. But Control V Tab inserts a real tab character.
[KEYS] 'jA'
[OVERLAY] jA  append

              1         2         3         
    0123456789012345678901234567890123456789
    ────────────────────────────────────────
 0 │Literal chars:                          │ ◂ cursor (0,14)
 1 │~                                       │
 2 │~                                       │
 3 │~                                       │
 4 │~                                       │
 5 │~                                       │
 6 │~                                       │
 7 │~                                       │
 8 │~                                       │
 9 │~                                       │
10 │~                                       │
11 │~                                       │
12 │~                                       │
13 │~                                       │
14 │~                                       │
15 │~                                       │
16 │~                                       │
17 │~                                       │
18 │demo.txt              1,15           All│
19 │-- INSERT --                            │
    ────────────────────────────────────────

[KEYS] '\x16\t'
[OVERLAY] ⌃v⇥  literal tab

              1         2         3         
    0123456789012345678901234567890123456789
    ────────────────────────────────────────
 0 │Literal chars:                          │ ◂ cursor (0,16)
 1 │~                                       │
 2 │~                                       │
 3 │~                                       │
 4 │~                                       │
 5 │~                                       │
 6 │~                                       │
 7 │~                                       │
 8 │~                                       │
 9 │~                                       │
10 │~                                       │
11 │~                                       │
12 │~                                       │
13 │~                                       │
14 │~                                       │
15 │~                                       │
16 │~                                       │
17 │~                                       │
18 │demo.txt [+]          1,16-17        All│
19 │-- INSERT --                            │
    ────────────────────────────────────────

[SAY] A real tab character inserted. You can see it moved the cursor.
[SAY] You can also type a character by its code. Control V then a number.
[TYPE] ' '

              1         2         3         
    0123456789012345678901234567890123456789
    ────────────────────────────────────────
 0 │Literal chars:                          │ ◂ cursor (0,17)
 1 │~                                       │
 2 │~                                       │
 3 │~                                       │
 4 │~                                       │
 5 │~                                       │
 6 │~                                       │
 7 │~                                       │
 8 │~                                       │
 9 │~                                       │
10 │~                                       │
11 │~                                       │
12 │~                                       │
13 │~                                       │
14 │~                                       │
15 │~                                       │
16 │~                                       │
17 │~                                       │
18 │demo.txt [+]          1,17-18        All│
19 │-- INSERT --                            │
    ────────────────────────────────────────

[KEYS] '\x16065'
[OVERLAY] ⌃v065  letter A

              1         2         3         
    0123456789012345678901234567890123456789
    ────────────────────────────────────────
 0 │Literal chars:   A                      │ ◂ cursor (0,18)
 1 │~                                       │
 2 │~                                       │
 3 │~                                       │
 4 │~                                       │
 5 │~                                       │
 6 │~                                       │
 7 │~                                       │
 8 │~                                       │
 9 │~                                       │
10 │~                                       │
11 │~                                       │
12 │~                                       │
13 │~                                       │
14 │~                                       │
15 │~                                       │
16 │~                                       │
17 │~                                       │
18 │demo.txt [+]          1,18-19        All│
19 │-- INSERT --                            │
    ────────────────────────────────────────

[SAY] Capital A, ASCII sixty-five. Inserted by number.
[ESCAPE]

              1         2         3         
    0123456789012345678901234567890123456789
    ────────────────────────────────────────
 0 │Literal chars:   A                      │ ◂ cursor (0,17)
 1 │~                                       │
 2 │~                                       │
 3 │~                                       │
 4 │~                                       │
 5 │~                                       │
 6 │~                                       │
 7 │~                                       │
 8 │~                                       │
 9 │~                                       │
10 │~                                       │
11 │~                                       │
12 │~                                       │
13 │~                                       │
14 │~                                       │
15 │~                                       │
16 │~                                       │
17 │~                                       │
18 │demo.txt [+]          1,17-18        All│
    ────────────────────────────────────────

[SAY] Control V. Insert the next character literally. Bypass all special handling. Useful for tabs, control characters, and codes.