[RECORDING_START] Screen state at recording start:

              1         2         3         
    0123456789012345678901234567890123456789
    ────────────────────────────────────────
 0 │void attack() {                         │ ◂ cursor (0,0)
 1 │    int dmg = 10;                       │
 2 │}                                       │
 3 │                                        │
 4 │void defend() {                         │
 5 │    int armor = 5;                      │
 6 │}                                       │
 7 │                                        │
 8 │void heal() {                           │
 9 │    int hp = 20;                        │
10 │}                                       │
11 │~                                       │
12 │~                                       │
13 │~                                       │
14 │~                                       │
15 │~                                       │
16 │~                                       │
17 │~                                       │
18 │code.c                1,1            All│
    ────────────────────────────────────────

[OVERLAY] VimFu — The [ and ] Keys
[SAY] Square brackets are a prefix key. They pair with another character to jump to things.
[SAY] Close bracket close bracket jumps to the next opening brace. Three functions here.
[KEYS] ']]'
[OVERLAY] ]]  ]]  next {

              1         2         3         
    0123456789012345678901234567890123456789
    ────────────────────────────────────────
 0 │void attack() {                         │
 1 │    int dmg = 10;                       │
 2 │}                                       │
 3 │                                        │
 4 │void defend() {                         │
 5 │    int armor = 5;                      │
 6 │}                                       │
 7 │                                        │
 8 │void heal() {                           │
 9 │    int hp = 20;                        │
10 │}                                       │ ◂ cursor (10,0)
11 │~                                       │
12 │~                                       │
13 │~                                       │
14 │~                                       │
15 │~                                       │
16 │~                                       │
17 │~                                       │
18 │code.c                11,1           All│
    ────────────────────────────────────────

[KEYS] ']]'
[OVERLAY] ]]  ]]  next {

              1         2         3         
    0123456789012345678901234567890123456789
    ────────────────────────────────────────
 0 │void attack() {                         │
 1 │    int dmg = 10;                       │
 2 │}                                       │
 3 │                                        │
 4 │void defend() {                         │
 5 │    int armor = 5;                      │
 6 │}                                       │
 7 │                                        │
 8 │void heal() {                           │
 9 │    int hp = 20;                        │
10 │}                                       │ ◂ cursor (10,0)
11 │~                                       │
12 │~                                       │
13 │~                                       │
14 │~                                       │
15 │~                                       │
16 │~                                       │
17 │~                                       │
18 │code.c                11,1           All│
    ────────────────────────────────────────

[SAY] Jumped through attack, defend, and heal. One section at a time.
[SAY] Open bracket open bracket goes backward.
[KEYS] '[['
[OVERLAY] [[  [[  prev {

              1         2         3         
    0123456789012345678901234567890123456789
    ────────────────────────────────────────
 0 │void attack() {                         │ ◂ cursor (0,0)
 1 │    int dmg = 10;                       │
 2 │}                                       │
 3 │                                        │
 4 │void defend() {                         │
 5 │    int armor = 5;                      │
 6 │}                                       │
 7 │                                        │
 8 │void heal() {                           │
 9 │    int hp = 20;                        │
10 │}                                       │
11 │~                                       │
12 │~                                       │
13 │~                                       │
14 │~                                       │
15 │~                                       │
16 │~                                       │
17 │~                                       │
18 │code.c                1,1            All│
    ────────────────────────────────────────

[KEYS] '[['
[OVERLAY] [[  [[  prev {

              1         2         3         
    0123456789012345678901234567890123456789
    ────────────────────────────────────────
 0 │void attack() {                         │ ◂ cursor (0,0)
 1 │    int dmg = 10;                       │
 2 │}                                       │
 3 │                                        │
 4 │void defend() {                         │
 5 │    int armor = 5;                      │
 6 │}                                       │
 7 │                                        │
 8 │void heal() {                           │
 9 │    int hp = 20;                        │
10 │}                                       │
11 │~                                       │
12 │~                                       │
13 │~                                       │
14 │~                                       │
15 │~                                       │
16 │~                                       │
17 │~                                       │
18 │code.c                1,1            All│
    ────────────────────────────────────────

[SAY] Back to attack. Great for jumping between functions or sections.
[SAY] Square brackets plus a letter. Open bracket goes backward, close bracket goes forward. Explore them.