[RECORDING_START] Screen state at recording start:

              1         2         3         
    0123456789012345678901234567890123456789
    ────────────────────────────────────────
 0 │class Settings:                         │ ◂ cursor (0,0)
 1 │    debug = True                        │
 2 │    volume = 80                         │
 3 │    lang = "en"                         │
 4 │    fps = 60                            │
 5 │    vsync = False                       │
 6 │~                                       │
 7 │~                                       │
 8 │~                                       │
 9 │~                                       │
10 │~                                       │
11 │~                                       │
12 │~                                       │
13 │~                                       │
14 │~                                       │
15 │~                                       │
16 │~                                       │
17 │~                                       │
18 │config.py             1,1            All│
    ────────────────────────────────────────

[OVERLAY] VimFu — The - and + Keys
[SAY] Plus moves down to the first non-blank of the next line. Minus moves up to the first non-blank of the previous line.
[SAY] Cursor is on the class line. Plus.
[KEYS] '+'
[OVERLAY] ⇧+  +  next line start

              1         2         3         
    0123456789012345678901234567890123456789
    ────────────────────────────────────────
 0 │class Settings:                         │
 1 │    debug = True                        │ ◂ cursor (1,4)
 2 │    volume = 80                         │
 3 │    lang = "en"                         │
 4 │    fps = 60                            │
 5 │    vsync = False                       │
 6 │~                                       │
 7 │~                                       │
 8 │~                                       │
 9 │~                                       │
10 │~                                       │
11 │~                                       │
12 │~                                       │
13 │~                                       │
14 │~                                       │
15 │~                                       │
16 │~                                       │
17 │~                                       │
18 │config.py             2,5            All│
    ────────────────────────────────────────

[KEYS] '+'
[OVERLAY] ⇧+  +  next line start

              1         2         3         
    0123456789012345678901234567890123456789
    ────────────────────────────────────────
 0 │class Settings:                         │
 1 │    debug = True                        │
 2 │    volume = 80                         │ ◂ cursor (2,4)
 3 │    lang = "en"                         │
 4 │    fps = 60                            │
 5 │    vsync = False                       │
 6 │~                                       │
 7 │~                                       │
 8 │~                                       │
 9 │~                                       │
10 │~                                       │
11 │~                                       │
12 │~                                       │
13 │~                                       │
14 │~                                       │
15 │~                                       │
16 │~                                       │
17 │~                                       │
18 │config.py             3,5            All│
    ────────────────────────────────────────

[KEYS] '+'
[OVERLAY] ⇧+  +  next line start

              1         2         3         
    0123456789012345678901234567890123456789
    ────────────────────────────────────────
 0 │class Settings:                         │
 1 │    debug = True                        │
 2 │    volume = 80                         │
 3 │    lang = "en"                         │ ◂ cursor (3,4)
 4 │    fps = 60                            │
 5 │    vsync = False                       │
 6 │~                                       │
 7 │~                                       │
 8 │~                                       │
 9 │~                                       │
10 │~                                       │
11 │~                                       │
12 │~                                       │
13 │~                                       │
14 │~                                       │
15 │~                                       │
16 │~                                       │
17 │~                                       │
18 │config.py             4,5            All│
    ────────────────────────────────────────

[SAY] Each plus landed on the first non-blank character. Not column zero. The indent.
[SAY] Minus to go back up.
[KEYS] '-'
[OVERLAY] -  -  prev line start

              1         2         3         
    0123456789012345678901234567890123456789
    ────────────────────────────────────────
 0 │class Settings:                         │
 1 │    debug = True                        │
 2 │    volume = 80                         │ ◂ cursor (2,4)
 3 │    lang = "en"                         │
 4 │    fps = 60                            │
 5 │    vsync = False                       │
 6 │~                                       │
 7 │~                                       │
 8 │~                                       │
 9 │~                                       │
10 │~                                       │
11 │~                                       │
12 │~                                       │
13 │~                                       │
14 │~                                       │
15 │~                                       │
16 │~                                       │
17 │~                                       │
18 │config.py             3,5            All│
    ────────────────────────────────────────

[KEYS] '-'
[OVERLAY] -  -  prev line start

              1         2         3         
    0123456789012345678901234567890123456789
    ────────────────────────────────────────
 0 │class Settings:                         │
 1 │    debug = True                        │ ◂ cursor (1,4)
 2 │    volume = 80                         │
 3 │    lang = "en"                         │
 4 │    fps = 60                            │
 5 │    vsync = False                       │
 6 │~                                       │
 7 │~                                       │
 8 │~                                       │
 9 │~                                       │
10 │~                                       │
11 │~                                       │
12 │~                                       │
13 │~                                       │
14 │~                                       │
15 │~                                       │
16 │~                                       │
17 │~                                       │
18 │config.py             2,5            All│
    ────────────────────────────────────────

[SAY] Back up two lines, cursor on the first non-blank each time. Unlike J and K which keep your column, plus and minus always land at the start.
[SAY] Plus goes down, minus goes up. Both land on the first non-blank.