[RECORDING_START] Screen state at recording start:

              1         2         3         
    0123456789012345678901234567890123456789
    ────────────────────────────────────────
 0 │def one():                              │ ◂ cursor (0,0)
 1 │    return 1                            │
 2 │                                        │
 3 │def two():                              │
 4 │    return 2                            │
 5 │                                        │
 6 │def three():                            │
 7 │    return 3                            │
 8 │~                                       │
 9 │~                                       │
10 │~                                       │
11 │~                                       │
12 │~                                       │
13 │~                                       │
14 │~                                       │
15 │~                                       │
16 │~                                       │
17 │~                                       │
18 │demo.py               1,1            All│
    ────────────────────────────────────────

[OVERLAY] VimFu — Toggling with :set noX
[SAY] Every boolean setting can be turned off by adding N O in front. Set number turns it on. Set no number turns it off.
[SAY] Turn on line numbers.
[TYPE] ':set number'

              1         2         3         
    0123456789012345678901234567890123456789
    ────────────────────────────────────────
 0 │def one():                              │
 1 │    return 1                            │
 2 │                                        │
 3 │def two():                              │
 4 │    return 2                            │
 5 │                                        │
 6 │def three():                            │
 7 │    return 3                            │
 8 │~                                       │
 9 │~                                       │
10 │~                                       │
11 │~                                       │
12 │~                                       │
13 │~                                       │
14 │~                                       │
15 │~                                       │
16 │~                                       │
17 │~                                       │
18 │demo.py               1,1            All│
19 │:set number                             │ ◂ cursor (19,11)
    ────────────────────────────────────────

[SAY] Set number — turn line numbers on.
[ENTER]

              1         2         3         
    0123456789012345678901234567890123456789
    ────────────────────────────────────────
 0 │  1 def one():                          │ ◂ cursor (0,4)
 1 │  2     return 1                        │
 2 │  3                                     │
 3 │  4 def two():                          │
 4 │  5     return 2                        │
 5 │  6                                     │
 6 │  7 def three():                        │
 7 │  8     return 3                        │
 8 │~                                       │
 9 │~                                       │
10 │~                                       │
11 │~                                       │
12 │~                                       │
13 │~                                       │
14 │~                                       │
15 │~                                       │
16 │~                                       │
17 │~                                       │
18 │demo.py               1,1            All│
19 │:set number                             │
    ────────────────────────────────────────

[SAY] Now turn them off with set no number.
[TYPE] ':set nonumber'

              1         2         3         
    0123456789012345678901234567890123456789
    ────────────────────────────────────────
 0 │  1 def one():                          │
 1 │  2     return 1                        │
 2 │  3                                     │
 3 │  4 def two():                          │
 4 │  5     return 2                        │
 5 │  6                                     │
 6 │  7 def three():                        │
 7 │  8     return 3                        │
 8 │~                                       │
 9 │~                                       │
10 │~                                       │
11 │~                                       │
12 │~                                       │
13 │~                                       │
14 │~                                       │
15 │~                                       │
16 │~                                       │
17 │~                                       │
18 │demo.py               1,1            All│
19 │:set nonumber                           │ ◂ cursor (19,13)
    ────────────────────────────────────────

[SAY] Set no number — N-O prefix turns the same option off.
[ENTER]

              1         2         3         
    0123456789012345678901234567890123456789
    ────────────────────────────────────────
 0 │def one():                              │ ◂ cursor (0,0)
 1 │    return 1                            │
 2 │                                        │
 3 │def two():                              │
 4 │    return 2                            │
 5 │                                        │
 6 │def three():                            │
 7 │    return 3                            │
 8 │~                                       │
 9 │~                                       │
10 │~                                       │
11 │~                                       │
12 │~                                       │
13 │~                                       │
14 │~                                       │
15 │~                                       │
16 │~                                       │
17 │~                                       │
18 │demo.py               1,1            All│
19 │:set nonumber                           │
    ────────────────────────────────────────

[SAY] Gone. You can also use an exclamation mark to toggle. Set number bang flips the value.
[TYPE] ':set number!'

              1         2         3         
    0123456789012345678901234567890123456789
    ────────────────────────────────────────
 0 │def one():                              │
 1 │    return 1                            │
 2 │                                        │
 3 │def two():                              │
 4 │    return 2                            │
 5 │                                        │
 6 │def three():                            │
 7 │    return 3                            │
 8 │~                                       │
 9 │~                                       │
10 │~                                       │
11 │~                                       │
12 │~                                       │
13 │~                                       │
14 │~                                       │
15 │~                                       │
16 │~                                       │
17 │~                                       │
18 │demo.py               1,1            All│
19 │:set number!                            │ ◂ cursor (19,12)
    ────────────────────────────────────────

[SAY] Bang at the end toggles — flip the current value.
[ENTER]

              1         2         3         
    0123456789012345678901234567890123456789
    ────────────────────────────────────────
 0 │  1 def one():                          │ ◂ cursor (0,4)
 1 │  2     return 1                        │
 2 │  3                                     │
 3 │  4 def two():                          │
 4 │  5     return 2                        │
 5 │  6                                     │
 6 │  7 def three():                        │
 7 │  8     return 3                        │
 8 │~                                       │
 9 │~                                       │
10 │~                                       │
11 │~                                       │
12 │~                                       │
13 │~                                       │
14 │~                                       │
15 │~                                       │
16 │~                                       │
17 │~                                       │
18 │demo.py               1,1            All│
19 │:set number!                            │
    ────────────────────────────────────────

[TYPE] ':set number!'

              1         2         3         
    0123456789012345678901234567890123456789
    ────────────────────────────────────────
 0 │  1 def one():                          │
 1 │  2     return 1                        │
 2 │  3                                     │
 3 │  4 def two():                          │
 4 │  5     return 2                        │
 5 │  6                                     │
 6 │  7 def three():                        │
 7 │  8     return 3                        │
 8 │~                                       │
 9 │~                                       │
10 │~                                       │
11 │~                                       │
12 │~                                       │
13 │~                                       │
14 │~                                       │
15 │~                                       │
16 │~                                       │
17 │~                                       │
18 │demo.py               1,1            All│
19 │:set number!                            │ ◂ cursor (19,12)
    ────────────────────────────────────────

[SAY] Toggle again to flip back.
[ENTER]

              1         2         3         
    0123456789012345678901234567890123456789
    ────────────────────────────────────────
 0 │def one():                              │ ◂ cursor (0,0)
 1 │    return 1                            │
 2 │                                        │
 3 │def two():                              │
 4 │    return 2                            │
 5 │                                        │
 6 │def three():                            │
 7 │    return 3                            │
 8 │~                                       │
 9 │~                                       │
10 │~                                       │
11 │~                                       │
12 │~                                       │
13 │~                                       │
14 │~                                       │
15 │~                                       │
16 │~                                       │
17 │~                                       │
18 │demo.py               1,1            All│
19 │:set number!                            │
    ────────────────────────────────────────

[SAY] Bang toggles on and off. Works with any boolean setting.
[SAY] Set no X turns off. Set X bang toggles. Two ways to control boolean settings.