[RECORDING_START] Screen state at recording start:

              1         2         3         
    0123456789012345678901234567890123456789
    ────────────────────────────────────────
 0 │editing code here                       │
 1 │➜  vimfu tmux new-window                │
 2 │➜  vimfu                                │ ◂ cursor (2,9)
 3 │                                        │
 4 │                                        │
 5 │                                        │
 6 │                                        │
 7 │                                        │
 8 │                                        │
 9 │                                        │
10 │                                        │
11 │                                        │
12 │                                        │
13 │                                        │
14 │                                        │
15 │                                        │
16 │                                        │
17 │                                        │
18 │                                        │
19 │[0] 0:zsh* 1:zsh-"vimfu" 08:34 21-May-26│
    ────────────────────────────────────────

[OVERLAY] VimFu — Rename Window
[SAY] Control B, comma renames the current window.
[SAY] The status bar just shows zsh. Not helpful. Control B, comma.
[KEYS] '\x02'
[OVERLAY] ⌃b  prefix

              1         2         3         
    0123456789012345678901234567890123456789
    ────────────────────────────────────────
 0 │editing code here                       │
 1 │➜  vimfu tmux new-window                │
 2 │➜  vimfu                                │ ◂ cursor (2,9)
 3 │                                        │
 4 │                                        │
 5 │                                        │
 6 │                                        │
 7 │                                        │
 8 │                                        │
 9 │                                        │
10 │                                        │
11 │                                        │
12 │                                        │
13 │                                        │
14 │                                        │
15 │                                        │
16 │                                        │
17 │                                        │
18 │                                        │
19 │[0] 0:zsh* 1:zsh-"vimfu" 08:34 21-May-26│
    ────────────────────────────────────────

[KEYS] ','
[OVERLAY] ,  rename window

              1         2         3         
    0123456789012345678901234567890123456789
    ────────────────────────────────────────
 0 │editing code here                       │
 1 │➜  vimfu tmux new-window                │
 2 │➜  vimfu                                │ ◂ cursor (2,9)
 3 │                                        │
 4 │                                        │
 5 │                                        │
 6 │                                        │
 7 │                                        │
 8 │                                        │
 9 │                                        │
10 │                                        │
11 │                                        │
12 │                                        │
13 │                                        │
14 │                                        │
15 │                                        │
16 │                                        │
17 │                                        │
18 │                                        │
19 │(rename-window) zsh                     │
    ────────────────────────────────────────

[SAY] The old name is pre-filled. Quick trick. Control A jumps to the start of the line. Control K deletes to the end.
[KEYS] '\x01'
[OVERLAY] ⌃a  start of line

              1         2         3         
    0123456789012345678901234567890123456789
    ────────────────────────────────────────
 0 │editing code here                       │
 1 │➜  vimfu tmux new-window                │
 2 │➜  vimfu                                │ ◂ cursor (2,9)
 3 │                                        │
 4 │                                        │
 5 │                                        │
 6 │                                        │
 7 │                                        │
 8 │                                        │
 9 │                                        │
10 │                                        │
11 │                                        │
12 │                                        │
13 │                                        │
14 │                                        │
15 │                                        │
16 │                                        │
17 │                                        │
18 │                                        │
19 │(rename-window) zsh                     │
    ────────────────────────────────────────

[KEYS] '\x0b'
[OVERLAY] ⌃k  kill to end

              1         2         3         
    0123456789012345678901234567890123456789
    ────────────────────────────────────────
 0 │editing code here                       │
 1 │➜  vimfu tmux new-window                │
 2 │➜  vimfu                                │ ◂ cursor (2,9)
 3 │                                        │
 4 │                                        │
 5 │                                        │
 6 │                                        │
 7 │                                        │
 8 │                                        │
 9 │                                        │
10 │                                        │
11 │                                        │
12 │                                        │
13 │                                        │
14 │                                        │
15 │                                        │
16 │                                        │
17 │                                        │
18 │                                        │
19 │(rename-window)                         │
    ────────────────────────────────────────

[SAY] Clean slate. Now type the new name.
[TYPE] 'code'

              1         2         3         
    0123456789012345678901234567890123456789
    ────────────────────────────────────────
 0 │editing code here                       │
 1 │➜  vimfu tmux new-window                │
 2 │➜  vimfu                                │ ◂ cursor (2,9)
 3 │                                        │
 4 │                                        │
 5 │                                        │
 6 │                                        │
 7 │                                        │
 8 │                                        │
 9 │                                        │
10 │                                        │
11 │                                        │
12 │                                        │
13 │                                        │
14 │                                        │
15 │                                        │
16 │                                        │
17 │                                        │
18 │                                        │
19 │(rename-window) code                    │
    ────────────────────────────────────────

[ENTER]

              1         2         3         
    0123456789012345678901234567890123456789
    ────────────────────────────────────────
 0 │editing code here                       │
 1 │➜  vimfu tmux new-window                │
 2 │➜  vimfu                                │ ◂ cursor (2,9)
 3 │                                        │
 4 │                                        │
 5 │                                        │
 6 │                                        │
 7 │                                        │
 8 │                                        │
 9 │                                        │
10 │                                        │
11 │                                        │
12 │                                        │
13 │                                        │
14 │                                        │
15 │                                        │
16 │                                        │
17 │                                        │
18 │                                        │
19 │[0] 0:code* 1:zs>"vimfu" 08:35 21-May-26│
    ────────────────────────────────────────

[SAY] Now the status bar says code. Much better.
[SAY] Switch to window one and rename it too.
[KEYS] '\x02'
[OVERLAY] ⌃b  prefix

              1         2         3         
    0123456789012345678901234567890123456789
    ────────────────────────────────────────
 0 │editing code here                       │
 1 │➜  vimfu tmux new-window                │
 2 │➜  vimfu                                │ ◂ cursor (2,9)
 3 │                                        │
 4 │                                        │
 5 │                                        │
 6 │                                        │
 7 │                                        │
 8 │                                        │
 9 │                                        │
10 │                                        │
11 │                                        │
12 │                                        │
13 │                                        │
14 │                                        │
15 │                                        │
16 │                                        │
17 │                                        │
18 │                                        │
19 │[0] 0:code* 1:zs>"vimfu" 08:35 21-May-26│
    ────────────────────────────────────────

[KEYS] '1'
[OVERLAY] 1  window 1

              1         2         3         
    0123456789012345678901234567890123456789
    ────────────────────────────────────────
 0 │running tests here                      │
 1 │➜  vimfu tmux select-window -t 0        │
 2 │➜  vimfu                                │ ◂ cursor (2,9)
 3 │                                        │
 4 │                                        │
 5 │                                        │
 6 │                                        │
 7 │                                        │
 8 │                                        │
 9 │                                        │
10 │                                        │
11 │                                        │
12 │                                        │
13 │                                        │
14 │                                        │
15 │                                        │
16 │                                        │
17 │                                        │
18 │                                        │
19 │[0] <code- 1:zsh*"vimfu" 08:35 21-May-26│
    ────────────────────────────────────────

[KEYS] '\x02'
[OVERLAY] ⌃b  prefix

              1         2         3         
    0123456789012345678901234567890123456789
    ────────────────────────────────────────
 0 │running tests here                      │
 1 │➜  vimfu tmux select-window -t 0        │
 2 │➜  vimfu                                │ ◂ cursor (2,9)
 3 │                                        │
 4 │                                        │
 5 │                                        │
 6 │                                        │
 7 │                                        │
 8 │                                        │
 9 │                                        │
10 │                                        │
11 │                                        │
12 │                                        │
13 │                                        │
14 │                                        │
15 │                                        │
16 │                                        │
17 │                                        │
18 │                                        │
19 │[0] <code- 1:zsh*"vimfu" 08:35 21-May-26│
    ────────────────────────────────────────

[KEYS] ','
[OVERLAY] ,  rename window

              1         2         3         
    0123456789012345678901234567890123456789
    ────────────────────────────────────────
 0 │running tests here                      │
 1 │➜  vimfu tmux select-window -t 0        │
 2 │➜  vimfu                                │ ◂ cursor (2,9)
 3 │                                        │
 4 │                                        │
 5 │                                        │
 6 │                                        │
 7 │                                        │
 8 │                                        │
 9 │                                        │
10 │                                        │
11 │                                        │
12 │                                        │
13 │                                        │
14 │                                        │
15 │                                        │
16 │                                        │
17 │                                        │
18 │                                        │
19 │(rename-window) zsh                     │
    ────────────────────────────────────────

[SAY] Control A, Control K to clear.
[KEYS] '\x01'
[OVERLAY] ⌃a  start of line

              1         2         3         
    0123456789012345678901234567890123456789
    ────────────────────────────────────────
 0 │running tests here                      │
 1 │➜  vimfu tmux select-window -t 0        │
 2 │➜  vimfu                                │ ◂ cursor (2,9)
 3 │                                        │
 4 │                                        │
 5 │                                        │
 6 │                                        │
 7 │                                        │
 8 │                                        │
 9 │                                        │
10 │                                        │
11 │                                        │
12 │                                        │
13 │                                        │
14 │                                        │
15 │                                        │
16 │                                        │
17 │                                        │
18 │                                        │
19 │(rename-window) zsh                     │
    ────────────────────────────────────────

[KEYS] '\x0b'
[OVERLAY] ⌃k  kill to end

              1         2         3         
    0123456789012345678901234567890123456789
    ────────────────────────────────────────
 0 │running tests here                      │
 1 │➜  vimfu tmux select-window -t 0        │
 2 │➜  vimfu                                │ ◂ cursor (2,9)
 3 │                                        │
 4 │                                        │
 5 │                                        │
 6 │                                        │
 7 │                                        │
 8 │                                        │
 9 │                                        │
10 │                                        │
11 │                                        │
12 │                                        │
13 │                                        │
14 │                                        │
15 │                                        │
16 │                                        │
17 │                                        │
18 │                                        │
19 │(rename-window)                         │
    ────────────────────────────────────────

[TYPE] 'tests'

              1         2         3         
    0123456789012345678901234567890123456789
    ────────────────────────────────────────
 0 │running tests here                      │
 1 │➜  vimfu tmux select-window -t 0        │
 2 │➜  vimfu                                │ ◂ cursor (2,9)
 3 │                                        │
 4 │                                        │
 5 │                                        │
 6 │                                        │
 7 │                                        │
 8 │                                        │
 9 │                                        │
10 │                                        │
11 │                                        │
12 │                                        │
13 │                                        │
14 │                                        │
15 │                                        │
16 │                                        │
17 │                                        │
18 │                                        │
19 │(rename-window) tests                   │
    ────────────────────────────────────────

[ENTER]

              1         2         3         
    0123456789012345678901234567890123456789
    ────────────────────────────────────────
 0 │running tests here                      │
 1 │➜  vimfu tmux select-window -t 0        │
 2 │➜  vimfu                                │ ◂ cursor (2,9)
 3 │                                        │
 4 │                                        │
 5 │                                        │
 6 │                                        │
 7 │                                        │
 8 │                                        │
 9 │                                        │
10 │                                        │
11 │                                        │
12 │                                        │
13 │                                        │
14 │                                        │
15 │                                        │
16 │                                        │
17 │                                        │
18 │                                        │
19 │[0] <de- 1:tests*"vimfu" 08:35 21-May-26│
    ────────────────────────────────────────

[SAY] Code and tests. Now I know what's what.
[SAY] Control B, comma. Name your windows so the status bar works for you.