[RECORDING_START] Screen state at recording start:

              1         2         3         
    0123456789012345678901234567890123456789
    ────────────────────────────────────────
 0 │# grid data                             │ ◂ cursor (0,0)
 1 │row1 = [10, 20, 30]                     │
 2 │row2 = [40, 50, 60]                     │
 3 │row3 = [70, 80, 90]                     │
 4 │row4 = [11, 22, 33]                     │
 5 │~                                       │
 6 │~                                       │
 7 │~                                       │
 8 │~                                       │
 9 │~                                       │
10 │~                                       │
11 │~                                       │
12 │~                                       │
13 │~                                       │
14 │~                                       │
15 │~                                       │
16 │~                                       │
17 │~                                       │
18 │grid.py               1,1            All│
    ────────────────────────────────────────

[OVERLAY] VimFu — O — Other Corner
[SAY] In *visual-block mode,* {key:O} flips the cursor horizontally to the other end of the same row. {key:o} jumps diagonally to the opposite corner.
[SAY] Start with only the middle scores selected, then use the corners to grow the block.
[KEYS] '2j012l'
[OVERLAY] 2j012l  middle score

              1         2         3         
    0123456789012345678901234567890123456789
    ────────────────────────────────────────
 0 │# grid data                             │
 1 │row1 = [10, 20, 30]                     │
 2 │row2 = [40, 50, 60]                     │ ◂ cursor (2,12)
 3 │row3 = [70, 80, 90]                     │
 4 │row4 = [11, 22, 33]                     │
 5 │~                                       │
 6 │~                                       │
 7 │~                                       │
 8 │~                                       │
 9 │~                                       │
10 │~                                       │
11 │~                                       │
12 │~                                       │
13 │~                                       │
14 │~                                       │
15 │~                                       │
16 │~                                       │
17 │~                                       │
18 │grid.py               3,13           All│
    ────────────────────────────────────────

[KEYS] '\x16'
[OVERLAY] ⌃v  visual block

              1         2         3         
    0123456789012345678901234567890123456789
    ────────────────────────────────────────
 0 │# grid data                             │
 1 │row1 = [10, 20, 30]                     │
 2 │row2 = [40, 50, 60]                     │ ◂ cursor (2,12)
 3 │row3 = [70, 80, 90]                     │
 4 │row4 = [11, 22, 33]                     │
 5 │~                                       │
 6 │~                                       │
 7 │~                                       │
 8 │~                                       │
 9 │~                                       │
10 │~                                       │
11 │~                                       │
12 │~                                       │
13 │~                                       │
14 │~                                       │
15 │~                                       │
16 │~                                       │
17 │~                                       │
18 │grid.py               3,13           All│
19 │-- VISUAL BLOCK --           1x1        │
    ────────────────────────────────────────

[KEYS] 'jl'
[OVERLAY] jl  small block

              1         2         3         
    0123456789012345678901234567890123456789
    ────────────────────────────────────────
 0 │# grid data                             │
 1 │row1 = [10, 20, 30]                     │
 2 │row2 = [40, 50, 60]                     │
 3 │row3 = [70, 80, 90]                     │ ◂ cursor (3,13)
 4 │row4 = [11, 22, 33]                     │
 5 │~                                       │
 6 │~                                       │
 7 │~                                       │
 8 │~                                       │
 9 │~                                       │
10 │~                                       │
11 │~                                       │
12 │~                                       │
13 │~                                       │
14 │~                                       │
15 │~                                       │
16 │~                                       │
17 │~                                       │
18 │grid.py               4,14           All│
19 │-- VISUAL BLOCK --           2x2        │
    ────────────────────────────────────────
[HIGHLIGHT] row 2, cols 12-13: "50"
[HIGHLIGHT] row 3, cols 12-13: "8"

[SAY] The active corner is bottom right. Press {key:O} to jump to the bottom left, then extend left.
[KEYS] 'O'
[OVERLAY] ⇧O  flip horizontal

              1         2         3         
    0123456789012345678901234567890123456789
    ────────────────────────────────────────
 0 │# grid data                             │
 1 │row1 = [10, 20, 30]                     │
 2 │row2 = [40, 50, 60]                     │
 3 │row3 = [70, 80, 90]                     │ ◂ cursor (3,12)
 4 │row4 = [11, 22, 33]                     │
 5 │~                                       │
 6 │~                                       │
 7 │~                                       │
 8 │~                                       │
 9 │~                                       │
10 │~                                       │
11 │~                                       │
12 │~                                       │
13 │~                                       │
14 │~                                       │
15 │~                                       │
16 │~                                       │
17 │~                                       │
18 │grid.py               4,13           All│
19 │-- VISUAL BLOCK --           2x2        │
    ────────────────────────────────────────
[HIGHLIGHT] row 2, cols 12-13: "50"
[HIGHLIGHT] row 3, col 13: "0"

[KEYS] '4h'
[OVERLAY] 4h  extend left

              1         2         3         
    0123456789012345678901234567890123456789
    ────────────────────────────────────────
 0 │# grid data                             │
 1 │row1 = [10, 20, 30]                     │
 2 │row2 = [40, 50, 60]                     │
 3 │row3 = [70, 80, 90]                     │ ◂ cursor (3,8)
 4 │row4 = [11, 22, 33]                     │
 5 │~                                       │
 6 │~                                       │
 7 │~                                       │
 8 │~                                       │
 9 │~                                       │
10 │~                                       │
11 │~                                       │
12 │~                                       │
13 │~                                       │
14 │~                                       │
15 │~                                       │
16 │~                                       │
17 │~                                       │
18 │grid.py               4,9            All│
19 │-- VISUAL BLOCK --           2x6        │
    ────────────────────────────────────────
[HIGHLIGHT] row 2, cols 8-13: "40, 50"
[HIGHLIGHT] row 3, cols 9-13: "0, 80"

[SAY] Now {key:o} jumps diagonally to the top right. From that corner, extend upward and right.
[KEYS] 'o'
[OVERLAY] o  diagonal

              1         2         3         
    0123456789012345678901234567890123456789
    ────────────────────────────────────────
 0 │# grid data                             │
 1 │row1 = [10, 20, 30]                     │
 2 │row2 = [40, 50, 60]                     │ ◂ cursor (2,13)
 3 │row3 = [70, 80, 90]                     │
 4 │row4 = [11, 22, 33]                     │
 5 │~                                       │
 6 │~                                       │
 7 │~                                       │
 8 │~                                       │
 9 │~                                       │
10 │~                                       │
11 │~                                       │
12 │~                                       │
13 │~                                       │
14 │~                                       │
15 │~                                       │
16 │~                                       │
17 │~                                       │
18 │grid.py               3,14           All│
19 │-- VISUAL BLOCK --           2x6        │
    ────────────────────────────────────────
[HIGHLIGHT] row 2, cols 8-13: "40, 5"
[HIGHLIGHT] row 3, cols 8-13: "70, 80"

[KEYS] 'k4l'
[OVERLAY] k4l  top and right

              1         2         3         
    0123456789012345678901234567890123456789
    ────────────────────────────────────────
 0 │# grid data                             │
 1 │row1 = [10, 20, 30]                     │ ◂ cursor (1,17)
 2 │row2 = [40, 50, 60]                     │
 3 │row3 = [70, 80, 90]                     │
 4 │row4 = [11, 22, 33]                     │
 5 │~                                       │
 6 │~                                       │
 7 │~                                       │
 8 │~                                       │
 9 │~                                       │
10 │~                                       │
11 │~                                       │
12 │~                                       │
13 │~                                       │
14 │~                                       │
15 │~                                       │
16 │~                                       │
17 │~                                       │
18 │grid.py               2,18           All│
19 │-- VISUAL BLOCK --           3x10       │
    ────────────────────────────────────────
[HIGHLIGHT] row 1, cols 8-17: "10, 20, 3"
[HIGHLIGHT] row 2, cols 8-17: "40, 50, 60"
[HIGHLIGHT] row 3, cols 8-17: "70, 80, 90"

[SAY] One more diagonal jump puts the cursor at the lower left, so {key:j} can add the last row.
[KEYS] 'o'
[OVERLAY] o  diagonal

              1         2         3         
    0123456789012345678901234567890123456789
    ────────────────────────────────────────
 0 │# grid data                             │
 1 │row1 = [10, 20, 30]                     │
 2 │row2 = [40, 50, 60]                     │
 3 │row3 = [70, 80, 90]                     │ ◂ cursor (3,8)
 4 │row4 = [11, 22, 33]                     │
 5 │~                                       │
 6 │~                                       │
 7 │~                                       │
 8 │~                                       │
 9 │~                                       │
10 │~                                       │
11 │~                                       │
12 │~                                       │
13 │~                                       │
14 │~                                       │
15 │~                                       │
16 │~                                       │
17 │~                                       │
18 │grid.py               4,9            All│
19 │-- VISUAL BLOCK --           3x10       │
    ────────────────────────────────────────
[HIGHLIGHT] row 1, cols 8-17: "10, 20, 30"
[HIGHLIGHT] row 2, cols 8-17: "40, 50, 60"
[HIGHLIGHT] row 3, cols 9-17: "0, 80, 90"

[KEYS] 'j'
[OVERLAY] j  last row

              1         2         3         
    0123456789012345678901234567890123456789
    ────────────────────────────────────────
 0 │# grid data                             │
 1 │row1 = [10, 20, 30]                     │
 2 │row2 = [40, 50, 60]                     │
 3 │row3 = [70, 80, 90]                     │
 4 │row4 = [11, 22, 33]                     │ ◂ cursor (4,8)
 5 │~                                       │
 6 │~                                       │
 7 │~                                       │
 8 │~                                       │
 9 │~                                       │
10 │~                                       │
11 │~                                       │
12 │~                                       │
13 │~                                       │
14 │~                                       │
15 │~                                       │
16 │~                                       │
17 │~                                       │
18 │grid.py               5,9            All│
19 │-- VISUAL BLOCK --           4x10       │
    ────────────────────────────────────────
[HIGHLIGHT] row 1, cols 8-17: "10, 20, 30"
[HIGHLIGHT] row 2, cols 8-17: "40, 50, 60"
[HIGHLIGHT] row 3, cols 8-17: "70, 80, 90"
[HIGHLIGHT] row 4, cols 9-17: "1, 22, 33"

[SAY] Now the block covers every score inside the brackets. {key:O} and {key:o} let you choose which corner grows next.
[ESCAPE]

              1         2         3         
    0123456789012345678901234567890123456789
    ────────────────────────────────────────
 0 │# grid data                             │
 1 │row1 = [10, 20, 30]                     │
 2 │row2 = [40, 50, 60]                     │
 3 │row3 = [70, 80, 90]                     │
 4 │row4 = [11, 22, 33]                     │ ◂ cursor (4,8)
 5 │~                                       │
 6 │~                                       │
 7 │~                                       │
 8 │~                                       │
 9 │~                                       │
10 │~                                       │
11 │~                                       │
12 │~                                       │
13 │~                                       │
14 │~                                       │
15 │~                                       │
16 │~                                       │
17 │~                                       │
18 │grid.py               5,9            All│
    ────────────────────────────────────────

[SAY] {key:o} and {key:O}. Navigate the corners of a block selection.