[RECORDING_START] Screen state at recording start:

              1         2         3         
    0123456789012345678901234567890123456789
    ────────────────────────────────────────
 0 │➜  vimfu                                │ ◂ cursor (0,9)
    ────────────────────────────────────────

[OVERLAY] VimFu — Go to Top
[SAY] Big files mean lots of scrolling.
[LINE] 'nvim app.py'

              1         2         3         
    0123456789012345678901234567890123456789
    ────────────────────────────────────────
 0 │➜  vimfu nvim app.py                    │
    ────────────────────────────────────────

[SAY] Let's go to the bottom first.
[KEYS] 'G'
[OVERLAY] ⇧G  file end

              1         2         3         
    0123456789012345678901234567890123456789
    ────────────────────────────────────────
 0 │import os                               │
 1 │import sys                              │
 2 │                                        │
 3 │def setup():                            │
 4 │    path = os.getcwd()                  │
 5 │    return path                         │
 6 │                                        │
 7 │def main():                             │
 8 │    base = setup()                      │
 9 │    name = "vimfu"                      │
10 │    print(f"Running {name}")            │
11 │    print(f"Path: {base}")              │
12 │    return 0                            │
13 │                                        │
14 │if __name__ == "__main__":              │
15 │    sys.exit(main())                    │ ◂ cursor (15,0)
16 │~                                       │
17 │~                                       │
18 │app.py                16,1           All│
    ────────────────────────────────────────

[SAY] Now we're at the end of the file.
[SAY] Press G G to teleport to the top.
[KEYS] 'g'
[OVERLAY] g

              1         2         3         
    0123456789012345678901234567890123456789
    ────────────────────────────────────────
 0 │import os                               │
 1 │import sys                              │
 2 │                                        │
 3 │def setup():                            │
 4 │    path = os.getcwd()                  │
 5 │    return path                         │
 6 │                                        │
 7 │def main():                             │
 8 │    base = setup()                      │
 9 │    name = "vimfu"                      │
10 │    print(f"Running {name}")            │
11 │    print(f"Path: {base}")              │
12 │    return 0                            │
13 │                                        │
14 │if __name__ == "__main__":              │
15 │    sys.exit(main())                    │ ◂ cursor (15,0)
16 │~                                       │
17 │~                                       │
18 │app.py                16,1           All│
19 │                             g          │
    ────────────────────────────────────────

[KEYS] 'g'
[OVERLAY] g  file start

              1         2         3         
    0123456789012345678901234567890123456789
    ────────────────────────────────────────
 0 │import os                               │ ◂ cursor (0,0)
 1 │import sys                              │
 2 │                                        │
 3 │def setup():                            │
 4 │    path = os.getcwd()                  │
 5 │    return path                         │
 6 │                                        │
 7 │def main():                             │
 8 │    base = setup()                      │
 9 │    name = "vimfu"                      │
10 │    print(f"Running {name}")            │
11 │    print(f"Path: {base}")              │
12 │    return 0                            │
13 │                                        │
14 │if __name__ == "__main__":              │
15 │    sys.exit(main())                    │
16 │~                                       │
17 │~                                       │
18 │app.py                1,1            All│
    ────────────────────────────────────────

[SAY] Instant. Line one.
[SAY] No matter where you are. G G. Top of file.
[KEYS] 'G'
[OVERLAY] ⇧G  file end

              1         2         3         
    0123456789012345678901234567890123456789
    ────────────────────────────────────────
 0 │import os                               │
 1 │import sys                              │
 2 │                                        │
 3 │def setup():                            │
 4 │    path = os.getcwd()                  │
 5 │    return path                         │
 6 │                                        │
 7 │def main():                             │
 8 │    base = setup()                      │
 9 │    name = "vimfu"                      │
10 │    print(f"Running {name}")            │
11 │    print(f"Path: {base}")              │
12 │    return 0                            │
13 │                                        │
14 │if __name__ == "__main__":              │
15 │    sys.exit(main())                    │ ◂ cursor (15,0)
16 │~                                       │
17 │~                                       │
18 │app.py                16,1           All│
    ────────────────────────────────────────

[KEYS] 'g'
[OVERLAY] g

              1         2         3         
    0123456789012345678901234567890123456789
    ────────────────────────────────────────
 0 │import os                               │
 1 │import sys                              │
 2 │                                        │
 3 │def setup():                            │
 4 │    path = os.getcwd()                  │
 5 │    return path                         │
 6 │                                        │
 7 │def main():                             │
 8 │    base = setup()                      │
 9 │    name = "vimfu"                      │
10 │    print(f"Running {name}")            │
11 │    print(f"Path: {base}")              │
12 │    return 0                            │
13 │                                        │
14 │if __name__ == "__main__":              │
15 │    sys.exit(main())                    │ ◂ cursor (15,0)
16 │~                                       │
17 │~                                       │
18 │app.py                16,1           All│
19 │                             g          │
    ────────────────────────────────────────

[KEYS] 'g'
[OVERLAY] g  file start

              1         2         3         
    0123456789012345678901234567890123456789
    ────────────────────────────────────────
 0 │import os                               │ ◂ cursor (0,0)
 1 │import sys                              │
 2 │                                        │
 3 │def setup():                            │
 4 │    path = os.getcwd()                  │
 5 │    return path                         │
 6 │                                        │
 7 │def main():                             │
 8 │    base = setup()                      │
 9 │    name = "vimfu"                      │
10 │    print(f"Running {name}")            │
11 │    print(f"Path: {base}")              │
12 │    return 0                            │
13 │                                        │
14 │if __name__ == "__main__":              │
15 │    sys.exit(main())                    │
16 │~                                       │
17 │~                                       │
18 │app.py                1,1            All│
    ────────────────────────────────────────

[SAY] You'll use this all the time.
[SAY] G G for the top. Capital G for the bottom. That's next.