[RECORDING_START] Screen state at recording start:

              1         2         3         
    0123456789012345678901234567890123456789
    ────────────────────────────────────────
 0 │# Weather Station                       │ ◂ cursor (0,0)
 1 │                                        │
 2 │temp = 72                               │
 3 │humidity = 45                           │
 4 │wind = 12                               │
 5 │condition = "sunny"                     │
 6 │                                        │
 7 │def forecast():                         │
 8 │    if temp > 80:                       │
 9 │        return "hot"                    │
10 │    if temp < 50:                       │
11 │        return "cold"                   │
12 │    return "nice"                       │
13 │                                        │
14 │def alert(msg):                         │
15 │    print(f"ALERT: {msg}")              │
16 │~                                       │
17 │~                                       │
18 │weather.py            1,1            All│
    ────────────────────────────────────────

[OVERLAY] VimFu — Ctrl-G
[SAY] Control G shows file info. The file name, how many lines, and where your cursor is.
[SAY] Press control G.
[CTRL] g
[OVERLAY] ⌃g  file info

              1         2         3         
    0123456789012345678901234567890123456789
    ────────────────────────────────────────
 0 │# Weather Station                       │ ◂ cursor (0,0)
 1 │                                        │
 2 │temp = 72                               │
 3 │humidity = 45                           │
 4 │wind = 12                               │
 5 │condition = "sunny"                     │
 6 │                                        │
 7 │def forecast():                         │
 8 │    if temp > 80:                       │
 9 │        return "hot"                    │
10 │    if temp < 50:                       │
11 │        return "cold"                   │
12 │    return "nice"                       │
13 │                                        │
14 │def alert(msg):                         │
15 │    print(f"ALERT: {msg}")              │
16 │~                                       │
17 │~                                       │
18 │weather.py            1,1            All│
19 │"weather.py" 16 lines --6%--            │
    ────────────────────────────────────────

[SAY] The status line shows the file name, line one of sixteen, and the percentage through the file.
[SAY] Move to line eight. Control G again.
[KEYS] '8G'
[OVERLAY] 8G  8G  go to line 8

              1         2         3         
    0123456789012345678901234567890123456789
    ────────────────────────────────────────
 0 │# Weather Station                       │
 1 │                                        │
 2 │temp = 72                               │
 3 │humidity = 45                           │
 4 │wind = 12                               │
 5 │condition = "sunny"                     │
 6 │                                        │
 7 │def forecast():                         │ ◂ cursor (7,0)
 8 │    if temp > 80:                       │
 9 │        return "hot"                    │
10 │    if temp < 50:                       │
11 │        return "cold"                   │
12 │    return "nice"                       │
13 │                                        │
14 │def alert(msg):                         │
15 │    print(f"ALERT: {msg}")              │
16 │~                                       │
17 │~                                       │
18 │weather.py            8,1            All│
19 │"weather.py" 16 lines --6%--            │
    ────────────────────────────────────────

[CTRL] g
[OVERLAY] ⌃g  file info

              1         2         3         
    0123456789012345678901234567890123456789
    ────────────────────────────────────────
 0 │# Weather Station                       │
 1 │                                        │
 2 │temp = 72                               │
 3 │humidity = 45                           │
 4 │wind = 12                               │
 5 │condition = "sunny"                     │
 6 │                                        │
 7 │def forecast():                         │
 8 │    if temp > 80:                       │
 9 │        return "hot"                    │
10 │    if temp < 50:                       │
11 │        return "cold"                   │
12 │    return "nice"                       │
13 │                                        │
14 │def alert(msg):                         │
15 │    print(f"ALERT: {msg}")              │
16 │~                                       │
17 │                                        │
18 │"weather.py" 16 lines --50%--           │
19 │Press ENTER or type command to continue │ ◂ cursor (19,39)
    ────────────────────────────────────────

[SAY] Line eight of sixteen. About fifty percent. Quick way to know where you are.
[SAY] Jump to the end. Control G one more time.
[KEYS] 'G'
[OVERLAY] ⇧G  G  go to bottom

              1         2         3         
    0123456789012345678901234567890123456789
    ────────────────────────────────────────
 0 │# Weather Station                       │
 1 │                                        │
 2 │temp = 72                               │
 3 │humidity = 45                           │
 4 │wind = 12                               │
 5 │condition = "sunny"                     │
 6 │                                        │
 7 │def forecast():                         │
 8 │    if temp > 80:                       │
 9 │        return "hot"                    │
10 │    if temp < 50:                       │
11 │        return "cold"                   │
12 │    return "nice"                       │
13 │                                        │
14 │def alert(msg):                         │
15 │    print(f"ALERT: {msg}")              │ ◂ cursor (15,0)
16 │~                                       │
17 │~                                       │
18 │weather.py            16,1           All│
    ────────────────────────────────────────

[CTRL] g
[OVERLAY] ⌃g  file info

              1         2         3         
    0123456789012345678901234567890123456789
    ────────────────────────────────────────
 0 │# Weather Station                       │
 1 │                                        │
 2 │temp = 72                               │
 3 │humidity = 45                           │
 4 │wind = 12                               │
 5 │condition = "sunny"                     │
 6 │                                        │
 7 │def forecast():                         │
 8 │    if temp > 80:                       │
 9 │        return "hot"                    │
10 │    if temp < 50:                       │
11 │        return "cold"                   │
12 │    return "nice"                       │
13 │                                        │
14 │def alert(msg):                         │
15 │    print(f"ALERT: {msg}")              │
16 │~                                       │
17 │                                        │
18 │"weather.py" 16 lines --100%--          │
19 │Press ENTER or type command to continue │ ◂ cursor (19,39)
    ────────────────────────────────────────

[SAY] Line sixteen. One hundred percent. You always know exactly where you are.
[SAY] Control G. File info at a glance. Name, lines, position.