[RECORDING_START] Screen state at recording start:

              1         2         3         
    0123456789012345678901234567890123456789
    ────────────────────────────────────────
 0 │# Perfect Code                          │ ◂ cursor (0,0)
 1 │x = 1                                   │
 2 │y = 2                                   │
 3 │z = 3                                   │
 4 │~                                       │
 5 │~                                       │
 6 │~                                       │
 7 │~                                       │
 8 │~                                       │
 9 │~                                       │
10 │~                                       │
11 │~                                       │
12 │~                                       │
13 │~                                       │
14 │~                                       │
15 │~                                       │
16 │~                                       │
17 │~                                       │
18 │demo.py               1,1            All│
    ────────────────────────────────────────

[OVERLAY] VimFu — :e! — Revert
[SAY] Colon E bang reverts the file to its last saved state. All your changes, gone. A fresh start.
[SAY] Let's make a mess.
[KEYS] 'jdd'
[OVERLAY] jdd  delete line

              1         2         3         
    0123456789012345678901234567890123456789
    ────────────────────────────────────────
 0 │# Perfect Code                          │
 1 │y = 2                                   │ ◂ cursor (1,0)
 2 │z = 3                                   │
 3 │~                                       │
 4 │~                                       │
 5 │~                                       │
 6 │~                                       │
 7 │~                                       │
 8 │~                                       │
 9 │~                                       │
10 │~                                       │
11 │~                                       │
12 │~                                       │
13 │~                                       │
14 │~                                       │
15 │~                                       │
16 │~                                       │
17 │~                                       │
18 │demo.py [+]           2,1            All│
    ────────────────────────────────────────

[KEYS] 'dd'
[OVERLAY] dd  another

              1         2         3         
    0123456789012345678901234567890123456789
    ────────────────────────────────────────
 0 │# Perfect Code                          │
 1 │z = 3                                   │ ◂ cursor (1,0)
 2 │~                                       │
 3 │~                                       │
 4 │~                                       │
 5 │~                                       │
 6 │~                                       │
 7 │~                                       │
 8 │~                                       │
 9 │~                                       │
10 │~                                       │
11 │~                                       │
12 │~                                       │
13 │~                                       │
14 │~                                       │
15 │~                                       │
16 │~                                       │
17 │~                                       │
18 │demo.py [+]           2,1            All│
    ────────────────────────────────────────

[KEYS] 'dd'
[OVERLAY] dd  another

              1         2         3         
    0123456789012345678901234567890123456789
    ────────────────────────────────────────
 0 │# Perfect Code                          │ ◂ cursor (0,0)
 1 │~                                       │
 2 │~                                       │
 3 │~                                       │
 4 │~                                       │
 5 │~                                       │
 6 │~                                       │
 7 │~                                       │
 8 │~                                       │
 9 │~                                       │
10 │~                                       │
11 │~                                       │
12 │~                                       │
13 │~                                       │
14 │~                                       │
15 │~                                       │
16 │~                                       │
17 │~                                       │
18 │demo.py [+]           1,1            All│
    ────────────────────────────────────────

[SAY] Three lines deleted. But we want them back. Colon E bang.
[KEYS] ':'
[OVERLAY] ⇧:  revert

              1         2         3         
    0123456789012345678901234567890123456789
    ────────────────────────────────────────
 0 │# Perfect Code                          │
 1 │~                                       │
 2 │~                                       │
 3 │~                                       │
 4 │~                                       │
 5 │~                                       │
 6 │~                                       │
 7 │~                                       │
 8 │~                                       │
 9 │~                                       │
10 │~                                       │
11 │~                                       │
12 │~                                       │
13 │~                                       │
14 │~                                       │
15 │~                                       │
16 │~                                       │
17 │~                                       │
18 │demo.py [+]           1,1            All│
19 │:                                       │ ◂ cursor (19,1)
    ────────────────────────────────────────

[TYPE] 'e!'

              1         2         3         
    0123456789012345678901234567890123456789
    ────────────────────────────────────────
 0 │# Perfect Code                          │
 1 │~                                       │
 2 │~                                       │
 3 │~                                       │
 4 │~                                       │
 5 │~                                       │
 6 │~                                       │
 7 │~                                       │
 8 │~                                       │
 9 │~                                       │
10 │~                                       │
11 │~                                       │
12 │~                                       │
13 │~                                       │
14 │~                                       │
15 │~                                       │
16 │~                                       │
17 │~                                       │
18 │demo.py [+]           1,1            All│
19 │:e!                                     │ ◂ cursor (19,3)
    ────────────────────────────────────────

[EX_READY] ':e!'

              1         2         3         
    0123456789012345678901234567890123456789
    ────────────────────────────────────────
 0 │# Perfect Code                          │
 1 │~                                       │
 2 │~                                       │
 3 │~                                       │
 4 │~                                       │
 5 │~                                       │
 6 │~                                       │
 7 │~                                       │
 8 │~                                       │
 9 │~                                       │
10 │~                                       │
11 │~                                       │
12 │~                                       │
13 │~                                       │
14 │~                                       │
15 │~                                       │
16 │~                                       │
17 │~                                       │
18 │demo.py [+]           1,1            All│
19 │:e!                                     │ ◂ cursor (19,3)
    ────────────────────────────────────────

[ENTER]

              1         2         3         
    0123456789012345678901234567890123456789
    ────────────────────────────────────────
 0 │# Perfect Code                          │ ◂ cursor (0,0)
 1 │x = 1                                   │
 2 │y = 2                                   │
 3 │z = 3                                   │
 4 │~                                       │
 5 │~                                       │
 6 │~                                       │
 7 │~                                       │
 8 │~                                       │
 9 │~                                       │
10 │~                                       │
11 │~                                       │
12 │~                                       │
13 │~                                       │
14 │~                                       │
15 │~                                       │
16 │~                                       │
17 │~                                       │
18 │demo.py               1,1            All│
19 │:e!                                     │
    ────────────────────────────────────────

[SAY] Everything restored. The file reloaded from disk. Like nothing happened.
[SAY] Colon E bang. Revert to saved. Your undo button for the whole file.