[RECORDING_START] Screen state at recording start:

              1         2         3         
    0123456789012345678901234567890123456789
    ────────────────────────────────────────
 0 │  1 # Inventory                         │ ◂ cursor (0,4)
 1 │  2 sword = "Excalibur"                 │
 2 │  3 shield = "Aegis"                    │
 3 │  4 potion = "Elixir"                   │
 4 │  5 scroll = "Fireball"                 │
 5 │  6 ring = "Invisibility"               │
 6 │  7 amulet = "Protection"               │
 7 │  8 gem = "Ruby"                        │
 8 │  9 wand = "Lightning"                  │
 9 │~                                       │
10 │~                                       │
11 │~                                       │
12 │~                                       │
13 │~                                       │
14 │~                                       │
15 │~                                       │
16 │~                                       │
17 │~                                       │
18 │items.py              1,1            All│
    ────────────────────────────────────────

[OVERLAY] VimFu — zd zD — Delete Fold
[SAY] Z D deletes a fold under the cursor. The code stays. Only the fold goes away.
[SAY] First create a fold. Lines two through five.
[KEYS] '2G'
[OVERLAY] 2G  go to line 2

              1         2         3         
    0123456789012345678901234567890123456789
    ────────────────────────────────────────
 0 │  1 # Inventory                         │
 1 │  2 sword = "Excalibur"                 │ ◂ cursor (1,4)
 2 │  3 shield = "Aegis"                    │
 3 │  4 potion = "Elixir"                   │
 4 │  5 scroll = "Fireball"                 │
 5 │  6 ring = "Invisibility"               │
 6 │  7 amulet = "Protection"               │
 7 │  8 gem = "Ruby"                        │
 8 │  9 wand = "Lightning"                  │
 9 │~                                       │
10 │~                                       │
11 │~                                       │
12 │~                                       │
13 │~                                       │
14 │~                                       │
15 │~                                       │
16 │~                                       │
17 │~                                       │
18 │items.py              2,1            All│
    ────────────────────────────────────────

[KEYS] 'zf3j'
[OVERLAY] zf3j  create fold

              1         2         3         
    0123456789012345678901234567890123456789
    ────────────────────────────────────────
 0 │  1 # Inventory                         │
 1 │  2 +--  4 lines: sword = "Excalibur"···│ ◂ cursor (1,4)
 2 │  6 ring = "Invisibility"               │
 3 │  7 amulet = "Protection"               │
 4 │  8 gem = "Ruby"                        │
 5 │  9 wand = "Lightning"                  │
 6 │~                                       │
 7 │~                                       │
 8 │~                                       │
 9 │~                                       │
10 │~                                       │
11 │~                                       │
12 │~                                       │
13 │~                                       │
14 │~                                       │
15 │~                                       │
16 │~                                       │
17 │~                                       │
18 │items.py              2,1            All│
    ────────────────────────────────────────
[HIGHLIGHT] row 1, cols 5-39: "--  4 lines: sword = "Excalibur"···"

[SAY] Now Z D to delete the fold.
[KEYS] 'zd'
[OVERLAY] zd  delete fold

              1         2         3         
    0123456789012345678901234567890123456789
    ────────────────────────────────────────
 0 │  1 # Inventory                         │
 1 │  2 sword = "Excalibur"                 │ ◂ cursor (1,4)
 2 │  3 shield = "Aegis"                    │
 3 │  4 potion = "Elixir"                   │
 4 │  5 scroll = "Fireball"                 │
 5 │  6 ring = "Invisibility"               │
 6 │  7 amulet = "Protection"               │
 7 │  8 gem = "Ruby"                        │
 8 │  9 wand = "Lightning"                  │
 9 │~                                       │
10 │~                                       │
11 │~                                       │
12 │~                                       │
13 │~                                       │
14 │~                                       │
15 │~                                       │
16 │~                                       │
17 │~                                       │
18 │items.py              2,1            All│
    ────────────────────────────────────────

[SAY] The fold is gone. All four lines are back. The text was never touched.
[SAY] Make another fold at the bottom. Lines six through nine.
[KEYS] '6G'
[OVERLAY] 6G  go to line 6

              1         2         3         
    0123456789012345678901234567890123456789
    ────────────────────────────────────────
 0 │  1 # Inventory                         │
 1 │  2 sword = "Excalibur"                 │
 2 │  3 shield = "Aegis"                    │
 3 │  4 potion = "Elixir"                   │
 4 │  5 scroll = "Fireball"                 │
 5 │  6 ring = "Invisibility"               │ ◂ cursor (5,4)
 6 │  7 amulet = "Protection"               │
 7 │  8 gem = "Ruby"                        │
 8 │  9 wand = "Lightning"                  │
 9 │~                                       │
10 │~                                       │
11 │~                                       │
12 │~                                       │
13 │~                                       │
14 │~                                       │
15 │~                                       │
16 │~                                       │
17 │~                                       │
18 │items.py              6,1            All│
    ────────────────────────────────────────

[KEYS] 'zf3j'
[OVERLAY] zf3j  create fold

              1         2         3         
    0123456789012345678901234567890123456789
    ────────────────────────────────────────
 0 │  1 # Inventory                         │
 1 │  2 sword = "Excalibur"                 │
 2 │  3 shield = "Aegis"                    │
 3 │  4 potion = "Elixir"                   │
 4 │  5 scroll = "Fireball"                 │
 5 │  6 +--  4 lines: ring = "Invisibility"·│ ◂ cursor (5,4)
 6 │~                                       │
 7 │~                                       │
 8 │~                                       │
 9 │~                                       │
10 │~                                       │
11 │~                                       │
12 │~                                       │
13 │~                                       │
14 │~                                       │
15 │~                                       │
16 │~                                       │
17 │~                                       │
18 │items.py              6,1            All│
    ────────────────────────────────────────
[HIGHLIGHT] row 5, cols 5-39: "--  4 lines: ring = "Invisibility"·"

[KEYS] 'zd'
[OVERLAY] zd  delete fold

              1         2         3         
    0123456789012345678901234567890123456789
    ────────────────────────────────────────
 0 │  1 # Inventory                         │
 1 │  2 sword = "Excalibur"                 │
 2 │  3 shield = "Aegis"                    │
 3 │  4 potion = "Elixir"                   │
 4 │  5 scroll = "Fireball"                 │
 5 │  6 ring = "Invisibility"               │ ◂ cursor (5,4)
 6 │  7 amulet = "Protection"               │
 7 │  8 gem = "Ruby"                        │
 8 │  9 wand = "Lightning"                  │
 9 │~                                       │
10 │~                                       │
11 │~                                       │
12 │~                                       │
13 │~                                       │
14 │~                                       │
15 │~                                       │
16 │~                                       │
17 │~                                       │
18 │items.py              6,1            All│
    ────────────────────────────────────────

[SAY] Gone. Capital Z capital D does the same thing recursively for nested folds.
[SAY] Z D removes the fold. Not the text. Perfect for cleaning up folds you no longer need.