[RECORDING_START] Screen state at recording start:

              1         2         3         
    0123456789012345678901234567890123456789
    ────────────────────────────────────────
 0 │# Alpha                                 │ ◂ cursor (0,0)
 1 │x = 1                                   │
 2 │~                                       │
 3 │~                                       │
 4 │~                                       │
 5 │~                                       │
 6 │a.py                  1,1            All│
 7 │# Beta                                  │
 8 │y = 2                                   │
 9 │~                                       │
10 │~                                       │
11 │~                                       │
12 │b.py                  1,1            All│
13 │# Gamma                                 │
14 │z = 3                                   │
15 │~                                       │
16 │~                                       │
17 │~                                       │
18 │c.py                  1,1            All│
    ────────────────────────────────────────
[HIGHLIGHT] row 6, cols 0-39: "a.py                  1,1            All"
[HIGHLIGHT] row 12, cols 0-39: "b.py                  1,1            All"

[OVERLAY] VimFu — Ctrl-W = — Equalize
[SAY] Control W equals makes all windows the same size. The great equalizer.
[SAY] Three files. Let me mess up the sizes first.
[KEYS] '5\x17+'
[OVERLAY] 5⌃w+  grow top

              1         2         3         
    0123456789012345678901234567890123456789
    ────────────────────────────────────────
 0 │# Alpha                                 │ ◂ cursor (0,0)
 1 │x = 1                                   │
 2 │~                                       │
 3 │~                                       │
 4 │~                                       │
 5 │~                                       │
 6 │~                                       │
 7 │~                                       │
 8 │~                                       │
 9 │~                                       │
10 │~                                       │
11 │a.py                  1,1            All│
12 │# Beta                                  │
13 │b.py                  1,1            Top│
14 │# Gamma                                 │
15 │z = 3                                   │
16 │~                                       │
17 │~                                       │
18 │c.py                  1,1            All│
    ────────────────────────────────────────
[HIGHLIGHT] row 11, cols 0-39: "a.py                  1,1            All"
[HIGHLIGHT] row 13, cols 0-39: "b.py                  1,1            Top"

[SAY] Top window is huge. The others are tiny.
[SAY] Control W equals to fix it.
[KEYS] '\x17='
[OVERLAY] ⌃w=  equalize

              1         2         3         
    0123456789012345678901234567890123456789
    ────────────────────────────────────────
 0 │# Alpha                                 │ ◂ cursor (0,0)
 1 │x = 1                                   │
 2 │~                                       │
 3 │~                                       │
 4 │~                                       │
 5 │~                                       │
 6 │a.py                  1,1            All│
 7 │# Beta                                  │
 8 │y = 2                                   │
 9 │~                                       │
10 │~                                       │
11 │~                                       │
12 │b.py                  1,1            All│
13 │# Gamma                                 │
14 │z = 3                                   │
15 │~                                       │
16 │~                                       │
17 │~                                       │
18 │c.py                  1,1            All│
    ────────────────────────────────────────
[HIGHLIGHT] row 6, cols 0-39: "a.py                  1,1            All"
[HIGHLIGHT] row 12, cols 0-39: "b.py                  1,1            All"

[SAY] All three windows are the same height again. Clean.
[SAY] Mess it up again. Shrink the top.
[KEYS] '5\x17-'
[OVERLAY] 5⌃w-  shrink

              1         2         3         
    0123456789012345678901234567890123456789
    ────────────────────────────────────────
 0 │# Alpha                                 │ ◂ cursor (0,0)
 1 │a.py                  1,1            Top│
 2 │# Beta                                  │
 3 │y = 2                                   │
 4 │~                                       │
 5 │~                                       │
 6 │~                                       │
 7 │~                                       │
 8 │~                                       │
 9 │~                                       │
10 │~                                       │
11 │~                                       │
12 │b.py                  1,1            All│
13 │# Gamma                                 │
14 │z = 3                                   │
15 │~                                       │
16 │~                                       │
17 │~                                       │
18 │c.py                  1,1            All│
    ────────────────────────────────────────
[HIGHLIGHT] row 1, cols 0-39: "a.py                  1,1            Top"
[HIGHLIGHT] row 12, cols 0-39: "b.py                  1,1            All"

[KEYS] '\x17='
[OVERLAY] ⌃w=  equalize

              1         2         3         
    0123456789012345678901234567890123456789
    ────────────────────────────────────────
 0 │# Alpha                                 │ ◂ cursor (0,0)
 1 │x = 1                                   │
 2 │~                                       │
 3 │~                                       │
 4 │~                                       │
 5 │~                                       │
 6 │a.py                  1,1            All│
 7 │# Beta                                  │
 8 │y = 2                                   │
 9 │~                                       │
10 │~                                       │
11 │~                                       │
12 │b.py                  1,1            All│
13 │# Gamma                                 │
14 │z = 3                                   │
15 │~                                       │
16 │~                                       │
17 │~                                       │
18 │c.py                  1,1            All│
    ────────────────────────────────────────
[HIGHLIGHT] row 6, cols 0-39: "a.py                  1,1            All"
[HIGHLIGHT] row 12, cols 0-39: "b.py                  1,1            All"

[SAY] One keystroke and they're equal. No matter how uneven things get.
[SAY] Control W equals. Equalize all windows. The reset button for messy layouts.