[RECORDING_START] Screen state at recording start:

              1         2         3         
    0123456789012345678901234567890123456789
    ────────────────────────────────────────
 0 │ red.py  blue.py  green.py             X│
 1 │# Red Team                              │ ◂ cursor (1,0)
 2 │power = 100                             │
 3 │~                                       │
 4 │~                                       │
 5 │~                                       │
 6 │~                                       │
 7 │~                                       │
 8 │~                                       │
 9 │~                                       │
10 │~                                       │
11 │~                                       │
12 │~                                       │
13 │~                                       │
14 │~                                       │
15 │~                                       │
16 │~                                       │
17 │~                                       │
18 │red.py                1,1            All│
    ────────────────────────────────────────
[HIGHLIGHT] row 0, cols 0-7: " red.py"

[OVERLAY] VimFu — Ctrl-W gt/gT — Tabs
[SAY] Control W G T goes to the next tab. Control W G capital T goes to the previous. Same as G T and G capital T by themselves.
[SAY] Three tabs. Red, blue, green. Cycle forward.
[KEYS] '\x17gt'
[OVERLAY] ⌃wgt  next tab

              1         2         3         
    0123456789012345678901234567890123456789
    ────────────────────────────────────────
 0 │ red.py  blue.py  green.py             X│
 1 │# Blue Team                             │ ◂ cursor (1,0)
 2 │power = 90                              │
 3 │~                                       │
 4 │~                                       │
 5 │~                                       │
 6 │~                                       │
 7 │~                                       │
 8 │~                                       │
 9 │~                                       │
10 │~                                       │
11 │~                                       │
12 │~                                       │
13 │~                                       │
14 │~                                       │
15 │~                                       │
16 │~                                       │
17 │~                                       │
18 │blue.py               1,1            All│
    ────────────────────────────────────────
[HIGHLIGHT] row 0, cols 8-16: " blue.py"

[SAY] Blue team.
[KEYS] '\x17gt'
[OVERLAY] ⌃wgt  next tab

              1         2         3         
    0123456789012345678901234567890123456789
    ────────────────────────────────────────
 0 │ red.py  blue.py  green.py             X│
 1 │# Green Team                            │ ◂ cursor (1,0)
 2 │power = 85                              │
 3 │~                                       │
 4 │~                                       │
 5 │~                                       │
 6 │~                                       │
 7 │~                                       │
 8 │~                                       │
 9 │~                                       │
10 │~                                       │
11 │~                                       │
12 │~                                       │
13 │~                                       │
14 │~                                       │
15 │~                                       │
16 │~                                       │
17 │~                                       │
18 │green.py              1,1            All│
    ────────────────────────────────────────
[HIGHLIGHT] row 0, cols 17-26: " green.py"

[SAY] Green team.
[KEYS] '\x17gt'
[OVERLAY] ⌃wgt  wrap around

              1         2         3         
    0123456789012345678901234567890123456789
    ────────────────────────────────────────
 0 │ red.py  blue.py  green.py             X│
 1 │# Red Team                              │ ◂ cursor (1,0)
 2 │power = 100                             │
 3 │~                                       │
 4 │~                                       │
 5 │~                                       │
 6 │~                                       │
 7 │~                                       │
 8 │~                                       │
 9 │~                                       │
10 │~                                       │
11 │~                                       │
12 │~                                       │
13 │~                                       │
14 │~                                       │
15 │~                                       │
16 │~                                       │
17 │~                                       │
18 │red.py                1,1            All│
    ────────────────────────────────────────
[HIGHLIGHT] row 0, cols 0-7: " red.py"

[SAY] Back to red. It wraps around.
[SAY] Capital T to go backward.
[KEYS] '\x17gT'
[OVERLAY] ⌃wgT  previous tab

              1         2         3         
    0123456789012345678901234567890123456789
    ────────────────────────────────────────
 0 │ red.py  blue.py  green.py             X│
 1 │# Green Team                            │ ◂ cursor (1,0)
 2 │power = 85                              │
 3 │~                                       │
 4 │~                                       │
 5 │~                                       │
 6 │~                                       │
 7 │~                                       │
 8 │~                                       │
 9 │~                                       │
10 │~                                       │
11 │~                                       │
12 │~                                       │
13 │~                                       │
14 │~                                       │
15 │~                                       │
16 │~                                       │
17 │~                                       │
18 │green.py              1,1            All│
    ────────────────────────────────────────
[HIGHLIGHT] row 0, cols 17-26: " green.py"

[KEYS] '\x17gT'
[OVERLAY] ⌃wgT  previous tab

              1         2         3         
    0123456789012345678901234567890123456789
    ────────────────────────────────────────
 0 │ red.py  blue.py  green.py             X│
 1 │# Blue Team                             │ ◂ cursor (1,0)
 2 │power = 90                              │
 3 │~                                       │
 4 │~                                       │
 5 │~                                       │
 6 │~                                       │
 7 │~                                       │
 8 │~                                       │
 9 │~                                       │
10 │~                                       │
11 │~                                       │
12 │~                                       │
13 │~                                       │
14 │~                                       │
15 │~                                       │
16 │~                                       │
17 │~                                       │
18 │blue.py               1,1            All│
    ────────────────────────────────────────
[HIGHLIGHT] row 0, cols 8-16: " blue.py"

[SAY] Backwards through green, blue. Same as plain G T.
[SAY] Control W G T and G capital T. Tab navigation through the window prefix. Same result as plain G T, just a different path to get there.