[RECORDING_START] Screen state at recording start:

              1         2         3         
    0123456789012345678901234567890123456789
    ────────────────────────────────────────
 0 │# Demo                                  │ ◂ cursor (0,0)
 1 │calculate_total = 0                     │
 2 │calculate_average = 0                   │
 3 │result =                                │
 4 │~                                       │
 5 │~                                       │
 6 │~                                       │
 7 │~                                       │
 8 │~                                       │
 9 │~                                       │
10 │~                                       │
11 │~                                       │
12 │~                                       │
13 │~                                       │
14 │~                                       │
15 │~                                       │
16 │~                                       │
17 │~                                       │
18 │demo.py               1,1            All│
    ────────────────────────────────────────

[OVERLAY] VimFu — Ctrl-N — Autocomplete Next
[SAY] Control N in insert mode triggers keyword completion. It finds the next matching word from your file.
[SAY] Go to line four and start typing.
[KEYS] '3j'
[OVERLAY] 3j  to line 4

              1         2         3         
    0123456789012345678901234567890123456789
    ────────────────────────────────────────
 0 │# Demo                                  │
 1 │calculate_total = 0                     │
 2 │calculate_average = 0                   │
 3 │result =                                │ ◂ cursor (3,0)
 4 │~                                       │
 5 │~                                       │
 6 │~                                       │
 7 │~                                       │
 8 │~                                       │
 9 │~                                       │
10 │~                                       │
11 │~                                       │
12 │~                                       │
13 │~                                       │
14 │~                                       │
15 │~                                       │
16 │~                                       │
17 │~                                       │
18 │demo.py               4,1            All│
    ────────────────────────────────────────

[KEYS] 'A'
[OVERLAY] ⇧A  append

              1         2         3         
    0123456789012345678901234567890123456789
    ────────────────────────────────────────
 0 │# Demo                                  │
 1 │calculate_total = 0                     │
 2 │calculate_average = 0                   │
 3 │result =                                │ ◂ cursor (3,8)
 4 │~                                       │
 5 │~                                       │
 6 │~                                       │
 7 │~                                       │
 8 │~                                       │
 9 │~                                       │
10 │~                                       │
11 │~                                       │
12 │~                                       │
13 │~                                       │
14 │~                                       │
15 │~                                       │
16 │~                                       │
17 │~                                       │
18 │demo.py               4,9            All│
19 │-- INSERT --                            │
    ────────────────────────────────────────

[TYPE] 'cal'

              1         2         3         
    0123456789012345678901234567890123456789
    ────────────────────────────────────────
 0 │# Demo                                  │
 1 │calculate_total = 0                     │
 2 │calculate_average = 0                   │
 3 │result =cal                             │ ◂ cursor (3,11)
 4 │~                                       │
 5 │~                                       │
 6 │~                                       │
 7 │~                                       │
 8 │~                                       │
 9 │~                                       │
10 │~                                       │
11 │~                                       │
12 │~                                       │
13 │~                                       │
14 │~                                       │
15 │~                                       │
16 │~                                       │
17 │~                                       │
18 │demo.py [+]           4,12           All│
19 │-- INSERT --                            │
    ────────────────────────────────────────

[SAY] Now Control N to complete.
[KEYS] '\x0e'
[OVERLAY] ⌃n  complete

              1         2         3         
    0123456789012345678901234567890123456789
    ────────────────────────────────────────
 0 │# Demo                                  │
 1 │calculate_total = 0                     │
 2 │calculate_average = 0                   │
 3 │result =calculate_total                 │ ◂ cursor (3,23)
 4 │~       calculate_total                 │
 5 │~       calculate_average               │
 6 │~                                       │
 7 │~                                       │
 8 │~                                       │
 9 │~                                       │
10 │~                                       │
11 │~                                       │
12 │~                                       │
13 │~                                       │
14 │~                                       │
15 │~                                       │
16 │~                                       │
17 │~                                       │
18 │demo.py [+]           4,24           All│
19 │-- match 1 of 2                         │
    ────────────────────────────────────────
[HIGHLIGHT] row 4, cols 7-25: " calculate_total"
[HIGHLIGHT] row 5, cols 7-25: " calculate_average"

[SAY] A completion menu appears. It found calculate total and calculate average. Press Control N again to cycle.
[KEYS] '\x0e'
[OVERLAY] ⌃n  next match

              1         2         3         
    0123456789012345678901234567890123456789
    ────────────────────────────────────────
 0 │# Demo                                  │
 1 │calculate_total = 0                     │
 2 │calculate_average = 0                   │
 3 │result =calculate_average               │ ◂ cursor (3,25)
 4 │~       calculate_total                 │
 5 │~       calculate_average               │
 6 │~                                       │
 7 │~                                       │
 8 │~                                       │
 9 │~                                       │
10 │~                                       │
11 │~                                       │
12 │~                                       │
13 │~                                       │
14 │~                                       │
15 │~                                       │
16 │~                                       │
17 │~                                       │
18 │demo.py [+]           4,26           All│
19 │-- match 2 of 2                         │
    ────────────────────────────────────────
[HIGHLIGHT] row 4, cols 7-25: " calculate_total"
[HIGHLIGHT] row 5, cols 7-25: " calculate_average"

[SAY] Second option. Press Enter or just keep typing to accept.
[ESCAPE]

              1         2         3         
    0123456789012345678901234567890123456789
    ────────────────────────────────────────
 0 │# Demo                                  │
 1 │calculate_total = 0                     │
 2 │calculate_average = 0                   │
 3 │result =calculate_average               │ ◂ cursor (3,24)
 4 │~                                       │
 5 │~                                       │
 6 │~                                       │
 7 │~                                       │
 8 │~                                       │
 9 │~                                       │
10 │~                                       │
11 │~                                       │
12 │~                                       │
13 │~                                       │
14 │~                                       │
15 │~                                       │
16 │~                                       │
17 │~                                       │
18 │demo.py [+]           4,25           All│
    ────────────────────────────────────────

[SAY] Control N. Keyword completion in insert mode. No plugins needed. Vim scans your file and suggests matches.