[RECORDING_START] Screen state at recording start:

              1         2         3         
    0123456789012345678901234567890123456789
    ────────────────────────────────────────
 0 │NAME = "WIZARD"                         │ ◂ cursor (0,0)
 1 │TITLE = "GRAND"                         │
 2 │POWER = 9001                            │
 3 │MOOD = "ANGRY"                          │
 4 │PET = "DRAGON"                          │
 5 │~                                       │
 6 │~                                       │
 7 │~                                       │
 8 │~                                       │
 9 │~                                       │
10 │~                                       │
11 │~                                       │
12 │~                                       │
13 │~                                       │
14 │~                                       │
15 │~                                       │
16 │~                                       │
17 │~                                       │
18 │shout.py              1,1            All│
    ────────────────────────────────────────

[OVERLAY] VimFu — Lowercase Motion
[SAY] G U, lowercase U, plus a motion converts text to lowercase.
[SAY] Everything in this file is shouting. Let's quiet it down. G U I W on the first word.
[KEYS] 'guiw'
[OVERLAY] guiw  lowercase word

              1         2         3         
    0123456789012345678901234567890123456789
    ────────────────────────────────────────
 0 │name = "WIZARD"                         │ ◂ cursor (0,0)
 1 │TITLE = "GRAND"                         │
 2 │POWER = 9001                            │
 3 │MOOD = "ANGRY"                          │
 4 │PET = "DRAGON"                          │
 5 │~                                       │
 6 │~                                       │
 7 │~                                       │
 8 │~                                       │
 9 │~                                       │
10 │~                                       │
11 │~                                       │
12 │~                                       │
13 │~                                       │
14 │~                                       │
15 │~                                       │
16 │~                                       │
17 │~                                       │
18 │shout.py [+]          1,1            All│
    ────────────────────────────────────────

[SAY] Name is now lowercase.
[SAY] Next line. G U dollar sign. Lowercase the whole line.
[KEYS] 'j'
[OVERLAY] j

              1         2         3         
    0123456789012345678901234567890123456789
    ────────────────────────────────────────
 0 │name = "WIZARD"                         │
 1 │TITLE = "GRAND"                         │ ◂ cursor (1,0)
 2 │POWER = 9001                            │
 3 │MOOD = "ANGRY"                          │
 4 │PET = "DRAGON"                          │
 5 │~                                       │
 6 │~                                       │
 7 │~                                       │
 8 │~                                       │
 9 │~                                       │
10 │~                                       │
11 │~                                       │
12 │~                                       │
13 │~                                       │
14 │~                                       │
15 │~                                       │
16 │~                                       │
17 │~                                       │
18 │shout.py [+]          2,1            All│
    ────────────────────────────────────────

[KEYS] 'gu$'
[OVERLAY] gu$  lowercase to end

              1         2         3         
    0123456789012345678901234567890123456789
    ────────────────────────────────────────
 0 │name = "WIZARD"                         │
 1 │title = "grand"                         │ ◂ cursor (1,0)
 2 │POWER = 9001                            │
 3 │MOOD = "ANGRY"                          │
 4 │PET = "DRAGON"                          │
 5 │~                                       │
 6 │~                                       │
 7 │~                                       │
 8 │~                                       │
 9 │~                                       │
10 │~                                       │
11 │~                                       │
12 │~                                       │
13 │~                                       │
14 │~                                       │
15 │~                                       │
16 │~                                       │
17 │~                                       │
18 │shout.py [+]          2,1            All│
    ────────────────────────────────────────

[SAY] Title line is all lowercase now.
[SAY] Why not finish them all? G U, capital G. Lowercase from here to the bottom.
[KEYS] 'j'
[OVERLAY] j

              1         2         3         
    0123456789012345678901234567890123456789
    ────────────────────────────────────────
 0 │name = "WIZARD"                         │
 1 │title = "grand"                         │
 2 │POWER = 9001                            │ ◂ cursor (2,0)
 3 │MOOD = "ANGRY"                          │
 4 │PET = "DRAGON"                          │
 5 │~                                       │
 6 │~                                       │
 7 │~                                       │
 8 │~                                       │
 9 │~                                       │
10 │~                                       │
11 │~                                       │
12 │~                                       │
13 │~                                       │
14 │~                                       │
15 │~                                       │
16 │~                                       │
17 │~                                       │
18 │shout.py [+]          3,1            All│
    ────────────────────────────────────────

[KEYS] 'gu'
[OVERLAY] gu  lowercase

              1         2         3         
    0123456789012345678901234567890123456789
    ────────────────────────────────────────
 0 │name = "WIZARD"                         │
 1 │title = "grand"                         │
 2 │POWER = 9001                            │ ◂ cursor (2,0)
 3 │MOOD = "ANGRY"                          │
 4 │PET = "DRAGON"                          │
 5 │~                                       │
 6 │~                                       │
 7 │~                                       │
 8 │~                                       │
 9 │~                                       │
10 │~                                       │
11 │~                                       │
12 │~                                       │
13 │~                                       │
14 │~                                       │
15 │~                                       │
16 │~                                       │
17 │~                                       │
18 │shout.py [+]          3,1            All│
19 │                             gu         │
    ────────────────────────────────────────

[KEYS] 'G'
[OVERLAY] ⇧G  to end of file

              1         2         3         
    0123456789012345678901234567890123456789
    ────────────────────────────────────────
 0 │name = "WIZARD"                         │
 1 │title = "grand"                         │
 2 │power = 9001                            │ ◂ cursor (2,0)
 3 │mood = "angry"                          │
 4 │pet = "dragon"                          │
 5 │~                                       │
 6 │~                                       │
 7 │~                                       │
 8 │~                                       │
 9 │~                                       │
10 │~                                       │
11 │~                                       │
12 │~                                       │
13 │~                                       │
14 │~                                       │
15 │~                                       │
16 │~                                       │
17 │~                                       │
18 │shout.py [+]          3,1            All│
19 │3 lines changed                         │
    ────────────────────────────────────────

[SAY] Done. Three lines in one shot.
[KEYS] 'u'
[OVERLAY] u  undo

              1         2         3         
    0123456789012345678901234567890123456789
    ────────────────────────────────────────
 0 │name = "WIZARD"                         │
 1 │title = "grand"                         │
 2 │POWER = 9001                            │ ◂ cursor (2,0)
 3 │MOOD = "ANGRY"                          │
 4 │PET = "DRAGON"                          │
 5 │~                                       │
 6 │~                                       │
 7 │~                                       │
 8 │~                                       │
 9 │~                                       │
10 │~                                       │
11 │~                                       │
12 │~                                       │
13 │~                                       │
14 │~                                       │
15 │~                                       │
16 │~                                       │
17 │~                                       │
18 │shout.py [+]          3,1            All│
19 │3 changes; b...6 seconds ago            │
    ────────────────────────────────────────

[SAY] G U is uppercase, G U lowercase U is lowercase. Same grammar, opposite effect.