[RECORDING_START] Screen state at recording start:

              1         2         3         
    0123456789012345678901234567890123456789
    ────────────────────────────────────────
 0 │name = "Kira"                           │ ◂ cursor (0,0)
 1 │hp = 100                                │
 2 │mp = 40                                 │
 3 │                                        │
 4 │def attack(target):                     │
 5 │    dmg = roll(1, 8) + 3                │
 6 │    target.hp -= dmg                    │
 7 │    return dmg                          │
 8 │                                        │
 9 │def heal(target):                       │
10 │    amt = roll(1, 6) + 2                │
11 │    target.hp += amt                    │
12 │    return amt                          │
13 │                                        │
14 │def level_up(hero):                     │
15 │    hero.hp += 10                       │
16 │    hero.mp += 5                        │
17 │    hero.atk += 2                       │
18 │rpg.py                1,1            All│
    ────────────────────────────────────────

[OVERLAY] VimFu — Paragraph Forward/Backward
[SAY] Close brace jumps to the next blank line. In code, that means the next function.
[SAY] Close brace.
[KEYS] '}'
[OVERLAY] ⇧}  }  next paragraph

              1         2         3         
    0123456789012345678901234567890123456789
    ────────────────────────────────────────
 0 │name = "Kira"                           │
 1 │hp = 100                                │
 2 │mp = 40                                 │
 3 │                                        │ ◂ cursor (3,0)
 4 │def attack(target):                     │
 5 │    dmg = roll(1, 8) + 3                │
 6 │    target.hp -= dmg                    │
 7 │    return dmg                          │
 8 │                                        │
 9 │def heal(target):                       │
10 │    amt = roll(1, 6) + 2                │
11 │    target.hp += amt                    │
12 │    return amt                          │
13 │                                        │
14 │def level_up(hero):                     │
15 │    hero.hp += 10                       │
16 │    hero.mp += 5                        │
17 │    hero.atk += 2                       │
18 │rpg.py                4,0-1          All│
    ────────────────────────────────────────

[SAY] Jumped past the variables to the blank line before attack.
[KEYS] '}'
[OVERLAY] ⇧}  }  next paragraph

              1         2         3         
    0123456789012345678901234567890123456789
    ────────────────────────────────────────
 0 │name = "Kira"                           │
 1 │hp = 100                                │
 2 │mp = 40                                 │
 3 │                                        │
 4 │def attack(target):                     │
 5 │    dmg = roll(1, 8) + 3                │
 6 │    target.hp -= dmg                    │
 7 │    return dmg                          │
 8 │                                        │ ◂ cursor (8,0)
 9 │def heal(target):                       │
10 │    amt = roll(1, 6) + 2                │
11 │    target.hp += amt                    │
12 │    return amt                          │
13 │                                        │
14 │def level_up(hero):                     │
15 │    hero.hp += 10                       │
16 │    hero.mp += 5                        │
17 │    hero.atk += 2                       │
18 │rpg.py                9,0-1          All│
    ────────────────────────────────────────

[KEYS] '}'
[OVERLAY] ⇧}  }  next paragraph

              1         2         3         
    0123456789012345678901234567890123456789
    ────────────────────────────────────────
 0 │name = "Kira"                           │
 1 │hp = 100                                │
 2 │mp = 40                                 │
 3 │                                        │
 4 │def attack(target):                     │
 5 │    dmg = roll(1, 8) + 3                │
 6 │    target.hp -= dmg                    │
 7 │    return dmg                          │
 8 │                                        │
 9 │def heal(target):                       │
10 │    amt = roll(1, 6) + 2                │
11 │    target.hp += amt                    │
12 │    return amt                          │
13 │                                        │ ◂ cursor (13,0)
14 │def level_up(hero):                     │
15 │    hero.hp += 10                       │
16 │    hero.mp += 5                        │
17 │    hero.atk += 2                       │
18 │rpg.py                14,0-1         All│
    ────────────────────────────────────────

[SAY] Three presses, three functions. This is the fastest way to hop between blocks.
[SAY] Open brace goes back.
[KEYS] '{'
[OVERLAY] ⇧{  {  previous paragraph

              1         2         3         
    0123456789012345678901234567890123456789
    ────────────────────────────────────────
 0 │name = "Kira"                           │
 1 │hp = 100                                │
 2 │mp = 40                                 │
 3 │                                        │
 4 │def attack(target):                     │
 5 │    dmg = roll(1, 8) + 3                │
 6 │    target.hp -= dmg                    │
 7 │    return dmg                          │
 8 │                                        │ ◂ cursor (8,0)
 9 │def heal(target):                       │
10 │    amt = roll(1, 6) + 2                │
11 │    target.hp += amt                    │
12 │    return amt                          │
13 │                                        │
14 │def level_up(hero):                     │
15 │    hero.hp += 10                       │
16 │    hero.mp += 5                        │
17 │    hero.atk += 2                       │
18 │rpg.py                9,0-1          All│
    ────────────────────────────────────────

[KEYS] '{'
[OVERLAY] ⇧{  {  previous paragraph

              1         2         3         
    0123456789012345678901234567890123456789
    ────────────────────────────────────────
 0 │name = "Kira"                           │
 1 │hp = 100                                │
 2 │mp = 40                                 │
 3 │                                        │ ◂ cursor (3,0)
 4 │def attack(target):                     │
 5 │    dmg = roll(1, 8) + 3                │
 6 │    target.hp -= dmg                    │
 7 │    return dmg                          │
 8 │                                        │
 9 │def heal(target):                       │
10 │    amt = roll(1, 6) + 2                │
11 │    target.hp += amt                    │
12 │    return amt                          │
13 │                                        │
14 │def level_up(hero):                     │
15 │    hero.hp += 10                       │
16 │    hero.mp += 5                        │
17 │    hero.atk += 2                       │
18 │rpg.py                4,0-1          All│
    ────────────────────────────────────────

[KEYS] '{'
[OVERLAY] ⇧{  {  previous paragraph

              1         2         3         
    0123456789012345678901234567890123456789
    ────────────────────────────────────────
 0 │name = "Kira"                           │ ◂ cursor (0,0)
 1 │hp = 100                                │
 2 │mp = 40                                 │
 3 │                                        │
 4 │def attack(target):                     │
 5 │    dmg = roll(1, 8) + 3                │
 6 │    target.hp -= dmg                    │
 7 │    return dmg                          │
 8 │                                        │
 9 │def heal(target):                       │
10 │    amt = roll(1, 6) + 2                │
11 │    target.hp += amt                    │
12 │    return amt                          │
13 │                                        │
14 │def level_up(hero):                     │
15 │    hero.hp += 10                       │
16 │    hero.mp += 5                        │
17 │    hero.atk += 2                       │
18 │rpg.py                1,1            All│
    ────────────────────────────────────────

[SAY] Back at the top.
[SAY] D close brace deletes the whole paragraph.
[KEYS] 'd}'
[OVERLAY] d}  delete paragraph

              1         2         3         
    0123456789012345678901234567890123456789
    ────────────────────────────────────────
 0 │                                        │ ◂ cursor (0,0)
 1 │def attack(target):                     │
 2 │    dmg = roll(1, 8) + 3                │
 3 │    target.hp -= dmg                    │
 4 │    return dmg                          │
 5 │                                        │
 6 │def heal(target):                       │
 7 │    amt = roll(1, 6) + 2                │
 8 │    target.hp += amt                    │
 9 │    return amt                          │
10 │                                        │
11 │def level_up(hero):                     │
12 │    hero.hp += 10                       │
13 │    hero.mp += 5                        │
14 │    hero.atk += 2                       │
15 │~                                       │
16 │~                                       │
17 │~                                       │
18 │rpg.py [+]            1,0-1          All│
19 │3 fewer lines                           │
    ────────────────────────────────────────

[SAY] All three variables gone. Undo.
[KEYS] 'u'
[OVERLAY] u  undo

              1         2         3         
    0123456789012345678901234567890123456789
    ────────────────────────────────────────
 0 │name = "Kira"                           │ ◂ cursor (0,0)
 1 │hp = 100                                │
 2 │mp = 40                                 │
 3 │                                        │
 4 │def attack(target):                     │
 5 │    dmg = roll(1, 8) + 3                │
 6 │    target.hp -= dmg                    │
 7 │    return dmg                          │
 8 │                                        │
 9 │def heal(target):                       │
10 │    amt = roll(1, 6) + 2                │
11 │    target.hp += amt                    │
12 │    return amt                          │
13 │                                        │
14 │def level_up(hero):                     │
15 │    hero.hp += 10                       │
16 │    hero.mp += 5                        │
17 │    hero.atk += 2                       │
18 │rpg.py                1,1            All│
19 │3 more lines...2 seconds ago            │
    ────────────────────────────────────────

[SAY] Close brace forward. Open brace back. Jump between code blocks instantly.