[RECORDING_START] Screen state at recording start:

              1         2         3         
    0123456789012345678901234567890123456789
    ────────────────────────────────────────
 0 │pilot = "Zara"                          │ ◂ cursor (0,0)
 1 │nav = "Rex"                             │
 2 │gunner = "Koda"                         │
 3 │cook = "Pip"                            │
 4 │~                                       │
 5 │~                                       │
 6 │~                                       │
 7 │~                                       │
 8 │~                                       │
 9 │~                                       │
10 │~                                       │
11 │~                                       │
12 │~                                       │
13 │~                                       │
14 │~                                       │
15 │~                                       │
16 │~                                       │
17 │~                                       │
18 │crew.py               1,1            All│
    ────────────────────────────────────────

[OVERLAY] VimFu — The y Key
[SAY] Y yanks. That's Vim for copy. Y plus a motion copies text into a register.
[SAY] Y Y yanks the whole line.
[KEYS] 'yy'
[OVERLAY] yy  yank line

              1         2         3         
    0123456789012345678901234567890123456789
    ────────────────────────────────────────
 0 │pilot = "Zara"                          │ ◂ cursor (0,0)
 1 │nav = "Rex"                             │
 2 │gunner = "Koda"                         │
 3 │cook = "Pip"                            │
 4 │~                                       │
 5 │~                                       │
 6 │~                                       │
 7 │~                                       │
 8 │~                                       │
 9 │~                                       │
10 │~                                       │
11 │~                                       │
12 │~                                       │
13 │~                                       │
14 │~                                       │
15 │~                                       │
16 │~                                       │
17 │~                                       │
18 │crew.py               1,1            All│
    ────────────────────────────────────────

[SAY] Copied. Now P to paste it below.
[KEYS] 'p'
[OVERLAY] p  put

              1         2         3         
    0123456789012345678901234567890123456789
    ────────────────────────────────────────
 0 │pilot = "Zara"                          │
 1 │pilot = "Zara"                          │ ◂ cursor (1,0)
 2 │nav = "Rex"                             │
 3 │gunner = "Koda"                         │
 4 │cook = "Pip"                            │
 5 │~                                       │
 6 │~                                       │
 7 │~                                       │
 8 │~                                       │
 9 │~                                       │
10 │~                                       │
11 │~                                       │
12 │~                                       │
13 │~                                       │
14 │~                                       │
15 │~                                       │
16 │~                                       │
17 │~                                       │
18 │crew.py [+]           2,1            All│
    ────────────────────────────────────────

[SAY] Duplicate line. Y Y P is the line duplicator.
[KEYS] 'u'
[OVERLAY] u  undo

              1         2         3         
    0123456789012345678901234567890123456789
    ────────────────────────────────────────
 0 │pilot = "Zara"                          │ ◂ cursor (0,0)
 1 │nav = "Rex"                             │
 2 │gunner = "Koda"                         │
 3 │cook = "Pip"                            │
 4 │~                                       │
 5 │~                                       │
 6 │~                                       │
 7 │~                                       │
 8 │~                                       │
 9 │~                                       │
10 │~                                       │
11 │~                                       │
12 │~                                       │
13 │~                                       │
14 │~                                       │
15 │~                                       │
16 │~                                       │
17 │~                                       │
18 │crew.py               1,1            All│
19 │1 line less;...5 seconds ago            │
    ────────────────────────────────────────

[SAY] Y W yanks one word. Jump to Rex.
[KEYS] 'j'
[OVERLAY] j

              1         2         3         
    0123456789012345678901234567890123456789
    ────────────────────────────────────────
 0 │pilot = "Zara"                          │
 1 │nav = "Rex"                             │ ◂ cursor (1,0)
 2 │gunner = "Koda"                         │
 3 │cook = "Pip"                            │
 4 │~                                       │
 5 │~                                       │
 6 │~                                       │
 7 │~                                       │
 8 │~                                       │
 9 │~                                       │
10 │~                                       │
11 │~                                       │
12 │~                                       │
13 │~                                       │
14 │~                                       │
15 │~                                       │
16 │~                                       │
17 │~                                       │
18 │crew.py               2,1            All│
19 │1 line less;...5 seconds ago            │
    ────────────────────────────────────────

[KEYS] 'f"'
[OVERLAY] f"  find "

              1         2         3         
    0123456789012345678901234567890123456789
    ────────────────────────────────────────
 0 │pilot = "Zara"                          │
 1 │nav = "Rex"                             │ ◂ cursor (1,6)
 2 │gunner = "Koda"                         │
 3 │cook = "Pip"                            │
 4 │~                                       │
 5 │~                                       │
 6 │~                                       │
 7 │~                                       │
 8 │~                                       │
 9 │~                                       │
10 │~                                       │
11 │~                                       │
12 │~                                       │
13 │~                                       │
14 │~                                       │
15 │~                                       │
16 │~                                       │
17 │~                                       │
18 │crew.py               2,7            All│
19 │1 line less;...5 seconds ago            │
    ────────────────────────────────────────

[KEYS] 'l'
[OVERLAY] l

              1         2         3         
    0123456789012345678901234567890123456789
    ────────────────────────────────────────
 0 │pilot = "Zara"                          │
 1 │nav = "Rex"                             │ ◂ cursor (1,7)
 2 │gunner = "Koda"                         │
 3 │cook = "Pip"                            │
 4 │~                                       │
 5 │~                                       │
 6 │~                                       │
 7 │~                                       │
 8 │~                                       │
 9 │~                                       │
10 │~                                       │
11 │~                                       │
12 │~                                       │
13 │~                                       │
14 │~                                       │
15 │~                                       │
16 │~                                       │
17 │~                                       │
18 │crew.py               2,8            All│
19 │1 line less;...5 seconds ago            │
    ────────────────────────────────────────

[KEYS] 'yw'
[OVERLAY] yw  yank word

              1         2         3         
    0123456789012345678901234567890123456789
    ────────────────────────────────────────
 0 │pilot = "Zara"                          │
 1 │nav = "Rex"                             │ ◂ cursor (1,7)
 2 │gunner = "Koda"                         │
 3 │cook = "Pip"                            │
 4 │~                                       │
 5 │~                                       │
 6 │~                                       │
 7 │~                                       │
 8 │~                                       │
 9 │~                                       │
10 │~                                       │
11 │~                                       │
12 │~                                       │
13 │~                                       │
14 │~                                       │
15 │~                                       │
16 │~                                       │
17 │~                                       │
18 │crew.py               2,8            All│
19 │1 line less;...5 seconds ago            │
    ────────────────────────────────────────

[SAY] Rex copied. Just the word.
[SAY] Y dollar yanks to the end of the line. Jump to the cook line.
[KEYS] '2j'
[OVERLAY] 2j

              1         2         3         
    0123456789012345678901234567890123456789
    ────────────────────────────────────────
 0 │pilot = "Zara"                          │
 1 │nav = "Rex"                             │
 2 │gunner = "Koda"                         │
 3 │cook = "Pip"                            │ ◂ cursor (3,7)
 4 │~                                       │
 5 │~                                       │
 6 │~                                       │
 7 │~                                       │
 8 │~                                       │
 9 │~                                       │
10 │~                                       │
11 │~                                       │
12 │~                                       │
13 │~                                       │
14 │~                                       │
15 │~                                       │
16 │~                                       │
17 │~                                       │
18 │crew.py               4,8            All│
19 │1 line less;...5 seconds ago            │
    ────────────────────────────────────────

[KEYS] '0'
[OVERLAY] 0

              1         2         3         
    0123456789012345678901234567890123456789
    ────────────────────────────────────────
 0 │pilot = "Zara"                          │
 1 │nav = "Rex"                             │
 2 │gunner = "Koda"                         │
 3 │cook = "Pip"                            │ ◂ cursor (3,0)
 4 │~                                       │
 5 │~                                       │
 6 │~                                       │
 7 │~                                       │
 8 │~                                       │
 9 │~                                       │
10 │~                                       │
11 │~                                       │
12 │~                                       │
13 │~                                       │
14 │~                                       │
15 │~                                       │
16 │~                                       │
17 │~                                       │
18 │crew.py               4,1            All│
19 │1 line less;...5 seconds ago            │
    ────────────────────────────────────────

[KEYS] 'y$'
[OVERLAY] y$  yank to end

              1         2         3         
    0123456789012345678901234567890123456789
    ────────────────────────────────────────
 0 │pilot = "Zara"                          │
 1 │nav = "Rex"                             │
 2 │gunner = "Koda"                         │
 3 │cook = "Pip"                            │ ◂ cursor (3,0)
 4 │~                                       │
 5 │~                                       │
 6 │~                                       │
 7 │~                                       │
 8 │~                                       │
 9 │~                                       │
10 │~                                       │
11 │~                                       │
12 │~                                       │
13 │~                                       │
14 │~                                       │
15 │~                                       │
16 │~                                       │
17 │~                                       │
18 │crew.py               4,1            All│
19 │1 line less;...5 seconds ago            │
    ────────────────────────────────────────

[SAY] Everything from the cursor to the end of the line, yanked.
[SAY] Y for yank. Y Y for a line. Y W for a word. Y dollar for the rest of the line. Copy anything.