[RECORDING_START] Screen state at recording start:

              1         2         3         
    0123456789012345678901234567890123456789
    ────────────────────────────────────────
 0 │# animals                               │ ◂ cursor (0,0)
 1 │cat = "meow"                            │
 2 │dog = "woof"                            │
 3 │bird = "chirp"                          │
 4 │fish = "blub"                           │
 5 │cow = "moo"                             │
 6 │frog = "ribbit"                         │
 7 │~                                       │
 8 │~                                       │
 9 │~                                       │
10 │~                                       │
11 │~                                       │
12 │~                                       │
13 │~                                       │
14 │~                                       │
15 │~                                       │
16 │~                                       │
17 │~                                       │
18 │animals.py            1,1            All│
    ────────────────────────────────────────

[OVERLAY] VimFu — q/ q? — Search History
[SAY] Q slash opens your forward search history in an editable window. Q question mark opens the backward search history.
[SAY] First, do a few searches to build history.
[TYPE] '/cat'

              1         2         3         
    0123456789012345678901234567890123456789
    ────────────────────────────────────────
 0 │# animals                               │
 1 │cat = "meow"                            │
 2 │dog = "woof"                            │
 3 │bird = "chirp"                          │
 4 │fish = "blub"                           │
 5 │cow = "moo"                             │
 6 │frog = "ribbit"                         │
 7 │~                                       │
 8 │~                                       │
 9 │~                                       │
10 │~                                       │
11 │~                                       │
12 │~                                       │
13 │~                                       │
14 │~                                       │
15 │~                                       │
16 │~                                       │
17 │~                                       │
18 │animals.py            2,1            All│
19 │/cat                                    │ ◂ cursor (19,4)
    ────────────────────────────────────────
[HIGHLIGHT] row 1, cols 0-2: "cat"

[ENTER]

              1         2         3         
    0123456789012345678901234567890123456789
    ────────────────────────────────────────
 0 │# animals                               │
 1 │cat = "meow"                            │ ◂ cursor (1,0)
 2 │dog = "woof"                            │
 3 │bird = "chirp"                          │
 4 │fish = "blub"                           │
 5 │cow = "moo"                             │
 6 │frog = "ribbit"                         │
 7 │~                                       │
 8 │~                                       │
 9 │~                                       │
10 │~                                       │
11 │~                                       │
12 │~                                       │
13 │~                                       │
14 │~                                       │
15 │~                                       │
16 │~                                       │
17 │~                                       │
18 │animals.py            2,1            All│
19 │/cat                  [1/1]             │
    ────────────────────────────────────────
[HIGHLIGHT] row 1, cols 1-2: "at"

[TYPE] '/bird'

              1         2         3         
    0123456789012345678901234567890123456789
    ────────────────────────────────────────
 0 │# animals                               │
 1 │cat = "meow"                            │
 2 │dog = "woof"                            │
 3 │bird = "chirp"                          │
 4 │fish = "blub"                           │
 5 │cow = "moo"                             │
 6 │frog = "ribbit"                         │
 7 │~                                       │
 8 │~                                       │
 9 │~                                       │
10 │~                                       │
11 │~                                       │
12 │~                                       │
13 │~                                       │
14 │~                                       │
15 │~                                       │
16 │~                                       │
17 │~                                       │
18 │animals.py            4,1            All│
19 │/bird                                   │ ◂ cursor (19,5)
    ────────────────────────────────────────
[HIGHLIGHT] row 3, cols 0-3: "bird"

[ENTER]

              1         2         3         
    0123456789012345678901234567890123456789
    ────────────────────────────────────────
 0 │# animals                               │
 1 │cat = "meow"                            │
 2 │dog = "woof"                            │
 3 │bird = "chirp"                          │ ◂ cursor (3,0)
 4 │fish = "blub"                           │
 5 │cow = "moo"                             │
 6 │frog = "ribbit"                         │
 7 │~                                       │
 8 │~                                       │
 9 │~                                       │
10 │~                                       │
11 │~                                       │
12 │~                                       │
13 │~                                       │
14 │~                                       │
15 │~                                       │
16 │~                                       │
17 │~                                       │
18 │animals.py            4,1            All│
19 │/bird                 [1/1]             │
    ────────────────────────────────────────
[HIGHLIGHT] row 3, cols 1-3: "ird"

[TYPE] '/frog'

              1         2         3         
    0123456789012345678901234567890123456789
    ────────────────────────────────────────
 0 │# animals                               │
 1 │cat = "meow"                            │
 2 │dog = "woof"                            │
 3 │bird = "chirp"                          │
 4 │fish = "blub"                           │
 5 │cow = "moo"                             │
 6 │frog = "ribbit"                         │
 7 │~                                       │
 8 │~                                       │
 9 │~                                       │
10 │~                                       │
11 │~                                       │
12 │~                                       │
13 │~                                       │
14 │~                                       │
15 │~                                       │
16 │~                                       │
17 │~                                       │
18 │animals.py            7,1            All│
19 │/frog                                   │ ◂ cursor (19,5)
    ────────────────────────────────────────
[HIGHLIGHT] row 6, cols 0-3: "frog"

[ENTER]

              1         2         3         
    0123456789012345678901234567890123456789
    ────────────────────────────────────────
 0 │# animals                               │
 1 │cat = "meow"                            │
 2 │dog = "woof"                            │
 3 │bird = "chirp"                          │
 4 │fish = "blub"                           │
 5 │cow = "moo"                             │
 6 │frog = "ribbit"                         │ ◂ cursor (6,0)
 7 │~                                       │
 8 │~                                       │
 9 │~                                       │
10 │~                                       │
11 │~                                       │
12 │~                                       │
13 │~                                       │
14 │~                                       │
15 │~                                       │
16 │~                                       │
17 │~                                       │
18 │animals.py            7,1            All│
19 │/frog                 [1/1]             │
    ────────────────────────────────────────
[HIGHLIGHT] row 6, cols 1-3: "rog"

[SAY] Now press Q slash in normal mode.
[KEYS] 'q/'
[OVERLAY] q/  q/ — search history

              1         2         3         
    0123456789012345678901234567890123456789
    ────────────────────────────────────────
 0 │# animals                               │
 1 │cat = "meow"                            │
 2 │dog = "woof"                            │
 3 │bird = "chirp"                          │
 4 │fish = "blub"                           │
 5 │cow = "moo"                             │
 6 │frog = "ribbit"                         │
 7 │~                                       │
 8 │~                                       │
 9 │~                                       │
10 │animals.py            7,1            All│
11 │/ff                                     │
12 │/=                                      │
13 │/1                                      │
14 │/cat                                    │
15 │/bird                                   │
16 │/frog                                   │
17 │/                                       │ ◂ cursor (17,1)
18 │[Command Line]        59,0-1         Bot│
19 │/                                       │
    ────────────────────────────────────────
[HIGHLIGHT] row 6, cols 0-3: "frog"
[HIGHLIGHT] row 10, cols 0-39: "animals.py            7,1            All"
[HIGHLIGHT] row 16, cols 1-4: "frog"

[SAY] There's our search history. Each line is a past search pattern. You can edit any line and press Enter to search for it.
[KEYS] 'k'
[OVERLAY] k  up

              1         2         3         
    0123456789012345678901234567890123456789
    ────────────────────────────────────────
 0 │# animals                               │
 1 │cat = "meow"                            │
 2 │dog = "woof"                            │
 3 │bird = "chirp"                          │
 4 │fish = "blub"                           │
 5 │cow = "moo"                             │
 6 │frog = "ribbit"                         │
 7 │~                                       │
 8 │~                                       │
 9 │~                                       │
10 │animals.py            7,1            All│
11 │/ff                                     │
12 │/=                                      │
13 │/1                                      │
14 │/cat                                    │
15 │/bird                                   │
16 │/frog                                   │ ◂ cursor (16,1)
17 │/                                       │
18 │[Command Line]        58,1           Bot│
19 │/                                       │
    ────────────────────────────────────────
[HIGHLIGHT] row 6, cols 0-3: "frog"
[HIGHLIGHT] row 10, cols 0-39: "animals.py            7,1            All"
[HIGHLIGHT] row 16, cols 2-4: "rog"

[KEYS] 'k'
[OVERLAY] k  up

              1         2         3         
    0123456789012345678901234567890123456789
    ────────────────────────────────────────
 0 │# animals                               │
 1 │cat = "meow"                            │
 2 │dog = "woof"                            │
 3 │bird = "chirp"                          │
 4 │fish = "blub"                           │
 5 │cow = "moo"                             │
 6 │frog = "ribbit"                         │
 7 │~                                       │
 8 │~                                       │
 9 │~                                       │
10 │animals.py            7,1            All│
11 │/ff                                     │
12 │/=                                      │
13 │/1                                      │
14 │/cat                                    │
15 │/bird                                   │ ◂ cursor (15,1)
16 │/frog                                   │
17 │/                                       │
18 │[Command Line]        57,1           Bot│
19 │/                                       │
    ────────────────────────────────────────
[HIGHLIGHT] row 6, cols 0-3: "frog"
[HIGHLIGHT] row 10, cols 0-39: "animals.py            7,1            All"
[HIGHLIGHT] row 16, cols 1-4: "frog"

[ENTER]

              1         2         3         
    0123456789012345678901234567890123456789
    ────────────────────────────────────────
 0 │# animals                               │
 1 │cat = "meow"                            │
 2 │dog = "woof"                            │
 3 │bird = "chirp"                          │ ◂ cursor (3,0)
 4 │fish = "blub"                           │
 5 │cow = "moo"                             │
 6 │frog = "ribbit"                         │
 7 │~                                       │
 8 │~                                       │
 9 │~                                       │
10 │~                                       │
11 │~                                       │
12 │~                                       │
13 │~                                       │
14 │~                                       │
15 │~                                       │
16 │~                                       │
17 │~                                       │
18 │animals.py            4,1            All│
19 │/bird               W [1/1]             │
    ────────────────────────────────────────
[HIGHLIGHT] row 3, cols 1-3: "ird"

[SAY] It jumped to the match. Q question mark does the same for backward searches.
[SAY] Q slash for forward history, Q question for backward. Browse and rerun searches.