[RECORDING_START] Screen state at recording start:

              1         2         3         
    0123456789012345678901234567890123456789
    ────────────────────────────────────────
 0 │# Robot Controller                      │ ◂ cursor (0,0)
 1 │                                        │
 2 │name = "T-800"                          │
 3 │model = "Series 800"                    │
 4 │cpu = "Neural Net"                      │
 5 │                                        │
 6 │def boot():                             │
 7 │    print("Systems online")             │
 8 │    calibrate_sensors()                 │
 9 │    load_mission()                      │
10 │                                        │
11 │def calibrate_sensors():                │
12 │    sensors = ["lidar", "camera"]       │
13 │    for s in sensors:                   │
14 │        print(f"{s}: OK")               │
15 │                                        │
16 │def load_mission():                     │
17 │    target = "protect"                  │
18 │robot.py              1,1            Top│
    ────────────────────────────────────────

[OVERLAY] VimFu — Ctrl-E
[SAY] Control E scrolls the window one line down. The file moves up, but your cursor stays put.
[KEYS] '9j'
[OVERLAY] 9j

              1         2         3         
    0123456789012345678901234567890123456789
    ────────────────────────────────────────
 0 │# Robot Controller                      │
 1 │                                        │
 2 │name = "T-800"                          │
 3 │model = "Series 800"                    │
 4 │cpu = "Neural Net"                      │
 5 │                                        │
 6 │def boot():                             │
 7 │    print("Systems online")             │
 8 │    calibrate_sensors()                 │
 9 │    load_mission()                      │ ◂ cursor (9,0)
10 │                                        │
11 │def calibrate_sensors():                │
12 │    sensors = ["lidar", "camera"]       │
13 │    for s in sensors:                   │
14 │        print(f"{s}: OK")               │
15 │                                        │
16 │def load_mission():                     │
17 │    target = "protect"                  │
18 │robot.py              10,1           Top│
    ────────────────────────────────────────

[SAY] Watch. The cursor is in the middle. Press control E three times.
[CTRL] e
[OVERLAY] ⌃e  scroll down

              1         2         3         
    0123456789012345678901234567890123456789
    ────────────────────────────────────────
 0 │                                        │
 1 │name = "T-800"                          │
 2 │model = "Series 800"                    │
 3 │cpu = "Neural Net"                      │
 4 │                                        │
 5 │def boot():                             │
 6 │    print("Systems online")             │
 7 │    calibrate_sensors()                 │
 8 │    load_mission()                      │ ◂ cursor (8,0)
 9 │                                        │
10 │def calibrate_sensors():                │
11 │    sensors = ["lidar", "camera"]       │
12 │    for s in sensors:                   │
13 │        print(f"{s}: OK")               │
14 │                                        │
15 │def load_mission():                     │
16 │    target = "protect"                  │
17 │    priority = "high"                   │
18 │robot.py              10,1            5%│
    ────────────────────────────────────────

[CTRL] e
[OVERLAY] ⌃e  scroll down

              1         2         3         
    0123456789012345678901234567890123456789
    ────────────────────────────────────────
 0 │name = "T-800"                          │
 1 │model = "Series 800"                    │
 2 │cpu = "Neural Net"                      │
 3 │                                        │
 4 │def boot():                             │
 5 │    print("Systems online")             │
 6 │    calibrate_sensors()                 │
 7 │    load_mission()                      │ ◂ cursor (7,0)
 8 │                                        │
 9 │def calibrate_sensors():                │
10 │    sensors = ["lidar", "camera"]       │
11 │    for s in sensors:                   │
12 │        print(f"{s}: OK")               │
13 │                                        │
14 │def load_mission():                     │
15 │    target = "protect"                  │
16 │    priority = "high"                   │
17 │    print(f"Mission: {target}")         │
18 │robot.py              10,1           11%│
    ────────────────────────────────────────

[CTRL] e
[OVERLAY] ⌃e  scroll down

              1         2         3         
    0123456789012345678901234567890123456789
    ────────────────────────────────────────
 0 │model = "Series 800"                    │
 1 │cpu = "Neural Net"                      │
 2 │                                        │
 3 │def boot():                             │
 4 │    print("Systems online")             │
 5 │    calibrate_sensors()                 │
 6 │    load_mission()                      │ ◂ cursor (6,0)
 7 │                                        │
 8 │def calibrate_sensors():                │
 9 │    sensors = ["lidar", "camera"]       │
10 │    for s in sensors:                   │
11 │        print(f"{s}: OK")               │
12 │                                        │
13 │def load_mission():                     │
14 │    target = "protect"                  │
15 │    priority = "high"                   │
16 │    print(f"Mission: {target}")         │
17 │                                        │
18 │robot.py              10,1           17%│
    ────────────────────────────────────────

[SAY] Three lines scrolled off the top. The cursor stayed in place. The viewport moved under it.
[SAY] Use a count. Five control E scrolls five lines at once.
[KEYS] '5'
[OVERLAY] 5  count 5

              1         2         3         
    0123456789012345678901234567890123456789
    ────────────────────────────────────────
 0 │model = "Series 800"                    │
 1 │cpu = "Neural Net"                      │
 2 │                                        │
 3 │def boot():                             │
 4 │    print("Systems online")             │
 5 │    calibrate_sensors()                 │
 6 │    load_mission()                      │ ◂ cursor (6,0)
 7 │                                        │
 8 │def calibrate_sensors():                │
 9 │    sensors = ["lidar", "camera"]       │
10 │    for s in sensors:                   │
11 │        print(f"{s}: OK")               │
12 │                                        │
13 │def load_mission():                     │
14 │    target = "protect"                  │
15 │    priority = "high"                   │
16 │    print(f"Mission: {target}")         │
17 │                                        │
18 │robot.py              10,1           17%│
19 │                             5          │
    ────────────────────────────────────────

[CTRL] e
[OVERLAY] ⌃e  scroll down

              1         2         3         
    0123456789012345678901234567890123456789
    ────────────────────────────────────────
 0 │    calibrate_sensors()                 │
 1 │    load_mission()                      │ ◂ cursor (1,0)
 2 │                                        │
 3 │def calibrate_sensors():                │
 4 │    sensors = ["lidar", "camera"]       │
 5 │    for s in sensors:                   │
 6 │        print(f"{s}: OK")               │
 7 │                                        │
 8 │def load_mission():                     │
 9 │    target = "protect"                  │
10 │    priority = "high"                   │
11 │    print(f"Mission: {target}")         │
12 │                                        │
13 │def patrol(area):                       │
14 │    print(f"Scanning {area}")           │
15 │    threats = detect_threats()          │
16 │    return len(threats)                 │
17 │                                        │
18 │robot.py              10,1           47%│
    ────────────────────────────────────────

[SAY] Five more lines. Precise control over the viewport.
[SAY] Control Y does the opposite. It scrolls the viewport up, revealing earlier lines.
[KEYS] '5'
[OVERLAY] 5  count 5

              1         2         3         
    0123456789012345678901234567890123456789
    ────────────────────────────────────────
 0 │    calibrate_sensors()                 │
 1 │    load_mission()                      │ ◂ cursor (1,0)
 2 │                                        │
 3 │def calibrate_sensors():                │
 4 │    sensors = ["lidar", "camera"]       │
 5 │    for s in sensors:                   │
 6 │        print(f"{s}: OK")               │
 7 │                                        │
 8 │def load_mission():                     │
 9 │    target = "protect"                  │
10 │    priority = "high"                   │
11 │    print(f"Mission: {target}")         │
12 │                                        │
13 │def patrol(area):                       │
14 │    print(f"Scanning {area}")           │
15 │    threats = detect_threats()          │
16 │    return len(threats)                 │
17 │                                        │
18 │robot.py              10,1           47%│
19 │                             5          │
    ────────────────────────────────────────

[CTRL] y
[OVERLAY] ⌃y  scroll up

              1         2         3         
    0123456789012345678901234567890123456789
    ────────────────────────────────────────
 0 │model = "Series 800"                    │
 1 │cpu = "Neural Net"                      │
 2 │                                        │
 3 │def boot():                             │
 4 │    print("Systems online")             │
 5 │    calibrate_sensors()                 │
 6 │    load_mission()                      │ ◂ cursor (6,0)
 7 │                                        │
 8 │def calibrate_sensors():                │
 9 │    sensors = ["lidar", "camera"]       │
10 │    for s in sensors:                   │
11 │        print(f"{s}: OK")               │
12 │                                        │
13 │def load_mission():                     │
14 │    target = "protect"                  │
15 │    priority = "high"                   │
16 │    print(f"Mission: {target}")         │
17 │                                        │
18 │robot.py              10,1           17%│
    ────────────────────────────────────────

[SAY] Back up five lines. E scrolls down, Y scrolls up.
[SAY] Control E. Scroll one line at a time. Fine-tuned viewport control.