[RECORDING_START] Screen state at recording start:

              1         2         3         
    0123456789012345678901234567890123456789
    ────────────────────────────────────────
 0 │alpha                                   │ ◂ cursor (0,0)
 1 │beta                                    │
 2 │gamma                                   │
 3 │delta                                   │
 4 │~                                       │
 5 │~                                       │
 6 │~                                       │
 7 │~                                       │
 8 │~                                       │
 9 │~                                       │
10 │~                                       │
11 │~                                       │
12 │~                                       │
13 │~                                       │
14 │~                                       │
15 │~                                       │
16 │~                                       │
17 │~                                       │
18 │demo.txt              1,1            All│
    ────────────────────────────────────────

[OVERLAY] VimFu — :reg — Show All Registers
[SAY] Colon reg shows what's stored in every register.
[SAY] Yank line one, alpha, into register A.
[KEYS] '"ayy'
[OVERLAY] "ayy  yank to reg a

              1         2         3         
    0123456789012345678901234567890123456789
    ────────────────────────────────────────
 0 │alpha                                   │ ◂ cursor (0,0)
 1 │beta                                    │
 2 │gamma                                   │
 3 │delta                                   │
 4 │~                                       │
 5 │~                                       │
 6 │~                                       │
 7 │~                                       │
 8 │~                                       │
 9 │~                                       │
10 │~                                       │
11 │~                                       │
12 │~                                       │
13 │~                                       │
14 │~                                       │
15 │~                                       │
16 │~                                       │
17 │~                                       │
18 │demo.txt              1,1            All│
    ────────────────────────────────────────

[SAY] Move down a line.
[KEYS] 'j'
[OVERLAY] j  down

              1         2         3         
    0123456789012345678901234567890123456789
    ────────────────────────────────────────
 0 │alpha                                   │
 1 │beta                                    │ ◂ cursor (1,0)
 2 │gamma                                   │
 3 │delta                                   │
 4 │~                                       │
 5 │~                                       │
 6 │~                                       │
 7 │~                                       │
 8 │~                                       │
 9 │~                                       │
10 │~                                       │
11 │~                                       │
12 │~                                       │
13 │~                                       │
14 │~                                       │
15 │~                                       │
16 │~                                       │
17 │~                                       │
18 │demo.txt              2,1            All│
    ────────────────────────────────────────

[SAY] Yank beta into register B.
[KEYS] '"byy'
[OVERLAY] "byy  yank to reg b

              1         2         3         
    0123456789012345678901234567890123456789
    ────────────────────────────────────────
 0 │alpha                                   │
 1 │beta                                    │ ◂ cursor (1,0)
 2 │gamma                                   │
 3 │delta                                   │
 4 │~                                       │
 5 │~                                       │
 6 │~                                       │
 7 │~                                       │
 8 │~                                       │
 9 │~                                       │
10 │~                                       │
11 │~                                       │
12 │~                                       │
13 │~                                       │
14 │~                                       │
15 │~                                       │
16 │~                                       │
17 │~                                       │
18 │demo.txt              2,1            All│
    ────────────────────────────────────────

[SAY] Down again.
[KEYS] 'j'
[OVERLAY] j  down

              1         2         3         
    0123456789012345678901234567890123456789
    ────────────────────────────────────────
 0 │alpha                                   │
 1 │beta                                    │
 2 │gamma                                   │ ◂ cursor (2,0)
 3 │delta                                   │
 4 │~                                       │
 5 │~                                       │
 6 │~                                       │
 7 │~                                       │
 8 │~                                       │
 9 │~                                       │
10 │~                                       │
11 │~                                       │
12 │~                                       │
13 │~                                       │
14 │~                                       │
15 │~                                       │
16 │~                                       │
17 │~                                       │
18 │demo.txt              3,1            All│
    ────────────────────────────────────────

[SAY] Yank gamma into register C.
[KEYS] '"cyy'
[OVERLAY] "cyy  yank to reg c

              1         2         3         
    0123456789012345678901234567890123456789
    ────────────────────────────────────────
 0 │alpha                                   │
 1 │beta                                    │
 2 │gamma                                   │ ◂ cursor (2,0)
 3 │delta                                   │
 4 │~                                       │
 5 │~                                       │
 6 │~                                       │
 7 │~                                       │
 8 │~                                       │
 9 │~                                       │
10 │~                                       │
11 │~                                       │
12 │~                                       │
13 │~                                       │
14 │~                                       │
15 │~                                       │
16 │~                                       │
17 │~                                       │
18 │demo.txt              3,1            All│
    ────────────────────────────────────────

[TYPE] ':reg abc'

              1         2         3         
    0123456789012345678901234567890123456789
    ────────────────────────────────────────
 0 │alpha                                   │
 1 │beta                                    │
 2 │gamma                                   │
 3 │delta                                   │
 4 │~                                       │
 5 │~                                       │
 6 │~                                       │
 7 │~                                       │
 8 │~                                       │
 9 │~                                       │
10 │~                                       │
11 │~                                       │
12 │~                                       │
13 │~                                       │
14 │~                                       │
15 │~                                       │
16 │~                                       │
17 │~                                       │
18 │demo.txt              3,1            All│
19 │:reg abc                                │ ◂ cursor (19,8)
    ────────────────────────────────────────

[ENTER]

              1         2         3         
    0123456789012345678901234567890123456789
    ────────────────────────────────────────
 0 │alpha                                   │
 1 │beta                                    │
 2 │gamma                                   │
 3 │delta                                   │
 4 │~                                       │
 5 │~                                       │
 6 │~                                       │
 7 │~                                       │
 8 │~                                       │
 9 │~                                       │
10 │~                                       │
11 │~                                       │
12 │~                                       │
13 │                                        │
14 │:reg abc                                │
15 │Type Name Content                       │
16 │  l  "a   alpha^J                       │
17 │  l  "b   beta^J                        │
18 │  l  "c   gamma^J                       │
19 │Press ENTER or type command to continue │ ◂ cursor (19,39)
    ────────────────────────────────────────

[SAY] Register A has alpha, B has beta, C has gamma. Three named registers, ready to paste from.
[KEYS] 'q'
[OVERLAY] q  dismiss

              1         2         3         
    0123456789012345678901234567890123456789
    ────────────────────────────────────────
 0 │alpha                                   │
 1 │beta                                    │
 2 │gamma                                   │ ◂ cursor (2,0)
 3 │delta                                   │
 4 │~                                       │
 5 │~                                       │
 6 │~                                       │
 7 │~                                       │
 8 │~                                       │
 9 │~                                       │
10 │~                                       │
11 │~                                       │
12 │~                                       │
13 │~                                       │
14 │~                                       │
15 │~                                       │
16 │~                                       │
17 │~                                       │
18 │demo.txt              3,1            All│
19 │                             q          │
    ────────────────────────────────────────

[SAY] Colon reg. Inspect all your registers. You can also use colon display.