[RECORDING_START] Screen state at recording start:

              1         2         3         
    0123456789012345678901234567890123456789
    ────────────────────────────────────────
 0 │editing code                            │
 1 │➜  vimfu tmux new-window -n 'test'      │
 2 │➜  vimfu                                │ ◂ cursor (2,9)
 3 │                                        │
 4 │                                        │
 5 │                                        │
 6 │                                        │
 7 │                                        │
 8 │                                        │
 9 │                                        │
10 │                                        │
11 │                                        │
12 │                                        │
13 │                                        │
14 │                                        │
15 │                                        │
16 │                                        │
17 │                                        │
18 │                                        │
19 │[0] 0:edit* 1:te>"vimfu" 08:45 21-May-26│
    ────────────────────────────────────────

[OVERLAY] VimFu — The Status Bar
[SAY] The green bar at the bottom is your tmux dashboard. Let's read it.
[SAY] On the left, the number in brackets is your session name. Zero is the default.
[SAY] Next to it, the window list. Each window shows its number and name.
[SAY] The star marks the active window. That's where you are right now.
[SAY] Watch the star move as I switch windows.
[KEYS] '\x02'
[OVERLAY] ⌃b  prefix

              1         2         3         
    0123456789012345678901234567890123456789
    ────────────────────────────────────────
 0 │editing code                            │
 1 │➜  vimfu tmux new-window -n 'test'      │
 2 │➜  vimfu                                │ ◂ cursor (2,9)
 3 │                                        │
 4 │                                        │
 5 │                                        │
 6 │                                        │
 7 │                                        │
 8 │                                        │
 9 │                                        │
10 │                                        │
11 │                                        │
12 │                                        │
13 │                                        │
14 │                                        │
15 │                                        │
16 │                                        │
17 │                                        │
18 │                                        │
19 │[0] 0:edit* 1:te>"vimfu" 08:46 21-May-26│
    ────────────────────────────────────────

[KEYS] 'n'
[OVERLAY] n  next

              1         2         3         
    0123456789012345678901234567890123456789
    ────────────────────────────────────────
 0 │running tests                           │
 1 │➜  vimfu tmux new-window -n 'logs'      │
 2 │➜  vimfu                                │ ◂ cursor (2,9)
 3 │                                        │
 4 │                                        │
 5 │                                        │
 6 │                                        │
 7 │                                        │
 8 │                                        │
 9 │                                        │
10 │                                        │
11 │                                        │
12 │                                        │
13 │                                        │
14 │                                        │
15 │                                        │
16 │                                        │
17 │                                        │
18 │                                        │
19 │[0] <- 1:test* 2>"vimfu" 08:46 21-May-26│
    ────────────────────────────────────────

[SAY] Star jumped to window one.
[KEYS] '\x02'
[OVERLAY] ⌃b  prefix

              1         2         3         
    0123456789012345678901234567890123456789
    ────────────────────────────────────────
 0 │running tests                           │
 1 │➜  vimfu tmux new-window -n 'logs'      │
 2 │➜  vimfu                                │ ◂ cursor (2,9)
 3 │                                        │
 4 │                                        │
 5 │                                        │
 6 │                                        │
 7 │                                        │
 8 │                                        │
 9 │                                        │
10 │                                        │
11 │                                        │
12 │                                        │
13 │                                        │
14 │                                        │
15 │                                        │
16 │                                        │
17 │                                        │
18 │                                        │
19 │[0] <- 1:test* 2>"vimfu" 08:46 21-May-26│
    ────────────────────────────────────────

[KEYS] 'n'
[OVERLAY] n  next

              1         2         3         
    0123456789012345678901234567890123456789
    ────────────────────────────────────────
 0 │watching logs                           │
 1 │➜  vimfu tmux select-window -t 0        │
 2 │➜  vimfu                                │ ◂ cursor (2,9)
 3 │                                        │
 4 │                                        │
 5 │                                        │
 6 │                                        │
 7 │                                        │
 8 │                                        │
 9 │                                        │
10 │                                        │
11 │                                        │
12 │                                        │
13 │                                        │
14 │                                        │
15 │                                        │
16 │                                        │
17 │                                        │
18 │                                        │
19 │[0] <est- 2:logs*"vimfu" 08:46 21-May-26│
    ────────────────────────────────────────

[SAY] Now on window two.
[KEYS] '\x02'
[OVERLAY] ⌃b  prefix

              1         2         3         
    0123456789012345678901234567890123456789
    ────────────────────────────────────────
 0 │watching logs                           │
 1 │➜  vimfu tmux select-window -t 0        │
 2 │➜  vimfu                                │ ◂ cursor (2,9)
 3 │                                        │
 4 │                                        │
 5 │                                        │
 6 │                                        │
 7 │                                        │
 8 │                                        │
 9 │                                        │
10 │                                        │
11 │                                        │
12 │                                        │
13 │                                        │
14 │                                        │
15 │                                        │
16 │                                        │
17 │                                        │
18 │                                        │
19 │[0] <est- 2:logs*"vimfu" 08:46 21-May-26│
    ────────────────────────────────────────

[KEYS] '0'
[OVERLAY] 0  window 0

              1         2         3         
    0123456789012345678901234567890123456789
    ────────────────────────────────────────
 0 │editing code                            │
 1 │➜  vimfu tmux new-window -n 'test'      │
 2 │➜  vimfu                                │ ◂ cursor (2,9)
 3 │                                        │
 4 │                                        │
 5 │                                        │
 6 │                                        │
 7 │                                        │
 8 │                                        │
 9 │                                        │
10 │                                        │
11 │                                        │
12 │                                        │
13 │                                        │
14 │                                        │
15 │                                        │
16 │                                        │
17 │                                        │
18 │                                        │
19 │[0] 0:edit* 1:te>"vimfu" 08:46 21-May-26│
    ────────────────────────────────────────

[SAY] On the right side, the current time and date. Always visible.
[SAY] The status bar. Session name, windows, and clock. Your tmux dashboard at a glance.