[RECORDING_START] Screen state at recording start:

              1         2         3         
    0123456789012345678901234567890123456789
    ────────────────────────────────────────
 0 │result = value                          │ ◂ cursor (0,0)
 1 │data = items                            │
 2 │~                                       │
 3 │~                                       │
 4 │~                                       │
 5 │~                                       │
 6 │~                                       │
 7 │~                                       │
 8 │~                                       │
 9 │~                                       │
10 │~                                       │
11 │~                                       │
12 │~                                       │
13 │~                                       │
14 │~                                       │
15 │~                                       │
16 │~                                       │
17 │~                                       │
18 │sep.py                1,1            All│
    ────────────────────────────────────────

[OVERLAY] VimFu — Surround on Separate Lines
[SAY] Capital Y S puts the surrounded text on its own indented line. The opening and closing marks go on separate lines.
[SAY] Capital Y S I W, open paren.
[KEYS] 'fv'
[OVERLAY] fv

              1         2         3         
    0123456789012345678901234567890123456789
    ────────────────────────────────────────
 0 │result = value                          │ ◂ cursor (0,9)
 1 │data = items                            │
 2 │~                                       │
 3 │~                                       │
 4 │~                                       │
 5 │~                                       │
 6 │~                                       │
 7 │~                                       │
 8 │~                                       │
 9 │~                                       │
10 │~                                       │
11 │~                                       │
12 │~                                       │
13 │~                                       │
14 │~                                       │
15 │~                                       │
16 │~                                       │
17 │~                                       │
18 │sep.py                1,10           All│
    ────────────────────────────────────────

[KEYS] 'ySiw('
[OVERLAY] ySiw(  ySiw(

              1         2         3         
    0123456789012345678901234567890123456789
    ────────────────────────────────────────
 0 │result = (                              │ ◂ cursor (0,9)
 1 │        value                           │
 2 │        )                               │
 3 │data = items                            │
 4 │~                                       │
 5 │~                                       │
 6 │~                                       │
 7 │~                                       │
 8 │~                                       │
 9 │~                                       │
10 │~                                       │
11 │~                                       │
12 │~                                       │
13 │~                                       │
14 │~                                       │
15 │~                                       │
16 │~                                       │
17 │~                                       │
18 │sep.py [+]            1,10           All│
    ────────────────────────────────────────

[SAY] Value is on its own indented line with parens above and below.
[KEYS] 'u'
[OVERLAY] u  undo

              1         2         3         
    0123456789012345678901234567890123456789
    ────────────────────────────────────────
 0 │result = value                          │ ◂ cursor (0,9)
 1 │data = items                            │
 2 │~                                       │
 3 │~                                       │
 4 │~                                       │
 5 │~                                       │
 6 │~                                       │
 7 │~                                       │
 8 │~                                       │
 9 │~                                       │
10 │~                                       │
11 │~                                       │
12 │~                                       │
13 │~                                       │
14 │~                                       │
15 │~                                       │
16 │~                                       │
17 │~                                       │
18 │sep.py                1,10           All│
19 │2 fewer line...9 seconds ago            │
    ────────────────────────────────────────

[SAY] Capital Y S. The multi-line surround.