[RECORDING_START] Screen state at recording start:

              1         2         3         
    0123456789012345678901234567890123456789
    ────────────────────────────────────────
 0 │line one                                │ ◂ cursor (0,0)
 1 │line two                                │
 2 │line three                              │
 3 │line four                               │
 4 │line five                               │
 5 │line six                                │
 6 │~                                       │
 7 │~                                       │
 8 │~                                       │
 9 │~                                       │
10 │~                                       │
11 │~                                       │
12 │~                                       │
13 │~                                       │
14 │~                                       │
15 │~                                       │
16 │~                                       │
17 │~                                       │
18 │demo.py               1,1            All│
    ────────────────────────────────────────

[OVERLAY] VimFu — :delmarks — Delete Marks
[SAY] Delete marks removes marks you no longer need. Clean up after you're done navigating.
[SAY] First, set marks A, B, and C on different lines.
[KEYS] 'ma'
[OVERLAY] ma

              1         2         3         
    0123456789012345678901234567890123456789
    ────────────────────────────────────────
 0 │line one                                │ ◂ cursor (0,0)
 1 │line two                                │
 2 │line three                              │
 3 │line four                               │
 4 │line five                               │
 5 │line six                                │
 6 │~                                       │
 7 │~                                       │
 8 │~                                       │
 9 │~                                       │
10 │~                                       │
11 │~                                       │
12 │~                                       │
13 │~                                       │
14 │~                                       │
15 │~                                       │
16 │~                                       │
17 │~                                       │
18 │demo.py               1,1            All│
    ────────────────────────────────────────

[KEYS] '2j'
[OVERLAY] 2j

              1         2         3         
    0123456789012345678901234567890123456789
    ────────────────────────────────────────
 0 │line one                                │
 1 │line two                                │
 2 │line three                              │ ◂ cursor (2,0)
 3 │line four                               │
 4 │line five                               │
 5 │line six                                │
 6 │~                                       │
 7 │~                                       │
 8 │~                                       │
 9 │~                                       │
10 │~                                       │
11 │~                                       │
12 │~                                       │
13 │~                                       │
14 │~                                       │
15 │~                                       │
16 │~                                       │
17 │~                                       │
18 │demo.py               3,1            All│
    ────────────────────────────────────────

[KEYS] 'mb'
[OVERLAY] mb

              1         2         3         
    0123456789012345678901234567890123456789
    ────────────────────────────────────────
 0 │line one                                │
 1 │line two                                │
 2 │line three                              │ ◂ cursor (2,0)
 3 │line four                               │
 4 │line five                               │
 5 │line six                                │
 6 │~                                       │
 7 │~                                       │
 8 │~                                       │
 9 │~                                       │
10 │~                                       │
11 │~                                       │
12 │~                                       │
13 │~                                       │
14 │~                                       │
15 │~                                       │
16 │~                                       │
17 │~                                       │
18 │demo.py               3,1            All│
    ────────────────────────────────────────

[KEYS] '2j'
[OVERLAY] 2j

              1         2         3         
    0123456789012345678901234567890123456789
    ────────────────────────────────────────
 0 │line one                                │
 1 │line two                                │
 2 │line three                              │
 3 │line four                               │
 4 │line five                               │ ◂ cursor (4,0)
 5 │line six                                │
 6 │~                                       │
 7 │~                                       │
 8 │~                                       │
 9 │~                                       │
10 │~                                       │
11 │~                                       │
12 │~                                       │
13 │~                                       │
14 │~                                       │
15 │~                                       │
16 │~                                       │
17 │~                                       │
18 │demo.py               5,1            All│
    ────────────────────────────────────────

[KEYS] 'mc'
[OVERLAY] mc

              1         2         3         
    0123456789012345678901234567890123456789
    ────────────────────────────────────────
 0 │line one                                │
 1 │line two                                │
 2 │line three                              │
 3 │line four                               │
 4 │line five                               │ ◂ cursor (4,0)
 5 │line six                                │
 6 │~                                       │
 7 │~                                       │
 8 │~                                       │
 9 │~                                       │
10 │~                                       │
11 │~                                       │
12 │~                                       │
13 │~                                       │
14 │~                                       │
15 │~                                       │
16 │~                                       │
17 │~                                       │
18 │demo.py               5,1            All│
    ────────────────────────────────────────

[TYPE] ':marks abc'

              1         2         3         
    0123456789012345678901234567890123456789
    ────────────────────────────────────────
 0 │line one                                │
 1 │line two                                │
 2 │line three                              │
 3 │line four                               │
 4 │line five                               │
 5 │line six                                │
 6 │~                                       │
 7 │~                                       │
 8 │~                                       │
 9 │~                                       │
10 │~                                       │
11 │~                                       │
12 │~                                       │
13 │~                                       │
14 │~                                       │
15 │~                                       │
16 │~                                       │
17 │~                                       │
18 │demo.py               5,1            All│
19 │:marks abc                              │ ◂ cursor (19,10)
    ────────────────────────────────────────

[SAY] Confirm all three marks exist with colon marks A B C.
[ENTER]

              1         2         3         
    0123456789012345678901234567890123456789
    ────────────────────────────────────────
 0 │line one                                │
 1 │line two                                │
 2 │line three                              │
 3 │line four                               │
 4 │line five                               │
 5 │line six                                │
 6 │~                                       │
 7 │~                                       │
 8 │~                                       │
 9 │~                                       │
10 │~                                       │
11 │~                                       │
12 │~                                       │
13 │                                        │
14 │:marks abc                              │
15 │mark line  col file/text                │
16 │ a      1    0 line one                 │
17 │ b      3    0 line three               │
18 │ c      5    0 line five                │
19 │Press ENTER or type command to continue │ ◂ cursor (19,39)
    ────────────────────────────────────────

[ENTER]

              1         2         3         
    0123456789012345678901234567890123456789
    ────────────────────────────────────────
 0 │line one                                │
 1 │line two                                │
 2 │line three                              │
 3 │line four                               │
 4 │line five                               │ ◂ cursor (4,0)
 5 │line six                                │
 6 │~                                       │
 7 │~                                       │
 8 │~                                       │
 9 │~                                       │
10 │~                                       │
11 │~                                       │
12 │~                                       │
13 │~                                       │
14 │~                                       │
15 │~                                       │
16 │~                                       │
17 │~                                       │
18 │demo.py               5,1            All│
    ────────────────────────────────────────

[SAY] Now delete mark A.
[TYPE] ':delm a'

              1         2         3         
    0123456789012345678901234567890123456789
    ────────────────────────────────────────
 0 │line one                                │
 1 │line two                                │
 2 │line three                              │
 3 │line four                               │
 4 │line five                               │
 5 │line six                                │
 6 │~                                       │
 7 │~                                       │
 8 │~                                       │
 9 │~                                       │
10 │~                                       │
11 │~                                       │
12 │~                                       │
13 │~                                       │
14 │~                                       │
15 │~                                       │
16 │~                                       │
17 │~                                       │
18 │demo.py               5,1            All│
19 │:delm a                                 │ ◂ cursor (19,7)
    ────────────────────────────────────────

[SAY] Del M is short for delete marks. Followed by a letter, it removes that one mark.
[ENTER]

              1         2         3         
    0123456789012345678901234567890123456789
    ────────────────────────────────────────
 0 │line one                                │
 1 │line two                                │
 2 │line three                              │
 3 │line four                               │
 4 │line five                               │ ◂ cursor (4,0)
 5 │line six                                │
 6 │~                                       │
 7 │~                                       │
 8 │~                                       │
 9 │~                                       │
10 │~                                       │
11 │~                                       │
12 │~                                       │
13 │~                                       │
14 │~                                       │
15 │~                                       │
16 │~                                       │
17 │~                                       │
18 │demo.py               5,1            All│
19 │:delm a                                 │
    ────────────────────────────────────────

[SAY] Delete all lowercase marks at once with bang.
[TYPE] ':delm!'

              1         2         3         
    0123456789012345678901234567890123456789
    ────────────────────────────────────────
 0 │line one                                │
 1 │line two                                │
 2 │line three                              │
 3 │line four                               │
 4 │line five                               │
 5 │line six                                │
 6 │~                                       │
 7 │~                                       │
 8 │~                                       │
 9 │~                                       │
10 │~                                       │
11 │~                                       │
12 │~                                       │
13 │~                                       │
14 │~                                       │
15 │~                                       │
16 │~                                       │
17 │~                                       │
18 │demo.py               5,1            All│
19 │:delm!                                  │ ◂ cursor (19,6)
    ────────────────────────────────────────

[SAY] The bang variant clears every lowercase mark in this buffer.
[ENTER]

              1         2         3         
    0123456789012345678901234567890123456789
    ────────────────────────────────────────
 0 │line one                                │
 1 │line two                                │
 2 │line three                              │
 3 │line four                               │
 4 │line five                               │ ◂ cursor (4,0)
 5 │line six                                │
 6 │~                                       │
 7 │~                                       │
 8 │~                                       │
 9 │~                                       │
10 │~                                       │
11 │~                                       │
12 │~                                       │
13 │~                                       │
14 │~                                       │
15 │~                                       │
16 │~                                       │
17 │~                                       │
18 │demo.py               5,1            All│
19 │:delm!                                  │
    ────────────────────────────────────────

[SAY] Colon del marks letter to remove one. Colon del marks bang to clear all lowercase marks.