[RECORDING_START] Screen state at recording start:

              1         2         3         
    0123456789012345678901234567890123456789
    ────────────────────────────────────────
 0 │Meeting notes for today                 │ ◂ cursor (0,0)
 1 │The proejct is on schedul               │
 2 │We need to refator the code             │
 3 │Everything else looks good              │
 4 │~                                       │
 5 │~                                       │
 6 │~                                       │
 7 │~                                       │
 8 │~                                       │
 9 │~                                       │
10 │~                                       │
11 │~                                       │
12 │~                                       │
13 │~                                       │
14 │~                                       │
15 │~                                       │
16 │~                                       │
17 │~                                       │
18 │notes.txt             1,1            All│
    ────────────────────────────────────────

[OVERLAY] VimFu — :set spell / nospell
[SAY] Set spell turns on spell checking. Misspelled words get highlighted. Great for writing docs and commit messages.
[SAY] Turn on spell checking.
[TYPE] ':set spell'

              1         2         3         
    0123456789012345678901234567890123456789
    ────────────────────────────────────────
 0 │Meeting notes for today                 │
 1 │The proejct is on schedul               │
 2 │We need to refator the code             │
 3 │Everything else looks good              │
 4 │~                                       │
 5 │~                                       │
 6 │~                                       │
 7 │~                                       │
 8 │~                                       │
 9 │~                                       │
10 │~                                       │
11 │~                                       │
12 │~                                       │
13 │~                                       │
14 │~                                       │
15 │~                                       │
16 │~                                       │
17 │~                                       │
18 │notes.txt             1,1            All│
19 │:set spell                              │ ◂ cursor (19,10)
    ────────────────────────────────────────

[SAY] Set spell — turn on spell checking. Misspelled words get underlined.
[ENTER]

              1         2         3         
    0123456789012345678901234567890123456789
    ────────────────────────────────────────
 0 │Meeting notes for today                 │ ◂ cursor (0,0)
 1 │The proejct is on schedul               │
 2 │We need to refator the code             │
 3 │Everything else looks good              │
 4 │~                                       │
 5 │~                                       │
 6 │~                                       │
 7 │~                                       │
 8 │~                                       │
 9 │~                                       │
10 │~                                       │
11 │~                                       │
12 │~                                       │
13 │~                                       │
14 │~                                       │
15 │~                                       │
16 │~                                       │
17 │~                                       │
18 │notes.txt             1,1            All│
19 │:set spell                              │
    ────────────────────────────────────────

[SAY] Misspelled words are now highlighted. Use bracket S to jump to the next misspelling and bracket capital S to jump back.
[SAY] Turn it off when you don't need it.
[TYPE] ':set nospell'

              1         2         3         
    0123456789012345678901234567890123456789
    ────────────────────────────────────────
 0 │Meeting notes for today                 │
 1 │The proejct is on schedul               │
 2 │We need to refator the code             │
 3 │Everything else looks good              │
 4 │~                                       │
 5 │~                                       │
 6 │~                                       │
 7 │~                                       │
 8 │~                                       │
 9 │~                                       │
10 │~                                       │
11 │~                                       │
12 │~                                       │
13 │~                                       │
14 │~                                       │
15 │~                                       │
16 │~                                       │
17 │~                                       │
18 │notes.txt             1,1            All│
19 │:set nospell                            │ ◂ cursor (19,12)
    ────────────────────────────────────────

[SAY] Set no spell — turn it off again.
[ENTER]

              1         2         3         
    0123456789012345678901234567890123456789
    ────────────────────────────────────────
 0 │Meeting notes for today                 │ ◂ cursor (0,0)
 1 │The proejct is on schedul               │
 2 │We need to refator the code             │
 3 │Everything else looks good              │
 4 │~                                       │
 5 │~                                       │
 6 │~                                       │
 7 │~                                       │
 8 │~                                       │
 9 │~                                       │
10 │~                                       │
11 │~                                       │
12 │~                                       │
13 │~                                       │
14 │~                                       │
15 │~                                       │
16 │~                                       │
17 │~                                       │
18 │notes.txt             1,1            All│
19 │:set nospell                            │
    ────────────────────────────────────────

[SAY] Set spell to check. Set no spell to stop. Toggle anytime.