[RECORDING_START] Screen state at recording start:

              1         2         3         
    0123456789012345678901234567890123456789
    ────────────────────────────────────────
 0 │# Demo                                  │ ◂ cursor (0,0)
 1 │def calculate_sum(a, b):                │
 2 │    return a + b                        │
 3 │def calculate_avg(a, b):                │
 4 │    return (a + b) / 2                  │
 5 │x =                                     │
 6 │~                                       │
 7 │~                                       │
 8 │~                                       │
 9 │~                                       │
10 │~                                       │
11 │~                                       │
12 │~                                       │
13 │~                                       │
14 │~                                       │
15 │~                                       │
16 │~                                       │
17 │~                                       │
18 │demo.py               1,1            All│
    ────────────────────────────────────────

[OVERLAY] VimFu — Ctrl-X Ctrl-] — Tag Complete
[SAY] Press {key:Ctrl-X}, then {key:Ctrl-]} to complete from your `tags` file. That gives you project-wide symbol completion.
[SAY] This demo already has a `tags` file with two functions: `calculate_sum` and `calculate_avg`.
[KEYS] 'G$'
[OVERLAY] G$  target line

              1         2         3         
    0123456789012345678901234567890123456789
    ────────────────────────────────────────
 0 │# Demo                                  │
 1 │def calculate_sum(a, b):                │
 2 │    return a + b                        │
 3 │def calculate_avg(a, b):                │
 4 │    return (a + b) / 2                  │
 5 │x =                                     │ ◂ cursor (5,2)
 6 │~                                       │
 7 │~                                       │
 8 │~                                       │
 9 │~                                       │
10 │~                                       │
11 │~                                       │
12 │~                                       │
13 │~                                       │
14 │~                                       │
15 │~                                       │
16 │~                                       │
17 │~                                       │
18 │demo.py               6,3            All│
    ────────────────────────────────────────

[KEYS] 'a'
[OVERLAY] a  append

              1         2         3         
    0123456789012345678901234567890123456789
    ────────────────────────────────────────
 0 │# Demo                                  │
 1 │def calculate_sum(a, b):                │
 2 │    return a + b                        │
 3 │def calculate_avg(a, b):                │
 4 │    return (a + b) / 2                  │
 5 │x =                                     │ ◂ cursor (5,3)
 6 │~                                       │
 7 │~                                       │
 8 │~                                       │
 9 │~                                       │
10 │~                                       │
11 │~                                       │
12 │~                                       │
13 │~                                       │
14 │~                                       │
15 │~                                       │
16 │~                                       │
17 │~                                       │
18 │demo.py               6,4            All│
19 │-- INSERT --                            │
    ────────────────────────────────────────

[TYPE] ' cal'

              1         2         3         
    0123456789012345678901234567890123456789
    ────────────────────────────────────────
 0 │# Demo                                  │
 1 │def calculate_sum(a, b):                │
 2 │    return a + b                        │
 3 │def calculate_avg(a, b):                │
 4 │    return (a + b) / 2                  │
 5 │x = cal                                 │ ◂ cursor (5,7)
 6 │~                                       │
 7 │~                                       │
 8 │~                                       │
 9 │~                                       │
10 │~                                       │
11 │~                                       │
12 │~                                       │
13 │~                                       │
14 │~                                       │
15 │~                                       │
16 │~                                       │
17 │~                                       │
18 │demo.py [+]           6,8            All│
19 │-- INSERT --                            │
    ────────────────────────────────────────

[SAY] With the prefix typed, press {key:Ctrl-X}, then {key:Ctrl-]} to complete from tag names.
[KEYS] '\x18\x1d'
[OVERLAY] ⌃x⌃]  tag complete

              1         2         3         
    0123456789012345678901234567890123456789
    ────────────────────────────────────────
 0 │# Demo                                  │
 1 │def calculate_sum(a, b):                │
 2 │    return a + b                        │
 3 │def calculate_avg(a, b):                │
 4 │    return (a + b) / 2                  │
 5 │x = calculate_sum                       │ ◂ cursor (5,17)
 6 │~   calculate_sum                       │
 7 │~   calculate_avg                       │
 8 │~                                       │
 9 │~                                       │
10 │~                                       │
11 │~                                       │
12 │~                                       │
13 │~                                       │
14 │~                                       │
15 │~                                       │
16 │~                                       │
17 │~                                       │
18 │demo.py [+]           6,18           All│
19 │-- Tag completion (^]^N^P) match 1 of 2 │
    ────────────────────────────────────────
[HIGHLIGHT] row 6, cols 3-18: " calculate_sum"
[HIGHLIGHT] row 7, cols 3-18: " calculate_avg"

[KEYS] '\x0e'
[OVERLAY] ⌃n  next match

              1         2         3         
    0123456789012345678901234567890123456789
    ────────────────────────────────────────
 0 │# Demo                                  │
 1 │def calculate_sum(a, b):                │
 2 │    return a + b                        │
 3 │def calculate_avg(a, b):                │
 4 │    return (a + b) / 2                  │
 5 │x = calculate_avg                       │ ◂ cursor (5,17)
 6 │~   calculate_sum                       │
 7 │~   calculate_avg                       │
 8 │~                                       │
 9 │~                                       │
10 │~                                       │
11 │~                                       │
12 │~                                       │
13 │~                                       │
14 │~                                       │
15 │~                                       │
16 │~                                       │
17 │~                                       │
18 │demo.py [+]           6,18           All│
19 │-- Tag completion (^]^N^P) match 2 of 2 │
    ────────────────────────────────────────
[HIGHLIGHT] row 6, cols 3-18: " calculate_sum"
[HIGHLIGHT] row 7, cols 3-18: " calculate_avg"

[KEYS] '\x19'
[OVERLAY] ⌃y  accept

              1         2         3         
    0123456789012345678901234567890123456789
    ────────────────────────────────────────
 0 │# Demo                                  │
 1 │def calculate_sum(a, b):                │
 2 │    return a + b                        │
 3 │def calculate_avg(a, b):                │
 4 │    return (a + b) / 2                  │
 5 │x = calculate_avg                       │ ◂ cursor (5,17)
 6 │~                                       │
 7 │~                                       │
 8 │~                                       │
 9 │~                                       │
10 │~                                       │
11 │~                                       │
12 │~                                       │
13 │~                                       │
14 │~                                       │
15 │~                                       │
16 │~                                       │
17 │~                                       │
18 │demo.py [+]           6,18           All│
19 │-- INSERT --                            │
    ────────────────────────────────────────

[ESCAPE]

              1         2         3         
    0123456789012345678901234567890123456789
    ────────────────────────────────────────
 0 │# Demo                                  │
 1 │def calculate_sum(a, b):                │
 2 │    return a + b                        │
 3 │def calculate_avg(a, b):                │
 4 │    return (a + b) / 2                  │
 5 │x = calculate_avg                       │ ◂ cursor (5,16)
 6 │~                                       │
 7 │~                                       │
 8 │~                                       │
 9 │~                                       │
10 │~                                       │
11 │~                                       │
12 │~                                       │
13 │~                                       │
14 │~                                       │
15 │~                                       │
16 │~                                       │
17 │~                                       │
18 │demo.py [+]           6,17           All│
    ────────────────────────────────────────

[SAY] {key:Ctrl-X}, then {key:Ctrl-]}. Tag completion. Generate `tags`, type a prefix, then complete a symbol from the project.