[RECORDING_START] Screen state at recording start:

              1         2         3         
    0123456789012345678901234567890123456789
    ────────────────────────────────────────
 0 │# items                                 │ ◂ cursor (0,0)
 1 │sword = 10                              │
 2 │shield = 8                              │
 3 │potion = 5                              │
 4 │arrow = 2                               │
 5 │bow = 7                                 │
 6 │~                                       │
 7 │~                                       │
 8 │~                                       │
 9 │~                                       │
10 │~                                       │
11 │~                                       │
12 │~                                       │
13 │~                                       │
14 │~                                       │
15 │~                                       │
16 │~                                       │
17 │~                                       │
18 │items.py              1,1            All│
    ────────────────────────────────────────

[OVERLAY] VimFu — Up/Down — History
[SAY] Up and Down arrows on the command line recall previous commands. Type a prefix first and Up will only show commands that match.
[SAY] Run a few commands to build history.
[TYPE] ':set number'

              1         2         3         
    0123456789012345678901234567890123456789
    ────────────────────────────────────────
 0 │# items                                 │
 1 │sword = 10                              │
 2 │shield = 8                              │
 3 │potion = 5                              │
 4 │arrow = 2                               │
 5 │bow = 7                                 │
 6 │~                                       │
 7 │~                                       │
 8 │~                                       │
 9 │~                                       │
10 │~                                       │
11 │~                                       │
12 │~                                       │
13 │~                                       │
14 │~                                       │
15 │~                                       │
16 │~                                       │
17 │~                                       │
18 │items.py              1,1            All│
19 │:set numbe                              │ ◂ cursor (19,10)
    ────────────────────────────────────────

[ENTER]

              1         2         3         
    0123456789012345678901234567890123456789
    ────────────────────────────────────────
 0 │  1 # items                             │ ◂ cursor (0,4)
 1 │  2 sword = 10                          │
 2 │  3 shield = 8                          │
 3 │  4 potion = 5                          │
 4 │  5 arrow = 2                           │
 5 │  6 bow = 7                             │
 6 │~                                       │
 7 │~                                       │
 8 │~                                       │
 9 │~                                       │
10 │~                                       │
11 │~                                       │
12 │~                                       │
13 │~                                       │
14 │~                                       │
15 │~                                       │
16 │~                                       │
17 │~                                       │
18 │items.py              1,1            All│
19 │:set number                             │
    ────────────────────────────────────────

[TYPE] ':%s/10/99/'

              1         2         3         
    0123456789012345678901234567890123456789
    ────────────────────────────────────────
 0 │  1 # items                             │
 1 │  2 sword = 99                          │
 2 │  3 shield = 8                          │
 3 │  4 potion = 5                          │
 4 │  5 arrow = 2                           │
 5 │  6 bow = 7                             │
 6 │~                                       │
 7 │~                                       │
 8 │~                                       │
 9 │~                                       │
10 │~                                       │
11 │~                                       │
12 │~                                       │
13 │~                                       │
14 │~                                       │
15 │~                                       │
16 │~                                       │
17 │~                                       │
18 │items.py [+]          2,9            All│
19 │:%s/10/99/                              │ ◂ cursor (19,10)
    ────────────────────────────────────────
[HIGHLIGHT] row 1, cols 12-13: "99"

[ENTER]

              1         2         3         
    0123456789012345678901234567890123456789
    ────────────────────────────────────────
 0 │  1 # items                             │
 1 │  2 sword = 99                          │ ◂ cursor (1,4)
 2 │  3 shield = 8                          │
 3 │  4 potion = 5                          │
 4 │  5 arrow = 2                           │
 5 │  6 bow = 7                             │
 6 │~                                       │
 7 │~                                       │
 8 │~                                       │
 9 │~                                       │
10 │~                                       │
11 │~                                       │
12 │~                                       │
13 │~                                       │
14 │~                                       │
15 │~                                       │
16 │~                                       │
17 │~                                       │
18 │items.py [+]          2,1            All│
19 │:%s/10/99/                              │
    ────────────────────────────────────────

[TYPE] ':set cursorline'

              1         2         3         
    0123456789012345678901234567890123456789
    ────────────────────────────────────────
 0 │  1 # items                             │
 1 │  2 sword = 99                          │
 2 │  3 shield = 8                          │
 3 │  4 potion = 5                          │
 4 │  5 arrow = 2                           │
 5 │  6 bow = 7                             │
 6 │~                                       │
 7 │~                                       │
 8 │~                                       │
 9 │~                                       │
10 │~                                       │
11 │~                                       │
12 │~                                       │
13 │~                                       │
14 │~                                       │
15 │~                                       │
16 │~                                       │
17 │~                                       │
18 │items.py [+]          2,1            All│
19 │:set cursorline                         │ ◂ cursor (19,15)
    ────────────────────────────────────────

[ENTER]

              1         2         3         
    0123456789012345678901234567890123456789
    ────────────────────────────────────────
 0 │  1 # items                             │
 1 │  2 sword = 99                          │ ◂ cursor (1,4)
 2 │  3 shield = 8                          │
 3 │  4 potion = 5                          │
 4 │  5 arrow = 2                           │
 5 │  6 bow = 7                             │
 6 │~                                       │
 7 │~                                       │
 8 │~                                       │
 9 │~                                       │
10 │~                                       │
11 │~                                       │
12 │~                                       │
13 │~                                       │
14 │~                                       │
15 │~                                       │
16 │~                                       │
17 │~                                       │
18 │items.py [+]          2,1            All│
19 │:set cursorline                         │
    ────────────────────────────────────────
[HIGHLIGHT] row 1, cols 0-4: "  2"
[HIGHLIGHT] row 1, cols 5-39: "word = 99"

[TYPE] ':%s/8/88/'

              1         2         3         
    0123456789012345678901234567890123456789
    ────────────────────────────────────────
 0 │  1 # items                             │
 1 │  2 sword = 99                          │
 2 │  3 shield = 88                         │
 3 │  4 potion = 5                          │
 4 │  5 arrow = 2                           │
 5 │  6 bow = 7                             │
 6 │~                                       │
 7 │~                                       │
 8 │~                                       │
 9 │~                                       │
10 │~                                       │
11 │~                                       │
12 │~                                       │
13 │~                                       │
14 │~                                       │
15 │~                                       │
16 │~                                       │
17 │~                                       │
18 │items.py [+]          3,10           All│
19 │:%s/8/88/                               │ ◂ cursor (19,9)
    ────────────────────────────────────────
[HIGHLIGHT] row 2, cols 13-14: "88"

[ENTER]

              1         2         3         
    0123456789012345678901234567890123456789
    ────────────────────────────────────────
 0 │  1 # items                             │
 1 │  2 sword = 99                          │
 2 │  3 shield = 88                         │ ◂ cursor (2,4)
 3 │  4 potion = 5                          │
 4 │  5 arrow = 2                           │
 5 │  6 bow = 7                             │
 6 │~                                       │
 7 │~                                       │
 8 │~                                       │
 9 │~                                       │
10 │~                                       │
11 │~                                       │
12 │~                                       │
13 │~                                       │
14 │~                                       │
15 │~                                       │
16 │~                                       │
17 │~                                       │
18 │items.py [+]          3,1            All│
19 │:%s/8/88/                               │
    ────────────────────────────────────────
[HIGHLIGHT] row 2, cols 0-4: "  3"
[HIGHLIGHT] row 2, cols 5-12: "hield ="
[HIGHLIGHT] row 2, cols 13-14: "88"

[SAY] Now press colon and then Up arrow.
[TYPE] ':'

              1         2         3         
    0123456789012345678901234567890123456789
    ────────────────────────────────────────
 0 │  1 # items                             │
 1 │  2 sword = 99                          │
 2 │  3 shield = 88                         │
 3 │  4 potion = 5                          │
 4 │  5 arrow = 2                           │
 5 │  6 bow = 7                             │
 6 │~                                       │
 7 │~                                       │
 8 │~                                       │
 9 │~                                       │
10 │~                                       │
11 │~                                       │
12 │~                                       │
13 │~                                       │
14 │~                                       │
15 │~                                       │
16 │~                                       │
17 │~                                       │
18 │items.py [+]          3,1            All│
19 │:                                       │ ◂ cursor (19,1)
    ────────────────────────────────────────
[HIGHLIGHT] row 2, cols 0-3: "  3"
[HIGHLIGHT] row 2, cols 4-12: "shield ="
[HIGHLIGHT] row 2, cols 13-14: "88"

[KEYS] 'up'
[OVERLAY] up  previous command

              1         2         3         
    0123456789012345678901234567890123456789
    ────────────────────────────────────────
 0 │  1 # items                             │
 1 │  2 sword = 99                          │
 2 │  3 shield = 88                         │
 3 │  4 potion = 5                          │
 4 │  5 arrow = 2                           │
 5 │  6 bow = 7                             │
 6 │~                                       │
 7 │~                                       │
 8 │~                                       │
 9 │~                                       │
10 │~                                       │
11 │~                                       │
12 │~                                       │
13 │~                                       │
14 │~                                       │
15 │~                                       │
16 │~                                       │
17 │~                                       │
18 │items.py [+]          3,1            All│
19 │:up                                     │ ◂ cursor (19,3)
    ────────────────────────────────────────
[HIGHLIGHT] row 2, cols 0-3: "  3"
[HIGHLIGHT] row 2, cols 4-12: "shield ="
[HIGHLIGHT] row 2, cols 13-14: "88"

[SAY] It shows the last command. Press Up again.
[KEYS] 'up'
[OVERLAY] up

              1         2         3         
    0123456789012345678901234567890123456789
    ────────────────────────────────────────
 0 │  1 # items                             │
 1 │  2 sword = 99                          │
 2 │  3 shield = 88                         │
 3 │  4 potion = 5                          │
 4 │  5 arrow = 2                           │
 5 │  6 bow = 7                             │
 6 │~                                       │
 7 │~                                       │
 8 │~                                       │
 9 │~                                       │
10 │~                                       │
11 │~                                       │
12 │~                                       │
13 │~                                       │
14 │~                                       │
15 │~                                       │
16 │~                                       │
17 │~                                       │
18 │items.py [+]          3,1            All│
19 │:upup                                   │ ◂ cursor (19,5)
    ────────────────────────────────────────
[HIGHLIGHT] row 2, cols 0-3: "  3"
[HIGHLIGHT] row 2, cols 4-12: "shield ="
[HIGHLIGHT] row 2, cols 13-14: "88"

[KEYS] 'up'
[OVERLAY] up

              1         2         3         
    0123456789012345678901234567890123456789
    ────────────────────────────────────────
 0 │  1 # items                             │
 1 │  2 sword = 99                          │
 2 │  3 shield = 88                         │
 3 │  4 potion = 5                          │
 4 │  5 arrow = 2                           │
 5 │  6 bow = 7                             │
 6 │~                                       │
 7 │~                                       │
 8 │~                                       │
 9 │~                                       │
10 │~                                       │
11 │~                                       │
12 │~                                       │
13 │~                                       │
14 │~                                       │
15 │~                                       │
16 │~                                       │
17 │~                                       │
18 │items.py [+]          3,1            All│
19 │:upupup                                 │ ◂ cursor (19,7)
    ────────────────────────────────────────
[HIGHLIGHT] row 2, cols 0-3: "  3"
[HIGHLIGHT] row 2, cols 4-12: "shield ="
[HIGHLIGHT] row 2, cols 13-14: "88"

[SAY] Scrolling through history. Now press Down to go forward.
[KEYS] 'down'
[OVERLAY] down  next command

              1         2         3         
    0123456789012345678901234567890123456789
    ────────────────────────────────────────
 0 │  1 # items                             │
 1 │  2 sword = 99                          │
 2 │  3 shield = 88                         │
 3 │  4 potion = 5                          │
 4 │  5 arrow = 2                           │
 5 │  6 bow = 7                             │
 6 │~                                       │
 7 │~                                       │
 8 │~                                       │
 9 │~                                       │
10 │~                                       │
11 │~                                       │
12 │~                                       │
13 │~                                       │
14 │~                                       │
15 │~                                       │
16 │~                                       │
17 │~                                       │
18 │items.py [+]          3,1            All│
19 │:upupupdown                             │ ◂ cursor (19,11)
    ────────────────────────────────────────
[HIGHLIGHT] row 2, cols 0-3: "  3"
[HIGHLIGHT] row 2, cols 4-12: "shield ="
[HIGHLIGHT] row 2, cols 13-14: "88"

[ESCAPE]

              1         2         3         
    0123456789012345678901234567890123456789
    ────────────────────────────────────────
 0 │  1 # items                             │
 1 │  2 sword = 99                          │
 2 │  3 shield = 88                         │ ◂ cursor (2,4)
 3 │  4 potion = 5                          │
 4 │  5 arrow = 2                           │
 5 │  6 bow = 7                             │
 6 │~                                       │
 7 │~                                       │
 8 │~                                       │
 9 │~                                       │
10 │~                                       │
11 │~                                       │
12 │~                                       │
13 │~                                       │
14 │~                                       │
15 │~                                       │
16 │~                                       │
17 │~                                       │
18 │items.py [+]          3,1            All│
    ────────────────────────────────────────
[HIGHLIGHT] row 2, cols 0-4: "  3"
[HIGHLIGHT] row 2, cols 5-12: "hield ="
[HIGHLIGHT] row 2, cols 13-14: "88"

[SAY] Here's the best part. Type a prefix like colon set, then press Up.
[TYPE] ':set'

              1         2         3         
    0123456789012345678901234567890123456789
    ────────────────────────────────────────
 0 │  1 # items                             │
 1 │  2 sword = 99                          │
 2 │  3 shield = 88                         │
 3 │  4 potion = 5                          │
 4 │  5 arrow = 2                           │
 5 │  6 bow = 7                             │
 6 │~                                       │
 7 │~                                       │
 8 │~                                       │
 9 │~                                       │
10 │~                                       │
11 │~                                       │
12 │~                                       │
13 │~                                       │
14 │~                                       │
15 │~                                       │
16 │~                                       │
17 │~                                       │
18 │items.py [+]          3,1            All│
19 │:set                                    │ ◂ cursor (19,4)
    ────────────────────────────────────────
[HIGHLIGHT] row 2, cols 0-3: "  3"
[HIGHLIGHT] row 2, cols 4-12: "shield ="
[HIGHLIGHT] row 2, cols 13-14: "88"

[KEYS] 'up'
[OVERLAY] up  filtered history

              1         2         3         
    0123456789012345678901234567890123456789
    ────────────────────────────────────────
 0 │  1 # items                             │
 1 │  2 sword = 99                          │
 2 │  3 shield = 88                         │
 3 │  4 potion = 5                          │
 4 │  5 arrow = 2                           │
 5 │  6 bow = 7                             │
 6 │~                                       │
 7 │~                                       │
 8 │~                                       │
 9 │~                                       │
10 │~                                       │
11 │~                                       │
12 │~                                       │
13 │~                                       │
14 │~                                       │
15 │~                                       │
16 │~                                       │
17 │~                                       │
18 │items.py [+]          3,1            All│
19 │:setup                                  │ ◂ cursor (19,6)
    ────────────────────────────────────────
[HIGHLIGHT] row 2, cols 0-3: "  3"
[HIGHLIGHT] row 2, cols 4-12: "shield ="
[HIGHLIGHT] row 2, cols 13-14: "88"

[SAY] It only shows commands starting with set. It skips the substitute commands.
[KEYS] 'up'
[OVERLAY] up

              1         2         3         
    0123456789012345678901234567890123456789
    ────────────────────────────────────────
 0 │  1 # items                             │
 1 │  2 sword = 99                          │
 2 │  3 shield = 88                         │
 3 │  4 potion = 5                          │
 4 │  5 arrow = 2                           │
 5 │  6 bow = 7                             │
 6 │~                                       │
 7 │~                                       │
 8 │~                                       │
 9 │~                                       │
10 │~                                       │
11 │~                                       │
12 │~                                       │
13 │~                                       │
14 │~                                       │
15 │~                                       │
16 │~                                       │
17 │~                                       │
18 │items.py [+]          3,1            All│
19 │:setupup                                │ ◂ cursor (19,8)
    ────────────────────────────────────────
[HIGHLIGHT] row 2, cols 0-3: "  3"
[HIGHLIGHT] row 2, cols 4-12: "shield ="
[HIGHLIGHT] row 2, cols 13-14: "88"

[ESCAPE]

              1         2         3         
    0123456789012345678901234567890123456789
    ────────────────────────────────────────
 0 │  1 # items                             │
 1 │  2 sword = 99                          │
 2 │  3 shield = 88                         │ ◂ cursor (2,4)
 3 │  4 potion = 5                          │
 4 │  5 arrow = 2                           │
 5 │  6 bow = 7                             │
 6 │~                                       │
 7 │~                                       │
 8 │~                                       │
 9 │~                                       │
10 │~                                       │
11 │~                                       │
12 │~                                       │
13 │~                                       │
14 │~                                       │
15 │~                                       │
16 │~                                       │
17 │~                                       │
18 │items.py [+]          3,1            All│
    ────────────────────────────────────────
[HIGHLIGHT] row 2, cols 0-4: "  3"
[HIGHLIGHT] row 2, cols 5-12: "hield ="
[HIGHLIGHT] row 2, cols 13-14: "88"

[SAY] Up and Down arrows. Recall commands, filtered by prefix.