[RECORDING_START] Screen state at recording start:

              1         2         3         
    0123456789012345678901234567890123456789
    ────────────────────────────────────────
 0 │# Quiet Code                            │ ◂ cursor (0,0)
 1 │warning = "disk almost full"            │
 2 │error = "connection lost"               │
 3 │status = "all good"                     │
 4 │print(warning)                          │
 5 │~                                       │
 6 │~                                       │
 7 │~                                       │
 8 │~                                       │
 9 │~                                       │
10 │~                                       │
11 │~                                       │
12 │~                                       │
13 │~                                       │
14 │~                                       │
15 │~                                       │
16 │~                                       │
17 │~                                       │
18 │quiet.py              1,1            All│
    ────────────────────────────────────────

[OVERLAY] VimFu — gU — Uppercase
[SAY] G shift U converts text to uppercase. The opposite of G U. Give it a motion and it shouts.
[SAY] Line two. Move to warning. G shift U W. Uppercase one word.
[KEYS] '2G0'
[OVERLAY] 2G0  line 2

              1         2         3         
    0123456789012345678901234567890123456789
    ────────────────────────────────────────
 0 │# Quiet Code                            │
 1 │warning = "disk almost full"            │ ◂ cursor (1,0)
 2 │error = "connection lost"               │
 3 │status = "all good"                     │
 4 │print(warning)                          │
 5 │~                                       │
 6 │~                                       │
 7 │~                                       │
 8 │~                                       │
 9 │~                                       │
10 │~                                       │
11 │~                                       │
12 │~                                       │
13 │~                                       │
14 │~                                       │
15 │~                                       │
16 │~                                       │
17 │~                                       │
18 │quiet.py              2,1            All│
    ────────────────────────────────────────

[KEYS] 'gUw'
[OVERLAY] gUw  uppercase word

              1         2         3         
    0123456789012345678901234567890123456789
    ────────────────────────────────────────
 0 │# Quiet Code                            │
 1 │WARNING = "disk almost full"            │ ◂ cursor (1,0)
 2 │error = "connection lost"               │
 3 │status = "all good"                     │
 4 │print(warning)                          │
 5 │~                                       │
 6 │~                                       │
 7 │~                                       │
 8 │~                                       │
 9 │~                                       │
10 │~                                       │
11 │~                                       │
12 │~                                       │
13 │~                                       │
14 │~                                       │
15 │~                                       │
16 │~                                       │
17 │~                                       │
18 │quiet.py [+]          2,1            All│
    ────────────────────────────────────────

[SAY] Warning is now capital WARNING. A proper constant name.
[SAY] G shift U U. The whole line.
[KEYS] '3G'
[OVERLAY] 3G  line 3

              1         2         3         
    0123456789012345678901234567890123456789
    ────────────────────────────────────────
 0 │# Quiet Code                            │
 1 │WARNING = "disk almost full"            │
 2 │error = "connection lost"               │ ◂ cursor (2,0)
 3 │status = "all good"                     │
 4 │print(warning)                          │
 5 │~                                       │
 6 │~                                       │
 7 │~                                       │
 8 │~                                       │
 9 │~                                       │
10 │~                                       │
11 │~                                       │
12 │~                                       │
13 │~                                       │
14 │~                                       │
15 │~                                       │
16 │~                                       │
17 │~                                       │
18 │quiet.py [+]          3,1            All│
    ────────────────────────────────────────

[KEYS] 'gUU'
[OVERLAY] gUU  uppercase line

              1         2         3         
    0123456789012345678901234567890123456789
    ────────────────────────────────────────
 0 │# Quiet Code                            │
 1 │WARNING = "disk almost full"            │
 2 │ERROR = "CONNECTION LOST"               │ ◂ cursor (2,0)
 3 │status = "all good"                     │
 4 │print(warning)                          │
 5 │~                                       │
 6 │~                                       │
 7 │~                                       │
 8 │~                                       │
 9 │~                                       │
10 │~                                       │
11 │~                                       │
12 │~                                       │
13 │~                                       │
14 │~                                       │
15 │~                                       │
16 │~                                       │
17 │~                                       │
18 │quiet.py [+]          3,1            All│
    ────────────────────────────────────────

[SAY] Everything on line three is uppercase now.
[SAY] Inside quotes on line four. G shift U I quote.
[KEYS] '4Gf"'
[OVERLAY] 4Gf"  inside quotes

              1         2         3         
    0123456789012345678901234567890123456789
    ────────────────────────────────────────
 0 │# Quiet Code                            │
 1 │WARNING = "disk almost full"            │
 2 │ERROR = "CONNECTION LOST"               │
 3 │status = "all good"                     │ ◂ cursor (3,9)
 4 │print(warning)                          │
 5 │~                                       │
 6 │~                                       │
 7 │~                                       │
 8 │~                                       │
 9 │~                                       │
10 │~                                       │
11 │~                                       │
12 │~                                       │
13 │~                                       │
14 │~                                       │
15 │~                                       │
16 │~                                       │
17 │~                                       │
18 │quiet.py [+]          4,10           All│
    ────────────────────────────────────────

[KEYS] 'gUi"'
[OVERLAY] gUi"  uppercase inside quotes

              1         2         3         
    0123456789012345678901234567890123456789
    ────────────────────────────────────────
 0 │# Quiet Code                            │
 1 │WARNING = "disk almost full"            │
 2 │ERROR = "CONNECTION LOST"               │
 3 │status = "ALL GOOD"                     │ ◂ cursor (3,10)
 4 │print(warning)                          │
 5 │~                                       │
 6 │~                                       │
 7 │~                                       │
 8 │~                                       │
 9 │~                                       │
10 │~                                       │
11 │~                                       │
12 │~                                       │
13 │~                                       │
14 │~                                       │
15 │~                                       │
16 │~                                       │
17 │~                                       │
18 │quiet.py [+]          4,11           All│
    ────────────────────────────────────────

[SAY] Only the string content changed. All good became ALL GOOD.
[SAY] G shift U. Uppercase operator. Pair with any motion. G U for lower. G shift U for upper.