[RECORDING_START] Screen state at recording start:

              1         2         3         
    0123456789012345678901234567890123456789
    ────────────────────────────────────────
 0 │First draft                             │ ◂ cursor (0,0)
 1 │                                        │
 2 │Idea: learn Vim                         │
 3 │Goal: be faster                         │
 4 │Plan: practice daily                    │
 5 │~                                       │
 6 │~                                       │
 7 │~                                       │
 8 │~                                       │
 9 │~                                       │
10 │~                                       │
11 │~                                       │
12 │~                                       │
13 │~                                       │
14 │~                                       │
15 │~                                       │
16 │~                                       │
17 │~                                       │
18 │draft.txt             1,1            All│
    ────────────────────────────────────────

[OVERLAY] VimFu — :wq — Write and Quit
[SAY] Colon W Q does two things at once. Write the file and quit the editor.
[SAY] Add a line first.
[KEYS] 'G'
[OVERLAY] ⇧G  go to end

              1         2         3         
    0123456789012345678901234567890123456789
    ────────────────────────────────────────
 0 │First draft                             │
 1 │                                        │
 2 │Idea: learn Vim                         │
 3 │Goal: be faster                         │
 4 │Plan: practice daily                    │ ◂ cursor (4,0)
 5 │~                                       │
 6 │~                                       │
 7 │~                                       │
 8 │~                                       │
 9 │~                                       │
10 │~                                       │
11 │~                                       │
12 │~                                       │
13 │~                                       │
14 │~                                       │
15 │~                                       │
16 │~                                       │
17 │~                                       │
18 │draft.txt             5,1            All│
    ────────────────────────────────────────

[KEYS] 'o'
[OVERLAY] o  open line below

              1         2         3         
    0123456789012345678901234567890123456789
    ────────────────────────────────────────
 0 │First draft                             │
 1 │                                        │
 2 │Idea: learn Vim                         │
 3 │Goal: be faster                         │
 4 │Plan: practice daily                    │
 5 │                                        │ ◂ cursor (5,0)
 6 │~                                       │
 7 │~                                       │
 8 │~                                       │
 9 │~                                       │
10 │~                                       │
11 │~                                       │
12 │~                                       │
13 │~                                       │
14 │~                                       │
15 │~                                       │
16 │~                                       │
17 │~                                       │
18 │draft.txt [+]         6,1            All│
19 │-- INSERT --                            │
    ────────────────────────────────────────

[TYPE] 'Status: started'

              1         2         3         
    0123456789012345678901234567890123456789
    ────────────────────────────────────────
 0 │First draft                             │
 1 │                                        │
 2 │Idea: learn Vim                         │
 3 │Goal: be faster                         │
 4 │Plan: practice daily                    │
 5 │Status: started                         │ ◂ cursor (5,15)
 6 │~                                       │
 7 │~                                       │
 8 │~                                       │
 9 │~                                       │
10 │~                                       │
11 │~                                       │
12 │~                                       │
13 │~                                       │
14 │~                                       │
15 │~                                       │
16 │~                                       │
17 │~                                       │
18 │draft.txt [+]         6,16           All│
19 │-- INSERT --                            │
    ────────────────────────────────────────

[ESCAPE]

              1         2         3         
    0123456789012345678901234567890123456789
    ────────────────────────────────────────
 0 │First draft                             │
 1 │                                        │
 2 │Idea: learn Vim                         │
 3 │Goal: be faster                         │
 4 │Plan: practice daily                    │
 5 │Status: started                         │ ◂ cursor (5,14)
 6 │~                                       │
 7 │~                                       │
 8 │~                                       │
 9 │~                                       │
10 │~                                       │
11 │~                                       │
12 │~                                       │
13 │~                                       │
14 │~                                       │
15 │~                                       │
16 │~                                       │
17 │~                                       │
18 │draft.txt [+]         6,15           All│
    ────────────────────────────────────────

[SAY] Now colon W Q. Save and exit.
[TYPE] ':wq'

              1         2         3         
    0123456789012345678901234567890123456789
    ────────────────────────────────────────
 0 │First draft                             │
 1 │                                        │
 2 │Idea: learn Vim                         │
 3 │Goal: be faster                         │
 4 │Plan: practice daily                    │
 5 │Status: started                         │
 6 │~                                       │
 7 │~                                       │
 8 │~                                       │
 9 │~                                       │
10 │~                                       │
11 │~                                       │
12 │~                                       │
13 │~                                       │
14 │~                                       │
15 │~                                       │
16 │~                                       │
17 │~                                       │
18 │draft.txt [+]         6,15           All│
19 │:wq                                     │ ◂ cursor (19,3)
    ────────────────────────────────────────

[ENTER]

              1         2         3         
    0123456789012345678901234567890123456789
    ────────────────────────────────────────
 0 │First draft                             │
 1 │                                        │
 2 │Idea: learn Vim                         │
 3 │Goal: be faster                         │
 4 │Plan: practice daily                    │
 5 │Status: started                         │
 6 │~                                       │
 7 │~                                       │
 8 │~                                       │
 9 │~                                       │
10 │~                                       │
11 │~                                       │
12 │~                                       │
13 │~                                       │
14 │~                                       │
15 │~                                       │
16 │~                                       │
17 │~                                       │
18 │draft.txt [+]         6,15           All│
19 │"draft.txt" 6L, 82B written             │ ◂ cursor (19,27)
    ────────────────────────────────────────

[SAY] Back at the shell. The file was saved and Vim closed. One command, two actions.