[RECORDING_START] Screen state at recording start:

              1         2         3         
    0123456789012345678901234567890123456789
    ────────────────────────────────────────
 0 │# Item Shop                             │ ◂ cursor (0,0)
 1 │def buy(item, gold):                    │
 2 │    return gold - item.price            │
 3 │                                        │
 4 │def sell(item, gold):                   │
 5 │    return gold + item.price // 2       │
 6 │                                        │
 7 │# Transaction                           │
 8 │cost = buy(sword, 100)                  │
 9 │earned = sell(potion, 50)               │
10 │~                                       │
11 │~                                       │
12 │~                                       │
13 │~                                       │
14 │~                                       │
15 │~                                       │
16 │~                                       │
17 │~                                       │
18 │shop.py               1,1            All│
    ────────────────────────────────────────

[OVERLAY] VimFu — Ctrl-W z — Close Preview
[SAY] Control W Z closes the preview window. A dedicated command just for previews.
[SAY] Open a preview first. Move to buy and preview it.
[KEYS] '9G'
[OVERLAY] 9G  line 9

              1         2         3         
    0123456789012345678901234567890123456789
    ────────────────────────────────────────
 0 │# Item Shop                             │
 1 │def buy(item, gold):                    │
 2 │    return gold - item.price            │
 3 │                                        │
 4 │def sell(item, gold):                   │
 5 │    return gold + item.price // 2       │
 6 │                                        │
 7 │# Transaction                           │
 8 │cost = buy(sword, 100)                  │ ◂ cursor (8,0)
 9 │earned = sell(potion, 50)               │
10 │~                                       │
11 │~                                       │
12 │~                                       │
13 │~                                       │
14 │~                                       │
15 │~                                       │
16 │~                                       │
17 │~                                       │
18 │shop.py               9,1            All│
    ────────────────────────────────────────

[KEYS] 'w'
[OVERLAY] w  next word

              1         2         3         
    0123456789012345678901234567890123456789
    ────────────────────────────────────────
 0 │# Item Shop                             │
 1 │def buy(item, gold):                    │
 2 │    return gold - item.price            │
 3 │                                        │
 4 │def sell(item, gold):                   │
 5 │    return gold + item.price // 2       │
 6 │                                        │
 7 │# Transaction                           │
 8 │cost = buy(sword, 100)                  │ ◂ cursor (8,5)
 9 │earned = sell(potion, 50)               │
10 │~                                       │
11 │~                                       │
12 │~                                       │
13 │~                                       │
14 │~                                       │
15 │~                                       │
16 │~                                       │
17 │~                                       │
18 │shop.py               9,6            All│
    ────────────────────────────────────────

[KEYS] 'w'
[OVERLAY] w  to buy

              1         2         3         
    0123456789012345678901234567890123456789
    ────────────────────────────────────────
 0 │# Item Shop                             │
 1 │def buy(item, gold):                    │
 2 │    return gold - item.price            │
 3 │                                        │
 4 │def sell(item, gold):                   │
 5 │    return gold + item.price // 2       │
 6 │                                        │
 7 │# Transaction                           │
 8 │cost = buy(sword, 100)                  │ ◂ cursor (8,7)
 9 │earned = sell(potion, 50)               │
10 │~                                       │
11 │~                                       │
12 │~                                       │
13 │~                                       │
14 │~                                       │
15 │~                                       │
16 │~                                       │
17 │~                                       │
18 │shop.py               9,8            All│
    ────────────────────────────────────────

[KEYS] '\x17}'
[OVERLAY] ⌃w}  preview tag

              1         2         3         
    0123456789012345678901234567890123456789
    ────────────────────────────────────────
 0 │# Item Shop                             │
 1 │def buy(item, gold):                    │
 2 │    return gold - item.price            │
 3 │                                        │
 4 │def sell(item, gold):                   │
 5 │    return gold + item.price // 2       │
 6 │                                        │
 7 │# Transaction                           │
 8 │cost = buy(sword, 100)                  │
 9 │earned = sell(potion, 50)               │
10 │~                                       │
11 │~                                       │
12 │shop.py [Preview]     2,1            All│
13 │                                        │
14 │# Transaction                           │
15 │cost = buy(sword, 100)                  │ ◂ cursor (15,7)
16 │earned = sell(potion, 50)               │
17 │~                                       │
18 │shop.py               9,8            Bot│
    ────────────────────────────────────────
[HIGHLIGHT] row 12, cols 0-39: "shop.py [Preview]     2,1            All"

[KEYS] '\r'
[OVERLAY] ⏎

              1         2         3         
    0123456789012345678901234567890123456789
    ────────────────────────────────────────
 0 │# Item Shop                             │
 1 │def buy(item, gold):                    │
 2 │    return gold - item.price            │
 3 │                                        │
 4 │def sell(item, gold):                   │
 5 │    return gold + item.price // 2       │
 6 │                                        │
 7 │# Transaction                           │
 8 │cost = buy(sword, 100)                  │
 9 │earned = sell(potion, 50)               │
10 │~                                       │
11 │~                                       │
12 │shop.py [Preview]     2,1            All│
13 │                                        │
14 │# Transaction                           │
15 │cost = buy(sword, 100)                  │
16 │earned = sell(potion, 50)               │ ◂ cursor (16,0)
17 │~                                       │
18 │shop.py               10,1           Bot│
    ────────────────────────────────────────
[HIGHLIGHT] row 12, cols 0-39: "shop.py [Preview]     2,1            All"

[SAY] Preview is showing the buy function. Close it.
[KEYS] '\x17z'
[OVERLAY] ⌃wz  close preview

              1         2         3         
    0123456789012345678901234567890123456789
    ────────────────────────────────────────
 0 │# Item Shop                             │
 1 │def buy(item, gold):                    │
 2 │    return gold - item.price            │
 3 │                                        │
 4 │def sell(item, gold):                   │
 5 │    return gold + item.price // 2       │
 6 │                                        │
 7 │# Transaction                           │
 8 │cost = buy(sword, 100)                  │
 9 │earned = sell(potion, 50)               │ ◂ cursor (9,0)
10 │~                                       │
11 │~                                       │
12 │~                                       │
13 │~                                       │
14 │~                                       │
15 │~                                       │
16 │~                                       │
17 │~                                       │
18 │shop.py               10,1           All│
    ────────────────────────────────────────

[SAY] Gone. Clean screen again.
[SAY] Preview sell this time.
[KEYS] 'j'
[OVERLAY] j  down

              1         2         3         
    0123456789012345678901234567890123456789
    ────────────────────────────────────────
 0 │# Item Shop                             │
 1 │def buy(item, gold):                    │
 2 │    return gold - item.price            │
 3 │                                        │
 4 │def sell(item, gold):                   │
 5 │    return gold + item.price // 2       │
 6 │                                        │
 7 │# Transaction                           │
 8 │cost = buy(sword, 100)                  │
 9 │earned = sell(potion, 50)               │ ◂ cursor (9,0)
10 │~                                       │
11 │~                                       │
12 │~                                       │
13 │~                                       │
14 │~                                       │
15 │~                                       │
16 │~                                       │
17 │~                                       │
18 │shop.py               10,1           All│
    ────────────────────────────────────────

[KEYS] 'w'
[OVERLAY] w  next word

              1         2         3         
    0123456789012345678901234567890123456789
    ────────────────────────────────────────
 0 │# Item Shop                             │
 1 │def buy(item, gold):                    │
 2 │    return gold - item.price            │
 3 │                                        │
 4 │def sell(item, gold):                   │
 5 │    return gold + item.price // 2       │
 6 │                                        │
 7 │# Transaction                           │
 8 │cost = buy(sword, 100)                  │
 9 │earned = sell(potion, 50)               │ ◂ cursor (9,7)
10 │~                                       │
11 │~                                       │
12 │~                                       │
13 │~                                       │
14 │~                                       │
15 │~                                       │
16 │~                                       │
17 │~                                       │
18 │shop.py               10,8           All│
    ────────────────────────────────────────

[KEYS] 'w'
[OVERLAY] w  to sell

              1         2         3         
    0123456789012345678901234567890123456789
    ────────────────────────────────────────
 0 │# Item Shop                             │
 1 │def buy(item, gold):                    │
 2 │    return gold - item.price            │
 3 │                                        │
 4 │def sell(item, gold):                   │
 5 │    return gold + item.price // 2       │
 6 │                                        │
 7 │# Transaction                           │
 8 │cost = buy(sword, 100)                  │
 9 │earned = sell(potion, 50)               │ ◂ cursor (9,9)
10 │~                                       │
11 │~                                       │
12 │~                                       │
13 │~                                       │
14 │~                                       │
15 │~                                       │
16 │~                                       │
17 │~                                       │
18 │shop.py               10,10          All│
    ────────────────────────────────────────

[KEYS] '\x17}'
[OVERLAY] ⌃w}  preview tag

              1         2         3         
    0123456789012345678901234567890123456789
    ────────────────────────────────────────
 0 │# Item Shop                             │
 1 │def buy(item, gold):                    │
 2 │    return gold - item.price            │
 3 │                                        │
 4 │def sell(item, gold):                   │
 5 │    return gold + item.price // 2       │
 6 │                                        │
 7 │# Transaction                           │
 8 │cost = buy(sword, 100)                  │
 9 │earned = sell(potion, 50)               │
10 │~                                       │
11 │~                                       │
12 │shop.py [Preview]     5,1            All│
13 │# Transaction                           │
14 │cost = buy(sword, 100)                  │
15 │earned = sell(potion, 50)               │ ◂ cursor (15,9)
16 │~                                       │
17 │~                                       │
18 │shop.py               10,10          Bot│
    ────────────────────────────────────────
[HIGHLIGHT] row 12, cols 0-39: "shop.py [Preview]     5,1            All"

[KEYS] '\r'
[OVERLAY] ⏎

              1         2         3         
    0123456789012345678901234567890123456789
    ────────────────────────────────────────
 0 │# Item Shop                             │
 1 │def buy(item, gold):                    │
 2 │    return gold - item.price            │
 3 │                                        │
 4 │def sell(item, gold):                   │
 5 │    return gold + item.price // 2       │
 6 │                                        │
 7 │# Transaction                           │
 8 │cost = buy(sword, 100)                  │
 9 │earned = sell(potion, 50)               │
10 │~                                       │
11 │~                                       │
12 │shop.py [Preview]     5,1            All│
13 │# Transaction                           │
14 │cost = buy(sword, 100)                  │
15 │earned = sell(potion, 50)               │ ◂ cursor (15,9)
16 │~                                       │
17 │~                                       │
18 │shop.py               10,10          Bot│
    ────────────────────────────────────────
[HIGHLIGHT] row 12, cols 0-39: "shop.py [Preview]     5,1            All"

[KEYS] '\x17z'
[OVERLAY] ⌃wz  close preview

              1         2         3         
    0123456789012345678901234567890123456789
    ────────────────────────────────────────
 0 │# Item Shop                             │
 1 │def buy(item, gold):                    │
 2 │    return gold - item.price            │
 3 │                                        │
 4 │def sell(item, gold):                   │
 5 │    return gold + item.price // 2       │
 6 │                                        │
 7 │# Transaction                           │
 8 │cost = buy(sword, 100)                  │
 9 │earned = sell(potion, 50)               │ ◂ cursor (9,9)
10 │~                                       │
11 │~                                       │
12 │~                                       │
13 │~                                       │
14 │~                                       │
15 │~                                       │
16 │~                                       │
17 │~                                       │
18 │shop.py               10,10          All│
    ────────────────────────────────────────

[SAY] Open, peek, close. Quick and clean.
[SAY] Control W Z. Close the preview window. You can also use colon P close for the same thing.