[RECORDING_START] Screen state at recording start:

              1         2         3         
    0123456789012345678901234567890123456789
    ────────────────────────────────────────
 0 │  1 # Spaceship Simulator               │ ◂ cursor (0,4)
 1 │  2 import math                         │
 2 │  3                                     │
 3 │  4 class Ship:                         │
 4 │  5     def __init__(self, name):       │
 5 │  6         self.name = name            │
 6 │  7         self.x = 0                  │
 7 │  8         self.y = 0                  │
 8 │  9         self.fuel = 100             │
 9 │ 10         self.speed = 0              │
10 │ 11                                     │
11 │ 12     def thrust(self, power):        │
12 │ 13         self.speed += power         │
13 │ 14         self.fuel -= power * 0.1    │
14 │ 15                                     │
15 │ 16     def move(self):                 │
16 │ 17         self.x += self.speed        │
17 │ 18                                     │
18 │ship.py               1,1            Top│
    ────────────────────────────────────────

[OVERLAY] VimFu — gg — Go to Top
[SAY] G G jumps to the first line of the file. Shift G goes to the last line. G G goes to the first.
[SAY] Shift G to go to the last line.
[KEYS] 'G'
[OVERLAY] ⇧G  G — last line

              1         2         3         
    0123456789012345678901234567890123456789
    ────────────────────────────────────────
 0 │ 20         self.speed = max(0, self.spe│
 1 │    ed - 5)                             │
 2 │ 21                                     │
 3 │ 22 class Fleet:                        │
 4 │ 23     def __init__(self):             │
 5 │ 24         self.ships = []             │
 6 │ 25                                     │
 7 │ 26     def add(self, ship):            │
 8 │ 27         self.ships.append(ship)     │
 9 │ 28                                     │
10 │ 29     def move_all(self):             │
11 │ 30         for ship in self.ships:     │
12 │ 31             ship.move()             │
13 │ 32                                     │
14 │ 33     def status(self):               │
15 │ 34         for s in self.ships:        │
16 │ 35             print(f"{s.name}: ({s.x}│ ◂ cursor (16,4)
17 │    ,{s.y})")                           │
18 │ship.py               35,1           Bot│
    ────────────────────────────────────────

[SAY] Now G G to jump back to line one.
[KEYS] 'gg'
[OVERLAY] gg  gg — first line

              1         2         3         
    0123456789012345678901234567890123456789
    ────────────────────────────────────────
 0 │  1 # Spaceship Simulator               │ ◂ cursor (0,4)
 1 │  2 import math                         │
 2 │  3                                     │
 3 │  4 class Ship:                         │
 4 │  5     def __init__(self, name):       │
 5 │  6         self.name = name            │
 6 │  7         self.x = 0                  │
 7 │  8         self.y = 0                  │
 8 │  9         self.fuel = 100             │
 9 │ 10         self.speed = 0              │
10 │ 11                                     │
11 │ 12     def thrust(self, power):        │
12 │ 13         self.speed += power         │
13 │ 14         self.fuel -= power * 0.1    │
14 │ 15                                     │
15 │ 16     def move(self):                 │
16 │ 17         self.x += self.speed        │
17 │ 18                                     │
18 │ship.py               1,1            Top│
    ────────────────────────────────────────

[SAY] Back at the top. Line one.
[SAY] With a count, G G goes to that line number. Twenty two G G.
[KEYS] '22gg'
[OVERLAY] 22gg  22gg — line 22

              1         2         3         
    0123456789012345678901234567890123456789
    ────────────────────────────────────────
 0 │  6         self.name = name            │
 1 │  7         self.x = 0                  │
 2 │  8         self.y = 0                  │
 3 │  9         self.fuel = 100             │
 4 │ 10         self.speed = 0              │
 5 │ 11                                     │
 6 │ 12     def thrust(self, power):        │
 7 │ 13         self.speed += power         │
 8 │ 14         self.fuel -= power * 0.1    │
 9 │ 15                                     │
10 │ 16     def move(self):                 │
11 │ 17         self.x += self.speed        │
12 │ 18                                     │
13 │ 19     def brake(self):                │
14 │ 20         self.speed = max(0, self.spe│
15 │    ed - 5)                             │
16 │ 21                                     │
17 │ 22 class Fleet:                        │ ◂ cursor (17,4)
18 │ship.py               22,1           27%│
    ────────────────────────────────────────

[SAY] Line twenty two. The Fleet class.
[SAY] Ten G G.
[KEYS] '10gg'
[OVERLAY] 10gg  10gg — line 10

              1         2         3         
    0123456789012345678901234567890123456789
    ────────────────────────────────────────
 0 │  6         self.name = name            │
 1 │  7         self.x = 0                  │
 2 │  8         self.y = 0                  │
 3 │  9         self.fuel = 100             │
 4 │ 10         self.speed = 0              │ ◂ cursor (4,4)
 5 │ 11                                     │
 6 │ 12     def thrust(self, power):        │
 7 │ 13         self.speed += power         │
 8 │ 14         self.fuel -= power * 0.1    │
 9 │ 15                                     │
10 │ 16     def move(self):                 │
11 │ 17         self.x += self.speed        │
12 │ 18                                     │
13 │ 19     def brake(self):                │
14 │ 20         self.speed = max(0, self.spe│
15 │    ed - 5)                             │
16 │ 21                                     │
17 │ 22 class Fleet:                        │
18 │ship.py               10,1           27%│
    ────────────────────────────────────────

[SAY] Line ten. Same as ten G, just a different style.
[SAY] G G with no count always goes to line one.
[KEYS] 'gg'
[OVERLAY] gg  gg — top

              1         2         3         
    0123456789012345678901234567890123456789
    ────────────────────────────────────────
 0 │  1 # Spaceship Simulator               │ ◂ cursor (0,4)
 1 │  2 import math                         │
 2 │  3                                     │
 3 │  4 class Ship:                         │
 4 │  5     def __init__(self, name):       │
 5 │  6         self.name = name            │
 6 │  7         self.x = 0                  │
 7 │  8         self.y = 0                  │
 8 │  9         self.fuel = 100             │
 9 │ 10         self.speed = 0              │
10 │ 11                                     │
11 │ 12     def thrust(self, power):        │
12 │ 13         self.speed += power         │
13 │ 14         self.fuel -= power * 0.1    │
14 │ 15                                     │
15 │ 16     def move(self):                 │
16 │ 17         self.x += self.speed        │
17 │ 18                                     │
18 │ship.py               1,1            Top│
    ────────────────────────────────────────

[SAY] Top of the file.
[SAY] G G. Jump to the top. Shift G for the bottom, G G for the top. Add a count to go to any line.