[RECORDING_START] Screen state at recording start:

              1         2         3         
    0123456789012345678901234567890123456789
    ────────────────────────────────────────
 0 │Project Notes                           │ ◂ cursor (0,0)
 1 │                                        │
 2 │Deadline: Friday                        │
 3 │Status: In Progress                     │
 4 │Priority: High                          │
 5 │~                                       │
 6 │~                                       │
 7 │~                                       │
 8 │~                                       │
 9 │~                                       │
10 │~                                       │
11 │~                                       │
12 │~                                       │
13 │~                                       │
14 │~                                       │
15 │~                                       │
16 │~                                       │
17 │~                                       │
18 │memo.txt              1,1            All│
    ────────────────────────────────────────

[OVERLAY] VimFu — :w — Write (Save)
[SAY] Colon W saves the file to disk. W stands for write.
[SAY] Make a change first. Go to the end and add a line.
[KEYS] 'G'
[OVERLAY] ⇧G  go to end

              1         2         3         
    0123456789012345678901234567890123456789
    ────────────────────────────────────────
 0 │Project Notes                           │
 1 │                                        │
 2 │Deadline: Friday                        │
 3 │Status: In Progress                     │
 4 │Priority: High                          │ ◂ cursor (4,0)
 5 │~                                       │
 6 │~                                       │
 7 │~                                       │
 8 │~                                       │
 9 │~                                       │
10 │~                                       │
11 │~                                       │
12 │~                                       │
13 │~                                       │
14 │~                                       │
15 │~                                       │
16 │~                                       │
17 │~                                       │
18 │memo.txt              5,1            All│
    ────────────────────────────────────────

[KEYS] 'o'
[OVERLAY] o  open line below

              1         2         3         
    0123456789012345678901234567890123456789
    ────────────────────────────────────────
 0 │Project Notes                           │
 1 │                                        │
 2 │Deadline: Friday                        │
 3 │Status: In Progress                     │
 4 │Priority: High                          │
 5 │                                        │ ◂ cursor (5,0)
 6 │~                                       │
 7 │~                                       │
 8 │~                                       │
 9 │~                                       │
10 │~                                       │
11 │~                                       │
12 │~                                       │
13 │~                                       │
14 │~                                       │
15 │~                                       │
16 │~                                       │
17 │~                                       │
18 │memo.txt [+]          6,1            All│
19 │-- INSERT --                            │
    ────────────────────────────────────────

[TYPE] 'Owner: Team Alpha'

              1         2         3         
    0123456789012345678901234567890123456789
    ────────────────────────────────────────
 0 │Project Notes                           │
 1 │                                        │
 2 │Deadline: Friday                        │
 3 │Status: In Progress                     │
 4 │Priority: High                          │
 5 │Owner: Team Alpha                       │ ◂ cursor (5,17)
 6 │~                                       │
 7 │~                                       │
 8 │~                                       │
 9 │~                                       │
10 │~                                       │
11 │~                                       │
12 │~                                       │
13 │~                                       │
14 │~                                       │
15 │~                                       │
16 │~                                       │
17 │~                                       │
18 │memo.txt [+]          6,18           All│
19 │-- INSERT --                            │
    ────────────────────────────────────────

[ESCAPE]

              1         2         3         
    0123456789012345678901234567890123456789
    ────────────────────────────────────────
 0 │Project Notes                           │
 1 │                                        │
 2 │Deadline: Friday                        │
 3 │Status: In Progress                     │
 4 │Priority: High                          │
 5 │Owner: Team Alpha                       │ ◂ cursor (5,16)
 6 │~                                       │
 7 │~                                       │
 8 │~                                       │
 9 │~                                       │
10 │~                                       │
11 │~                                       │
12 │~                                       │
13 │~                                       │
14 │~                                       │
15 │~                                       │
16 │~                                       │
17 │~                                       │
18 │memo.txt [+]          6,17           All│
    ────────────────────────────────────────

[SAY] Now save with colon W.
[TYPE] ':w'

              1         2         3         
    0123456789012345678901234567890123456789
    ────────────────────────────────────────
 0 │Project Notes                           │
 1 │                                        │
 2 │Deadline: Friday                        │
 3 │Status: In Progress                     │
 4 │Priority: High                          │
 5 │Owner: Team Alpha                       │
 6 │~                                       │
 7 │~                                       │
 8 │~                                       │
 9 │~                                       │
10 │~                                       │
11 │~                                       │
12 │~                                       │
13 │~                                       │
14 │~                                       │
15 │~                                       │
16 │~                                       │
17 │~                                       │
18 │memo.txt [+]          6,17           All│
19 │:w                                      │ ◂ cursor (19,2)
    ────────────────────────────────────────

[ENTER]

              1         2         3         
    0123456789012345678901234567890123456789
    ────────────────────────────────────────
 0 │Project Notes                           │
 1 │                                        │
 2 │Deadline: Friday                        │
 3 │Status: In Progress                     │
 4 │Priority: High                          │
 5 │Owner: Team Alpha                       │ ◂ cursor (5,16)
 6 │~                                       │
 7 │~                                       │
 8 │~                                       │
 9 │~                                       │
10 │~                                       │
11 │~                                       │
12 │~                                       │
13 │~                                       │
14 │~                                       │
15 │~                                       │
16 │~                                       │
17 │~                                       │
18 │memo.txt              6,17           All│
19 │"memo.txt" 6L, 85B written              │
    ────────────────────────────────────────

[SAY] Written. The status bar confirms the file was saved. Your changes are on disk.
[SAY] Colon W. Write the file. You stay in the editor and can keep working.