[RECORDING_START] Screen state at recording start:

              1         2         3         
    0123456789012345678901234567890123456789
    в”Ђв”Ђв”Ђв”Ђв”Ђв”Ђв”Ђв”Ђв”Ђв”Ђв”Ђв”Ђв”Ђв”Ђв”Ђв”Ђв”Ђв”Ђв”Ђв”Ђв”Ђв”Ђв”Ђв”Ђв”Ђв”Ђв”Ђв”Ђв”Ђв”Ђв”Ђв”Ђв”Ђв”Ђв”Ђв”Ђв”Ђв”Ђв”Ђв”Ђ
 0 в”‚# Dungeon Generator                     в”‚ в—‚ cursor (0,0)
 1 в”‚import random                           в”‚
 2 в”‚                                        в”‚
 3 в”‚ROOMS = 25                              в”‚
 4 в”‚MIN_SIZE = 4                            в”‚
 5 в”‚MAX_SIZE = 12                           в”‚
 6 в”‚                                        в”‚
 7 в”‚def roll_dice(n, sides):                в”‚
 8 в”‚    return sum(random.randint(1, sides) в”‚
 9 в”‚for _ in range(n))                      в”‚
10 в”‚                                        в”‚
11 в”‚def gen_room(room_id):                  в”‚
12 в”‚    w = random.randint(MIN_SIZE, MAX_SIZв”‚
13 в”‚E)                                      в”‚
14 в”‚    h = random.randint(MIN_SIZE, MAX_SIZв”‚
15 в”‚E)                                      в”‚
16 в”‚    x = random.randint(0, 80 - w)       в”‚
17 в”‚    y = random.randint(0, 50 - h)       в”‚
18 в”‚dungeon.py            1,1            Topв”‚
    в”Ђв”Ђв”Ђв”Ђв”Ђв”Ђв”Ђв”Ђв”Ђв”Ђв”Ђв”Ђв”Ђв”Ђв”Ђв”Ђв”Ђв”Ђв”Ђв”Ђв”Ђв”Ђв”Ђв”Ђв”Ђв”Ђв”Ђв”Ђв”Ђв”Ђв”Ђв”Ђв”Ђв”Ђв”Ђв”Ђв”Ђв”Ђв”Ђв”Ђ

[OVERLAY] VimFu вЂ” Center / Top / Bottom
[SAY] Sometimes the cursor drifts to the edge of the screen. Z commands fix that.
[SAY] Let me scroll down to the middle of the file.
[KEYS] '\x04'
[OVERLAY] вЊѓd  Ctrl-D  half page down

              1         2         3         
    0123456789012345678901234567890123456789
    в”Ђв”Ђв”Ђв”Ђв”Ђв”Ђв”Ђв”Ђв”Ђв”Ђв”Ђв”Ђв”Ђв”Ђв”Ђв”Ђв”Ђв”Ђв”Ђв”Ђв”Ђв”Ђв”Ђв”Ђв”Ђв”Ђв”Ђв”Ђв”Ђв”Ђв”Ђв”Ђв”Ђв”Ђв”Ђв”Ђв”Ђв”Ђв”Ђв”Ђ
 0 в”‚    return sum(random.randint(1, sides) в”‚ в—‚ cursor (0,0)
 1 в”‚for _ in range(n))                      в”‚
 2 в”‚                                        в”‚
 3 в”‚def gen_room(room_id):                  в”‚
 4 в”‚    w = random.randint(MIN_SIZE, MAX_SIZв”‚
 5 в”‚E)                                      в”‚
 6 в”‚    h = random.randint(MIN_SIZE, MAX_SIZв”‚
 7 в”‚E)                                      в”‚
 8 в”‚    x = random.randint(0, 80 - w)       в”‚
 9 в”‚    y = random.randint(0, 50 - h)       в”‚
10 в”‚    return {"id": room_id, "x": x, "y": в”‚
11 в”‚y, "w": w, "h": h}                      в”‚
12 в”‚                                        в”‚
13 в”‚def place_treasure(room):               в”‚
14 в”‚    gold = roll_dice(3, 6) * 10         в”‚
15 в”‚    gems = roll_dice(1, 4)              в”‚
16 в”‚    return {"gold": gold, "gems": gems} в”‚
17 в”‚                                        в”‚
18 в”‚dungeon.py            9,1            33%в”‚
    в”Ђв”Ђв”Ђв”Ђв”Ђв”Ђв”Ђв”Ђв”Ђв”Ђв”Ђв”Ђв”Ђв”Ђв”Ђв”Ђв”Ђв”Ђв”Ђв”Ђв”Ђв”Ђв”Ђв”Ђв”Ђв”Ђв”Ђв”Ђв”Ђв”Ђв”Ђв”Ђв”Ђв”Ђв”Ђв”Ђв”Ђв”Ђв”Ђв”Ђ

[KEYS] '\x04'
[OVERLAY] вЊѓd  Ctrl-D  half page down

              1         2         3         
    0123456789012345678901234567890123456789
    в”Ђв”Ђв”Ђв”Ђв”Ђв”Ђв”Ђв”Ђв”Ђв”Ђв”Ђв”Ђв”Ђв”Ђв”Ђв”Ђв”Ђв”Ђв”Ђв”Ђв”Ђв”Ђв”Ђв”Ђв”Ђв”Ђв”Ђв”Ђв”Ђв”Ђв”Ђв”Ђв”Ђв”Ђв”Ђв”Ђв”Ђв”Ђв”Ђв”Ђ
 0 в”‚    y = random.randint(0, 50 - h)       в”‚ в—‚ cursor (0,0)
 1 в”‚    return {"id": room_id, "x": x, "y": в”‚
 2 в”‚y, "w": w, "h": h}                      в”‚
 3 в”‚                                        в”‚
 4 в”‚def place_treasure(room):               в”‚
 5 в”‚    gold = roll_dice(3, 6) * 10         в”‚
 6 в”‚    gems = roll_dice(1, 4)              в”‚
 7 в”‚    return {"gold": gold, "gems": gems} в”‚
 8 в”‚                                        в”‚
 9 в”‚def spawn_monster(room, difficulty):    в”‚
10 в”‚    hp = roll_dice(difficulty, 8)       в”‚
11 в”‚    atk = roll_dice(difficulty, 6)      в”‚
12 в”‚    return {"hp": hp, "atk": atk, "room"в”‚
13 в”‚: room["id"]}                           в”‚
14 в”‚                                        в”‚
15 в”‚def connect_rooms(a, b):                в”‚
16 в”‚    mid_x = (a["x"] + b["x"]) // 2      в”‚
17 в”‚    mid_y = (a["y"] + b["y"]) // 2      в”‚
18 в”‚dungeon.py            15,1           63%в”‚
    в”Ђв”Ђв”Ђв”Ђв”Ђв”Ђв”Ђв”Ђв”Ђв”Ђв”Ђв”Ђв”Ђв”Ђв”Ђв”Ђв”Ђв”Ђв”Ђв”Ђв”Ђв”Ђв”Ђв”Ђв”Ђв”Ђв”Ђв”Ђв”Ђв”Ђв”Ђв”Ђв”Ђв”Ђв”Ђв”Ђв”Ђв”Ђв”Ђв”Ђ

[SAY] Z Z centers the current line on screen.
[KEYS] 'zz'
[OVERLAY] zz  center cursor line

              1         2         3         
    0123456789012345678901234567890123456789
    в”Ђв”Ђв”Ђв”Ђв”Ђв”Ђв”Ђв”Ђв”Ђв”Ђв”Ђв”Ђв”Ђв”Ђв”Ђв”Ђв”Ђв”Ђв”Ђв”Ђв”Ђв”Ђв”Ђв”Ђв”Ђв”Ђв”Ђв”Ђв”Ђв”Ђв”Ђв”Ђв”Ђв”Ђв”Ђв”Ђв”Ђв”Ђв”Ђв”Ђ
 0 в”‚    return sum(random.randint(1, sides) в”‚
 1 в”‚for _ in range(n))                      в”‚
 2 в”‚                                        в”‚
 3 в”‚def gen_room(room_id):                  в”‚
 4 в”‚    w = random.randint(MIN_SIZE, MAX_SIZв”‚
 5 в”‚E)                                      в”‚
 6 в”‚    h = random.randint(MIN_SIZE, MAX_SIZв”‚
 7 в”‚E)                                      в”‚
 8 в”‚    x = random.randint(0, 80 - w)       в”‚
 9 в”‚    y = random.randint(0, 50 - h)       в”‚ в—‚ cursor (9,0)
10 в”‚    return {"id": room_id, "x": x, "y": в”‚
11 в”‚y, "w": w, "h": h}                      в”‚
12 в”‚                                        в”‚
13 в”‚def place_treasure(room):               в”‚
14 в”‚    gold = roll_dice(3, 6) * 10         в”‚
15 в”‚    gems = roll_dice(1, 4)              в”‚
16 в”‚    return {"gold": gold, "gems": gems} в”‚
17 в”‚                                        в”‚
18 в”‚dungeon.py            15,1           33%в”‚
    в”Ђв”Ђв”Ђв”Ђв”Ђв”Ђв”Ђв”Ђв”Ђв”Ђв”Ђв”Ђв”Ђв”Ђв”Ђв”Ђв”Ђв”Ђв”Ђв”Ђв”Ђв”Ђв”Ђв”Ђв”Ђв”Ђв”Ђв”Ђв”Ђв”Ђв”Ђв”Ђв”Ђв”Ђв”Ђв”Ђв”Ђв”Ђв”Ђв”Ђ

[SAY] Same line, but now it's in the middle. Much easier to read context above and below.
[SAY] Z T moves the cursor line to the top.
[KEYS] 'zt'
[OVERLAY] zt  cursor line to top

              1         2         3         
    0123456789012345678901234567890123456789
    в”Ђв”Ђв”Ђв”Ђв”Ђв”Ђв”Ђв”Ђв”Ђв”Ђв”Ђв”Ђв”Ђв”Ђв”Ђв”Ђв”Ђв”Ђв”Ђв”Ђв”Ђв”Ђв”Ђв”Ђв”Ђв”Ђв”Ђв”Ђв”Ђв”Ђв”Ђв”Ђв”Ђв”Ђв”Ђв”Ђв”Ђв”Ђв”Ђв”Ђ
 0 в”‚    y = random.randint(0, 50 - h)       в”‚ в—‚ cursor (0,0)
 1 в”‚    return {"id": room_id, "x": x, "y": в”‚
 2 в”‚y, "w": w, "h": h}                      в”‚
 3 в”‚                                        в”‚
 4 в”‚def place_treasure(room):               в”‚
 5 в”‚    gold = roll_dice(3, 6) * 10         в”‚
 6 в”‚    gems = roll_dice(1, 4)              в”‚
 7 в”‚    return {"gold": gold, "gems": gems} в”‚
 8 в”‚                                        в”‚
 9 в”‚def spawn_monster(room, difficulty):    в”‚
10 в”‚    hp = roll_dice(difficulty, 8)       в”‚
11 в”‚    atk = roll_dice(difficulty, 6)      в”‚
12 в”‚    return {"hp": hp, "atk": atk, "room"в”‚
13 в”‚: room["id"]}                           в”‚
14 в”‚                                        в”‚
15 в”‚def connect_rooms(a, b):                в”‚
16 в”‚    mid_x = (a["x"] + b["x"]) // 2      в”‚
17 в”‚    mid_y = (a["y"] + b["y"]) // 2      в”‚
18 в”‚dungeon.py            15,1           63%в”‚
    в”Ђв”Ђв”Ђв”Ђв”Ђв”Ђв”Ђв”Ђв”Ђв”Ђв”Ђв”Ђв”Ђв”Ђв”Ђв”Ђв”Ђв”Ђв”Ђв”Ђв”Ђв”Ђв”Ђв”Ђв”Ђв”Ђв”Ђв”Ђв”Ђв”Ђв”Ђв”Ђв”Ђв”Ђв”Ђв”Ђв”Ђв”Ђв”Ђв”Ђ

[SAY] Now we can see everything below the cursor. Great for reading a function top-down.
[SAY] Z B moves it to the bottom.
[KEYS] 'zb'
[OVERLAY] zb  cursor line to bottom

              1         2         3         
    0123456789012345678901234567890123456789
    в”Ђв”Ђв”Ђв”Ђв”Ђв”Ђв”Ђв”Ђв”Ђв”Ђв”Ђв”Ђв”Ђв”Ђв”Ђв”Ђв”Ђв”Ђв”Ђв”Ђв”Ђв”Ђв”Ђв”Ђв”Ђв”Ђв”Ђв”Ђв”Ђв”Ђв”Ђв”Ђв”Ђв”Ђв”Ђв”Ђв”Ђв”Ђв”Ђв”Ђ
 0 в”‚# Dungeon Generator                     в”‚
 1 в”‚import random                           в”‚
 2 в”‚                                        в”‚
 3 в”‚ROOMS = 25                              в”‚
 4 в”‚MIN_SIZE = 4                            в”‚
 5 в”‚MAX_SIZE = 12                           в”‚
 6 в”‚                                        в”‚
 7 в”‚def roll_dice(n, sides):                в”‚
 8 в”‚    return sum(random.randint(1, sides) в”‚
 9 в”‚for _ in range(n))                      в”‚
10 в”‚                                        в”‚
11 в”‚def gen_room(room_id):                  в”‚
12 в”‚    w = random.randint(MIN_SIZE, MAX_SIZв”‚
13 в”‚E)                                      в”‚
14 в”‚    h = random.randint(MIN_SIZE, MAX_SIZв”‚
15 в”‚E)                                      в”‚
16 в”‚    x = random.randint(0, 80 - w)       в”‚
17 в”‚    y = random.randint(0, 50 - h)       в”‚ в—‚ cursor (17,0)
18 в”‚dungeon.py            15,1           Topв”‚
    в”Ђв”Ђв”Ђв”Ђв”Ђв”Ђв”Ђв”Ђв”Ђв”Ђв”Ђв”Ђв”Ђв”Ђв”Ђв”Ђв”Ђв”Ђв”Ђв”Ђв”Ђв”Ђв”Ђв”Ђв”Ђв”Ђв”Ђв”Ђв”Ђв”Ђв”Ђв”Ђв”Ђв”Ђв”Ђв”Ђв”Ђв”Ђв”Ђв”Ђ

[SAY] Now we see everything above. Good for checking what came before.
[SAY] And back to center. Z Z is the one you'll use most.
[KEYS] 'zz'
[OVERLAY] zz  center cursor line

              1         2         3         
    0123456789012345678901234567890123456789
    в”Ђв”Ђв”Ђв”Ђв”Ђв”Ђв”Ђв”Ђв”Ђв”Ђв”Ђв”Ђв”Ђв”Ђв”Ђв”Ђв”Ђв”Ђв”Ђв”Ђв”Ђв”Ђв”Ђв”Ђв”Ђв”Ђв”Ђв”Ђв”Ђв”Ђв”Ђв”Ђв”Ђв”Ђв”Ђв”Ђв”Ђв”Ђв”Ђв”Ђ
 0 в”‚    return sum(random.randint(1, sides) в”‚
 1 в”‚for _ in range(n))                      в”‚
 2 в”‚                                        в”‚
 3 в”‚def gen_room(room_id):                  в”‚
 4 в”‚    w = random.randint(MIN_SIZE, MAX_SIZв”‚
 5 в”‚E)                                      в”‚
 6 в”‚    h = random.randint(MIN_SIZE, MAX_SIZв”‚
 7 в”‚E)                                      в”‚
 8 в”‚    x = random.randint(0, 80 - w)       в”‚
 9 в”‚    y = random.randint(0, 50 - h)       в”‚ в—‚ cursor (9,0)
10 в”‚    return {"id": room_id, "x": x, "y": в”‚
11 в”‚y, "w": w, "h": h}                      в”‚
12 в”‚                                        в”‚
13 в”‚def place_treasure(room):               в”‚
14 в”‚    gold = roll_dice(3, 6) * 10         в”‚
15 в”‚    gems = roll_dice(1, 4)              в”‚
16 в”‚    return {"gold": gold, "gems": gems} в”‚
17 в”‚                                        в”‚
18 в”‚dungeon.py            15,1           33%в”‚
    в”Ђв”Ђв”Ђв”Ђв”Ђв”Ђв”Ђв”Ђв”Ђв”Ђв”Ђв”Ђв”Ђв”Ђв”Ђв”Ђв”Ђв”Ђв”Ђв”Ђв”Ђв”Ђв”Ђв”Ђв”Ђв”Ђв”Ђв”Ђв”Ђв”Ђв”Ђв”Ђв”Ђв”Ђв”Ђв”Ђв”Ђв”Ђв”Ђв”Ђ

[SAY] Z Z to center. Z T for top. Z B for bottom. Keep your cursor where you can see it.