[RECORDING_START] Screen state at recording start:

              1         2         3         
    0123456789012345678901234567890123456789
    ────────────────────────────────────────
 0 │➜  vimfu echo 'pane 0'                  │
 1 │pane 0                                  │
 2 │➜  vimfu                                │
 3 │                                        │
 4 │                                        │
 5 │                                        │
 6 │                                        │
 7 │                                        │
 8 │                                        │
 9 │────────────────────────────────────────│
10 │➜  vimfu echo 'pane 1'                  │
11 │pane 1                                  │
12 │➜  vimfu                                │
13 │                                        │
14 │────────────────────────────────────────│
15 │➜  vimfu echo 'pane 2'                  │
16 │pane 2                                  │
17 │➜  vimfu                                │ ◂ cursor (17,9)
18 │                                        │
19 │[0] 0:zsh*       "vimfu" 21:24 22-May-26│
    ────────────────────────────────────────

[OVERLAY] VimFu — kill-pane / kill-window
[SAY] Kill-pane closes the active pane. No confirmation. Three panes here.
[SAY] Kill this bottom pane.
[KEYS] '\x02'
[OVERLAY] ⌃b  prefix

              1         2         3         
    0123456789012345678901234567890123456789
    ────────────────────────────────────────
 0 │➜  vimfu echo 'pane 0'                  │
 1 │pane 0                                  │
 2 │➜  vimfu                                │
 3 │                                        │
 4 │                                        │
 5 │                                        │
 6 │                                        │
 7 │                                        │
 8 │                                        │
 9 │────────────────────────────────────────│
10 │➜  vimfu echo 'pane 1'                  │
11 │pane 1                                  │
12 │➜  vimfu                                │
13 │                                        │
14 │────────────────────────────────────────│
15 │➜  vimfu echo 'pane 2'                  │
16 │pane 2                                  │
17 │➜  vimfu                                │ ◂ cursor (17,9)
18 │                                        │
19 │[0] 0:zsh*       "vimfu" 21:24 22-May-26│
    ────────────────────────────────────────

[KEYS] ':'
[OVERLAY] ⇧:  command

              1         2         3         
    0123456789012345678901234567890123456789
    ────────────────────────────────────────
 0 │➜  vimfu echo 'pane 0'                  │
 1 │pane 0                                  │
 2 │➜  vimfu                                │
 3 │                                        │
 4 │                                        │
 5 │                                        │
 6 │                                        │
 7 │                                        │
 8 │                                        │
 9 │────────────────────────────────────────│
10 │➜  vimfu echo 'pane 1'                  │
11 │pane 1                                  │
12 │➜  vimfu                                │
13 │                                        │
14 │────────────────────────────────────────│
15 │➜  vimfu echo 'pane 2'                  │
16 │pane 2                                  │
17 │➜  vimfu                                │ ◂ cursor (17,9)
18 │                                        │
19 │:                                       │
    ────────────────────────────────────────

[TYPE] 'kill-pane'

              1         2         3         
    0123456789012345678901234567890123456789
    ────────────────────────────────────────
 0 │➜  vimfu echo 'pane 0'                  │
 1 │pane 0                                  │
 2 │➜  vimfu                                │
 3 │                                        │
 4 │                                        │
 5 │                                        │
 6 │                                        │
 7 │                                        │
 8 │                                        │
 9 │────────────────────────────────────────│
10 │➜  vimfu echo 'pane 1'                  │
11 │pane 1                                  │
12 │➜  vimfu                                │
13 │                                        │
14 │────────────────────────────────────────│
15 │➜  vimfu echo 'pane 2'                  │
16 │pane 2                                  │
17 │➜  vimfu                                │ ◂ cursor (17,9)
18 │                                        │
19 │:kill-pane                              │
    ────────────────────────────────────────

[KEYS] '\r'
[OVERLAY] ⏎

              1         2         3         
    0123456789012345678901234567890123456789
    ────────────────────────────────────────
 0 │➜  vimfu echo 'pane 0'                  │
 1 │pane 0                                  │
 2 │➜  vimfu                                │
 3 │                                        │
 4 │                                        │
 5 │                                        │
 6 │                                        │
 7 │                                        │
 8 │                                        │
 9 │────────────────────────────────────────│
10 │➜  vimfu echo 'pane 1'                  │
11 │pane 1                                  │
12 │➜  vimfu                                │ ◂ cursor (12,9)
13 │                                        │
14 │                                        │
15 │                                        │
16 │                                        │
17 │                                        │
18 │                                        │
19 │[0] 0:zsh*       "vimfu" 21:24 22-May-26│
    ────────────────────────────────────────

[SAY] Gone. Down to two panes. Kill-window closes the entire window and all its panes. Short forms: killp and killw.
[SAY] Kill-pane. Kill-window. Close things fast.