[RECORDING_START] Screen state at recording start:

              1         2         3         
    0123456789012345678901234567890123456789
    ────────────────────────────────────────
 0 │class Robot:                            │ ◂ cursor (0,0)
 1 │    name = "Spark"                      │
 2 │    speed = 88                          │
 3 │    fuel = 100                          │
 4 │    armed = True                        │
 5 │                                        │
 6 │def launch(bot):                        │
 7 │    if bot.fuel > 0:                    │
 8 │        print("Go!")                    │
 9 │~                                       │
10 │~                                       │
11 │~                                       │
12 │~                                       │
13 │~                                       │
14 │~                                       │
15 │~                                       │
16 │~                                       │
17 │~                                       │
18 │bot.py                1,1            All│
    ────────────────────────────────────────

[OVERLAY] VimFu — Ctrl-J / Ctrl-M
[SAY] Control J moves down like J. Control M moves to the next line first non-blank, like Enter. Why care? You can remap J to something else and still move down with Control J.
[SAY] Control J. Down one line, same column.
[CTRL] j
[OVERLAY] ⌃j  down

              1         2         3         
    0123456789012345678901234567890123456789
    ────────────────────────────────────────
 0 │class Robot:                            │
 1 │    name = "Spark"                      │ ◂ cursor (1,0)
 2 │    speed = 88                          │
 3 │    fuel = 100                          │
 4 │    armed = True                        │
 5 │                                        │
 6 │def launch(bot):                        │
 7 │    if bot.fuel > 0:                    │
 8 │        print("Go!")                    │
 9 │~                                       │
10 │~                                       │
11 │~                                       │
12 │~                                       │
13 │~                                       │
14 │~                                       │
15 │~                                       │
16 │~                                       │
17 │~                                       │
18 │bot.py                2,1            All│
    ────────────────────────────────────────

[CTRL] j
[OVERLAY] ⌃j  down

              1         2         3         
    0123456789012345678901234567890123456789
    ────────────────────────────────────────
 0 │class Robot:                            │
 1 │    name = "Spark"                      │
 2 │    speed = 88                          │ ◂ cursor (2,0)
 3 │    fuel = 100                          │
 4 │    armed = True                        │
 5 │                                        │
 6 │def launch(bot):                        │
 7 │    if bot.fuel > 0:                    │
 8 │        print("Go!")                    │
 9 │~                                       │
10 │~                                       │
11 │~                                       │
12 │~                                       │
13 │~                                       │
14 │~                                       │
15 │~                                       │
16 │~                                       │
17 │~                                       │
18 │bot.py                3,1            All│
    ────────────────────────────────────────

[CTRL] j
[OVERLAY] ⌃j  down

              1         2         3         
    0123456789012345678901234567890123456789
    ────────────────────────────────────────
 0 │class Robot:                            │
 1 │    name = "Spark"                      │
 2 │    speed = 88                          │
 3 │    fuel = 100                          │ ◂ cursor (3,0)
 4 │    armed = True                        │
 5 │                                        │
 6 │def launch(bot):                        │
 7 │    if bot.fuel > 0:                    │
 8 │        print("Go!")                    │
 9 │~                                       │
10 │~                                       │
11 │~                                       │
12 │~                                       │
13 │~                                       │
14 │~                                       │
15 │~                                       │
16 │~                                       │
17 │~                                       │
18 │bot.py                4,1            All│
    ────────────────────────────────────────

[SAY] Three lines down. Column zero stays at zero, just like J.
[SAY] Back to the top. Now Control M.
[KEYS] 'gg'
[OVERLAY] gg  top of file

              1         2         3         
    0123456789012345678901234567890123456789
    ────────────────────────────────────────
 0 │class Robot:                            │ ◂ cursor (0,0)
 1 │    name = "Spark"                      │
 2 │    speed = 88                          │
 3 │    fuel = 100                          │
 4 │    armed = True                        │
 5 │                                        │
 6 │def launch(bot):                        │
 7 │    if bot.fuel > 0:                    │
 8 │        print("Go!")                    │
 9 │~                                       │
10 │~                                       │
11 │~                                       │
12 │~                                       │
13 │~                                       │
14 │~                                       │
15 │~                                       │
16 │~                                       │
17 │~                                       │
18 │bot.py                1,1            All│
    ────────────────────────────────────────

[CTRL] m
[OVERLAY] ⌃m  next line start

              1         2         3         
    0123456789012345678901234567890123456789
    ────────────────────────────────────────
 0 │class Robot:                            │
 1 │    name = "Spark"                      │ ◂ cursor (1,4)
 2 │    speed = 88                          │
 3 │    fuel = 100                          │
 4 │    armed = True                        │
 5 │                                        │
 6 │def launch(bot):                        │
 7 │    if bot.fuel > 0:                    │
 8 │        print("Go!")                    │
 9 │~                                       │
10 │~                                       │
11 │~                                       │
12 │~                                       │
13 │~                                       │
14 │~                                       │
15 │~                                       │
16 │~                                       │
17 │~                                       │
18 │bot.py                2,5            All│
    ────────────────────────────────────────

[CTRL] m
[OVERLAY] ⌃m  next line start

              1         2         3         
    0123456789012345678901234567890123456789
    ────────────────────────────────────────
 0 │class Robot:                            │
 1 │    name = "Spark"                      │
 2 │    speed = 88                          │ ◂ cursor (2,4)
 3 │    fuel = 100                          │
 4 │    armed = True                        │
 5 │                                        │
 6 │def launch(bot):                        │
 7 │    if bot.fuel > 0:                    │
 8 │        print("Go!")                    │
 9 │~                                       │
10 │~                                       │
11 │~                                       │
12 │~                                       │
13 │~                                       │
14 │~                                       │
15 │~                                       │
16 │~                                       │
17 │~                                       │
18 │bot.py                3,5            All│
    ────────────────────────────────────────

[CTRL] m
[OVERLAY] ⌃m  next line start

              1         2         3         
    0123456789012345678901234567890123456789
    ────────────────────────────────────────
 0 │class Robot:                            │
 1 │    name = "Spark"                      │
 2 │    speed = 88                          │
 3 │    fuel = 100                          │ ◂ cursor (3,4)
 4 │    armed = True                        │
 5 │                                        │
 6 │def launch(bot):                        │
 7 │    if bot.fuel > 0:                    │
 8 │        print("Go!")                    │
 9 │~                                       │
10 │~                                       │
11 │~                                       │
12 │~                                       │
13 │~                                       │
14 │~                                       │
15 │~                                       │
16 │~                                       │
17 │~                                       │
18 │bot.py                4,5            All│
    ────────────────────────────────────────

[SAY] Control M lands on the first non-blank. Indented lines start at the variable name, not the spaces.
[SAY] Why does this matter? Some people remap J to join lines or move text down. Control J still moves the cursor down. It is built into the terminal layer, not the mapping system.
[KEYS] 'gg$'
[OVERLAY] gg$

              1         2         3         
    0123456789012345678901234567890123456789
    ────────────────────────────────────────
 0 │class Robot:                            │ ◂ cursor (0,11)
 1 │    name = "Spark"                      │
 2 │    speed = 88                          │
 3 │    fuel = 100                          │
 4 │    armed = True                        │
 5 │                                        │
 6 │def launch(bot):                        │
 7 │    if bot.fuel > 0:                    │
 8 │        print("Go!")                    │
 9 │~                                       │
10 │~                                       │
11 │~                                       │
12 │~                                       │
13 │~                                       │
14 │~                                       │
15 │~                                       │
16 │~                                       │
17 │~                                       │
18 │bot.py                1,12           All│
    ────────────────────────────────────────

[CTRL] j
[OVERLAY] ⌃j  down (keeps column)

              1         2         3         
    0123456789012345678901234567890123456789
    ────────────────────────────────────────
 0 │class Robot:                            │
 1 │    name = "Spark"                      │ ◂ cursor (1,17)
 2 │    speed = 88                          │
 3 │    fuel = 100                          │
 4 │    armed = True                        │
 5 │                                        │
 6 │def launch(bot):                        │
 7 │    if bot.fuel > 0:                    │
 8 │        print("Go!")                    │
 9 │~                                       │
10 │~                                       │
11 │~                                       │
12 │~                                       │
13 │~                                       │
14 │~                                       │
15 │~                                       │
16 │~                                       │
17 │~                                       │
18 │bot.py                2,18           All│
    ────────────────────────────────────────

[KEYS] 'k'
[OVERLAY] k

              1         2         3         
    0123456789012345678901234567890123456789
    ────────────────────────────────────────
 0 │class Robot:                            │ ◂ cursor (0,11)
 1 │    name = "Spark"                      │
 2 │    speed = 88                          │
 3 │    fuel = 100                          │
 4 │    armed = True                        │
 5 │                                        │
 6 │def launch(bot):                        │
 7 │    if bot.fuel > 0:                    │
 8 │        print("Go!")                    │
 9 │~                                       │
10 │~                                       │
11 │~                                       │
12 │~                                       │
13 │~                                       │
14 │~                                       │
15 │~                                       │
16 │~                                       │
17 │~                                       │
18 │bot.py                1,12           All│
    ────────────────────────────────────────

[CTRL] m
[OVERLAY] ⌃m  next line start

              1         2         3         
    0123456789012345678901234567890123456789
    ────────────────────────────────────────
 0 │class Robot:                            │
 1 │    name = "Spark"                      │ ◂ cursor (1,4)
 2 │    speed = 88                          │
 3 │    fuel = 100                          │
 4 │    armed = True                        │
 5 │                                        │
 6 │def launch(bot):                        │
 7 │    if bot.fuel > 0:                    │
 8 │        print("Go!")                    │
 9 │~                                       │
10 │~                                       │
11 │~                                       │
12 │~                                       │
13 │~                                       │
14 │~                                       │
15 │~                                       │
16 │~                                       │
17 │~                                       │
18 │bot.py                2,5            All│
    ────────────────────────────────────────

[SAY] Control J kept the column. Control M jumped to the text.
[SAY] Control J equals J. Control M equals Enter. Remap-proof ways to move down.