[RECORDING_START] Screen state at recording start:

              1         2         3         
    0123456789012345678901234567890123456789
    ────────────────────────────────────────
 0 │# demo                                  │ ◂ cursor (0,0)
 1 │print("hello")                          │
 2 │print("world")                          │
 3 │x = 42                                  │
 4 │~                                       │
 5 │~                                       │
 6 │~                                       │
 7 │~                                       │
 8 │~                                       │
 9 │~                                       │
10 │~                                       │
11 │~                                       │
12 │~                                       │
13 │~                                       │
14 │~                                       │
15 │~                                       │
16 │~                                       │
17 │~                                       │
18 │demo.py               1,1            All│
    ────────────────────────────────────────

[OVERLAY] VimFu — Ctrl-D — Show Completions
[SAY] Control D on the command line shows all possible completions. It's like peeking at every option before choosing.
[SAY] Type colon S E.
[TYPE] ':se'

              1         2         3         
    0123456789012345678901234567890123456789
    ────────────────────────────────────────
 0 │# demo                                  │
 1 │print("hello")                          │
 2 │print("world")                          │
 3 │x = 42                                  │
 4 │~                                       │
 5 │~                                       │
 6 │~                                       │
 7 │~                                       │
 8 │~                                       │
 9 │~                                       │
10 │~                                       │
11 │~                                       │
12 │~                                       │
13 │~                                       │
14 │~                                       │
15 │~                                       │
16 │~                                       │
17 │~                                       │
18 │demo.py               1,1            All│
19 │:se                                     │ ◂ cursor (19,3)
    ────────────────────────────────────────

[SAY] Now press Control D.
[CTRL] d
[OVERLAY] ⌃d  completions

              1         2         3         
    0123456789012345678901234567890123456789
    ────────────────────────────────────────
 0 │# demo                                  │
 1 │print("hello")                          │
 2 │print("world")                          │
 3 │x = 42                                  │
 4 │~                                       │
 5 │~                                       │
 6 │~                                       │
 7 │~                                       │
 8 │~                                       │
 9 │~                                       │
10 │~                                       │
11 │~                                       │
12 │~                                       │
13 │~                                       │
14 │~                                       │
15 │                                        │
16 │:se                                     │
17 │set          setglobal                  │
18 │setfiletype  setlocal                   │
19 │:se                                     │ ◂ cursor (19,3)
    ────────────────────────────────────────

[SAY] A list of every command starting with S E. You can see set, setfiletype, setlocal, and more.
[ESCAPE]

              1         2         3         
    0123456789012345678901234567890123456789
    ────────────────────────────────────────
 0 │# demo                                  │ ◂ cursor (0,0)
 1 │print("hello")                          │
 2 │print("world")                          │
 3 │x = 42                                  │
 4 │~                                       │
 5 │~                                       │
 6 │~                                       │
 7 │~                                       │
 8 │~                                       │
 9 │~                                       │
10 │~                                       │
11 │~                                       │
12 │~                                       │
13 │~                                       │
14 │~                                       │
15 │~                                       │
16 │~                                       │
17 │~                                       │
18 │demo.py               1,1            All│
    ────────────────────────────────────────

[SAY] Try it with a longer prefix. Colon S E T.
[TYPE] ':set '

              1         2         3         
    0123456789012345678901234567890123456789
    ────────────────────────────────────────
 0 │# demo                                  │
 1 │print("hello")                          │
 2 │print("world")                          │
 3 │x = 42                                  │
 4 │~                                       │
 5 │~                                       │
 6 │~                                       │
 7 │~                                       │
 8 │~                                       │
 9 │~                                       │
10 │~                                       │
11 │~                                       │
12 │~                                       │
13 │~                                       │
14 │~                                       │
15 │~                                       │
16 │~                                       │
17 │~                                       │
18 │demo.py               1,1            All│
19 │:set                                    │ ◂ cursor (19,4)
    ────────────────────────────────────────

[TYPE] 'nu'

              1         2         3         
    0123456789012345678901234567890123456789
    ────────────────────────────────────────
 0 │# demo                                  │
 1 │print("hello")                          │
 2 │print("world")                          │
 3 │x = 42                                  │
 4 │~                                       │
 5 │~                                       │
 6 │~                                       │
 7 │~                                       │
 8 │~                                       │
 9 │~                                       │
10 │~                                       │
11 │~                                       │
12 │~                                       │
13 │~                                       │
14 │~                                       │
15 │~                                       │
16 │~                                       │
17 │~                                       │
18 │demo.py               1,1            All│
19 │:set n                                  │ ◂ cursor (19,6)
    ────────────────────────────────────────

[CTRL] d
[OVERLAY] ⌃d  completions

              1         2         3         
    0123456789012345678901234567890123456789
    ────────────────────────────────────────
 0 │# demo                                  │
 1 │print("hello")                          │
 2 │print("world")                          │
 3 │x = 42                                  │
 4 │~                                       │
 5 │~                                       │
 6 │~                                       │
 7 │~                                       │
 8 │~                                       │
 9 │~                                       │
10 │~                                       │
11 │~                                       │
12 │~                                       │
13 │~                                       │
14 │~                                       │
15 │~                                       │
16 │                                        │
17 │:set nu                                 │
18 │number       numberwidth                │
19 │:set nu                                 │ ◂ cursor (19,7)
    ────────────────────────────────────────

[SAY] Now it shows options starting with N U. Control D. See all your choices at once.
[ESCAPE]

              1         2         3         
    0123456789012345678901234567890123456789
    ────────────────────────────────────────
 0 │# demo                                  │ ◂ cursor (0,0)
 1 │print("hello")                          │
 2 │print("world")                          │
 3 │x = 42                                  │
 4 │~                                       │
 5 │~                                       │
 6 │~                                       │
 7 │~                                       │
 8 │~                                       │
 9 │~                                       │
10 │~                                       │
11 │~                                       │
12 │~                                       │
13 │~                                       │
14 │~                                       │
15 │~                                       │
16 │~                                       │
17 │~                                       │
18 │demo.py               1,1            All│
    ────────────────────────────────────────

[SAY] Control D on the command line. List every completion.