[RECORDING_START] Screen state at recording start:

              1         2         3         
    0123456789012345678901234567890123456789
    ────────────────────────────────────────
 0 │# Main Code                             │ ◂ cursor (0,0)
 1 │def greet(name):                        │
 2 │    return f"Hello {name}"              │
 3 │def bye(name):                          │
 4 │    return f"Bye {name}"                │
 5 │~                                       │
 6 │~                                       │
 7 │~                                       │
 8 │~                                       │
 9 │code.py               1,1            All│
10 │# Tests                                 │
11 │assert greet("Vim") == "Hello Vim"      │
12 │assert bye("Vim") == "Bye Vim"          │
13 │~                                       │
14 │~                                       │
15 │~                                       │
16 │~                                       │
17 │~                                       │
18 │test.py               1,1            All│
    ────────────────────────────────────────
[HIGHLIGHT] row 9, cols 0-39: "code.py               1,1            All"

[OVERLAY] VimFu — Ctrl-W T — Window to Tab
[SAY] Control W capital T moves the current window into a new tab page. Promote a split to its own tab.
[SAY] Two files in a split. Move the test file to its own tab.
[KEYS] '\x17j'
[OVERLAY] ⌃wj  to test file

              1         2         3         
    0123456789012345678901234567890123456789
    ────────────────────────────────────────
 0 │# Main Code                             │
 1 │def greet(name):                        │
 2 │    return f"Hello {name}"              │
 3 │def bye(name):                          │
 4 │    return f"Bye {name}"                │
 5 │~                                       │
 6 │~                                       │
 7 │~                                       │
 8 │~                                       │
 9 │code.py               1,1            All│
10 │# Tests                                 │ ◂ cursor (10,0)
11 │assert greet("Vim") == "Hello Vim"      │
12 │assert bye("Vim") == "Bye Vim"          │
13 │~                                       │
14 │~                                       │
15 │~                                       │
16 │~                                       │
17 │~                                       │
18 │test.py               1,1            All│
    ────────────────────────────────────────
[HIGHLIGHT] row 9, cols 0-39: "code.py               1,1            All"

[KEYS] '\x17T'
[OVERLAY] ⌃wT  to new tab

              1         2         3         
    0123456789012345678901234567890123456789
    ────────────────────────────────────────
 0 │ code.py  test.py                      X│
 1 │# Tests                                 │ ◂ cursor (1,0)
 2 │assert greet("Vim") == "Hello Vim"      │
 3 │assert bye("Vim") == "Bye Vim"          │
 4 │~                                       │
 5 │~                                       │
 6 │~                                       │
 7 │~                                       │
 8 │~                                       │
 9 │~                                       │
10 │~                                       │
11 │~                                       │
12 │~                                       │
13 │~                                       │
14 │~                                       │
15 │~                                       │
16 │~                                       │
17 │~                                       │
18 │test.py               1,1            All│
    ────────────────────────────────────────
[HIGHLIGHT] row 0, cols 9-17: " test.py"

[SAY] Tests now have their own tab. Look at the tab bar at the top. Two tabs.
[SAY] G T to go to the next tab.
[KEYS] 'gt'
[OVERLAY] gt  next tab

              1         2         3         
    0123456789012345678901234567890123456789
    ────────────────────────────────────────
 0 │ code.py  test.py                      X│
 1 │# Main Code                             │ ◂ cursor (1,0)
 2 │def greet(name):                        │
 3 │    return f"Hello {name}"              │
 4 │def bye(name):                          │
 5 │    return f"Bye {name}"                │
 6 │~                                       │
 7 │~                                       │
 8 │~                                       │
 9 │~                                       │
10 │~                                       │
11 │~                                       │
12 │~                                       │
13 │~                                       │
14 │~                                       │
15 │~                                       │
16 │~                                       │
17 │~                                       │
18 │code.py               1,1            All│
    ────────────────────────────────────────
[HIGHLIGHT] row 0, cols 0-8: " code.py"

[SAY] Back to the code. Full screen now.
[KEYS] 'gt'
[OVERLAY] gt  next tab

              1         2         3         
    0123456789012345678901234567890123456789
    ────────────────────────────────────────
 0 │ code.py  test.py                      X│
 1 │# Tests                                 │ ◂ cursor (1,0)
 2 │assert greet("Vim") == "Hello Vim"      │
 3 │assert bye("Vim") == "Bye Vim"          │
 4 │~                                       │
 5 │~                                       │
 6 │~                                       │
 7 │~                                       │
 8 │~                                       │
 9 │~                                       │
10 │~                                       │
11 │~                                       │
12 │~                                       │
13 │~                                       │
14 │~                                       │
15 │~                                       │
16 │~                                       │
17 │~                                       │
18 │test.py               1,1            All│
    ────────────────────────────────────────
[HIGHLIGHT] row 0, cols 9-17: " test.py"

[SAY] Tests again. Each file gets the whole screen.
[SAY] Control W capital T. Move a split into its own tab. When you need more room than a split can give.