[RECORDING_START] Screen state at recording start:

              1         2         3         
    0123456789012345678901234567890123456789
    ────────────────────────────────────────
 0 │info = "starting"                       │ ◂ cursor (0,0)
 1 │err = "disk full"                       │
 2 │warn = "low mem"                        │
 3 │err = "timeout"                         │
 4 │info = "all clear"                      │
 5 │err = "not found"                       │
 6 │~                                       │
 7 │~                                       │
 8 │~                                       │
 9 │~                                       │
10 │~                                       │
11 │~                                       │
12 │~                                       │
13 │~                                       │
14 │~                                       │
15 │~                                       │
16 │~                                       │
17 │~                                       │
18 │log.py                1,1            All│
    ────────────────────────────────────────

[OVERLAY] VimFu — The n Key
[SAY] N repeats the last search. Hop from match to match without retyping.
[SAY] First, search for something. Slash E R R.
[KEYS] '/'
[OVERLAY] /  search

              1         2         3         
    0123456789012345678901234567890123456789
    ────────────────────────────────────────
 0 │info = "starting"                       │
 1 │err = "disk full"                       │
 2 │warn = "low mem"                        │
 3 │err = "timeout"                         │
 4 │info = "all clear"                      │
 5 │err = "not found"                       │
 6 │~                                       │
 7 │~                                       │
 8 │~                                       │
 9 │~                                       │
10 │~                                       │
11 │~                                       │
12 │~                                       │
13 │~                                       │
14 │~                                       │
15 │~                                       │
16 │~                                       │
17 │~                                       │
18 │log.py                1,1            All│
19 │/                                       │ ◂ cursor (19,1)
    ────────────────────────────────────────

[TYPE] 'err'

              1         2         3         
    0123456789012345678901234567890123456789
    ────────────────────────────────────────
 0 │info = "starting"                       │
 1 │err = "disk full"                       │
 2 │warn = "low mem"                        │
 3 │err = "timeout"                         │
 4 │info = "all clear"                      │
 5 │err = "not found"                       │
 6 │~                                       │
 7 │~                                       │
 8 │~                                       │
 9 │~                                       │
10 │~                                       │
11 │~                                       │
12 │~                                       │
13 │~                                       │
14 │~                                       │
15 │~                                       │
16 │~                                       │
17 │~                                       │
18 │log.py                2,1            All│
19 │/err                                    │ ◂ cursor (19,4)
    ────────────────────────────────────────
[HIGHLIGHT] row 1, cols 0-2: "err"
[HIGHLIGHT] row 3, cols 0-2: "err"
[HIGHLIGHT] row 5, cols 0-2: "err"

[ENTER]

              1         2         3         
    0123456789012345678901234567890123456789
    ────────────────────────────────────────
 0 │info = "starting"                       │
 1 │err = "disk full"                       │ ◂ cursor (1,0)
 2 │warn = "low mem"                        │
 3 │err = "timeout"                         │
 4 │info = "all clear"                      │
 5 │err = "not found"                       │
 6 │~                                       │
 7 │~                                       │
 8 │~                                       │
 9 │~                                       │
10 │~                                       │
11 │~                                       │
12 │~                                       │
13 │~                                       │
14 │~                                       │
15 │~                                       │
16 │~                                       │
17 │~                                       │
18 │log.py                2,1            All│
19 │/err                  [1/3]             │
    ────────────────────────────────────────
[HIGHLIGHT] row 1, cols 1-2: "rr"
[HIGHLIGHT] row 3, cols 0-2: "err"
[HIGHLIGHT] row 5, cols 0-2: "err"

[SAY] Found the first error. Now press N.
[KEYS] 'n'
[OVERLAY] n  next match

              1         2         3         
    0123456789012345678901234567890123456789
    ────────────────────────────────────────
 0 │info = "starting"                       │
 1 │err = "disk full"                       │
 2 │warn = "low mem"                        │
 3 │err = "timeout"                         │ ◂ cursor (3,0)
 4 │info = "all clear"                      │
 5 │err = "not found"                       │
 6 │~                                       │
 7 │~                                       │
 8 │~                                       │
 9 │~                                       │
10 │~                                       │
11 │~                                       │
12 │~                                       │
13 │~                                       │
14 │~                                       │
15 │~                                       │
16 │~                                       │
17 │~                                       │
18 │log.py                4,1            All│
19 │/err                  [2/3]             │
    ────────────────────────────────────────
[HIGHLIGHT] row 1, cols 0-2: "err"
[HIGHLIGHT] row 3, cols 1-2: "rr"
[HIGHLIGHT] row 5, cols 0-2: "err"

[SAY] Timeout. Next match.
[KEYS] 'n'
[OVERLAY] n  next match

              1         2         3         
    0123456789012345678901234567890123456789
    ────────────────────────────────────────
 0 │info = "starting"                       │
 1 │err = "disk full"                       │
 2 │warn = "low mem"                        │
 3 │err = "timeout"                         │
 4 │info = "all clear"                      │
 5 │err = "not found"                       │ ◂ cursor (5,0)
 6 │~                                       │
 7 │~                                       │
 8 │~                                       │
 9 │~                                       │
10 │~                                       │
11 │~                                       │
12 │~                                       │
13 │~                                       │
14 │~                                       │
15 │~                                       │
16 │~                                       │
17 │~                                       │
18 │log.py                6,1            All│
19 │/err                  [3/3]             │
    ────────────────────────────────────────
[HIGHLIGHT] row 1, cols 0-2: "err"
[HIGHLIGHT] row 3, cols 0-2: "err"
[HIGHLIGHT] row 5, cols 1-2: "rr"

[SAY] Not found. N hops through every match in the file.
[SAY] Capital N goes backward.
[KEYS] 'N'
[OVERLAY] ⇧N  previous match

              1         2         3         
    0123456789012345678901234567890123456789
    ────────────────────────────────────────
 0 │info = "starting"                       │
 1 │err = "disk full"                       │
 2 │warn = "low mem"                        │
 3 │err = "timeout"                         │ ◂ cursor (3,0)
 4 │info = "all clear"                      │
 5 │err = "not found"                       │
 6 │~                                       │
 7 │~                                       │
 8 │~                                       │
 9 │~                                       │
10 │~                                       │
11 │~                                       │
12 │~                                       │
13 │~                                       │
14 │~                                       │
15 │~                                       │
16 │~                                       │
17 │~                                       │
18 │log.py                4,1            All│
19 │?err                  [2/3]             │
    ────────────────────────────────────────
[HIGHLIGHT] row 1, cols 0-2: "err"
[HIGHLIGHT] row 3, cols 1-2: "rr"
[HIGHLIGHT] row 5, cols 0-2: "err"

[SAY] Back to timeout. Capital N reverses direction.
[SAY] N for next. Search once, N as many times as you need.