[RECORDING_START] Screen state at recording start:

              1         2         3         
    0123456789012345678901234567890123456789
    ────────────────────────────────────────
 0 │mood = "hungry"                         │ ◂ cursor (0,0)
 1 │naps = 5                                │
 2 │mood = "playful"                        │
 3 │naps = 2                                │
 4 │mood = "grumpy"                         │
 5 │naps = 9                                │
 6 │mood = "zoomies"                        │
 7 │naps = 0                                │
 8 │mood = "sleepy"                         │
 9 │naps = 12                               │
10 │~                                       │
11 │~                                       │
12 │~                                       │
13 │~                                       │
14 │~                                       │
15 │~                                       │
16 │~                                       │
17 │~                                       │
18 │cats.py               1,1            All│
    ────────────────────────────────────────

[OVERLAY] VimFu — Search Word Backward
[SAY] Hash searches backward for the word under your cursor. The reverse of star.
[SAY] Here's a cat mood tracker. Let's jump to the bottom.
[KEYS] 'G'
[OVERLAY] ⇧G  file end

              1         2         3         
    0123456789012345678901234567890123456789
    ────────────────────────────────────────
 0 │mood = "hungry"                         │
 1 │naps = 5                                │
 2 │mood = "playful"                        │
 3 │naps = 2                                │
 4 │mood = "grumpy"                         │
 5 │naps = 9                                │
 6 │mood = "zoomies"                        │
 7 │naps = 0                                │
 8 │mood = "sleepy"                         │
 9 │naps = 12                               │ ◂ cursor (9,0)
10 │~                                       │
11 │~                                       │
12 │~                                       │
13 │~                                       │
14 │~                                       │
15 │~                                       │
16 │~                                       │
17 │~                                       │
18 │cats.py               10,1           All│
    ────────────────────────────────────────

[SAY] Cursor is on naps. Press hash.
[KEYS] '#'
[OVERLAY] ⇧#  find word back

              1         2         3         
    0123456789012345678901234567890123456789
    ────────────────────────────────────────
 0 │mood = "hungry"                         │
 1 │naps = 5                                │
 2 │mood = "playful"                        │
 3 │naps = 2                                │
 4 │mood = "grumpy"                         │
 5 │naps = 9                                │
 6 │mood = "zoomies"                        │
 7 │naps = 0                                │ ◂ cursor (7,0)
 8 │mood = "sleepy"                         │
 9 │naps = 12                               │
10 │~                                       │
11 │~                                       │
12 │~                                       │
13 │~                                       │
14 │~                                       │
15 │~                                       │
16 │~                                       │
17 │~                                       │
18 │cats.py               8,1            All│
19 │?\<naps\>             [4/5]             │
    ────────────────────────────────────────
[HIGHLIGHT] row 1, cols 0-3: "naps"
[HIGHLIGHT] row 3, cols 0-3: "naps"
[HIGHLIGHT] row 5, cols 0-3: "naps"
[HIGHLIGHT] row 7, cols 1-3: "aps"
[HIGHLIGHT] row 9, cols 0-3: "naps"

[SAY] Jumped backward to the previous naps.
[SAY] Hash again.
[KEYS] '#'
[OVERLAY] ⇧#  find word back

              1         2         3         
    0123456789012345678901234567890123456789
    ────────────────────────────────────────
 0 │mood = "hungry"                         │
 1 │naps = 5                                │
 2 │mood = "playful"                        │
 3 │naps = 2                                │
 4 │mood = "grumpy"                         │
 5 │naps = 9                                │ ◂ cursor (5,0)
 6 │mood = "zoomies"                        │
 7 │naps = 0                                │
 8 │mood = "sleepy"                         │
 9 │naps = 12                               │
10 │~                                       │
11 │~                                       │
12 │~                                       │
13 │~                                       │
14 │~                                       │
15 │~                                       │
16 │~                                       │
17 │~                                       │
18 │cats.py               6,1            All│
19 │?\<naps\>             [3/5]             │
    ────────────────────────────────────────
[HIGHLIGHT] row 1, cols 0-3: "naps"
[HIGHLIGHT] row 3, cols 0-3: "naps"
[HIGHLIGHT] row 5, cols 1-3: "aps"
[HIGHLIGHT] row 7, cols 0-3: "naps"
[HIGHLIGHT] row 9, cols 0-3: "naps"

[SAY] Another hop backward. And again.
[KEYS] '#'
[OVERLAY] ⇧#  find word back

              1         2         3         
    0123456789012345678901234567890123456789
    ────────────────────────────────────────
 0 │mood = "hungry"                         │
 1 │naps = 5                                │
 2 │mood = "playful"                        │
 3 │naps = 2                                │ ◂ cursor (3,0)
 4 │mood = "grumpy"                         │
 5 │naps = 9                                │
 6 │mood = "zoomies"                        │
 7 │naps = 0                                │
 8 │mood = "sleepy"                         │
 9 │naps = 12                               │
10 │~                                       │
11 │~                                       │
12 │~                                       │
13 │~                                       │
14 │~                                       │
15 │~                                       │
16 │~                                       │
17 │~                                       │
18 │cats.py               4,1            All│
19 │?\<naps\>             [2/5]             │
    ────────────────────────────────────────
[HIGHLIGHT] row 1, cols 0-3: "naps"
[HIGHLIGHT] row 3, cols 1-3: "aps"
[HIGHLIGHT] row 5, cols 0-3: "naps"
[HIGHLIGHT] row 7, cols 0-3: "naps"
[HIGHLIGHT] row 9, cols 0-3: "naps"

[SAY] Every naps in the file, going backward.
[SAY] One more.
[KEYS] '#'
[OVERLAY] ⇧#  find word back

              1         2         3         
    0123456789012345678901234567890123456789
    ────────────────────────────────────────
 0 │mood = "hungry"                         │
 1 │naps = 5                                │ ◂ cursor (1,0)
 2 │mood = "playful"                        │
 3 │naps = 2                                │
 4 │mood = "grumpy"                         │
 5 │naps = 9                                │
 6 │mood = "zoomies"                        │
 7 │naps = 0                                │
 8 │mood = "sleepy"                         │
 9 │naps = 12                               │
10 │~                                       │
11 │~                                       │
12 │~                                       │
13 │~                                       │
14 │~                                       │
15 │~                                       │
16 │~                                       │
17 │~                                       │
18 │cats.py               2,1            All│
19 │?\<naps\>             [1/5]             │
    ────────────────────────────────────────
[HIGHLIGHT] row 1, cols 1-3: "aps"
[HIGHLIGHT] row 3, cols 0-3: "naps"
[HIGHLIGHT] row 5, cols 0-3: "naps"
[HIGHLIGHT] row 7, cols 0-3: "naps"
[HIGHLIGHT] row 9, cols 0-3: "naps"

[SAY] All the way back to line two.
[SAY] Now go up to mood.
[KEYS] 'k'
[OVERLAY] k  up

              1         2         3         
    0123456789012345678901234567890123456789
    ────────────────────────────────────────
 0 │mood = "hungry"                         │ ◂ cursor (0,0)
 1 │naps = 5                                │
 2 │mood = "playful"                        │
 3 │naps = 2                                │
 4 │mood = "grumpy"                         │
 5 │naps = 9                                │
 6 │mood = "zoomies"                        │
 7 │naps = 0                                │
 8 │mood = "sleepy"                         │
 9 │naps = 12                               │
10 │~                                       │
11 │~                                       │
12 │~                                       │
13 │~                                       │
14 │~                                       │
15 │~                                       │
16 │~                                       │
17 │~                                       │
18 │cats.py               1,1            All│
19 │?\<naps\>             [1/5]             │
    ────────────────────────────────────────
[HIGHLIGHT] row 1, cols 0-3: "naps"
[HIGHLIGHT] row 3, cols 0-3: "naps"
[HIGHLIGHT] row 5, cols 0-3: "naps"
[HIGHLIGHT] row 7, cols 0-3: "naps"
[HIGHLIGHT] row 9, cols 0-3: "naps"

[SAY] Press hash on mood.
[KEYS] '#'
[OVERLAY] ⇧#  find word back

              1         2         3         
    0123456789012345678901234567890123456789
    ────────────────────────────────────────
 0 │mood = "hungry"                         │
 1 │naps = 5                                │
 2 │mood = "playful"                        │
 3 │naps = 2                                │
 4 │mood = "grumpy"                         │
 5 │naps = 9                                │
 6 │mood = "zoomies"                        │
 7 │naps = 0                                │
 8 │mood = "sleepy"                         │ ◂ cursor (8,0)
 9 │naps = 12                               │
10 │~                                       │
11 │~                                       │
12 │~                                       │
13 │~                                       │
14 │~                                       │
15 │~                                       │
16 │~                                       │
17 │~                                       │
18 │cats.py               9,1            All│
19 │?\<mood\>           W [5/5]             │
    ────────────────────────────────────────
[HIGHLIGHT] row 0, cols 0-3: "mood"
[HIGHLIGHT] row 2, cols 0-3: "mood"
[HIGHLIGHT] row 4, cols 0-3: "mood"
[HIGHLIGHT] row 6, cols 0-3: "mood"
[HIGHLIGHT] row 8, cols 1-3: "ood"

[SAY] Wrapped to the last mood in the file. Hash always goes backward, even past the top.
[SAY] Hash. One key, backward search. Star forward, hash back.