[RECORDING_START] Screen state at recording start:

              1         2         3         
    0123456789012345678901234567890123456789
    ────────────────────────────────────────
 0 │➜  vimfu                                │ ◂ cursor (0,9)
    ────────────────────────────────────────

[OVERLAY] VimFu — Insert at Start of Line
[SAY] Lowercase eye inserts where the cursor is.
[LINE] 'nvim config.py'

              1         2         3         
    0123456789012345678901234567890123456789
    ────────────────────────────────────────
 0 │➜  vimfu nvim config.py                 │
    ────────────────────────────────────────

[SAY] But what if you want to type at the beginning of the line?
[KEYS] 'f'
[OVERLAY] f  find char

              1         2         3         
    0123456789012345678901234567890123456789
    ────────────────────────────────────────
 0 │host = "localhost"                      │ ◂ cursor (0,0)
 1 │port = 8080                             │
 2 │debug = True                            │
 3 │name = "app"                            │
 4 │~                                       │
 5 │~                                       │
 6 │~                                       │
 7 │~                                       │
 8 │~                                       │
 9 │~                                       │
10 │~                                       │
11 │~                                       │
12 │~                                       │
13 │~                                       │
14 │~                                       │
15 │~                                       │
16 │~                                       │
17 │~                                       │
18 │config.py             1,1            All│
19 │                             f          │
    ────────────────────────────────────────

[KEYS] 'l'
[OVERLAY] l  right

              1         2         3         
    0123456789012345678901234567890123456789
    ────────────────────────────────────────
 0 │host = "localhost"                      │ ◂ cursor (0,8)
 1 │port = 8080                             │
 2 │debug = True                            │
 3 │name = "app"                            │
 4 │~                                       │
 5 │~                                       │
 6 │~                                       │
 7 │~                                       │
 8 │~                                       │
 9 │~                                       │
10 │~                                       │
11 │~                                       │
12 │~                                       │
13 │~                                       │
14 │~                                       │
15 │~                                       │
16 │~                                       │
17 │~                                       │
18 │config.py             1,9            All│
    ────────────────────────────────────────

[SAY] Shift eye. It jumps to the start and enters insert mode.
[KEYS] 'I'
[OVERLAY] ⇧I  insert at start

              1         2         3         
    0123456789012345678901234567890123456789
    ────────────────────────────────────────
 0 │host = "localhost"                      │ ◂ cursor (0,0)
 1 │port = 8080                             │
 2 │debug = True                            │
 3 │name = "app"                            │
 4 │~                                       │
 5 │~                                       │
 6 │~                                       │
 7 │~                                       │
 8 │~                                       │
 9 │~                                       │
10 │~                                       │
11 │~                                       │
12 │~                                       │
13 │~                                       │
14 │~                                       │
15 │~                                       │
16 │~                                       │
17 │~                                       │
18 │config.py             1,1            All│
19 │-- INSERT --                            │
    ────────────────────────────────────────

[TYPE] '# '

              1         2         3         
    0123456789012345678901234567890123456789
    ────────────────────────────────────────
 0 │# host = "localhost"                    │ ◂ cursor (0,2)
 1 │port = 8080                             │
 2 │debug = True                            │
 3 │name = "app"                            │
 4 │~                                       │
 5 │~                                       │
 6 │~                                       │
 7 │~                                       │
 8 │~                                       │
 9 │~                                       │
10 │~                                       │
11 │~                                       │
12 │~                                       │
13 │~                                       │
14 │~                                       │
15 │~                                       │
16 │~                                       │
17 │~                                       │
18 │config.py [+]         1,3            All│
19 │-- INSERT --                            │
    ────────────────────────────────────────

[SAY] Escape to go back to normal mode.
[ESCAPE]

              1         2         3         
    0123456789012345678901234567890123456789
    ────────────────────────────────────────
 0 │# host = "localhost"                    │ ◂ cursor (0,1)
 1 │port = 8080                             │
 2 │debug = True                            │
 3 │name = "app"                            │
 4 │~                                       │
 5 │~                                       │
 6 │~                                       │
 7 │~                                       │
 8 │~                                       │
 9 │~                                       │
10 │~                                       │
11 │~                                       │
12 │~                                       │
13 │~                                       │
14 │~                                       │
15 │~                                       │
16 │~                                       │
17 │~                                       │
18 │config.py [+]         1,2            All│
    ────────────────────────────────────────

[SAY] We just commented out that line. From anywhere on it.
[SAY] Let's do another. Move down a couple lines.
[KEYS] 'j'
[OVERLAY] j  down

              1         2         3         
    0123456789012345678901234567890123456789
    ────────────────────────────────────────
 0 │# host = "localhost"                    │
 1 │port = 8080                             │ ◂ cursor (1,1)
 2 │debug = True                            │
 3 │name = "app"                            │
 4 │~                                       │
 5 │~                                       │
 6 │~                                       │
 7 │~                                       │
 8 │~                                       │
 9 │~                                       │
10 │~                                       │
11 │~                                       │
12 │~                                       │
13 │~                                       │
14 │~                                       │
15 │~                                       │
16 │~                                       │
17 │~                                       │
18 │config.py [+]         2,2            All│
    ────────────────────────────────────────

[KEYS] 'j'
[OVERLAY] j  down

              1         2         3         
    0123456789012345678901234567890123456789
    ────────────────────────────────────────
 0 │# host = "localhost"                    │
 1 │port = 8080                             │
 2 │debug = True                            │ ◂ cursor (2,1)
 3 │name = "app"                            │
 4 │~                                       │
 5 │~                                       │
 6 │~                                       │
 7 │~                                       │
 8 │~                                       │
 9 │~                                       │
10 │~                                       │
11 │~                                       │
12 │~                                       │
13 │~                                       │
14 │~                                       │
15 │~                                       │
16 │~                                       │
17 │~                                       │
18 │config.py [+]         3,2            All│
    ────────────────────────────────────────

[KEYS] '$'
[OVERLAY] ⇧$  line end

              1         2         3         
    0123456789012345678901234567890123456789
    ────────────────────────────────────────
 0 │# host = "localhost"                    │
 1 │port = 8080                             │
 2 │debug = True                            │ ◂ cursor (2,11)
 3 │name = "app"                            │
 4 │~                                       │
 5 │~                                       │
 6 │~                                       │
 7 │~                                       │
 8 │~                                       │
 9 │~                                       │
10 │~                                       │
11 │~                                       │
12 │~                                       │
13 │~                                       │
14 │~                                       │
15 │~                                       │
16 │~                                       │
17 │~                                       │
18 │config.py [+]         3,12           All│
    ────────────────────────────────────────

[SAY] Cursor is at the end. Shift eye.
[KEYS] 'I'
[OVERLAY] ⇧I  insert at start

              1         2         3         
    0123456789012345678901234567890123456789
    ────────────────────────────────────────
 0 │# host = "localhost"                    │
 1 │port = 8080                             │
 2 │debug = True                            │ ◂ cursor (2,0)
 3 │name = "app"                            │
 4 │~                                       │
 5 │~                                       │
 6 │~                                       │
 7 │~                                       │
 8 │~                                       │
 9 │~                                       │
10 │~                                       │
11 │~                                       │
12 │~                                       │
13 │~                                       │
14 │~                                       │
15 │~                                       │
16 │~                                       │
17 │~                                       │
18 │config.py [+]         3,1            All│
19 │-- INSERT --                            │
    ────────────────────────────────────────

[TYPE] '# '

              1         2         3         
    0123456789012345678901234567890123456789
    ────────────────────────────────────────
 0 │# host = "localhost"                    │
 1 │port = 8080                             │
 2 │# debug = True                          │ ◂ cursor (2,2)
 3 │name = "app"                            │
 4 │~                                       │
 5 │~                                       │
 6 │~                                       │
 7 │~                                       │
 8 │~                                       │
 9 │~                                       │
10 │~                                       │
11 │~                                       │
12 │~                                       │
13 │~                                       │
14 │~                                       │
15 │~                                       │
16 │~                                       │
17 │~                                       │
18 │config.py [+]         3,3            All│
19 │-- INSERT --                            │
    ────────────────────────────────────────

[SAY] And Escape.
[ESCAPE]

              1         2         3         
    0123456789012345678901234567890123456789
    ────────────────────────────────────────
 0 │# host = "localhost"                    │
 1 │port = 8080                             │
 2 │# debug = True                          │ ◂ cursor (2,1)
 3 │name = "app"                            │
 4 │~                                       │
 5 │~                                       │
 6 │~                                       │
 7 │~                                       │
 8 │~                                       │
 9 │~                                       │
10 │~                                       │
11 │~                                       │
12 │~                                       │
13 │~                                       │
14 │~                                       │
15 │~                                       │
16 │~                                       │
17 │~                                       │
18 │config.py [+]         3,2            All│
    ────────────────────────────────────────

[SAY] Straight to the start. No matter where you were.
[SAY] One more.
[KEYS] 'j'
[OVERLAY] j  down

              1         2         3         
    0123456789012345678901234567890123456789
    ────────────────────────────────────────
 0 │# host = "localhost"                    │
 1 │port = 8080                             │
 2 │# debug = True                          │
 3 │name = "app"                            │ ◂ cursor (3,1)
 4 │~                                       │
 5 │~                                       │
 6 │~                                       │
 7 │~                                       │
 8 │~                                       │
 9 │~                                       │
10 │~                                       │
11 │~                                       │
12 │~                                       │
13 │~                                       │
14 │~                                       │
15 │~                                       │
16 │~                                       │
17 │~                                       │
18 │config.py [+]         4,2            All│
    ────────────────────────────────────────

[KEYS] 'I'
[OVERLAY] ⇧I  insert at start

              1         2         3         
    0123456789012345678901234567890123456789
    ────────────────────────────────────────
 0 │# host = "localhost"                    │
 1 │port = 8080                             │
 2 │# debug = True                          │
 3 │name = "app"                            │ ◂ cursor (3,0)
 4 │~                                       │
 5 │~                                       │
 6 │~                                       │
 7 │~                                       │
 8 │~                                       │
 9 │~                                       │
10 │~                                       │
11 │~                                       │
12 │~                                       │
13 │~                                       │
14 │~                                       │
15 │~                                       │
16 │~                                       │
17 │~                                       │
18 │config.py [+]         4,1            All│
19 │-- INSERT --                            │
    ────────────────────────────────────────

[TYPE] '# '

              1         2         3         
    0123456789012345678901234567890123456789
    ────────────────────────────────────────
 0 │# host = "localhost"                    │
 1 │port = 8080                             │
 2 │# debug = True                          │
 3 │# name = "app"                          │ ◂ cursor (3,2)
 4 │~                                       │
 5 │~                                       │
 6 │~                                       │
 7 │~                                       │
 8 │~                                       │
 9 │~                                       │
10 │~                                       │
11 │~                                       │
12 │~                                       │
13 │~                                       │
14 │~                                       │
15 │~                                       │
16 │~                                       │
17 │~                                       │
18 │config.py [+]         4,3            All│
19 │-- INSERT --                            │
    ────────────────────────────────────────

[SAY] Escape.
[ESCAPE]

              1         2         3         
    0123456789012345678901234567890123456789
    ────────────────────────────────────────
 0 │# host = "localhost"                    │
 1 │port = 8080                             │
 2 │# debug = True                          │
 3 │# name = "app"                          │ ◂ cursor (3,1)
 4 │~                                       │
 5 │~                                       │
 6 │~                                       │
 7 │~                                       │
 8 │~                                       │
 9 │~                                       │
10 │~                                       │
11 │~                                       │
12 │~                                       │
13 │~                                       │
14 │~                                       │
15 │~                                       │
16 │~                                       │
17 │~                                       │
18 │config.py [+]         4,2            All│
    ────────────────────────────────────────

[SAY] Shift eye. Jump to the beginning, start typing. The opposite of shift A, which we'll see next.