[RECORDING_START] Screen state at recording start:

              1         2         3         
    0123456789012345678901234567890123456789
    ────────────────────────────────────────
 0 │➜  vimfu                                │ ◂ cursor (0,9)
    ────────────────────────────────────────

[OVERLAY] VimFu — Moving: h j k l
[SAY] In normal mode, you move the cursor with four keys.
[LINE] 'nvim moves.py'

              1         2         3         
    0123456789012345678901234567890123456789
    ────────────────────────────────────────
 0 │➜  vimfu nvim moves.py                  │
    ────────────────────────────────────────

[SAY] J moves down.
[KEYS] 'j'
[OVERLAY] j  down

              1         2         3         
    0123456789012345678901234567890123456789
    ────────────────────────────────────────
 0 │apples = 10                             │
 1 │bananas = 20                            │ ◂ cursor (1,0)
 2 │cherries = 30                           │
 3 │dates = 40                              │
 4 │elderberries = 50                       │
 5 │~                                       │
 6 │~                                       │
 7 │~                                       │
 8 │~                                       │
 9 │~                                       │
10 │~                                       │
11 │~                                       │
12 │~                                       │
13 │~                                       │
14 │~                                       │
15 │~                                       │
16 │~                                       │
17 │~                                       │
18 │moves.py              2,1            All│
    ────────────────────────────────────────

[KEYS] 'j'
[OVERLAY] j  down

              1         2         3         
    0123456789012345678901234567890123456789
    ────────────────────────────────────────
 0 │apples = 10                             │
 1 │bananas = 20                            │
 2 │cherries = 30                           │ ◂ cursor (2,0)
 3 │dates = 40                              │
 4 │elderberries = 50                       │
 5 │~                                       │
 6 │~                                       │
 7 │~                                       │
 8 │~                                       │
 9 │~                                       │
10 │~                                       │
11 │~                                       │
12 │~                                       │
13 │~                                       │
14 │~                                       │
15 │~                                       │
16 │~                                       │
17 │~                                       │
18 │moves.py              3,1            All│
    ────────────────────────────────────────

[KEYS] 'j'
[OVERLAY] j  down

              1         2         3         
    0123456789012345678901234567890123456789
    ────────────────────────────────────────
 0 │apples = 10                             │
 1 │bananas = 20                            │
 2 │cherries = 30                           │
 3 │dates = 40                              │ ◂ cursor (3,0)
 4 │elderberries = 50                       │
 5 │~                                       │
 6 │~                                       │
 7 │~                                       │
 8 │~                                       │
 9 │~                                       │
10 │~                                       │
11 │~                                       │
12 │~                                       │
13 │~                                       │
14 │~                                       │
15 │~                                       │
16 │~                                       │
17 │~                                       │
18 │moves.py              4,1            All│
    ────────────────────────────────────────

[SAY] K moves up.
[KEYS] 'k'
[OVERLAY] k  up

              1         2         3         
    0123456789012345678901234567890123456789
    ────────────────────────────────────────
 0 │apples = 10                             │
 1 │bananas = 20                            │
 2 │cherries = 30                           │ ◂ cursor (2,0)
 3 │dates = 40                              │
 4 │elderberries = 50                       │
 5 │~                                       │
 6 │~                                       │
 7 │~                                       │
 8 │~                                       │
 9 │~                                       │
10 │~                                       │
11 │~                                       │
12 │~                                       │
13 │~                                       │
14 │~                                       │
15 │~                                       │
16 │~                                       │
17 │~                                       │
18 │moves.py              3,1            All│
    ────────────────────────────────────────

[KEYS] 'k'
[OVERLAY] k  up

              1         2         3         
    0123456789012345678901234567890123456789
    ────────────────────────────────────────
 0 │apples = 10                             │
 1 │bananas = 20                            │ ◂ cursor (1,0)
 2 │cherries = 30                           │
 3 │dates = 40                              │
 4 │elderberries = 50                       │
 5 │~                                       │
 6 │~                                       │
 7 │~                                       │
 8 │~                                       │
 9 │~                                       │
10 │~                                       │
11 │~                                       │
12 │~                                       │
13 │~                                       │
14 │~                                       │
15 │~                                       │
16 │~                                       │
17 │~                                       │
18 │moves.py              2,1            All│
    ────────────────────────────────────────

[SAY] L moves right.
[KEYS] 'l'
[OVERLAY] l  right

              1         2         3         
    0123456789012345678901234567890123456789
    ────────────────────────────────────────
 0 │apples = 10                             │
 1 │bananas = 20                            │ ◂ cursor (1,1)
 2 │cherries = 30                           │
 3 │dates = 40                              │
 4 │elderberries = 50                       │
 5 │~                                       │
 6 │~                                       │
 7 │~                                       │
 8 │~                                       │
 9 │~                                       │
10 │~                                       │
11 │~                                       │
12 │~                                       │
13 │~                                       │
14 │~                                       │
15 │~                                       │
16 │~                                       │
17 │~                                       │
18 │moves.py              2,2            All│
    ────────────────────────────────────────

[KEYS] 'l'
[OVERLAY] l  right

              1         2         3         
    0123456789012345678901234567890123456789
    ────────────────────────────────────────
 0 │apples = 10                             │
 1 │bananas = 20                            │ ◂ cursor (1,2)
 2 │cherries = 30                           │
 3 │dates = 40                              │
 4 │elderberries = 50                       │
 5 │~                                       │
 6 │~                                       │
 7 │~                                       │
 8 │~                                       │
 9 │~                                       │
10 │~                                       │
11 │~                                       │
12 │~                                       │
13 │~                                       │
14 │~                                       │
15 │~                                       │
16 │~                                       │
17 │~                                       │
18 │moves.py              2,3            All│
    ────────────────────────────────────────

[KEYS] 'l'
[OVERLAY] l  right

              1         2         3         
    0123456789012345678901234567890123456789
    ────────────────────────────────────────
 0 │apples = 10                             │
 1 │bananas = 20                            │ ◂ cursor (1,3)
 2 │cherries = 30                           │
 3 │dates = 40                              │
 4 │elderberries = 50                       │
 5 │~                                       │
 6 │~                                       │
 7 │~                                       │
 8 │~                                       │
 9 │~                                       │
10 │~                                       │
11 │~                                       │
12 │~                                       │
13 │~                                       │
14 │~                                       │
15 │~                                       │
16 │~                                       │
17 │~                                       │
18 │moves.py              2,4            All│
    ────────────────────────────────────────

[KEYS] 'l'
[OVERLAY] l  right

              1         2         3         
    0123456789012345678901234567890123456789
    ────────────────────────────────────────
 0 │apples = 10                             │
 1 │bananas = 20                            │ ◂ cursor (1,4)
 2 │cherries = 30                           │
 3 │dates = 40                              │
 4 │elderberries = 50                       │
 5 │~                                       │
 6 │~                                       │
 7 │~                                       │
 8 │~                                       │
 9 │~                                       │
10 │~                                       │
11 │~                                       │
12 │~                                       │
13 │~                                       │
14 │~                                       │
15 │~                                       │
16 │~                                       │
17 │~                                       │
18 │moves.py              2,5            All│
    ────────────────────────────────────────

[KEYS] 'l'
[OVERLAY] l  right

              1         2         3         
    0123456789012345678901234567890123456789
    ────────────────────────────────────────
 0 │apples = 10                             │
 1 │bananas = 20                            │ ◂ cursor (1,5)
 2 │cherries = 30                           │
 3 │dates = 40                              │
 4 │elderberries = 50                       │
 5 │~                                       │
 6 │~                                       │
 7 │~                                       │
 8 │~                                       │
 9 │~                                       │
10 │~                                       │
11 │~                                       │
12 │~                                       │
13 │~                                       │
14 │~                                       │
15 │~                                       │
16 │~                                       │
17 │~                                       │
18 │moves.py              2,6            All│
    ────────────────────────────────────────

[SAY] H moves left.
[KEYS] 'h'
[OVERLAY] h  left

              1         2         3         
    0123456789012345678901234567890123456789
    ────────────────────────────────────────
 0 │apples = 10                             │
 1 │bananas = 20                            │ ◂ cursor (1,4)
 2 │cherries = 30                           │
 3 │dates = 40                              │
 4 │elderberries = 50                       │
 5 │~                                       │
 6 │~                                       │
 7 │~                                       │
 8 │~                                       │
 9 │~                                       │
10 │~                                       │
11 │~                                       │
12 │~                                       │
13 │~                                       │
14 │~                                       │
15 │~                                       │
16 │~                                       │
17 │~                                       │
18 │moves.py              2,5            All│
    ────────────────────────────────────────

[KEYS] 'h'
[OVERLAY] h  left

              1         2         3         
    0123456789012345678901234567890123456789
    ────────────────────────────────────────
 0 │apples = 10                             │
 1 │bananas = 20                            │ ◂ cursor (1,3)
 2 │cherries = 30                           │
 3 │dates = 40                              │
 4 │elderberries = 50                       │
 5 │~                                       │
 6 │~                                       │
 7 │~                                       │
 8 │~                                       │
 9 │~                                       │
10 │~                                       │
11 │~                                       │
12 │~                                       │
13 │~                                       │
14 │~                                       │
15 │~                                       │
16 │~                                       │
17 │~                                       │
18 │moves.py              2,4            All│
    ────────────────────────────────────────

[KEYS] 'h'
[OVERLAY] h  left

              1         2         3         
    0123456789012345678901234567890123456789
    ────────────────────────────────────────
 0 │apples = 10                             │
 1 │bananas = 20                            │ ◂ cursor (1,2)
 2 │cherries = 30                           │
 3 │dates = 40                              │
 4 │elderberries = 50                       │
 5 │~                                       │
 6 │~                                       │
 7 │~                                       │
 8 │~                                       │
 9 │~                                       │
10 │~                                       │
11 │~                                       │
12 │~                                       │
13 │~                                       │
14 │~                                       │
15 │~                                       │
16 │~                                       │
17 │~                                       │
18 │moves.py              2,3            All│
    ────────────────────────────────────────

[SAY] H, J, K, L. All on the home row, right under your fingers.
[SAY] No reaching for arrow keys. Just tap and go.
[KEYS] 'j'
[OVERLAY] j  down

              1         2         3         
    0123456789012345678901234567890123456789
    ────────────────────────────────────────
 0 │apples = 10                             │
 1 │bananas = 20                            │
 2 │cherries = 30                           │ ◂ cursor (2,2)
 3 │dates = 40                              │
 4 │elderberries = 50                       │
 5 │~                                       │
 6 │~                                       │
 7 │~                                       │
 8 │~                                       │
 9 │~                                       │
10 │~                                       │
11 │~                                       │
12 │~                                       │
13 │~                                       │
14 │~                                       │
15 │~                                       │
16 │~                                       │
17 │~                                       │
18 │moves.py              3,3            All│
    ────────────────────────────────────────

[KEYS] 'j'
[OVERLAY] j  down

              1         2         3         
    0123456789012345678901234567890123456789
    ────────────────────────────────────────
 0 │apples = 10                             │
 1 │bananas = 20                            │
 2 │cherries = 30                           │
 3 │dates = 40                              │ ◂ cursor (3,2)
 4 │elderberries = 50                       │
 5 │~                                       │
 6 │~                                       │
 7 │~                                       │
 8 │~                                       │
 9 │~                                       │
10 │~                                       │
11 │~                                       │
12 │~                                       │
13 │~                                       │
14 │~                                       │
15 │~                                       │
16 │~                                       │
17 │~                                       │
18 │moves.py              4,3            All│
    ────────────────────────────────────────

[KEYS] 'l'
[OVERLAY] l  right

              1         2         3         
    0123456789012345678901234567890123456789
    ────────────────────────────────────────
 0 │apples = 10                             │
 1 │bananas = 20                            │
 2 │cherries = 30                           │
 3 │dates = 40                              │ ◂ cursor (3,3)
 4 │elderberries = 50                       │
 5 │~                                       │
 6 │~                                       │
 7 │~                                       │
 8 │~                                       │
 9 │~                                       │
10 │~                                       │
11 │~                                       │
12 │~                                       │
13 │~                                       │
14 │~                                       │
15 │~                                       │
16 │~                                       │
17 │~                                       │
18 │moves.py              4,4            All│
    ────────────────────────────────────────

[KEYS] 'l'
[OVERLAY] l  right

              1         2         3         
    0123456789012345678901234567890123456789
    ────────────────────────────────────────
 0 │apples = 10                             │
 1 │bananas = 20                            │
 2 │cherries = 30                           │
 3 │dates = 40                              │ ◂ cursor (3,4)
 4 │elderberries = 50                       │
 5 │~                                       │
 6 │~                                       │
 7 │~                                       │
 8 │~                                       │
 9 │~                                       │
10 │~                                       │
11 │~                                       │
12 │~                                       │
13 │~                                       │
14 │~                                       │
15 │~                                       │
16 │~                                       │
17 │~                                       │
18 │moves.py              4,5            All│
    ────────────────────────────────────────

[KEYS] 'l'
[OVERLAY] l  right

              1         2         3         
    0123456789012345678901234567890123456789
    ────────────────────────────────────────
 0 │apples = 10                             │
 1 │bananas = 20                            │
 2 │cherries = 30                           │
 3 │dates = 40                              │ ◂ cursor (3,5)
 4 │elderberries = 50                       │
 5 │~                                       │
 6 │~                                       │
 7 │~                                       │
 8 │~                                       │
 9 │~                                       │
10 │~                                       │
11 │~                                       │
12 │~                                       │
13 │~                                       │
14 │~                                       │
15 │~                                       │
16 │~                                       │
17 │~                                       │
18 │moves.py              4,6            All│
    ────────────────────────────────────────

[KEYS] 'k'
[OVERLAY] k  up

              1         2         3         
    0123456789012345678901234567890123456789
    ────────────────────────────────────────
 0 │apples = 10                             │
 1 │bananas = 20                            │
 2 │cherries = 30                           │ ◂ cursor (2,5)
 3 │dates = 40                              │
 4 │elderberries = 50                       │
 5 │~                                       │
 6 │~                                       │
 7 │~                                       │
 8 │~                                       │
 9 │~                                       │
10 │~                                       │
11 │~                                       │
12 │~                                       │
13 │~                                       │
14 │~                                       │
15 │~                                       │
16 │~                                       │
17 │~                                       │
18 │moves.py              3,6            All│
    ────────────────────────────────────────

[KEYS] 'h'
[OVERLAY] h  left

              1         2         3         
    0123456789012345678901234567890123456789
    ────────────────────────────────────────
 0 │apples = 10                             │
 1 │bananas = 20                            │
 2 │cherries = 30                           │ ◂ cursor (2,4)
 3 │dates = 40                              │
 4 │elderberries = 50                       │
 5 │~                                       │
 6 │~                                       │
 7 │~                                       │
 8 │~                                       │
 9 │~                                       │
10 │~                                       │
11 │~                                       │
12 │~                                       │
13 │~                                       │
14 │~                                       │
15 │~                                       │
16 │~                                       │
17 │~                                       │
18 │moves.py              3,5            All│
    ────────────────────────────────────────

[KEYS] 'j'
[OVERLAY] j  down

              1         2         3         
    0123456789012345678901234567890123456789
    ────────────────────────────────────────
 0 │apples = 10                             │
 1 │bananas = 20                            │
 2 │cherries = 30                           │
 3 │dates = 40                              │ ◂ cursor (3,4)
 4 │elderberries = 50                       │
 5 │~                                       │
 6 │~                                       │
 7 │~                                       │
 8 │~                                       │
 9 │~                                       │
10 │~                                       │
11 │~                                       │
12 │~                                       │
13 │~                                       │
14 │~                                       │
15 │~                                       │
16 │~                                       │
17 │~                                       │
18 │moves.py              4,5            All│
    ────────────────────────────────────────

[SAY] H J K L. It'll feel weird for a day. Then it'll feel fast.