[RECORDING_START] Screen state at recording start:

              1         2         3         
    0123456789012345678901234567890123456789
    ────────────────────────────────────────
 0 │hello world                             │ ◂ cursor (0,0)
 1 │        indented with tab               │
 2 │  indented with spaces                  │
 3 │no trailing                             │
 4 │~                                       │
 5 │~                                       │
 6 │~                                       │
 7 │~                                       │
 8 │~                                       │
 9 │~                                       │
10 │~                                       │
11 │~                                       │
12 │~                                       │
13 │~                                       │
14 │~                                       │
15 │~                                       │
16 │~                                       │
17 │~                                       │
18 │demo.txt              1,1            All│
    ────────────────────────────────────────

[OVERLAY] VimFu — :set list / nolist
[SAY] Set list reveals invisible characters. Tabs, trailing spaces, and end of line markers become visible.
[SAY] Turn it on.
[TYPE] ':set list'

              1         2         3         
    0123456789012345678901234567890123456789
    ────────────────────────────────────────
 0 │hello world                             │
 1 │        indented with tab               │
 2 │  indented with spaces                  │
 3 │no trailing                             │
 4 │~                                       │
 5 │~                                       │
 6 │~                                       │
 7 │~                                       │
 8 │~                                       │
 9 │~                                       │
10 │~                                       │
11 │~                                       │
12 │~                                       │
13 │~                                       │
14 │~                                       │
15 │~                                       │
16 │~                                       │
17 │~                                       │
18 │demo.txt              1,1            All│
19 │:set list                               │ ◂ cursor (19,9)
    ────────────────────────────────────────

[SAY] Set list — reveal tabs, trailing spaces, and end-of-line markers.
[ENTER]

              1         2         3         
    0123456789012345678901234567890123456789
    ────────────────────────────────────────
 0 │hello world---                          │ ◂ cursor (0,0)
 1 │>       indented with tab               │
 2 │  indented with spaces                  │
 3 │no trailing                             │
 4 │~                                       │
 5 │~                                       │
 6 │~                                       │
 7 │~                                       │
 8 │~                                       │
 9 │~                                       │
10 │~                                       │
11 │~                                       │
12 │~                                       │
13 │~                                       │
14 │~                                       │
15 │~                                       │
16 │~                                       │
17 │~                                       │
18 │demo.txt              1,1            All│
19 │:set list                               │
    ────────────────────────────────────────

[SAY] Now you can see tab characters, trailing spaces, and end of line markers. Great for catching whitespace problems.
[SAY] Turn it off to go back to normal.
[TYPE] ':set nolist'

              1         2         3         
    0123456789012345678901234567890123456789
    ────────────────────────────────────────
 0 │hello world---                          │
 1 │>       indented with tab               │
 2 │  indented with spaces                  │
 3 │no trailing                             │
 4 │~                                       │
 5 │~                                       │
 6 │~                                       │
 7 │~                                       │
 8 │~                                       │
 9 │~                                       │
10 │~                                       │
11 │~                                       │
12 │~                                       │
13 │~                                       │
14 │~                                       │
15 │~                                       │
16 │~                                       │
17 │~                                       │
18 │demo.txt              1,1            All│
19 │:set nolist                             │ ◂ cursor (19,11)
    ────────────────────────────────────────

[SAY] Set no list hides the whitespace markers again.
[ENTER]

              1         2         3         
    0123456789012345678901234567890123456789
    ────────────────────────────────────────
 0 │hello world                             │ ◂ cursor (0,0)
 1 │        indented with tab               │
 2 │  indented with spaces                  │
 3 │no trailing                             │
 4 │~                                       │
 5 │~                                       │
 6 │~                                       │
 7 │~                                       │
 8 │~                                       │
 9 │~                                       │
10 │~                                       │
11 │~                                       │
12 │~                                       │
13 │~                                       │
14 │~                                       │
15 │~                                       │
16 │~                                       │
17 │~                                       │
18 │demo.txt              1,1            All│
19 │:set nolist                             │
    ────────────────────────────────────────

[SAY] Set list shows whitespace. Set no list hides it. Toggle with set list bang.