[RECORDING_START] Screen state at recording start:

              1         2         3         
    0123456789012345678901234567890123456789
    ────────────────────────────────────────
 0 │➜  vimfu                                │ ◂ cursor (0,9)
    ────────────────────────────────────────

[OVERLAY] VimFu — The Escape Habit
[SAY] This is the most important habit in Vim.
[LINE] 'nvim todo.py'

              1         2         3         
    0123456789012345678901234567890123456789
    ────────────────────────────────────────
 0 │➜  vimfu nvim todo.py                   │
    ────────────────────────────────────────

[SAY] After every single edit, press Escape.
[SAY] Watch the rhythm.
[KEYS] 'i'
[OVERLAY] i  insert

              1         2         3         
    0123456789012345678901234567890123456789
    ────────────────────────────────────────
 0 │                                        │ ◂ cursor (0,0)
 1 │~                                       │
 2 │~                                       │
 3 │~                                       │
 4 │~                                       │
 5 │~                                       │
 6 │~                                       │
 7 │~                                       │
 8 │~                                       │
 9 │~                                       │
10 │~                                       │
11 │~                                       │
12 │~                                       │
13 │~                                       │
14 │~                                       │
15 │~                                       │
16 │~                                       │
17 │~                                       │
18 │todo.py               0,1            All│
19 │-- INSERT --                            │
    ────────────────────────────────────────

[TYPE] '# my todo list'

              1         2         3         
    0123456789012345678901234567890123456789
    ────────────────────────────────────────
 0 │# my todo list                          │ ◂ cursor (0,14)
 1 │~                                       │
 2 │~                                       │
 3 │~                                       │
 4 │~                                       │
 5 │~                                       │
 6 │~                                       │
 7 │~                                       │
 8 │~                                       │
 9 │~                                       │
10 │~                                       │
11 │~                                       │
12 │~                                       │
13 │~                                       │
14 │~                                       │
15 │~                                       │
16 │~                                       │
17 │~                                       │
18 │todo.py [+]           1,15           All│
19 │-- INSERT --                            │
    ────────────────────────────────────────

[ESCAPE]

              1         2         3         
    0123456789012345678901234567890123456789
    ────────────────────────────────────────
 0 │# my todo list                          │ ◂ cursor (0,13)
 1 │~                                       │
 2 │~                                       │
 3 │~                                       │
 4 │~                                       │
 5 │~                                       │
 6 │~                                       │
 7 │~                                       │
 8 │~                                       │
 9 │~                                       │
10 │~                                       │
11 │~                                       │
12 │~                                       │
13 │~                                       │
14 │~                                       │
15 │~                                       │
16 │~                                       │
17 │~                                       │
18 │todo.py [+]           1,14           All│
    ────────────────────────────────────────

[KEYS] 'o'
[OVERLAY] o  open below

              1         2         3         
    0123456789012345678901234567890123456789
    ────────────────────────────────────────
 0 │# my todo list                          │
 1 │                                        │ ◂ cursor (1,0)
 2 │~                                       │
 3 │~                                       │
 4 │~                                       │
 5 │~                                       │
 6 │~                                       │
 7 │~                                       │
 8 │~                                       │
 9 │~                                       │
10 │~                                       │
11 │~                                       │
12 │~                                       │
13 │~                                       │
14 │~                                       │
15 │~                                       │
16 │~                                       │
17 │~                                       │
18 │todo.py [+]           2,1            All│
19 │-- INSERT --                            │
    ────────────────────────────────────────

[TYPE] 'buy milk'

              1         2         3         
    0123456789012345678901234567890123456789
    ────────────────────────────────────────
 0 │# my todo list                          │
 1 │buy milk                                │ ◂ cursor (1,8)
 2 │~                                       │
 3 │~                                       │
 4 │~                                       │
 5 │~                                       │
 6 │~                                       │
 7 │~                                       │
 8 │~                                       │
 9 │~                                       │
10 │~                                       │
11 │~                                       │
12 │~                                       │
13 │~                                       │
14 │~                                       │
15 │~                                       │
16 │~                                       │
17 │~                                       │
18 │todo.py [+]           2,9            All│
19 │-- INSERT --                            │
    ────────────────────────────────────────

[ESCAPE]

              1         2         3         
    0123456789012345678901234567890123456789
    ────────────────────────────────────────
 0 │# my todo list                          │
 1 │buy milk                                │ ◂ cursor (1,7)
 2 │~                                       │
 3 │~                                       │
 4 │~                                       │
 5 │~                                       │
 6 │~                                       │
 7 │~                                       │
 8 │~                                       │
 9 │~                                       │
10 │~                                       │
11 │~                                       │
12 │~                                       │
13 │~                                       │
14 │~                                       │
15 │~                                       │
16 │~                                       │
17 │~                                       │
18 │todo.py [+]           2,8            All│
    ────────────────────────────────────────

[KEYS] 'o'
[OVERLAY] o  open below

              1         2         3         
    0123456789012345678901234567890123456789
    ────────────────────────────────────────
 0 │# my todo list                          │
 1 │buy milk                                │
 2 │                                        │ ◂ cursor (2,0)
 3 │~                                       │
 4 │~                                       │
 5 │~                                       │
 6 │~                                       │
 7 │~                                       │
 8 │~                                       │
 9 │~                                       │
10 │~                                       │
11 │~                                       │
12 │~                                       │
13 │~                                       │
14 │~                                       │
15 │~                                       │
16 │~                                       │
17 │~                                       │
18 │todo.py [+]           3,1            All│
19 │-- INSERT --                            │
    ────────────────────────────────────────

[TYPE] 'walk dog'

              1         2         3         
    0123456789012345678901234567890123456789
    ────────────────────────────────────────
 0 │# my todo list                          │
 1 │buy milk                                │
 2 │walk dog                                │ ◂ cursor (2,8)
 3 │~                                       │
 4 │~                                       │
 5 │~                                       │
 6 │~                                       │
 7 │~                                       │
 8 │~                                       │
 9 │~                                       │
10 │~                                       │
11 │~                                       │
12 │~                                       │
13 │~                                       │
14 │~                                       │
15 │~                                       │
16 │~                                       │
17 │~                                       │
18 │todo.py [+]           3,9            All│
19 │-- INSERT --                            │
    ────────────────────────────────────────

[ESCAPE]

              1         2         3         
    0123456789012345678901234567890123456789
    ────────────────────────────────────────
 0 │# my todo list                          │
 1 │buy milk                                │
 2 │walk dog                                │ ◂ cursor (2,7)
 3 │~                                       │
 4 │~                                       │
 5 │~                                       │
 6 │~                                       │
 7 │~                                       │
 8 │~                                       │
 9 │~                                       │
10 │~                                       │
11 │~                                       │
12 │~                                       │
13 │~                                       │
14 │~                                       │
15 │~                                       │
16 │~                                       │
17 │~                                       │
18 │todo.py [+]           3,8            All│
    ────────────────────────────────────────

[KEYS] 'o'
[OVERLAY] o  open below

              1         2         3         
    0123456789012345678901234567890123456789
    ────────────────────────────────────────
 0 │# my todo list                          │
 1 │buy milk                                │
 2 │walk dog                                │
 3 │                                        │ ◂ cursor (3,0)
 4 │~                                       │
 5 │~                                       │
 6 │~                                       │
 7 │~                                       │
 8 │~                                       │
 9 │~                                       │
10 │~                                       │
11 │~                                       │
12 │~                                       │
13 │~                                       │
14 │~                                       │
15 │~                                       │
16 │~                                       │
17 │~                                       │
18 │todo.py [+]           4,1            All│
19 │-- INSERT --                            │
    ────────────────────────────────────────

[TYPE] 'learn vim'

              1         2         3         
    0123456789012345678901234567890123456789
    ────────────────────────────────────────
 0 │# my todo list                          │
 1 │buy milk                                │
 2 │walk dog                                │
 3 │learn vim                               │ ◂ cursor (3,9)
 4 │~                                       │
 5 │~                                       │
 6 │~                                       │
 7 │~                                       │
 8 │~                                       │
 9 │~                                       │
10 │~                                       │
11 │~                                       │
12 │~                                       │
13 │~                                       │
14 │~                                       │
15 │~                                       │
16 │~                                       │
17 │~                                       │
18 │todo.py [+]           4,10           All│
19 │-- INSERT --                            │
    ────────────────────────────────────────

[ESCAPE]

              1         2         3         
    0123456789012345678901234567890123456789
    ────────────────────────────────────────
 0 │# my todo list                          │
 1 │buy milk                                │
 2 │walk dog                                │
 3 │learn vim                               │ ◂ cursor (3,8)
 4 │~                                       │
 5 │~                                       │
 6 │~                                       │
 7 │~                                       │
 8 │~                                       │
 9 │~                                       │
10 │~                                       │
11 │~                                       │
12 │~                                       │
13 │~                                       │
14 │~                                       │
15 │~                                       │
16 │~                                       │
17 │~                                       │
18 │todo.py [+]           4,9            All│
    ────────────────────────────────────────

[SAY] Type. Escape. Type. Escape. Every time.
[SAY] If you're ever lost or confused, just press Escape. You'll always land in normal mode.
[SAY] It's your reset button. Your safe place. Make it a reflex and you'll never get stuck.