[RECORDING_START] Screen state at recording start:

              1         2         3         
    0123456789012345678901234567890123456789
    в”Ђв”Ђв”Ђв”Ђв”Ђв”Ђв”Ђв”Ђв”Ђв”Ђв”Ђв”Ђв”Ђв”Ђв”Ђв”Ђв”Ђв”Ђв”Ђв”Ђв”Ђв”Ђв”Ђв”Ђв”Ђв”Ђв”Ђв”Ђв”Ђв”Ђв”Ђв”Ђв”Ђв”Ђв”Ђв”Ђв”Ђв”Ђв”Ђв”Ђ
 0 в”‚# North Kingdom     в”‚# East Kingdom     в”‚ в—‚ cursor (0,0)
 1 в”‚castle = "Winterholdв”‚castle = "Sunspire"в”‚
 2 в”‚"                   в”‚queen = "Sun Queen"в”‚
 3 в”‚king = "Frost King" в”‚army = 3000        в”‚
 4 в”‚army = 5000         в”‚~                  в”‚
 5 в”‚~                   в”‚~                  в”‚
 6 в”‚~                   в”‚~                  в”‚
 7 в”‚~                   в”‚~                  в”‚
 8 в”‚~                   в”‚east.py   1,1   Allв”‚
 9 в”‚~                   в”‚# South Kingdom    в”‚
10 в”‚~                   в”‚castle = "Stoneholdв”‚
11 в”‚~                   в”‚"                  в”‚
12 в”‚~                   в”‚lord = "Stone Lord"в”‚
13 в”‚~                   в”‚army = 2000        в”‚
14 в”‚~                   в”‚~                  в”‚
15 в”‚~                   в”‚~                  в”‚
16 в”‚~                   в”‚~                  в”‚
17 в”‚~                   в”‚~                  в”‚
18 в”‚north.py  1,1    All south.py  1,1   Allв”‚
    в”Ђв”Ђв”Ђв”Ђв”Ђв”Ђв”Ђв”Ђв”Ђв”Ђв”Ђв”Ђв”Ђв”Ђв”Ђв”Ђв”Ђв”Ђв”Ђв”Ђв”Ђв”Ђв”Ђв”Ђв”Ђв”Ђв”Ђв”Ђв”Ђв”Ђв”Ђв”Ђв”Ђв”Ђв”Ђв”Ђв”Ђв”Ђв”Ђв”Ђ
[HIGHLIGHT] row 8, cols 21-39: "east.py   1,1   All"

[OVERLAY] VimFu вЂ” Ctrl-W hjkl вЂ” Navigate Splits
[SAY] Control W H J K L moves between windows. Same directions as normal mode. H left. J down. K up. L right.
[SAY] Three panes. Cursor starts in the left pane. Control W L to go right.
[KEYS] '\x17l'
[OVERLAY] вЊѓwl  right

              1         2         3         
    0123456789012345678901234567890123456789
    в”Ђв”Ђв”Ђв”Ђв”Ђв”Ђв”Ђв”Ђв”Ђв”Ђв”Ђв”Ђв”Ђв”Ђв”Ђв”Ђв”Ђв”Ђв”Ђв”Ђв”Ђв”Ђв”Ђв”Ђв”Ђв”Ђв”Ђв”Ђв”Ђв”Ђв”Ђв”Ђв”Ђв”Ђв”Ђв”Ђв”Ђв”Ђв”Ђв”Ђ
 0 в”‚# North Kingdom    в”‚# East Kingdom      в”‚ в—‚ cursor (0,20)
 1 в”‚castle = "Winterholв”‚castle = "Sunspire" в”‚
 2 в”‚d"                 в”‚queen = "Sun Queen" в”‚
 3 в”‚king = "Frost King"в”‚army = 3000         в”‚
 4 в”‚army = 5000        в”‚~                   в”‚
 5 в”‚~                  в”‚~                   в”‚
 6 в”‚~                  в”‚~                   в”‚
 7 в”‚~                  в”‚~                   в”‚
 8 в”‚~                  в”‚east.py   1,1    Allв”‚
 9 в”‚~                  в”‚# South Kingdom     в”‚
10 в”‚~                  в”‚castle = "Stonehold"в”‚
11 в”‚~                  в”‚lord = "Stone Lord" в”‚
12 в”‚~                  в”‚army = 2000         в”‚
13 в”‚~                  в”‚~                   в”‚
14 в”‚~                  в”‚~                   в”‚
15 в”‚~                  в”‚~                   в”‚
16 в”‚~                  в”‚~                   в”‚
17 в”‚~                  в”‚~                   в”‚
18 в”‚north.py  1,1   All south.py  1,1    Allв”‚
    в”Ђв”Ђв”Ђв”Ђв”Ђв”Ђв”Ђв”Ђв”Ђв”Ђв”Ђв”Ђв”Ђв”Ђв”Ђв”Ђв”Ђв”Ђв”Ђв”Ђв”Ђв”Ђв”Ђв”Ђв”Ђв”Ђв”Ђв”Ђв”Ђв”Ђв”Ђв”Ђв”Ђв”Ђв”Ђв”Ђв”Ђв”Ђв”Ђв”Ђ
[HIGHLIGHT] row 8, cols 20-39: "east.py   1,1    All"

[SAY] Top right pane. East kingdom.
[SAY] Control W J to go down.
[KEYS] '\x17j'
[OVERLAY] вЊѓwj  down

              1         2         3         
    0123456789012345678901234567890123456789
    в”Ђв”Ђв”Ђв”Ђв”Ђв”Ђв”Ђв”Ђв”Ђв”Ђв”Ђв”Ђв”Ђв”Ђв”Ђв”Ђв”Ђв”Ђв”Ђв”Ђв”Ђв”Ђв”Ђв”Ђв”Ђв”Ђв”Ђв”Ђв”Ђв”Ђв”Ђв”Ђв”Ђв”Ђв”Ђв”Ђв”Ђв”Ђв”Ђв”Ђ
 0 в”‚# North Kingdom    в”‚# East Kingdom      в”‚
 1 в”‚castle = "Winterholв”‚castle = "Sunspire" в”‚
 2 в”‚d"                 в”‚queen = "Sun Queen" в”‚
 3 в”‚king = "Frost King"в”‚army = 3000         в”‚
 4 в”‚army = 5000        в”‚~                   в”‚
 5 в”‚~                  в”‚~                   в”‚
 6 в”‚~                  в”‚~                   в”‚
 7 в”‚~                  в”‚~                   в”‚
 8 в”‚~                  в”‚east.py   1,1    Allв”‚
 9 в”‚~                  в”‚# South Kingdom     в”‚ в—‚ cursor (9,20)
10 в”‚~                  в”‚castle = "Stonehold"в”‚
11 в”‚~                  в”‚lord = "Stone Lord" в”‚
12 в”‚~                  в”‚army = 2000         в”‚
13 в”‚~                  в”‚~                   в”‚
14 в”‚~                  в”‚~                   в”‚
15 в”‚~                  в”‚~                   в”‚
16 в”‚~                  в”‚~                   в”‚
17 в”‚~                  в”‚~                   в”‚
18 в”‚north.py  1,1   All south.py  1,1    Allв”‚
    в”Ђв”Ђв”Ђв”Ђв”Ђв”Ђв”Ђв”Ђв”Ђв”Ђв”Ђв”Ђв”Ђв”Ђв”Ђв”Ђв”Ђв”Ђв”Ђв”Ђв”Ђв”Ђв”Ђв”Ђв”Ђв”Ђв”Ђв”Ђв”Ђв”Ђв”Ђв”Ђв”Ђв”Ђв”Ђв”Ђв”Ђв”Ђв”Ђв”Ђ
[HIGHLIGHT] row 8, cols 20-39: "east.py   1,1    All"

[SAY] Bottom right pane. South kingdom.
[SAY] Control W K to go back up.
[KEYS] '\x17k'
[OVERLAY] вЊѓwk  up

              1         2         3         
    0123456789012345678901234567890123456789
    в”Ђв”Ђв”Ђв”Ђв”Ђв”Ђв”Ђв”Ђв”Ђв”Ђв”Ђв”Ђв”Ђв”Ђв”Ђв”Ђв”Ђв”Ђв”Ђв”Ђв”Ђв”Ђв”Ђв”Ђв”Ђв”Ђв”Ђв”Ђв”Ђв”Ђв”Ђв”Ђв”Ђв”Ђв”Ђв”Ђв”Ђв”Ђв”Ђв”Ђ
 0 в”‚# North Kingdom    в”‚# East Kingdom      в”‚ в—‚ cursor (0,20)
 1 в”‚castle = "Winterholв”‚castle = "Sunspire" в”‚
 2 в”‚d"                 в”‚queen = "Sun Queen" в”‚
 3 в”‚king = "Frost King"в”‚army = 3000         в”‚
 4 в”‚army = 5000        в”‚~                   в”‚
 5 в”‚~                  в”‚~                   в”‚
 6 в”‚~                  в”‚~                   в”‚
 7 в”‚~                  в”‚~                   в”‚
 8 в”‚~                  в”‚east.py   1,1    Allв”‚
 9 в”‚~                  в”‚# South Kingdom     в”‚
10 в”‚~                  в”‚castle = "Stonehold"в”‚
11 в”‚~                  в”‚lord = "Stone Lord" в”‚
12 в”‚~                  в”‚army = 2000         в”‚
13 в”‚~                  в”‚~                   в”‚
14 в”‚~                  в”‚~                   в”‚
15 в”‚~                  в”‚~                   в”‚
16 в”‚~                  в”‚~                   в”‚
17 в”‚~                  в”‚~                   в”‚
18 в”‚north.py  1,1   All south.py  1,1    Allв”‚
    в”Ђв”Ђв”Ђв”Ђв”Ђв”Ђв”Ђв”Ђв”Ђв”Ђв”Ђв”Ђв”Ђв”Ђв”Ђв”Ђв”Ђв”Ђв”Ђв”Ђв”Ђв”Ђв”Ђв”Ђв”Ђв”Ђв”Ђв”Ђв”Ђв”Ђв”Ђв”Ђв”Ђв”Ђв”Ђв”Ђв”Ђв”Ђв”Ђв”Ђ
[HIGHLIGHT] row 8, cols 20-39: "east.py   1,1    All"

[SAY] Back to east.
[SAY] Control W H to go all the way left.
[KEYS] '\x17h'
[OVERLAY] вЊѓwh  left

              1         2         3         
    0123456789012345678901234567890123456789
    в”Ђв”Ђв”Ђв”Ђв”Ђв”Ђв”Ђв”Ђв”Ђв”Ђв”Ђв”Ђв”Ђв”Ђв”Ђв”Ђв”Ђв”Ђв”Ђв”Ђв”Ђв”Ђв”Ђв”Ђв”Ђв”Ђв”Ђв”Ђв”Ђв”Ђв”Ђв”Ђв”Ђв”Ђв”Ђв”Ђв”Ђв”Ђв”Ђв”Ђ
 0 в”‚# North Kingdom     в”‚# East Kingdom     в”‚ в—‚ cursor (0,0)
 1 в”‚castle = "Winterholdв”‚castle = "Sunspire"в”‚
 2 в”‚"                   в”‚queen = "Sun Queen"в”‚
 3 в”‚king = "Frost King" в”‚army = 3000        в”‚
 4 в”‚army = 5000         в”‚~                  в”‚
 5 в”‚~                   в”‚~                  в”‚
 6 в”‚~                   в”‚~                  в”‚
 7 в”‚~                   в”‚~                  в”‚
 8 в”‚~                   в”‚east.py   1,1   Allв”‚
 9 в”‚~                   в”‚# South Kingdom    в”‚
10 в”‚~                   в”‚castle = "Stoneholdв”‚
11 в”‚~                   в”‚"                  в”‚
12 в”‚~                   в”‚lord = "Stone Lord"в”‚
13 в”‚~                   в”‚army = 2000        в”‚
14 в”‚~                   в”‚~                  в”‚
15 в”‚~                   в”‚~                  в”‚
16 в”‚~                   в”‚~                  в”‚
17 в”‚~                   в”‚~                  в”‚
18 в”‚north.py  1,1    All south.py  1,1   Allв”‚
    в”Ђв”Ђв”Ђв”Ђв”Ђв”Ђв”Ђв”Ђв”Ђв”Ђв”Ђв”Ђв”Ђв”Ђв”Ђв”Ђв”Ђв”Ђв”Ђв”Ђв”Ђв”Ђв”Ђв”Ђв”Ђв”Ђв”Ђв”Ђв”Ђв”Ђв”Ђв”Ђв”Ђв”Ђв”Ђв”Ђв”Ђв”Ђв”Ђв”Ђ
[HIGHLIGHT] row 8, cols 21-39: "east.py   1,1   All"

[SAY] Back to north. Same muscle memory as normal mode.
[SAY] Control W H J K L. Navigate splits with the same keys you use to move in a file. Natural and fast.