[RECORDING_START] Screen state at recording start:

              1         2         3         
    0123456789012345678901234567890123456789
    ────────────────────────────────────────
 0 │def main():                             │ ◂ cursor (0,0)
 1 │    print("hello")                      │
 2 │                                        │
 3 │main()                                  │
 4 │~                                       │
 5 │~                                       │
 6 │~                                       │
 7 │~                                       │
 8 │~                                       │
 9 │~                                       │
10 │~                                       │
11 │~                                       │
12 │~                                       │
13 │~                                       │
14 │~                                       │
15 │~                                       │
16 │~                                       │
17 │~                                       │
18 │demo.py               1,1            All│
    ────────────────────────────────────────

[OVERLAY] VimFu — :new — New Window
[SAY] Colon new opens a new empty buffer in a horizontal split — like E new and split combined.
[SAY] Open a new scratch window.
[TYPE] ':new'

              1         2         3         
    0123456789012345678901234567890123456789
    ────────────────────────────────────────
 0 │def main():                             │
 1 │    print("hello")                      │
 2 │                                        │
 3 │main()                                  │
 4 │~                                       │
 5 │~                                       │
 6 │~                                       │
 7 │~                                       │
 8 │~                                       │
 9 │~                                       │
10 │~                                       │
11 │~                                       │
12 │~                                       │
13 │~                                       │
14 │~                                       │
15 │~                                       │
16 │~                                       │
17 │~                                       │
18 │demo.py               1,1            All│
19 │:new                                    │ ◂ cursor (19,4)
    ────────────────────────────────────────

[SAY] Colon new creates an unnamed buffer in a fresh horizontal split.
[ENTER]

              1         2         3         
    0123456789012345678901234567890123456789
    ────────────────────────────────────────
 0 │                                        │ ◂ cursor (0,0)
 1 │~                                       │
 2 │~                                       │
 3 │~                                       │
 4 │~                                       │
 5 │~                                       │
 6 │~                                       │
 7 │~                                       │
 8 │~                                       │
 9 │[No Name]             0,0-1          All│
10 │def main():                             │
11 │    print("hello")                      │
12 │                                        │
13 │main()                                  │
14 │~                                       │
15 │~                                       │
16 │~                                       │
17 │~                                       │
18 │demo.py               1,1            All│
19 │:new                                    │
    ────────────────────────────────────────
[HIGHLIGHT] row 9, cols 0-39: "[No Name]             0,0-1          All"

[SAY] An empty buffer in the top window. The original file is below. Start typing in the scratch space.
[KEYS] 'i'
[OVERLAY] i  insert

              1         2         3         
    0123456789012345678901234567890123456789
    ────────────────────────────────────────
 0 │                                        │ ◂ cursor (0,0)
 1 │~                                       │
 2 │~                                       │
 3 │~                                       │
 4 │~                                       │
 5 │~                                       │
 6 │~                                       │
 7 │~                                       │
 8 │~                                       │
 9 │[No Name]             0,1            All│
10 │def main():                             │
11 │    print("hello")                      │
12 │                                        │
13 │main()                                  │
14 │~                                       │
15 │~                                       │
16 │~                                       │
17 │~                                       │
18 │demo.py               1,1            All│
19 │-- INSERT --                            │
    ────────────────────────────────────────
[HIGHLIGHT] row 9, cols 0-39: "[No Name]             0,1            All"

[TYPE] '# notes'

              1         2         3         
    0123456789012345678901234567890123456789
    ────────────────────────────────────────
 0 │# notes                                 │ ◂ cursor (0,7)
 1 │~                                       │
 2 │~                                       │
 3 │~                                       │
 4 │~                                       │
 5 │~                                       │
 6 │~                                       │
 7 │~                                       │
 8 │~                                       │
 9 │[No Name] [+]         1,8            All│
10 │def main():                             │
11 │    print("hello")                      │
12 │                                        │
13 │main()                                  │
14 │~                                       │
15 │~                                       │
16 │~                                       │
17 │~                                       │
18 │demo.py               1,1            All│
19 │-- INSERT --                            │
    ────────────────────────────────────────
[HIGHLIGHT] row 9, cols 0-39: "[No Name] [+]         1,8            All"

[ESCAPE]

              1         2         3         
    0123456789012345678901234567890123456789
    ────────────────────────────────────────
 0 │# notes                                 │ ◂ cursor (0,6)
 1 │~                                       │
 2 │~                                       │
 3 │~                                       │
 4 │~                                       │
 5 │~                                       │
 6 │~                                       │
 7 │~                                       │
 8 │~                                       │
 9 │[No Name] [+]         1,7            All│
10 │def main():                             │
11 │    print("hello")                      │
12 │                                        │
13 │main()                                  │
14 │~                                       │
15 │~                                       │
16 │~                                       │
17 │~                                       │
18 │demo.py               1,1            All│
    ────────────────────────────────────────
[HIGHLIGHT] row 9, cols 0-39: "[No Name] [+]         1,7            All"

[SAY] Colon new. Quick scratch window alongside your code.