[RECORDING_START] Screen state at recording start:

              1         2         3         
    0123456789012345678901234567890123456789
    ────────────────────────────────────────
 0 │start server                            │ ◂ cursor (0,0)
 1 │load config                             │
 2 │check database                          │
 3 │open ports                              │
 4 │begin listening                         │
 5 │~                                       │
 6 │~                                       │
 7 │~                                       │
 8 │~                                       │
 9 │~                                       │
10 │~                                       │
11 │~                                       │
12 │~                                       │
13 │~                                       │
14 │~                                       │
15 │~                                       │
16 │~                                       │
17 │~                                       │
18 │demo.py               1,1            All│
    ────────────────────────────────────────

[OVERLAY] VimFu — :norm with Insert Mode
[SAY] Colon norm can enter insert mode. Use capital I to prepend text to every line.
[SAY] Let's comment out every line by prepending a hash and a space.
[TYPE] ':%norm I# '

              1         2         3         
    0123456789012345678901234567890123456789
    ────────────────────────────────────────
 0 │start server                            │
 1 │load config                             │
 2 │check database                          │
 3 │open ports                              │
 4 │begin listening                         │
 5 │~                                       │
 6 │~                                       │
 7 │~                                       │
 8 │~                                       │
 9 │~                                       │
10 │~                                       │
11 │~                                       │
12 │~                                       │
13 │~                                       │
14 │~                                       │
15 │~                                       │
16 │~                                       │
17 │~                                       │
18 │demo.py               1,1            All│
19 │:%norm I#                               │ ◂ cursor (19,10)
    ────────────────────────────────────────

[SAY] Percent means every line. Capital I enters insert mode at the very start of the line. Then we type a hash and a space — the comment prefix.
[ENTER]

              1         2         3         
    0123456789012345678901234567890123456789
    ────────────────────────────────────────
 0 │# start server                          │
 1 │# load config                           │
 2 │# check database                        │
 3 │# open ports                            │
 4 │# begin listening                       │ ◂ cursor (4,1)
 5 │~                                       │
 6 │~                                       │
 7 │~                                       │
 8 │~                                       │
 9 │~                                       │
10 │~                                       │
11 │~                                       │
12 │~                                       │
13 │~                                       │
14 │~                                       │
15 │~                                       │
16 │~                                       │
17 │~                                       │
18 │demo.py [+]           5,2            All│
    ────────────────────────────────────────

[SAY] Every line is now commented out.
[SAY] Norm with I. Prepend text to every line. Great for commenting or adding prefixes.