[RECORDING_START] Screen state at recording start:

              1         2         3         
    0123456789012345678901234567890123456789
    ────────────────────────────────────────
 0 │host = "bob@dev-01.srv" # login         │ ◂ cursor (0,0)
 1 │path = "/var/log/app.db" # logs         │
 2 │flag = "--no-cache" # fast              │
 3 │~                                       │
 4 │~                                       │
 5 │~                                       │
 6 │~                                       │
 7 │~                                       │
 8 │~                                       │
 9 │~                                       │
10 │~                                       │
11 │~                                       │
12 │~                                       │
13 │~                                       │
14 │~                                       │
15 │~                                       │
16 │~                                       │
17 │~                                       │
18 │config.py             1,1            All│
    ────────────────────────────────────────

[OVERLAY] VimFu — The W Key
[SAY] Capital W moves forward one big WORD. Unlike lowercase w, it skips punctuation and only stops at whitespace.
[SAY] Watch lowercase w on this hostname.
[KEYS] 'f"'
[OVERLAY] f"

              1         2         3         
    0123456789012345678901234567890123456789
    ────────────────────────────────────────
 0 │host = "bob@dev-01.srv" # login         │ ◂ cursor (0,7)
 1 │path = "/var/log/app.db" # logs         │
 2 │flag = "--no-cache" # fast              │
 3 │~                                       │
 4 │~                                       │
 5 │~                                       │
 6 │~                                       │
 7 │~                                       │
 8 │~                                       │
 9 │~                                       │
10 │~                                       │
11 │~                                       │
12 │~                                       │
13 │~                                       │
14 │~                                       │
15 │~                                       │
16 │~                                       │
17 │~                                       │
18 │config.py             1,8            All│
    ────────────────────────────────────────

[KEYS] 'w'
[OVERLAY] w  next word

              1         2         3         
    0123456789012345678901234567890123456789
    ────────────────────────────────────────
 0 │host = "bob@dev-01.srv" # login         │ ◂ cursor (0,8)
 1 │path = "/var/log/app.db" # logs         │
 2 │flag = "--no-cache" # fast              │
 3 │~                                       │
 4 │~                                       │
 5 │~                                       │
 6 │~                                       │
 7 │~                                       │
 8 │~                                       │
 9 │~                                       │
10 │~                                       │
11 │~                                       │
12 │~                                       │
13 │~                                       │
14 │~                                       │
15 │~                                       │
16 │~                                       │
17 │~                                       │
18 │config.py             1,9            All│
    ────────────────────────────────────────

[KEYS] 'w'
[OVERLAY] w  next word

              1         2         3         
    0123456789012345678901234567890123456789
    ────────────────────────────────────────
 0 │host = "bob@dev-01.srv" # login         │ ◂ cursor (0,11)
 1 │path = "/var/log/app.db" # logs         │
 2 │flag = "--no-cache" # fast              │
 3 │~                                       │
 4 │~                                       │
 5 │~                                       │
 6 │~                                       │
 7 │~                                       │
 8 │~                                       │
 9 │~                                       │
10 │~                                       │
11 │~                                       │
12 │~                                       │
13 │~                                       │
14 │~                                       │
15 │~                                       │
16 │~                                       │
17 │~                                       │
18 │config.py             1,12           All│
    ────────────────────────────────────────

[KEYS] 'w'
[OVERLAY] w  next word

              1         2         3         
    0123456789012345678901234567890123456789
    ────────────────────────────────────────
 0 │host = "bob@dev-01.srv" # login         │ ◂ cursor (0,12)
 1 │path = "/var/log/app.db" # logs         │
 2 │flag = "--no-cache" # fast              │
 3 │~                                       │
 4 │~                                       │
 5 │~                                       │
 6 │~                                       │
 7 │~                                       │
 8 │~                                       │
 9 │~                                       │
10 │~                                       │
11 │~                                       │
12 │~                                       │
13 │~                                       │
14 │~                                       │
15 │~                                       │
16 │~                                       │
17 │~                                       │
18 │config.py             1,13           All│
    ────────────────────────────────────────

[KEYS] 'w'
[OVERLAY] w  next word

              1         2         3         
    0123456789012345678901234567890123456789
    ────────────────────────────────────────
 0 │host = "bob@dev-01.srv" # login         │ ◂ cursor (0,15)
 1 │path = "/var/log/app.db" # logs         │
 2 │flag = "--no-cache" # fast              │
 3 │~                                       │
 4 │~                                       │
 5 │~                                       │
 6 │~                                       │
 7 │~                                       │
 8 │~                                       │
 9 │~                                       │
10 │~                                       │
11 │~                                       │
12 │~                                       │
13 │~                                       │
14 │~                                       │
15 │~                                       │
16 │~                                       │
17 │~                                       │
18 │config.py             1,16           All│
    ────────────────────────────────────────

[KEYS] 'w'
[OVERLAY] w  next word

              1         2         3         
    0123456789012345678901234567890123456789
    ────────────────────────────────────────
 0 │host = "bob@dev-01.srv" # login         │ ◂ cursor (0,16)
 1 │path = "/var/log/app.db" # logs         │
 2 │flag = "--no-cache" # fast              │
 3 │~                                       │
 4 │~                                       │
 5 │~                                       │
 6 │~                                       │
 7 │~                                       │
 8 │~                                       │
 9 │~                                       │
10 │~                                       │
11 │~                                       │
12 │~                                       │
13 │~                                       │
14 │~                                       │
15 │~                                       │
16 │~                                       │
17 │~                                       │
18 │config.py             1,17           All│
    ────────────────────────────────────────

[SAY] Five presses. Barely past the at sign. Every dash and dot is a boundary.
[KEYS] 'F"'
[OVERLAY] F"

              1         2         3         
    0123456789012345678901234567890123456789
    ────────────────────────────────────────
 0 │host = "bob@dev-01.srv" # login         │ ◂ cursor (0,7)
 1 │path = "/var/log/app.db" # logs         │
 2 │flag = "--no-cache" # fast              │
 3 │~                                       │
 4 │~                                       │
 5 │~                                       │
 6 │~                                       │
 7 │~                                       │
 8 │~                                       │
 9 │~                                       │
10 │~                                       │
11 │~                                       │
12 │~                                       │
13 │~                                       │
14 │~                                       │
15 │~                                       │
16 │~                                       │
17 │~                                       │
18 │config.py             1,8            All│
    ────────────────────────────────────────

[SAY] Capital W from the same spot.
[KEYS] 'W'
[OVERLAY] ⇧W  next WORD

              1         2         3         
    0123456789012345678901234567890123456789
    ────────────────────────────────────────
 0 │host = "bob@dev-01.srv" # login         │ ◂ cursor (0,24)
 1 │path = "/var/log/app.db" # logs         │
 2 │flag = "--no-cache" # fast              │
 3 │~                                       │
 4 │~                                       │
 5 │~                                       │
 6 │~                                       │
 7 │~                                       │
 8 │~                                       │
 9 │~                                       │
10 │~                                       │
11 │~                                       │
12 │~                                       │
13 │~                                       │
14 │~                                       │
15 │~                                       │
16 │~                                       │
17 │~                                       │
18 │config.py             1,25           All│
    ────────────────────────────────────────

[SAY] One press. Jumped straight to the comment. The whole hostname was one big WORD.
[SAY] Same thing on this path.
[KEYS] 'j'
[OVERLAY] j

              1         2         3         
    0123456789012345678901234567890123456789
    ────────────────────────────────────────
 0 │host = "bob@dev-01.srv" # login         │
 1 │path = "/var/log/app.db" # logs         │ ◂ cursor (1,24)
 2 │flag = "--no-cache" # fast              │
 3 │~                                       │
 4 │~                                       │
 5 │~                                       │
 6 │~                                       │
 7 │~                                       │
 8 │~                                       │
 9 │~                                       │
10 │~                                       │
11 │~                                       │
12 │~                                       │
13 │~                                       │
14 │~                                       │
15 │~                                       │
16 │~                                       │
17 │~                                       │
18 │config.py             2,25           All│
    ────────────────────────────────────────

[KEYS] '0'
[OVERLAY] 0

              1         2         3         
    0123456789012345678901234567890123456789
    ────────────────────────────────────────
 0 │host = "bob@dev-01.srv" # login         │
 1 │path = "/var/log/app.db" # logs         │ ◂ cursor (1,0)
 2 │flag = "--no-cache" # fast              │
 3 │~                                       │
 4 │~                                       │
 5 │~                                       │
 6 │~                                       │
 7 │~                                       │
 8 │~                                       │
 9 │~                                       │
10 │~                                       │
11 │~                                       │
12 │~                                       │
13 │~                                       │
14 │~                                       │
15 │~                                       │
16 │~                                       │
17 │~                                       │
18 │config.py             2,1            All│
    ────────────────────────────────────────

[KEYS] 'f"'
[OVERLAY] f"

              1         2         3         
    0123456789012345678901234567890123456789
    ────────────────────────────────────────
 0 │host = "bob@dev-01.srv" # login         │
 1 │path = "/var/log/app.db" # logs         │ ◂ cursor (1,7)
 2 │flag = "--no-cache" # fast              │
 3 │~                                       │
 4 │~                                       │
 5 │~                                       │
 6 │~                                       │
 7 │~                                       │
 8 │~                                       │
 9 │~                                       │
10 │~                                       │
11 │~                                       │
12 │~                                       │
13 │~                                       │
14 │~                                       │
15 │~                                       │
16 │~                                       │
17 │~                                       │
18 │config.py             2,8            All│
    ────────────────────────────────────────

[KEYS] 'w'
[OVERLAY] w  next word

              1         2         3         
    0123456789012345678901234567890123456789
    ────────────────────────────────────────
 0 │host = "bob@dev-01.srv" # login         │
 1 │path = "/var/log/app.db" # logs         │ ◂ cursor (1,9)
 2 │flag = "--no-cache" # fast              │
 3 │~                                       │
 4 │~                                       │
 5 │~                                       │
 6 │~                                       │
 7 │~                                       │
 8 │~                                       │
 9 │~                                       │
10 │~                                       │
11 │~                                       │
12 │~                                       │
13 │~                                       │
14 │~                                       │
15 │~                                       │
16 │~                                       │
17 │~                                       │
18 │config.py             2,10           All│
    ────────────────────────────────────────

[KEYS] 'w'
[OVERLAY] w  next word

              1         2         3         
    0123456789012345678901234567890123456789
    ────────────────────────────────────────
 0 │host = "bob@dev-01.srv" # login         │
 1 │path = "/var/log/app.db" # logs         │ ◂ cursor (1,12)
 2 │flag = "--no-cache" # fast              │
 3 │~                                       │
 4 │~                                       │
 5 │~                                       │
 6 │~                                       │
 7 │~                                       │
 8 │~                                       │
 9 │~                                       │
10 │~                                       │
11 │~                                       │
12 │~                                       │
13 │~                                       │
14 │~                                       │
15 │~                                       │
16 │~                                       │
17 │~                                       │
18 │config.py             2,13           All│
    ────────────────────────────────────────

[KEYS] 'w'
[OVERLAY] w  next word

              1         2         3         
    0123456789012345678901234567890123456789
    ────────────────────────────────────────
 0 │host = "bob@dev-01.srv" # login         │
 1 │path = "/var/log/app.db" # logs         │ ◂ cursor (1,13)
 2 │flag = "--no-cache" # fast              │
 3 │~                                       │
 4 │~                                       │
 5 │~                                       │
 6 │~                                       │
 7 │~                                       │
 8 │~                                       │
 9 │~                                       │
10 │~                                       │
11 │~                                       │
12 │~                                       │
13 │~                                       │
14 │~                                       │
15 │~                                       │
16 │~                                       │
17 │~                                       │
18 │config.py             2,14           All│
    ────────────────────────────────────────

[KEYS] 'w'
[OVERLAY] w  next word

              1         2         3         
    0123456789012345678901234567890123456789
    ────────────────────────────────────────
 0 │host = "bob@dev-01.srv" # login         │
 1 │path = "/var/log/app.db" # logs         │ ◂ cursor (1,16)
 2 │flag = "--no-cache" # fast              │
 3 │~                                       │
 4 │~                                       │
 5 │~                                       │
 6 │~                                       │
 7 │~                                       │
 8 │~                                       │
 9 │~                                       │
10 │~                                       │
11 │~                                       │
12 │~                                       │
13 │~                                       │
14 │~                                       │
15 │~                                       │
16 │~                                       │
17 │~                                       │
18 │config.py             2,17           All│
    ────────────────────────────────────────

[SAY] Lowercase w trips on every slash.
[KEYS] 'F"'
[OVERLAY] F"

              1         2         3         
    0123456789012345678901234567890123456789
    ────────────────────────────────────────
 0 │host = "bob@dev-01.srv" # login         │
 1 │path = "/var/log/app.db" # logs         │ ◂ cursor (1,7)
 2 │flag = "--no-cache" # fast              │
 3 │~                                       │
 4 │~                                       │
 5 │~                                       │
 6 │~                                       │
 7 │~                                       │
 8 │~                                       │
 9 │~                                       │
10 │~                                       │
11 │~                                       │
12 │~                                       │
13 │~                                       │
14 │~                                       │
15 │~                                       │
16 │~                                       │
17 │~                                       │
18 │config.py             2,8            All│
    ────────────────────────────────────────

[KEYS] 'W'
[OVERLAY] ⇧W  next WORD

              1         2         3         
    0123456789012345678901234567890123456789
    ────────────────────────────────────────
 0 │host = "bob@dev-01.srv" # login         │
 1 │path = "/var/log/app.db" # logs         │ ◂ cursor (1,25)
 2 │flag = "--no-cache" # fast              │
 3 │~                                       │
 4 │~                                       │
 5 │~                                       │
 6 │~                                       │
 7 │~                                       │
 8 │~                                       │
 9 │~                                       │
10 │~                                       │
11 │~                                       │
12 │~                                       │
13 │~                                       │
14 │~                                       │
15 │~                                       │
16 │~                                       │
17 │~                                       │
18 │config.py             2,26           All│
    ────────────────────────────────────────

[SAY] One W. Straight to the comment.
[SAY] Capital W. Jumps by whitespace, ignores punctuation. Use it on paths, URLs, and flags.