[RECORDING_START] Screen state at recording start:

              1         2         3         
    0123456789012345678901234567890123456789
    ────────────────────────────────────────
 0 │➜  vimfu                                │ ◂ cursor (0,9)
 1 │                                        │
 2 │                                        │
 3 │                                        │
 4 │                                        │
 5 │                                        │
 6 │                                        │
 7 │                                        │
 8 │                                        │
 9 │                                        │
10 │                                        │
11 │                                        │
12 │                                        │
13 │                                        │
14 │                                        │
15 │                                        │
16 │                                        │
17 │                                        │
18 │                                        │
19 │[0] 0:zsh*       "vimfu" 20:15 24-Feb-26│
    ────────────────────────────────────────

[OVERLAY] VimFu — Split Horizontally
[SAY] Control B, double quote splits your screen into top and bottom.
[SAY] Let's try it.
[KEYS] '\x02'
[OVERLAY] ⌃b  prefix

              1         2         3         
    0123456789012345678901234567890123456789
    ────────────────────────────────────────
 0 │➜  vimfu                                │ ◂ cursor (0,9)
 1 │                                        │
 2 │                                        │
 3 │                                        │
 4 │                                        │
 5 │                                        │
 6 │                                        │
 7 │                                        │
 8 │                                        │
 9 │                                        │
10 │                                        │
11 │                                        │
12 │                                        │
13 │                                        │
14 │                                        │
15 │                                        │
16 │                                        │
17 │                                        │
18 │                                        │
19 │[0] 0:zsh*       "vimfu" 20:16 24-Feb-26│
    ────────────────────────────────────────

[KEYS] '"'
[OVERLAY] ⇧"  split horizontal

              1         2         3         
    0123456789012345678901234567890123456789
    ────────────────────────────────────────
 0 │➜  vimfu                                │
 1 │                                        │
 2 │                                        │
 3 │                                        │
 4 │                                        │
 5 │                                        │
 6 │                                        │
 7 │                                        │
 8 │                                        │
 9 │────────────────────────────────────────│
10 │➜  vimfu                                │ ◂ cursor (10,9)
11 │                                        │
12 │                                        │
13 │                                        │
14 │                                        │
15 │                                        │
16 │                                        │
17 │                                        │
18 │                                        │
19 │[0] 0:zsh*       "vimfu" 20:16 24-Feb-26│
    ────────────────────────────────────────

[SAY] Two panes. The new one is on the bottom, and it's already active.
[SAY] This is a separate shell. I can run commands here.
[TYPE] "echo 'bottom pane'"

              1         2         3         
    0123456789012345678901234567890123456789
    ────────────────────────────────────────
 0 │➜  vimfu                                │
 1 │                                        │
 2 │                                        │
 3 │                                        │
 4 │                                        │
 5 │                                        │
 6 │                                        │
 7 │                                        │
 8 │                                        │
 9 │────────────────────────────────────────│
10 │➜  vimfu echo 'bottom pane'             │ ◂ cursor (10,27)
11 │                                        │
12 │                                        │
13 │                                        │
14 │                                        │
15 │                                        │
16 │                                        │
17 │                                        │
18 │                                        │
19 │[0] 0:zsh*       "vimfu" 20:16 24-Feb-26│
    ────────────────────────────────────────

[ENTER]

              1         2         3         
    0123456789012345678901234567890123456789
    ────────────────────────────────────────
 0 │➜  vimfu                                │
 1 │                                        │
 2 │                                        │
 3 │                                        │
 4 │                                        │
 5 │                                        │
 6 │                                        │
 7 │                                        │
 8 │                                        │
 9 │────────────────────────────────────────│
10 │➜  vimfu echo 'bottom pane'             │
11 │bottom pane                             │
12 │➜  vimfu                                │ ◂ cursor (12,9)
13 │                                        │
14 │                                        │
15 │                                        │
16 │                                        │
17 │                                        │
18 │                                        │
19 │[0] 0:zsh*       "vimfu" 20:16 24-Feb-26│
    ────────────────────────────────────────

[SAY] The top pane is untouched. Two independent terminals.
[SAY] Split again.
[KEYS] '\x02'
[OVERLAY] ⌃b  prefix

              1         2         3         
    0123456789012345678901234567890123456789
    ────────────────────────────────────────
 0 │➜  vimfu                                │
 1 │                                        │
 2 │                                        │
 3 │                                        │
 4 │                                        │
 5 │                                        │
 6 │                                        │
 7 │                                        │
 8 │                                        │
 9 │────────────────────────────────────────│
10 │➜  vimfu echo 'bottom pane'             │
11 │bottom pane                             │
12 │➜  vimfu                                │ ◂ cursor (12,9)
13 │                                        │
14 │                                        │
15 │                                        │
16 │                                        │
17 │                                        │
18 │                                        │
19 │[0] 0:zsh*       "vimfu" 20:16 24-Feb-26│
    ────────────────────────────────────────

[KEYS] '"'
[OVERLAY] ⇧"  split horizontal

              1         2         3         
    0123456789012345678901234567890123456789
    ────────────────────────────────────────
 0 │➜  vimfu                                │
 1 │                                        │
 2 │                                        │
 3 │                                        │
 4 │                                        │
 5 │                                        │
 6 │                                        │
 7 │                                        │
 8 │                                        │
 9 │────────────────────────────────────────│
10 │➜  vimfu echo 'bottom pane'             │
11 │bottom pane                             │
12 │➜  vimfu                                │
13 │                                        │
14 │────────────────────────────────────────│
15 │➜  vimfu                                │ ◂ cursor (15,9)
16 │                                        │
17 │                                        │
18 │                                        │
19 │[0] 0:zsh*       "vimfu" 20:16 24-Feb-26│
    ────────────────────────────────────────

[SAY] Three panes. Stack as many as you need.
[SAY] Each pane starts in the same directory you split from.
[TYPE] 'pwd'

              1         2         3         
    0123456789012345678901234567890123456789
    ────────────────────────────────────────
 0 │➜  vimfu                                │
 1 │                                        │
 2 │                                        │
 3 │                                        │
 4 │                                        │
 5 │                                        │
 6 │                                        │
 7 │                                        │
 8 │                                        │
 9 │────────────────────────────────────────│
10 │➜  vimfu echo 'bottom pane'             │
11 │bottom pane                             │
12 │➜  vimfu                                │
13 │                                        │
14 │────────────────────────────────────────│
15 │➜  vimfu pwd                            │ ◂ cursor (15,12)
16 │                                        │
17 │                                        │
18 │                                        │
19 │[0] 0:zsh*       "vimfu" 20:16 24-Feb-26│
    ────────────────────────────────────────

[ENTER]

              1         2         3         
    0123456789012345678901234567890123456789
    ────────────────────────────────────────
 0 │➜  vimfu                                │
 1 │                                        │
 2 │                                        │
 3 │                                        │
 4 │                                        │
 5 │                                        │
 6 │                                        │
 7 │                                        │
 8 │                                        │
 9 │────────────────────────────────────────│
10 │➜  vimfu echo 'bottom pane'             │
11 │bottom pane                             │
12 │➜  vimfu                                │
13 │                                        │
14 │────────────────────────────────────────│
15 │➜  vimfu pwd                            │
16 │/home/ashleyf/vimfu                     │
17 │➜  vimfu                                │ ◂ cursor (17,9)
18 │                                        │
19 │[0] 0:zsh*       "vimfu" 20:16 24-Feb-26│
    ────────────────────────────────────────

[SAY] Same directory. Same environment. Just a new shell.
[SAY] Control B, double quote. Horizontal splits for stacking terminals — code on top, output on the bottom.