[RECORDING_START] Screen state at recording start:

              1         2         3         
    0123456789012345678901234567890123456789
    ────────────────────────────────────────
 0 │prrint("hello")                         │ ◂ cursor (0,0)
 1 │texxt = "data"                          │
 2 │~                                       │
 3 │~                                       │
 4 │~                                       │
 5 │~                                       │
 6 │~                                       │
 7 │~                                       │
 8 │~                                       │
 9 │~                                       │
10 │~                                       │
11 │~                                       │
12 │~                                       │
13 │~                                       │
14 │~                                       │
15 │~                                       │
16 │~                                       │
17 │~                                       │
18 │typo.py               1,1            All│
    ────────────────────────────────────────

[OVERLAY] VimFu — Delete Character Before
[SAY] Lowercase X deletes under the cursor. Capital X deletes before it.
[SAY] There's a double R in print. Let's fix it.
[KEYS] 'f'
[OVERLAY] f  find char

              1         2         3         
    0123456789012345678901234567890123456789
    ────────────────────────────────────────
 0 │prrint("hello")                         │ ◂ cursor (0,0)
 1 │texxt = "data"                          │
 2 │~                                       │
 3 │~                                       │
 4 │~                                       │
 5 │~                                       │
 6 │~                                       │
 7 │~                                       │
 8 │~                                       │
 9 │~                                       │
10 │~                                       │
11 │~                                       │
12 │~                                       │
13 │~                                       │
14 │~                                       │
15 │~                                       │
16 │~                                       │
17 │~                                       │
18 │typo.py               1,1            All│
19 │                             f          │
    ────────────────────────────────────────

[KEYS] 'r'
[OVERLAY] r  replace char

              1         2         3         
    0123456789012345678901234567890123456789
    ────────────────────────────────────────
 0 │prrint("hello")                         │ ◂ cursor (0,1)
 1 │texxt = "data"                          │
 2 │~                                       │
 3 │~                                       │
 4 │~                                       │
 5 │~                                       │
 6 │~                                       │
 7 │~                                       │
 8 │~                                       │
 9 │~                                       │
10 │~                                       │
11 │~                                       │
12 │~                                       │
13 │~                                       │
14 │~                                       │
15 │~                                       │
16 │~                                       │
17 │~                                       │
18 │typo.py               1,2            All│
    ────────────────────────────────────────

[KEYS] 'l'
[OVERLAY] l  right

              1         2         3         
    0123456789012345678901234567890123456789
    ────────────────────────────────────────
 0 │prrint("hello")                         │ ◂ cursor (0,2)
 1 │texxt = "data"                          │
 2 │~                                       │
 3 │~                                       │
 4 │~                                       │
 5 │~                                       │
 6 │~                                       │
 7 │~                                       │
 8 │~                                       │
 9 │~                                       │
10 │~                                       │
11 │~                                       │
12 │~                                       │
13 │~                                       │
14 │~                                       │
15 │~                                       │
16 │~                                       │
17 │~                                       │
18 │typo.py               1,3            All│
    ────────────────────────────────────────

[KEYS] 'X'
[OVERLAY] ⇧X  backspace

              1         2         3         
    0123456789012345678901234567890123456789
    ────────────────────────────────────────
 0 │print("hello")                          │ ◂ cursor (0,1)
 1 │texxt = "data"                          │
 2 │~                                       │
 3 │~                                       │
 4 │~                                       │
 5 │~                                       │
 6 │~                                       │
 7 │~                                       │
 8 │~                                       │
 9 │~                                       │
10 │~                                       │
11 │~                                       │
12 │~                                       │
13 │~                                       │
14 │~                                       │
15 │~                                       │
16 │~                                       │
17 │~                                       │
18 │typo.py [+]           1,2            All│
    ────────────────────────────────────────

[SAY] Capital X removed the R before the cursor.
[SAY] Same fix on line two. Double X in text.
[KEYS] 'j'
[OVERLAY] j  down

              1         2         3         
    0123456789012345678901234567890123456789
    ────────────────────────────────────────
 0 │print("hello")                          │
 1 │texxt = "data"                          │ ◂ cursor (1,1)
 2 │~                                       │
 3 │~                                       │
 4 │~                                       │
 5 │~                                       │
 6 │~                                       │
 7 │~                                       │
 8 │~                                       │
 9 │~                                       │
10 │~                                       │
11 │~                                       │
12 │~                                       │
13 │~                                       │
14 │~                                       │
15 │~                                       │
16 │~                                       │
17 │~                                       │
18 │typo.py [+]           2,2            All│
    ────────────────────────────────────────

[KEYS] '0'
[OVERLAY] 0  line start

              1         2         3         
    0123456789012345678901234567890123456789
    ────────────────────────────────────────
 0 │print("hello")                          │
 1 │texxt = "data"                          │ ◂ cursor (1,0)
 2 │~                                       │
 3 │~                                       │
 4 │~                                       │
 5 │~                                       │
 6 │~                                       │
 7 │~                                       │
 8 │~                                       │
 9 │~                                       │
10 │~                                       │
11 │~                                       │
12 │~                                       │
13 │~                                       │
14 │~                                       │
15 │~                                       │
16 │~                                       │
17 │~                                       │
18 │typo.py [+]           2,1            All│
    ────────────────────────────────────────

[KEYS] 'f'
[OVERLAY] f  find char

              1         2         3         
    0123456789012345678901234567890123456789
    ────────────────────────────────────────
 0 │print("hello")                          │
 1 │texxt = "data"                          │ ◂ cursor (1,0)
 2 │~                                       │
 3 │~                                       │
 4 │~                                       │
 5 │~                                       │
 6 │~                                       │
 7 │~                                       │
 8 │~                                       │
 9 │~                                       │
10 │~                                       │
11 │~                                       │
12 │~                                       │
13 │~                                       │
14 │~                                       │
15 │~                                       │
16 │~                                       │
17 │~                                       │
18 │typo.py [+]           2,1            All│
19 │                             f          │
    ────────────────────────────────────────

[KEYS] 'x'
[OVERLAY] x  delete char

              1         2         3         
    0123456789012345678901234567890123456789
    ────────────────────────────────────────
 0 │print("hello")                          │
 1 │texxt = "data"                          │ ◂ cursor (1,2)
 2 │~                                       │
 3 │~                                       │
 4 │~                                       │
 5 │~                                       │
 6 │~                                       │
 7 │~                                       │
 8 │~                                       │
 9 │~                                       │
10 │~                                       │
11 │~                                       │
12 │~                                       │
13 │~                                       │
14 │~                                       │
15 │~                                       │
16 │~                                       │
17 │~                                       │
18 │typo.py [+]           2,3            All│
    ────────────────────────────────────────

[KEYS] 'l'
[OVERLAY] l  right

              1         2         3         
    0123456789012345678901234567890123456789
    ────────────────────────────────────────
 0 │print("hello")                          │
 1 │texxt = "data"                          │ ◂ cursor (1,3)
 2 │~                                       │
 3 │~                                       │
 4 │~                                       │
 5 │~                                       │
 6 │~                                       │
 7 │~                                       │
 8 │~                                       │
 9 │~                                       │
10 │~                                       │
11 │~                                       │
12 │~                                       │
13 │~                                       │
14 │~                                       │
15 │~                                       │
16 │~                                       │
17 │~                                       │
18 │typo.py [+]           2,4            All│
    ────────────────────────────────────────

[KEYS] 'X'
[OVERLAY] ⇧X  backspace

              1         2         3         
    0123456789012345678901234567890123456789
    ────────────────────────────────────────
 0 │print("hello")                          │
 1 │text = "data"                           │ ◂ cursor (1,2)
 2 │~                                       │
 3 │~                                       │
 4 │~                                       │
 5 │~                                       │
 6 │~                                       │
 7 │~                                       │
 8 │~                                       │
 9 │~                                       │
10 │~                                       │
11 │~                                       │
12 │~                                       │
13 │~                                       │
14 │~                                       │
15 │~                                       │
16 │~                                       │
17 │~                                       │
18 │typo.py [+]           2,3            All│
    ────────────────────────────────────────

[SAY] Fixed. Think of capital X as backspace for normal mode.
[SAY] You can press it multiple times too.
[KEYS] 'g'
[OVERLAY] g

              1         2         3         
    0123456789012345678901234567890123456789
    ────────────────────────────────────────
 0 │print("hello")                          │
 1 │text = "data"                           │ ◂ cursor (1,2)
 2 │~                                       │
 3 │~                                       │
 4 │~                                       │
 5 │~                                       │
 6 │~                                       │
 7 │~                                       │
 8 │~                                       │
 9 │~                                       │
10 │~                                       │
11 │~                                       │
12 │~                                       │
13 │~                                       │
14 │~                                       │
15 │~                                       │
16 │~                                       │
17 │~                                       │
18 │typo.py [+]           2,3            All│
19 │                             g          │
    ────────────────────────────────────────

[KEYS] 'g'
[OVERLAY] g  file start

              1         2         3         
    0123456789012345678901234567890123456789
    ────────────────────────────────────────
 0 │print("hello")                          │ ◂ cursor (0,2)
 1 │text = "data"                           │
 2 │~                                       │
 3 │~                                       │
 4 │~                                       │
 5 │~                                       │
 6 │~                                       │
 7 │~                                       │
 8 │~                                       │
 9 │~                                       │
10 │~                                       │
11 │~                                       │
12 │~                                       │
13 │~                                       │
14 │~                                       │
15 │~                                       │
16 │~                                       │
17 │~                                       │
18 │typo.py [+]           1,3            All│
    ────────────────────────────────────────

[KEYS] '$'
[OVERLAY] ⇧$  line end

              1         2         3         
    0123456789012345678901234567890123456789
    ────────────────────────────────────────
 0 │print("hello")                          │ ◂ cursor (0,13)
 1 │text = "data"                           │
 2 │~                                       │
 3 │~                                       │
 4 │~                                       │
 5 │~                                       │
 6 │~                                       │
 7 │~                                       │
 8 │~                                       │
 9 │~                                       │
10 │~                                       │
11 │~                                       │
12 │~                                       │
13 │~                                       │
14 │~                                       │
15 │~                                       │
16 │~                                       │
17 │~                                       │
18 │typo.py [+]           1,14           All│
    ────────────────────────────────────────

[KEYS] 'X'
[OVERLAY] ⇧X  backspace

              1         2         3         
    0123456789012345678901234567890123456789
    ────────────────────────────────────────
 0 │print("hello)                           │ ◂ cursor (0,12)
 1 │text = "data"                           │
 2 │~                                       │
 3 │~                                       │
 4 │~                                       │
 5 │~                                       │
 6 │~                                       │
 7 │~                                       │
 8 │~                                       │
 9 │~                                       │
10 │~                                       │
11 │~                                       │
12 │~                                       │
13 │~                                       │
14 │~                                       │
15 │~                                       │
16 │~                                       │
17 │~                                       │
18 │typo.py [+]           1,13           All│
    ────────────────────────────────────────

[KEYS] 'X'
[OVERLAY] ⇧X  backspace

              1         2         3         
    0123456789012345678901234567890123456789
    ────────────────────────────────────────
 0 │print("hell)                            │ ◂ cursor (0,11)
 1 │text = "data"                           │
 2 │~                                       │
 3 │~                                       │
 4 │~                                       │
 5 │~                                       │
 6 │~                                       │
 7 │~                                       │
 8 │~                                       │
 9 │~                                       │
10 │~                                       │
11 │~                                       │
12 │~                                       │
13 │~                                       │
14 │~                                       │
15 │~                                       │
16 │~                                       │
17 │~                                       │
18 │typo.py [+]           1,12           All│
    ────────────────────────────────────────

[KEYS] 'X'
[OVERLAY] ⇧X  backspace

              1         2         3         
    0123456789012345678901234567890123456789
    ────────────────────────────────────────
 0 │print("hel)                             │ ◂ cursor (0,10)
 1 │text = "data"                           │
 2 │~                                       │
 3 │~                                       │
 4 │~                                       │
 5 │~                                       │
 6 │~                                       │
 7 │~                                       │
 8 │~                                       │
 9 │~                                       │
10 │~                                       │
11 │~                                       │
12 │~                                       │
13 │~                                       │
14 │~                                       │
15 │~                                       │
16 │~                                       │
17 │~                                       │
18 │typo.py [+]           1,11           All│
    ────────────────────────────────────────

[SAY] Each one deletes the character before.
[KEYS] 'u'
[OVERLAY] u  undo

              1         2         3         
    0123456789012345678901234567890123456789
    ────────────────────────────────────────
 0 │print("hell)                            │ ◂ cursor (0,10)
 1 │text = "data"                           │
 2 │~                                       │
 3 │~                                       │
 4 │~                                       │
 5 │~                                       │
 6 │~                                       │
 7 │~                                       │
 8 │~                                       │
 9 │~                                       │
10 │~                                       │
11 │~                                       │
12 │~                                       │
13 │~                                       │
14 │~                                       │
15 │~                                       │
16 │~                                       │
17 │~                                       │
18 │typo.py [+]           1,11           All│
19 │1 change; be...4 seconds ago            │
    ────────────────────────────────────────

[KEYS] 'u'
[OVERLAY] u  undo

              1         2         3         
    0123456789012345678901234567890123456789
    ────────────────────────────────────────
 0 │print("hello)                           │ ◂ cursor (0,11)
 1 │text = "data"                           │
 2 │~                                       │
 3 │~                                       │
 4 │~                                       │
 5 │~                                       │
 6 │~                                       │
 7 │~                                       │
 8 │~                                       │
 9 │~                                       │
10 │~                                       │
11 │~                                       │
12 │~                                       │
13 │~                                       │
14 │~                                       │
15 │~                                       │
16 │~                                       │
17 │~                                       │
18 │typo.py [+]           1,12           All│
19 │1 change; be...6 seconds ago            │
    ────────────────────────────────────────

[KEYS] 'u'
[OVERLAY] u  undo

              1         2         3         
    0123456789012345678901234567890123456789
    ────────────────────────────────────────
 0 │print("hello")                          │ ◂ cursor (0,12)
 1 │text = "data"                           │
 2 │~                                       │
 3 │~                                       │
 4 │~                                       │
 5 │~                                       │
 6 │~                                       │
 7 │~                                       │
 8 │~                                       │
 9 │~                                       │
10 │~                                       │
11 │~                                       │
12 │~                                       │
13 │~                                       │
14 │~                                       │
15 │~                                       │
16 │~                                       │
17 │~                                       │
18 │typo.py [+]           1,13           All│
19 │1 change; be...8 seconds ago            │
    ────────────────────────────────────────

[SAY] Capital X. Delete the character before the cursor.