[RECORDING_START] Screen state at recording start:

              1         2         3         
    0123456789012345678901234567890123456789
    ────────────────────────────────────────
 0 │# File A — Red                          │ ◂ cursor (0,0)
 1 │color = "red"                           │
 2 │~                                       │
 3 │~                                       │
 4 │~                                       │
 5 │~                                       │
 6 │a.py                  1,1            All│
 7 │# File B — Green                        │
 8 │color = "green"                         │
 9 │~                                       │
10 │~                                       │
11 │~                                       │
12 │b.py                  1,1            All│
13 │# File C — Blue                         │
14 │color = "blue"                          │
15 │~                                       │
16 │~                                       │
17 │~                                       │
18 │c.py                  1,1            All│
    ────────────────────────────────────────
[HIGHLIGHT] row 6, cols 0-39: "a.py                  1,1            All"
[HIGHLIGHT] row 12, cols 0-39: "b.py                  1,1            All"

[OVERLAY] VimFu — Ctrl-W r/R — Rotate Windows
[SAY] Control W R rotates windows downward. Capital R rotates upward. The layout stays the same. The contents shuffle.
[SAY] Red on top, green in the middle, blue on the bottom. Rotate down.
[KEYS] '\x17r'
[OVERLAY] ⌃wr  rotate down

              1         2         3         
    0123456789012345678901234567890123456789
    ────────────────────────────────────────
 0 │# File C — Blue                         │
 1 │color = "blue"                          │
 2 │~                                       │
 3 │~                                       │
 4 │~                                       │
 5 │c.py                  1,1            All│
 6 │# File A — Red                          │ ◂ cursor (6,0)
 7 │color = "red"                           │
 8 │~                                       │
 9 │~                                       │
10 │~                                       │
11 │~                                       │
12 │a.py                  1,1            All│
13 │# File B — Green                        │
14 │color = "green"                         │
15 │~                                       │
16 │~                                       │
17 │~                                       │
18 │b.py                  1,1            All│
    ────────────────────────────────────────
[HIGHLIGHT] row 5, cols 0-39: "c.py                  1,1            All"
[HIGHLIGHT] row 12, cols 0-39: "a.py                  1,1            All"

[SAY] Blue moved to the top. Everyone shifted down one position.
[SAY] Rotate again.
[KEYS] '\x17r'
[OVERLAY] ⌃wr  rotate down

              1         2         3         
    0123456789012345678901234567890123456789
    ────────────────────────────────────────
 0 │# File B — Green                        │
 1 │color = "green"                         │
 2 │~                                       │
 3 │~                                       │
 4 │~                                       │
 5 │b.py                  1,1            All│
 6 │# File C — Blue                         │
 7 │color = "blue"                          │
 8 │~                                       │
 9 │~                                       │
10 │~                                       │
11 │c.py                  1,1            All│
12 │# File A — Red                          │ ◂ cursor (12,0)
13 │color = "red"                           │
14 │~                                       │
15 │~                                       │
16 │~                                       │
17 │~                                       │
18 │a.py                  1,1            All│
    ────────────────────────────────────────
[HIGHLIGHT] row 5, cols 0-39: "b.py                  1,1            All"
[HIGHLIGHT] row 11, cols 0-39: "c.py                  1,1            All"

[SAY] Green on top now. One more rotation and we're back where we started.
[SAY] Capital R rotates the other direction. Back up.
[KEYS] '\x17R'
[OVERLAY] ⌃wR  rotate up

              1         2         3         
    0123456789012345678901234567890123456789
    ────────────────────────────────────────
 0 │# File C — Blue                         │
 1 │color = "blue"                          │
 2 │~                                       │
 3 │~                                       │
 4 │~                                       │
 5 │c.py                  1,1            All│
 6 │# File A — Red                          │ ◂ cursor (6,0)
 7 │color = "red"                           │
 8 │~                                       │
 9 │~                                       │
10 │~                                       │
11 │~                                       │
12 │a.py                  1,1            All│
13 │# File B — Green                        │
14 │color = "green"                         │
15 │~                                       │
16 │~                                       │
17 │~                                       │
18 │b.py                  1,1            All│
    ────────────────────────────────────────
[HIGHLIGHT] row 5, cols 0-39: "c.py                  1,1            All"
[HIGHLIGHT] row 12, cols 0-39: "a.py                  1,1            All"

[SAY] Blue is back on top. Reverse rotation.
[SAY] Control W R to rotate down. Capital R to rotate up. Shuffle your windows without changing the split layout.