[RECORDING_START] Screen state at recording start:

              1         2         3         
    0123456789012345678901234567890123456789
    ────────────────────────────────────────
 0 │  1 # World Map                         │ ◂ cursor (0,4)
 1 │  2 forest = "Dark Woods"               │
 2 │  3 village = "Haven"                   │
 3 │  4 mountain = "Peak"                   │
 4 │  5 castle = "Stronghold"               │
 5 │  6 desert = "Dunes"                    │
 6 │  7 ocean = "Deep Blue"                 │
 7 │  8 swamp = "Bog"                       │
 8 │  9 cave = "Shadow"                     │
 9 │~                                       │
10 │~                                       │
11 │~                                       │
12 │~                                       │
13 │~                                       │
14 │~                                       │
15 │~                                       │
16 │~                                       │
17 │~                                       │
18 │map.py                1,1            All│
    ────────────────────────────────────────

[OVERLAY] VimFu — [' ]' — Navigate Marks
[SAY] {key:]'} jumps to the next mark. {key:['} jumps to the previous. Marks sorted by line number.
[SAY] Set three marks first. Mark A on village. Mark B on castle. Mark C on ocean.
[KEYS] '3G'
[OVERLAY] 3G  line 3

              1         2         3         
    0123456789012345678901234567890123456789
    ────────────────────────────────────────
 0 │  1 # World Map                         │
 1 │  2 forest = "Dark Woods"               │
 2 │  3 village = "Haven"                   │ ◂ cursor (2,4)
 3 │  4 mountain = "Peak"                   │
 4 │  5 castle = "Stronghold"               │
 5 │  6 desert = "Dunes"                    │
 6 │  7 ocean = "Deep Blue"                 │
 7 │  8 swamp = "Bog"                       │
 8 │  9 cave = "Shadow"                     │
 9 │~                                       │
10 │~                                       │
11 │~                                       │
12 │~                                       │
13 │~                                       │
14 │~                                       │
15 │~                                       │
16 │~                                       │
17 │~                                       │
18 │map.py                3,1            All│
    ────────────────────────────────────────

[KEYS] 'ma'
[OVERLAY] ma  set mark a

              1         2         3         
    0123456789012345678901234567890123456789
    ────────────────────────────────────────
 0 │  1 # World Map                         │
 1 │  2 forest = "Dark Woods"               │
 2 │  3 village = "Haven"                   │ ◂ cursor (2,4)
 3 │  4 mountain = "Peak"                   │
 4 │  5 castle = "Stronghold"               │
 5 │  6 desert = "Dunes"                    │
 6 │  7 ocean = "Deep Blue"                 │
 7 │  8 swamp = "Bog"                       │
 8 │  9 cave = "Shadow"                     │
 9 │~                                       │
10 │~                                       │
11 │~                                       │
12 │~                                       │
13 │~                                       │
14 │~                                       │
15 │~                                       │
16 │~                                       │
17 │~                                       │
18 │map.py                3,1            All│
    ────────────────────────────────────────

[KEYS] '5G'
[OVERLAY] 5G  line 5

              1         2         3         
    0123456789012345678901234567890123456789
    ────────────────────────────────────────
 0 │  1 # World Map                         │
 1 │  2 forest = "Dark Woods"               │
 2 │  3 village = "Haven"                   │
 3 │  4 mountain = "Peak"                   │
 4 │  5 castle = "Stronghold"               │ ◂ cursor (4,4)
 5 │  6 desert = "Dunes"                    │
 6 │  7 ocean = "Deep Blue"                 │
 7 │  8 swamp = "Bog"                       │
 8 │  9 cave = "Shadow"                     │
 9 │~                                       │
10 │~                                       │
11 │~                                       │
12 │~                                       │
13 │~                                       │
14 │~                                       │
15 │~                                       │
16 │~                                       │
17 │~                                       │
18 │map.py                5,1            All│
    ────────────────────────────────────────

[KEYS] 'mb'
[OVERLAY] mb  set mark b

              1         2         3         
    0123456789012345678901234567890123456789
    ────────────────────────────────────────
 0 │  1 # World Map                         │
 1 │  2 forest = "Dark Woods"               │
 2 │  3 village = "Haven"                   │
 3 │  4 mountain = "Peak"                   │
 4 │  5 castle = "Stronghold"               │ ◂ cursor (4,4)
 5 │  6 desert = "Dunes"                    │
 6 │  7 ocean = "Deep Blue"                 │
 7 │  8 swamp = "Bog"                       │
 8 │  9 cave = "Shadow"                     │
 9 │~                                       │
10 │~                                       │
11 │~                                       │
12 │~                                       │
13 │~                                       │
14 │~                                       │
15 │~                                       │
16 │~                                       │
17 │~                                       │
18 │map.py                5,1            All│
    ────────────────────────────────────────

[KEYS] '7G'
[OVERLAY] 7G  line 7

              1         2         3         
    0123456789012345678901234567890123456789
    ────────────────────────────────────────
 0 │  1 # World Map                         │
 1 │  2 forest = "Dark Woods"               │
 2 │  3 village = "Haven"                   │
 3 │  4 mountain = "Peak"                   │
 4 │  5 castle = "Stronghold"               │
 5 │  6 desert = "Dunes"                    │
 6 │  7 ocean = "Deep Blue"                 │ ◂ cursor (6,4)
 7 │  8 swamp = "Bog"                       │
 8 │  9 cave = "Shadow"                     │
 9 │~                                       │
10 │~                                       │
11 │~                                       │
12 │~                                       │
13 │~                                       │
14 │~                                       │
15 │~                                       │
16 │~                                       │
17 │~                                       │
18 │map.py                7,1            All│
    ────────────────────────────────────────

[KEYS] 'mc'
[OVERLAY] mc  set mark c

              1         2         3         
    0123456789012345678901234567890123456789
    ────────────────────────────────────────
 0 │  1 # World Map                         │
 1 │  2 forest = "Dark Woods"               │
 2 │  3 village = "Haven"                   │
 3 │  4 mountain = "Peak"                   │
 4 │  5 castle = "Stronghold"               │
 5 │  6 desert = "Dunes"                    │
 6 │  7 ocean = "Deep Blue"                 │ ◂ cursor (6,4)
 7 │  8 swamp = "Bog"                       │
 8 │  9 cave = "Shadow"                     │
 9 │~                                       │
10 │~                                       │
11 │~                                       │
12 │~                                       │
13 │~                                       │
14 │~                                       │
15 │~                                       │
16 │~                                       │
17 │~                                       │
18 │map.py                7,1            All│
    ────────────────────────────────────────

[SAY] Go to line one. {key:]'} to jump forward through marks.
[KEYS] 'gg'
[OVERLAY] gg  top of file

              1         2         3         
    0123456789012345678901234567890123456789
    ────────────────────────────────────────
 0 │  1 # World Map                         │ ◂ cursor (0,4)
 1 │  2 forest = "Dark Woods"               │
 2 │  3 village = "Haven"                   │
 3 │  4 mountain = "Peak"                   │
 4 │  5 castle = "Stronghold"               │
 5 │  6 desert = "Dunes"                    │
 6 │  7 ocean = "Deep Blue"                 │
 7 │  8 swamp = "Bog"                       │
 8 │  9 cave = "Shadow"                     │
 9 │~                                       │
10 │~                                       │
11 │~                                       │
12 │~                                       │
13 │~                                       │
14 │~                                       │
15 │~                                       │
16 │~                                       │
17 │~                                       │
18 │map.py                1,1            All│
    ────────────────────────────────────────

[KEYS] "]'"
[OVERLAY] ]'  next mark

              1         2         3         
    0123456789012345678901234567890123456789
    ────────────────────────────────────────
 0 │  1 # World Map                         │
 1 │  2 forest = "Dark Woods"               │
 2 │  3 village = "Haven"                   │ ◂ cursor (2,4)
 3 │  4 mountain = "Peak"                   │
 4 │  5 castle = "Stronghold"               │
 5 │  6 desert = "Dunes"                    │
 6 │  7 ocean = "Deep Blue"                 │
 7 │  8 swamp = "Bog"                       │
 8 │  9 cave = "Shadow"                     │
 9 │~                                       │
10 │~                                       │
11 │~                                       │
12 │~                                       │
13 │~                                       │
14 │~                                       │
15 │~                                       │
16 │~                                       │
17 │~                                       │
18 │map.py                3,1            All│
    ────────────────────────────────────────

[KEYS] "]'"
[OVERLAY] ]'  next mark

              1         2         3         
    0123456789012345678901234567890123456789
    ────────────────────────────────────────
 0 │  1 # World Map                         │
 1 │  2 forest = "Dark Woods"               │
 2 │  3 village = "Haven"                   │
 3 │  4 mountain = "Peak"                   │
 4 │  5 castle = "Stronghold"               │ ◂ cursor (4,4)
 5 │  6 desert = "Dunes"                    │
 6 │  7 ocean = "Deep Blue"                 │
 7 │  8 swamp = "Bog"                       │
 8 │  9 cave = "Shadow"                     │
 9 │~                                       │
10 │~                                       │
11 │~                                       │
12 │~                                       │
13 │~                                       │
14 │~                                       │
15 │~                                       │
16 │~                                       │
17 │~                                       │
18 │map.py                5,1            All│
    ────────────────────────────────────────

[KEYS] "]'"
[OVERLAY] ]'  next mark

              1         2         3         
    0123456789012345678901234567890123456789
    ────────────────────────────────────────
 0 │  1 # World Map                         │
 1 │  2 forest = "Dark Woods"               │
 2 │  3 village = "Haven"                   │
 3 │  4 mountain = "Peak"                   │
 4 │  5 castle = "Stronghold"               │
 5 │  6 desert = "Dunes"                    │
 6 │  7 ocean = "Deep Blue"                 │ ◂ cursor (6,4)
 7 │  8 swamp = "Bog"                       │
 8 │  9 cave = "Shadow"                     │
 9 │~                                       │
10 │~                                       │
11 │~                                       │
12 │~                                       │
13 │~                                       │
14 │~                                       │
15 │~                                       │
16 │~                                       │
17 │~                                       │
18 │map.py                7,1            All│
    ────────────────────────────────────────

[SAY] Visited all three marks in line order.
[SAY] {key:['} goes back.
[KEYS] "['"
[OVERLAY] ['  prev mark

              1         2         3         
    0123456789012345678901234567890123456789
    ────────────────────────────────────────
 0 │  1 # World Map                         │
 1 │  2 forest = "Dark Woods"               │
 2 │  3 village = "Haven"                   │
 3 │  4 mountain = "Peak"                   │
 4 │  5 castle = "Stronghold"               │ ◂ cursor (4,4)
 5 │  6 desert = "Dunes"                    │
 6 │  7 ocean = "Deep Blue"                 │
 7 │  8 swamp = "Bog"                       │
 8 │  9 cave = "Shadow"                     │
 9 │~                                       │
10 │~                                       │
11 │~                                       │
12 │~                                       │
13 │~                                       │
14 │~                                       │
15 │~                                       │
16 │~                                       │
17 │~                                       │
18 │map.py                5,1            All│
    ────────────────────────────────────────

[KEYS] "['"
[OVERLAY] ['  prev mark

              1         2         3         
    0123456789012345678901234567890123456789
    ────────────────────────────────────────
 0 │  1 # World Map                         │
 1 │  2 forest = "Dark Woods"               │
 2 │  3 village = "Haven"                   │ ◂ cursor (2,4)
 3 │  4 mountain = "Peak"                   │
 4 │  5 castle = "Stronghold"               │
 5 │  6 desert = "Dunes"                    │
 6 │  7 ocean = "Deep Blue"                 │
 7 │  8 swamp = "Bog"                       │
 8 │  9 cave = "Shadow"                     │
 9 │~                                       │
10 │~                                       │
11 │~                                       │
12 │~                                       │
13 │~                                       │
14 │~                                       │
15 │~                                       │
16 │~                                       │
17 │~                                       │
18 │map.py                3,1            All│
    ────────────────────────────────────────

[SAY] {key:]'} forward. {key:['} backward. Navigate marks by their line position.