[RECORDING_START] Screen state at recording start:

              1         2         3         
    0123456789012345678901234567890123456789
    ────────────────────────────────────────
 0 │name = "goblin king"                    │ ◂ cursor (0,0)
 1 │hp = 500                                │
 2 │atk = "fireball"                        │
 3 │weak = "ice"                            │
 4 │~                                       │
 5 │~                                       │
 6 │~                                       │
 7 │~                                       │
 8 │~                                       │
 9 │~                                       │
10 │~                                       │
11 │~                                       │
12 │~                                       │
13 │~                                       │
14 │~                                       │
15 │~                                       │
16 │~                                       │
17 │~                                       │
18 │boss.py               1,1            All│
    ────────────────────────────────────────

[OVERLAY] VimFu — The C Key
[SAY] Capital C deletes from the cursor to the end of the line and enters insert mode. Change the rest.
[SAY] Change the boss name. Move to the quote. Capital C.
[KEYS] 'f"'
[OVERLAY] f"  find "

              1         2         3         
    0123456789012345678901234567890123456789
    ────────────────────────────────────────
 0 │name = "goblin king"                    │ ◂ cursor (0,7)
 1 │hp = 500                                │
 2 │atk = "fireball"                        │
 3 │weak = "ice"                            │
 4 │~                                       │
 5 │~                                       │
 6 │~                                       │
 7 │~                                       │
 8 │~                                       │
 9 │~                                       │
10 │~                                       │
11 │~                                       │
12 │~                                       │
13 │~                                       │
14 │~                                       │
15 │~                                       │
16 │~                                       │
17 │~                                       │
18 │boss.py               1,8            All│
    ────────────────────────────────────────

[KEYS] 'C'
[OVERLAY] ⇧C  change to end

              1         2         3         
    0123456789012345678901234567890123456789
    ────────────────────────────────────────
 0 │name =                                  │ ◂ cursor (0,7)
 1 │hp = 500                                │
 2 │atk = "fireball"                        │
 3 │weak = "ice"                            │
 4 │~                                       │
 5 │~                                       │
 6 │~                                       │
 7 │~                                       │
 8 │~                                       │
 9 │~                                       │
10 │~                                       │
11 │~                                       │
12 │~                                       │
13 │~                                       │
14 │~                                       │
15 │~                                       │
16 │~                                       │
17 │~                                       │
18 │boss.py [+]           1,8            All│
19 │-- INSERT --                            │
    ────────────────────────────────────────

[TYPE] '"dragon lord"'

              1         2         3         
    0123456789012345678901234567890123456789
    ────────────────────────────────────────
 0 │name = "dragon lord"                    │ ◂ cursor (0,20)
 1 │hp = 500                                │
 2 │atk = "fireball"                        │
 3 │weak = "ice"                            │
 4 │~                                       │
 5 │~                                       │
 6 │~                                       │
 7 │~                                       │
 8 │~                                       │
 9 │~                                       │
10 │~                                       │
11 │~                                       │
12 │~                                       │
13 │~                                       │
14 │~                                       │
15 │~                                       │
16 │~                                       │
17 │~                                       │
18 │boss.py [+]           1,21           All│
19 │-- INSERT --                            │
    ────────────────────────────────────────

[ESCAPE]

              1         2         3         
    0123456789012345678901234567890123456789
    ────────────────────────────────────────
 0 │name = "dragon lord"                    │ ◂ cursor (0,19)
 1 │hp = 500                                │
 2 │atk = "fireball"                        │
 3 │weak = "ice"                            │
 4 │~                                       │
 5 │~                                       │
 6 │~                                       │
 7 │~                                       │
 8 │~                                       │
 9 │~                                       │
10 │~                                       │
11 │~                                       │
12 │~                                       │
13 │~                                       │
14 │~                                       │
15 │~                                       │
16 │~                                       │
17 │~                                       │
18 │boss.py [+]           1,20           All│
    ────────────────────────────────────────

[SAY] Everything from the quote to the end, replaced. One key to start.
[KEYS] 'u'
[OVERLAY] u  undo

              1         2         3         
    0123456789012345678901234567890123456789
    ────────────────────────────────────────
 0 │name = "goblin king"                    │ ◂ cursor (0,7)
 1 │hp = 500                                │
 2 │atk = "fireball"                        │
 3 │weak = "ice"                            │
 4 │~                                       │
 5 │~                                       │
 6 │~                                       │
 7 │~                                       │
 8 │~                                       │
 9 │~                                       │
10 │~                                       │
11 │~                                       │
12 │~                                       │
13 │~                                       │
14 │~                                       │
15 │~                                       │
16 │~                                       │
17 │~                                       │
18 │boss.py               1,8            All│
19 │1 change; be...8 seconds ago            │
    ────────────────────────────────────────

[SAY] Change H P to nine thousand. Move to the number. Capital C.
[KEYS] 'j0f5'
[OVERLAY] j0f5

              1         2         3         
    0123456789012345678901234567890123456789
    ────────────────────────────────────────
 0 │name = "goblin king"                    │
 1 │hp = 500                                │ ◂ cursor (1,5)
 2 │atk = "fireball"                        │
 3 │weak = "ice"                            │
 4 │~                                       │
 5 │~                                       │
 6 │~                                       │
 7 │~                                       │
 8 │~                                       │
 9 │~                                       │
10 │~                                       │
11 │~                                       │
12 │~                                       │
13 │~                                       │
14 │~                                       │
15 │~                                       │
16 │~                                       │
17 │~                                       │
18 │boss.py               2,6            All│
19 │1 change; be...8 seconds ago            │
    ────────────────────────────────────────

[KEYS] 'C'
[OVERLAY] ⇧C  change to end

              1         2         3         
    0123456789012345678901234567890123456789
    ────────────────────────────────────────
 0 │name = "goblin king"                    │
 1 │hp =                                    │ ◂ cursor (1,5)
 2 │atk = "fireball"                        │
 3 │weak = "ice"                            │
 4 │~                                       │
 5 │~                                       │
 6 │~                                       │
 7 │~                                       │
 8 │~                                       │
 9 │~                                       │
10 │~                                       │
11 │~                                       │
12 │~                                       │
13 │~                                       │
14 │~                                       │
15 │~                                       │
16 │~                                       │
17 │~                                       │
18 │boss.py [+]           2,6            All│
19 │-- INSERT --                            │
    ────────────────────────────────────────

[TYPE] '9001'

              1         2         3         
    0123456789012345678901234567890123456789
    ────────────────────────────────────────
 0 │name = "goblin king"                    │
 1 │hp = 9001                               │ ◂ cursor (1,9)
 2 │atk = "fireball"                        │
 3 │weak = "ice"                            │
 4 │~                                       │
 5 │~                                       │
 6 │~                                       │
 7 │~                                       │
 8 │~                                       │
 9 │~                                       │
10 │~                                       │
11 │~                                       │
12 │~                                       │
13 │~                                       │
14 │~                                       │
15 │~                                       │
16 │~                                       │
17 │~                                       │
18 │boss.py [+]           2,10           All│
19 │-- INSERT --                            │
    ────────────────────────────────────────

[ESCAPE]

              1         2         3         
    0123456789012345678901234567890123456789
    ────────────────────────────────────────
 0 │name = "goblin king"                    │
 1 │hp = 9001                               │ ◂ cursor (1,8)
 2 │atk = "fireball"                        │
 3 │weak = "ice"                            │
 4 │~                                       │
 5 │~                                       │
 6 │~                                       │
 7 │~                                       │
 8 │~                                       │
 9 │~                                       │
10 │~                                       │
11 │~                                       │
12 │~                                       │
13 │~                                       │
14 │~                                       │
15 │~                                       │
16 │~                                       │
17 │~                                       │
18 │boss.py [+]           2,9            All│
    ────────────────────────────────────────

[SAY] Five hundred became nine thousand and one. C wiped the rest and I typed the new value.
[KEYS] 'u'
[OVERLAY] u  undo

              1         2         3         
    0123456789012345678901234567890123456789
    ────────────────────────────────────────
 0 │name = "goblin king"                    │
 1 │hp = 500                                │ ◂ cursor (1,5)
 2 │atk = "fireball"                        │
 3 │weak = "ice"                            │
 4 │~                                       │
 5 │~                                       │
 6 │~                                       │
 7 │~                                       │
 8 │~                                       │
 9 │~                                       │
10 │~                                       │
11 │~                                       │
12 │~                                       │
13 │~                                       │
14 │~                                       │
15 │~                                       │
16 │~                                       │
17 │~                                       │
18 │boss.py               2,6            All│
19 │1 change; be...9 seconds ago            │
    ────────────────────────────────────────

[SAY] Capital D also deletes to the end, but stays in normal mode. Capital C enters insert. That's the difference.
[KEYS] '2j0f"'
[OVERLAY] 2j0f"

              1         2         3         
    0123456789012345678901234567890123456789
    ────────────────────────────────────────
 0 │name = "goblin king"                    │
 1 │hp = 500                                │
 2 │atk = "fireball"                        │
 3 │weak = "ice"                            │ ◂ cursor (3,7)
 4 │~                                       │
 5 │~                                       │
 6 │~                                       │
 7 │~                                       │
 8 │~                                       │
 9 │~                                       │
10 │~                                       │
11 │~                                       │
12 │~                                       │
13 │~                                       │
14 │~                                       │
15 │~                                       │
16 │~                                       │
17 │~                                       │
18 │boss.py               4,8            All│
19 │1 change; be...9 seconds ago            │
    ────────────────────────────────────────

[KEYS] 'C'
[OVERLAY] ⇧C  change to end

              1         2         3         
    0123456789012345678901234567890123456789
    ────────────────────────────────────────
 0 │name = "goblin king"                    │
 1 │hp = 500                                │
 2 │atk = "fireball"                        │
 3 │weak =                                  │ ◂ cursor (3,7)
 4 │~                                       │
 5 │~                                       │
 6 │~                                       │
 7 │~                                       │
 8 │~                                       │
 9 │~                                       │
10 │~                                       │
11 │~                                       │
12 │~                                       │
13 │~                                       │
14 │~                                       │
15 │~                                       │
16 │~                                       │
17 │~                                       │
18 │boss.py [+]           4,8            All│
19 │-- INSERT --                            │
    ────────────────────────────────────────

[TYPE] '"thunder"'

              1         2         3         
    0123456789012345678901234567890123456789
    ────────────────────────────────────────
 0 │name = "goblin king"                    │
 1 │hp = 500                                │
 2 │atk = "fireball"                        │
 3 │weak = "thunder"                        │ ◂ cursor (3,16)
 4 │~                                       │
 5 │~                                       │
 6 │~                                       │
 7 │~                                       │
 8 │~                                       │
 9 │~                                       │
10 │~                                       │
11 │~                                       │
12 │~                                       │
13 │~                                       │
14 │~                                       │
15 │~                                       │
16 │~                                       │
17 │~                                       │
18 │boss.py [+]           4,17           All│
19 │-- INSERT --                            │
    ────────────────────────────────────────

[ESCAPE]

              1         2         3         
    0123456789012345678901234567890123456789
    ────────────────────────────────────────
 0 │name = "goblin king"                    │
 1 │hp = 500                                │
 2 │atk = "fireball"                        │
 3 │weak = "thunder"                        │ ◂ cursor (3,15)
 4 │~                                       │
 5 │~                                       │
 6 │~                                       │
 7 │~                                       │
 8 │~                                       │
 9 │~                                       │
10 │~                                       │
11 │~                                       │
12 │~                                       │
13 │~                                       │
14 │~                                       │
15 │~                                       │
16 │~                                       │
17 │~                                       │
18 │boss.py [+]           4,16           All│
    ────────────────────────────────────────

[SAY] Fireball became thunder. Capital C. Delete and replace in one move.
[SAY] Capital C. Change to the end of the line. Like D but drops you into insert mode.