[RECORDING_START] Screen state at recording start:

              1         2         3         
    0123456789012345678901234567890123456789
    ────────────────────────────────────────
 0 │Hello World                             │ ◂ cursor (0,0)
 1 │hello there                             │
 2 │HELLO AGAIN                             │
 3 │Say hello                               │
 4 │Goodbye World                           │
 5 │~                                       │
 6 │~                                       │
 7 │~                                       │
 8 │~                                       │
 9 │~                                       │
10 │~                                       │
11 │~                                       │
12 │~                                       │
13 │~                                       │
14 │~                                       │
15 │~                                       │
16 │~                                       │
17 │~                                       │
18 │demo.txt              1,1            All│
    ────────────────────────────────────────

[OVERLAY] VimFu — :set ignorecase
[SAY] By default, Vim searches are case-sensitive. Set ignore case makes them case insensitive.
[SAY] Search for hello in lowercase. Only lowercase matches are found.
[TYPE] ':set hlsearch'

              1         2         3         
    0123456789012345678901234567890123456789
    ────────────────────────────────────────
 0 │Hello World                             │
 1 │hello there                             │
 2 │HELLO AGAIN                             │
 3 │Say hello                               │
 4 │Goodbye World                           │
 5 │~                                       │
 6 │~                                       │
 7 │~                                       │
 8 │~                                       │
 9 │~                                       │
10 │~                                       │
11 │~                                       │
12 │~                                       │
13 │~                                       │
14 │~                                       │
15 │~                                       │
16 │~                                       │
17 │~                                       │
18 │demo.txt              1,1            All│
19 │:set hlsearch                           │ ◂ cursor (19,13)
    ────────────────────────────────────────

[SAY] First turn on highlight, so matches are visible.
[ENTER]

              1         2         3         
    0123456789012345678901234567890123456789
    ────────────────────────────────────────
 0 │Hello World                             │ ◂ cursor (0,0)
 1 │hello there                             │
 2 │HELLO AGAIN                             │
 3 │Say hello                               │
 4 │Goodbye World                           │
 5 │~                                       │
 6 │~                                       │
 7 │~                                       │
 8 │~                                       │
 9 │~                                       │
10 │~                                       │
11 │~                                       │
12 │~                                       │
13 │~                                       │
14 │~                                       │
15 │~                                       │
16 │~                                       │
17 │~                                       │
18 │demo.txt              1,1            All│
19 │:set hlsearch                           │
    ────────────────────────────────────────

[TYPE] '/hello'

              1         2         3         
    0123456789012345678901234567890123456789
    ────────────────────────────────────────
 0 │Hello World                             │
 1 │hello there                             │
 2 │HELLO AGAIN                             │
 3 │Say hello                               │
 4 │Goodbye World                           │
 5 │~                                       │
 6 │~                                       │
 7 │~                                       │
 8 │~                                       │
 9 │~                                       │
10 │~                                       │
11 │~                                       │
12 │~                                       │
13 │~                                       │
14 │~                                       │
15 │~                                       │
16 │~                                       │
17 │~                                       │
18 │demo.txt              2,1            All│
19 │/hello                                  │ ◂ cursor (19,6)
    ────────────────────────────────────────
[HIGHLIGHT] row 1, cols 0-4: "hello"
[HIGHLIGHT] row 3, cols 4-8: "hello"

[SAY] Search for the lowercase word hello.
[ENTER]

              1         2         3         
    0123456789012345678901234567890123456789
    ────────────────────────────────────────
 0 │Hello World                             │
 1 │hello there                             │ ◂ cursor (1,0)
 2 │HELLO AGAIN                             │
 3 │Say hello                               │
 4 │Goodbye World                           │
 5 │~                                       │
 6 │~                                       │
 7 │~                                       │
 8 │~                                       │
 9 │~                                       │
10 │~                                       │
11 │~                                       │
12 │~                                       │
13 │~                                       │
14 │~                                       │
15 │~                                       │
16 │~                                       │
17 │~                                       │
18 │demo.txt              2,1            All│
19 │/hello                [1/2]             │
    ────────────────────────────────────────
[HIGHLIGHT] row 1, cols 1-4: "ello"
[HIGHLIGHT] row 3, cols 4-8: "hello"

[SAY] Only two lowercase matches. Now turn on ignore case.
[TYPE] ':set ignorecase'

              1         2         3         
    0123456789012345678901234567890123456789
    ────────────────────────────────────────
 0 │Hello World                             │
 1 │hello there                             │
 2 │HELLO AGAIN                             │
 3 │Say hello                               │
 4 │Goodbye World                           │
 5 │~                                       │
 6 │~                                       │
 7 │~                                       │
 8 │~                                       │
 9 │~                                       │
10 │~                                       │
11 │~                                       │
12 │~                                       │
13 │~                                       │
14 │~                                       │
15 │~                                       │
16 │~                                       │
17 │~                                       │
18 │demo.txt              2,1            All│
19 │:set ignorecase                         │ ◂ cursor (19,15)
    ────────────────────────────────────────
[HIGHLIGHT] row 1, cols 0-4: "hello"
[HIGHLIGHT] row 3, cols 4-8: "hello"

[SAY] Set ignore case — searches now match regardless of letter case.
[ENTER]

              1         2         3         
    0123456789012345678901234567890123456789
    ────────────────────────────────────────
 0 │Hello World                             │
 1 │hello there                             │ ◂ cursor (1,0)
 2 │HELLO AGAIN                             │
 3 │Say hello                               │
 4 │Goodbye World                           │
 5 │~                                       │
 6 │~                                       │
 7 │~                                       │
 8 │~                                       │
 9 │~                                       │
10 │~                                       │
11 │~                                       │
12 │~                                       │
13 │~                                       │
14 │~                                       │
15 │~                                       │
16 │~                                       │
17 │~                                       │
18 │demo.txt              2,1            All│
19 │:set ignorecase                         │
    ────────────────────────────────────────
[HIGHLIGHT] row 0, cols 0-4: "Hello"
[HIGHLIGHT] row 1, cols 1-4: "ello"
[HIGHLIGHT] row 2, cols 0-4: "HELLO"
[HIGHLIGHT] row 3, cols 4-8: "hello"

[TYPE] '/hello'

              1         2         3         
    0123456789012345678901234567890123456789
    ────────────────────────────────────────
 0 │Hello World                             │
 1 │hello there                             │
 2 │HELLO AGAIN                             │
 3 │Say hello                               │
 4 │Goodbye World                           │
 5 │~                                       │
 6 │~                                       │
 7 │~                                       │
 8 │~                                       │
 9 │~                                       │
10 │~                                       │
11 │~                                       │
12 │~                                       │
13 │~                                       │
14 │~                                       │
15 │~                                       │
16 │~                                       │
17 │~                                       │
18 │demo.txt              3,1            All│
19 │/hello                                  │ ◂ cursor (19,6)
    ────────────────────────────────────────
[HIGHLIGHT] row 0, cols 0-4: "Hello"
[HIGHLIGHT] row 1, cols 0-4: "hello"
[HIGHLIGHT] row 2, cols 0-4: "HELLO"
[HIGHLIGHT] row 3, cols 4-8: "hello"

[SAY] Search for hello again — same pattern, but case insensitive this time.
[ENTER]

              1         2         3         
    0123456789012345678901234567890123456789
    ────────────────────────────────────────
 0 │Hello World                             │
 1 │hello there                             │
 2 │HELLO AGAIN                             │ ◂ cursor (2,0)
 3 │Say hello                               │
 4 │Goodbye World                           │
 5 │~                                       │
 6 │~                                       │
 7 │~                                       │
 8 │~                                       │
 9 │~                                       │
10 │~                                       │
11 │~                                       │
12 │~                                       │
13 │~                                       │
14 │~                                       │
15 │~                                       │
16 │~                                       │
17 │~                                       │
18 │demo.txt              3,1            All│
19 │/hello                [2/2]             │
    ────────────────────────────────────────
[HIGHLIGHT] row 0, cols 0-4: "Hello"
[HIGHLIGHT] row 1, cols 0-4: "hello"
[HIGHLIGHT] row 2, cols 1-4: "ELLO"
[HIGHLIGHT] row 3, cols 4-8: "hello"

[SAY] Now all four hello matches light up regardless of case.
[SAY] Set ignore case or set I C. Case insensitive searching.