[RECORDING_START] Screen state at recording start:

              1         2         3         
    0123456789012345678901234567890123456789
    ────────────────────────────────────────
 0 │  hp = 100          │  hp = 150         │ ◂ cursor (0,2)
 1 │  mp = 50           │  mp = 50          │
 2 │  speed = 10        │  speed = 15       │
 3 │  armor = 30        │  armor = 30       │
 4 │  luck = 5          │  luck = 5         │
 5 │  gold = 200        │  gold = 500       │
 6 │~                   │~                  │
 7 │~                   │~                  │
 8 │~                   │~                  │
 9 │~                   │~                  │
10 │~                   │~                  │
11 │~                   │~                  │
12 │~                   │~                  │
13 │~                   │~                  │
14 │~                   │~                  │
15 │~                   │~                  │
16 │~                   │~                  │
17 │~                   │~                  │
18 │old.py    1,1    All new.py    1,1   All│
    ────────────────────────────────────────
[HIGHLIGHT] row 0, cols 3-7: "p = 1"
[HIGHLIGHT] row 0, col 8: "0"
[HIGHLIGHT] row 0, cols 9-19: "0"
[HIGHLIGHT] row 0, cols 23-28: "hp = 1"
[HIGHLIGHT] row 0, col 29: "5"
[HIGHLIGHT] row 0, cols 30-39: "0"
[HIGHLIGHT] row 2, cols 2-10: "speed = 1"
[HIGHLIGHT] row 2, col 11: "0"
[HIGHLIGHT] row 2, cols 23-31: "speed = 1"
[HIGHLIGHT] row 2, col 32: "5"
[HIGHLIGHT] row 5, cols 2-8: "gold ="
[HIGHLIGHT] row 5, col 9: "2"
[HIGHLIGHT] row 5, cols 10-19: "00"
[HIGHLIGHT] row 5, cols 23-29: "gold ="
[HIGHLIGHT] row 5, col 30: "5"
[HIGHLIGHT] row 5, cols 31-39: "00"

[OVERLAY] VimFu — [c ]c — Diff Changes
[SAY] {key:]c} jumps to the next diff change. {key:[c} jumps to the previous. You need to be in diff mode.
[SAY] Two files side by side. Cursor starts on the H P change. {key:]c} jumps to the next change.
[KEYS] ']c'
[OVERLAY] ]c  next change

              1         2         3         
    0123456789012345678901234567890123456789
    ────────────────────────────────────────
 0 │  hp = 100          │  hp = 150         │
 1 │  mp = 50           │  mp = 50          │
 2 │  speed = 10        │  speed = 15       │ ◂ cursor (2,2)
 3 │  armor = 30        │  armor = 30       │
 4 │  luck = 5          │  luck = 5         │
 5 │  gold = 200        │  gold = 500       │
 6 │~                   │~                  │
 7 │~                   │~                  │
 8 │~                   │~                  │
 9 │~                   │~                  │
10 │~                   │~                  │
11 │~                   │~                  │
12 │~                   │~                  │
13 │~                   │~                  │
14 │~                   │~                  │
15 │~                   │~                  │
16 │~                   │~                  │
17 │~                   │~                  │
18 │old.py    3,1    All new.py    3,1   All│
    ────────────────────────────────────────
[HIGHLIGHT] row 0, cols 2-7: "hp = 1"
[HIGHLIGHT] row 0, col 8: "0"
[HIGHLIGHT] row 0, cols 9-19: "0"
[HIGHLIGHT] row 0, cols 23-28: "hp = 1"
[HIGHLIGHT] row 0, col 29: "5"
[HIGHLIGHT] row 0, cols 30-39: "0"
[HIGHLIGHT] row 2, cols 3-10: "peed = 1"
[HIGHLIGHT] row 2, col 11: "0"
[HIGHLIGHT] row 2, cols 23-31: "speed = 1"
[HIGHLIGHT] row 2, col 32: "5"
[HIGHLIGHT] row 5, cols 2-8: "gold ="
[HIGHLIGHT] row 5, col 9: "2"
[HIGHLIGHT] row 5, cols 10-19: "00"
[HIGHLIGHT] row 5, cols 23-29: "gold ="
[HIGHLIGHT] row 5, col 30: "5"
[HIGHLIGHT] row 5, cols 31-39: "00"

[SAY] Speed went from 10 to 15. Jump to the next change.
[KEYS] ']c'
[OVERLAY] ]c  next change

              1         2         3         
    0123456789012345678901234567890123456789
    ────────────────────────────────────────
 0 │  hp = 100          │  hp = 150         │
 1 │  mp = 50           │  mp = 50          │
 2 │  speed = 10        │  speed = 15       │
 3 │  armor = 30        │  armor = 30       │
 4 │  luck = 5          │  luck = 5         │
 5 │  gold = 200        │  gold = 500       │ ◂ cursor (5,2)
 6 │~                   │~                  │
 7 │~                   │~                  │
 8 │~                   │~                  │
 9 │~                   │~                  │
10 │~                   │~                  │
11 │~                   │~                  │
12 │~                   │~                  │
13 │~                   │~                  │
14 │~                   │~                  │
15 │~                   │~                  │
16 │~                   │~                  │
17 │~                   │~                  │
18 │old.py    6,1    All new.py    6,1   All│
    ────────────────────────────────────────
[HIGHLIGHT] row 0, cols 2-7: "hp = 1"
[HIGHLIGHT] row 0, col 8: "0"
[HIGHLIGHT] row 0, cols 9-19: "0"
[HIGHLIGHT] row 0, cols 23-28: "hp = 1"
[HIGHLIGHT] row 0, col 29: "5"
[HIGHLIGHT] row 0, cols 30-39: "0"
[HIGHLIGHT] row 2, cols 2-10: "speed = 1"
[HIGHLIGHT] row 2, col 11: "0"
[HIGHLIGHT] row 2, cols 23-31: "speed = 1"
[HIGHLIGHT] row 2, col 32: "5"
[HIGHLIGHT] row 5, cols 3-8: "old ="
[HIGHLIGHT] row 5, col 9: "2"
[HIGHLIGHT] row 5, cols 10-19: "00"
[HIGHLIGHT] row 5, cols 23-29: "gold ="
[HIGHLIGHT] row 5, col 30: "5"
[HIGHLIGHT] row 5, cols 31-39: "00"

[SAY] Gold jumped from 200 to 500. Fast diff navigation.
[SAY] {key:[c} goes back.
[KEYS] '[c'
[OVERLAY] [c  prev change

              1         2         3         
    0123456789012345678901234567890123456789
    ────────────────────────────────────────
 0 │  hp = 100          │  hp = 150         │
 1 │  mp = 50           │  mp = 50          │
 2 │  speed = 10        │  speed = 15       │ ◂ cursor (2,2)
 3 │  armor = 30        │  armor = 30       │
 4 │  luck = 5          │  luck = 5         │
 5 │  gold = 200        │  gold = 500       │
 6 │~                   │~                  │
 7 │~                   │~                  │
 8 │~                   │~                  │
 9 │~                   │~                  │
10 │~                   │~                  │
11 │~                   │~                  │
12 │~                   │~                  │
13 │~                   │~                  │
14 │~                   │~                  │
15 │~                   │~                  │
16 │~                   │~                  │
17 │~                   │~                  │
18 │old.py    3,1    All new.py    3,1   All│
    ────────────────────────────────────────
[HIGHLIGHT] row 0, cols 2-7: "hp = 1"
[HIGHLIGHT] row 0, col 8: "0"
[HIGHLIGHT] row 0, cols 9-19: "0"
[HIGHLIGHT] row 0, cols 23-28: "hp = 1"
[HIGHLIGHT] row 0, col 29: "5"
[HIGHLIGHT] row 0, cols 30-39: "0"
[HIGHLIGHT] row 2, cols 3-10: "peed = 1"
[HIGHLIGHT] row 2, col 11: "0"
[HIGHLIGHT] row 2, cols 23-31: "speed = 1"
[HIGHLIGHT] row 2, col 32: "5"
[HIGHLIGHT] row 5, cols 2-8: "gold ="
[HIGHLIGHT] row 5, col 9: "2"
[HIGHLIGHT] row 5, cols 10-19: "00"
[HIGHLIGHT] row 5, cols 23-29: "gold ="
[HIGHLIGHT] row 5, col 30: "5"
[HIGHLIGHT] row 5, cols 31-39: "00"

[KEYS] '[c'
[OVERLAY] [c  prev change

              1         2         3         
    0123456789012345678901234567890123456789
    ────────────────────────────────────────
 0 │  hp = 100          │  hp = 150         │ ◂ cursor (0,2)
 1 │  mp = 50           │  mp = 50          │
 2 │  speed = 10        │  speed = 15       │
 3 │  armor = 30        │  armor = 30       │
 4 │  luck = 5          │  luck = 5         │
 5 │  gold = 200        │  gold = 500       │
 6 │~                   │~                  │
 7 │~                   │~                  │
 8 │~                   │~                  │
 9 │~                   │~                  │
10 │~                   │~                  │
11 │~                   │~                  │
12 │~                   │~                  │
13 │~                   │~                  │
14 │~                   │~                  │
15 │~                   │~                  │
16 │~                   │~                  │
17 │~                   │~                  │
18 │old.py    1,1    All new.py    1,1   All│
    ────────────────────────────────────────
[HIGHLIGHT] row 0, cols 3-7: "p = 1"
[HIGHLIGHT] row 0, col 8: "0"
[HIGHLIGHT] row 0, cols 9-19: "0"
[HIGHLIGHT] row 0, cols 23-28: "hp = 1"
[HIGHLIGHT] row 0, col 29: "5"
[HIGHLIGHT] row 0, cols 30-39: "0"
[HIGHLIGHT] row 2, cols 2-10: "speed = 1"
[HIGHLIGHT] row 2, col 11: "0"
[HIGHLIGHT] row 2, cols 23-31: "speed = 1"
[HIGHLIGHT] row 2, col 32: "5"
[HIGHLIGHT] row 5, cols 2-8: "gold ="
[HIGHLIGHT] row 5, col 9: "2"
[HIGHLIGHT] row 5, cols 10-19: "00"
[HIGHLIGHT] row 5, cols 23-29: "gold ="
[HIGHLIGHT] row 5, col 30: "5"
[HIGHLIGHT] row 5, cols 31-39: "00"

[SAY] {key:]c} and {key:[c}. Jump between diff changes. Open files with nvim dash D for diff mode.