[RECORDING_START] Screen state at recording start:

              1         2         3         
    0123456789012345678901234567890123456789
    ────────────────────────────────────────
 0 │  1 line 1 — alpha                      │ ◂ cursor (0,4)
 1 │  2 line 2 — bravo                      │
 2 │  3 line 3 — charlie                    │
 3 │  4 line 4 — delta                      │
 4 │  5 line 5 — echo                       │
 5 │  6 line 6 — foxtrot                    │
 6 │  7 line 7 — golf                       │
 7 │  8 line 8 — hotel                      │
 8 │  9 line 9 — india                      │
 9 │ 10 line 10 — juliet                    │
10 │ 11 line 11 — kilo                      │
11 │ 12 line 12 — lima                      │
12 │~                                       │
13 │~                                       │
14 │~                                       │
15 │~                                       │
16 │~                                       │
17 │~                                       │
18 │list.txt              1,1            All│
    ────────────────────────────────────────

[OVERLAY] VimFu — A Range of Lines
[SAY] Use two numbers separated by a comma to specify a range of lines.
[SAY] Colon three comma seven d. Delete lines three through seven.
[TYPE] ':3,7d'

              1         2         3         
    0123456789012345678901234567890123456789
    ────────────────────────────────────────
 0 │  1 line 1 — alpha                      │
 1 │  2 line 2 — bravo                      │
 2 │  3 line 3 — charlie                    │
 3 │  4 line 4 — delta                      │
 4 │  5 line 5 — echo                       │
 5 │  6 line 6 — foxtrot                    │
 6 │  7 line 7 — golf                       │
 7 │  8 line 8 — hotel                      │
 8 │  9 line 9 — india                      │
 9 │ 10 line 10 — juliet                    │
10 │ 11 line 11 — kilo                      │
11 │ 12 line 12 — lima                      │
12 │~                                       │
13 │~                                       │
14 │~                                       │
15 │~                                       │
16 │~                                       │
17 │~                                       │
18 │list.txt              1,1            All│
19 │:3,7d                                   │ ◂ cursor (19,5)
    ────────────────────────────────────────

[ENTER]

              1         2         3         
    0123456789012345678901234567890123456789
    ────────────────────────────────────────
 0 │  1 line 1 — alpha                      │
 1 │  2 line 2 — bravo                      │
 2 │  3 line 8 — hotel                      │ ◂ cursor (2,4)
 3 │  4 line 9 — india                      │
 4 │  5 line 10 — juliet                    │
 5 │  6 line 11 — kilo                      │
 6 │  7 line 12 — lima                      │
 7 │~                                       │
 8 │~                                       │
 9 │~                                       │
10 │~                                       │
11 │~                                       │
12 │~                                       │
13 │~                                       │
14 │~                                       │
15 │~                                       │
16 │~                                       │
17 │~                                       │
18 │list.txt [+]          3,1            All│
19 │5 fewer lines                           │
    ────────────────────────────────────────

[SAY] Five lines gone. Charlie through golf, deleted.
[KEYS] 'u'
[OVERLAY] u  undo

              1         2         3         
    0123456789012345678901234567890123456789
    ────────────────────────────────────────
 0 │  1 line 1 — alpha                      │
 1 │  2 line 2 — bravo                      │
 2 │  3 line 3 — charlie                    │ ◂ cursor (2,4)
 3 │  4 line 4 — delta                      │
 4 │  5 line 5 — echo                       │
 5 │  6 line 6 — foxtrot                    │
 6 │  7 line 7 — golf                       │
 7 │  8 line 8 — hotel                      │
 8 │  9 line 9 — india                      │
 9 │ 10 line 10 — juliet                    │
10 │ 11 line 11 — kilo                      │
11 │ 12 line 12 — lima                      │
12 │~                                       │
13 │~                                       │
14 │~                                       │
15 │~                                       │
16 │~                                       │
17 │~                                       │
18 │list.txt              3,1            All│
19 │5 more lines...5 seconds ago            │
    ────────────────────────────────────────

[SAY] Another range. Colon one comma three d.
[TYPE] ':1,3d'

              1         2         3         
    0123456789012345678901234567890123456789
    ────────────────────────────────────────
 0 │  1 line 1 — alpha                      │
 1 │  2 line 2 — bravo                      │
 2 │  3 line 3 — charlie                    │
 3 │  4 line 4 — delta                      │
 4 │  5 line 5 — echo                       │
 5 │  6 line 6 — foxtrot                    │
 6 │  7 line 7 — golf                       │
 7 │  8 line 8 — hotel                      │
 8 │  9 line 9 — india                      │
 9 │ 10 line 10 — juliet                    │
10 │ 11 line 11 — kilo                      │
11 │ 12 line 12 — lima                      │
12 │~                                       │
13 │~                                       │
14 │~                                       │
15 │~                                       │
16 │~                                       │
17 │~                                       │
18 │list.txt              3,1            All│
19 │:1,3d                                   │ ◂ cursor (19,5)
    ────────────────────────────────────────

[ENTER]

              1         2         3         
    0123456789012345678901234567890123456789
    ────────────────────────────────────────
 0 │  1 line 4 — delta                      │ ◂ cursor (0,4)
 1 │  2 line 5 — echo                       │
 2 │  3 line 6 — foxtrot                    │
 3 │  4 line 7 — golf                       │
 4 │  5 line 8 — hotel                      │
 5 │  6 line 9 — india                      │
 6 │  7 line 10 — juliet                    │
 7 │  8 line 11 — kilo                      │
 8 │  9 line 12 — lima                      │
 9 │~                                       │
10 │~                                       │
11 │~                                       │
12 │~                                       │
13 │~                                       │
14 │~                                       │
15 │~                                       │
16 │~                                       │
17 │~                                       │
18 │list.txt [+]          1,1            All│
19 │3 fewer lines                           │
    ────────────────────────────────────────

[SAY] The first three lines are gone.
[KEYS] 'u'
[OVERLAY] u  undo

              1         2         3         
    0123456789012345678901234567890123456789
    ────────────────────────────────────────
 0 │  1 line 1 — alpha                      │ ◂ cursor (0,4)
 1 │  2 line 2 — bravo                      │
 2 │  3 line 3 — charlie                    │
 3 │  4 line 4 — delta                      │
 4 │  5 line 5 — echo                       │
 5 │  6 line 6 — foxtrot                    │
 6 │  7 line 7 — golf                       │
 7 │  8 line 8 — hotel                      │
 8 │  9 line 9 — india                      │
 9 │ 10 line 10 — juliet                    │
10 │ 11 line 11 — kilo                      │
11 │ 12 line 12 — lima                      │
12 │~                                       │
13 │~                                       │
14 │~                                       │
15 │~                                       │
16 │~                                       │
17 │~                                       │
18 │list.txt              1,1            All│
19 │3 more lines...5 seconds ago            │
    ────────────────────────────────────────

[SAY] Comma separates the from and to line numbers. The range is inclusive. Both ends are included.