[RECORDING_START] Screen state at recording start:

              1         2         3         
    0123456789012345678901234567890123456789
    ────────────────────────────────────────
 0 │cat_name = "Whiskers"                   │ ◂ cursor (0,0)
 1 │dog_name = "Buddy"                      │
 2 │fish_name = "Nemo"                      │
 3 │                                        │
 4 │best_pet = ""                           │
 5 │~                                       │
 6 │~                                       │
 7 │~                                       │
 8 │~                                       │
 9 │~                                       │
10 │~                                       │
11 │~                                       │
12 │~                                       │
13 │~                                       │
14 │~                                       │
15 │~                                       │
16 │~                                       │
17 │~                                       │
18 │pet.py                1,1            All│
    ────────────────────────────────────────

[OVERLAY] VimFu — Small Delete Register
[SAY] Quote minus holds the last delete that was smaller than a line. Delete a word and it goes there.
[SAY] Delete the word Whiskers.
[KEYS] 'f"'
[OVERLAY] f"

              1         2         3         
    0123456789012345678901234567890123456789
    ────────────────────────────────────────
 0 │cat_name = "Whiskers"                   │ ◂ cursor (0,11)
 1 │dog_name = "Buddy"                      │
 2 │fish_name = "Nemo"                      │
 3 │                                        │
 4 │best_pet = ""                           │
 5 │~                                       │
 6 │~                                       │
 7 │~                                       │
 8 │~                                       │
 9 │~                                       │
10 │~                                       │
11 │~                                       │
12 │~                                       │
13 │~                                       │
14 │~                                       │
15 │~                                       │
16 │~                                       │
17 │~                                       │
18 │pet.py                1,12           All│
    ────────────────────────────────────────

[KEYS] 'di"'
[OVERLAY] di"  delete inner quotes

              1         2         3         
    0123456789012345678901234567890123456789
    ────────────────────────────────────────
 0 │cat_name = ""                           │ ◂ cursor (0,12)
 1 │dog_name = "Buddy"                      │
 2 │fish_name = "Nemo"                      │
 3 │                                        │
 4 │best_pet = ""                           │
 5 │~                                       │
 6 │~                                       │
 7 │~                                       │
 8 │~                                       │
 9 │~                                       │
10 │~                                       │
11 │~                                       │
12 │~                                       │
13 │~                                       │
14 │~                                       │
15 │~                                       │
16 │~                                       │
17 │~                                       │
18 │pet.py [+]            1,13           All│
    ────────────────────────────────────────

[SAY] Whiskers was smaller than a line. It went into the small delete register.
[SAY] Go to best pet and paste it. Quote minus P.
[KEYS] '4j'
[OVERLAY] 4j

              1         2         3         
    0123456789012345678901234567890123456789
    ────────────────────────────────────────
 0 │cat_name = ""                           │
 1 │dog_name = "Buddy"                      │
 2 │fish_name = "Nemo"                      │
 3 │                                        │
 4 │best_pet = ""                           │ ◂ cursor (4,12)
 5 │~                                       │
 6 │~                                       │
 7 │~                                       │
 8 │~                                       │
 9 │~                                       │
10 │~                                       │
11 │~                                       │
12 │~                                       │
13 │~                                       │
14 │~                                       │
15 │~                                       │
16 │~                                       │
17 │~                                       │
18 │pet.py [+]            5,13           All│
    ────────────────────────────────────────

[KEYS] 'f"'
[OVERLAY] f"

              1         2         3         
    0123456789012345678901234567890123456789
    ────────────────────────────────────────
 0 │cat_name = ""                           │
 1 │dog_name = "Buddy"                      │
 2 │fish_name = "Nemo"                      │
 3 │                                        │
 4 │best_pet = ""                           │ ◂ cursor (4,12)
 5 │~                                       │
 6 │~                                       │
 7 │~                                       │
 8 │~                                       │
 9 │~                                       │
10 │~                                       │
11 │~                                       │
12 │~                                       │
13 │~                                       │
14 │~                                       │
15 │~                                       │
16 │~                                       │
17 │~                                       │
18 │pet.py [+]            5,13           All│
    ────────────────────────────────────────

[KEYS] '"'
[OVERLAY] ⇧"  register

              1         2         3         
    0123456789012345678901234567890123456789
    ────────────────────────────────────────
 0 │cat_name = ""                           │
 1 │dog_name = "Buddy"                      │
 2 │fish_name = "Nemo"                      │
 3 │                                        │
 4 │best_pet = ""                           │ ◂ cursor (4,12)
 5 │~                                       │
 6 │~                                       │
 7 │~                                       │
 8 │~                                       │
 9 │~                                       │
10 │~                                       │
11 │~                                       │
12 │~                                       │
13 │~                                       │
14 │~                                       │
15 │~                                       │
16 │~                                       │
17 │~                                       │
18 │pet.py [+]            5,13           All│
19 │                             "          │
    ────────────────────────────────────────

[KEYS] '-'
[OVERLAY] -  small delete

              1         2         3         
    0123456789012345678901234567890123456789
    ────────────────────────────────────────
 0 │cat_name = ""                           │
 1 │dog_name = "Buddy"                      │
 2 │fish_name = "Nemo"                      │
 3 │                                        │
 4 │best_pet = ""                           │ ◂ cursor (4,12)
 5 │~                                       │
 6 │~                                       │
 7 │~                                       │
 8 │~                                       │
 9 │~                                       │
10 │~                                       │
11 │~                                       │
12 │~                                       │
13 │~                                       │
14 │~                                       │
15 │~                                       │
16 │~                                       │
17 │~                                       │
18 │pet.py [+]            5,13           All│
19 │                             "-         │
    ────────────────────────────────────────

[KEYS] 'P'
[OVERLAY] ⇧P  paste before

              1         2         3         
    0123456789012345678901234567890123456789
    ────────────────────────────────────────
 0 │cat_name = ""                           │
 1 │dog_name = "Buddy"                      │
 2 │fish_name = "Nemo"                      │
 3 │                                        │
 4 │best_pet = "Whiskers"                   │ ◂ cursor (4,19)
 5 │~                                       │
 6 │~                                       │
 7 │~                                       │
 8 │~                                       │
 9 │~                                       │
10 │~                                       │
11 │~                                       │
12 │~                                       │
13 │~                                       │
14 │~                                       │
15 │~                                       │
16 │~                                       │
17 │~                                       │
18 │pet.py [+]            5,20           All│
    ────────────────────────────────────────

[SAY] Whiskers is back. From the small delete register.
[SAY] But D D deletes a whole line. That does NOT go into minus.
[KEYS] 'u'
[OVERLAY] u  undo

              1         2         3         
    0123456789012345678901234567890123456789
    ────────────────────────────────────────
 0 │cat_name = ""                           │
 1 │dog_name = "Buddy"                      │
 2 │fish_name = "Nemo"                      │
 3 │                                        │
 4 │best_pet = ""                           │ ◂ cursor (4,12)
 5 │~                                       │
 6 │~                                       │
 7 │~                                       │
 8 │~                                       │
 9 │~                                       │
10 │~                                       │
11 │~                                       │
12 │~                                       │
13 │~                                       │
14 │~                                       │
15 │~                                       │
16 │~                                       │
17 │~                                       │
18 │pet.py [+]            5,13           All│
19 │1 change; be...6 seconds ago            │
    ────────────────────────────────────────

[KEYS] 'gg'
[OVERLAY] gg  top

              1         2         3         
    0123456789012345678901234567890123456789
    ────────────────────────────────────────
 0 │cat_name = ""                           │ ◂ cursor (0,12)
 1 │dog_name = "Buddy"                      │
 2 │fish_name = "Nemo"                      │
 3 │                                        │
 4 │best_pet = ""                           │
 5 │~                                       │
 6 │~                                       │
 7 │~                                       │
 8 │~                                       │
 9 │~                                       │
10 │~                                       │
11 │~                                       │
12 │~                                       │
13 │~                                       │
14 │~                                       │
15 │~                                       │
16 │~                                       │
17 │~                                       │
18 │pet.py [+]            1,13           All│
19 │1 change; be...6 seconds ago            │
    ────────────────────────────────────────

[KEYS] 'dd'
[OVERLAY] dd  delete line

              1         2         3         
    0123456789012345678901234567890123456789
    ────────────────────────────────────────
 0 │dog_name = "Buddy"                      │ ◂ cursor (0,12)
 1 │fish_name = "Nemo"                      │
 2 │                                        │
 3 │best_pet = ""                           │
 4 │~                                       │
 5 │~                                       │
 6 │~                                       │
 7 │~                                       │
 8 │~                                       │
 9 │~                                       │
10 │~                                       │
11 │~                                       │
12 │~                                       │
13 │~                                       │
14 │~                                       │
15 │~                                       │
16 │~                                       │
17 │~                                       │
18 │pet.py [+]            1,13           All│
19 │1 change; be...6 seconds ago            │
    ────────────────────────────────────────

[SAY] Whole lines go into the numbered registers instead. Quote minus only holds sub-line deletes.
[SAY] Quote minus. The small delete register. Catches any delete smaller than a line.