[RECORDING_START] Screen state at recording start:

              1         2         3         
    0123456789012345678901234567890123456789
    ────────────────────────────────────────
 0 │➜  vimfu                                │ ◂ cursor (0,9)
    ────────────────────────────────────────

[OVERLAY] VimFu — Save and Quit
[SAY] You know colon W saves. And colon Q quits.
[LINE] 'nvim hello.py'

              1         2         3         
    0123456789012345678901234567890123456789
    ────────────────────────────────────────
 0 │➜  vimfu nvim hello.py                  │
    ────────────────────────────────────────

[KEYS] 'i'
[OVERLAY] i  insert

              1         2         3         
    0123456789012345678901234567890123456789
    ────────────────────────────────────────
 0 │                                        │ ◂ cursor (0,0)
 1 │~                                       │
 2 │~                                       │
 3 │~                                       │
 4 │~                                       │
 5 │~                                       │
 6 │~                                       │
 7 │~                                       │
 8 │~                                       │
 9 │~                                       │
10 │~                                       │
11 │~                                       │
12 │~                                       │
13 │~                                       │
14 │~                                       │
15 │~                                       │
16 │~                                       │
17 │~                                       │
18 │hello.py              0,1            All│
19 │-- INSERT --                            │
    ────────────────────────────────────────

[TYPE] 'print("hello")'

              1         2         3         
    0123456789012345678901234567890123456789
    ────────────────────────────────────────
 0 │print("hello")                          │ ◂ cursor (0,14)
 1 │~                                       │
 2 │~                                       │
 3 │~                                       │
 4 │~                                       │
 5 │~                                       │
 6 │~                                       │
 7 │~                                       │
 8 │~                                       │
 9 │~                                       │
10 │~                                       │
11 │~                                       │
12 │~                                       │
13 │~                                       │
14 │~                                       │
15 │~                                       │
16 │~                                       │
17 │~                                       │
18 │hello.py [+]          1,15           All│
19 │-- INSERT --                            │
    ────────────────────────────────────────

[ESCAPE]

              1         2         3         
    0123456789012345678901234567890123456789
    ────────────────────────────────────────
 0 │print("hello")                          │ ◂ cursor (0,13)
 1 │~                                       │
 2 │~                                       │
 3 │~                                       │
 4 │~                                       │
 5 │~                                       │
 6 │~                                       │
 7 │~                                       │
 8 │~                                       │
 9 │~                                       │
10 │~                                       │
11 │~                                       │
12 │~                                       │
13 │~                                       │
14 │~                                       │
15 │~                                       │
16 │~                                       │
17 │~                                       │
18 │hello.py [+]          1,14           All│
    ────────────────────────────────────────

[SAY] Combine them. Colon W Q.
[TYPE] ':wq'

              1         2         3         
    0123456789012345678901234567890123456789
    ────────────────────────────────────────
 0 │print("hello")                          │
 1 │~                                       │
 2 │~                                       │
 3 │~                                       │
 4 │~                                       │
 5 │~                                       │
 6 │~                                       │
 7 │~                                       │
 8 │~                                       │
 9 │~                                       │
10 │~                                       │
11 │~                                       │
12 │~                                       │
13 │~                                       │
14 │~                                       │
15 │~                                       │
16 │~                                       │
17 │~                                       │
18 │hello.py [+]          1,14           All│
19 │:wq                                     │ ◂ cursor (19,3)
    ────────────────────────────────────────

[ENTER]

              1         2         3         
    0123456789012345678901234567890123456789
    ────────────────────────────────────────
 0 │print("hello")                          │
 1 │~                                       │
 2 │~                                       │
 3 │~                                       │
 4 │~                                       │
 5 │~                                       │
 6 │~                                       │
 7 │~                                       │
 8 │~                                       │
 9 │~                                       │
10 │~                                       │
11 │~                                       │
12 │~                                       │
13 │~                                       │
14 │~                                       │
15 │~                                       │
16 │~                                       │
17 │~                                       │
18 │hello.py [+]          1,14           All│
19 │<o.py" [New] 1L, 15B written            │ ◂ cursor (19,28)
    ────────────────────────────────────────

[SAY] Saved and quit in one command.
[SAY] There's a shorter way.
[LINE] 'nvim hello.py'

              1         2         3         
    0123456789012345678901234567890123456789
    ────────────────────────────────────────
 0 │                                        │ ◂ cursor (0,0)
    ────────────────────────────────────────

[KEYS] 'A'
[OVERLAY] ⇧A  append at end

              1         2         3         
    0123456789012345678901234567890123456789
    ────────────────────────────────────────
 0 │print("hello")                          │ ◂ cursor (0,14)
 1 │~                                       │
 2 │~                                       │
 3 │~                                       │
 4 │~                                       │
 5 │~                                       │
 6 │~                                       │
 7 │~                                       │
 8 │~                                       │
 9 │~                                       │
10 │~                                       │
11 │~                                       │
12 │~                                       │
13 │~                                       │
14 │~                                       │
15 │~                                       │
16 │~                                       │
17 │~                                       │
18 │hello.py              1,15           All│
19 │-- INSERT --                            │
    ────────────────────────────────────────

[ENTER]

              1         2         3         
    0123456789012345678901234567890123456789
    ────────────────────────────────────────
 0 │print("hello")                          │
 1 │                                        │ ◂ cursor (1,0)
 2 │~                                       │
 3 │~                                       │
 4 │~                                       │
 5 │~                                       │
 6 │~                                       │
 7 │~                                       │
 8 │~                                       │
 9 │~                                       │
10 │~                                       │
11 │~                                       │
12 │~                                       │
13 │~                                       │
14 │~                                       │
15 │~                                       │
16 │~                                       │
17 │~                                       │
18 │hello.py [+]          2,1            All│
19 │-- INSERT --                            │
    ────────────────────────────────────────

[TYPE] 'print("world")'

              1         2         3         
    0123456789012345678901234567890123456789
    ────────────────────────────────────────
 0 │print("hello")                          │
 1 │print("world")                          │ ◂ cursor (1,14)
 2 │~                                       │
 3 │~                                       │
 4 │~                                       │
 5 │~                                       │
 6 │~                                       │
 7 │~                                       │
 8 │~                                       │
 9 │~                                       │
10 │~                                       │
11 │~                                       │
12 │~                                       │
13 │~                                       │
14 │~                                       │
15 │~                                       │
16 │~                                       │
17 │~                                       │
18 │hello.py [+]          2,15           All│
19 │-- INSERT --                            │
    ────────────────────────────────────────

[ESCAPE]

              1         2         3         
    0123456789012345678901234567890123456789
    ────────────────────────────────────────
 0 │print("hello")                          │
 1 │print("world")                          │ ◂ cursor (1,13)
 2 │~                                       │
 3 │~                                       │
 4 │~                                       │
 5 │~                                       │
 6 │~                                       │
 7 │~                                       │
 8 │~                                       │
 9 │~                                       │
10 │~                                       │
11 │~                                       │
12 │~                                       │
13 │~                                       │
14 │~                                       │
15 │~                                       │
16 │~                                       │
17 │~                                       │
18 │hello.py [+]          2,14           All│
    ────────────────────────────────────────

[SAY] Colon X. Same thing — save and quit.
[TYPE] ':x'

              1         2         3         
    0123456789012345678901234567890123456789
    ────────────────────────────────────────
 0 │print("hello")                          │
 1 │print("world")                          │
 2 │~                                       │
 3 │~                                       │
 4 │~                                       │
 5 │~                                       │
 6 │~                                       │
 7 │~                                       │
 8 │~                                       │
 9 │~                                       │
10 │~                                       │
11 │~                                       │
12 │~                                       │
13 │~                                       │
14 │~                                       │
15 │~                                       │
16 │~                                       │
17 │~                                       │
18 │hello.py [+]          2,14           All│
19 │:x                                      │ ◂ cursor (19,2)
    ────────────────────────────────────────

[ENTER]

              1         2         3         
    0123456789012345678901234567890123456789
    ────────────────────────────────────────
 0 │print("hello")                          │
 1 │print("world")                          │
 2 │~                                       │
 3 │~                                       │
 4 │~                                       │
 5 │~                                       │
 6 │~                                       │
 7 │~                                       │
 8 │~                                       │
 9 │~                                       │
10 │~                                       │
11 │~                                       │
12 │~                                       │
13 │~                                       │
14 │~                                       │
15 │~                                       │
16 │~                                       │
17 │~                                       │
18 │hello.py [+]          2,14           All│
19 │"hello.py" 2L, 30B written              │ ◂ cursor (19,26)
    ────────────────────────────────────────

[SAY] Even faster.
[SAY] One more. No colon needed this time.
[LINE] 'nvim hello.py'

              1         2         3         
    0123456789012345678901234567890123456789
    ────────────────────────────────────────
 0 │                                        │ ◂ cursor (0,0)
    ────────────────────────────────────────

[KEYS] 'o'
[OVERLAY] o  open below

              1         2         3         
    0123456789012345678901234567890123456789
    ────────────────────────────────────────
 0 │print("hello")                          │
 1 │                                        │ ◂ cursor (1,0)
 2 │print("world")                          │
 3 │~                                       │
 4 │~                                       │
 5 │~                                       │
 6 │~                                       │
 7 │~                                       │
 8 │~                                       │
 9 │~                                       │
10 │~                                       │
11 │~                                       │
12 │~                                       │
13 │~                                       │
14 │~                                       │
15 │~                                       │
16 │~                                       │
17 │~                                       │
18 │hello.py [+]          2,1            All│
19 │-- INSERT --                            │
    ────────────────────────────────────────

[TYPE] 'print("done")'

              1         2         3         
    0123456789012345678901234567890123456789
    ────────────────────────────────────────
 0 │print("hello")                          │
 1 │print("done")                           │ ◂ cursor (1,13)
 2 │print("world")                          │
 3 │~                                       │
 4 │~                                       │
 5 │~                                       │
 6 │~                                       │
 7 │~                                       │
 8 │~                                       │
 9 │~                                       │
10 │~                                       │
11 │~                                       │
12 │~                                       │
13 │~                                       │
14 │~                                       │
15 │~                                       │
16 │~                                       │
17 │~                                       │
18 │hello.py [+]          2,14           All│
19 │-- INSERT --                            │
    ────────────────────────────────────────

[ESCAPE]

              1         2         3         
    0123456789012345678901234567890123456789
    ────────────────────────────────────────
 0 │print("hello")                          │
 1 │print("done")                           │ ◂ cursor (1,12)
 2 │print("world")                          │
 3 │~                                       │
 4 │~                                       │
 5 │~                                       │
 6 │~                                       │
 7 │~                                       │
 8 │~                                       │
 9 │~                                       │
10 │~                                       │
11 │~                                       │
12 │~                                       │
13 │~                                       │
14 │~                                       │
15 │~                                       │
16 │~                                       │
17 │~                                       │
18 │hello.py [+]          2,13           All│
    ────────────────────────────────────────

[SAY] Shift Z, Shift Z. Two capital Z's from normal mode.
[KEYS] 'Z'
[OVERLAY] ⇧Z

              1         2         3         
    0123456789012345678901234567890123456789
    ────────────────────────────────────────
 0 │print("hello")                          │
 1 │print("done")                           │ ◂ cursor (1,12)
 2 │print("world")                          │
 3 │~                                       │
 4 │~                                       │
 5 │~                                       │
 6 │~                                       │
 7 │~                                       │
 8 │~                                       │
 9 │~                                       │
10 │~                                       │
11 │~                                       │
12 │~                                       │
13 │~                                       │
14 │~                                       │
15 │~                                       │
16 │~                                       │
17 │~                                       │
18 │hello.py [+]          2,13           All│
19 │                             Z          │
    ────────────────────────────────────────

[KEYS] 'Z'
[OVERLAY] ⇧Z  save & quit

              1         2         3         
    0123456789012345678901234567890123456789
    ────────────────────────────────────────
 0 │print("hello")                          │
 1 │print("done")                           │
 2 │print("world")                          │
 3 │~                                       │
 4 │~                                       │
 5 │~                                       │
 6 │~                                       │
 7 │~                                       │
 8 │~                                       │
 9 │~                                       │
10 │~                                       │
11 │~                                       │
12 │~                                       │
13 │~                                       │
14 │~                                       │
15 │~                                       │
16 │~                                       │
17 │~                                       │
18 │hello.py [+]          2,13           All│
19 │"hello.py" 3L, 44B written              │ ◂ cursor (19,26)
    ────────────────────────────────────────

[SAY] Three ways. Colon W Q. Colon X. Or Z Z. Pick whichever feels right.