[RECORDING_START] Screen state at recording start:

              1         2         3         
    0123456789012345678901234567890123456789
    ────────────────────────────────────────
 0 │host = "http://old-server"              │ ◂ cursor (0,0)
 1 │port = "9999"                           │
 2 │path = "/api/v1/old"                    │
 3 │~                                       │
 4 │~                                       │
 5 │~                                       │
 6 │~                                       │
 7 │~                                       │
 8 │~                                       │
 9 │~                                       │
10 │~                                       │
11 │~                                       │
12 │~                                       │
13 │~                                       │
14 │~                                       │
15 │~                                       │
16 │~                                       │
17 │~                                       │
18 │urls.py               1,1            All│
    ────────────────────────────────────────

[OVERLAY] VimFu — Change to End of Line
[SAY] Capital C deletes to the end and puts you in insert mode.
[SAY] Let's replace this whole URL.
[KEYS] 'f'
[OVERLAY] f  find char

              1         2         3         
    0123456789012345678901234567890123456789
    ────────────────────────────────────────
 0 │host = "http://old-server"              │ ◂ cursor (0,0)
 1 │port = "9999"                           │
 2 │path = "/api/v1/old"                    │
 3 │~                                       │
 4 │~                                       │
 5 │~                                       │
 6 │~                                       │
 7 │~                                       │
 8 │~                                       │
 9 │~                                       │
10 │~                                       │
11 │~                                       │
12 │~                                       │
13 │~                                       │
14 │~                                       │
15 │~                                       │
16 │~                                       │
17 │~                                       │
18 │urls.py               1,1            All│
19 │                             f          │
    ────────────────────────────────────────

[KEYS] 'h'
[OVERLAY] h  left

              1         2         3         
    0123456789012345678901234567890123456789
    ────────────────────────────────────────
 0 │host = "http://old-server"              │ ◂ cursor (0,8)
 1 │port = "9999"                           │
 2 │path = "/api/v1/old"                    │
 3 │~                                       │
 4 │~                                       │
 5 │~                                       │
 6 │~                                       │
 7 │~                                       │
 8 │~                                       │
 9 │~                                       │
10 │~                                       │
11 │~                                       │
12 │~                                       │
13 │~                                       │
14 │~                                       │
15 │~                                       │
16 │~                                       │
17 │~                                       │
18 │urls.py               1,9            All│
    ────────────────────────────────────────

[KEYS] 'C'
[OVERLAY] ⇧C  change to end

              1         2         3         
    0123456789012345678901234567890123456789
    ────────────────────────────────────────
 0 │host = "                                │ ◂ cursor (0,8)
 1 │port = "9999"                           │
 2 │path = "/api/v1/old"                    │
 3 │~                                       │
 4 │~                                       │
 5 │~                                       │
 6 │~                                       │
 7 │~                                       │
 8 │~                                       │
 9 │~                                       │
10 │~                                       │
11 │~                                       │
12 │~                                       │
13 │~                                       │
14 │~                                       │
15 │~                                       │
16 │~                                       │
17 │~                                       │
18 │urls.py [+]           1,9            All│
19 │-- INSERT --                            │
    ────────────────────────────────────────

[TYPE] 'https://new-server"'

              1         2         3         
    0123456789012345678901234567890123456789
    ────────────────────────────────────────
 0 │host = "https://new-server"             │ ◂ cursor (0,27)
 1 │port = "9999"                           │
 2 │path = "/api/v1/old"                    │
 3 │~                                       │
 4 │~                                       │
 5 │~                                       │
 6 │~                                       │
 7 │~                                       │
 8 │~                                       │
 9 │~                                       │
10 │~                                       │
11 │~                                       │
12 │~                                       │
13 │~                                       │
14 │~                                       │
15 │~                                       │
16 │~                                       │
17 │~                                       │
18 │urls.py [+]           1,28           All│
19 │-- INSERT --                            │
    ────────────────────────────────────────

[ESCAPE]

              1         2         3         
    0123456789012345678901234567890123456789
    ────────────────────────────────────────
 0 │host = "https://new-server"             │ ◂ cursor (0,26)
 1 │port = "9999"                           │
 2 │path = "/api/v1/old"                    │
 3 │~                                       │
 4 │~                                       │
 5 │~                                       │
 6 │~                                       │
 7 │~                                       │
 8 │~                                       │
 9 │~                                       │
10 │~                                       │
11 │~                                       │
12 │~                                       │
13 │~                                       │
14 │~                                       │
15 │~                                       │
16 │~                                       │
17 │~                                       │
18 │urls.py [+]           1,27           All│
    ────────────────────────────────────────

[SAY] Everything after the cursor was replaced.
[SAY] Change the port too.
[KEYS] 'j'
[OVERLAY] j  down

              1         2         3         
    0123456789012345678901234567890123456789
    ────────────────────────────────────────
 0 │host = "https://new-server"             │
 1 │port = "9999"                           │ ◂ cursor (1,12)
 2 │path = "/api/v1/old"                    │
 3 │~                                       │
 4 │~                                       │
 5 │~                                       │
 6 │~                                       │
 7 │~                                       │
 8 │~                                       │
 9 │~                                       │
10 │~                                       │
11 │~                                       │
12 │~                                       │
13 │~                                       │
14 │~                                       │
15 │~                                       │
16 │~                                       │
17 │~                                       │
18 │urls.py [+]           2,13           All│
    ────────────────────────────────────────

[KEYS] '0'
[OVERLAY] 0  line start

              1         2         3         
    0123456789012345678901234567890123456789
    ────────────────────────────────────────
 0 │host = "https://new-server"             │
 1 │port = "9999"                           │ ◂ cursor (1,0)
 2 │path = "/api/v1/old"                    │
 3 │~                                       │
 4 │~                                       │
 5 │~                                       │
 6 │~                                       │
 7 │~                                       │
 8 │~                                       │
 9 │~                                       │
10 │~                                       │
11 │~                                       │
12 │~                                       │
13 │~                                       │
14 │~                                       │
15 │~                                       │
16 │~                                       │
17 │~                                       │
18 │urls.py [+]           2,1            All│
    ────────────────────────────────────────

[KEYS] 'f'
[OVERLAY] f  find char

              1         2         3         
    0123456789012345678901234567890123456789
    ────────────────────────────────────────
 0 │host = "https://new-server"             │
 1 │port = "9999"                           │ ◂ cursor (1,0)
 2 │path = "/api/v1/old"                    │
 3 │~                                       │
 4 │~                                       │
 5 │~                                       │
 6 │~                                       │
 7 │~                                       │
 8 │~                                       │
 9 │~                                       │
10 │~                                       │
11 │~                                       │
12 │~                                       │
13 │~                                       │
14 │~                                       │
15 │~                                       │
16 │~                                       │
17 │~                                       │
18 │urls.py [+]           2,1            All│
19 │                             f          │
    ────────────────────────────────────────

[KEYS] '9'
[OVERLAY] 9

              1         2         3         
    0123456789012345678901234567890123456789
    ────────────────────────────────────────
 0 │host = "https://new-server"             │
 1 │port = "9999"                           │ ◂ cursor (1,8)
 2 │path = "/api/v1/old"                    │
 3 │~                                       │
 4 │~                                       │
 5 │~                                       │
 6 │~                                       │
 7 │~                                       │
 8 │~                                       │
 9 │~                                       │
10 │~                                       │
11 │~                                       │
12 │~                                       │
13 │~                                       │
14 │~                                       │
15 │~                                       │
16 │~                                       │
17 │~                                       │
18 │urls.py [+]           2,9            All│
    ────────────────────────────────────────

[KEYS] 'C'
[OVERLAY] ⇧C  change to end

              1         2         3         
    0123456789012345678901234567890123456789
    ────────────────────────────────────────
 0 │host = "https://new-server"             │
 1 │port = "                                │ ◂ cursor (1,8)
 2 │path = "/api/v1/old"                    │
 3 │~                                       │
 4 │~                                       │
 5 │~                                       │
 6 │~                                       │
 7 │~                                       │
 8 │~                                       │
 9 │~                                       │
10 │~                                       │
11 │~                                       │
12 │~                                       │
13 │~                                       │
14 │~                                       │
15 │~                                       │
16 │~                                       │
17 │~                                       │
18 │urls.py [+]           2,9            All│
19 │-- INSERT --                            │
    ────────────────────────────────────────

[TYPE] '8080"'

              1         2         3         
    0123456789012345678901234567890123456789
    ────────────────────────────────────────
 0 │host = "https://new-server"             │
 1 │port = "8080"                           │ ◂ cursor (1,13)
 2 │path = "/api/v1/old"                    │
 3 │~                                       │
 4 │~                                       │
 5 │~                                       │
 6 │~                                       │
 7 │~                                       │
 8 │~                                       │
 9 │~                                       │
10 │~                                       │
11 │~                                       │
12 │~                                       │
13 │~                                       │
14 │~                                       │
15 │~                                       │
16 │~                                       │
17 │~                                       │
18 │urls.py [+]           2,14           All│
19 │-- INSERT --                            │
    ────────────────────────────────────────

[ESCAPE]

              1         2         3         
    0123456789012345678901234567890123456789
    ────────────────────────────────────────
 0 │host = "https://new-server"             │
 1 │port = "8080"                           │ ◂ cursor (1,12)
 2 │path = "/api/v1/old"                    │
 3 │~                                       │
 4 │~                                       │
 5 │~                                       │
 6 │~                                       │
 7 │~                                       │
 8 │~                                       │
 9 │~                                       │
10 │~                                       │
11 │~                                       │
12 │~                                       │
13 │~                                       │
14 │~                                       │
15 │~                                       │
16 │~                                       │
17 │~                                       │
18 │urls.py [+]           2,13           All│
    ────────────────────────────────────────

[SAY] C is D plus insert mode. Delete to end, then type.
[SAY] One more.
[KEYS] 'j'
[OVERLAY] j  down

              1         2         3         
    0123456789012345678901234567890123456789
    ────────────────────────────────────────
 0 │host = "https://new-server"             │
 1 │port = "8080"                           │
 2 │path = "/api/v1/old"                    │ ◂ cursor (2,12)
 3 │~                                       │
 4 │~                                       │
 5 │~                                       │
 6 │~                                       │
 7 │~                                       │
 8 │~                                       │
 9 │~                                       │
10 │~                                       │
11 │~                                       │
12 │~                                       │
13 │~                                       │
14 │~                                       │
15 │~                                       │
16 │~                                       │
17 │~                                       │
18 │urls.py [+]           3,13           All│
    ────────────────────────────────────────

[KEYS] '0'
[OVERLAY] 0  line start

              1         2         3         
    0123456789012345678901234567890123456789
    ────────────────────────────────────────
 0 │host = "https://new-server"             │
 1 │port = "8080"                           │
 2 │path = "/api/v1/old"                    │ ◂ cursor (2,0)
 3 │~                                       │
 4 │~                                       │
 5 │~                                       │
 6 │~                                       │
 7 │~                                       │
 8 │~                                       │
 9 │~                                       │
10 │~                                       │
11 │~                                       │
12 │~                                       │
13 │~                                       │
14 │~                                       │
15 │~                                       │
16 │~                                       │
17 │~                                       │
18 │urls.py [+]           3,1            All│
    ────────────────────────────────────────

[KEYS] 'f'
[OVERLAY] f  find char

              1         2         3         
    0123456789012345678901234567890123456789
    ────────────────────────────────────────
 0 │host = "https://new-server"             │
 1 │port = "8080"                           │
 2 │path = "/api/v1/old"                    │ ◂ cursor (2,0)
 3 │~                                       │
 4 │~                                       │
 5 │~                                       │
 6 │~                                       │
 7 │~                                       │
 8 │~                                       │
 9 │~                                       │
10 │~                                       │
11 │~                                       │
12 │~                                       │
13 │~                                       │
14 │~                                       │
15 │~                                       │
16 │~                                       │
17 │~                                       │
18 │urls.py [+]           3,1            All│
19 │                             f          │
    ────────────────────────────────────────

[KEYS] '/'
[OVERLAY] /  search

              1         2         3         
    0123456789012345678901234567890123456789
    ────────────────────────────────────────
 0 │host = "https://new-server"             │
 1 │port = "8080"                           │
 2 │path = "/api/v1/old"                    │ ◂ cursor (2,8)
 3 │~                                       │
 4 │~                                       │
 5 │~                                       │
 6 │~                                       │
 7 │~                                       │
 8 │~                                       │
 9 │~                                       │
10 │~                                       │
11 │~                                       │
12 │~                                       │
13 │~                                       │
14 │~                                       │
15 │~                                       │
16 │~                                       │
17 │~                                       │
18 │urls.py [+]           3,9            All│
    ────────────────────────────────────────

[KEYS] 'C'
[OVERLAY] ⇧C  change to end

              1         2         3         
    0123456789012345678901234567890123456789
    ────────────────────────────────────────
 0 │host = "https://new-server"             │
 1 │port = "8080"                           │
 2 │path = "                                │ ◂ cursor (2,8)
 3 │~                                       │
 4 │~                                       │
 5 │~                                       │
 6 │~                                       │
 7 │~                                       │
 8 │~                                       │
 9 │~                                       │
10 │~                                       │
11 │~                                       │
12 │~                                       │
13 │~                                       │
14 │~                                       │
15 │~                                       │
16 │~                                       │
17 │~                                       │
18 │urls.py [+]           3,9            All│
19 │-- INSERT --                            │
    ────────────────────────────────────────

[TYPE] '/api/v2/new"'

              1         2         3         
    0123456789012345678901234567890123456789
    ────────────────────────────────────────
 0 │host = "https://new-server"             │
 1 │port = "8080"                           │
 2 │path = "/api/v2/new"                    │ ◂ cursor (2,20)
 3 │~                                       │
 4 │~                                       │
 5 │~                                       │
 6 │~                                       │
 7 │~                                       │
 8 │~                                       │
 9 │~                                       │
10 │~                                       │
11 │~                                       │
12 │~                                       │
13 │~                                       │
14 │~                                       │
15 │~                                       │
16 │~                                       │
17 │~                                       │
18 │urls.py [+]           3,21           All│
19 │-- INSERT --                            │
    ────────────────────────────────────────

[ESCAPE]

              1         2         3         
    0123456789012345678901234567890123456789
    ────────────────────────────────────────
 0 │host = "https://new-server"             │
 1 │port = "8080"                           │
 2 │path = "/api/v2/new"                    │ ◂ cursor (2,19)
 3 │~                                       │
 4 │~                                       │
 5 │~                                       │
 6 │~                                       │
 7 │~                                       │
 8 │~                                       │
 9 │~                                       │
10 │~                                       │
11 │~                                       │
12 │~                                       │
13 │~                                       │
14 │~                                       │
15 │~                                       │
16 │~                                       │
17 │~                                       │
18 │urls.py [+]           3,20           All│
    ────────────────────────────────────────

[SAY] Capital C. Change to the end of the line.