[RECORDING_START] Screen state at recording start:

              1         2         3         
    0123456789012345678901234567890123456789
    ────────────────────────────────────────
 0 │shade = "brue"                          │ ◂ cursor (0,0)
 1 │gems = 3                                │
 2 │hp = 1O0                                │
 3 │mix("herbs") heat(350)                  │
 4 │                                        │
 5 │def brew():                             │
 6 │    return "potion"                     │
 7 │~                                       │
 8 │~                                       │
 9 │~                                       │
10 │~                                       │
11 │~                                       │
12 │~                                       │
13 │~                                       │
14 │~                                       │
15 │~                                       │
16 │~                                       │
17 │~                                       │
18 │potion.py             1,1            All│
    ────────────────────────────────────────

[OVERLAY] VimFu — Single Replace
[SAY] Lowercase R replaces one character. You stay in normal mode. No Escape needed.
[SAY] This says brue. Should be blue. Just one letter off.
[KEYS] 'fr'
[OVERLAY] fr

              1         2         3         
    0123456789012345678901234567890123456789
    ────────────────────────────────────────
 0 │shade = "brue"                          │ ◂ cursor (0,10)
 1 │gems = 3                                │
 2 │hp = 1O0                                │
 3 │mix("herbs") heat(350)                  │
 4 │                                        │
 5 │def brew():                             │
 6 │    return "potion"                     │
 7 │~                                       │
 8 │~                                       │
 9 │~                                       │
10 │~                                       │
11 │~                                       │
12 │~                                       │
13 │~                                       │
14 │~                                       │
15 │~                                       │
16 │~                                       │
17 │~                                       │
18 │potion.py             1,11           All│
    ────────────────────────────────────────

[SAY] Cursor on the R. Lowercase R, then L.
[KEYS] 'r'
[OVERLAY] r  replace char

              1         2         3         
    0123456789012345678901234567890123456789
    ────────────────────────────────────────
 0 │shade = "brue"                          │ ◂ cursor (0,10)
 1 │gems = 3                                │
 2 │hp = 1O0                                │
 3 │mix("herbs") heat(350)                  │
 4 │                                        │
 5 │def brew():                             │
 6 │    return "potion"                     │
 7 │~                                       │
 8 │~                                       │
 9 │~                                       │
10 │~                                       │
11 │~                                       │
12 │~                                       │
13 │~                                       │
14 │~                                       │
15 │~                                       │
16 │~                                       │
17 │~                                       │
18 │potion.py             1,11           All│
19 │                             r          │
    ────────────────────────────────────────

[KEYS] 'l'
[OVERLAY] l  with l

              1         2         3         
    0123456789012345678901234567890123456789
    ────────────────────────────────────────
 0 │shade = "blue"                          │ ◂ cursor (0,10)
 1 │gems = 3                                │
 2 │hp = 1O0                                │
 3 │mix("herbs") heat(350)                  │
 4 │                                        │
 5 │def brew():                             │
 6 │    return "potion"                     │
 7 │~                                       │
 8 │~                                       │
 9 │~                                       │
10 │~                                       │
11 │~                                       │
12 │~                                       │
13 │~                                       │
14 │~                                       │
15 │~                                       │
16 │~                                       │
17 │~                                       │
18 │potion.py [+]         1,11           All│
    ────────────────────────────────────────

[SAY] Blue. One keystroke, still in normal mode.
[SAY] Line three. H P equals one-capital-O-zero. That O should be a zero.
[KEYS] '2j'
[OVERLAY] 2j

              1         2         3         
    0123456789012345678901234567890123456789
    ────────────────────────────────────────
 0 │shade = "blue"                          │
 1 │gems = 3                                │
 2 │hp = 1O0                                │ ◂ cursor (2,7)
 3 │mix("herbs") heat(350)                  │
 4 │                                        │
 5 │def brew():                             │
 6 │    return "potion"                     │
 7 │~                                       │
 8 │~                                       │
 9 │~                                       │
10 │~                                       │
11 │~                                       │
12 │~                                       │
13 │~                                       │
14 │~                                       │
15 │~                                       │
16 │~                                       │
17 │~                                       │
18 │potion.py [+]         3,8            All│
    ────────────────────────────────────────

[KEYS] '0'
[OVERLAY] 0

              1         2         3         
    0123456789012345678901234567890123456789
    ────────────────────────────────────────
 0 │shade = "blue"                          │
 1 │gems = 3                                │
 2 │hp = 1O0                                │ ◂ cursor (2,0)
 3 │mix("herbs") heat(350)                  │
 4 │                                        │
 5 │def brew():                             │
 6 │    return "potion"                     │
 7 │~                                       │
 8 │~                                       │
 9 │~                                       │
10 │~                                       │
11 │~                                       │
12 │~                                       │
13 │~                                       │
14 │~                                       │
15 │~                                       │
16 │~                                       │
17 │~                                       │
18 │potion.py [+]         3,1            All│
    ────────────────────────────────────────

[KEYS] 'fO'
[OVERLAY] fO

              1         2         3         
    0123456789012345678901234567890123456789
    ────────────────────────────────────────
 0 │shade = "blue"                          │
 1 │gems = 3                                │
 2 │hp = 1O0                                │ ◂ cursor (2,6)
 3 │mix("herbs") heat(350)                  │
 4 │                                        │
 5 │def brew():                             │
 6 │    return "potion"                     │
 7 │~                                       │
 8 │~                                       │
 9 │~                                       │
10 │~                                       │
11 │~                                       │
12 │~                                       │
13 │~                                       │
14 │~                                       │
15 │~                                       │
16 │~                                       │
17 │~                                       │
18 │potion.py [+]         3,7            All│
    ────────────────────────────────────────

[KEYS] 'r'
[OVERLAY] r  replace char

              1         2         3         
    0123456789012345678901234567890123456789
    ────────────────────────────────────────
 0 │shade = "blue"                          │
 1 │gems = 3                                │
 2 │hp = 1O0                                │ ◂ cursor (2,6)
 3 │mix("herbs") heat(350)                  │
 4 │                                        │
 5 │def brew():                             │
 6 │    return "potion"                     │
 7 │~                                       │
 8 │~                                       │
 9 │~                                       │
10 │~                                       │
11 │~                                       │
12 │~                                       │
13 │~                                       │
14 │~                                       │
15 │~                                       │
16 │~                                       │
17 │~                                       │
18 │potion.py [+]         3,7            All│
19 │                             r          │
    ────────────────────────────────────────

[KEYS] '0'
[OVERLAY] 0  with zero

              1         2         3         
    0123456789012345678901234567890123456789
    ────────────────────────────────────────
 0 │shade = "blue"                          │
 1 │gems = 3                                │
 2 │hp = 100                                │ ◂ cursor (2,6)
 3 │mix("herbs") heat(350)                  │
 4 │                                        │
 5 │def brew():                             │
 6 │    return "potion"                     │
 7 │~                                       │
 8 │~                                       │
 9 │~                                       │
10 │~                                       │
11 │~                                       │
12 │~                                       │
13 │~                                       │
14 │~                                       │
15 │~                                       │
16 │~                                       │
17 │~                                       │
18 │potion.py [+]         3,7            All│
    ────────────────────────────────────────

[SAY] One hundred. Fixed.
[SAY] Here's a useful trick. Two calls crammed on one line.
[KEYS] 'j'
[OVERLAY] j

              1         2         3         
    0123456789012345678901234567890123456789
    ────────────────────────────────────────
 0 │shade = "blue"                          │
 1 │gems = 3                                │
 2 │hp = 100                                │
 3 │mix("herbs") heat(350)                  │ ◂ cursor (3,6)
 4 │                                        │
 5 │def brew():                             │
 6 │    return "potion"                     │
 7 │~                                       │
 8 │~                                       │
 9 │~                                       │
10 │~                                       │
11 │~                                       │
12 │~                                       │
13 │~                                       │
14 │~                                       │
15 │~                                       │
16 │~                                       │
17 │~                                       │
18 │potion.py [+]         4,7            All│
    ────────────────────────────────────────

[KEYS] 'f '
[OVERLAY] f␣

              1         2         3         
    0123456789012345678901234567890123456789
    ────────────────────────────────────────
 0 │shade = "blue"                          │
 1 │gems = 3                                │
 2 │hp = 100                                │
 3 │mix("herbs") heat(350)                  │ ◂ cursor (3,12)
 4 │                                        │
 5 │def brew():                             │
 6 │    return "potion"                     │
 7 │~                                       │
 8 │~                                       │
 9 │~                                       │
10 │~                                       │
11 │~                                       │
12 │~                                       │
13 │~                                       │
14 │~                                       │
15 │~                                       │
16 │~                                       │
17 │~                                       │
18 │potion.py [+]         4,13           All│
    ────────────────────────────────────────

[SAY] Cursor on the space. R, then Enter.
[KEYS] 'r'
[OVERLAY] r  replace char

              1         2         3         
    0123456789012345678901234567890123456789
    ────────────────────────────────────────
 0 │shade = "blue"                          │
 1 │gems = 3                                │
 2 │hp = 100                                │
 3 │mix("herbs") heat(350)                  │ ◂ cursor (3,12)
 4 │                                        │
 5 │def brew():                             │
 6 │    return "potion"                     │
 7 │~                                       │
 8 │~                                       │
 9 │~                                       │
10 │~                                       │
11 │~                                       │
12 │~                                       │
13 │~                                       │
14 │~                                       │
15 │~                                       │
16 │~                                       │
17 │~                                       │
18 │potion.py [+]         4,13           All│
19 │                             r          │
    ────────────────────────────────────────

[ENTER]

              1         2         3         
    0123456789012345678901234567890123456789
    ────────────────────────────────────────
 0 │shade = "blue"                          │
 1 │gems = 3                                │
 2 │hp = 100                                │
 3 │mix("herbs")                            │
 4 │heat(350)                               │ ◂ cursor (4,0)
 5 │                                        │
 6 │def brew():                             │
 7 │    return "potion"                     │
 8 │~                                       │
 9 │~                                       │
10 │~                                       │
11 │~                                       │
12 │~                                       │
13 │~                                       │
14 │~                                       │
15 │~                                       │
16 │~                                       │
17 │~                                       │
18 │potion.py [+]         5,1            All│
    ────────────────────────────────────────

[SAY] The space became a newline. Two separate lines now.
[SAY] R replaces one character and stays in normal mode. Even Enter works — perfect for breaking lines.