[RECORDING_START] Screen state at recording start:

              1         2         3         
    0123456789012345678901234567890123456789
    ────────────────────────────────────────
 0 │The dragon sleeps in the cave.  It      │ ◂ cursor (0,0)
 1 │guards a pile of gold.  No hero has     │
 2 │survived the attempt.                   │
 3 │                                        │
 4 │Legend says a silver sword can slay     │
 5 │it.  The sword was lost long ago.       │
 6 │~                                       │
 7 │~                                       │
 8 │~                                       │
 9 │~                                       │
10 │~                                       │
11 │~                                       │
12 │~                                       │
13 │~                                       │
14 │~                                       │
15 │~                                       │
16 │~                                       │
17 │~                                       │
18 │lore.txt              1,1            All│
    ────────────────────────────────────────

[OVERLAY] VimFu — Inner/Around Sentence
[SAY] Sentence text objects act on a full sentence. Vim knows where sentences end.
[SAY] V I S to select the first sentence.
[KEYS] 'vis'
[OVERLAY] vis

              1         2         3         
    0123456789012345678901234567890123456789
    ────────────────────────────────────────
 0 │The dragon sleeps in the cave.  It      │ ◂ cursor (0,29)
 1 │guards a pile of gold.  No hero has     │
 2 │survived the attempt.                   │
 3 │                                        │
 4 │Legend says a silver sword can slay     │
 5 │it.  The sword was lost long ago.       │
 6 │~                                       │
 7 │~                                       │
 8 │~                                       │
 9 │~                                       │
10 │~                                       │
11 │~                                       │
12 │~                                       │
13 │~                                       │
14 │~                                       │
15 │~                                       │
16 │~                                       │
17 │~                                       │
18 │lore.txt              1,30           All│
19 │-- VISUAL --                 30         │
    ────────────────────────────────────────
[HIGHLIGHT] row 0, cols 0-29: "The dragon sleeps in the cave"

[SAY] The whole sentence is highlighted. Escape.
[ESCAPE]

              1         2         3         
    0123456789012345678901234567890123456789
    ────────────────────────────────────────
 0 │The dragon sleeps in the cave.  It      │ ◂ cursor (0,29)
 1 │guards a pile of gold.  No hero has     │
 2 │survived the attempt.                   │
 3 │                                        │
 4 │Legend says a silver sword can slay     │
 5 │it.  The sword was lost long ago.       │
 6 │~                                       │
 7 │~                                       │
 8 │~                                       │
 9 │~                                       │
10 │~                                       │
11 │~                                       │
12 │~                                       │
13 │~                                       │
14 │~                                       │
15 │~                                       │
16 │~                                       │
17 │~                                       │
18 │lore.txt              1,30           All│
    ────────────────────────────────────────

[SAY] Move into the second sentence. D A S to delete it cleanly.
[KEYS] ')'
[OVERLAY] ⇧)  next sentence

              1         2         3         
    0123456789012345678901234567890123456789
    ────────────────────────────────────────
 0 │The dragon sleeps in the cave.  It      │ ◂ cursor (0,32)
 1 │guards a pile of gold.  No hero has     │
 2 │survived the attempt.                   │
 3 │                                        │
 4 │Legend says a silver sword can slay     │
 5 │it.  The sword was lost long ago.       │
 6 │~                                       │
 7 │~                                       │
 8 │~                                       │
 9 │~                                       │
10 │~                                       │
11 │~                                       │
12 │~                                       │
13 │~                                       │
14 │~                                       │
15 │~                                       │
16 │~                                       │
17 │~                                       │
18 │lore.txt              1,33           All│
    ────────────────────────────────────────

[KEYS] 'das'
[OVERLAY] das  delete a sentence

              1         2         3         
    0123456789012345678901234567890123456789
    ────────────────────────────────────────
 0 │The dragon sleeps in the cave.  No hero │ ◂ cursor (0,32)
 1 │has                                     │
 2 │survived the attempt.                   │
 3 │                                        │
 4 │Legend says a silver sword can slay     │
 5 │it.  The sword was lost long ago.       │
 6 │~                                       │
 7 │~                                       │
 8 │~                                       │
 9 │~                                       │
10 │~                                       │
11 │~                                       │
12 │~                                       │
13 │~                                       │
14 │~                                       │
15 │~                                       │
16 │~                                       │
17 │~                                       │
18 │lore.txt [+]          1,33           All│
    ────────────────────────────────────────

[SAY] The sentence and its trailing space are gone. Text reflows naturally.
[SAY] Undo.
[KEYS] 'u'
[OVERLAY] u  undo

              1         2         3         
    0123456789012345678901234567890123456789
    ────────────────────────────────────────
 0 │The dragon sleeps in the cave.  It      │ ◂ cursor (0,32)
 1 │guards a pile of gold.  No hero has     │
 2 │survived the attempt.                   │
 3 │                                        │
 4 │Legend says a silver sword can slay     │
 5 │it.  The sword was lost long ago.       │
 6 │~                                       │
 7 │~                                       │
 8 │~                                       │
 9 │~                                       │
10 │~                                       │
11 │~                                       │
12 │~                                       │
13 │~                                       │
14 │~                                       │
15 │~                                       │
16 │~                                       │
17 │~                                       │
18 │lore.txt              1,33           All│
19 │1 more line;...7 seconds ago            │
    ────────────────────────────────────────

[SAY] C I S to rewrite the first sentence.
[KEYS] 'gg0'
[OVERLAY] gg0

              1         2         3         
    0123456789012345678901234567890123456789
    ────────────────────────────────────────
 0 │The dragon sleeps in the cave.  It      │ ◂ cursor (0,0)
 1 │guards a pile of gold.  No hero has     │
 2 │survived the attempt.                   │
 3 │                                        │
 4 │Legend says a silver sword can slay     │
 5 │it.  The sword was lost long ago.       │
 6 │~                                       │
 7 │~                                       │
 8 │~                                       │
 9 │~                                       │
10 │~                                       │
11 │~                                       │
12 │~                                       │
13 │~                                       │
14 │~                                       │
15 │~                                       │
16 │~                                       │
17 │~                                       │
18 │lore.txt              1,1            All│
19 │1 more line;...7 seconds ago            │
    ────────────────────────────────────────

[KEYS] 'cis'
[OVERLAY] cis  change inner sentence

              1         2         3         
    0123456789012345678901234567890123456789
    ────────────────────────────────────────
 0 │  It                                    │ ◂ cursor (0,0)
 1 │guards a pile of gold.  No hero has     │
 2 │survived the attempt.                   │
 3 │                                        │
 4 │Legend says a silver sword can slay     │
 5 │it.  The sword was lost long ago.       │
 6 │~                                       │
 7 │~                                       │
 8 │~                                       │
 9 │~                                       │
10 │~                                       │
11 │~                                       │
12 │~                                       │
13 │~                                       │
14 │~                                       │
15 │~                                       │
16 │~                                       │
17 │~                                       │
18 │lore.txt [+]          1,1            All│
19 │-- INSERT --                            │
    ────────────────────────────────────────

[TYPE] 'A wyvern nests on the peak.'

              1         2         3         
    0123456789012345678901234567890123456789
    ────────────────────────────────────────
 0 │A wyvern nests on the peak.  It         │ ◂ cursor (0,27)
 1 │guards a pile of gold.  No hero has     │
 2 │survived the attempt.                   │
 3 │                                        │
 4 │Legend says a silver sword can slay     │
 5 │it.  The sword was lost long ago.       │
 6 │~                                       │
 7 │~                                       │
 8 │~                                       │
 9 │~                                       │
10 │~                                       │
11 │~                                       │
12 │~                                       │
13 │~                                       │
14 │~                                       │
15 │~                                       │
16 │~                                       │
17 │~                                       │
18 │lore.txt [+]          1,28           All│
19 │-- INSERT --                            │
    ────────────────────────────────────────

[ESCAPE]

              1         2         3         
    0123456789012345678901234567890123456789
    ────────────────────────────────────────
 0 │A wyvern nests on the peak.  It         │ ◂ cursor (0,26)
 1 │guards a pile of gold.  No hero has     │
 2 │survived the attempt.                   │
 3 │                                        │
 4 │Legend says a silver sword can slay     │
 5 │it.  The sword was lost long ago.       │
 6 │~                                       │
 7 │~                                       │
 8 │~                                       │
 9 │~                                       │
10 │~                                       │
11 │~                                       │
12 │~                                       │
13 │~                                       │
14 │~                                       │
15 │~                                       │
16 │~                                       │
17 │~                                       │
18 │lore.txt [+]          1,27           All│
    ────────────────────────────────────────

[SAY] One sentence replaced, the rest untouched.
[SAY] Undo.
[KEYS] 'u'
[OVERLAY] u  undo

              1         2         3         
    0123456789012345678901234567890123456789
    ────────────────────────────────────────
 0 │The dragon sleeps in the cave.  It      │ ◂ cursor (0,0)
 1 │guards a pile of gold.  No hero has     │
 2 │survived the attempt.                   │
 3 │                                        │
 4 │Legend says a silver sword can slay     │
 5 │it.  The sword was lost long ago.       │
 6 │~                                       │
 7 │~                                       │
 8 │~                                       │
 9 │~                                       │
10 │~                                       │
11 │~                                       │
12 │~                                       │
13 │~                                       │
14 │~                                       │
15 │~                                       │
16 │~                                       │
17 │~                                       │
18 │lore.txt              1,1            All│
19 │1 change; be...8 seconds ago            │
    ────────────────────────────────────────

[SAY] I S for just the sentence. A S for the sentence plus spacing. Vim splits on period, exclamation, or question mark followed by space.