[RECORDING_START] Screen state at recording start:

              1         2         3         
    0123456789012345678901234567890123456789
    ────────────────────────────────────────
 0 │# Demo                                  │ ◂ cursor (0,0)
 1 │a =                                     │
 2 │b =                                     │
 3 │c =                                     │
 4 │~                                       │
 5 │~                                       │
 6 │~                                       │
 7 │~                                       │
 8 │~                                       │
 9 │~                                       │
10 │~                                       │
11 │~                                       │
12 │~                                       │
13 │~                                       │
14 │~                                       │
15 │~                                       │
16 │~                                       │
17 │~                                       │
18 │demo.py               1,1            All│
    ────────────────────────────────────────

[OVERLAY] VimFu — Ctrl-@ — Insert + Leave
[SAY] {key:Ctrl-@} does two things. It inserts the previously typed text, then immediately leaves insert mode.
[SAY] Type a value on line two first.
[KEYS] 'jA'
[OVERLAY] jA  append

              1         2         3         
    0123456789012345678901234567890123456789
    ────────────────────────────────────────
 0 │# Demo                                  │
 1 │a =                                     │ ◂ cursor (1,4)
 2 │b =                                     │
 3 │c =                                     │
 4 │~                                       │
 5 │~                                       │
 6 │~                                       │
 7 │~                                       │
 8 │~                                       │
 9 │~                                       │
10 │~                                       │
11 │~                                       │
12 │~                                       │
13 │~                                       │
14 │~                                       │
15 │~                                       │
16 │~                                       │
17 │~                                       │
18 │demo.py               2,5            All│
19 │-- INSERT --                            │
    ────────────────────────────────────────

[TYPE] '42'

              1         2         3         
    0123456789012345678901234567890123456789
    ────────────────────────────────────────
 0 │# Demo                                  │
 1 │a = 42                                  │ ◂ cursor (1,6)
 2 │b =                                     │
 3 │c =                                     │
 4 │~                                       │
 5 │~                                       │
 6 │~                                       │
 7 │~                                       │
 8 │~                                       │
 9 │~                                       │
10 │~                                       │
11 │~                                       │
12 │~                                       │
13 │~                                       │
14 │~                                       │
15 │~                                       │
16 │~                                       │
17 │~                                       │
18 │demo.py [+]           2,7            All│
19 │-- INSERT --                            │
    ────────────────────────────────────────

[ESCAPE]

              1         2         3         
    0123456789012345678901234567890123456789
    ────────────────────────────────────────
 0 │# Demo                                  │
 1 │a = 42                                  │ ◂ cursor (1,5)
 2 │b =                                     │
 3 │c =                                     │
 4 │~                                       │
 5 │~                                       │
 6 │~                                       │
 7 │~                                       │
 8 │~                                       │
 9 │~                                       │
10 │~                                       │
11 │~                                       │
12 │~                                       │
13 │~                                       │
14 │~                                       │
15 │~                                       │
16 │~                                       │
17 │~                                       │
18 │demo.py [+]           2,6            All│
    ────────────────────────────────────────

[SAY] Now on line three. Enter insert and use {key:Ctrl-@}.
[KEYS] 'jA'
[OVERLAY] jA  append

              1         2         3         
    0123456789012345678901234567890123456789
    ────────────────────────────────────────
 0 │# Demo                                  │
 1 │a = 42                                  │
 2 │b =                                     │ ◂ cursor (2,4)
 3 │c =                                     │
 4 │~                                       │
 5 │~                                       │
 6 │~                                       │
 7 │~                                       │
 8 │~                                       │
 9 │~                                       │
10 │~                                       │
11 │~                                       │
12 │~                                       │
13 │~                                       │
14 │~                                       │
15 │~                                       │
16 │~                                       │
17 │~                                       │
18 │demo.py [+]           3,5            All│
19 │-- INSERT --                            │
    ────────────────────────────────────────

[CTRL] @
[OVERLAY] ⌃@  insert + leave

              1         2         3         
    0123456789012345678901234567890123456789
    ────────────────────────────────────────
 0 │# Demo                                  │
 1 │a = 42                                  │
 2 │b = 42                                  │ ◂ cursor (2,5)
 3 │c =                                     │
 4 │~                                       │
 5 │~                                       │
 6 │~                                       │
 7 │~                                       │
 8 │~                                       │
 9 │~                                       │
10 │~                                       │
11 │~                                       │
12 │~                                       │
13 │~                                       │
14 │~                                       │
15 │~                                       │
16 │~                                       │
17 │~                                       │
18 │demo.py [+]           3,6            All│
    ────────────────────────────────────────

[SAY] Forty-two inserted and back in normal mode. One keystroke did both.
[SAY] {key:Ctrl-@}. Insert previously typed text and leave insert mode. A combo move for quick repetition.