[RECORDING_START] Screen state at recording start:

              1         2         3         
    0123456789012345678901234567890123456789
    ────────────────────────────────────────
 0 │The brav knight rode into               │ ◂ cursor (0,0)
 1 │the darkk forest. His sowrd             │
 2 │glowed with enchantd light.             │
 3 │Victory was certan.                     │
 4 │~                                       │
 5 │~                                       │
 6 │~                                       │
 7 │~                                       │
 8 │~                                       │
 9 │~                                       │
10 │~                                       │
11 │~                                       │
12 │~                                       │
13 │~                                       │
14 │~                                       │
15 │~                                       │
16 │~                                       │
17 │~                                       │
18 │~                                       │
19 │~                                       │
20 │~                                       │
21 │~                                       │
22 │story.txt             1,1            All│
    ────────────────────────────────────────

[OVERLAY] VimFu — z= — Spelling Suggestions
[SAY] Z equals shows spelling suggestions for the word under the cursor. A count up front skips the menu and picks directly.
[SAY] Brav on line one is misspelled. Press Z equals to see the suggestion menu.
[KEYS] 'w'
[OVERLAY] w  next word

              1         2         3         
    0123456789012345678901234567890123456789
    ────────────────────────────────────────
 0 │The brav knight rode into               │ ◂ cursor (0,4)
 1 │the darkk forest. His sowrd             │
 2 │glowed with enchantd light.             │
 3 │Victory was certan.                     │
 4 │~                                       │
 5 │~                                       │
 6 │~                                       │
 7 │~                                       │
 8 │~                                       │
 9 │~                                       │
10 │~                                       │
11 │~                                       │
12 │~                                       │
13 │~                                       │
14 │~                                       │
15 │~                                       │
16 │~                                       │
17 │~                                       │
18 │~                                       │
19 │~                                       │
20 │~                                       │
21 │~                                       │
22 │story.txt             1,5            All│
    ────────────────────────────────────────

[KEYS] 'z='
[OVERLAY] z=  suggestion menu

              1         2         3         
    0123456789012345678901234567890123456789
    ────────────────────────────────────────
 0 │The brav knight rode into               │
 1 │the darkk forest. His sowrd             │
 2 │glowed with enchantd light.             │
 3 │Victory was certan.                     │
 4 │~                                       │
 5 │~                                       │
 6 │~                                       │
 7 │~                                       │
 8 │~                                       │
 9 │~                                       │
10 │~                                       │
11 │                                        │
12 │Change "brav" to:                       │
13 │ 1 "brave"                              │
14 │ 2 "bravo"                              │
15 │ 3 "brad"                               │
16 │ 4 "brag"                               │
17 │ 5 "bran"                               │
18 │ 6 "bras"                               │
19 │ 7 "brat"                               │
20 │ 8 "brae"                               │
21 │ 9 "bray"                               │
22 │Type number and <Enter> or click with th│
23 │e mouse (q or empty cancels):           │ ◂ cursor (23,30)
    ────────────────────────────────────────

[SAY] A numbered list of candidates. Type the number and enter to pick one. One for brave.
[TYPE] '1'

              1         2         3         
    0123456789012345678901234567890123456789
    ────────────────────────────────────────
 0 │The brav knight rode into               │
 1 │the darkk forest. His sowrd             │
 2 │glowed with enchantd light.             │
 3 │Victory was certan.                     │
 4 │~                                       │
 5 │~                                       │
 6 │~                                       │
 7 │~                                       │
 8 │~                                       │
 9 │~                                       │
10 │~                                       │
11 │                                        │
12 │Change "brav" to:                       │
13 │ 1 "brave"                              │
14 │ 2 "bravo"                              │
15 │ 3 "brad"                               │
16 │ 4 "brag"                               │
17 │ 5 "bran"                               │
18 │ 6 "bras"                               │
19 │ 7 "brat"                               │
20 │ 8 "brae"                               │
21 │ 9 "bray"                               │
22 │Type number and <Enter> or click with th│
23 │e mouse (q or empty cancels): 1         │ ◂ cursor (23,31)
    ────────────────────────────────────────

[ENTER]

              1         2         3         
    0123456789012345678901234567890123456789
    ────────────────────────────────────────
 0 │The brave knight rode into              │ ◂ cursor (0,4)
 1 │the darkk forest. His sowrd             │
 2 │glowed with enchantd light.             │
 3 │Victory was certan.                     │
 4 │~                                       │
 5 │~                                       │
 6 │~                                       │
 7 │~                                       │
 8 │~                                       │
 9 │~                                       │
10 │~                                       │
11 │~                                       │
12 │~                                       │
13 │~                                       │
14 │~                                       │
15 │~                                       │
16 │~                                       │
17 │~                                       │
18 │~                                       │
19 │~                                       │
20 │~                                       │
21 │~                                       │
22 │story.txt [+]         1,5            All│
    ────────────────────────────────────────

[SAY] Fixed. Brav is now brave.
[SAY] Power-user shortcut: prefix with the number to auto-pick without seeing the menu. One Z equals.
[KEYS] 'j'
[OVERLAY] j  next line

              1         2         3         
    0123456789012345678901234567890123456789
    ────────────────────────────────────────
 0 │The brave knight rode into              │
 1 │the darkk forest. His sowrd             │ ◂ cursor (1,4)
 2 │glowed with enchantd light.             │
 3 │Victory was certan.                     │
 4 │~                                       │
 5 │~                                       │
 6 │~                                       │
 7 │~                                       │
 8 │~                                       │
 9 │~                                       │
10 │~                                       │
11 │~                                       │
12 │~                                       │
13 │~                                       │
14 │~                                       │
15 │~                                       │
16 │~                                       │
17 │~                                       │
18 │~                                       │
19 │~                                       │
20 │~                                       │
21 │~                                       │
22 │story.txt [+]         2,5            All│
    ────────────────────────────────────────

[KEYS] '1z='
[OVERLAY] 1z=  auto-pick first

              1         2         3         
    0123456789012345678901234567890123456789
    ────────────────────────────────────────
 0 │The brave knight rode into              │
 1 │the dark forest. His sowrd              │ ◂ cursor (1,4)
 2 │glowed with enchantd light.             │
 3 │Victory was certan.                     │
 4 │~                                       │
 5 │~                                       │
 6 │~                                       │
 7 │~                                       │
 8 │~                                       │
 9 │~                                       │
10 │~                                       │
11 │~                                       │
12 │~                                       │
13 │~                                       │
14 │~                                       │
15 │~                                       │
16 │~                                       │
17 │~                                       │
18 │~                                       │
19 │~                                       │
20 │~                                       │
21 │~                                       │
22 │story.txt [+]         2,5            All│
    ────────────────────────────────────────

[SAY] Z equals for the menu. Count Z equals to skip it. Spell check built right into Vim.