[RECORDING_START] Screen state at recording start:

              1         2         3         
    0123456789012345678901234567890123456789
    ────────────────────────────────────────
 0 │def main():                             │ ◂ cursor (0,0)
 1 │    print("hi")                         │
 2 │    return 0                            │
 3 │                                        │
 4 │main()                                  │
 5 │~                                       │
 6 │~                                       │
 7 │~                                       │
 8 │~                                       │
 9 │~                                       │
10 │~                                       │
11 │~                                       │
12 │~                                       │
13 │~                                       │
14 │~                                       │
15 │~                                       │
16 │~                                       │
17 │~                                       │
18 │demo.py               1,1            All│
    ────────────────────────────────────────

[OVERLAY] VimFu — :set splitright
[SAY] By default, vertical splits open to the left. Set split right makes new splits open to the right instead.
[SAY] Set it and create a vertical split.
[TYPE] ':set splitright'

              1         2         3         
    0123456789012345678901234567890123456789
    ────────────────────────────────────────
 0 │def main():                             │
 1 │    print("hi")                         │
 2 │    return 0                            │
 3 │                                        │
 4 │main()                                  │
 5 │~                                       │
 6 │~                                       │
 7 │~                                       │
 8 │~                                       │
 9 │~                                       │
10 │~                                       │
11 │~                                       │
12 │~                                       │
13 │~                                       │
14 │~                                       │
15 │~                                       │
16 │~                                       │
17 │~                                       │
18 │demo.py               1,1            All│
19 │:set splitright                         │ ◂ cursor (19,15)
    ────────────────────────────────────────

[SAY] Set split right — new vertical splits will open to the right of the current window.
[ENTER]

              1         2         3         
    0123456789012345678901234567890123456789
    ────────────────────────────────────────
 0 │def main():                             │ ◂ cursor (0,0)
 1 │    print("hi")                         │
 2 │    return 0                            │
 3 │                                        │
 4 │main()                                  │
 5 │~                                       │
 6 │~                                       │
 7 │~                                       │
 8 │~                                       │
 9 │~                                       │
10 │~                                       │
11 │~                                       │
12 │~                                       │
13 │~                                       │
14 │~                                       │
15 │~                                       │
16 │~                                       │
17 │~                                       │
18 │demo.py               1,1            All│
19 │:set splitright                         │
    ────────────────────────────────────────

[TYPE] ':vsplit'

              1         2         3         
    0123456789012345678901234567890123456789
    ────────────────────────────────────────
 0 │def main():                             │
 1 │    print("hi")                         │
 2 │    return 0                            │
 3 │                                        │
 4 │main()                                  │
 5 │~                                       │
 6 │~                                       │
 7 │~                                       │
 8 │~                                       │
 9 │~                                       │
10 │~                                       │
11 │~                                       │
12 │~                                       │
13 │~                                       │
14 │~                                       │
15 │~                                       │
16 │~                                       │
17 │~                                       │
18 │demo.py               1,1            All│
19 │:vsplit                                 │ ◂ cursor (19,7)
    ────────────────────────────────────────

[SAY] Create a vertical split and watch the new window appear on the right.
[ENTER]

              1         2         3         
    0123456789012345678901234567890123456789
    ────────────────────────────────────────
 0 │def main():        │def main():         │ ◂ cursor (0,20)
 1 │    print("hi")    │    print("hi")     │
 2 │    return 0       │    return 0        │
 3 │                   │                    │
 4 │main()             │main()              │
 5 │~                  │~                   │
 6 │~                  │~                   │
 7 │~                  │~                   │
 8 │~                  │~                   │
 9 │~                  │~                   │
10 │~                  │~                   │
11 │~                  │~                   │
12 │~                  │~                   │
13 │~                  │~                   │
14 │~                  │~                   │
15 │~                  │~                   │
16 │~                  │~                   │
17 │~                  │~                   │
18 │demo.py   1,1   All demo.py   1,1    All│
19 │:vsplit                                 │
    ────────────────────────────────────────

[SAY] The new window opened to the right. Cursor is in the right pane. This matches how most people expect splits to work.
[SAY] Set split right or set S P R. Pair it with set split below for natural split behavior.