[RECORDING_START] Screen state at recording start:

              1         2         3         
    0123456789012345678901234567890123456789
    ────────────────────────────────────────
 0 │➜  vimfu echo 'pane 0'                  │
 1 │pane 0                                  │
 2 │➜  vimfu                                │
 3 │                                        │
 4 │                                        │
 5 │                                        │
 6 │                                        │
 7 │                                        │
 8 │                                        │
 9 │────────────────────────────────────────│
10 │➜  vimfu echo 'pane 1'                  │
11 │pane 1                                  │
12 │➜  vimfu                                │
13 │                                        │
14 │────────────────────────────────────────│
15 │➜  vimfu echo 'pane 2'                  │
16 │pane 2                                  │
17 │➜  vimfu                                │ ◂ cursor (17,9)
18 │                                        │
19 │[0] 0:zsh*       "vimfu" 21:27 22-May-26│
    ────────────────────────────────────────

[OVERLAY] VimFu — next-layout
[SAY] Next-layout cycles through tmux's preset layouts. Three panes here.
[SAY] Cycle the layout.
[KEYS] '\x02'
[OVERLAY] ⌃b  prefix

              1         2         3         
    0123456789012345678901234567890123456789
    ────────────────────────────────────────
 0 │➜  vimfu echo 'pane 0'                  │
 1 │pane 0                                  │
 2 │➜  vimfu                                │
 3 │                                        │
 4 │                                        │
 5 │                                        │
 6 │                                        │
 7 │                                        │
 8 │                                        │
 9 │────────────────────────────────────────│
10 │➜  vimfu echo 'pane 1'                  │
11 │pane 1                                  │
12 │➜  vimfu                                │
13 │                                        │
14 │────────────────────────────────────────│
15 │➜  vimfu echo 'pane 2'                  │
16 │pane 2                                  │
17 │➜  vimfu                                │ ◂ cursor (17,9)
18 │                                        │
19 │[0] 0:zsh*       "vimfu" 21:27 22-May-26│
    ────────────────────────────────────────

[KEYS] ':'
[OVERLAY] ⇧:  command

              1         2         3         
    0123456789012345678901234567890123456789
    ────────────────────────────────────────
 0 │➜  vimfu echo 'pane 0'                  │
 1 │pane 0                                  │
 2 │➜  vimfu                                │
 3 │                                        │
 4 │                                        │
 5 │                                        │
 6 │                                        │
 7 │                                        │
 8 │                                        │
 9 │────────────────────────────────────────│
10 │➜  vimfu echo 'pane 1'                  │
11 │pane 1                                  │
12 │➜  vimfu                                │
13 │                                        │
14 │────────────────────────────────────────│
15 │➜  vimfu echo 'pane 2'                  │
16 │pane 2                                  │
17 │➜  vimfu                                │ ◂ cursor (17,9)
18 │                                        │
19 │:                                       │
    ────────────────────────────────────────

[TYPE] 'next-layout'

              1         2         3         
    0123456789012345678901234567890123456789
    ────────────────────────────────────────
 0 │➜  vimfu echo 'pane 0'                  │
 1 │pane 0                                  │
 2 │➜  vimfu                                │
 3 │                                        │
 4 │                                        │
 5 │                                        │
 6 │                                        │
 7 │                                        │
 8 │                                        │
 9 │────────────────────────────────────────│
10 │➜  vimfu echo 'pane 1'                  │
11 │pane 1                                  │
12 │➜  vimfu                                │
13 │                                        │
14 │────────────────────────────────────────│
15 │➜  vimfu echo 'pane 2'                  │
16 │pane 2                                  │
17 │➜  vimfu                                │ ◂ cursor (17,9)
18 │                                        │
19 │:next-layout                            │
    ────────────────────────────────────────

[KEYS] '\r'
[OVERLAY] ⏎

              1         2         3         
    0123456789012345678901234567890123456789
    ────────────────────────────────────────
 0 │o 'pane 0'  │o 'pane 1'  │'pane 2'      │
 1 │pane 0      │pane 1      │pane 2        │
 2 │➜  vimfu    │➜  vimfu    │➜  vimfu      │ ◂ cursor (2,35)
 3 │            │            │              │
 4 │            │            │              │
 5 │            │            │              │
 6 │            │            │              │
 7 │            │            │              │
 8 │            │            │              │
 9 │            │            │              │
10 │            │            │              │
11 │            │            │              │
12 │            │            │              │
13 │            │            │              │
14 │            │            │              │
15 │            │            │              │
16 │            │            │              │
17 │            │            │              │
18 │            │            │              │
19 │[0] 0:zsh*       "vimfu" 21:27 22-May-26│
    ────────────────────────────────────────

[SAY] The panes rearranged. Run it again for a different layout.
[KEYS] '\x02'
[OVERLAY] ⌃b  prefix

              1         2         3         
    0123456789012345678901234567890123456789
    ────────────────────────────────────────
 0 │o 'pane 0'  │o 'pane 1'  │'pane 2'      │
 1 │pane 0      │pane 1      │pane 2        │
 2 │➜  vimfu    │➜  vimfu    │➜  vimfu      │ ◂ cursor (2,35)
 3 │            │            │              │
 4 │            │            │              │
 5 │            │            │              │
 6 │            │            │              │
 7 │            │            │              │
 8 │            │            │              │
 9 │            │            │              │
10 │            │            │              │
11 │            │            │              │
12 │            │            │              │
13 │            │            │              │
14 │            │            │              │
15 │            │            │              │
16 │            │            │              │
17 │            │            │              │
18 │            │            │              │
19 │[0] 0:zsh*       "vimfu" 21:27 22-May-26│
    ────────────────────────────────────────

[KEYS] ':'
[OVERLAY] ⇧:  command

              1         2         3         
    0123456789012345678901234567890123456789
    ────────────────────────────────────────
 0 │o 'pane 0'  │o 'pane 1'  │'pane 2'      │
 1 │pane 0      │pane 1      │pane 2        │
 2 │➜  vimfu    │➜  vimfu    │➜  vimfu      │ ◂ cursor (2,35)
 3 │            │            │              │
 4 │            │            │              │
 5 │            │            │              │
 6 │            │            │              │
 7 │            │            │              │
 8 │            │            │              │
 9 │            │            │              │
10 │            │            │              │
11 │            │            │              │
12 │            │            │              │
13 │            │            │              │
14 │            │            │              │
15 │            │            │              │
16 │            │            │              │
17 │            │            │              │
18 │            │            │              │
19 │:                                       │
    ────────────────────────────────────────

[TYPE] 'next-layout'

              1         2         3         
    0123456789012345678901234567890123456789
    ────────────────────────────────────────
 0 │o 'pane 0'  │o 'pane 1'  │'pane 2'      │
 1 │pane 0      │pane 1      │pane 2        │
 2 │➜  vimfu    │➜  vimfu    │➜  vimfu      │ ◂ cursor (2,35)
 3 │            │            │              │
 4 │            │            │              │
 5 │            │            │              │
 6 │            │            │              │
 7 │            │            │              │
 8 │            │            │              │
 9 │            │            │              │
10 │            │            │              │
11 │            │            │              │
12 │            │            │              │
13 │            │            │              │
14 │            │            │              │
15 │            │            │              │
16 │            │            │              │
17 │            │            │              │
18 │            │            │              │
19 │:next-layout                            │
    ────────────────────────────────────────

[KEYS] '\r'
[OVERLAY] ⏎

              1         2         3         
    0123456789012345678901234567890123456789
    ────────────────────────────────────────
 0 │➜  vimfu echo 'pane 0'                  │
 1 │pane 0                                  │
 2 │➜  vimfu                                │
 3 │                                        │
 4 │                                        │
 5 │────────────────────────────────────────│
 6 │➜  vimfu echo 'pane 1'                  │
 7 │pane 1                                  │
 8 │➜  vimfu                                │
 9 │                                        │
10 │                                        │
11 │────────────────────────────────────────│
12 │➜  vimfu echo 'pane 2'                  │
13 │pane 2                                  │
14 │➜  vimfu                                │ ◂ cursor (14,9)
15 │                                        │
16 │                                        │
17 │                                        │
18 │                                        │
19 │[0] 0:zsh*       "vimfu" 21:27 22-May-26│
    ────────────────────────────────────────

[SAY] Another arrangement. Five presets total. Short form is nextl. Same as control B space.
[SAY] Next-layout. Quickly rearrange your panes.