[RECORDING_START] Screen state at recording start:

              1         2         3         
    0123456789012345678901234567890123456789
    ────────────────────────────────────────
 0 │# Hero Stats                            │ ◂ cursor (0,0)
 1 │name = "Arthur"                         │
 2 │hp = 100                                │
 3 │mp = 50                                 │
 4 │speed = 12                              │
 5 │armor = 40                              │
 6 │luck = 7                                │
 7 │level = 15                              │
 8 │xp = 4200                               │
 9 │gold = 800                              │
10 │~                                       │
11 │~                                       │
12 │~                                       │
13 │~                                       │
14 │~                                       │
15 │~                                       │
16 │~                                       │
17 │~                                       │
18 │hero.py               1,1            All│
    ────────────────────────────────────────

[OVERLAY] VimFu — Ctrl-W s — Horizontal Split
[SAY] Control W S splits the window horizontally. Two panes, stacked top and bottom, showing the same file.
[SAY] Split it.
[KEYS] '\x17s'
[OVERLAY] ⌃ws  horizontal split

              1         2         3         
    0123456789012345678901234567890123456789
    ────────────────────────────────────────
 0 │# Hero Stats                            │ ◂ cursor (0,0)
 1 │name = "Arthur"                         │
 2 │hp = 100                                │
 3 │mp = 50                                 │
 4 │speed = 12                              │
 5 │armor = 40                              │
 6 │luck = 7                                │
 7 │level = 15                              │
 8 │xp = 4200                               │
 9 │hero.py               1,1            Top│
10 │# Hero Stats                            │
11 │name = "Arthur"                         │
12 │hp = 100                                │
13 │mp = 50                                 │
14 │speed = 12                              │
15 │armor = 40                              │
16 │luck = 7                                │
17 │level = 15                              │
18 │hero.py               1,1            Top│
    ────────────────────────────────────────
[HIGHLIGHT] row 9, cols 0-39: "hero.py               1,1            Top"

[SAY] Two panes. Both show the same file. The cursor is in the top pane.
[SAY] Each pane scrolls independently. Move to the bottom and scroll down.
[KEYS] '\x17j'
[OVERLAY] ⌃wj  move to bottom

              1         2         3         
    0123456789012345678901234567890123456789
    ────────────────────────────────────────
 0 │# Hero Stats                            │
 1 │name = "Arthur"                         │
 2 │hp = 100                                │
 3 │mp = 50                                 │
 4 │speed = 12                              │
 5 │armor = 40                              │
 6 │luck = 7                                │
 7 │level = 15                              │
 8 │xp = 4200                               │
 9 │hero.py               1,1            Top│
10 │# Hero Stats                            │ ◂ cursor (10,0)
11 │name = "Arthur"                         │
12 │hp = 100                                │
13 │mp = 50                                 │
14 │speed = 12                              │
15 │armor = 40                              │
16 │luck = 7                                │
17 │level = 15                              │
18 │hero.py               1,1            Top│
    ────────────────────────────────────────
[HIGHLIGHT] row 9, cols 0-39: "hero.py               1,1            Top"

[KEYS] 'G'
[OVERLAY] ⇧G  bottom of file

              1         2         3         
    0123456789012345678901234567890123456789
    ────────────────────────────────────────
 0 │# Hero Stats                            │
 1 │name = "Arthur"                         │
 2 │hp = 100                                │
 3 │mp = 50                                 │
 4 │speed = 12                              │
 5 │armor = 40                              │
 6 │luck = 7                                │
 7 │level = 15                              │
 8 │xp = 4200                               │
 9 │hero.py               1,1            Top│
10 │hp = 100                                │
11 │mp = 50                                 │
12 │speed = 12                              │
13 │armor = 40                              │
14 │luck = 7                                │
15 │level = 15                              │
16 │xp = 4200                               │
17 │gold = 800                              │ ◂ cursor (17,0)
18 │hero.py               10,1           Bot│
    ────────────────────────────────────────
[HIGHLIGHT] row 9, cols 0-39: "hero.py               1,1            Top"

[SAY] The bottom pane shows the end. The top pane stays at the beginning. Two views of one file.
[SAY] Control W Q to close the current pane.
[KEYS] '\x17q'
[OVERLAY] ⌃wq  close pane

              1         2         3         
    0123456789012345678901234567890123456789
    ────────────────────────────────────────
 0 │# Hero Stats                            │ ◂ cursor (0,0)
 1 │name = "Arthur"                         │
 2 │hp = 100                                │
 3 │mp = 50                                 │
 4 │speed = 12                              │
 5 │armor = 40                              │
 6 │luck = 7                                │
 7 │level = 15                              │
 8 │xp = 4200                               │
 9 │gold = 800                              │
10 │~                                       │
11 │~                                       │
12 │~                                       │
13 │~                                       │
14 │~                                       │
15 │~                                       │
16 │~                                       │
17 │~                                       │
18 │hero.py               1,1            All│
    ────────────────────────────────────────

[SAY] Control W S. Horizontal split. View the top and bottom of a file at the same time.