[RECORDING_START] Screen state at recording start:

              1         2         3         
    0123456789012345678901234567890123456789
    ────────────────────────────────────────
 0 │  1 # Cat Behavior Simulator            │ ◂ cursor (0,4)
 1 │  2                                     │
 2 │  3 class Cat:                          │
 3 │  4     def __init__(self, name):       │
 4 │  5         self.name = name            │
 5 │  6         self.mood = "sleepy"        │
 6 │  7         self.hunger = 50            │
 7 │  8                                     │
 8 │  9     def feed(self, food):           │
 9 │ 10         self.hunger -= 10           │
10 │ 11         print(f"{self.name} eats")  │
11 │ 12                                     │
12 │ 13     def pet(self):                  │
13 │ 14         if self.mood == "angry":    │
14 │ 15             print("Hiss!")          │
15 │ 16         else:                       │
16 │ 17             print("Purr...")        │
17 │ 18                                     │
18 │cats.py               1,1            Top│
    ────────────────────────────────────────

[OVERLAY] VimFu — Ctrl-O
[SAY] Control O jumps to the older position in the jump list. It takes you back to where you were.
[SAY] We're on line one. Jump to the bottom with capital G.
[KEYS] 'G'
[OVERLAY] ⇧G  G  go to bottom

              1         2         3         
    0123456789012345678901234567890123456789
    ────────────────────────────────────────
 0 │  9     def feed(self, food):           │
 1 │ 10         self.hunger -= 10           │
 2 │ 11         print(f"{self.name} eats")  │
 3 │ 12                                     │
 4 │ 13     def pet(self):                  │
 5 │ 14         if self.mood == "angry":    │
 6 │ 15             print("Hiss!")          │
 7 │ 16         else:                       │
 8 │ 17             print("Purr...")        │
 9 │ 18                                     │
10 │ 19     def nap(self):                  │
11 │ 20         self.mood = "sleepy"        │
12 │ 21         print(f"{self.name} naps")  │
13 │ 22                                     │
14 │ 23     def play(self, toy):            │
15 │ 24         self.mood = "happy"         │
16 │ 25         self.hunger += 5            │
17 │ 26         print(f"Chasing {toy}!")    │ ◂ cursor (17,4)
18 │cats.py               26,1           Bot│
    ────────────────────────────────────────

[SAY] Now we're at the end. Control O goes back.
[CTRL] o
[OVERLAY] ⌃o  jump back

              1         2         3         
    0123456789012345678901234567890123456789
    ────────────────────────────────────────
 0 │  1 # Cat Behavior Simulator            │ ◂ cursor (0,4)
 1 │  2                                     │
 2 │  3 class Cat:                          │
 3 │  4     def __init__(self, name):       │
 4 │  5         self.name = name            │
 5 │  6         self.mood = "sleepy"        │
 6 │  7         self.hunger = 50            │
 7 │  8                                     │
 8 │  9     def feed(self, food):           │
 9 │ 10         self.hunger -= 10           │
10 │ 11         print(f"{self.name} eats")  │
11 │ 12                                     │
12 │ 13     def pet(self):                  │
13 │ 14         if self.mood == "angry":    │
14 │ 15             print("Hiss!")          │
15 │ 16         else:                       │
16 │ 17             print("Purr...")        │
17 │ 18                                     │
18 │cats.py               1,1            Top│
    ────────────────────────────────────────

[SAY] Back to line one. Vim remembered where we were.
[SAY] Search also creates a jump. Search for play.
[TYPE] '/play'

              1         2         3         
    0123456789012345678901234567890123456789
    ────────────────────────────────────────
 0 │  6         self.mood = "sleepy"        │
 1 │  7         self.hunger = 50            │
 2 │  8                                     │
 3 │  9     def feed(self, food):           │
 4 │ 10         self.hunger -= 10           │
 5 │ 11         print(f"{self.name} eats")  │
 6 │ 12                                     │
 7 │ 13     def pet(self):                  │
 8 │ 14         if self.mood == "angry":    │
 9 │ 15             print("Hiss!")          │
10 │ 16         else:                       │
11 │ 17             print("Purr...")        │
12 │ 18                                     │
13 │ 19     def nap(self):                  │
14 │ 20         self.mood = "sleepy"        │
15 │ 21         print(f"{self.name} naps")  │
16 │ 22                                     │
17 │ 23     def play(self, toy):            │
18 │cats.py               23,9           62%│
19 │/play                                   │ ◂ cursor (19,5)
    ────────────────────────────────────────
[HIGHLIGHT] row 17, cols 12-15: "play"

[ENTER]

              1         2         3         
    0123456789012345678901234567890123456789
    ────────────────────────────────────────
 0 │  6         self.mood = "sleepy"        │
 1 │  7         self.hunger = 50            │
 2 │  8                                     │
 3 │  9     def feed(self, food):           │
 4 │ 10         self.hunger -= 10           │
 5 │ 11         print(f"{self.name} eats")  │
 6 │ 12                                     │
 7 │ 13     def pet(self):                  │
 8 │ 14         if self.mood == "angry":    │
 9 │ 15             print("Hiss!")          │
10 │ 16         else:                       │
11 │ 17             print("Purr...")        │
12 │ 18                                     │
13 │ 19     def nap(self):                  │
14 │ 20         self.mood = "sleepy"        │
15 │ 21         print(f"{self.name} naps")  │
16 │ 22                                     │
17 │ 23     def play(self, toy):            │ ◂ cursor (17,12)
18 │cats.py               23,9           62%│
19 │/play                 [1/1]             │
    ────────────────────────────────────────
[HIGHLIGHT] row 17, cols 13-15: "lay"

[SAY] Jumped to the play method. Control O goes back to where we searched from.
[CTRL] o
[OVERLAY] ⌃o  jump back

              1         2         3         
    0123456789012345678901234567890123456789
    ────────────────────────────────────────
 0 │  1 # Cat Behavior Simulator            │ ◂ cursor (0,4)
 1 │  2                                     │
 2 │  3 class Cat:                          │
 3 │  4     def __init__(self, name):       │
 4 │  5         self.name = name            │
 5 │  6         self.mood = "sleepy"        │
 6 │  7         self.hunger = 50            │
 7 │  8                                     │
 8 │  9     def feed(self, food):           │
 9 │ 10         self.hunger -= 10           │
10 │ 11         print(f"{self.name} eats")  │
11 │ 12                                     │
12 │ 13     def pet(self):                  │
13 │ 14         if self.mood == "angry":    │
14 │ 15             print("Hiss!")          │
15 │ 16         else:                       │
16 │ 17             print("Purr...")        │
17 │ 18                                     │
18 │cats.py               1,1            Top│
19 │/play                 [1/1]             │
    ────────────────────────────────────────

[SAY] Back to line one again. Every search, every G, every jump gets recorded.
[SAY] Control O. Jump backward through your history. Like a browser back button for code.