[RECORDING_START] Screen state at recording start:

              1         2         3         
    0123456789012345678901234567890123456789
    ────────────────────────────────────────
 0 │# crew roster                           │ ◂ cursor (0,0)
 1 │pilot = "Nova"                          │
 2 │medic = "Patch"                         │
 3 │hacker = "Glitch"                       │
 4 │gunner = "Boom"                         │
 5 │cook = "Pepper"                         │
 6 │~                                       │
 7 │~                                       │
 8 │~                                       │
 9 │~                                       │
10 │~                                       │
11 │~                                       │
12 │~                                       │
13 │~                                       │
14 │~                                       │
15 │~                                       │
16 │~                                       │
17 │~                                       │
18 │crew.py               1,1            All│
    ────────────────────────────────────────

[OVERLAY] VimFu — Line Visual Mode
[SAY] Capital V selects whole lines. Not characters, entire lines.
[SAY] On the pilot line. Capital V.
[KEYS] 'j'
[OVERLAY] j  down

              1         2         3         
    0123456789012345678901234567890123456789
    ────────────────────────────────────────
 0 │# crew roster                           │
 1 │pilot = "Nova"                          │ ◂ cursor (1,0)
 2 │medic = "Patch"                         │
 3 │hacker = "Glitch"                       │
 4 │gunner = "Boom"                         │
 5 │cook = "Pepper"                         │
 6 │~                                       │
 7 │~                                       │
 8 │~                                       │
 9 │~                                       │
10 │~                                       │
11 │~                                       │
12 │~                                       │
13 │~                                       │
14 │~                                       │
15 │~                                       │
16 │~                                       │
17 │~                                       │
18 │crew.py               2,1            All│
    ────────────────────────────────────────

[KEYS] 'V'
[OVERLAY] ⇧V  visual line

              1         2         3         
    0123456789012345678901234567890123456789
    ────────────────────────────────────────
 0 │# crew roster                           │
 1 │pilot = "Nova"                          │ ◂ cursor (1,0)
 2 │medic = "Patch"                         │
 3 │hacker = "Glitch"                       │
 4 │gunner = "Boom"                         │
 5 │cook = "Pepper"                         │
 6 │~                                       │
 7 │~                                       │
 8 │~                                       │
 9 │~                                       │
10 │~                                       │
11 │~                                       │
12 │~                                       │
13 │~                                       │
14 │~                                       │
15 │~                                       │
16 │~                                       │
17 │~                                       │
18 │crew.py               2,1            All│
19 │-- VISUAL LINE --            1          │
    ────────────────────────────────────────
[HIGHLIGHT] row 1, cols 1-13: "ilot = "Nova""

[SAY] The whole line is highlighted. Even if the cursor is in the middle.
[ESCAPE]

              1         2         3         
    0123456789012345678901234567890123456789
    ────────────────────────────────────────
 0 │# crew roster                           │
 1 │pilot = "Nova"                          │ ◂ cursor (1,0)
 2 │medic = "Patch"                         │
 3 │hacker = "Glitch"                       │
 4 │gunner = "Boom"                         │
 5 │cook = "Pepper"                         │
 6 │~                                       │
 7 │~                                       │
 8 │~                                       │
 9 │~                                       │
10 │~                                       │
11 │~                                       │
12 │~                                       │
13 │~                                       │
14 │~                                       │
15 │~                                       │
16 │~                                       │
17 │~                                       │
18 │crew.py               2,1            All│
    ────────────────────────────────────────

[SAY] Capital V again, then J J to extend down.
[KEYS] 'V'
[OVERLAY] ⇧V  visual line

              1         2         3         
    0123456789012345678901234567890123456789
    ────────────────────────────────────────
 0 │# crew roster                           │
 1 │pilot = "Nova"                          │ ◂ cursor (1,0)
 2 │medic = "Patch"                         │
 3 │hacker = "Glitch"                       │
 4 │gunner = "Boom"                         │
 5 │cook = "Pepper"                         │
 6 │~                                       │
 7 │~                                       │
 8 │~                                       │
 9 │~                                       │
10 │~                                       │
11 │~                                       │
12 │~                                       │
13 │~                                       │
14 │~                                       │
15 │~                                       │
16 │~                                       │
17 │~                                       │
18 │crew.py               2,1            All│
19 │-- VISUAL LINE --            1          │
    ────────────────────────────────────────
[HIGHLIGHT] row 1, cols 1-13: "ilot = "Nova""

[KEYS] 'j'
[OVERLAY] j  down

              1         2         3         
    0123456789012345678901234567890123456789
    ────────────────────────────────────────
 0 │# crew roster                           │
 1 │pilot = "Nova"                          │
 2 │medic = "Patch"                         │ ◂ cursor (2,0)
 3 │hacker = "Glitch"                       │
 4 │gunner = "Boom"                         │
 5 │cook = "Pepper"                         │
 6 │~                                       │
 7 │~                                       │
 8 │~                                       │
 9 │~                                       │
10 │~                                       │
11 │~                                       │
12 │~                                       │
13 │~                                       │
14 │~                                       │
15 │~                                       │
16 │~                                       │
17 │~                                       │
18 │crew.py               3,1            All│
19 │-- VISUAL LINE --            2          │
    ────────────────────────────────────────
[HIGHLIGHT] row 1, cols 0-13: "pilot = "Nova""
[HIGHLIGHT] row 2, cols 1-14: "edic = "Patch""

[KEYS] 'j'
[OVERLAY] j  down

              1         2         3         
    0123456789012345678901234567890123456789
    ────────────────────────────────────────
 0 │# crew roster                           │
 1 │pilot = "Nova"                          │
 2 │medic = "Patch"                         │
 3 │hacker = "Glitch"                       │ ◂ cursor (3,0)
 4 │gunner = "Boom"                         │
 5 │cook = "Pepper"                         │
 6 │~                                       │
 7 │~                                       │
 8 │~                                       │
 9 │~                                       │
10 │~                                       │
11 │~                                       │
12 │~                                       │
13 │~                                       │
14 │~                                       │
15 │~                                       │
16 │~                                       │
17 │~                                       │
18 │crew.py               4,1            All│
19 │-- VISUAL LINE --            3          │
    ────────────────────────────────────────
[HIGHLIGHT] row 1, cols 0-13: "pilot = "Nova""
[HIGHLIGHT] row 2, cols 0-14: "medic = "Patch""
[HIGHLIGHT] row 3, cols 1-16: "acker = "Glitch""

[SAY] Three whole lines selected. Perfect for deleting or moving a block of code.
[SAY] D to delete them all.
[KEYS] 'd'
[OVERLAY] d  delete

              1         2         3         
    0123456789012345678901234567890123456789
    ────────────────────────────────────────
 0 │# crew roster                           │
 1 │gunner = "Boom"                         │ ◂ cursor (1,0)
 2 │cook = "Pepper"                         │
 3 │~                                       │
 4 │~                                       │
 5 │~                                       │
 6 │~                                       │
 7 │~                                       │
 8 │~                                       │
 9 │~                                       │
10 │~                                       │
11 │~                                       │
12 │~                                       │
13 │~                                       │
14 │~                                       │
15 │~                                       │
16 │~                                       │
17 │~                                       │
18 │crew.py [+]           2,1            All│
19 │3 fewer lines                           │
    ────────────────────────────────────────

[SAY] Three lines gone in one shot.
[SAY] Undo.
[KEYS] 'u'
[OVERLAY] u  undo

              1         2         3         
    0123456789012345678901234567890123456789
    ────────────────────────────────────────
 0 │# crew roster                           │
 1 │pilot = "Nova"                          │ ◂ cursor (1,0)
 2 │medic = "Patch"                         │
 3 │hacker = "Glitch"                       │
 4 │gunner = "Boom"                         │
 5 │cook = "Pepper"                         │
 6 │~                                       │
 7 │~                                       │
 8 │~                                       │
 9 │~                                       │
10 │~                                       │
11 │~                                       │
12 │~                                       │
13 │~                                       │
14 │~                                       │
15 │~                                       │
16 │~                                       │
17 │~                                       │
18 │crew.py               2,1            All│
19 │3 more lines...4 seconds ago            │
    ────────────────────────────────────────

[SAY] Go to the cook line. Capital V then K K to select upward.
[KEYS] 'G'
[OVERLAY] ⇧G  file end

              1         2         3         
    0123456789012345678901234567890123456789
    ────────────────────────────────────────
 0 │# crew roster                           │
 1 │pilot = "Nova"                          │
 2 │medic = "Patch"                         │
 3 │hacker = "Glitch"                       │
 4 │gunner = "Boom"                         │
 5 │cook = "Pepper"                         │ ◂ cursor (5,0)
 6 │~                                       │
 7 │~                                       │
 8 │~                                       │
 9 │~                                       │
10 │~                                       │
11 │~                                       │
12 │~                                       │
13 │~                                       │
14 │~                                       │
15 │~                                       │
16 │~                                       │
17 │~                                       │
18 │crew.py               6,1            All│
19 │3 more lines...4 seconds ago            │
    ────────────────────────────────────────

[KEYS] 'V'
[OVERLAY] ⇧V  visual line

              1         2         3         
    0123456789012345678901234567890123456789
    ────────────────────────────────────────
 0 │# crew roster                           │
 1 │pilot = "Nova"                          │
 2 │medic = "Patch"                         │
 3 │hacker = "Glitch"                       │
 4 │gunner = "Boom"                         │
 5 │cook = "Pepper"                         │ ◂ cursor (5,0)
 6 │~                                       │
 7 │~                                       │
 8 │~                                       │
 9 │~                                       │
10 │~                                       │
11 │~                                       │
12 │~                                       │
13 │~                                       │
14 │~                                       │
15 │~                                       │
16 │~                                       │
17 │~                                       │
18 │crew.py               6,1            All│
19 │-- VISUAL LINE --            1          │
    ────────────────────────────────────────
[HIGHLIGHT] row 5, cols 1-14: "ook = "Pepper""

[KEYS] 'k'
[OVERLAY] k  up

              1         2         3         
    0123456789012345678901234567890123456789
    ────────────────────────────────────────
 0 │# crew roster                           │
 1 │pilot = "Nova"                          │
 2 │medic = "Patch"                         │
 3 │hacker = "Glitch"                       │
 4 │gunner = "Boom"                         │ ◂ cursor (4,0)
 5 │cook = "Pepper"                         │
 6 │~                                       │
 7 │~                                       │
 8 │~                                       │
 9 │~                                       │
10 │~                                       │
11 │~                                       │
12 │~                                       │
13 │~                                       │
14 │~                                       │
15 │~                                       │
16 │~                                       │
17 │~                                       │
18 │crew.py               5,1            All│
19 │-- VISUAL LINE --            2          │
    ────────────────────────────────────────
[HIGHLIGHT] row 4, cols 1-14: "unner = "Boom""
[HIGHLIGHT] row 5, cols 0-14: "cook = "Pepper""

[KEYS] 'k'
[OVERLAY] k  up

              1         2         3         
    0123456789012345678901234567890123456789
    ────────────────────────────────────────
 0 │# crew roster                           │
 1 │pilot = "Nova"                          │
 2 │medic = "Patch"                         │
 3 │hacker = "Glitch"                       │ ◂ cursor (3,0)
 4 │gunner = "Boom"                         │
 5 │cook = "Pepper"                         │
 6 │~                                       │
 7 │~                                       │
 8 │~                                       │
 9 │~                                       │
10 │~                                       │
11 │~                                       │
12 │~                                       │
13 │~                                       │
14 │~                                       │
15 │~                                       │
16 │~                                       │
17 │~                                       │
18 │crew.py               4,1            All│
19 │-- VISUAL LINE --            3          │
    ────────────────────────────────────────
[HIGHLIGHT] row 3, cols 1-16: "acker = "Glitch""
[HIGHLIGHT] row 4, cols 0-14: "gunner = "Boom""
[HIGHLIGHT] row 5, cols 0-14: "cook = "Pepper""

[SAY] Three lines selected going up. Direction doesn't matter.
[ESCAPE]

              1         2         3         
    0123456789012345678901234567890123456789
    ────────────────────────────────────────
 0 │# crew roster                           │
 1 │pilot = "Nova"                          │
 2 │medic = "Patch"                         │
 3 │hacker = "Glitch"                       │ ◂ cursor (3,0)
 4 │gunner = "Boom"                         │
 5 │cook = "Pepper"                         │
 6 │~                                       │
 7 │~                                       │
 8 │~                                       │
 9 │~                                       │
10 │~                                       │
11 │~                                       │
12 │~                                       │
13 │~                                       │
14 │~                                       │
15 │~                                       │
16 │~                                       │
17 │~                                       │
18 │crew.py               4,1            All│
    ────────────────────────────────────────

[SAY] Capital V for line visual mode. Select whole lines, then act.