[RECORDING_START] Screen state at recording start:

              1         2         3         
    0123456789012345678901234567890123456789
    ────────────────────────────────────────
 0 │# Config                                │ ◂ cursor (0,0)
 1 │                                        │
 2 │DEBUG = True                            │
 3 │VERBOSE = False                         │
 4 │MAX_RETRIES = 3                         │
 5 │TIMEOUT = 30                            │
 6 │                                        │
 7 │def load():                             │
 8 │    print("Config loaded")              │
 9 │~                                       │
10 │~                                       │
11 │~                                       │
12 │~                                       │
13 │~                                       │
14 │~                                       │
15 │~                                       │
16 │~                                       │
17 │~                                       │
18 │config.py             1,1            All│
    ────────────────────────────────────────

[OVERLAY] VimFu — Canceling a Command
[SAY] If you start typing a colon command and change your mind, press Escape. Nothing will happen.
[SAY] Watch. I'll type colon delete, then cancel.
[TYPE] ':delete'

              1         2         3         
    0123456789012345678901234567890123456789
    ────────────────────────────────────────
 0 │# Config                                │
 1 │                                        │
 2 │DEBUG = True                            │
 3 │VERBOSE = False                         │
 4 │MAX_RETRIES = 3                         │
 5 │TIMEOUT = 30                            │
 6 │                                        │
 7 │def load():                             │
 8 │    print("Config loaded")              │
 9 │~                                       │
10 │~                                       │
11 │~                                       │
12 │~                                       │
13 │~                                       │
14 │~                                       │
15 │~                                       │
16 │~                                       │
17 │~                                       │
18 │config.py             1,1            All│
19 │:delete                                 │ ◂ cursor (19,7)
    ────────────────────────────────────────

[SAY] I typed colon delete. But I changed my mind. Escape.
[ESCAPE]

              1         2         3         
    0123456789012345678901234567890123456789
    ────────────────────────────────────────
 0 │# Config                                │ ◂ cursor (0,0)
 1 │                                        │
 2 │DEBUG = True                            │
 3 │VERBOSE = False                         │
 4 │MAX_RETRIES = 3                         │
 5 │TIMEOUT = 30                            │
 6 │                                        │
 7 │def load():                             │
 8 │    print("Config loaded")              │
 9 │~                                       │
10 │~                                       │
11 │~                                       │
12 │~                                       │
13 │~                                       │
14 │~                                       │
15 │~                                       │
16 │~                                       │
17 │~                                       │
18 │config.py             1,1            All│
    ────────────────────────────────────────

[SAY] Nothing happened. The file is untouched.
[SAY] Again. Start typing a quit command.
[TYPE] ':q'

              1         2         3         
    0123456789012345678901234567890123456789
    ────────────────────────────────────────
 0 │# Config                                │
 1 │                                        │
 2 │DEBUG = True                            │
 3 │VERBOSE = False                         │
 4 │MAX_RETRIES = 3                         │
 5 │TIMEOUT = 30                            │
 6 │                                        │
 7 │def load():                             │
 8 │    print("Config loaded")              │
 9 │~                                       │
10 │~                                       │
11 │~                                       │
12 │~                                       │
13 │~                                       │
14 │~                                       │
15 │~                                       │
16 │~                                       │
17 │~                                       │
18 │config.py             1,1            All│
19 │:q                                      │ ◂ cursor (19,2)
    ────────────────────────────────────────

[SAY] Wait, not yet. Escape.
[ESCAPE]

              1         2         3         
    0123456789012345678901234567890123456789
    ────────────────────────────────────────
 0 │# Config                                │ ◂ cursor (0,0)
 1 │                                        │
 2 │DEBUG = True                            │
 3 │VERBOSE = False                         │
 4 │MAX_RETRIES = 3                         │
 5 │TIMEOUT = 30                            │
 6 │                                        │
 7 │def load():                             │
 8 │    print("Config loaded")              │
 9 │~                                       │
10 │~                                       │
11 │~                                       │
12 │~                                       │
13 │~                                       │
14 │~                                       │
15 │~                                       │
16 │~                                       │
17 │~                                       │
18 │config.py             1,1            All│
    ────────────────────────────────────────

[SAY] Safe. Still in the editor.
[SAY] Escape cancels any colon command. If you're not sure, just press Escape. No harm done.