[RECORDING_START] Screen state at recording start:

              1         2         3         
    0123456789012345678901234567890123456789
    ────────────────────────────────────────
 0 │# spell book                            │ ◂ cursor (0,0)
 1 │fire = "fireball"                       │
 2 │ice = "blizzard"                        │
 3 │heal = "restoration"                    │
 4 │dark = "shadow bolt"                    │
 5 │~                                       │
 6 │~                                       │
 7 │~                                       │
 8 │~                                       │
 9 │~                                       │
10 │~                                       │
11 │~                                       │
12 │~                                       │
13 │~                                       │
14 │~                                       │
15 │~                                       │
16 │~                                       │
17 │~                                       │
18 │spell.py              1,1            All│
    ────────────────────────────────────────

[OVERLAY] VimFu — Character Visual Mode
[SAY] Press V to start selecting text character by character. This is visual mode.
[SAY] Go to the fire line. Press V to start selecting.
[KEYS] 'j'
[OVERLAY] j  down

              1         2         3         
    0123456789012345678901234567890123456789
    ────────────────────────────────────────
 0 │# spell book                            │
 1 │fire = "fireball"                       │ ◂ cursor (1,0)
 2 │ice = "blizzard"                        │
 3 │heal = "restoration"                    │
 4 │dark = "shadow bolt"                    │
 5 │~                                       │
 6 │~                                       │
 7 │~                                       │
 8 │~                                       │
 9 │~                                       │
10 │~                                       │
11 │~                                       │
12 │~                                       │
13 │~                                       │
14 │~                                       │
15 │~                                       │
16 │~                                       │
17 │~                                       │
18 │spell.py              2,1            All│
    ────────────────────────────────────────

[KEYS] 'v'
[OVERLAY] v  visual

              1         2         3         
    0123456789012345678901234567890123456789
    ────────────────────────────────────────
 0 │# spell book                            │
 1 │fire = "fireball"                       │ ◂ cursor (1,0)
 2 │ice = "blizzard"                        │
 3 │heal = "restoration"                    │
 4 │dark = "shadow bolt"                    │
 5 │~                                       │
 6 │~                                       │
 7 │~                                       │
 8 │~                                       │
 9 │~                                       │
10 │~                                       │
11 │~                                       │
12 │~                                       │
13 │~                                       │
14 │~                                       │
15 │~                                       │
16 │~                                       │
17 │~                                       │
18 │spell.py              2,1            All│
19 │-- VISUAL --                 1          │
    ────────────────────────────────────────

[SAY] See the highlight? Now every motion extends the selection. E to select to end of word.
[KEYS] 'e'
[OVERLAY] e  end of word

              1         2         3         
    0123456789012345678901234567890123456789
    ────────────────────────────────────────
 0 │# spell book                            │
 1 │fire = "fireball"                       │ ◂ cursor (1,3)
 2 │ice = "blizzard"                        │
 3 │heal = "restoration"                    │
 4 │dark = "shadow bolt"                    │
 5 │~                                       │
 6 │~                                       │
 7 │~                                       │
 8 │~                                       │
 9 │~                                       │
10 │~                                       │
11 │~                                       │
12 │~                                       │
13 │~                                       │
14 │~                                       │
15 │~                                       │
16 │~                                       │
17 │~                                       │
18 │spell.py              2,4            All│
19 │-- VISUAL --                 4          │
    ────────────────────────────────────────
[HIGHLIGHT] row 1, cols 0-3: "fir"

[SAY] The word fire is selected. I could delete it with D, yank it with Y, or change it.
[SAY] Escape to cancel.
[ESCAPE]

              1         2         3         
    0123456789012345678901234567890123456789
    ────────────────────────────────────────
 0 │# spell book                            │
 1 │fire = "fireball"                       │ ◂ cursor (1,3)
 2 │ice = "blizzard"                        │
 3 │heal = "restoration"                    │
 4 │dark = "shadow bolt"                    │
 5 │~                                       │
 6 │~                                       │
 7 │~                                       │
 8 │~                                       │
 9 │~                                       │
10 │~                                       │
11 │~                                       │
12 │~                                       │
13 │~                                       │
14 │~                                       │
15 │~                                       │
16 │~                                       │
17 │~                                       │
18 │spell.py              2,4            All│
    ────────────────────────────────────────

[SAY] Try again on the ice line. V to start, then W W to extend across words.
[KEYS] 'j'
[OVERLAY] j  down

              1         2         3         
    0123456789012345678901234567890123456789
    ────────────────────────────────────────
 0 │# spell book                            │
 1 │fire = "fireball"                       │
 2 │ice = "blizzard"                        │ ◂ cursor (2,3)
 3 │heal = "restoration"                    │
 4 │dark = "shadow bolt"                    │
 5 │~                                       │
 6 │~                                       │
 7 │~                                       │
 8 │~                                       │
 9 │~                                       │
10 │~                                       │
11 │~                                       │
12 │~                                       │
13 │~                                       │
14 │~                                       │
15 │~                                       │
16 │~                                       │
17 │~                                       │
18 │spell.py              3,4            All│
    ────────────────────────────────────────

[KEYS] 'v'
[OVERLAY] v  visual

              1         2         3         
    0123456789012345678901234567890123456789
    ────────────────────────────────────────
 0 │# spell book                            │
 1 │fire = "fireball"                       │
 2 │ice = "blizzard"                        │ ◂ cursor (2,3)
 3 │heal = "restoration"                    │
 4 │dark = "shadow bolt"                    │
 5 │~                                       │
 6 │~                                       │
 7 │~                                       │
 8 │~                                       │
 9 │~                                       │
10 │~                                       │
11 │~                                       │
12 │~                                       │
13 │~                                       │
14 │~                                       │
15 │~                                       │
16 │~                                       │
17 │~                                       │
18 │spell.py              3,4            All│
19 │-- VISUAL --                 1          │
    ────────────────────────────────────────

[KEYS] 'w'
[OVERLAY] w  next word

              1         2         3         
    0123456789012345678901234567890123456789
    ────────────────────────────────────────
 0 │# spell book                            │
 1 │fire = "fireball"                       │
 2 │ice = "blizzard"                        │ ◂ cursor (2,4)
 3 │heal = "restoration"                    │
 4 │dark = "shadow bolt"                    │
 5 │~                                       │
 6 │~                                       │
 7 │~                                       │
 8 │~                                       │
 9 │~                                       │
10 │~                                       │
11 │~                                       │
12 │~                                       │
13 │~                                       │
14 │~                                       │
15 │~                                       │
16 │~                                       │
17 │~                                       │
18 │spell.py              3,5            All│
19 │-- VISUAL --                 2          │
    ────────────────────────────────────────

[KEYS] 'w'
[OVERLAY] w  next word

              1         2         3         
    0123456789012345678901234567890123456789
    ────────────────────────────────────────
 0 │# spell book                            │
 1 │fire = "fireball"                       │
 2 │ice = "blizzard"                        │ ◂ cursor (2,6)
 3 │heal = "restoration"                    │
 4 │dark = "shadow bolt"                    │
 5 │~                                       │
 6 │~                                       │
 7 │~                                       │
 8 │~                                       │
 9 │~                                       │
10 │~                                       │
11 │~                                       │
12 │~                                       │
13 │~                                       │
14 │~                                       │
15 │~                                       │
16 │~                                       │
17 │~                                       │
18 │spell.py              3,7            All│
19 │-- VISUAL --                 4          │
    ────────────────────────────────────────
[HIGHLIGHT] row 2, cols 3-6: " ="

[SAY] Two words selected. The highlight follows the cursor.
[ESCAPE]

              1         2         3         
    0123456789012345678901234567890123456789
    ────────────────────────────────────────
 0 │# spell book                            │
 1 │fire = "fireball"                       │
 2 │ice = "blizzard"                        │ ◂ cursor (2,6)
 3 │heal = "restoration"                    │
 4 │dark = "shadow bolt"                    │
 5 │~                                       │
 6 │~                                       │
 7 │~                                       │
 8 │~                                       │
 9 │~                                       │
10 │~                                       │
11 │~                                       │
12 │~                                       │
13 │~                                       │
14 │~                                       │
15 │~                                       │
16 │~                                       │
17 │~                                       │
18 │spell.py              3,7            All│
    ────────────────────────────────────────

[SAY] On the heal line. V then dollar sign selects to the end of the line.
[KEYS] 'j'
[OVERLAY] j  down

              1         2         3         
    0123456789012345678901234567890123456789
    ────────────────────────────────────────
 0 │# spell book                            │
 1 │fire = "fireball"                       │
 2 │ice = "blizzard"                        │
 3 │heal = "restoration"                    │ ◂ cursor (3,6)
 4 │dark = "shadow bolt"                    │
 5 │~                                       │
 6 │~                                       │
 7 │~                                       │
 8 │~                                       │
 9 │~                                       │
10 │~                                       │
11 │~                                       │
12 │~                                       │
13 │~                                       │
14 │~                                       │
15 │~                                       │
16 │~                                       │
17 │~                                       │
18 │spell.py              4,7            All│
    ────────────────────────────────────────

[KEYS] 'v'
[OVERLAY] v  visual

              1         2         3         
    0123456789012345678901234567890123456789
    ────────────────────────────────────────
 0 │# spell book                            │
 1 │fire = "fireball"                       │
 2 │ice = "blizzard"                        │
 3 │heal = "restoration"                    │ ◂ cursor (3,6)
 4 │dark = "shadow bolt"                    │
 5 │~                                       │
 6 │~                                       │
 7 │~                                       │
 8 │~                                       │
 9 │~                                       │
10 │~                                       │
11 │~                                       │
12 │~                                       │
13 │~                                       │
14 │~                                       │
15 │~                                       │
16 │~                                       │
17 │~                                       │
18 │spell.py              4,7            All│
19 │-- VISUAL --                 1          │
    ────────────────────────────────────────

[KEYS] '$'
[OVERLAY] ⇧$  line end

              1         2         3         
    0123456789012345678901234567890123456789
    ────────────────────────────────────────
 0 │# spell book                            │
 1 │fire = "fireball"                       │
 2 │ice = "blizzard"                        │
 3 │heal = "restoration"                    │ ◂ cursor (3,20)
 4 │dark = "shadow bolt"                    │
 5 │~                                       │
 6 │~                                       │
 7 │~                                       │
 8 │~                                       │
 9 │~                                       │
10 │~                                       │
11 │~                                       │
12 │~                                       │
13 │~                                       │
14 │~                                       │
15 │~                                       │
16 │~                                       │
17 │~                                       │
18 │spell.py              4,21           All│
19 │-- VISUAL --                 15         │
    ────────────────────────────────────────
[HIGHLIGHT] row 3, cols 6-20: " "restoration""

[SAY] The entire line contents selected. Any motion works inside visual mode.
[ESCAPE]

              1         2         3         
    0123456789012345678901234567890123456789
    ────────────────────────────────────────
 0 │# spell book                            │
 1 │fire = "fireball"                       │
 2 │ice = "blizzard"                        │
 3 │heal = "restoration"                    │ ◂ cursor (3,19)
 4 │dark = "shadow bolt"                    │
 5 │~                                       │
 6 │~                                       │
 7 │~                                       │
 8 │~                                       │
 9 │~                                       │
10 │~                                       │
11 │~                                       │
12 │~                                       │
13 │~                                       │
14 │~                                       │
15 │~                                       │
16 │~                                       │
17 │~                                       │
18 │spell.py              4,20           All│
    ────────────────────────────────────────

[SAY] Lowercase V. Select text, then act on it. The visual feedback makes it safe to experiment.