[RECORDING_START] Screen state at recording start:

              1         2         3         
    0123456789012345678901234567890123456789
    ────────────────────────────────────────
 0 │class Game:                             │ ◂ cursor (0,0)
 1 │    def run(self):                      │
 2 │start()                                 │
 3 │update()                                │
 4 │render()                                │
 5 │    def stop(self):                     │
 6 │        pass                            │
 7 │~                                       │
 8 │~                                       │
 9 │~                                       │
10 │~                                       │
11 │~                                       │
12 │~                                       │
13 │~                                       │
14 │~                                       │
15 │~                                       │
16 │~                                       │
17 │~                                       │
18 │demo.py               1,1            All│
    ────────────────────────────────────────

[OVERLAY] VimFu — Multiple Shifts — :>> :<<<
[SAY] Repeat the greater than or less than sign to shift by multiple levels.
[SAY] Lines three through five need two levels of indentation. Use double greater than.
[TYPE] ':3,5>>'

              1         2         3         
    0123456789012345678901234567890123456789
    ────────────────────────────────────────
 0 │class Game:                             │
 1 │    def run(self):                      │
 2 │start()                                 │
 3 │update()                                │
 4 │render()                                │
 5 │    def stop(self):                     │
 6 │        pass                            │
 7 │~                                       │
 8 │~                                       │
 9 │~                                       │
10 │~                                       │
11 │~                                       │
12 │~                                       │
13 │~                                       │
14 │~                                       │
15 │~                                       │
16 │~                                       │
17 │~                                       │
18 │demo.py               1,1            All│
19 │:3,5>>                                  │ ◂ cursor (19,6)
    ────────────────────────────────────────

[ENTER]

              1         2         3         
    0123456789012345678901234567890123456789
    ────────────────────────────────────────
 0 │class Game:                             │
 1 │    def run(self):                      │
 2 │        start()                         │
 3 │        update()                        │
 4 │        render()                        │ ◂ cursor (4,8)
 5 │    def stop(self):                     │
 6 │        pass                            │
 7 │~                                       │
 8 │~                                       │
 9 │~                                       │
10 │~                                       │
11 │~                                       │
12 │~                                       │
13 │~                                       │
14 │~                                       │
15 │~                                       │
16 │~                                       │
17 │~                                       │
18 │demo.py [+]           5,9            All│
19 │3 lines >ed 2 times                     │
    ────────────────────────────────────────

[SAY] Two levels added. Eight spaces. They're now properly nested inside the method.
[SAY] You can also go the other way. Triple less than removes three levels.
[TYPE] ':3<<<'

              1         2         3         
    0123456789012345678901234567890123456789
    ────────────────────────────────────────
 0 │class Game:                             │
 1 │    def run(self):                      │
 2 │        start()                         │
 3 │        update()                        │
 4 │        render()                        │
 5 │    def stop(self):                     │
 6 │        pass                            │
 7 │~                                       │
 8 │~                                       │
 9 │~                                       │
10 │~                                       │
11 │~                                       │
12 │~                                       │
13 │~                                       │
14 │~                                       │
15 │~                                       │
16 │~                                       │
17 │~                                       │
18 │demo.py [+]           5,9            All│
19 │:3<<<                                   │ ◂ cursor (19,5)
    ────────────────────────────────────────

[ENTER]

              1         2         3         
    0123456789012345678901234567890123456789
    ────────────────────────────────────────
 0 │class Game:                             │
 1 │    def run(self):                      │
 2 │start()                                 │ ◂ cursor (2,0)
 3 │        update()                        │
 4 │        render()                        │
 5 │    def stop(self):                     │
 6 │        pass                            │
 7 │~                                       │
 8 │~                                       │
 9 │~                                       │
10 │~                                       │
11 │~                                       │
12 │~                                       │
13 │~                                       │
14 │~                                       │
15 │~                                       │
16 │~                                       │
17 │~                                       │
18 │demo.py [+]           3,1            All│
19 │:3<<<                                   │
    ────────────────────────────────────────

[SAY] Line three lost all indentation. Three shifts at once.
[SAY] Stack the arrows. Double greater than for two shifts, triple for three. Works with less than too.