[RECORDING_START] Screen state at recording start:

              1         2         3         
    0123456789012345678901234567890123456789
    ────────────────────────────────────────
 0 │import os                               │ ◂ cursor (0,0)
 1 │import sys                              │
 2 │import debug  # remove                  │
 3 │import log  # remove                    │
 4 │                                        │
 5 │def main():                             │
 6 │    run()                               │
 7 │~                                       │
 8 │~                                       │
 9 │~                                       │
10 │~                                       │
11 │~                                       │
12 │~                                       │
13 │~                                       │
14 │~                                       │
15 │~                                       │
16 │~                                       │
17 │~                                       │
18 │app.py                1,1            All│
    ────────────────────────────────────────

[OVERLAY] VimFu — Delete Entire Line
[SAY] D D deletes the entire line. The whole thing.
[SAY] These two debug imports need to go.
[KEYS] 'j'
[OVERLAY] j  down

              1         2         3         
    0123456789012345678901234567890123456789
    ────────────────────────────────────────
 0 │import os                               │
 1 │import sys                              │ ◂ cursor (1,0)
 2 │import debug  # remove                  │
 3 │import log  # remove                    │
 4 │                                        │
 5 │def main():                             │
 6 │    run()                               │
 7 │~                                       │
 8 │~                                       │
 9 │~                                       │
10 │~                                       │
11 │~                                       │
12 │~                                       │
13 │~                                       │
14 │~                                       │
15 │~                                       │
16 │~                                       │
17 │~                                       │
18 │app.py                2,1            All│
    ────────────────────────────────────────

[KEYS] 'j'
[OVERLAY] j  down

              1         2         3         
    0123456789012345678901234567890123456789
    ────────────────────────────────────────
 0 │import os                               │
 1 │import sys                              │
 2 │import debug  # remove                  │ ◂ cursor (2,0)
 3 │import log  # remove                    │
 4 │                                        │
 5 │def main():                             │
 6 │    run()                               │
 7 │~                                       │
 8 │~                                       │
 9 │~                                       │
10 │~                                       │
11 │~                                       │
12 │~                                       │
13 │~                                       │
14 │~                                       │
15 │~                                       │
16 │~                                       │
17 │~                                       │
18 │app.py                3,1            All│
    ────────────────────────────────────────

[KEYS] 'd'
[OVERLAY] d  delete

              1         2         3         
    0123456789012345678901234567890123456789
    ────────────────────────────────────────
 0 │import os                               │
 1 │import sys                              │
 2 │import debug  # remove                  │ ◂ cursor (2,0)
 3 │import log  # remove                    │
 4 │                                        │
 5 │def main():                             │
 6 │    run()                               │
 7 │~                                       │
 8 │~                                       │
 9 │~                                       │
10 │~                                       │
11 │~                                       │
12 │~                                       │
13 │~                                       │
14 │~                                       │
15 │~                                       │
16 │~                                       │
17 │~                                       │
18 │app.py                3,1            All│
19 │                             d          │
    ────────────────────────────────────────

[KEYS] 'd'
[OVERLAY] d  delete line

              1         2         3         
    0123456789012345678901234567890123456789
    ────────────────────────────────────────
 0 │import os                               │
 1 │import sys                              │
 2 │import log  # remove                    │ ◂ cursor (2,0)
 3 │                                        │
 4 │def main():                             │
 5 │    run()                               │
 6 │~                                       │
 7 │~                                       │
 8 │~                                       │
 9 │~                                       │
10 │~                                       │
11 │~                                       │
12 │~                                       │
13 │~                                       │
14 │~                                       │
15 │~                                       │
16 │~                                       │
17 │~                                       │
18 │app.py [+]            3,1            All│
    ────────────────────────────────────────

[SAY] The whole line is gone. Everything shifted up.
[SAY] The next line moved up. Delete it too.
[KEYS] 'd'
[OVERLAY] d  delete line

              1         2         3         
    0123456789012345678901234567890123456789
    ────────────────────────────────────────
 0 │import os                               │
 1 │import sys                              │
 2 │import log  # remove                    │ ◂ cursor (2,0)
 3 │                                        │
 4 │def main():                             │
 5 │    run()                               │
 6 │~                                       │
 7 │~                                       │
 8 │~                                       │
 9 │~                                       │
10 │~                                       │
11 │~                                       │
12 │~                                       │
13 │~                                       │
14 │~                                       │
15 │~                                       │
16 │~                                       │
17 │~                                       │
18 │app.py [+]            3,1            All│
19 │                             d          │
    ────────────────────────────────────────

[KEYS] 'd'
[OVERLAY] d  delete line

              1         2         3         
    0123456789012345678901234567890123456789
    ────────────────────────────────────────
 0 │import os                               │
 1 │import sys                              │
 2 │                                        │ ◂ cursor (2,0)
 3 │def main():                             │
 4 │    run()                               │
 5 │~                                       │
 6 │~                                       │
 7 │~                                       │
 8 │~                                       │
 9 │~                                       │
10 │~                                       │
11 │~                                       │
12 │~                                       │
13 │~                                       │
14 │~                                       │
15 │~                                       │
16 │~                                       │
17 │~                                       │
18 │app.py [+]            3,0-1          All│
    ────────────────────────────────────────

[SAY] Two lines removed. Two D D commands.
[SAY] You can also use a count. Three D D deletes three lines.
[KEYS] 'g'
[OVERLAY] g

              1         2         3         
    0123456789012345678901234567890123456789
    ────────────────────────────────────────
 0 │import os                               │
 1 │import sys                              │
 2 │                                        │ ◂ cursor (2,0)
 3 │def main():                             │
 4 │    run()                               │
 5 │~                                       │
 6 │~                                       │
 7 │~                                       │
 8 │~                                       │
 9 │~                                       │
10 │~                                       │
11 │~                                       │
12 │~                                       │
13 │~                                       │
14 │~                                       │
15 │~                                       │
16 │~                                       │
17 │~                                       │
18 │app.py [+]            3,0-1          All│
19 │                             g          │
    ────────────────────────────────────────

[KEYS] 'g'
[OVERLAY] g  file start

              1         2         3         
    0123456789012345678901234567890123456789
    ────────────────────────────────────────
 0 │import os                               │ ◂ cursor (0,0)
 1 │import sys                              │
 2 │                                        │
 3 │def main():                             │
 4 │    run()                               │
 5 │~                                       │
 6 │~                                       │
 7 │~                                       │
 8 │~                                       │
 9 │~                                       │
10 │~                                       │
11 │~                                       │
12 │~                                       │
13 │~                                       │
14 │~                                       │
15 │~                                       │
16 │~                                       │
17 │~                                       │
18 │app.py [+]            1,1            All│
    ────────────────────────────────────────

[KEYS] '3'
[OVERLAY] 3

              1         2         3         
    0123456789012345678901234567890123456789
    ────────────────────────────────────────
 0 │import os                               │ ◂ cursor (0,0)
 1 │import sys                              │
 2 │                                        │
 3 │def main():                             │
 4 │    run()                               │
 5 │~                                       │
 6 │~                                       │
 7 │~                                       │
 8 │~                                       │
 9 │~                                       │
10 │~                                       │
11 │~                                       │
12 │~                                       │
13 │~                                       │
14 │~                                       │
15 │~                                       │
16 │~                                       │
17 │~                                       │
18 │app.py [+]            1,1            All│
19 │                             3          │
    ────────────────────────────────────────

[KEYS] 'd'
[OVERLAY] d  delete

              1         2         3         
    0123456789012345678901234567890123456789
    ────────────────────────────────────────
 0 │import os                               │ ◂ cursor (0,0)
 1 │import sys                              │
 2 │                                        │
 3 │def main():                             │
 4 │    run()                               │
 5 │~                                       │
 6 │~                                       │
 7 │~                                       │
 8 │~                                       │
 9 │~                                       │
10 │~                                       │
11 │~                                       │
12 │~                                       │
13 │~                                       │
14 │~                                       │
15 │~                                       │
16 │~                                       │
17 │~                                       │
18 │app.py [+]            1,1            All│
19 │                             3d         │
    ────────────────────────────────────────

[KEYS] 'd'
[OVERLAY] d  delete line

              1         2         3         
    0123456789012345678901234567890123456789
    ────────────────────────────────────────
 0 │def main():                             │ ◂ cursor (0,0)
 1 │    run()                               │
 2 │~                                       │
 3 │~                                       │
 4 │~                                       │
 5 │~                                       │
 6 │~                                       │
 7 │~                                       │
 8 │~                                       │
 9 │~                                       │
10 │~                                       │
11 │~                                       │
12 │~                                       │
13 │~                                       │
14 │~                                       │
15 │~                                       │
16 │~                                       │
17 │~                                       │
18 │app.py [+]            1,1            All│
19 │3 fewer lines                           │
    ────────────────────────────────────────

[SAY] Three lines in one shot.
[KEYS] 'u'
[OVERLAY] u  undo

              1         2         3         
    0123456789012345678901234567890123456789
    ────────────────────────────────────────
 0 │import os                               │ ◂ cursor (0,0)
 1 │import sys                              │
 2 │                                        │
 3 │def main():                             │
 4 │    run()                               │
 5 │~                                       │
 6 │~                                       │
 7 │~                                       │
 8 │~                                       │
 9 │~                                       │
10 │~                                       │
11 │~                                       │
12 │~                                       │
13 │~                                       │
14 │~                                       │
15 │~                                       │
16 │~                                       │
17 │~                                       │
18 │app.py [+]            1,1            All│
19 │3 more lines...3 seconds ago            │
    ────────────────────────────────────────

[KEYS] 'u'
[OVERLAY] u  undo

              1         2         3         
    0123456789012345678901234567890123456789
    ────────────────────────────────────────
 0 │import os                               │
 1 │import sys                              │
 2 │import log  # remove                    │ ◂ cursor (2,0)
 3 │                                        │
 4 │def main():                             │
 5 │    run()                               │
 6 │~                                       │
 7 │~                                       │
 8 │~                                       │
 9 │~                                       │
10 │~                                       │
11 │~                                       │
12 │~                                       │
13 │~                                       │
14 │~                                       │
15 │~                                       │
16 │~                                       │
17 │~                                       │
18 │app.py [+]            3,1            All│
19 │1 more line;...1 seconds ago            │
    ────────────────────────────────────────

[KEYS] 'u'
[OVERLAY] u  undo

              1         2         3         
    0123456789012345678901234567890123456789
    ────────────────────────────────────────
 0 │import os                               │
 1 │import sys                              │
 2 │import debug  # remove                  │ ◂ cursor (2,0)
 3 │import log  # remove                    │
 4 │                                        │
 5 │def main():                             │
 6 │    run()                               │
 7 │~                                       │
 8 │~                                       │
 9 │~                                       │
10 │~                                       │
11 │~                                       │
12 │~                                       │
13 │~                                       │
14 │~                                       │
15 │~                                       │
16 │~                                       │
17 │~                                       │
18 │app.py                3,1            All│
19 │1 more line;...9 seconds ago            │
    ────────────────────────────────────────

[SAY] D D. Delete the line.