[RECORDING_START] Screen state at recording start:

              1         2         3         
    0123456789012345678901234567890123456789
    ────────────────────────────────────────
 0 │➜  vimfu                                │ ◂ cursor (0,9)
 1 │                                        │
 2 │                                        │
 3 │                                        │
 4 │                                        │
 5 │                                        │
 6 │                                        │
 7 │                                        │
 8 │                                        │
 9 │                                        │
10 │                                        │
11 │                                        │
12 │                                        │
13 │                                        │
14 │                                        │
15 │                                        │
16 │                                        │
17 │                                        │
18 │                                        │
19 │[0] 0:zsh*       "vimfu" 21:19 22-May-26│
    ────────────────────────────────────────

[OVERLAY] VimFu — split-window
[SAY] Control B colon opens the tmux command prompt. Type split-window to split a pane.
[SAY] Split-window with no flags splits top and bottom.
[KEYS] '\x02'
[OVERLAY] ⌃b  prefix

              1         2         3         
    0123456789012345678901234567890123456789
    ────────────────────────────────────────
 0 │➜  vimfu                                │ ◂ cursor (0,9)
 1 │                                        │
 2 │                                        │
 3 │                                        │
 4 │                                        │
 5 │                                        │
 6 │                                        │
 7 │                                        │
 8 │                                        │
 9 │                                        │
10 │                                        │
11 │                                        │
12 │                                        │
13 │                                        │
14 │                                        │
15 │                                        │
16 │                                        │
17 │                                        │
18 │                                        │
19 │[0] 0:zsh*       "vimfu" 21:19 22-May-26│
    ────────────────────────────────────────

[KEYS] ':'
[OVERLAY] ⇧:  command

              1         2         3         
    0123456789012345678901234567890123456789
    ────────────────────────────────────────
 0 │➜  vimfu                                │ ◂ cursor (0,9)
 1 │                                        │
 2 │                                        │
 3 │                                        │
 4 │                                        │
 5 │                                        │
 6 │                                        │
 7 │                                        │
 8 │                                        │
 9 │                                        │
10 │                                        │
11 │                                        │
12 │                                        │
13 │                                        │
14 │                                        │
15 │                                        │
16 │                                        │
17 │                                        │
18 │                                        │
19 │:                                       │
    ────────────────────────────────────────

[TYPE] 'split-window'

              1         2         3         
    0123456789012345678901234567890123456789
    ────────────────────────────────────────
 0 │➜  vimfu                                │ ◂ cursor (0,9)
 1 │                                        │
 2 │                                        │
 3 │                                        │
 4 │                                        │
 5 │                                        │
 6 │                                        │
 7 │                                        │
 8 │                                        │
 9 │                                        │
10 │                                        │
11 │                                        │
12 │                                        │
13 │                                        │
14 │                                        │
15 │                                        │
16 │                                        │
17 │                                        │
18 │                                        │
19 │:split-window                           │
    ────────────────────────────────────────

[KEYS] '\r'
[OVERLAY] ⏎

              1         2         3         
    0123456789012345678901234567890123456789
    ────────────────────────────────────────
 0 │➜  vimfu                                │
 1 │                                        │
 2 │                                        │
 3 │                                        │
 4 │                                        │
 5 │                                        │
 6 │                                        │
 7 │                                        │
 8 │                                        │
 9 │────────────────────────────────────────│
10 │➜  vimfu                                │ ◂ cursor (10,9)
11 │                                        │
12 │                                        │
13 │                                        │
14 │                                        │
15 │                                        │
16 │                                        │
17 │                                        │
18 │                                        │
19 │[0] 0:zsh*       "vimfu" 21:20 22-May-26│
    ────────────────────────────────────────

[SAY] Horizontal split. Now add dash H for a vertical split.
[KEYS] '\x02'
[OVERLAY] ⌃b  prefix

              1         2         3         
    0123456789012345678901234567890123456789
    ────────────────────────────────────────
 0 │➜  vimfu                                │
 1 │                                        │
 2 │                                        │
 3 │                                        │
 4 │                                        │
 5 │                                        │
 6 │                                        │
 7 │                                        │
 8 │                                        │
 9 │────────────────────────────────────────│
10 │➜  vimfu                                │ ◂ cursor (10,9)
11 │                                        │
12 │                                        │
13 │                                        │
14 │                                        │
15 │                                        │
16 │                                        │
17 │                                        │
18 │                                        │
19 │[0] 0:zsh*       "vimfu" 21:20 22-May-26│
    ────────────────────────────────────────

[KEYS] ':'
[OVERLAY] ⇧:  command

              1         2         3         
    0123456789012345678901234567890123456789
    ────────────────────────────────────────
 0 │➜  vimfu                                │
 1 │                                        │
 2 │                                        │
 3 │                                        │
 4 │                                        │
 5 │                                        │
 6 │                                        │
 7 │                                        │
 8 │                                        │
 9 │────────────────────────────────────────│
10 │➜  vimfu                                │ ◂ cursor (10,9)
11 │                                        │
12 │                                        │
13 │                                        │
14 │                                        │
15 │                                        │
16 │                                        │
17 │                                        │
18 │                                        │
19 │:                                       │
    ────────────────────────────────────────

[TYPE] 'split-window -h'

              1         2         3         
    0123456789012345678901234567890123456789
    ────────────────────────────────────────
 0 │➜  vimfu                                │
 1 │                                        │
 2 │                                        │
 3 │                                        │
 4 │                                        │
 5 │                                        │
 6 │                                        │
 7 │                                        │
 8 │                                        │
 9 │────────────────────────────────────────│
10 │➜  vimfu                                │ ◂ cursor (10,9)
11 │                                        │
12 │                                        │
13 │                                        │
14 │                                        │
15 │                                        │
16 │                                        │
17 │                                        │
18 │                                        │
19 │:split-window -h                        │
    ────────────────────────────────────────

[KEYS] '\r'
[OVERLAY] ⏎

              1         2         3         
    0123456789012345678901234567890123456789
    ────────────────────────────────────────
 0 │➜  vimfu                                │
 1 │                                        │
 2 │                                        │
 3 │                                        │
 4 │                                        │
 5 │                                        │
 6 │                                        │
 7 │                                        │
 8 │                                        │
 9 │────────────────────┬───────────────────│
10 │➜  vimfu            │                   │ ◂ cursor (10,21)
11 │                    │                   │
12 │                    │                   │
13 │                    │                   │
14 │                    │                   │
15 │                    │                   │
16 │                    │                   │
17 │                    │                   │
18 │                    │                   │
19 │[0] 0:zsh*       "vimfu" 21:20 22-May-26│
    ────────────────────────────────────────

[SAY] Vertical split. Short form is splitw. Same as control B percent and control B double-quote, but from the command prompt.
[SAY] Split-window. The command behind the keybinding.