[RECORDING_START] Screen state at recording start:

              1         2         3         
    0123456789012345678901234567890123456789
    ────────────────────────────────────────
 0 │# lines                                 │ ◂ cursor (0,0)
 1 │a = 1                                   │
 2 │b = 2                                   │
 3 │c = 3                                   │
 4 │d = 4                                   │
 5 │e = 5                                   │
 6 │f = 6                                   │
 7 │~                                       │
 8 │~                                       │
 9 │~                                       │
10 │~                                       │
11 │~                                       │
12 │~                                       │
13 │~                                       │
14 │~                                       │
15 │~                                       │
16 │~                                       │
17 │~                                       │
18 │lines.py              1,1            All│
    ────────────────────────────────────────

[OVERLAY] VimFu — @: — Repeat Last Command
[SAY] At colon repeats the last Ex command. If you need to run the same command again, this saves you from retyping it.
[SAY] Delete the last line with colon dollar D.
[TYPE] ':$d'

              1         2         3         
    0123456789012345678901234567890123456789
    ────────────────────────────────────────
 0 │# lines                                 │
 1 │a = 1                                   │
 2 │b = 2                                   │
 3 │c = 3                                   │
 4 │d = 4                                   │
 5 │e = 5                                   │
 6 │f = 6                                   │
 7 │~                                       │
 8 │~                                       │
 9 │~                                       │
10 │~                                       │
11 │~                                       │
12 │~                                       │
13 │~                                       │
14 │~                                       │
15 │~                                       │
16 │~                                       │
17 │~                                       │
18 │lines.py              1,1            All│
19 │:$d                                     │ ◂ cursor (19,3)
    ────────────────────────────────────────

[ENTER]

              1         2         3         
    0123456789012345678901234567890123456789
    ────────────────────────────────────────
 0 │# lines                                 │
 1 │a = 1                                   │
 2 │b = 2                                   │
 3 │c = 3                                   │
 4 │d = 4                                   │
 5 │e = 5                                   │ ◂ cursor (5,0)
 6 │~                                       │
 7 │~                                       │
 8 │~                                       │
 9 │~                                       │
10 │~                                       │
11 │~                                       │
12 │~                                       │
13 │~                                       │
14 │~                                       │
15 │~                                       │
16 │~                                       │
17 │~                                       │
18 │lines.py [+]          6,1            All│
19 │:$d                                     │
    ────────────────────────────────────────

[SAY] Line F is gone. Now press at colon to repeat.
[KEYS] '@:'
[OVERLAY] @:  @: — repeat last command

              1         2         3         
    0123456789012345678901234567890123456789
    ────────────────────────────────────────
 0 │# lines                                 │
 1 │a = 1                                   │
 2 │b = 2                                   │
 3 │c = 3                                   │
 4 │d = 4                                   │ ◂ cursor (4,0)
 5 │~                                       │
 6 │~                                       │
 7 │~                                       │
 8 │~                                       │
 9 │~                                       │
10 │~                                       │
11 │~                                       │
12 │~                                       │
13 │~                                       │
14 │~                                       │
15 │~                                       │
16 │~                                       │
17 │~                                       │
18 │lines.py [+]          5,1            All│
19 │:$d                                     │
    ────────────────────────────────────────

[SAY] Line E is gone too. Same command, re-executed.
[SAY] After the first at colon, you can use at at to keep repeating.
[KEYS] '@@'
[OVERLAY] @@  @@ — repeat again

              1         2         3         
    0123456789012345678901234567890123456789
    ────────────────────────────────────────
 0 │# lines                                 │
 1 │a = 1                                   │
 2 │b = 2                                   │
 3 │c = 3                                   │ ◂ cursor (3,0)
 4 │~                                       │
 5 │~                                       │
 6 │~                                       │
 7 │~                                       │
 8 │~                                       │
 9 │~                                       │
10 │~                                       │
11 │~                                       │
12 │~                                       │
13 │~                                       │
14 │~                                       │
15 │~                                       │
16 │~                                       │
17 │~                                       │
18 │lines.py [+]          4,1            All│
19 │:$d                                     │
    ────────────────────────────────────────

[SAY] Line D gone.
[KEYS] '@@'
[OVERLAY] @@  repeat macro

              1         2         3         
    0123456789012345678901234567890123456789
    ────────────────────────────────────────
 0 │# lines                                 │
 1 │a = 1                                   │
 2 │b = 2                                   │ ◂ cursor (2,0)
 3 │~                                       │
 4 │~                                       │
 5 │~                                       │
 6 │~                                       │
 7 │~                                       │
 8 │~                                       │
 9 │~                                       │
10 │~                                       │
11 │~                                       │
12 │~                                       │
13 │~                                       │
14 │~                                       │
15 │~                                       │
16 │~                                       │
17 │~                                       │
18 │lines.py [+]          3,1            All│
19 │:$d                                     │
    ────────────────────────────────────────

[SAY] Line C gone. At colon for the first repeat, then at at to keep going.
[SAY] At colon. Repeat the last Ex command.