[RECORDING_START] Screen state at recording start:

              1         2         3         
    0123456789012345678901234567890123456789
    ────────────────────────────────────────
 0 │➜  vimfu                                │ ◂ cursor (0,9)
 1 │                                        │
 2 │                                        │
 3 │                                        │
 4 │                                        │
 5 │                                        │
 6 │                                        │
 7 │                                        │
 8 │                                        │
 9 │                                        │
10 │                                        │
11 │                                        │
12 │                                        │
13 │                                        │
14 │                                        │
15 │                                        │
16 │                                        │
17 │                                        │
18 │                                        │
19 │[0] 0:zsh*       "vimfu" 21:30 22-May-26│
    ────────────────────────────────────────

[OVERLAY] VimFu — list-keys
[SAY] List-keys shows every tmux key binding. Same as control B question mark.
[SAY] Control B colon, list-keys, enter.
[KEYS] '\x02'
[OVERLAY] ⌃b  prefix

              1         2         3         
    0123456789012345678901234567890123456789
    ────────────────────────────────────────
 0 │➜  vimfu                                │ ◂ cursor (0,9)
 1 │                                        │
 2 │                                        │
 3 │                                        │
 4 │                                        │
 5 │                                        │
 6 │                                        │
 7 │                                        │
 8 │                                        │
 9 │                                        │
10 │                                        │
11 │                                        │
12 │                                        │
13 │                                        │
14 │                                        │
15 │                                        │
16 │                                        │
17 │                                        │
18 │                                        │
19 │[0] 0:zsh*       "vimfu" 21:30 22-May-26│
    ────────────────────────────────────────

[KEYS] ':'
[OVERLAY] ⇧:  command

              1         2         3         
    0123456789012345678901234567890123456789
    ────────────────────────────────────────
 0 │➜  vimfu                                │ ◂ cursor (0,9)
 1 │                                        │
 2 │                                        │
 3 │                                        │
 4 │                                        │
 5 │                                        │
 6 │                                        │
 7 │                                        │
 8 │                                        │
 9 │                                        │
10 │                                        │
11 │                                        │
12 │                                        │
13 │                                        │
14 │                                        │
15 │                                        │
16 │                                        │
17 │                                        │
18 │                                        │
19 │:                                       │
    ────────────────────────────────────────

[TYPE] 'list-keys'

              1         2         3         
    0123456789012345678901234567890123456789
    ────────────────────────────────────────
 0 │➜  vimfu                                │ ◂ cursor (0,9)
 1 │                                        │
 2 │                                        │
 3 │                                        │
 4 │                                        │
 5 │                                        │
 6 │                                        │
 7 │                                        │
 8 │                                        │
 9 │                                        │
10 │                                        │
11 │                                        │
12 │                                        │
13 │                                        │
14 │                                        │
15 │                                        │
16 │                                        │
17 │                                        │
18 │                                        │
19 │:list-keys                              │
    ────────────────────────────────────────

[KEYS] '\r'
[OVERLAY] ⏎

              1         2         3         
    0123456789012345678901234567890123456789
    ────────────────────────────────────────
 0 │bind-key    -T copy-mode    C-S[698/698]│ ◂ cursor (0,0)
 1 │         send-keys -X begin-selection   │
 2 │bind-key    -T copy-mode    C-a         │
 3 │         send-keys -X start-of-line     │
 4 │bind-key    -T copy-mode    C-b         │
 5 │         send-keys -X cursor-left       │
 6 │bind-key    -T copy-mode    C-c         │
 7 │         send-keys -X cancel            │
 8 │bind-key    -T copy-mode    C-e         │
 9 │         send-keys -X end-of-line       │
10 │bind-key    -T copy-mode    C-f         │
11 │         send-keys -X cursor-right      │
12 │bind-key    -T copy-mode    C-g         │
13 │         send-keys -X clear-selection   │
14 │bind-key    -T copy-mode    C-k         │
15 │         send-keys -X copy-end-of-line  │
16 │bind-key    -T copy-mode    C-n         │
17 │         send-keys -X cursor-down       │
18 │bind-key    -T copy-mode    C-p         │
19 │[0] 0:[tmux]*    "vimfu" 21:30 22-May-26│
    ────────────────────────────────────────
[HIGHLIGHT] row 0, cols 31-39: "[698/698]"

[SAY] All the bindings. Scroll with the arrow keys. Press Q to exit. Short form is lsk.
[KEYS] 'q'
[OVERLAY] q  record macro

              1         2         3         
    0123456789012345678901234567890123456789
    ────────────────────────────────────────
 0 │➜  vimfu                                │ ◂ cursor (0,9)
 1 │                                        │
 2 │                                        │
 3 │                                        │
 4 │                                        │
 5 │                                        │
 6 │                                        │
 7 │                                        │
 8 │                                        │
 9 │                                        │
10 │                                        │
11 │                                        │
12 │                                        │
13 │                                        │
14 │                                        │
15 │                                        │
16 │                                        │
17 │                                        │
18 │                                        │
19 │[0] 0:zsh*       "vimfu" 21:30 22-May-26│
    ────────────────────────────────────────

[SAY] List-keys. Your tmux cheat sheet, built in.