[RECORDING_START] Screen state at recording start:

              1         2         3         
    0123456789012345678901234567890123456789
    ────────────────────────────────────────
 0 │spell = "fireball"                      │ ◂ cursor (0,0)
 1 │~                                       │
 2 │~                                       │
 3 │~                                       │
 4 │~                                       │
 5 │~                                       │
 6 │~                                       │
 7 │~                                       │
 8 │~                                       │
 9 │~                                       │
10 │~                                       │
11 │~                                       │
12 │~                                       │
13 │~                                       │
14 │~                                       │
15 │~                                       │
16 │~                                       │
17 │~                                       │
18 │demo.py               1,1            All│
    ────────────────────────────────────────

[OVERLAY] VimFu — The Backspace Key
[SAY] In normal mode, backspace moves the cursor one character to the left. Same as H. It does not delete anything.
[SAY] Move to the end first. Now backspace.
[KEYS] '$'
[OVERLAY] ⇧$

              1         2         3         
    0123456789012345678901234567890123456789
    ────────────────────────────────────────
 0 │spell = "fireball"                      │ ◂ cursor (0,17)
 1 │~                                       │
 2 │~                                       │
 3 │~                                       │
 4 │~                                       │
 5 │~                                       │
 6 │~                                       │
 7 │~                                       │
 8 │~                                       │
 9 │~                                       │
10 │~                                       │
11 │~                                       │
12 │~                                       │
13 │~                                       │
14 │~                                       │
15 │~                                       │
16 │~                                       │
17 │~                                       │
18 │demo.py               1,18           All│
    ────────────────────────────────────────

[BACKSPACE] 1

              1         2         3         
    0123456789012345678901234567890123456789
    ────────────────────────────────────────
 0 │spell = "fireball"                      │ ◂ cursor (0,16)
 1 │~                                       │
 2 │~                                       │
 3 │~                                       │
 4 │~                                       │
 5 │~                                       │
 6 │~                                       │
 7 │~                                       │
 8 │~                                       │
 9 │~                                       │
10 │~                                       │
11 │~                                       │
12 │~                                       │
13 │~                                       │
14 │~                                       │
15 │~                                       │
16 │~                                       │
17 │~                                       │
18 │demo.py               1,17           All│
    ────────────────────────────────────────

[BACKSPACE] 1

              1         2         3         
    0123456789012345678901234567890123456789
    ────────────────────────────────────────
 0 │spell = "fireball"                      │ ◂ cursor (0,15)
 1 │~                                       │
 2 │~                                       │
 3 │~                                       │
 4 │~                                       │
 5 │~                                       │
 6 │~                                       │
 7 │~                                       │
 8 │~                                       │
 9 │~                                       │
10 │~                                       │
11 │~                                       │
12 │~                                       │
13 │~                                       │
14 │~                                       │
15 │~                                       │
16 │~                                       │
17 │~                                       │
18 │demo.py               1,16           All│
    ────────────────────────────────────────

[BACKSPACE] 1

              1         2         3         
    0123456789012345678901234567890123456789
    ────────────────────────────────────────
 0 │spell = "fireball"                      │ ◂ cursor (0,14)
 1 │~                                       │
 2 │~                                       │
 3 │~                                       │
 4 │~                                       │
 5 │~                                       │
 6 │~                                       │
 7 │~                                       │
 8 │~                                       │
 9 │~                                       │
10 │~                                       │
11 │~                                       │
12 │~                                       │
13 │~                                       │
14 │~                                       │
15 │~                                       │
16 │~                                       │
17 │~                                       │
18 │demo.py               1,15           All│
    ────────────────────────────────────────

[BACKSPACE] 1

              1         2         3         
    0123456789012345678901234567890123456789
    ────────────────────────────────────────
 0 │spell = "fireball"                      │ ◂ cursor (0,13)
 1 │~                                       │
 2 │~                                       │
 3 │~                                       │
 4 │~                                       │
 5 │~                                       │
 6 │~                                       │
 7 │~                                       │
 8 │~                                       │
 9 │~                                       │
10 │~                                       │
11 │~                                       │
12 │~                                       │
13 │~                                       │
14 │~                                       │
15 │~                                       │
16 │~                                       │
17 │~                                       │
18 │demo.py               1,14           All│
    ────────────────────────────────────────

[SAY] Moved left four times. Nothing deleted. In normal mode, backspace is just H. In insert mode, it deletes as expected.
[SAY] Backspace. Move left in normal mode. Use H instead, your hands stay on home row.