[RECORDING_START] Screen state at recording start:

              1         2         3         
    0123456789012345678901234567890123456789
    ────────────────────────────────────────
 0 │msg = hello world                       │ ◂ cursor (0,0)
 1 │path = config.yaml                      │
 2 │~                                       │
 3 │~                                       │
 4 │~                                       │
 5 │~                                       │
 6 │~                                       │
 7 │~                                       │
 8 │~                                       │
 9 │~                                       │
10 │~                                       │
11 │~                                       │
12 │~                                       │
13 │~                                       │
14 │~                                       │
15 │~                                       │
16 │~                                       │
17 │~                                       │
18 │motion.py             1,1            All│
    ────────────────────────────────────────

[OVERLAY] VimFu — Surround with Motion
[SAY] Y S takes any motion as its first argument, not just text objects. You can use dollar sign, F, T, or any movement.
[SAY] Y S dollar sign, double quote. Surround from cursor to end of line.
[KEYS] 'fh'
[OVERLAY] fh

              1         2         3         
    0123456789012345678901234567890123456789
    ────────────────────────────────────────
 0 │msg = hello world                       │ ◂ cursor (0,6)
 1 │path = config.yaml                      │
 2 │~                                       │
 3 │~                                       │
 4 │~                                       │
 5 │~                                       │
 6 │~                                       │
 7 │~                                       │
 8 │~                                       │
 9 │~                                       │
10 │~                                       │
11 │~                                       │
12 │~                                       │
13 │~                                       │
14 │~                                       │
15 │~                                       │
16 │~                                       │
17 │~                                       │
18 │motion.py             1,7            All│
    ────────────────────────────────────────

[KEYS] 'ys$"'
[OVERLAY] ys$"  ys$"

              1         2         3         
    0123456789012345678901234567890123456789
    ────────────────────────────────────────
 0 │msg = "hello world"                     │ ◂ cursor (0,6)
 1 │path = config.yaml                      │
 2 │~                                       │
 3 │~                                       │
 4 │~                                       │
 5 │~                                       │
 6 │~                                       │
 7 │~                                       │
 8 │~                                       │
 9 │~                                       │
10 │~                                       │
11 │~                                       │
12 │~                                       │
13 │~                                       │
14 │~                                       │
15 │~                                       │
16 │~                                       │
17 │~                                       │
18 │motion.py [+]         1,7            All│
    ────────────────────────────────────────

[SAY] Everything from cursor to end of line is wrapped in quotes.
[KEYS] 'u'
[OVERLAY] u  undo

              1         2         3         
    0123456789012345678901234567890123456789
    ────────────────────────────────────────
 0 │msg = hello world                       │ ◂ cursor (0,6)
 1 │path = config.yaml                      │
 2 │~                                       │
 3 │~                                       │
 4 │~                                       │
 5 │~                                       │
 6 │~                                       │
 7 │~                                       │
 8 │~                                       │
 9 │~                                       │
10 │~                                       │
11 │~                                       │
12 │~                                       │
13 │~                                       │
14 │~                                       │
15 │~                                       │
16 │~                                       │
17 │~                                       │
18 │motion.py             1,7            All│
19 │1 change; be...7 seconds ago            │
    ────────────────────────────────────────

[SAY] Y S F dot, double quote. Surround from cursor to the dot.
[KEYS] 'jfc'
[OVERLAY] jfc

              1         2         3         
    0123456789012345678901234567890123456789
    ────────────────────────────────────────
 0 │msg = hello world                       │
 1 │path = config.yaml                      │ ◂ cursor (1,7)
 2 │~                                       │
 3 │~                                       │
 4 │~                                       │
 5 │~                                       │
 6 │~                                       │
 7 │~                                       │
 8 │~                                       │
 9 │~                                       │
10 │~                                       │
11 │~                                       │
12 │~                                       │
13 │~                                       │
14 │~                                       │
15 │~                                       │
16 │~                                       │
17 │~                                       │
18 │motion.py             2,8            All│
19 │1 change; be...7 seconds ago            │
    ────────────────────────────────────────

[KEYS] 'ysf."'
[OVERLAY] ysf."  ysf."

              1         2         3         
    0123456789012345678901234567890123456789
    ────────────────────────────────────────
 0 │msg = hello world                       │
 1 │path = "config."yaml                    │ ◂ cursor (1,7)
 2 │~                                       │
 3 │~                                       │
 4 │~                                       │
 5 │~                                       │
 6 │~                                       │
 7 │~                                       │
 8 │~                                       │
 9 │~                                       │
10 │~                                       │
11 │~                                       │
12 │~                                       │
13 │~                                       │
14 │~                                       │
15 │~                                       │
16 │~                                       │
17 │~                                       │
18 │motion.py [+]         2,8            All│
19 │1 change; be...7 seconds ago            │
    ────────────────────────────────────────

[SAY] Config dot is wrapped. Any motion defines the region to surround.