[RECORDING_START] Screen state at recording start:

              1         2         3         
    0123456789012345678901234567890123456789
    ────────────────────────────────────────
 0 │class Fighter:                          │ ◂ cursor (0,0)
 1 │+--  6 lines: def slash(self):··········│
 2 │                                        │
 3 │class Healer:                           │
 4 │+--  6 lines: def cure(self):···········│
 5 │~                                       │
 6 │~                                       │
 7 │~                                       │
 8 │~                                       │
 9 │~                                       │
10 │~                                       │
11 │~                                       │
12 │~                                       │
13 │~                                       │
14 │~                                       │
15 │~                                       │
16 │~                                       │
17 │~                                       │
18 │rpg.py                1,1            All│
    ────────────────────────────────────────
[HIGHLIGHT] row 1, cols 0-39: "+--  6 lines: def slash(self):··········"
[HIGHLIGHT] row 4, cols 0-39: "+--  6 lines: def cure(self):···········"

[OVERLAY] VimFu — zr zm — Fold Level
[SAY] Z R increases the fold level by one, opening the next layer of folds. Z M decreases it, closing a layer.
[SAY] Everything is folded. Z R to open one level.
[KEYS] 'zr'
[OVERLAY] zr  open one level

              1         2         3         
    0123456789012345678901234567890123456789
    ────────────────────────────────────────
 0 │class Fighter:                          │ ◂ cursor (0,0)
 1 │    def slash(self):                    │
 2 │+---  2 lines: damage = 40··············│
 3 │    def block(self):                    │
 4 │+---  2 lines: armor = 60···············│
 5 │                                        │
 6 │class Healer:                           │
 7 │    def cure(self):                     │
 8 │+---  2 lines: restore = 50·············│
 9 │    def buff(self):                     │
10 │+---  2 lines: boost = 20···············│
11 │~                                       │
12 │~                                       │
13 │~                                       │
14 │~                                       │
15 │~                                       │
16 │~                                       │
17 │~                                       │
18 │rpg.py                1,1            All│
    ────────────────────────────────────────
[HIGHLIGHT] row 2, cols 0-39: "+---  2 lines: damage = 40··············"
[HIGHLIGHT] row 4, cols 0-39: "+---  2 lines: armor = 60···············"
[HIGHLIGHT] row 8, cols 0-39: "+---  2 lines: restore = 50·············"
[HIGHLIGHT] row 10, cols 0-39: "+---  2 lines: boost = 20···············"

[SAY] The class bodies are visible. But method bodies are still folded. One more Z R.
[KEYS] 'zr'
[OVERLAY] zr  open another level

              1         2         3         
    0123456789012345678901234567890123456789
    ────────────────────────────────────────
 0 │class Fighter:                          │ ◂ cursor (0,0)
 1 │    def slash(self):                    │
 2 │        damage = 40                     │
 3 │        return damage                   │
 4 │    def block(self):                    │
 5 │        armor = 60                      │
 6 │        return armor                    │
 7 │                                        │
 8 │class Healer:                           │
 9 │    def cure(self):                     │
10 │        restore = 50                    │
11 │        return restore                  │
12 │    def buff(self):                     │
13 │        boost = 20                      │
14 │        return boost                    │
15 │~                                       │
16 │~                                       │
17 │~                                       │
18 │rpg.py                1,1            All│
    ────────────────────────────────────────

[SAY] Everything is open now. Two levels of folds.
[SAY] Z M closes one level at a time.
[KEYS] 'zm'
[OVERLAY] zm  close one level

              1         2         3         
    0123456789012345678901234567890123456789
    ────────────────────────────────────────
 0 │class Fighter:                          │ ◂ cursor (0,0)
 1 │    def slash(self):                    │
 2 │+---  2 lines: damage = 40··············│
 3 │    def block(self):                    │
 4 │+---  2 lines: armor = 60···············│
 5 │                                        │
 6 │class Healer:                           │
 7 │    def cure(self):                     │
 8 │+---  2 lines: restore = 50·············│
 9 │    def buff(self):                     │
10 │+---  2 lines: boost = 20···············│
11 │~                                       │
12 │~                                       │
13 │~                                       │
14 │~                                       │
15 │~                                       │
16 │~                                       │
17 │~                                       │
18 │rpg.py                1,1            All│
    ────────────────────────────────────────
[HIGHLIGHT] row 2, cols 0-39: "+---  2 lines: damage = 40··············"
[HIGHLIGHT] row 4, cols 0-39: "+---  2 lines: armor = 60···············"
[HIGHLIGHT] row 8, cols 0-39: "+---  2 lines: restore = 50·············"
[HIGHLIGHT] row 10, cols 0-39: "+---  2 lines: boost = 20···············"

[SAY] Method bodies folded. Class bodies still visible.
[KEYS] 'zm'
[OVERLAY] zm  close another level

              1         2         3         
    0123456789012345678901234567890123456789
    ────────────────────────────────────────
 0 │class Fighter:                          │ ◂ cursor (0,0)
 1 │+--  6 lines: def slash(self):··········│
 2 │                                        │
 3 │class Healer:                           │
 4 │+--  6 lines: def cure(self):···········│
 5 │~                                       │
 6 │~                                       │
 7 │~                                       │
 8 │~                                       │
 9 │~                                       │
10 │~                                       │
11 │~                                       │
12 │~                                       │
13 │~                                       │
14 │~                                       │
15 │~                                       │
16 │~                                       │
17 │~                                       │
18 │rpg.py                1,1            All│
    ────────────────────────────────────────
[HIGHLIGHT] row 1, cols 0-39: "+--  6 lines: def slash(self):··········"
[HIGHLIGHT] row 4, cols 0-39: "+--  6 lines: def cure(self):···········"

[SAY] All folded again. Z R and Z M let you control how deep you see into the code.
[SAY] Z R opens a level. Z M closes a level. Peel back the layers one at a time.