[RECORDING_START] Screen state at recording start:

              1         2         3         
    0123456789012345678901234567890123456789
    ────────────────────────────────────────
 0 │Hello world                             │ ◂ cursor (0,0)
 1 │This is a demo                          │
 2 │For querying settings                   │
 3 │~                                       │
 4 │~                                       │
 5 │~                                       │
 6 │~                                       │
 7 │~                                       │
 8 │~                                       │
 9 │~                                       │
10 │~                                       │
11 │~                                       │
12 │~                                       │
13 │~                                       │
14 │~                                       │
15 │~                                       │
16 │~                                       │
17 │~                                       │
18 │demo.txt              1,1            All│
    ────────────────────────────────────────

[OVERLAY] VimFu — Querying Settings with ?
[SAY] Add a question mark after any setting name to see its current value. Works for booleans and numbers.
[SAY] Check if line numbers are on.
[TYPE] ':set number?'

              1         2         3         
    0123456789012345678901234567890123456789
    ────────────────────────────────────────
 0 │Hello world                             │
 1 │This is a demo                          │
 2 │For querying settings                   │
 3 │~                                       │
 4 │~                                       │
 5 │~                                       │
 6 │~                                       │
 7 │~                                       │
 8 │~                                       │
 9 │~                                       │
10 │~                                       │
11 │~                                       │
12 │~                                       │
13 │~                                       │
14 │~                                       │
15 │~                                       │
16 │~                                       │
17 │~                                       │
18 │demo.txt              1,1            All│
19 │:set number?                            │ ◂ cursor (19,12)
    ────────────────────────────────────────

[SAY] Append a question mark to any option name to see its current value.
[ENTER]

              1         2         3         
    0123456789012345678901234567890123456789
    ────────────────────────────────────────
 0 │Hello world                             │ ◂ cursor (0,0)
 1 │This is a demo                          │
 2 │For querying settings                   │
 3 │~                                       │
 4 │~                                       │
 5 │~                                       │
 6 │~                                       │
 7 │~                                       │
 8 │~                                       │
 9 │~                                       │
10 │~                                       │
11 │~                                       │
12 │~                                       │
13 │~                                       │
14 │~                                       │
15 │~                                       │
16 │~                                       │
17 │~                                       │
18 │demo.txt              1,1            All│
19 │nonumber                                │
    ────────────────────────────────────────

[SAY] It says no number. Line numbers are off. Turn them on and check again.
[ENTER]

              1         2         3         
    0123456789012345678901234567890123456789
    ────────────────────────────────────────
 0 │Hello world                             │
 1 │This is a demo                          │ ◂ cursor (1,0)
 2 │For querying settings                   │
 3 │~                                       │
 4 │~                                       │
 5 │~                                       │
 6 │~                                       │
 7 │~                                       │
 8 │~                                       │
 9 │~                                       │
10 │~                                       │
11 │~                                       │
12 │~                                       │
13 │~                                       │
14 │~                                       │
15 │~                                       │
16 │~                                       │
17 │~                                       │
18 │demo.txt              2,1            All│
19 │nonumber                                │
    ────────────────────────────────────────

[TYPE] ':set number'

              1         2         3         
    0123456789012345678901234567890123456789
    ────────────────────────────────────────
 0 │Hello world                             │
 1 │This is a demo                          │
 2 │For querying settings                   │
 3 │~                                       │
 4 │~                                       │
 5 │~                                       │
 6 │~                                       │
 7 │~                                       │
 8 │~                                       │
 9 │~                                       │
10 │~                                       │
11 │~                                       │
12 │~                                       │
13 │~                                       │
14 │~                                       │
15 │~                                       │
16 │~                                       │
17 │~                                       │
18 │demo.txt              2,1            All│
19 │:set number                             │ ◂ cursor (19,11)
    ────────────────────────────────────────

[SAY] Turn line numbers on.
[ENTER]

              1         2         3         
    0123456789012345678901234567890123456789
    ────────────────────────────────────────
 0 │  1 Hello world                         │
 1 │  2 This is a demo                      │ ◂ cursor (1,4)
 2 │  3 For querying settings               │
 3 │~                                       │
 4 │~                                       │
 5 │~                                       │
 6 │~                                       │
 7 │~                                       │
 8 │~                                       │
 9 │~                                       │
10 │~                                       │
11 │~                                       │
12 │~                                       │
13 │~                                       │
14 │~                                       │
15 │~                                       │
16 │~                                       │
17 │~                                       │
18 │demo.txt              2,1            All│
19 │:set number                             │
    ────────────────────────────────────────

[TYPE] ':set number?'

              1         2         3         
    0123456789012345678901234567890123456789
    ────────────────────────────────────────
 0 │  1 Hello world                         │
 1 │  2 This is a demo                      │
 2 │  3 For querying settings               │
 3 │~                                       │
 4 │~                                       │
 5 │~                                       │
 6 │~                                       │
 7 │~                                       │
 8 │~                                       │
 9 │~                                       │
10 │~                                       │
11 │~                                       │
12 │~                                       │
13 │~                                       │
14 │~                                       │
15 │~                                       │
16 │~                                       │
17 │~                                       │
18 │demo.txt              2,1            All│
19 │:set number?                            │ ◂ cursor (19,12)
    ────────────────────────────────────────

[SAY] Query again — confirm the new value.
[ENTER]

              1         2         3         
    0123456789012345678901234567890123456789
    ────────────────────────────────────────
 0 │  1 Hello world                         │
 1 │  2 This is a demo                      │ ◂ cursor (1,4)
 2 │  3 For querying settings               │
 3 │~                                       │
 4 │~                                       │
 5 │~                                       │
 6 │~                                       │
 7 │~                                       │
 8 │~                                       │
 9 │~                                       │
10 │~                                       │
11 │~                                       │
12 │~                                       │
13 │~                                       │
14 │~                                       │
15 │~                                       │
16 │~                                       │
17 │~                                       │
18 │demo.txt              2,1            All│
19 │  number                                │
    ────────────────────────────────────────

[ENTER]

              1         2         3         
    0123456789012345678901234567890123456789
    ────────────────────────────────────────
 0 │  1 Hello world                         │
 1 │  2 This is a demo                      │
 2 │  3 For querying settings               │ ◂ cursor (2,4)
 3 │~                                       │
 4 │~                                       │
 5 │~                                       │
 6 │~                                       │
 7 │~                                       │
 8 │~                                       │
 9 │~                                       │
10 │~                                       │
11 │~                                       │
12 │~                                       │
13 │~                                       │
14 │~                                       │
15 │~                                       │
16 │~                                       │
17 │~                                       │
18 │demo.txt              3,1            All│
19 │  number                                │
    ────────────────────────────────────────

[SAY] Query a numeric setting. Check tab stop.
[TYPE] ':set tabstop?'

              1         2         3         
    0123456789012345678901234567890123456789
    ────────────────────────────────────────
 0 │  1 Hello world                         │
 1 │  2 This is a demo                      │
 2 │  3 For querying settings               │
 3 │~                                       │
 4 │~                                       │
 5 │~                                       │
 6 │~                                       │
 7 │~                                       │
 8 │~                                       │
 9 │~                                       │
10 │~                                       │
11 │~                                       │
12 │~                                       │
13 │~                                       │
14 │~                                       │
15 │~                                       │
16 │~                                       │
17 │~                                       │
18 │demo.txt              3,1            All│
19 │:set tabstop?                           │ ◂ cursor (19,13)
    ────────────────────────────────────────

[SAY] Same question mark syntax works for numeric options too.
[ENTER]

              1         2         3         
    0123456789012345678901234567890123456789
    ────────────────────────────────────────
 0 │  1 Hello world                         │
 1 │  2 This is a demo                      │
 2 │  3 For querying settings               │ ◂ cursor (2,4)
 3 │~                                       │
 4 │~                                       │
 5 │~                                       │
 6 │~                                       │
 7 │~                                       │
 8 │~                                       │
 9 │~                                       │
10 │~                                       │
11 │~                                       │
12 │~                                       │
13 │~                                       │
14 │~                                       │
15 │~                                       │
16 │~                                       │
17 │~                                       │
18 │demo.txt              3,1            All│
19 │  tabstop=8                             │
    ────────────────────────────────────────

[SAY] Tab stop equals eight. That's the default.
[ENTER]

              1         2         3         
    0123456789012345678901234567890123456789
    ────────────────────────────────────────
 0 │  1 Hello world                         │
 1 │  2 This is a demo                      │
 2 │  3 For querying settings               │ ◂ cursor (2,4)
 3 │~                                       │
 4 │~                                       │
 5 │~                                       │
 6 │~                                       │
 7 │~                                       │
 8 │~                                       │
 9 │~                                       │
10 │~                                       │
11 │~                                       │
12 │~                                       │
13 │~                                       │
14 │~                                       │
15 │~                                       │
16 │~                                       │
17 │~                                       │
18 │demo.txt              3,1            All│
19 │  tabstop=8                             │
    ────────────────────────────────────────

[SAY] Set option question mark. Quick way to check any setting value.