[RECORDING_START] Screen state at recording start:

              1         2         3         
    0123456789012345678901234567890123456789
    ────────────────────────────────────────
 0 │  1 class Player {                      │ ◂ cursor (0,4)
 1 │  2   attack() {                        │
 2 │  3     this.power = 50;                │
 3 │  4     return this.power;              │
 4 │  5   }                                 │
 5 │  6   defend() {                        │
 6 │  7     this.shield = 30;               │
 7 │  8     return this.shield;             │
 8 │  9   }                                 │
 9 │ 10   heal() {                          │
10 │ 11     this.hp += 25;                  │
11 │ 12     return this.hp;                 │
12 │ 13   }                                 │
13 │ 14 }                                   │
14 │~                                       │
15 │~                                       │
16 │~                                       │
17 │~                                       │
18 │player.js             1,1            All│
    ────────────────────────────────────────

[OVERLAY] VimFu — [m ]m — Methods
[SAY] {key:]m} jumps to the next method start. {key:[m} jumps back. They look for opening braces of methods.
[SAY] Three methods in a class. Jump forward with {key:]m}.
[KEYS] 'gg'
[OVERLAY] gg  top of file

              1         2         3         
    0123456789012345678901234567890123456789
    ────────────────────────────────────────
 0 │  1 class Player {                      │ ◂ cursor (0,4)
 1 │  2   attack() {                        │
 2 │  3     this.power = 50;                │
 3 │  4     return this.power;              │
 4 │  5   }                                 │
 5 │  6   defend() {                        │
 6 │  7     this.shield = 30;               │
 7 │  8     return this.shield;             │
 8 │  9   }                                 │
 9 │ 10   heal() {                          │
10 │ 11     this.hp += 25;                  │
11 │ 12     return this.hp;                 │
12 │ 13   }                                 │
13 │ 14 }                                   │
14 │~                                       │
15 │~                                       │
16 │~                                       │
17 │~                                       │
18 │player.js             1,1            All│
    ────────────────────────────────────────

[KEYS] ']m'
[OVERLAY] ]m  next method

              1         2         3         
    0123456789012345678901234567890123456789
    ────────────────────────────────────────
 0 │  1 class Player {                      │ ◂ cursor (0,17)
 1 │  2   attack() {                        │
 2 │  3     this.power = 50;                │
 3 │  4     return this.power;              │
 4 │  5   }                                 │
 5 │  6   defend() {                        │
 6 │  7     this.shield = 30;               │
 7 │  8     return this.shield;             │
 8 │  9   }                                 │
 9 │ 10   heal() {                          │
10 │ 11     this.hp += 25;                  │
11 │ 12     return this.hp;                 │
12 │ 13   }                                 │
13 │ 14 }                                   │
14 │~                                       │
15 │~                                       │
16 │~                                       │
17 │~                                       │
18 │player.js             1,14           All│
    ────────────────────────────────────────

[KEYS] ']m'
[OVERLAY] ]m  next method

              1         2         3         
    0123456789012345678901234567890123456789
    ────────────────────────────────────────
 0 │  1 class Player {                      │
 1 │  2   attack() {                        │ ◂ cursor (1,15)
 2 │  3     this.power = 50;                │
 3 │  4     return this.power;              │
 4 │  5   }                                 │
 5 │  6   defend() {                        │
 6 │  7     this.shield = 30;               │
 7 │  8     return this.shield;             │
 8 │  9   }                                 │
 9 │ 10   heal() {                          │
10 │ 11     this.hp += 25;                  │
11 │ 12     return this.hp;                 │
12 │ 13   }                                 │
13 │ 14 }                                   │
14 │~                                       │
15 │~                                       │
16 │~                                       │
17 │~                                       │
18 │player.js             2,12           All│
    ────────────────────────────────────────

[KEYS] ']m'
[OVERLAY] ]m  next method

              1         2         3         
    0123456789012345678901234567890123456789
    ────────────────────────────────────────
 0 │  1 class Player {                      │
 1 │  2   attack() {                        │
 2 │  3     this.power = 50;                │
 3 │  4     return this.power;              │
 4 │  5   }                                 │
 5 │  6   defend() {                        │ ◂ cursor (5,15)
 6 │  7     this.shield = 30;               │
 7 │  8     return this.shield;             │
 8 │  9   }                                 │
 9 │ 10   heal() {                          │
10 │ 11     this.hp += 25;                  │
11 │ 12     return this.hp;                 │
12 │ 13   }                                 │
13 │ 14 }                                   │
14 │~                                       │
15 │~                                       │
16 │~                                       │
17 │~                                       │
18 │player.js             6,12           All│
    ────────────────────────────────────────

[KEYS] ']m'
[OVERLAY] ]m  next method

              1         2         3         
    0123456789012345678901234567890123456789
    ────────────────────────────────────────
 0 │  1 class Player {                      │
 1 │  2   attack() {                        │
 2 │  3     this.power = 50;                │
 3 │  4     return this.power;              │
 4 │  5   }                                 │
 5 │  6   defend() {                        │
 6 │  7     this.shield = 30;               │
 7 │  8     return this.shield;             │
 8 │  9   }                                 │
 9 │ 10   heal() {                          │ ◂ cursor (9,13)
10 │ 11     this.hp += 25;                  │
11 │ 12     return this.hp;                 │
12 │ 13   }                                 │
13 │ 14 }                                   │
14 │~                                       │
15 │~                                       │
16 │~                                       │
17 │~                                       │
18 │player.js             10,10          All│
    ────────────────────────────────────────

[SAY] Landed on each method's opening brace.
[SAY] {key:[M} finds the previous method end. {key:]M} finds the next.
[KEYS] '2G'
[OVERLAY] 2G  first method

              1         2         3         
    0123456789012345678901234567890123456789
    ────────────────────────────────────────
 0 │  1 class Player {                      │
 1 │  2   attack() {                        │ ◂ cursor (1,13)
 2 │  3     this.power = 50;                │
 3 │  4     return this.power;              │
 4 │  5   }                                 │
 5 │  6   defend() {                        │
 6 │  7     this.shield = 30;               │
 7 │  8     return this.shield;             │
 8 │  9   }                                 │
 9 │ 10   heal() {                          │
10 │ 11     this.hp += 25;                  │
11 │ 12     return this.hp;                 │
12 │ 13   }                                 │
13 │ 14 }                                   │
14 │~                                       │
15 │~                                       │
16 │~                                       │
17 │~                                       │
18 │player.js             2,10           All│
    ────────────────────────────────────────

[KEYS] ']M'
[OVERLAY] ]M  next method end

              1         2         3         
    0123456789012345678901234567890123456789
    ────────────────────────────────────────
 0 │  1 class Player {                      │
 1 │  2   attack() {                        │
 2 │  3     this.power = 50;                │
 3 │  4     return this.power;              │
 4 │  5   }                                 │ ◂ cursor (4,6)
 5 │  6   defend() {                        │
 6 │  7     this.shield = 30;               │
 7 │  8     return this.shield;             │
 8 │  9   }                                 │
 9 │ 10   heal() {                          │
10 │ 11     this.hp += 25;                  │
11 │ 12     return this.hp;                 │
12 │ 13   }                                 │
13 │ 14 }                                   │
14 │~                                       │
15 │~                                       │
16 │~                                       │
17 │~                                       │
18 │player.js             5,3            All│
    ────────────────────────────────────────

[KEYS] ']M'
[OVERLAY] ]M  next end

              1         2         3         
    0123456789012345678901234567890123456789
    ────────────────────────────────────────
 0 │  1 class Player {                      │
 1 │  2   attack() {                        │
 2 │  3     this.power = 50;                │
 3 │  4     return this.power;              │
 4 │  5   }                                 │
 5 │  6   defend() {                        │
 6 │  7     this.shield = 30;               │
 7 │  8     return this.shield;             │
 8 │  9   }                                 │ ◂ cursor (8,6)
 9 │ 10   heal() {                          │
10 │ 11     this.hp += 25;                  │
11 │ 12     return this.hp;                 │
12 │ 13   }                                 │
13 │ 14 }                                   │
14 │~                                       │
15 │~                                       │
16 │~                                       │
17 │~                                       │
18 │player.js             9,3            All│
    ────────────────────────────────────────

[KEYS] ']M'
[OVERLAY] ]M  next end

              1         2         3         
    0123456789012345678901234567890123456789
    ────────────────────────────────────────
 0 │  1 class Player {                      │
 1 │  2   attack() {                        │
 2 │  3     this.power = 50;                │
 3 │  4     return this.power;              │
 4 │  5   }                                 │
 5 │  6   defend() {                        │
 6 │  7     this.shield = 30;               │
 7 │  8     return this.shield;             │
 8 │  9   }                                 │
 9 │ 10   heal() {                          │
10 │ 11     this.hp += 25;                  │
11 │ 12     return this.hp;                 │
12 │ 13   }                                 │ ◂ cursor (12,6)
13 │ 14 }                                   │
14 │~                                       │
15 │~                                       │
16 │~                                       │
17 │~                                       │
18 │player.js             13,3           All│
    ────────────────────────────────────────

[SAY] Jumped to each closing brace.
[SAY] {key:[m} and {key:]m}. Navigate methods in class-based code. Works with braces on any column.