[RECORDING_START] Screen state at recording start:

              1         2         3         
    0123456789012345678901234567890123456789
    ────────────────────────────────────────
 0 │class Robot:                            │ ◂ cursor (0,0)
 1 │    name = "Bolt"                       │
 2 │    speed = 10                          │
 3 │    battery = 100                       │
 4 │                                        │
 5 │    def move(self, dist):               │
 6 │        self.battery -= dist            │
 7 │        return self.speed * dist        │
 8 │                                        │
 9 │    def charge(self):                   │
10 │        self.battery = 100              │
11 │        return "fully charged"          │
12 │~                                       │
13 │~                                       │
14 │~                                       │
15 │~                                       │
16 │~                                       │
17 │~                                       │
18 │robot.py              1,1            All│
    ────────────────────────────────────────

[OVERLAY] VimFu — Next/Previous Line Start
[SAY] Plus and Enter jump to the first non-blank character of the next line. Minus goes up.
[SAY] Cursor is on 'class'. Plus.
[KEYS] '+'
[OVERLAY] ⇧+  next line start

              1         2         3         
    0123456789012345678901234567890123456789
    ────────────────────────────────────────
 0 │class Robot:                            │
 1 │    name = "Bolt"                       │ ◂ cursor (1,4)
 2 │    speed = 10                          │
 3 │    battery = 100                       │
 4 │                                        │
 5 │    def move(self, dist):               │
 6 │        self.battery -= dist            │
 7 │        return self.speed * dist        │
 8 │                                        │
 9 │    def charge(self):                   │
10 │        self.battery = 100              │
11 │        return "fully charged"          │
12 │~                                       │
13 │~                                       │
14 │~                                       │
15 │~                                       │
16 │~                                       │
17 │~                                       │
18 │robot.py              2,5            All│
    ────────────────────────────────────────

[SAY] Jumped to the 'n' of name. Not column zero — the first real character.
[KEYS] '+'
[OVERLAY] ⇧+  next line start

              1         2         3         
    0123456789012345678901234567890123456789
    ────────────────────────────────────────
 0 │class Robot:                            │
 1 │    name = "Bolt"                       │
 2 │    speed = 10                          │ ◂ cursor (2,4)
 3 │    battery = 100                       │
 4 │                                        │
 5 │    def move(self, dist):               │
 6 │        self.battery -= dist            │
 7 │        return self.speed * dist        │
 8 │                                        │
 9 │    def charge(self):                   │
10 │        self.battery = 100              │
11 │        return "fully charged"          │
12 │~                                       │
13 │~                                       │
14 │~                                       │
15 │~                                       │
16 │~                                       │
17 │~                                       │
18 │robot.py              3,5            All│
    ────────────────────────────────────────

[KEYS] '+'
[OVERLAY] ⇧+  next line start

              1         2         3         
    0123456789012345678901234567890123456789
    ────────────────────────────────────────
 0 │class Robot:                            │
 1 │    name = "Bolt"                       │
 2 │    speed = 10                          │
 3 │    battery = 100                       │ ◂ cursor (3,4)
 4 │                                        │
 5 │    def move(self, dist):               │
 6 │        self.battery -= dist            │
 7 │        return self.speed * dist        │
 8 │                                        │
 9 │    def charge(self):                   │
10 │        self.battery = 100              │
11 │        return "fully charged"          │
12 │~                                       │
13 │~                                       │
14 │~                                       │
15 │~                                       │
16 │~                                       │
17 │~                                       │
18 │robot.py              4,5            All│
    ────────────────────────────────────────

[SAY] Three lines down, always landing on the first word.
[SAY] Minus goes back up.
[KEYS] '-'
[OVERLAY] -  previous line start

              1         2         3         
    0123456789012345678901234567890123456789
    ────────────────────────────────────────
 0 │class Robot:                            │
 1 │    name = "Bolt"                       │
 2 │    speed = 10                          │ ◂ cursor (2,4)
 3 │    battery = 100                       │
 4 │                                        │
 5 │    def move(self, dist):               │
 6 │        self.battery -= dist            │
 7 │        return self.speed * dist        │
 8 │                                        │
 9 │    def charge(self):                   │
10 │        self.battery = 100              │
11 │        return "fully charged"          │
12 │~                                       │
13 │~                                       │
14 │~                                       │
15 │~                                       │
16 │~                                       │
17 │~                                       │
18 │robot.py              3,5            All│
    ────────────────────────────────────────

[KEYS] '-'
[OVERLAY] -  previous line start

              1         2         3         
    0123456789012345678901234567890123456789
    ────────────────────────────────────────
 0 │class Robot:                            │
 1 │    name = "Bolt"                       │ ◂ cursor (1,4)
 2 │    speed = 10                          │
 3 │    battery = 100                       │
 4 │                                        │
 5 │    def move(self, dist):               │
 6 │        self.battery -= dist            │
 7 │        return self.speed * dist        │
 8 │                                        │
 9 │    def charge(self):                   │
10 │        self.battery = 100              │
11 │        return "fully charged"          │
12 │~                                       │
13 │~                                       │
14 │~                                       │
15 │~                                       │
16 │~                                       │
17 │~                                       │
18 │robot.py              2,5            All│
    ────────────────────────────────────────

[SAY] Back up two lines, landing on the first character each time.
[SAY] Enter does the same thing as plus. Whichever is easier to reach.
[KEYS] '\r'
[OVERLAY] ⏎  next line start

              1         2         3         
    0123456789012345678901234567890123456789
    ────────────────────────────────────────
 0 │class Robot:                            │
 1 │    name = "Bolt"                       │
 2 │    speed = 10                          │ ◂ cursor (2,4)
 3 │    battery = 100                       │
 4 │                                        │
 5 │    def move(self, dist):               │
 6 │        self.battery -= dist            │
 7 │        return self.speed * dist        │
 8 │                                        │
 9 │    def charge(self):                   │
10 │        self.battery = 100              │
11 │        return "fully charged"          │
12 │~                                       │
13 │~                                       │
14 │~                                       │
15 │~                                       │
16 │~                                       │
17 │~                                       │
18 │robot.py              3,5            All│
    ────────────────────────────────────────

[KEYS] '\r'
[OVERLAY] ⏎  next line start

              1         2         3         
    0123456789012345678901234567890123456789
    ────────────────────────────────────────
 0 │class Robot:                            │
 1 │    name = "Bolt"                       │
 2 │    speed = 10                          │
 3 │    battery = 100                       │ ◂ cursor (3,4)
 4 │                                        │
 5 │    def move(self, dist):               │
 6 │        self.battery -= dist            │
 7 │        return self.speed * dist        │
 8 │                                        │
 9 │    def charge(self):                   │
10 │        self.battery = 100              │
11 │        return "fully charged"          │
12 │~                                       │
13 │~                                       │
14 │~                                       │
15 │~                                       │
16 │~                                       │
17 │~                                       │
18 │robot.py              4,5            All│
    ────────────────────────────────────────

[SAY] Same result. Two lines down to the first non-blank.
[SAY] Add a count. 3 plus jumps three lines.
[KEYS] 'gg'
[OVERLAY] gg  file start

              1         2         3         
    0123456789012345678901234567890123456789
    ────────────────────────────────────────
 0 │class Robot:                            │ ◂ cursor (0,4)
 1 │    name = "Bolt"                       │
 2 │    speed = 10                          │
 3 │    battery = 100                       │
 4 │                                        │
 5 │    def move(self, dist):               │
 6 │        self.battery -= dist            │
 7 │        return self.speed * dist        │
 8 │                                        │
 9 │    def charge(self):                   │
10 │        self.battery = 100              │
11 │        return "fully charged"          │
12 │~                                       │
13 │~                                       │
14 │~                                       │
15 │~                                       │
16 │~                                       │
17 │~                                       │
18 │robot.py              1,5            All│
    ────────────────────────────────────────

[KEYS] '3'
[OVERLAY] 3  count

              1         2         3         
    0123456789012345678901234567890123456789
    ────────────────────────────────────────
 0 │class Robot:                            │ ◂ cursor (0,4)
 1 │    name = "Bolt"                       │
 2 │    speed = 10                          │
 3 │    battery = 100                       │
 4 │                                        │
 5 │    def move(self, dist):               │
 6 │        self.battery -= dist            │
 7 │        return self.speed * dist        │
 8 │                                        │
 9 │    def charge(self):                   │
10 │        self.battery = 100              │
11 │        return "fully charged"          │
12 │~                                       │
13 │~                                       │
14 │~                                       │
15 │~                                       │
16 │~                                       │
17 │~                                       │
18 │robot.py              1,5            All│
19 │                             3          │
    ────────────────────────────────────────

[KEYS] '+'
[OVERLAY] ⇧+  next line start

              1         2         3         
    0123456789012345678901234567890123456789
    ────────────────────────────────────────
 0 │class Robot:                            │
 1 │    name = "Bolt"                       │
 2 │    speed = 10                          │
 3 │    battery = 100                       │ ◂ cursor (3,4)
 4 │                                        │
 5 │    def move(self, dist):               │
 6 │        self.battery -= dist            │
 7 │        return self.speed * dist        │
 8 │                                        │
 9 │    def charge(self):                   │
10 │        self.battery = 100              │
11 │        return "fully charged"          │
12 │~                                       │
13 │~                                       │
14 │~                                       │
15 │~                                       │
16 │~                                       │
17 │~                                       │
18 │robot.py              4,5            All│
    ────────────────────────────────────────

[SAY] Landed three lines down on the first character.
[SAY] Plus or Enter for next line start. Minus for previous. Always lands on the first word.