[RECORDING_START] Screen state at recording start:

              1         2         3         
    0123456789012345678901234567890123456789
    ────────────────────────────────────────
 0 │  1 banana                              │ ◂ cursor (0,4)
 1 │  2 cherry                              │
 2 │  3 apple                               │
 3 │  4 fig                                 │
 4 │  5 date                                │
 5 │  6 elderberry                          │
 6 │  7 grape                               │
 7 │  8 kiwi                                │
 8 │~                                       │
 9 │~                                       │
10 │~                                       │
11 │~                                       │
12 │~                                       │
13 │~                                       │
14 │~                                       │
15 │~                                       │
16 │~                                       │
17 │~                                       │
18 │fruits.txt            1,1            All│
    ────────────────────────────────────────

[OVERLAY] VimFu — :[range]sort — Sort Lines
[SAY] Colon sort arranges lines in alphabetical order.
[SAY] Sort the whole file. Colon percent sort.
[TYPE] ':%sort'

              1         2         3         
    0123456789012345678901234567890123456789
    ────────────────────────────────────────
 0 │  1 banana                              │
 1 │  2 cherry                              │
 2 │  3 apple                               │
 3 │  4 fig                                 │
 4 │  5 date                                │
 5 │  6 elderberry                          │
 6 │  7 grape                               │
 7 │  8 kiwi                                │
 8 │~                                       │
 9 │~                                       │
10 │~                                       │
11 │~                                       │
12 │~                                       │
13 │~                                       │
14 │~                                       │
15 │~                                       │
16 │~                                       │
17 │~                                       │
18 │fruits.txt            1,1            All│
19 │:%sort                                  │ ◂ cursor (19,6)
    ────────────────────────────────────────

[ENTER]

              1         2         3         
    0123456789012345678901234567890123456789
    ────────────────────────────────────────
 0 │  1 apple                               │ ◂ cursor (0,4)
 1 │  2 banana                              │
 2 │  3 cherry                              │
 3 │  4 date                                │
 4 │  5 elderberry                          │
 5 │  6 fig                                 │
 6 │  7 grape                               │
 7 │  8 kiwi                                │
 8 │~                                       │
 9 │~                                       │
10 │~                                       │
11 │~                                       │
12 │~                                       │
13 │~                                       │
14 │~                                       │
15 │~                                       │
16 │~                                       │
17 │~                                       │
18 │fruits.txt [+]        1,1            All│
19 │:%sort                                  │
    ────────────────────────────────────────

[SAY] Alphabetical. Apple, banana, cherry, date, elderberry, fig, grape, kiwi.
[KEYS] 'u'
[OVERLAY] u  undo

              1         2         3         
    0123456789012345678901234567890123456789
    ────────────────────────────────────────
 0 │  1 banana                              │ ◂ cursor (0,4)
 1 │  2 cherry                              │
 2 │  3 apple                               │
 3 │  4 fig                                 │
 4 │  5 date                                │
 5 │  6 elderberry                          │
 6 │  7 grape                               │
 7 │  8 kiwi                                │
 8 │~                                       │
 9 │~                                       │
10 │~                                       │
11 │~                                       │
12 │~                                       │
13 │~                                       │
14 │~                                       │
15 │~                                       │
16 │~                                       │
17 │~                                       │
18 │fruits.txt            1,1            All│
19 │8 changes; b...6 seconds ago            │
    ────────────────────────────────────────

[SAY] Sort just the first four lines. Colon one comma four sort.
[TYPE] ':1,4sort'

              1         2         3         
    0123456789012345678901234567890123456789
    ────────────────────────────────────────
 0 │  1 banana                              │
 1 │  2 cherry                              │
 2 │  3 apple                               │
 3 │  4 fig                                 │
 4 │  5 date                                │
 5 │  6 elderberry                          │
 6 │  7 grape                               │
 7 │  8 kiwi                                │
 8 │~                                       │
 9 │~                                       │
10 │~                                       │
11 │~                                       │
12 │~                                       │
13 │~                                       │
14 │~                                       │
15 │~                                       │
16 │~                                       │
17 │~                                       │
18 │fruits.txt            1,1            All│
19 │:1,4sort                                │ ◂ cursor (19,8)
    ────────────────────────────────────────

[ENTER]

              1         2         3         
    0123456789012345678901234567890123456789
    ────────────────────────────────────────
 0 │  1 apple                               │ ◂ cursor (0,4)
 1 │  2 banana                              │
 2 │  3 cherry                              │
 3 │  4 fig                                 │
 4 │  5 date                                │
 5 │  6 elderberry                          │
 6 │  7 grape                               │
 7 │  8 kiwi                                │
 8 │~                                       │
 9 │~                                       │
10 │~                                       │
11 │~                                       │
12 │~                                       │
13 │~                                       │
14 │~                                       │
15 │~                                       │
16 │~                                       │
17 │~                                       │
18 │fruits.txt [+]        1,1            All│
19 │:1,4sort                                │
    ────────────────────────────────────────

[SAY] Only the first four lines were sorted. The rest stayed in place.
[KEYS] 'u'
[OVERLAY] u  undo

              1         2         3         
    0123456789012345678901234567890123456789
    ────────────────────────────────────────
 0 │  1 banana                              │ ◂ cursor (0,4)
 1 │  2 cherry                              │
 2 │  3 apple                               │
 3 │  4 fig                                 │
 4 │  5 date                                │
 5 │  6 elderberry                          │
 6 │  7 grape                               │
 7 │  8 kiwi                                │
 8 │~                                       │
 9 │~                                       │
10 │~                                       │
11 │~                                       │
12 │~                                       │
13 │~                                       │
14 │~                                       │
15 │~                                       │
16 │~                                       │
17 │~                                       │
18 │fruits.txt            1,1            All│
19 │4 changes; b...8 seconds ago            │
    ────────────────────────────────────────

[SAY] Colon sort. Alphabetical ordering. Use percent for the whole file, or a range for part of it.