[RECORDING_START] Screen state at recording start:

              1         2         3         
    0123456789012345678901234567890123456789
    ────────────────────────────────────────
 0 │➜  vimfu                                │ ◂ cursor (0,9)
    ────────────────────────────────────────

[OVERLAY] VimFu — Word Backward
[SAY] W moves forward. But what about going back?
[LINE] 'nvim words.py'

              1         2         3         
    0123456789012345678901234567890123456789
    ────────────────────────────────────────
 0 │➜  vimfu nvim words.py                  │
    ────────────────────────────────────────

[KEYS] 'G'
[OVERLAY] ⇧G  file end

              1         2         3         
    0123456789012345678901234567890123456789
    ────────────────────────────────────────
 0 │name = "vim master"                     │
 1 │level = 42                              │
 2 │print(name, level)                      │ ◂ cursor (2,0)
 3 │~                                       │
 4 │~                                       │
 5 │~                                       │
 6 │~                                       │
 7 │~                                       │
 8 │~                                       │
 9 │~                                       │
10 │~                                       │
11 │~                                       │
12 │~                                       │
13 │~                                       │
14 │~                                       │
15 │~                                       │
16 │~                                       │
17 │~                                       │
18 │words.py              3,1            All│
    ────────────────────────────────────────

[KEYS] '$'
[OVERLAY] ⇧$  line end

              1         2         3         
    0123456789012345678901234567890123456789
    ────────────────────────────────────────
 0 │name = "vim master"                     │
 1 │level = 42                              │
 2 │print(name, level)                      │ ◂ cursor (2,17)
 3 │~                                       │
 4 │~                                       │
 5 │~                                       │
 6 │~                                       │
 7 │~                                       │
 8 │~                                       │
 9 │~                                       │
10 │~                                       │
11 │~                                       │
12 │~                                       │
13 │~                                       │
14 │~                                       │
15 │~                                       │
16 │~                                       │
17 │~                                       │
18 │words.py              3,18           All│
    ────────────────────────────────────────

[SAY] Press B to jump to the previous word.
[KEYS] 'b'
[OVERLAY] b  back word

              1         2         3         
    0123456789012345678901234567890123456789
    ────────────────────────────────────────
 0 │name = "vim master"                     │
 1 │level = 42                              │
 2 │print(name, level)                      │ ◂ cursor (2,12)
 3 │~                                       │
 4 │~                                       │
 5 │~                                       │
 6 │~                                       │
 7 │~                                       │
 8 │~                                       │
 9 │~                                       │
10 │~                                       │
11 │~                                       │
12 │~                                       │
13 │~                                       │
14 │~                                       │
15 │~                                       │
16 │~                                       │
17 │~                                       │
18 │words.py              3,13           All│
    ────────────────────────────────────────

[KEYS] 'b'
[OVERLAY] b  back word

              1         2         3         
    0123456789012345678901234567890123456789
    ────────────────────────────────────────
 0 │name = "vim master"                     │
 1 │level = 42                              │
 2 │print(name, level)                      │ ◂ cursor (2,10)
 3 │~                                       │
 4 │~                                       │
 5 │~                                       │
 6 │~                                       │
 7 │~                                       │
 8 │~                                       │
 9 │~                                       │
10 │~                                       │
11 │~                                       │
12 │~                                       │
13 │~                                       │
14 │~                                       │
15 │~                                       │
16 │~                                       │
17 │~                                       │
18 │words.py              3,11           All│
    ────────────────────────────────────────

[KEYS] 'b'
[OVERLAY] b  back word

              1         2         3         
    0123456789012345678901234567890123456789
    ────────────────────────────────────────
 0 │name = "vim master"                     │
 1 │level = 42                              │
 2 │print(name, level)                      │ ◂ cursor (2,6)
 3 │~                                       │
 4 │~                                       │
 5 │~                                       │
 6 │~                                       │
 7 │~                                       │
 8 │~                                       │
 9 │~                                       │
10 │~                                       │
11 │~                                       │
12 │~                                       │
13 │~                                       │
14 │~                                       │
15 │~                                       │
16 │~                                       │
17 │~                                       │
18 │words.py              3,7            All│
    ────────────────────────────────────────

[KEYS] 'b'
[OVERLAY] b  back word

              1         2         3         
    0123456789012345678901234567890123456789
    ────────────────────────────────────────
 0 │name = "vim master"                     │
 1 │level = 42                              │
 2 │print(name, level)                      │ ◂ cursor (2,5)
 3 │~                                       │
 4 │~                                       │
 5 │~                                       │
 6 │~                                       │
 7 │~                                       │
 8 │~                                       │
 9 │~                                       │
10 │~                                       │
11 │~                                       │
12 │~                                       │
13 │~                                       │
14 │~                                       │
15 │~                                       │
16 │~                                       │
17 │~                                       │
18 │words.py              3,6            All│
    ────────────────────────────────────────

[KEYS] 'b'
[OVERLAY] b  back word

              1         2         3         
    0123456789012345678901234567890123456789
    ────────────────────────────────────────
 0 │name = "vim master"                     │
 1 │level = 42                              │
 2 │print(name, level)                      │ ◂ cursor (2,0)
 3 │~                                       │
 4 │~                                       │
 5 │~                                       │
 6 │~                                       │
 7 │~                                       │
 8 │~                                       │
 9 │~                                       │
10 │~                                       │
11 │~                                       │
12 │~                                       │
13 │~                                       │
14 │~                                       │
15 │~                                       │
16 │~                                       │
17 │~                                       │
18 │words.py              3,1            All│
    ────────────────────────────────────────

[SAY] Each B hops backward one word at a time.
[SAY] It wraps to the previous line too.
[KEYS] 'b'
[OVERLAY] b  back word

              1         2         3         
    0123456789012345678901234567890123456789
    ────────────────────────────────────────
 0 │name = "vim master"                     │
 1 │level = 42                              │ ◂ cursor (1,8)
 2 │print(name, level)                      │
 3 │~                                       │
 4 │~                                       │
 5 │~                                       │
 6 │~                                       │
 7 │~                                       │
 8 │~                                       │
 9 │~                                       │
10 │~                                       │
11 │~                                       │
12 │~                                       │
13 │~                                       │
14 │~                                       │
15 │~                                       │
16 │~                                       │
17 │~                                       │
18 │words.py              2,9            All│
    ────────────────────────────────────────

[KEYS] 'b'
[OVERLAY] b  back word

              1         2         3         
    0123456789012345678901234567890123456789
    ────────────────────────────────────────
 0 │name = "vim master"                     │
 1 │level = 42                              │ ◂ cursor (1,6)
 2 │print(name, level)                      │
 3 │~                                       │
 4 │~                                       │
 5 │~                                       │
 6 │~                                       │
 7 │~                                       │
 8 │~                                       │
 9 │~                                       │
10 │~                                       │
11 │~                                       │
12 │~                                       │
13 │~                                       │
14 │~                                       │
15 │~                                       │
16 │~                                       │
17 │~                                       │
18 │words.py              2,7            All│
    ────────────────────────────────────────

[KEYS] 'b'
[OVERLAY] b  back word

              1         2         3         
    0123456789012345678901234567890123456789
    ────────────────────────────────────────
 0 │name = "vim master"                     │
 1 │level = 42                              │ ◂ cursor (1,0)
 2 │print(name, level)                      │
 3 │~                                       │
 4 │~                                       │
 5 │~                                       │
 6 │~                                       │
 7 │~                                       │
 8 │~                                       │
 9 │~                                       │
10 │~                                       │
11 │~                                       │
12 │~                                       │
13 │~                                       │
14 │~                                       │
15 │~                                       │
16 │~                                       │
17 │~                                       │
18 │words.py              2,1            All│
    ────────────────────────────────────────

[SAY] Word by word. Back through the code.
[SAY] Watch how fast you can move.
[KEYS] 'G'
[OVERLAY] ⇧G  file end

              1         2         3         
    0123456789012345678901234567890123456789
    ────────────────────────────────────────
 0 │name = "vim master"                     │
 1 │level = 42                              │
 2 │print(name, level)                      │ ◂ cursor (2,0)
 3 │~                                       │
 4 │~                                       │
 5 │~                                       │
 6 │~                                       │
 7 │~                                       │
 8 │~                                       │
 9 │~                                       │
10 │~                                       │
11 │~                                       │
12 │~                                       │
13 │~                                       │
14 │~                                       │
15 │~                                       │
16 │~                                       │
17 │~                                       │
18 │words.py              3,1            All│
    ────────────────────────────────────────

[KEYS] '$'
[OVERLAY] ⇧$  line end

              1         2         3         
    0123456789012345678901234567890123456789
    ────────────────────────────────────────
 0 │name = "vim master"                     │
 1 │level = 42                              │
 2 │print(name, level)                      │ ◂ cursor (2,17)
 3 │~                                       │
 4 │~                                       │
 5 │~                                       │
 6 │~                                       │
 7 │~                                       │
 8 │~                                       │
 9 │~                                       │
10 │~                                       │
11 │~                                       │
12 │~                                       │
13 │~                                       │
14 │~                                       │
15 │~                                       │
16 │~                                       │
17 │~                                       │
18 │words.py              3,18           All│
    ────────────────────────────────────────

[KEYS] 'b'
[OVERLAY] b  back word

              1         2         3         
    0123456789012345678901234567890123456789
    ────────────────────────────────────────
 0 │name = "vim master"                     │
 1 │level = 42                              │
 2 │print(name, level)                      │ ◂ cursor (2,12)
 3 │~                                       │
 4 │~                                       │
 5 │~                                       │
 6 │~                                       │
 7 │~                                       │
 8 │~                                       │
 9 │~                                       │
10 │~                                       │
11 │~                                       │
12 │~                                       │
13 │~                                       │
14 │~                                       │
15 │~                                       │
16 │~                                       │
17 │~                                       │
18 │words.py              3,13           All│
    ────────────────────────────────────────

[KEYS] 'b'
[OVERLAY] b  back word

              1         2         3         
    0123456789012345678901234567890123456789
    ────────────────────────────────────────
 0 │name = "vim master"                     │
 1 │level = 42                              │
 2 │print(name, level)                      │ ◂ cursor (2,10)
 3 │~                                       │
 4 │~                                       │
 5 │~                                       │
 6 │~                                       │
 7 │~                                       │
 8 │~                                       │
 9 │~                                       │
10 │~                                       │
11 │~                                       │
12 │~                                       │
13 │~                                       │
14 │~                                       │
15 │~                                       │
16 │~                                       │
17 │~                                       │
18 │words.py              3,11           All│
    ────────────────────────────────────────

[KEYS] 'b'
[OVERLAY] b  back word

              1         2         3         
    0123456789012345678901234567890123456789
    ────────────────────────────────────────
 0 │name = "vim master"                     │
 1 │level = 42                              │
 2 │print(name, level)                      │ ◂ cursor (2,6)
 3 │~                                       │
 4 │~                                       │
 5 │~                                       │
 6 │~                                       │
 7 │~                                       │
 8 │~                                       │
 9 │~                                       │
10 │~                                       │
11 │~                                       │
12 │~                                       │
13 │~                                       │
14 │~                                       │
15 │~                                       │
16 │~                                       │
17 │~                                       │
18 │words.py              3,7            All│
    ────────────────────────────────────────

[KEYS] 'b'
[OVERLAY] b  back word

              1         2         3         
    0123456789012345678901234567890123456789
    ────────────────────────────────────────
 0 │name = "vim master"                     │
 1 │level = 42                              │
 2 │print(name, level)                      │ ◂ cursor (2,5)
 3 │~                                       │
 4 │~                                       │
 5 │~                                       │
 6 │~                                       │
 7 │~                                       │
 8 │~                                       │
 9 │~                                       │
10 │~                                       │
11 │~                                       │
12 │~                                       │
13 │~                                       │
14 │~                                       │
15 │~                                       │
16 │~                                       │
17 │~                                       │
18 │words.py              3,6            All│
    ────────────────────────────────────────

[KEYS] 'b'
[OVERLAY] b  back word

              1         2         3         
    0123456789012345678901234567890123456789
    ────────────────────────────────────────
 0 │name = "vim master"                     │
 1 │level = 42                              │
 2 │print(name, level)                      │ ◂ cursor (2,0)
 3 │~                                       │
 4 │~                                       │
 5 │~                                       │
 6 │~                                       │
 7 │~                                       │
 8 │~                                       │
 9 │~                                       │
10 │~                                       │
11 │~                                       │
12 │~                                       │
13 │~                                       │
14 │~                                       │
15 │~                                       │
16 │~                                       │
17 │~                                       │
18 │words.py              3,1            All│
    ────────────────────────────────────────

[KEYS] 'b'
[OVERLAY] b  back word

              1         2         3         
    0123456789012345678901234567890123456789
    ────────────────────────────────────────
 0 │name = "vim master"                     │
 1 │level = 42                              │ ◂ cursor (1,8)
 2 │print(name, level)                      │
 3 │~                                       │
 4 │~                                       │
 5 │~                                       │
 6 │~                                       │
 7 │~                                       │
 8 │~                                       │
 9 │~                                       │
10 │~                                       │
11 │~                                       │
12 │~                                       │
13 │~                                       │
14 │~                                       │
15 │~                                       │
16 │~                                       │
17 │~                                       │
18 │words.py              2,9            All│
    ────────────────────────────────────────

[KEYS] 'b'
[OVERLAY] b  back word

              1         2         3         
    0123456789012345678901234567890123456789
    ────────────────────────────────────────
 0 │name = "vim master"                     │
 1 │level = 42                              │ ◂ cursor (1,6)
 2 │print(name, level)                      │
 3 │~                                       │
 4 │~                                       │
 5 │~                                       │
 6 │~                                       │
 7 │~                                       │
 8 │~                                       │
 9 │~                                       │
10 │~                                       │
11 │~                                       │
12 │~                                       │
13 │~                                       │
14 │~                                       │
15 │~                                       │
16 │~                                       │
17 │~                                       │
18 │words.py              2,7            All│
    ────────────────────────────────────────

[KEYS] 'b'
[OVERLAY] b  back word

              1         2         3         
    0123456789012345678901234567890123456789
    ────────────────────────────────────────
 0 │name = "vim master"                     │
 1 │level = 42                              │ ◂ cursor (1,0)
 2 │print(name, level)                      │
 3 │~                                       │
 4 │~                                       │
 5 │~                                       │
 6 │~                                       │
 7 │~                                       │
 8 │~                                       │
 9 │~                                       │
10 │~                                       │
11 │~                                       │
12 │~                                       │
13 │~                                       │
14 │~                                       │
15 │~                                       │
16 │~                                       │
17 │~                                       │
18 │words.py              2,1            All│
    ────────────────────────────────────────

[KEYS] 'b'
[OVERLAY] b  back word

              1         2         3         
    0123456789012345678901234567890123456789
    ────────────────────────────────────────
 0 │name = "vim master"                     │ ◂ cursor (0,18)
 1 │level = 42                              │
 2 │print(name, level)                      │
 3 │~                                       │
 4 │~                                       │
 5 │~                                       │
 6 │~                                       │
 7 │~                                       │
 8 │~                                       │
 9 │~                                       │
10 │~                                       │
11 │~                                       │
12 │~                                       │
13 │~                                       │
14 │~                                       │
15 │~                                       │
16 │~                                       │
17 │~                                       │
18 │words.py              1,19           All│
    ────────────────────────────────────────

[KEYS] 'b'
[OVERLAY] b  back word

              1         2         3         
    0123456789012345678901234567890123456789
    ────────────────────────────────────────
 0 │name = "vim master"                     │ ◂ cursor (0,12)
 1 │level = 42                              │
 2 │print(name, level)                      │
 3 │~                                       │
 4 │~                                       │
 5 │~                                       │
 6 │~                                       │
 7 │~                                       │
 8 │~                                       │
 9 │~                                       │
10 │~                                       │
11 │~                                       │
12 │~                                       │
13 │~                                       │
14 │~                                       │
15 │~                                       │
16 │~                                       │
17 │~                                       │
18 │words.py              1,13           All│
    ────────────────────────────────────────

[KEYS] 'b'
[OVERLAY] b  back word

              1         2         3         
    0123456789012345678901234567890123456789
    ────────────────────────────────────────
 0 │name = "vim master"                     │ ◂ cursor (0,8)
 1 │level = 42                              │
 2 │print(name, level)                      │
 3 │~                                       │
 4 │~                                       │
 5 │~                                       │
 6 │~                                       │
 7 │~                                       │
 8 │~                                       │
 9 │~                                       │
10 │~                                       │
11 │~                                       │
12 │~                                       │
13 │~                                       │
14 │~                                       │
15 │~                                       │
16 │~                                       │
17 │~                                       │
18 │words.py              1,9            All│
    ────────────────────────────────────────

[KEYS] 'b'
[OVERLAY] b  back word

              1         2         3         
    0123456789012345678901234567890123456789
    ────────────────────────────────────────
 0 │name = "vim master"                     │ ◂ cursor (0,7)
 1 │level = 42                              │
 2 │print(name, level)                      │
 3 │~                                       │
 4 │~                                       │
 5 │~                                       │
 6 │~                                       │
 7 │~                                       │
 8 │~                                       │
 9 │~                                       │
10 │~                                       │
11 │~                                       │
12 │~                                       │
13 │~                                       │
14 │~                                       │
15 │~                                       │
16 │~                                       │
17 │~                                       │
18 │words.py              1,8            All│
    ────────────────────────────────────────

[KEYS] 'b'
[OVERLAY] b  back word

              1         2         3         
    0123456789012345678901234567890123456789
    ────────────────────────────────────────
 0 │name = "vim master"                     │ ◂ cursor (0,5)
 1 │level = 42                              │
 2 │print(name, level)                      │
 3 │~                                       │
 4 │~                                       │
 5 │~                                       │
 6 │~                                       │
 7 │~                                       │
 8 │~                                       │
 9 │~                                       │
10 │~                                       │
11 │~                                       │
12 │~                                       │
13 │~                                       │
14 │~                                       │
15 │~                                       │
16 │~                                       │
17 │~                                       │
18 │words.py              1,6            All│
    ────────────────────────────────────────

[KEYS] 'b'
[OVERLAY] b  back word

              1         2         3         
    0123456789012345678901234567890123456789
    ────────────────────────────────────────
 0 │name = "vim master"                     │ ◂ cursor (0,0)
 1 │level = 42                              │
 2 │print(name, level)                      │
 3 │~                                       │
 4 │~                                       │
 5 │~                                       │
 6 │~                                       │
 7 │~                                       │
 8 │~                                       │
 9 │~                                       │
10 │~                                       │
11 │~                                       │
12 │~                                       │
13 │~                                       │
14 │~                                       │
15 │~                                       │
16 │~                                       │
17 │~                                       │
18 │words.py              1,1            All│
    ────────────────────────────────────────

[SAY] B for back. W forward, B backward.