[RECORDING_START] Screen state at recording start:

              1         2         3         
    0123456789012345678901234567890123456789
    ────────────────────────────────────────
 0 │# First File                            │ ◂ cursor (0,0)
 1 │name = "alpha"                          │
 2 │value = 1                               │
 3 │~                                       │
 4 │~                                       │
 5 │~                                       │
 6 │~                                       │
 7 │~                                       │
 8 │~                                       │
 9 │~                                       │
10 │~                                       │
11 │~                                       │
12 │~                                       │
13 │~                                       │
14 │~                                       │
15 │~                                       │
16 │~                                       │
17 │~                                       │
18 │first.py              1,1            All│
    ────────────────────────────────────────

[OVERLAY] VimFu — Ctrl-W ^ — Alternate File
[SAY] Control W caret splits the window and opens the alternate file. The alternate file is the one you were editing before.
[SAY] First, switch to the second file to establish an alternate.
[TYPE] ':e second.py'

              1         2         3         
    0123456789012345678901234567890123456789
    ────────────────────────────────────────
 0 │# First File                            │
 1 │name = "alpha"                          │
 2 │value = 1                               │
 3 │~                                       │
 4 │~                                       │
 5 │~                                       │
 6 │~                                       │
 7 │~                                       │
 8 │~                                       │
 9 │~                                       │
10 │~                                       │
11 │~                                       │
12 │~                                       │
13 │~                                       │
14 │~                                       │
15 │~                                       │
16 │~                                       │
17 │~                                       │
18 │first.py              1,1            All│
19 │:e second.py                            │ ◂ cursor (19,12)
    ────────────────────────────────────────

[ENTER]

              1         2         3         
    0123456789012345678901234567890123456789
    ────────────────────────────────────────
 0 │# Second File                           │ ◂ cursor (0,0)
 1 │name = "beta"                           │
 2 │value = 2                               │
 3 │~                                       │
 4 │~                                       │
 5 │~                                       │
 6 │~                                       │
 7 │~                                       │
 8 │~                                       │
 9 │~                                       │
10 │~                                       │
11 │~                                       │
12 │~                                       │
13 │~                                       │
14 │~                                       │
15 │~                                       │
16 │~                                       │
17 │~                                       │
18 │second.py             1,1            All│
19 │:e second.py                            │
    ────────────────────────────────────────

[SAY] Now editing second dot py. First dot py is the alternate file.
[SAY] Control W caret to split and open the alternate.
[KEYS] '\x17\x1e'
[OVERLAY] ⌃w  split alternate

              1         2         3         
    0123456789012345678901234567890123456789
    ────────────────────────────────────────
 0 │# First File                            │ ◂ cursor (0,0)
 1 │name = "alpha"                          │
 2 │value = 1                               │
 3 │~                                       │
 4 │~                                       │
 5 │~                                       │
 6 │~                                       │
 7 │~                                       │
 8 │~                                       │
 9 │first.py              1,1            All│
10 │# Second File                           │
11 │name = "beta"                           │
12 │value = 2                               │
13 │~                                       │
14 │~                                       │
15 │~                                       │
16 │~                                       │
17 │~                                       │
18 │second.py             1,1            All│
19 │:e second.py                            │
    ────────────────────────────────────────
[HIGHLIGHT] row 9, cols 0-39: "first.py              1,1            All"

[SAY] Both files visible. First dot py opened in a new split. Second dot py is still below.
[SAY] Control W caret. Split and open the alternate file. Quickly view both your current and previous file side by side.