[RECORDING_START] Screen state at recording start:

              1         2         3         
    0123456789012345678901234567890123456789
    ────────────────────────────────────────
 0 │# Left              │# Right            │ ◂ cursor (0,0)
 1 │x = 10              │a = 30             │
 2 │y = 20              │b = 40             │
 3 │~                   │~                  │
 4 │~                   │~                  │
 5 │~                   │~                  │
 6 │~                   │~                  │
 7 │~                   │~                  │
 8 │~                   │~                  │
 9 │~                   │~                  │
10 │~                   │~                  │
11 │~                   │~                  │
12 │~                   │~                  │
13 │~                   │~                  │
14 │~                   │~                  │
15 │~                   │~                  │
16 │~                   │~                  │
17 │~                   │~                  │
18 │left.py   1,1    All right.py  1,1   All│
    ────────────────────────────────────────

[OVERLAY] VimFu — Ctrl-W >/< — Resize Width
[SAY] Control W greater-than increases window width. Less-than decreases it. For vertical splits.
[SAY] Two files side by side. Make the left pane wider.
[KEYS] '5\x17>'
[OVERLAY] 5⌃w>  widen 5 cols

              1         2         3         
    0123456789012345678901234567890123456789
    ────────────────────────────────────────
 0 │# Left                   │# Right       │ ◂ cursor (0,0)
 1 │x = 10                   │a = 30        │
 2 │y = 20                   │b = 40        │
 3 │~                        │~             │
 4 │~                        │~             │
 5 │~                        │~             │
 6 │~                        │~             │
 7 │~                        │~             │
 8 │~                        │~             │
 9 │~                        │~             │
10 │~                        │~             │
11 │~                        │~             │
12 │~                        │~             │
13 │~                        │~             │
14 │~                        │~             │
15 │~                        │~             │
16 │~                        │~             │
17 │~                        │~             │
18 │left.py      1,1      All <ht.py 1,1 All│
    ────────────────────────────────────────

[SAY] Left pane grew. Right pane shrunk.
[SAY] Too wide. Shrink it back.
[KEYS] '5\x17<'
[OVERLAY] 5⌃w<  shrink 5 cols

              1         2         3         
    0123456789012345678901234567890123456789
    ────────────────────────────────────────
 0 │# Left              │# Right            │ ◂ cursor (0,0)
 1 │x = 10              │a = 30             │
 2 │y = 20              │b = 40             │
 3 │~                   │~                  │
 4 │~                   │~                  │
 5 │~                   │~                  │
 6 │~                   │~                  │
 7 │~                   │~                  │
 8 │~                   │~                  │
 9 │~                   │~                  │
10 │~                   │~                  │
11 │~                   │~                  │
12 │~                   │~                  │
13 │~                   │~                  │
14 │~                   │~                  │
15 │~                   │~                  │
16 │~                   │~                  │
17 │~                   │~                  │
18 │left.py   1,1    All right.py  1,1   All│
    ────────────────────────────────────────

[SAY] Even again. Fine-tune with a count.
[SAY] Move to the right pane and widen it.
[KEYS] '\x17l'
[OVERLAY] ⌃wl  move right

              1         2         3         
    0123456789012345678901234567890123456789
    ────────────────────────────────────────
 0 │# Left             │# Right             │ ◂ cursor (0,20)
 1 │x = 10             │a = 30              │
 2 │y = 20             │b = 40              │
 3 │~                  │~                   │
 4 │~                  │~                   │
 5 │~                  │~                   │
 6 │~                  │~                   │
 7 │~                  │~                   │
 8 │~                  │~                   │
 9 │~                  │~                   │
10 │~                  │~                   │
11 │~                  │~                   │
12 │~                  │~                   │
13 │~                  │~                   │
14 │~                  │~                   │
15 │~                  │~                   │
16 │~                  │~                   │
17 │~                  │~                   │
18 │left.py   1,1   All right.py  1,1    All│
    ────────────────────────────────────────

[KEYS] '5\x17>'
[OVERLAY] 5⌃w>  widen right

              1         2         3         
    0123456789012345678901234567890123456789
    ────────────────────────────────────────
 0 │# Left        │# Right                  │ ◂ cursor (0,15)
 1 │x = 10        │a = 30                   │
 2 │y = 20        │b = 40                   │
 3 │~             │~                        │
 4 │~             │~                        │
 5 │~             │~                        │
 6 │~             │~                        │
 7 │~             │~                        │
 8 │~             │~                        │
 9 │~             │~                        │
10 │~             │~                        │
11 │~             │~                        │
12 │~             │~                        │
13 │~             │~                        │
14 │~             │~                        │
15 │~             │~                        │
16 │~             │~                        │
17 │~             │~                        │
18 │<ft.py 1,1 All right.py     1,1      All│
    ────────────────────────────────────────

[SAY] Right pane is wider now. Greater-than always widens the current window.
[SAY] Control W greater-than to widen. Less-than to narrow. Add a count for bigger moves.