[RECORDING_START] Screen state at recording start:

              1         2         3         
    0123456789012345678901234567890123456789
    ────────────────────────────────────────
 0 │buy = shop("wand", 50, "rare")          │ ◂ cursor (0,0)
 1 │buy = shop("cape", 30, "epic")          │
 2 │buy = shop("ring", 99, "myth")          │
 3 │~                                       │
 4 │~                                       │
 5 │~                                       │
 6 │~                                       │
 7 │~                                       │
 8 │~                                       │
 9 │~                                       │
10 │~                                       │
11 │~                                       │
12 │~                                       │
13 │~                                       │
14 │~                                       │
15 │~                                       │
16 │~                                       │
17 │~                                       │
18 │shop.py               1,1            All│
    ────────────────────────────────────────

[OVERLAY] VimFu — Till Character Backward
[SAY] Capital T searches backward but stops one short. The reverse of lowercase T.
[SAY] Jump to the end of the line.
[KEYS] '$'
[OVERLAY] ⇧$  line end

              1         2         3         
    0123456789012345678901234567890123456789
    ────────────────────────────────────────
 0 │buy = shop("wand", 50, "rare")          │ ◂ cursor (0,29)
 1 │buy = shop("cape", 30, "epic")          │
 2 │buy = shop("ring", 99, "myth")          │
 3 │~                                       │
 4 │~                                       │
 5 │~                                       │
 6 │~                                       │
 7 │~                                       │
 8 │~                                       │
 9 │~                                       │
10 │~                                       │
11 │~                                       │
12 │~                                       │
13 │~                                       │
14 │~                                       │
15 │~                                       │
16 │~                                       │
17 │~                                       │
18 │shop.py               1,30           All│
    ────────────────────────────────────────

[SAY] Capital F open-paren for comparison.
[KEYS] 'F'
[OVERLAY] ⇧F  find back

              1         2         3         
    0123456789012345678901234567890123456789
    ────────────────────────────────────────
 0 │buy = shop("wand", 50, "rare")          │ ◂ cursor (0,29)
 1 │buy = shop("cape", 30, "epic")          │
 2 │buy = shop("ring", 99, "myth")          │
 3 │~                                       │
 4 │~                                       │
 5 │~                                       │
 6 │~                                       │
 7 │~                                       │
 8 │~                                       │
 9 │~                                       │
10 │~                                       │
11 │~                                       │
12 │~                                       │
13 │~                                       │
14 │~                                       │
15 │~                                       │
16 │~                                       │
17 │~                                       │
18 │shop.py               1,30           All│
19 │                             F          │
    ────────────────────────────────────────

[KEYS] '('
[OVERLAY] ⇧(  prev sentence

              1         2         3         
    0123456789012345678901234567890123456789
    ────────────────────────────────────────
 0 │buy = shop("wand", 50, "rare")          │ ◂ cursor (0,10)
 1 │buy = shop("cape", 30, "epic")          │
 2 │buy = shop("ring", 99, "myth")          │
 3 │~                                       │
 4 │~                                       │
 5 │~                                       │
 6 │~                                       │
 7 │~                                       │
 8 │~                                       │
 9 │~                                       │
10 │~                                       │
11 │~                                       │
12 │~                                       │
13 │~                                       │
14 │~                                       │
15 │~                                       │
16 │~                                       │
17 │~                                       │
18 │shop.py               1,11           All│
    ────────────────────────────────────────

[SAY] Capital F lands right on the paren.
[SAY] Back to the end. Now capital T open-paren.
[KEYS] '$'
[OVERLAY] ⇧$  line end

              1         2         3         
    0123456789012345678901234567890123456789
    ────────────────────────────────────────
 0 │buy = shop("wand", 50, "rare")          │ ◂ cursor (0,29)
 1 │buy = shop("cape", 30, "epic")          │
 2 │buy = shop("ring", 99, "myth")          │
 3 │~                                       │
 4 │~                                       │
 5 │~                                       │
 6 │~                                       │
 7 │~                                       │
 8 │~                                       │
 9 │~                                       │
10 │~                                       │
11 │~                                       │
12 │~                                       │
13 │~                                       │
14 │~                                       │
15 │~                                       │
16 │~                                       │
17 │~                                       │
18 │shop.py               1,30           All│
    ────────────────────────────────────────

[KEYS] 'T'
[OVERLAY] ⇧T  till back

              1         2         3         
    0123456789012345678901234567890123456789
    ────────────────────────────────────────
 0 │buy = shop("wand", 50, "rare")          │ ◂ cursor (0,29)
 1 │buy = shop("cape", 30, "epic")          │
 2 │buy = shop("ring", 99, "myth")          │
 3 │~                                       │
 4 │~                                       │
 5 │~                                       │
 6 │~                                       │
 7 │~                                       │
 8 │~                                       │
 9 │~                                       │
10 │~                                       │
11 │~                                       │
12 │~                                       │
13 │~                                       │
14 │~                                       │
15 │~                                       │
16 │~                                       │
17 │~                                       │
18 │shop.py               1,30           All│
19 │                             T          │
    ────────────────────────────────────────

[KEYS] '('
[OVERLAY] ⇧(  prev sentence

              1         2         3         
    0123456789012345678901234567890123456789
    ────────────────────────────────────────
 0 │buy = shop("wand", 50, "rare")          │ ◂ cursor (0,11)
 1 │buy = shop("cape", 30, "epic")          │
 2 │buy = shop("ring", 99, "myth")          │
 3 │~                                       │
 4 │~                                       │
 5 │~                                       │
 6 │~                                       │
 7 │~                                       │
 8 │~                                       │
 9 │~                                       │
10 │~                                       │
11 │~                                       │
12 │~                                       │
13 │~                                       │
14 │~                                       │
15 │~                                       │
16 │~                                       │
17 │~                                       │
18 │shop.py               1,12           All│
    ────────────────────────────────────────

[SAY] Stopped one past the paren. Capital T doesn't quite reach it.
[SAY] Next line. Jump to the end.
[KEYS] 'j'
[OVERLAY] j  down

              1         2         3         
    0123456789012345678901234567890123456789
    ────────────────────────────────────────
 0 │buy = shop("wand", 50, "rare")          │
 1 │buy = shop("cape", 30, "epic")          │ ◂ cursor (1,11)
 2 │buy = shop("ring", 99, "myth")          │
 3 │~                                       │
 4 │~                                       │
 5 │~                                       │
 6 │~                                       │
 7 │~                                       │
 8 │~                                       │
 9 │~                                       │
10 │~                                       │
11 │~                                       │
12 │~                                       │
13 │~                                       │
14 │~                                       │
15 │~                                       │
16 │~                                       │
17 │~                                       │
18 │shop.py               2,12           All│
    ────────────────────────────────────────

[KEYS] '$'
[OVERLAY] ⇧$  line end

              1         2         3         
    0123456789012345678901234567890123456789
    ────────────────────────────────────────
 0 │buy = shop("wand", 50, "rare")          │
 1 │buy = shop("cape", 30, "epic")          │ ◂ cursor (1,29)
 2 │buy = shop("ring", 99, "myth")          │
 3 │~                                       │
 4 │~                                       │
 5 │~                                       │
 6 │~                                       │
 7 │~                                       │
 8 │~                                       │
 9 │~                                       │
10 │~                                       │
11 │~                                       │
12 │~                                       │
13 │~                                       │
14 │~                                       │
15 │~                                       │
16 │~                                       │
17 │~                                       │
18 │shop.py               2,30           All│
    ────────────────────────────────────────

[SAY] Capital T comma.
[KEYS] 'T'
[OVERLAY] ⇧T  till back

              1         2         3         
    0123456789012345678901234567890123456789
    ────────────────────────────────────────
 0 │buy = shop("wand", 50, "rare")          │
 1 │buy = shop("cape", 30, "epic")          │ ◂ cursor (1,29)
 2 │buy = shop("ring", 99, "myth")          │
 3 │~                                       │
 4 │~                                       │
 5 │~                                       │
 6 │~                                       │
 7 │~                                       │
 8 │~                                       │
 9 │~                                       │
10 │~                                       │
11 │~                                       │
12 │~                                       │
13 │~                                       │
14 │~                                       │
15 │~                                       │
16 │~                                       │
17 │~                                       │
18 │shop.py               2,30           All│
19 │                             T          │
    ────────────────────────────────────────

[KEYS] ','
[OVERLAY] ,  reverse find

              1         2         3         
    0123456789012345678901234567890123456789
    ────────────────────────────────────────
 0 │buy = shop("wand", 50, "rare")          │
 1 │buy = shop("cape", 30, "epic")          │ ◂ cursor (1,22)
 2 │buy = shop("ring", 99, "myth")          │
 3 │~                                       │
 4 │~                                       │
 5 │~                                       │
 6 │~                                       │
 7 │~                                       │
 8 │~                                       │
 9 │~                                       │
10 │~                                       │
11 │~                                       │
12 │~                                       │
13 │~                                       │
14 │~                                       │
15 │~                                       │
16 │~                                       │
17 │~                                       │
18 │shop.py               2,23           All│
    ────────────────────────────────────────

[SAY] Stopped right after the comma. T always leaves one gap.
[SAY] Last line. End of line. Capital T open-paren.
[KEYS] 'j'
[OVERLAY] j  down

              1         2         3         
    0123456789012345678901234567890123456789
    ────────────────────────────────────────
 0 │buy = shop("wand", 50, "rare")          │
 1 │buy = shop("cape", 30, "epic")          │
 2 │buy = shop("ring", 99, "myth")          │ ◂ cursor (2,22)
 3 │~                                       │
 4 │~                                       │
 5 │~                                       │
 6 │~                                       │
 7 │~                                       │
 8 │~                                       │
 9 │~                                       │
10 │~                                       │
11 │~                                       │
12 │~                                       │
13 │~                                       │
14 │~                                       │
15 │~                                       │
16 │~                                       │
17 │~                                       │
18 │shop.py               3,23           All│
    ────────────────────────────────────────

[KEYS] '$'
[OVERLAY] ⇧$  line end

              1         2         3         
    0123456789012345678901234567890123456789
    ────────────────────────────────────────
 0 │buy = shop("wand", 50, "rare")          │
 1 │buy = shop("cape", 30, "epic")          │
 2 │buy = shop("ring", 99, "myth")          │ ◂ cursor (2,29)
 3 │~                                       │
 4 │~                                       │
 5 │~                                       │
 6 │~                                       │
 7 │~                                       │
 8 │~                                       │
 9 │~                                       │
10 │~                                       │
11 │~                                       │
12 │~                                       │
13 │~                                       │
14 │~                                       │
15 │~                                       │
16 │~                                       │
17 │~                                       │
18 │shop.py               3,30           All│
    ────────────────────────────────────────

[KEYS] 'T'
[OVERLAY] ⇧T  till back

              1         2         3         
    0123456789012345678901234567890123456789
    ────────────────────────────────────────
 0 │buy = shop("wand", 50, "rare")          │
 1 │buy = shop("cape", 30, "epic")          │
 2 │buy = shop("ring", 99, "myth")          │ ◂ cursor (2,29)
 3 │~                                       │
 4 │~                                       │
 5 │~                                       │
 6 │~                                       │
 7 │~                                       │
 8 │~                                       │
 9 │~                                       │
10 │~                                       │
11 │~                                       │
12 │~                                       │
13 │~                                       │
14 │~                                       │
15 │~                                       │
16 │~                                       │
17 │~                                       │
18 │shop.py               3,30           All│
19 │                             T          │
    ────────────────────────────────────────

[KEYS] '('
[OVERLAY] ⇧(  prev sentence

              1         2         3         
    0123456789012345678901234567890123456789
    ────────────────────────────────────────
 0 │buy = shop("wand", 50, "rare")          │
 1 │buy = shop("cape", 30, "epic")          │
 2 │buy = shop("ring", 99, "myth")          │ ◂ cursor (2,11)
 3 │~                                       │
 4 │~                                       │
 5 │~                                       │
 6 │~                                       │
 7 │~                                       │
 8 │~                                       │
 9 │~                                       │
10 │~                                       │
11 │~                                       │
12 │~                                       │
13 │~                                       │
14 │~                                       │
15 │~                                       │
16 │~                                       │
17 │~                                       │
18 │shop.py               3,12           All│
    ────────────────────────────────────────

[SAY] Same idea. One past the paren every time.
[SAY] Lowercase F and T go forward. Capital F and T go backward. Lowercase stops before, capital stops after. Four precision tools.