[RECORDING_START] Screen state at recording start:

              1         2         3         
    0123456789012345678901234567890123456789
    ────────────────────────────────────────
 0 │city = "tokyo"                          │ ◂ cursor (0,0)
 1 │pop = 14000000                          │
 2 │area = 2194                             │
 3 │rail = "metro"                          │
 4 │park = "ueno"                           │
 5 │hero = "samurai"                        │
 6 │quest = "find"                          │
 7 │boss = "dragon"                         │
 8 │~                                       │
 9 │~                                       │
10 │~                                       │
11 │~                                       │
12 │~                                       │
13 │~                                       │
14 │~                                       │
15 │~                                       │
16 │~                                       │
17 │~                                       │
18 │atlas.py              1,1            All│
    ────────────────────────────────────────

[OVERLAY] VimFu — The m Key
[SAY] M sets a mark. A bookmark you can jump back to anytime.
[SAY] M A. Mark this spot as A.
[KEYS] 'ma'
[OVERLAY] ma  mark a

              1         2         3         
    0123456789012345678901234567890123456789
    ────────────────────────────────────────
 0 │city = "tokyo"                          │ ◂ cursor (0,0)
 1 │pop = 14000000                          │
 2 │area = 2194                             │
 3 │rail = "metro"                          │
 4 │park = "ueno"                           │
 5 │hero = "samurai"                        │
 6 │quest = "find"                          │
 7 │boss = "dragon"                         │
 8 │~                                       │
 9 │~                                       │
10 │~                                       │
11 │~                                       │
12 │~                                       │
13 │~                                       │
14 │~                                       │
15 │~                                       │
16 │~                                       │
17 │~                                       │
18 │atlas.py              1,1            All│
    ────────────────────────────────────────

[SAY] Now go to the bottom.
[KEYS] 'G'
[OVERLAY] ⇧G  last line

              1         2         3         
    0123456789012345678901234567890123456789
    ────────────────────────────────────────
 0 │city = "tokyo"                          │
 1 │pop = 14000000                          │
 2 │area = 2194                             │
 3 │rail = "metro"                          │
 4 │park = "ueno"                           │
 5 │hero = "samurai"                        │
 6 │quest = "find"                          │
 7 │boss = "dragon"                         │ ◂ cursor (7,0)
 8 │~                                       │
 9 │~                                       │
10 │~                                       │
11 │~                                       │
12 │~                                       │
13 │~                                       │
14 │~                                       │
15 │~                                       │
16 │~                                       │
17 │~                                       │
18 │atlas.py              8,1            All│
    ────────────────────────────────────────

[SAY] Way down at boss. Single-quote A.
[KEYS] "'a"
[OVERLAY] 'a  jump to a

              1         2         3         
    0123456789012345678901234567890123456789
    ────────────────────────────────────────
 0 │city = "tokyo"                          │ ◂ cursor (0,0)
 1 │pop = 14000000                          │
 2 │area = 2194                             │
 3 │rail = "metro"                          │
 4 │park = "ueno"                           │
 5 │hero = "samurai"                        │
 6 │quest = "find"                          │
 7 │boss = "dragon"                         │
 8 │~                                       │
 9 │~                                       │
10 │~                                       │
11 │~                                       │
12 │~                                       │
13 │~                                       │
14 │~                                       │
15 │~                                       │
16 │~                                       │
17 │~                                       │
18 │atlas.py              1,1            All│
    ────────────────────────────────────────

[SAY] Back to city. Right where I marked.
[SAY] Set another mark. Go to the hero line.
[KEYS] '5j'
[OVERLAY] 5j  5 down

              1         2         3         
    0123456789012345678901234567890123456789
    ────────────────────────────────────────
 0 │city = "tokyo"                          │
 1 │pop = 14000000                          │
 2 │area = 2194                             │
 3 │rail = "metro"                          │
 4 │park = "ueno"                           │
 5 │hero = "samurai"                        │ ◂ cursor (5,0)
 6 │quest = "find"                          │
 7 │boss = "dragon"                         │
 8 │~                                       │
 9 │~                                       │
10 │~                                       │
11 │~                                       │
12 │~                                       │
13 │~                                       │
14 │~                                       │
15 │~                                       │
16 │~                                       │
17 │~                                       │
18 │atlas.py              6,1            All│
    ────────────────────────────────────────

[KEYS] 'mb'
[OVERLAY] mb  mark b

              1         2         3         
    0123456789012345678901234567890123456789
    ────────────────────────────────────────
 0 │city = "tokyo"                          │
 1 │pop = 14000000                          │
 2 │area = 2194                             │
 3 │rail = "metro"                          │
 4 │park = "ueno"                           │
 5 │hero = "samurai"                        │ ◂ cursor (5,0)
 6 │quest = "find"                          │
 7 │boss = "dragon"                         │
 8 │~                                       │
 9 │~                                       │
10 │~                                       │
11 │~                                       │
12 │~                                       │
13 │~                                       │
14 │~                                       │
15 │~                                       │
16 │~                                       │
17 │~                                       │
18 │atlas.py              6,1            All│
    ────────────────────────────────────────

[SAY] M B. Now I have two marks.
[KEYS] 'gg'
[OVERLAY] gg  go to top

              1         2         3         
    0123456789012345678901234567890123456789
    ────────────────────────────────────────
 0 │city = "tokyo"                          │ ◂ cursor (0,0)
 1 │pop = 14000000                          │
 2 │area = 2194                             │
 3 │rail = "metro"                          │
 4 │park = "ueno"                           │
 5 │hero = "samurai"                        │
 6 │quest = "find"                          │
 7 │boss = "dragon"                         │
 8 │~                                       │
 9 │~                                       │
10 │~                                       │
11 │~                                       │
12 │~                                       │
13 │~                                       │
14 │~                                       │
15 │~                                       │
16 │~                                       │
17 │~                                       │
18 │atlas.py              1,1            All│
    ────────────────────────────────────────

[SAY] Single-quote B.
[KEYS] "'b"
[OVERLAY] 'b  jump to b

              1         2         3         
    0123456789012345678901234567890123456789
    ────────────────────────────────────────
 0 │city = "tokyo"                          │
 1 │pop = 14000000                          │
 2 │area = 2194                             │
 3 │rail = "metro"                          │
 4 │park = "ueno"                           │
 5 │hero = "samurai"                        │ ◂ cursor (5,0)
 6 │quest = "find"                          │
 7 │boss = "dragon"                         │
 8 │~                                       │
 9 │~                                       │
10 │~                                       │
11 │~                                       │
12 │~                                       │
13 │~                                       │
14 │~                                       │
15 │~                                       │
16 │~                                       │
17 │~                                       │
18 │atlas.py              6,1            All│
    ────────────────────────────────────────

[SAY] Hero line. Marks stick around until you overwrite them.
[SAY] M for mark. Set bookmarks anywhere. Single-quote to jump back.