[RECORDING_START] Screen state at recording start:

              1         2         3         
    0123456789012345678901234567890123456789
    ────────────────────────────────────────
 0 │name = "hello"                          │ ◂ cursor (0,0)
 1 │items = [alpha beta]                    │
 2 │~                                       │
 3 │~                                       │
 4 │~                                       │
 5 │~                                       │
 6 │~                                       │
 7 │~                                       │
 8 │~                                       │
 9 │~                                       │
10 │~                                       │
11 │~                                       │
12 │~                                       │
13 │~                                       │
14 │~                                       │
15 │~                                       │
16 │~                                       │
17 │~                                       │
18 │word.py               1,1            All│
    ────────────────────────────────────────

[OVERLAY] VimFu — Change with Target Aliases
[SAY] {key:c}{key:s} can use aliases as the target. {key:q} means the nearest quote pair. {key:r} means square brackets.
[SAY] Cursor inside quoted hello. {key:c}{key:s}{key:q}{key:)} changes the nearest quotes to parentheses.
[KEYS] 'fh'
[OVERLAY] fh

              1         2         3         
    0123456789012345678901234567890123456789
    ────────────────────────────────────────
 0 │name = "hello"                          │ ◂ cursor (0,8)
 1 │items = [alpha beta]                    │
 2 │~                                       │
 3 │~                                       │
 4 │~                                       │
 5 │~                                       │
 6 │~                                       │
 7 │~                                       │
 8 │~                                       │
 9 │~                                       │
10 │~                                       │
11 │~                                       │
12 │~                                       │
13 │~                                       │
14 │~                                       │
15 │~                                       │
16 │~                                       │
17 │~                                       │
18 │word.py               1,9            All│
    ────────────────────────────────────────

[OVERLAY] csq)
[KEYS] 'csq)'
[OVERLAY] csq)

              1         2         3         
    0123456789012345678901234567890123456789
    ────────────────────────────────────────
 0 │name = (hello)                          │ ◂ cursor (0,7)
 1 │items = [alpha beta]                    │
 2 │~                                       │
 3 │~                                       │
 4 │~                                       │
 5 │~                                       │
 6 │~                                       │
 7 │~                                       │
 8 │~                                       │
 9 │~                                       │
10 │~                                       │
11 │~                                       │
12 │~                                       │
13 │~                                       │
14 │~                                       │
15 │~                                       │
16 │~                                       │
17 │~                                       │
18 │word.py [+]           1,8            All│
    ────────────────────────────────────────

[SAY] The quotes changed to parentheses. Line two uses {key:r}, the bracket alias.
[KEYS] 'jf[ll'
[OVERLAY] jf[ll

              1         2         3         
    0123456789012345678901234567890123456789
    ────────────────────────────────────────
 0 │name = (hello)                          │
 1 │items = [alpha beta]                    │ ◂ cursor (1,10)
 2 │~                                       │
 3 │~                                       │
 4 │~                                       │
 5 │~                                       │
 6 │~                                       │
 7 │~                                       │
 8 │~                                       │
 9 │~                                       │
10 │~                                       │
11 │~                                       │
12 │~                                       │
13 │~                                       │
14 │~                                       │
15 │~                                       │
16 │~                                       │
17 │~                                       │
18 │word.py [+]           2,11           All│
    ────────────────────────────────────────

[OVERLAY] csr}
[KEYS] 'csr}'
[OVERLAY] csr}

              1         2         3         
    0123456789012345678901234567890123456789
    ────────────────────────────────────────
 0 │name = (hello)                          │
 1 │items = {alpha beta}                    │ ◂ cursor (1,8)
 2 │~                                       │
 3 │~                                       │
 4 │~                                       │
 5 │~                                       │
 6 │~                                       │
 7 │~                                       │
 8 │~                                       │
 9 │~                                       │
10 │~                                       │
11 │~                                       │
12 │~                                       │
13 │~                                       │
14 │~                                       │
15 │~                                       │
16 │~                                       │
17 │~                                       │
18 │word.py [+]           2,9            All│
    ────────────────────────────────────────

[SAY] {key:c}{key:s}{key:r}{key:}} changes square brackets to braces. Aliases save you from remembering every paired delimiter key.