[RECORDING_START] Screen state at recording start:

              1         2         3         
    0123456789012345678901234567890123456789
    ────────────────────────────────────────
 0 │name = "vim"                            │ ◂ cursor (0,0)
 1 │kind = "tool"                           │
 2 │name = "nano"                           │
 3 │kind = "tool"                           │
 4 │name = "code"                           │
 5 │kind = "app"                            │
 6 │~                                       │
 7 │~                                       │
 8 │~                                       │
 9 │~                                       │
10 │~                                       │
11 │~                                       │
12 │~                                       │
13 │~                                       │
14 │~                                       │
15 │~                                       │
16 │~                                       │
17 │~                                       │
18 │trace.py              1,1            All│
    ────────────────────────────────────────

[OVERLAY] VimFu — Search Word Under Cursor
[SAY] Star searches for the word under your cursor. One key, no typing.
[SAY] Cursor is on name. Press star.
[KEYS] '*'
[OVERLAY] ⇧*  find word

              1         2         3         
    0123456789012345678901234567890123456789
    ────────────────────────────────────────
 0 │name = "vim"                            │
 1 │kind = "tool"                           │
 2 │name = "nano"                           │ ◂ cursor (2,0)
 3 │kind = "tool"                           │
 4 │name = "code"                           │
 5 │kind = "app"                            │
 6 │~                                       │
 7 │~                                       │
 8 │~                                       │
 9 │~                                       │
10 │~                                       │
11 │~                                       │
12 │~                                       │
13 │~                                       │
14 │~                                       │
15 │~                                       │
16 │~                                       │
17 │~                                       │
18 │trace.py              3,1            All│
19 │/\<name\>             [2/3]             │
    ────────────────────────────────────────
[HIGHLIGHT] row 0, cols 0-3: "name"
[HIGHLIGHT] row 2, cols 1-3: "ame"
[HIGHLIGHT] row 4, cols 0-3: "name"

[SAY] Jumped to the next name. Star found every match instantly.
[SAY] Star again.
[KEYS] '*'
[OVERLAY] ⇧*  find word

              1         2         3         
    0123456789012345678901234567890123456789
    ────────────────────────────────────────
 0 │name = "vim"                            │
 1 │kind = "tool"                           │
 2 │name = "nano"                           │
 3 │kind = "tool"                           │
 4 │name = "code"                           │ ◂ cursor (4,0)
 5 │kind = "app"                            │
 6 │~                                       │
 7 │~                                       │
 8 │~                                       │
 9 │~                                       │
10 │~                                       │
11 │~                                       │
12 │~                                       │
13 │~                                       │
14 │~                                       │
15 │~                                       │
16 │~                                       │
17 │~                                       │
18 │trace.py              5,1            All│
19 │/\<name\>             [3/3]             │
    ────────────────────────────────────────
[HIGHLIGHT] row 0, cols 0-3: "name"
[HIGHLIGHT] row 2, cols 0-3: "name"
[HIGHLIGHT] row 4, cols 1-3: "ame"

[SAY] Third name. Star works just like slash, but you don't type anything.
[SAY] Now move to kind and try star.
[KEYS] 'j'
[OVERLAY] j  down

              1         2         3         
    0123456789012345678901234567890123456789
    ────────────────────────────────────────
 0 │name = "vim"                            │
 1 │kind = "tool"                           │
 2 │name = "nano"                           │
 3 │kind = "tool"                           │
 4 │name = "code"                           │
 5 │kind = "app"                            │ ◂ cursor (5,0)
 6 │~                                       │
 7 │~                                       │
 8 │~                                       │
 9 │~                                       │
10 │~                                       │
11 │~                                       │
12 │~                                       │
13 │~                                       │
14 │~                                       │
15 │~                                       │
16 │~                                       │
17 │~                                       │
18 │trace.py              6,1            All│
19 │/\<name\>             [3/3]             │
    ────────────────────────────────────────
[HIGHLIGHT] row 0, cols 0-3: "name"
[HIGHLIGHT] row 2, cols 0-3: "name"
[HIGHLIGHT] row 4, cols 0-3: "name"

[KEYS] '*'
[OVERLAY] ⇧*  find word

              1         2         3         
    0123456789012345678901234567890123456789
    ────────────────────────────────────────
 0 │name = "vim"                            │
 1 │kind = "tool"                           │ ◂ cursor (1,0)
 2 │name = "nano"                           │
 3 │kind = "tool"                           │
 4 │name = "code"                           │
 5 │kind = "app"                            │
 6 │~                                       │
 7 │~                                       │
 8 │~                                       │
 9 │~                                       │
10 │~                                       │
11 │~                                       │
12 │~                                       │
13 │~                                       │
14 │~                                       │
15 │~                                       │
16 │~                                       │
17 │~                                       │
18 │trace.py              2,1            All│
19 │/\<kind\>           W [1/3]             │
    ────────────────────────────────────────
[HIGHLIGHT] row 1, cols 1-3: "ind"
[HIGHLIGHT] row 3, cols 0-3: "kind"
[HIGHLIGHT] row 5, cols 0-3: "kind"

[SAY] Found kind. Star picks up whatever word the cursor is on.
[SAY] Star. The fastest search in Vim. Land on a word and go.