[RECORDING_START] Screen state at recording start:

              1         2         3         
    0123456789012345678901234567890123456789
    ────────────────────────────────────────
 0 │# Top Floor                             │ ◂ cursor (0,0)
 1 │boss = "Dragon"                         │
 2 │~                                       │
 3 │~                                       │
 4 │~                                       │
 5 │~                                       │
 6 │top.py                1,1            All│
 7 │# Middle Floor                          │
 8 │mob = "Goblin"                          │
 9 │~                                       │
10 │~                                       │
11 │~                                       │
12 │mid.py                1,1            All│
13 │# Bottom Floor                          │
14 │loot = "Gold"                           │
15 │~                                       │
16 │~                                       │
17 │~                                       │
18 │bot.py                1,1            All│
    ────────────────────────────────────────
[HIGHLIGHT] row 6, cols 0-39: "top.py                1,1            All"
[HIGHLIGHT] row 12, cols 0-39: "mid.py                1,1            All"

[OVERLAY] VimFu — Ctrl-W t b — Top/Bottom
[SAY] Control W T jumps straight to the top-left window. Control W B jumps to the bottom-right.
[SAY] Three panes. Cursor is in the top one. Jump to the bottom with Control W B.
[KEYS] '\x17b'
[OVERLAY] ⌃wb  bottom window

              1         2         3         
    0123456789012345678901234567890123456789
    ────────────────────────────────────────
 0 │# Top Floor                             │
 1 │boss = "Dragon"                         │
 2 │~                                       │
 3 │~                                       │
 4 │~                                       │
 5 │~                                       │
 6 │top.py                1,1            All│
 7 │# Middle Floor                          │
 8 │mob = "Goblin"                          │
 9 │~                                       │
10 │~                                       │
11 │~                                       │
12 │mid.py                1,1            All│
13 │# Bottom Floor                          │ ◂ cursor (13,0)
14 │loot = "Gold"                           │
15 │~                                       │
16 │~                                       │
17 │~                                       │
18 │bot.py                1,1            All│
    ────────────────────────────────────────
[HIGHLIGHT] row 6, cols 0-39: "top.py                1,1            All"
[HIGHLIGHT] row 12, cols 0-39: "mid.py                1,1            All"

[SAY] Jumped to the bottom floor. Skipped the middle pane entirely.
[SAY] Control W T back to the top.
[KEYS] '\x17t'
[OVERLAY] ⌃wt  top window

              1         2         3         
    0123456789012345678901234567890123456789
    ────────────────────────────────────────
 0 │# Top Floor                             │ ◂ cursor (0,0)
 1 │boss = "Dragon"                         │
 2 │~                                       │
 3 │~                                       │
 4 │~                                       │
 5 │~                                       │
 6 │top.py                1,1            All│
 7 │# Middle Floor                          │
 8 │mob = "Goblin"                          │
 9 │~                                       │
10 │~                                       │
11 │~                                       │
12 │mid.py                1,1            All│
13 │# Bottom Floor                          │
14 │loot = "Gold"                           │
15 │~                                       │
16 │~                                       │
17 │~                                       │
18 │bot.py                1,1            All│
    ────────────────────────────────────────
[HIGHLIGHT] row 6, cols 0-39: "top.py                1,1            All"
[HIGHLIGHT] row 12, cols 0-39: "mid.py                1,1            All"

[SAY] Back at the top. No need to cycle through every window.
[SAY] Bottom and back.
[KEYS] '\x17b'
[OVERLAY] ⌃wb  bottom

              1         2         3         
    0123456789012345678901234567890123456789
    ────────────────────────────────────────
 0 │# Top Floor                             │
 1 │boss = "Dragon"                         │
 2 │~                                       │
 3 │~                                       │
 4 │~                                       │
 5 │~                                       │
 6 │top.py                1,1            All│
 7 │# Middle Floor                          │
 8 │mob = "Goblin"                          │
 9 │~                                       │
10 │~                                       │
11 │~                                       │
12 │mid.py                1,1            All│
13 │# Bottom Floor                          │ ◂ cursor (13,0)
14 │loot = "Gold"                           │
15 │~                                       │
16 │~                                       │
17 │~                                       │
18 │bot.py                1,1            All│
    ────────────────────────────────────────
[HIGHLIGHT] row 6, cols 0-39: "top.py                1,1            All"
[HIGHLIGHT] row 12, cols 0-39: "mid.py                1,1            All"

[KEYS] '\x17t'
[OVERLAY] ⌃wt  top

              1         2         3         
    0123456789012345678901234567890123456789
    ────────────────────────────────────────
 0 │# Top Floor                             │ ◂ cursor (0,0)
 1 │boss = "Dragon"                         │
 2 │~                                       │
 3 │~                                       │
 4 │~                                       │
 5 │~                                       │
 6 │top.py                1,1            All│
 7 │# Middle Floor                          │
 8 │mob = "Goblin"                          │
 9 │~                                       │
10 │~                                       │
11 │~                                       │
12 │mid.py                1,1            All│
13 │# Bottom Floor                          │
14 │loot = "Gold"                           │
15 │~                                       │
16 │~                                       │
17 │~                                       │
18 │bot.py                1,1            All│
    ────────────────────────────────────────
[HIGHLIGHT] row 6, cols 0-39: "top.py                1,1            All"
[HIGHLIGHT] row 12, cols 0-39: "mid.py                1,1            All"

[SAY] Control W T for top. Control W B for bottom. Jump to the extremes instantly.