[RECORDING_START] Screen state at recording start:

              1         2         3         
    0123456789012345678901234567890123456789
    ────────────────────────────────────────
 0 │➜  vimfu cat mission.txt                │
 1 │Mission Briefing — Op Starfall          │
 2 │──────────────────────────────          │
 3 │Target: Orbital station Zeta-9          │
 4 │Objective: retrieve data core           │
 5 │Exfil: pod bay C, deck 7                │
 6 │Time limit: 12 minutes                  │
 7 │➜  vimfu                                │ ◂ cursor (7,9)
 8 │                                        │
 9 │                                        │
10 │                                        │
11 │                                        │
12 │                                        │
13 │                                        │
14 │                                        │
15 │                                        │
16 │                                        │
17 │                                        │
18 │                                        │
19 │[0] 0:zsh*       "vimfu" 19:35 26-Feb-26│
    ────────────────────────────────────────

[OVERLAY] VimFu — Copy Mode Selection
[SAY] In copy mode, press V to start selecting. Navigate to extend. Enter to copy.
[SAY] I want to grab the mission details. Enter copy mode.
[KEYS] '\x02'
[OVERLAY] ⌃b  prefix

              1         2         3         
    0123456789012345678901234567890123456789
    ────────────────────────────────────────
 0 │➜  vimfu cat mission.txt                │
 1 │Mission Briefing — Op Starfall          │
 2 │──────────────────────────────          │
 3 │Target: Orbital station Zeta-9          │
 4 │Objective: retrieve data core           │
 5 │Exfil: pod bay C, deck 7                │
 6 │Time limit: 12 minutes                  │
 7 │➜  vimfu                                │ ◂ cursor (7,9)
 8 │                                        │
 9 │                                        │
10 │                                        │
11 │                                        │
12 │                                        │
13 │                                        │
14 │                                        │
15 │                                        │
16 │                                        │
17 │                                        │
18 │                                        │
19 │[0] 0:zsh*       "vimfu" 19:35 26-Feb-26│
    ────────────────────────────────────────

[KEYS] '['
[OVERLAY] [  copy mode

              1         2         3         
    0123456789012345678901234567890123456789
    ────────────────────────────────────────
 0 │➜  vimfu cat mission.txt           [0/1]│
 1 │Mission Briefing — Op Starfall          │
 2 │──────────────────────────────          │
 3 │Target: Orbital station Zeta-9          │
 4 │Objective: retrieve data core           │
 5 │Exfil: pod bay C, deck 7                │
 6 │Time limit: 12 minutes                  │
 7 │➜  vimfu                                │ ◂ cursor (7,9)
 8 │                                        │
 9 │                                        │
10 │                                        │
11 │                                        │
12 │                                        │
13 │                                        │
14 │                                        │
15 │                                        │
16 │                                        │
17 │                                        │
18 │                                        │
19 │[0] 0:[tmux]*    "vimfu" 19:35 26-Feb-26│
    ────────────────────────────────────────
[HIGHLIGHT] row 0, cols 35-39: "[0/1]"

[SAY] Move up to the target line.
[KEYS] 'k'
[OVERLAY] k  up

              1         2         3         
    0123456789012345678901234567890123456789
    ────────────────────────────────────────
 0 │➜  vimfu cat mission.txt           [0/1]│
 1 │Mission Briefing — Op Starfall          │
 2 │──────────────────────────────          │
 3 │Target: Orbital station Zeta-9          │
 4 │Objective: retrieve data core           │
 5 │Exfil: pod bay C, deck 7                │
 6 │Time limit: 12 minutes                  │ ◂ cursor (6,22)
 7 │➜  vimfu                                │
 8 │                                        │
 9 │                                        │
10 │                                        │
11 │                                        │
12 │                                        │
13 │                                        │
14 │                                        │
15 │                                        │
16 │                                        │
17 │                                        │
18 │                                        │
19 │[0] 0:[tmux]*    "vimfu" 19:35 26-Feb-26│
    ────────────────────────────────────────
[HIGHLIGHT] row 0, cols 35-39: "[0/1]"

[KEYS] 'k'
[OVERLAY] k  up

              1         2         3         
    0123456789012345678901234567890123456789
    ────────────────────────────────────────
 0 │➜  vimfu cat mission.txt           [0/1]│
 1 │Mission Briefing — Op Starfall          │
 2 │──────────────────────────────          │
 3 │Target: Orbital station Zeta-9          │
 4 │Objective: retrieve data core           │
 5 │Exfil: pod bay C, deck 7                │ ◂ cursor (5,24)
 6 │Time limit: 12 minutes                  │
 7 │➜  vimfu                                │
 8 │                                        │
 9 │                                        │
10 │                                        │
11 │                                        │
12 │                                        │
13 │                                        │
14 │                                        │
15 │                                        │
16 │                                        │
17 │                                        │
18 │                                        │
19 │[0] 0:[tmux]*    "vimfu" 19:35 26-Feb-26│
    ────────────────────────────────────────
[HIGHLIGHT] row 0, cols 35-39: "[0/1]"

[KEYS] 'k'
[OVERLAY] k  up

              1         2         3         
    0123456789012345678901234567890123456789
    ────────────────────────────────────────
 0 │➜  vimfu cat mission.txt           [0/1]│
 1 │Mission Briefing — Op Starfall          │
 2 │──────────────────────────────          │
 3 │Target: Orbital station Zeta-9          │
 4 │Objective: retrieve data core           │ ◂ cursor (4,29)
 5 │Exfil: pod bay C, deck 7                │
 6 │Time limit: 12 minutes                  │
 7 │➜  vimfu                                │
 8 │                                        │
 9 │                                        │
10 │                                        │
11 │                                        │
12 │                                        │
13 │                                        │
14 │                                        │
15 │                                        │
16 │                                        │
17 │                                        │
18 │                                        │
19 │[0] 0:[tmux]*    "vimfu" 19:35 26-Feb-26│
    ────────────────────────────────────────
[HIGHLIGHT] row 0, cols 35-39: "[0/1]"

[SAY] Press V to start line selection.
[KEYS] 'V'
[OVERLAY] ⇧V  select lines

              1         2         3         
    0123456789012345678901234567890123456789
    ────────────────────────────────────────
 0 │➜  vimfu cat mission.txt           [0/1]│
 1 │Mission Briefing — Op Starfall          │
 2 │──────────────────────────────          │
 3 │Target: Orbital station Zeta-9          │
 4 │Objective: retrieve data core           │ ◂ cursor (4,29)
 5 │Exfil: pod bay C, deck 7                │
 6 │Time limit: 12 minutes                  │
 7 │➜  vimfu                                │
 8 │                                        │
 9 │                                        │
10 │                                        │
11 │                                        │
12 │                                        │
13 │                                        │
14 │                                        │
15 │                                        │
16 │                                        │
17 │                                        │
18 │                                        │
19 │[0] 0:[tmux]*    "vimfu" 19:35 26-Feb-26│
    ────────────────────────────────────────
[HIGHLIGHT] row 0, cols 35-39: "[0/1]"
[HIGHLIGHT] row 4, cols 0-29: "Objective: retrieve data core"

[KEYS] 'j'
[OVERLAY] j  down

              1         2         3         
    0123456789012345678901234567890123456789
    ────────────────────────────────────────
 0 │➜  vimfu cat mission.txt           [0/1]│
 1 │Mission Briefing — Op Starfall          │
 2 │──────────────────────────────          │
 3 │Target: Orbital station Zeta-9          │
 4 │Objective: retrieve data core           │
 5 │Exfil: pod bay C, deck 7                │ ◂ cursor (5,24)
 6 │Time limit: 12 minutes                  │
 7 │➜  vimfu                                │
 8 │                                        │
 9 │                                        │
10 │                                        │
11 │                                        │
12 │                                        │
13 │                                        │
14 │                                        │
15 │                                        │
16 │                                        │
17 │                                        │
18 │                                        │
19 │[0] 0:[tmux]*    "vimfu" 19:35 26-Feb-26│
    ────────────────────────────────────────
[HIGHLIGHT] row 0, cols 35-39: "[0/1]"
[HIGHLIGHT] row 4, cols 0-39: "Objective: retrieve data core"
[HIGHLIGHT] row 5, cols 0-24: "Exfil: pod bay C, deck 7"

[KEYS] 'j'
[OVERLAY] j  down

              1         2         3         
    0123456789012345678901234567890123456789
    ────────────────────────────────────────
 0 │➜  vimfu cat mission.txt           [0/1]│
 1 │Mission Briefing — Op Starfall          │
 2 │──────────────────────────────          │
 3 │Target: Orbital station Zeta-9          │
 4 │Objective: retrieve data core           │
 5 │Exfil: pod bay C, deck 7                │
 6 │Time limit: 12 minutes                  │ ◂ cursor (6,22)
 7 │➜  vimfu                                │
 8 │                                        │
 9 │                                        │
10 │                                        │
11 │                                        │
12 │                                        │
13 │                                        │
14 │                                        │
15 │                                        │
16 │                                        │
17 │                                        │
18 │                                        │
19 │[0] 0:[tmux]*    "vimfu" 19:35 26-Feb-26│
    ────────────────────────────────────────
[HIGHLIGHT] row 0, cols 35-39: "[0/1]"
[HIGHLIGHT] row 4, cols 0-39: "Objective: retrieve data core"
[HIGHLIGHT] row 5, cols 0-39: "Exfil: pod bay C, deck 7"
[HIGHLIGHT] row 6, cols 0-22: "Time limit: 12 minutes"

[SAY] Three lines highlighted. Press Enter to copy.
[ENTER]

              1         2         3         
    0123456789012345678901234567890123456789
    ────────────────────────────────────────
 0 │➜  vimfu cat mission.txt                │
 1 │Mission Briefing — Op Starfall          │
 2 │──────────────────────────────          │
 3 │Target: Orbital station Zeta-9          │
 4 │Objective: retrieve data core           │
 5 │Exfil: pod bay C, deck 7                │
 6 │Time limit: 12 minutes                  │
 7 │➜  vimfu                                │ ◂ cursor (7,9)
 8 │                                        │
 9 │                                        │
10 │                                        │
11 │                                        │
12 │                                        │
13 │                                        │
14 │                                        │
15 │                                        │
16 │                                        │
17 │                                        │
18 │                                        │
19 │[0] 0:zsh*       "vimfu" 19:35 26-Feb-26│
    ────────────────────────────────────────

[SAY] Copied to the tmux paste buffer.
[SAY] Control B, right bracket pastes it.
[KEYS] '\x02'
[OVERLAY] ⌃b  prefix

              1         2         3         
    0123456789012345678901234567890123456789
    ────────────────────────────────────────
 0 │➜  vimfu cat mission.txt                │
 1 │Mission Briefing — Op Starfall          │
 2 │──────────────────────────────          │
 3 │Target: Orbital station Zeta-9          │
 4 │Objective: retrieve data core           │
 5 │Exfil: pod bay C, deck 7                │
 6 │Time limit: 12 minutes                  │
 7 │➜  vimfu                                │ ◂ cursor (7,9)
 8 │                                        │
 9 │                                        │
10 │                                        │
11 │                                        │
12 │                                        │
13 │                                        │
14 │                                        │
15 │                                        │
16 │                                        │
17 │                                        │
18 │                                        │
19 │[0] 0:zsh*       "vimfu" 19:35 26-Feb-26│
    ────────────────────────────────────────

[KEYS] ']'
[OVERLAY] ]  paste

              1         2         3         
    0123456789012345678901234567890123456789
    ────────────────────────────────────────
 0 │➜  vimfu cat mission.txt                │
 1 │Mission Briefing — Op Starfall          │
 2 │──────────────────────────────          │
 3 │Target: Orbital station Zeta-9          │
 4 │Objective: retrieve data core           │
 5 │Exfil: pod bay C, deck 7                │
 6 │Time limit: 12 minutes                  │
 7 │➜  vimfu Objective: retrieve data core  │
 8 │Exfil: pod bay C, deck 7                │
 9 │Time limit: 12 minutes                  │
10 │                                        │ ◂ cursor (10,0)
11 │                                        │
12 │                                        │
13 │                                        │
14 │                                        │
15 │                                        │
16 │                                        │
17 │                                        │
18 │                                        │
19 │[0] 0:zsh*       "vimfu" 19:35 26-Feb-26│
    ────────────────────────────────────────

[SAY] There it is. Selected, copied, pasted.
[SAY] Copy mode V to select. Enter to copy. Control B, right bracket to paste.