[RECORDING_START] Screen state at recording start:

              1         2         3         
    0123456789012345678901234567890123456789
    ────────────────────────────────────────
 0 │# Demo                                  │ ◂ cursor (0,0)
 1 │name = "vim"                            │
 2 │print(name)                             │
 3 │~                                       │
 4 │~                                       │
 5 │~                                       │
 6 │~                                       │
 7 │~                                       │
 8 │~                                       │
 9 │~                                       │
10 │~                                       │
11 │~                                       │
12 │~                                       │
13 │~                                       │
14 │~                                       │
15 │~                                       │
16 │~                                       │
17 │~                                       │
18 │demo.py               1,1            All│
    ────────────────────────────────────────

[OVERLAY] VimFu — Escape / Ctrl-[ — Leave Insert
[SAY] There are two ways to leave insert mode. {key:Esc} and {key:Ctrl-[}. They do exactly the same thing.
[SAY] Enter insert mode with I.
[KEYS] 'i'
[OVERLAY] i  insert mode

              1         2         3         
    0123456789012345678901234567890123456789
    ────────────────────────────────────────
 0 │# Demo                                  │ ◂ cursor (0,0)
 1 │name = "vim"                            │
 2 │print(name)                             │
 3 │~                                       │
 4 │~                                       │
 5 │~                                       │
 6 │~                                       │
 7 │~                                       │
 8 │~                                       │
 9 │~                                       │
10 │~                                       │
11 │~                                       │
12 │~                                       │
13 │~                                       │
14 │~                                       │
15 │~                                       │
16 │~                                       │
17 │~                                       │
18 │demo.py               1,1            All│
19 │-- INSERT --                            │
    ────────────────────────────────────────

[SAY] Now press {key:Esc} to leave.
[ESCAPE]

              1         2         3         
    0123456789012345678901234567890123456789
    ────────────────────────────────────────
 0 │# Demo                                  │ ◂ cursor (0,0)
 1 │name = "vim"                            │
 2 │print(name)                             │
 3 │~                                       │
 4 │~                                       │
 5 │~                                       │
 6 │~                                       │
 7 │~                                       │
 8 │~                                       │
 9 │~                                       │
10 │~                                       │
11 │~                                       │
12 │~                                       │
13 │~                                       │
14 │~                                       │
15 │~                                       │
16 │~                                       │
17 │~                                       │
18 │demo.py               1,1            All│
    ────────────────────────────────────────

[SAY] Back in normal mode. INSERT is gone from the status bar.
[SAY] Enter insert mode again.
[KEYS] 'i'
[OVERLAY] i  insert mode

              1         2         3         
    0123456789012345678901234567890123456789
    ────────────────────────────────────────
 0 │# Demo                                  │ ◂ cursor (0,0)
 1 │name = "vim"                            │
 2 │print(name)                             │
 3 │~                                       │
 4 │~                                       │
 5 │~                                       │
 6 │~                                       │
 7 │~                                       │
 8 │~                                       │
 9 │~                                       │
10 │~                                       │
11 │~                                       │
12 │~                                       │
13 │~                                       │
14 │~                                       │
15 │~                                       │
16 │~                                       │
17 │~                                       │
18 │demo.py               1,1            All│
19 │-- INSERT --                            │
    ────────────────────────────────────────

[SAY] This time, {key:Ctrl-[}.
[CTRL] [
[OVERLAY] ⌃[  back to normal

              1         2         3         
    0123456789012345678901234567890123456789
    ────────────────────────────────────────
 0 │# Demo                                  │ ◂ cursor (0,0)
 1 │name = "vim"                            │
 2 │print(name)                             │
 3 │~                                       │
 4 │~                                       │
 5 │~                                       │
 6 │~                                       │
 7 │~                                       │
 8 │~                                       │
 9 │~                                       │
10 │~                                       │
11 │~                                       │
12 │~                                       │
13 │~                                       │
14 │~                                       │
15 │~                                       │
16 │~                                       │
17 │~                                       │
18 │demo.py               1,1            All│
    ────────────────────────────────────────

[SAY] Same result. Normal mode. Some Vim users prefer {key:Ctrl-[} because it keeps your hands on the home row.
[SAY] {key:Esc} or {key:Ctrl-[}. Two paths to the same place. Normal mode.