[RECORDING_START] Screen state at recording start:

              1         2         3         
    0123456789012345678901234567890123456789
    ────────────────────────────────────────
 0 │hp = 100                                │ ◂ cursor (0,0)
 1 │mp =                                    │
 2 │speed = 42                              │
 3 │xp =                                    │
 4 │lives = 3                               │
 5 │~                                       │
 6 │~                                       │
 7 │~                                       │
 8 │~                                       │
 9 │~                                       │
10 │~                                       │
11 │~                                       │
12 │~                                       │
13 │~                                       │
14 │~                                       │
15 │~                                       │
16 │~                                       │
17 │~                                       │
18 │stats.py              1,1            All│
    ────────────────────────────────────────

[OVERLAY] VimFu — The Y Key
[SAY] In Neovim, capital Y yanks from the cursor to the end of the line. Same as Y dollar.
[SAY] HP is 100. MP needs the same value. Find the 1. Capital Y.
[KEYS] 'f1'
[OVERLAY] f1

              1         2         3         
    0123456789012345678901234567890123456789
    ────────────────────────────────────────
 0 │hp = 100                                │ ◂ cursor (0,5)
 1 │mp =                                    │
 2 │speed = 42                              │
 3 │xp =                                    │
 4 │lives = 3                               │
 5 │~                                       │
 6 │~                                       │
 7 │~                                       │
 8 │~                                       │
 9 │~                                       │
10 │~                                       │
11 │~                                       │
12 │~                                       │
13 │~                                       │
14 │~                                       │
15 │~                                       │
16 │~                                       │
17 │~                                       │
18 │stats.py              1,6            All│
    ────────────────────────────────────────

[KEYS] 'Y'
[OVERLAY] ⇧Y  yank to end

              1         2         3         
    0123456789012345678901234567890123456789
    ────────────────────────────────────────
 0 │hp = 100                                │ ◂ cursor (0,5)
 1 │mp =                                    │
 2 │speed = 42                              │
 3 │xp =                                    │
 4 │lives = 3                               │
 5 │~                                       │
 6 │~                                       │
 7 │~                                       │
 8 │~                                       │
 9 │~                                       │
10 │~                                       │
11 │~                                       │
12 │~                                       │
13 │~                                       │
14 │~                                       │
15 │~                                       │
16 │~                                       │
17 │~                                       │
18 │stats.py              1,6            All│
    ────────────────────────────────────────

[SAY] Yanked 100 — everything from the cursor to the end of the line. Jump down to MP.
[KEYS] 'j$'
[OVERLAY] j$

              1         2         3         
    0123456789012345678901234567890123456789
    ────────────────────────────────────────
 0 │hp = 100                                │
 1 │mp =                                    │ ◂ cursor (1,4)
 2 │speed = 42                              │
 3 │xp =                                    │
 4 │lives = 3                               │
 5 │~                                       │
 6 │~                                       │
 7 │~                                       │
 8 │~                                       │
 9 │~                                       │
10 │~                                       │
11 │~                                       │
12 │~                                       │
13 │~                                       │
14 │~                                       │
15 │~                                       │
16 │~                                       │
17 │~                                       │
18 │stats.py              2,5            All│
    ────────────────────────────────────────

[KEYS] 'p'
[OVERLAY] p  put after

              1         2         3         
    0123456789012345678901234567890123456789
    ────────────────────────────────────────
 0 │hp = 100                                │
 1 │mp = 100                                │ ◂ cursor (1,7)
 2 │speed = 42                              │
 3 │xp =                                    │
 4 │lives = 3                               │
 5 │~                                       │
 6 │~                                       │
 7 │~                                       │
 8 │~                                       │
 9 │~                                       │
10 │~                                       │
11 │~                                       │
12 │~                                       │
13 │~                                       │
14 │~                                       │
15 │~                                       │
16 │~                                       │
17 │~                                       │
18 │stats.py [+]          2,8            All│
    ────────────────────────────────────────

[SAY] MP is 100. Capital Y grabbed the tail of the line. P pasted it.
[KEYS] 'u'
[OVERLAY] u  undo

              1         2         3         
    0123456789012345678901234567890123456789
    ────────────────────────────────────────
 0 │hp = 100                                │
 1 │mp =                                    │ ◂ cursor (1,4)
 2 │speed = 42                              │
 3 │xp =                                    │
 4 │lives = 3                               │
 5 │~                                       │
 6 │~                                       │
 7 │~                                       │
 8 │~                                       │
 9 │~                                       │
10 │~                                       │
11 │~                                       │
12 │~                                       │
13 │~                                       │
14 │~                                       │
15 │~                                       │
16 │~                                       │
17 │~                                       │
18 │stats.py              2,5            All│
19 │1 change; be...9 seconds ago            │
    ────────────────────────────────────────

[SAY] Speed has 42. XP needs it. Jump down. Find the 4. Capital Y.
[KEYS] 'j'
[OVERLAY] j

              1         2         3         
    0123456789012345678901234567890123456789
    ────────────────────────────────────────
 0 │hp = 100                                │
 1 │mp =                                    │
 2 │speed = 42                              │ ◂ cursor (2,4)
 3 │xp =                                    │
 4 │lives = 3                               │
 5 │~                                       │
 6 │~                                       │
 7 │~                                       │
 8 │~                                       │
 9 │~                                       │
10 │~                                       │
11 │~                                       │
12 │~                                       │
13 │~                                       │
14 │~                                       │
15 │~                                       │
16 │~                                       │
17 │~                                       │
18 │stats.py              3,5            All│
19 │1 change; be...9 seconds ago            │
    ────────────────────────────────────────

[KEYS] 'f4'
[OVERLAY] f4

              1         2         3         
    0123456789012345678901234567890123456789
    ────────────────────────────────────────
 0 │hp = 100                                │
 1 │mp =                                    │
 2 │speed = 42                              │ ◂ cursor (2,8)
 3 │xp =                                    │
 4 │lives = 3                               │
 5 │~                                       │
 6 │~                                       │
 7 │~                                       │
 8 │~                                       │
 9 │~                                       │
10 │~                                       │
11 │~                                       │
12 │~                                       │
13 │~                                       │
14 │~                                       │
15 │~                                       │
16 │~                                       │
17 │~                                       │
18 │stats.py              3,9            All│
19 │1 change; be...9 seconds ago            │
    ────────────────────────────────────────

[KEYS] 'Y'
[OVERLAY] ⇧Y  yank to end

              1         2         3         
    0123456789012345678901234567890123456789
    ────────────────────────────────────────
 0 │hp = 100                                │
 1 │mp =                                    │
 2 │speed = 42                              │ ◂ cursor (2,8)
 3 │xp =                                    │
 4 │lives = 3                               │
 5 │~                                       │
 6 │~                                       │
 7 │~                                       │
 8 │~                                       │
 9 │~                                       │
10 │~                                       │
11 │~                                       │
12 │~                                       │
13 │~                                       │
14 │~                                       │
15 │~                                       │
16 │~                                       │
17 │~                                       │
18 │stats.py              3,9            All│
19 │1 change; be...9 seconds ago            │
    ────────────────────────────────────────

[SAY] Yanked 42. Jump down to XP.
[KEYS] 'j$'
[OVERLAY] j$

              1         2         3         
    0123456789012345678901234567890123456789
    ────────────────────────────────────────
 0 │hp = 100                                │
 1 │mp =                                    │
 2 │speed = 42                              │
 3 │xp =                                    │ ◂ cursor (3,4)
 4 │lives = 3                               │
 5 │~                                       │
 6 │~                                       │
 7 │~                                       │
 8 │~                                       │
 9 │~                                       │
10 │~                                       │
11 │~                                       │
12 │~                                       │
13 │~                                       │
14 │~                                       │
15 │~                                       │
16 │~                                       │
17 │~                                       │
18 │stats.py              4,5            All│
19 │1 change; be...9 seconds ago            │
    ────────────────────────────────────────

[KEYS] 'p'
[OVERLAY] p  put after

              1         2         3         
    0123456789012345678901234567890123456789
    ────────────────────────────────────────
 0 │hp = 100                                │
 1 │mp =                                    │
 2 │speed = 42                              │
 3 │xp = 42                                 │ ◂ cursor (3,6)
 4 │lives = 3                               │
 5 │~                                       │
 6 │~                                       │
 7 │~                                       │
 8 │~                                       │
 9 │~                                       │
10 │~                                       │
11 │~                                       │
12 │~                                       │
13 │~                                       │
14 │~                                       │
15 │~                                       │
16 │~                                       │
17 │~                                       │
18 │stats.py [+]          4,7            All│
19 │1 change; be...9 seconds ago            │
    ────────────────────────────────────────

[SAY] XP is 42. Same move. Capital Y, then P.
[SAY] Capital Y. Yank to end of line. In classic Vim Y copied the whole line like Y Y. Neovim made it Y dollar — consistent with D and C.