[RECORDING_START] Screen state at recording start:

              1         2         3         
    0123456789012345678901234567890123456789
    ────────────────────────────────────────
 0 │score = 0                               │ ◂ cursor (0,0)
 1 │lives = 3                               │
 2 │level = 1                               │
 3 │~                                       │
 4 │~                                       │
 5 │~                                       │
 6 │~                                       │
 7 │~                                       │
 8 │~                                       │
 9 │~                                       │
10 │~                                       │
11 │~                                       │
12 │~                                       │
13 │~                                       │
14 │~                                       │
15 │~                                       │
16 │~                                       │
17 │~                                       │
18 │fix.py                1,1            All│
    ────────────────────────────────────────

[OVERLAY] VimFu — Ctrl-R
[SAY] Control R is redo. It reverses an undo. Undo too far? Control R brings it back.
[SAY] Let's make some changes. Delete the first line.
[KEYS] 'dd'
[OVERLAY] dd  dd  delete line

              1         2         3         
    0123456789012345678901234567890123456789
    ────────────────────────────────────────
 0 │lives = 3                               │ ◂ cursor (0,0)
 1 │level = 1                               │
 2 │~                                       │
 3 │~                                       │
 4 │~                                       │
 5 │~                                       │
 6 │~                                       │
 7 │~                                       │
 8 │~                                       │
 9 │~                                       │
10 │~                                       │
11 │~                                       │
12 │~                                       │
13 │~                                       │
14 │~                                       │
15 │~                                       │
16 │~                                       │
17 │~                                       │
18 │fix.py [+]            1,1            All│
    ────────────────────────────────────────

[SAY] Delete the next line too.
[KEYS] 'dd'
[OVERLAY] dd  dd  delete line

              1         2         3         
    0123456789012345678901234567890123456789
    ────────────────────────────────────────
 0 │level = 1                               │ ◂ cursor (0,0)
 1 │~                                       │
 2 │~                                       │
 3 │~                                       │
 4 │~                                       │
 5 │~                                       │
 6 │~                                       │
 7 │~                                       │
 8 │~                                       │
 9 │~                                       │
10 │~                                       │
11 │~                                       │
12 │~                                       │
13 │~                                       │
14 │~                                       │
15 │~                                       │
16 │~                                       │
17 │~                                       │
18 │fix.py [+]            1,1            All│
    ────────────────────────────────────────

[SAY] Two lines gone. Now undo both.
[KEYS] 'u'
[OVERLAY] u  u  undo

              1         2         3         
    0123456789012345678901234567890123456789
    ────────────────────────────────────────
 0 │lives = 3                               │ ◂ cursor (0,0)
 1 │level = 1                               │
 2 │~                                       │
 3 │~                                       │
 4 │~                                       │
 5 │~                                       │
 6 │~                                       │
 7 │~                                       │
 8 │~                                       │
 9 │~                                       │
10 │~                                       │
11 │~                                       │
12 │~                                       │
13 │~                                       │
14 │~                                       │
15 │~                                       │
16 │~                                       │
17 │~                                       │
18 │fix.py [+]            1,1            All│
19 │1 more line;...2 seconds ago            │
    ────────────────────────────────────────

[KEYS] 'u'
[OVERLAY] u  u  undo

              1         2         3         
    0123456789012345678901234567890123456789
    ────────────────────────────────────────
 0 │score = 0                               │ ◂ cursor (0,0)
 1 │lives = 3                               │
 2 │level = 1                               │
 3 │~                                       │
 4 │~                                       │
 5 │~                                       │
 6 │~                                       │
 7 │~                                       │
 8 │~                                       │
 9 │~                                       │
10 │~                                       │
11 │~                                       │
12 │~                                       │
13 │~                                       │
14 │~                                       │
15 │~                                       │
16 │~                                       │
17 │~                                       │
18 │fix.py                1,1            All│
19 │1 more line;...6 seconds ago            │
    ────────────────────────────────────────

[SAY] Both lines are back. But what if we only wanted to undo one? Control R.
[CTRL] r
[OVERLAY] ⌃r  redo

              1         2         3         
    0123456789012345678901234567890123456789
    ────────────────────────────────────────
 0 │lives = 3                               │ ◂ cursor (0,0)
 1 │level = 1                               │
 2 │~                                       │
 3 │~                                       │
 4 │~                                       │
 5 │~                                       │
 6 │~                                       │
 7 │~                                       │
 8 │~                                       │
 9 │~                                       │
10 │~                                       │
11 │~                                       │
12 │~                                       │
13 │~                                       │
14 │~                                       │
15 │~                                       │
16 │~                                       │
17 │~                                       │
18 │fix.py [+]            1,1            All│
19 │1 line less;...9 seconds ago            │
    ────────────────────────────────────────

[SAY] The first delete came back. Redo replays the change we just undid.
[SAY] One more control R.
[CTRL] r
[OVERLAY] ⌃r  redo

              1         2         3         
    0123456789012345678901234567890123456789
    ────────────────────────────────────────
 0 │level = 1                               │ ◂ cursor (0,0)
 1 │~                                       │
 2 │~                                       │
 3 │~                                       │
 4 │~                                       │
 5 │~                                       │
 6 │~                                       │
 7 │~                                       │
 8 │~                                       │
 9 │~                                       │
10 │~                                       │
11 │~                                       │
12 │~                                       │
13 │~                                       │
14 │~                                       │
15 │~                                       │
16 │~                                       │
17 │~                                       │
18 │fix.py [+]            1,1            All│
19 │1 line less;...4 seconds ago            │
    ────────────────────────────────────────

[SAY] Both deletes redone. Undo and redo are a perfect pair.
[SAY] Control R. Redo. U undoes, control R redoes. Simple.