[RECORDING_START] Screen state at recording start:

              1         2         3         
    0123456789012345678901234567890123456789
    ────────────────────────────────────────
 0 │cat = summon("whiskers", 9)             │ ◂ cursor (0,0)
 1 │dog = summon("barkley", 3)              │
 2 │bug = summon("glitch", -1)              │
 3 │npc = summon("bob", 99)                 │
 4 │~                                       │
 5 │~                                       │
 6 │~                                       │
 7 │~                                       │
 8 │~                                       │
 9 │~                                       │
10 │~                                       │
11 │~                                       │
12 │~                                       │
13 │~                                       │
14 │~                                       │
15 │~                                       │
16 │~                                       │
17 │~                                       │
18 │spawn.py              1,1            All│
    ────────────────────────────────────────

[OVERLAY] VimFu — Find Character Forward
[SAY] F followed by a character jumps to it on the current line. Precision horizontal movement.
[SAY] Cursor is at the start. Press F W to jump to the W in whiskers.
[KEYS] 'f'
[OVERLAY] f  find char

              1         2         3         
    0123456789012345678901234567890123456789
    ────────────────────────────────────────
 0 │cat = summon("whiskers", 9)             │ ◂ cursor (0,0)
 1 │dog = summon("barkley", 3)              │
 2 │bug = summon("glitch", -1)              │
 3 │npc = summon("bob", 99)                 │
 4 │~                                       │
 5 │~                                       │
 6 │~                                       │
 7 │~                                       │
 8 │~                                       │
 9 │~                                       │
10 │~                                       │
11 │~                                       │
12 │~                                       │
13 │~                                       │
14 │~                                       │
15 │~                                       │
16 │~                                       │
17 │~                                       │
18 │spawn.py              1,1            All│
19 │                             f          │
    ────────────────────────────────────────

[KEYS] 'w'
[OVERLAY] w  next word

              1         2         3         
    0123456789012345678901234567890123456789
    ────────────────────────────────────────
 0 │cat = summon("whiskers", 9)             │ ◂ cursor (0,14)
 1 │dog = summon("barkley", 3)              │
 2 │bug = summon("glitch", -1)              │
 3 │npc = summon("bob", 99)                 │
 4 │~                                       │
 5 │~                                       │
 6 │~                                       │
 7 │~                                       │
 8 │~                                       │
 9 │~                                       │
10 │~                                       │
11 │~                                       │
12 │~                                       │
13 │~                                       │
14 │~                                       │
15 │~                                       │
16 │~                                       │
17 │~                                       │
18 │spawn.py              1,15           All│
    ────────────────────────────────────────

[SAY] Landed right on the W. One motion, no scrolling.
[SAY] Press F nine to jump to the number.
[KEYS] 'f'
[OVERLAY] f  find char

              1         2         3         
    0123456789012345678901234567890123456789
    ────────────────────────────────────────
 0 │cat = summon("whiskers", 9)             │ ◂ cursor (0,14)
 1 │dog = summon("barkley", 3)              │
 2 │bug = summon("glitch", -1)              │
 3 │npc = summon("bob", 99)                 │
 4 │~                                       │
 5 │~                                       │
 6 │~                                       │
 7 │~                                       │
 8 │~                                       │
 9 │~                                       │
10 │~                                       │
11 │~                                       │
12 │~                                       │
13 │~                                       │
14 │~                                       │
15 │~                                       │
16 │~                                       │
17 │~                                       │
18 │spawn.py              1,15           All│
19 │                             f          │
    ────────────────────────────────────────

[KEYS] '9'
[OVERLAY] 9

              1         2         3         
    0123456789012345678901234567890123456789
    ────────────────────────────────────────
 0 │cat = summon("whiskers", 9)             │ ◂ cursor (0,25)
 1 │dog = summon("barkley", 3)              │
 2 │bug = summon("glitch", -1)              │
 3 │npc = summon("bob", 99)                 │
 4 │~                                       │
 5 │~                                       │
 6 │~                                       │
 7 │~                                       │
 8 │~                                       │
 9 │~                                       │
10 │~                                       │
11 │~                                       │
12 │~                                       │
13 │~                                       │
14 │~                                       │
15 │~                                       │
16 │~                                       │
17 │~                                       │
18 │spawn.py              1,26           All│
    ────────────────────────────────────────

[SAY] Found the nine. F works with any character, letters, numbers, punctuation.
[SAY] Down to the next line.
[KEYS] 'j'
[OVERLAY] j  down

              1         2         3         
    0123456789012345678901234567890123456789
    ────────────────────────────────────────
 0 │cat = summon("whiskers", 9)             │
 1 │dog = summon("barkley", 3)              │ ◂ cursor (1,25)
 2 │bug = summon("glitch", -1)              │
 3 │npc = summon("bob", 99)                 │
 4 │~                                       │
 5 │~                                       │
 6 │~                                       │
 7 │~                                       │
 8 │~                                       │
 9 │~                                       │
10 │~                                       │
11 │~                                       │
12 │~                                       │
13 │~                                       │
14 │~                                       │
15 │~                                       │
16 │~                                       │
17 │~                                       │
18 │spawn.py              2,26           All│
    ────────────────────────────────────────

[KEYS] '0'
[OVERLAY] 0  line start

              1         2         3         
    0123456789012345678901234567890123456789
    ────────────────────────────────────────
 0 │cat = summon("whiskers", 9)             │
 1 │dog = summon("barkley", 3)              │ ◂ cursor (1,0)
 2 │bug = summon("glitch", -1)              │
 3 │npc = summon("bob", 99)                 │
 4 │~                                       │
 5 │~                                       │
 6 │~                                       │
 7 │~                                       │
 8 │~                                       │
 9 │~                                       │
10 │~                                       │
11 │~                                       │
12 │~                                       │
13 │~                                       │
14 │~                                       │
15 │~                                       │
16 │~                                       │
17 │~                                       │
18 │spawn.py              2,1            All│
    ────────────────────────────────────────

[SAY] F B to find barkley.
[KEYS] 'f'
[OVERLAY] f  find char

              1         2         3         
    0123456789012345678901234567890123456789
    ────────────────────────────────────────
 0 │cat = summon("whiskers", 9)             │
 1 │dog = summon("barkley", 3)              │ ◂ cursor (1,0)
 2 │bug = summon("glitch", -1)              │
 3 │npc = summon("bob", 99)                 │
 4 │~                                       │
 5 │~                                       │
 6 │~                                       │
 7 │~                                       │
 8 │~                                       │
 9 │~                                       │
10 │~                                       │
11 │~                                       │
12 │~                                       │
13 │~                                       │
14 │~                                       │
15 │~                                       │
16 │~                                       │
17 │~                                       │
18 │spawn.py              2,1            All│
19 │                             f          │
    ────────────────────────────────────────

[KEYS] 'b'
[OVERLAY] b  back word

              1         2         3         
    0123456789012345678901234567890123456789
    ────────────────────────────────────────
 0 │cat = summon("whiskers", 9)             │
 1 │dog = summon("barkley", 3)              │ ◂ cursor (1,14)
 2 │bug = summon("glitch", -1)              │
 3 │npc = summon("bob", 99)                 │
 4 │~                                       │
 5 │~                                       │
 6 │~                                       │
 7 │~                                       │
 8 │~                                       │
 9 │~                                       │
10 │~                                       │
11 │~                                       │
12 │~                                       │
13 │~                                       │
14 │~                                       │
15 │~                                       │
16 │~                                       │
17 │~                                       │
18 │spawn.py              2,15           All│
    ────────────────────────────────────────

[SAY] There's barkley. F only searches the current line, never crosses to another.
[SAY] Down to the bug line. F minus.
[KEYS] 'j'
[OVERLAY] j  down

              1         2         3         
    0123456789012345678901234567890123456789
    ────────────────────────────────────────
 0 │cat = summon("whiskers", 9)             │
 1 │dog = summon("barkley", 3)              │
 2 │bug = summon("glitch", -1)              │ ◂ cursor (2,14)
 3 │npc = summon("bob", 99)                 │
 4 │~                                       │
 5 │~                                       │
 6 │~                                       │
 7 │~                                       │
 8 │~                                       │
 9 │~                                       │
10 │~                                       │
11 │~                                       │
12 │~                                       │
13 │~                                       │
14 │~                                       │
15 │~                                       │
16 │~                                       │
17 │~                                       │
18 │spawn.py              3,15           All│
    ────────────────────────────────────────

[KEYS] 'f'
[OVERLAY] f  find char

              1         2         3         
    0123456789012345678901234567890123456789
    ────────────────────────────────────────
 0 │cat = summon("whiskers", 9)             │
 1 │dog = summon("barkley", 3)              │
 2 │bug = summon("glitch", -1)              │ ◂ cursor (2,14)
 3 │npc = summon("bob", 99)                 │
 4 │~                                       │
 5 │~                                       │
 6 │~                                       │
 7 │~                                       │
 8 │~                                       │
 9 │~                                       │
10 │~                                       │
11 │~                                       │
12 │~                                       │
13 │~                                       │
14 │~                                       │
15 │~                                       │
16 │~                                       │
17 │~                                       │
18 │spawn.py              3,15           All│
19 │                             f          │
    ────────────────────────────────────────

[KEYS] '-'
[OVERLAY] -

              1         2         3         
    0123456789012345678901234567890123456789
    ────────────────────────────────────────
 0 │cat = summon("whiskers", 9)             │
 1 │dog = summon("barkley", 3)              │
 2 │bug = summon("glitch", -1)              │ ◂ cursor (2,23)
 3 │npc = summon("bob", 99)                 │
 4 │~                                       │
 5 │~                                       │
 6 │~                                       │
 7 │~                                       │
 8 │~                                       │
 9 │~                                       │
10 │~                                       │
11 │~                                       │
12 │~                                       │
13 │~                                       │
14 │~                                       │
15 │~                                       │
16 │~                                       │
17 │~                                       │
18 │spawn.py              3,24           All│
    ────────────────────────────────────────

[SAY] Found the minus sign. F works with letters, numbers, symbols, anything.
[SAY] F plus a character. The sniper rifle of horizontal movement.