[RECORDING_START] Screen state at recording start:

              1         2         3         
    0123456789012345678901234567890123456789
    в”Ђв”Ђв”Ђв”Ђв”Ђв”Ђв”Ђв”Ђв”Ђв”Ђв”Ђв”Ђв”Ђв”Ђв”Ђв”Ђв”Ђв”Ђв”Ђв”Ђв”Ђв”Ђв”Ђв”Ђв”Ђв”Ђв”Ђв”Ђв”Ђв”Ђв”Ђв”Ђв”Ђв”Ђв”Ђв”Ђв”Ђв”Ђв”Ђв”Ђ
 0 в”‚[ MAIN ]                                в”‚
 1 в”‚вћњ  vimfu tmux split-window              в”‚
 2 в”‚вћњ  vimfu                                в”‚
 3 в”‚                                        в”‚
 4 в”‚                                        в”‚
 5 в”‚                                        в”‚
 6 в”‚                                        в”‚
 7 в”‚                                        в”‚
 8 в”‚                                        в”‚
 9 в”‚в”Ђв”Ђв”Ђв”Ђв”Ђв”Ђв”Ђв”Ђв”Ђв”Ђв”Ђв”Ђв”Ђв”Ђв”Ђв”Ђв”Ђв”Ђв”Ђв”Ђв”¬в”Ђв”Ђв”Ђв”Ђв”Ђв”Ђв”Ђв”Ђв”Ђв”Ђв”Ђв”Ђв”Ђв”Ђв”Ђв”Ђв”Ђв”Ђв”Ђв”‚
10 в”‚вћњ  vimfu tmux split-в”‚[ EXTRA ]          в”‚
11 в”‚window -h           в”‚вћњ  vimfu tmux selecв”‚
12 в”‚вћњ  vimfu            в”‚t-pane -t 1        в”‚ в—‚ cursor (12,9)
13 в”‚                    в”‚вћњ  vimfu           в”‚
14 в”‚                    в”‚                   в”‚
15 в”‚                    в”‚                   в”‚
16 в”‚                    в”‚                   в”‚
17 в”‚                    в”‚                   в”‚
18 в”‚                    в”‚                   в”‚
19 в”‚[0] 0:zsh*       "vimfu" 08:36 21-May-26в”‚
    в”Ђв”Ђв”Ђв”Ђв”Ђв”Ђв”Ђв”Ђв”Ђв”Ђв”Ђв”Ђв”Ђв”Ђв”Ђв”Ђв”Ђв”Ђв”Ђв”Ђв”Ђв”Ђв”Ђв”Ђв”Ђв”Ђв”Ђв”Ђв”Ђв”Ђв”Ђв”Ђв”Ђв”Ђв”Ђв”Ђв”Ђв”Ђв”Ђв”Ђ

[OVERLAY] VimFu вЂ” Close a Pane
[SAY] Control B, X closes the active pane.
[SAY] Tmux will ask you to confirm before killing it.
[SAY] I have three panes open. Let me move to the extra pane on the right.
[KEYS] '\x02'
[OVERLAY] вЊѓb  prefix

              1         2         3         
    0123456789012345678901234567890123456789
    в”Ђв”Ђв”Ђв”Ђв”Ђв”Ђв”Ђв”Ђв”Ђв”Ђв”Ђв”Ђв”Ђв”Ђв”Ђв”Ђв”Ђв”Ђв”Ђв”Ђв”Ђв”Ђв”Ђв”Ђв”Ђв”Ђв”Ђв”Ђв”Ђв”Ђв”Ђв”Ђв”Ђв”Ђв”Ђв”Ђв”Ђв”Ђв”Ђв”Ђ
 0 в”‚[ MAIN ]                                в”‚
 1 в”‚вћњ  vimfu tmux split-window              в”‚
 2 в”‚вћњ  vimfu                                в”‚
 3 в”‚                                        в”‚
 4 в”‚                                        в”‚
 5 в”‚                                        в”‚
 6 в”‚                                        в”‚
 7 в”‚                                        в”‚
 8 в”‚                                        в”‚
 9 в”‚в”Ђв”Ђв”Ђв”Ђв”Ђв”Ђв”Ђв”Ђв”Ђв”Ђв”Ђв”Ђв”Ђв”Ђв”Ђв”Ђв”Ђв”Ђв”Ђв”Ђв”¬в”Ђв”Ђв”Ђв”Ђв”Ђв”Ђв”Ђв”Ђв”Ђв”Ђв”Ђв”Ђв”Ђв”Ђв”Ђв”Ђв”Ђв”Ђв”Ђв”‚
10 в”‚вћњ  vimfu tmux split-в”‚[ EXTRA ]          в”‚
11 в”‚window -h           в”‚вћњ  vimfu tmux selecв”‚
12 в”‚вћњ  vimfu            в”‚t-pane -t 1        в”‚ в—‚ cursor (12,9)
13 в”‚                    в”‚вћњ  vimfu           в”‚
14 в”‚                    в”‚                   в”‚
15 в”‚                    в”‚                   в”‚
16 в”‚                    в”‚                   в”‚
17 в”‚                    в”‚                   в”‚
18 в”‚                    в”‚                   в”‚
19 в”‚[0] 0:zsh*       "vimfu" 08:37 21-May-26в”‚
    в”Ђв”Ђв”Ђв”Ђв”Ђв”Ђв”Ђв”Ђв”Ђв”Ђв”Ђв”Ђв”Ђв”Ђв”Ђв”Ђв”Ђв”Ђв”Ђв”Ђв”Ђв”Ђв”Ђв”Ђв”Ђв”Ђв”Ђв”Ђв”Ђв”Ђв”Ђв”Ђв”Ђв”Ђв”Ђв”Ђв”Ђв”Ђв”Ђв”Ђ

[KEYS] 'l'
[OVERLAY] l  l в†’

              1         2         3         
    0123456789012345678901234567890123456789
    в”Ђв”Ђв”Ђв”Ђв”Ђв”Ђв”Ђв”Ђв”Ђв”Ђв”Ђв”Ђв”Ђв”Ђв”Ђв”Ђв”Ђв”Ђв”Ђв”Ђв”Ђв”Ђв”Ђв”Ђв”Ђв”Ђв”Ђв”Ђв”Ђв”Ђв”Ђв”Ђв”Ђв”Ђв”Ђв”Ђв”Ђв”Ђв”Ђв”Ђ
 0 в”‚[ MAIN ]                                в”‚
 1 в”‚вћњ  vimfu tmux split-window              в”‚
 2 в”‚вћњ  vimfu                                в”‚
 3 в”‚                                        в”‚
 4 в”‚                                        в”‚
 5 в”‚                                        в”‚
 6 в”‚                                        в”‚
 7 в”‚                                        в”‚
 8 в”‚                                        в”‚
 9 в”‚в”Ђв”Ђв”Ђв”Ђв”Ђв”Ђв”Ђв”Ђв”Ђв”Ђв”Ђв”Ђв”Ђв”Ђв”Ђв”Ђв”Ђв”Ђв”Ђв”Ђв”¬в”Ђв”Ђв”Ђв”Ђв”Ђв”Ђв”Ђв”Ђв”Ђв”Ђв”Ђв”Ђв”Ђв”Ђв”Ђв”Ђв”Ђв”Ђв”Ђв”‚
10 в”‚вћњ  vimfu tmux split-в”‚[ EXTRA ]          в”‚
11 в”‚window -h           в”‚вћњ  vimfu tmux selecв”‚
12 в”‚вћњ  vimfu            в”‚t-pane -t 1        в”‚
13 в”‚                    в”‚вћњ  vimfu           в”‚ в—‚ cursor (13,30)
14 в”‚                    в”‚                   в”‚
15 в”‚                    в”‚                   в”‚
16 в”‚                    в”‚                   в”‚
17 в”‚                    в”‚                   в”‚
18 в”‚                    в”‚                   в”‚
19 в”‚[0] 0:zsh*       "vimfu" 08:37 21-May-26в”‚
    в”Ђв”Ђв”Ђв”Ђв”Ђв”Ђв”Ђв”Ђв”Ђв”Ђв”Ђв”Ђв”Ђв”Ђв”Ђв”Ђв”Ђв”Ђв”Ђв”Ђв”Ђв”Ђв”Ђв”Ђв”Ђв”Ђв”Ђв”Ђв”Ђв”Ђв”Ђв”Ђв”Ђв”Ђв”Ђв”Ђв”Ђв”Ђв”Ђв”Ђ

[SAY] Now Control B, X.
[KEYS] '\x02'
[OVERLAY] вЊѓb  prefix

              1         2         3         
    0123456789012345678901234567890123456789
    в”Ђв”Ђв”Ђв”Ђв”Ђв”Ђв”Ђв”Ђв”Ђв”Ђв”Ђв”Ђв”Ђв”Ђв”Ђв”Ђв”Ђв”Ђв”Ђв”Ђв”Ђв”Ђв”Ђв”Ђв”Ђв”Ђв”Ђв”Ђв”Ђв”Ђв”Ђв”Ђв”Ђв”Ђв”Ђв”Ђв”Ђв”Ђв”Ђв”Ђ
 0 в”‚[ MAIN ]                                в”‚
 1 в”‚вћњ  vimfu tmux split-window              в”‚
 2 в”‚вћњ  vimfu                                в”‚
 3 в”‚                                        в”‚
 4 в”‚                                        в”‚
 5 в”‚                                        в”‚
 6 в”‚                                        в”‚
 7 в”‚                                        в”‚
 8 в”‚                                        в”‚
 9 в”‚в”Ђв”Ђв”Ђв”Ђв”Ђв”Ђв”Ђв”Ђв”Ђв”Ђв”Ђв”Ђв”Ђв”Ђв”Ђв”Ђв”Ђв”Ђв”Ђв”Ђв”¬в”Ђв”Ђв”Ђв”Ђв”Ђв”Ђв”Ђв”Ђв”Ђв”Ђв”Ђв”Ђв”Ђв”Ђв”Ђв”Ђв”Ђв”Ђв”Ђв”‚
10 в”‚вћњ  vimfu tmux split-в”‚[ EXTRA ]          в”‚
11 в”‚window -h           в”‚вћњ  vimfu tmux selecв”‚
12 в”‚вћњ  vimfu            в”‚t-pane -t 1        в”‚
13 в”‚                    в”‚вћњ  vimfu           в”‚ в—‚ cursor (13,30)
14 в”‚                    в”‚                   в”‚
15 в”‚                    в”‚                   в”‚
16 в”‚                    в”‚                   в”‚
17 в”‚                    в”‚                   в”‚
18 в”‚                    в”‚                   в”‚
19 в”‚[0] 0:zsh*       "vimfu" 08:37 21-May-26в”‚
    в”Ђв”Ђв”Ђв”Ђв”Ђв”Ђв”Ђв”Ђв”Ђв”Ђв”Ђв”Ђв”Ђв”Ђв”Ђв”Ђв”Ђв”Ђв”Ђв”Ђв”Ђв”Ђв”Ђв”Ђв”Ђв”Ђв”Ђв”Ђв”Ђв”Ђв”Ђв”Ђв”Ђв”Ђв”Ђв”Ђв”Ђв”Ђв”Ђв”Ђ

[KEYS] 'x'
[OVERLAY] x  x

              1         2         3         
    0123456789012345678901234567890123456789
    в”Ђв”Ђв”Ђв”Ђв”Ђв”Ђв”Ђв”Ђв”Ђв”Ђв”Ђв”Ђв”Ђв”Ђв”Ђв”Ђв”Ђв”Ђв”Ђв”Ђв”Ђв”Ђв”Ђв”Ђв”Ђв”Ђв”Ђв”Ђв”Ђв”Ђв”Ђв”Ђв”Ђв”Ђв”Ђв”Ђв”Ђв”Ђв”Ђв”Ђ
 0 в”‚[ MAIN ]                                в”‚
 1 в”‚вћњ  vimfu tmux split-window              в”‚
 2 в”‚вћњ  vimfu                                в”‚
 3 в”‚                                        в”‚
 4 в”‚                                        в”‚
 5 в”‚                                        в”‚
 6 в”‚                                        в”‚
 7 в”‚                                        в”‚
 8 в”‚                                        в”‚
 9 в”‚в”Ђв”Ђв”Ђв”Ђв”Ђв”Ђв”Ђв”Ђв”Ђв”Ђв”Ђв”Ђв”Ђв”Ђв”Ђв”Ђв”Ђв”Ђв”Ђв”Ђв”¬в”Ђв”Ђв”Ђв”Ђв”Ђв”Ђв”Ђв”Ђв”Ђв”Ђв”Ђв”Ђв”Ђв”Ђв”Ђв”Ђв”Ђв”Ђв”Ђв”‚
10 в”‚вћњ  vimfu tmux split-в”‚[ EXTRA ]          в”‚
11 в”‚window -h           в”‚вћњ  vimfu tmux selecв”‚
12 в”‚вћњ  vimfu            в”‚t-pane -t 1        в”‚
13 в”‚                    в”‚вћњ  vimfu           в”‚ в—‚ cursor (13,30)
14 в”‚                    в”‚                   в”‚
15 в”‚                    в”‚                   в”‚
16 в”‚                    в”‚                   в”‚
17 в”‚                    в”‚                   в”‚
18 в”‚                    в”‚                   в”‚
19 в”‚kill-pane 2? (y/n)                      в”‚
    в”Ђв”Ђв”Ђв”Ђв”Ђв”Ђв”Ђв”Ђв”Ђв”Ђв”Ђв”Ђв”Ђв”Ђв”Ђв”Ђв”Ђв”Ђв”Ђв”Ђв”Ђв”Ђв”Ђв”Ђв”Ђв”Ђв”Ђв”Ђв”Ђв”Ђв”Ђв”Ђв”Ђв”Ђв”Ђв”Ђв”Ђв”Ђв”Ђв”Ђ

[SAY] See the prompt at the bottom вЂ” kill pane? Press Y to confirm.
[KEYS] 'y'
[OVERLAY] y  yes

              1         2         3         
    0123456789012345678901234567890123456789
    в”Ђв”Ђв”Ђв”Ђв”Ђв”Ђв”Ђв”Ђв”Ђв”Ђв”Ђв”Ђв”Ђв”Ђв”Ђв”Ђв”Ђв”Ђв”Ђв”Ђв”Ђв”Ђв”Ђв”Ђв”Ђв”Ђв”Ђв”Ђв”Ђв”Ђв”Ђв”Ђв”Ђв”Ђв”Ђв”Ђв”Ђв”Ђв”Ђв”Ђ
 0 в”‚[ MAIN ]                                в”‚
 1 в”‚вћњ  vimfu tmux split-window              в”‚
 2 в”‚вћњ  vimfu                                в”‚
 3 в”‚                                        в”‚
 4 в”‚                                        в”‚
 5 в”‚                                        в”‚
 6 в”‚                                        в”‚
 7 в”‚                                        в”‚
 8 в”‚                                        в”‚
 9 в”‚в”Ђв”Ђв”Ђв”Ђв”Ђв”Ђв”Ђв”Ђв”Ђв”Ђв”Ђв”Ђв”Ђв”Ђв”Ђв”Ђв”Ђв”Ђв”Ђв”Ђв”Ђв”Ђв”Ђв”Ђв”Ђв”Ђв”Ђв”Ђв”Ђв”Ђв”Ђв”Ђв”Ђв”Ђв”Ђв”Ђв”Ђв”Ђв”Ђв”Ђв”‚
10 в”‚[ BOTTOM ]                              в”‚
11 в”‚вћњ  vimfu tmux split-window -h           в”‚
12 в”‚вћњ  vimfu                                в”‚ в—‚ cursor (12,9)
13 в”‚                                        в”‚
14 в”‚                                        в”‚
15 в”‚                                        в”‚
16 в”‚                                        в”‚
17 в”‚                                        в”‚
18 в”‚                                        в”‚
19 в”‚[0] 0:zsh*       "vimfu" 08:37 21-May-26в”‚
    в”Ђв”Ђв”Ђв”Ђв”Ђв”Ђв”Ђв”Ђв”Ђв”Ђв”Ђв”Ђв”Ђв”Ђв”Ђв”Ђв”Ђв”Ђв”Ђв”Ђв”Ђв”Ђв”Ђв”Ђв”Ђв”Ђв”Ђв”Ђв”Ђв”Ђв”Ђв”Ђв”Ђв”Ђв”Ђв”Ђв”Ђв”Ђв”Ђв”Ђ

[SAY] Gone. The remaining panes expand to fill the space.
[SAY] Let's close the bottom pane too. Control B, X, then Y.
[KEYS] '\x02'
[OVERLAY] вЊѓb  prefix

              1         2         3         
    0123456789012345678901234567890123456789
    в”Ђв”Ђв”Ђв”Ђв”Ђв”Ђв”Ђв”Ђв”Ђв”Ђв”Ђв”Ђв”Ђв”Ђв”Ђв”Ђв”Ђв”Ђв”Ђв”Ђв”Ђв”Ђв”Ђв”Ђв”Ђв”Ђв”Ђв”Ђв”Ђв”Ђв”Ђв”Ђв”Ђв”Ђв”Ђв”Ђв”Ђв”Ђв”Ђв”Ђ
 0 в”‚[ MAIN ]                                в”‚
 1 в”‚вћњ  vimfu tmux split-window              в”‚
 2 в”‚вћњ  vimfu                                в”‚
 3 в”‚                                        в”‚
 4 в”‚                                        в”‚
 5 в”‚                                        в”‚
 6 в”‚                                        в”‚
 7 в”‚                                        в”‚
 8 в”‚                                        в”‚
 9 в”‚в”Ђв”Ђв”Ђв”Ђв”Ђв”Ђв”Ђв”Ђв”Ђв”Ђв”Ђв”Ђв”Ђв”Ђв”Ђв”Ђв”Ђв”Ђв”Ђв”Ђв”Ђв”Ђв”Ђв”Ђв”Ђв”Ђв”Ђв”Ђв”Ђв”Ђв”Ђв”Ђв”Ђв”Ђв”Ђв”Ђв”Ђв”Ђв”Ђв”Ђв”‚
10 в”‚[ BOTTOM ]                              в”‚
11 в”‚вћњ  vimfu tmux split-window -h           в”‚
12 в”‚вћњ  vimfu                                в”‚ в—‚ cursor (12,9)
13 в”‚                                        в”‚
14 в”‚                                        в”‚
15 в”‚                                        в”‚
16 в”‚                                        в”‚
17 в”‚                                        в”‚
18 в”‚                                        в”‚
19 в”‚[0] 0:zsh*       "vimfu" 08:37 21-May-26в”‚
    в”Ђв”Ђв”Ђв”Ђв”Ђв”Ђв”Ђв”Ђв”Ђв”Ђв”Ђв”Ђв”Ђв”Ђв”Ђв”Ђв”Ђв”Ђв”Ђв”Ђв”Ђв”Ђв”Ђв”Ђв”Ђв”Ђв”Ђв”Ђв”Ђв”Ђв”Ђв”Ђв”Ђв”Ђв”Ђв”Ђв”Ђв”Ђв”Ђв”Ђ

[KEYS] 'x'
[OVERLAY] x  x

              1         2         3         
    0123456789012345678901234567890123456789
    в”Ђв”Ђв”Ђв”Ђв”Ђв”Ђв”Ђв”Ђв”Ђв”Ђв”Ђв”Ђв”Ђв”Ђв”Ђв”Ђв”Ђв”Ђв”Ђв”Ђв”Ђв”Ђв”Ђв”Ђв”Ђв”Ђв”Ђв”Ђв”Ђв”Ђв”Ђв”Ђв”Ђв”Ђв”Ђв”Ђв”Ђв”Ђв”Ђв”Ђ
 0 в”‚[ MAIN ]                                в”‚
 1 в”‚вћњ  vimfu tmux split-window              в”‚
 2 в”‚вћњ  vimfu                                в”‚
 3 в”‚                                        в”‚
 4 в”‚                                        в”‚
 5 в”‚                                        в”‚
 6 в”‚                                        в”‚
 7 в”‚                                        в”‚
 8 в”‚                                        в”‚
 9 в”‚в”Ђв”Ђв”Ђв”Ђв”Ђв”Ђв”Ђв”Ђв”Ђв”Ђв”Ђв”Ђв”Ђв”Ђв”Ђв”Ђв”Ђв”Ђв”Ђв”Ђв”Ђв”Ђв”Ђв”Ђв”Ђв”Ђв”Ђв”Ђв”Ђв”Ђв”Ђв”Ђв”Ђв”Ђв”Ђв”Ђв”Ђв”Ђв”Ђв”Ђв”‚
10 в”‚[ BOTTOM ]                              в”‚
11 в”‚вћњ  vimfu tmux split-window -h           в”‚
12 в”‚вћњ  vimfu                                в”‚ в—‚ cursor (12,9)
13 в”‚                                        в”‚
14 в”‚                                        в”‚
15 в”‚                                        в”‚
16 в”‚                                        в”‚
17 в”‚                                        в”‚
18 в”‚                                        в”‚
19 в”‚kill-pane 1? (y/n)                      в”‚
    в”Ђв”Ђв”Ђв”Ђв”Ђв”Ђв”Ђв”Ђв”Ђв”Ђв”Ђв”Ђв”Ђв”Ђв”Ђв”Ђв”Ђв”Ђв”Ђв”Ђв”Ђв”Ђв”Ђв”Ђв”Ђв”Ђв”Ђв”Ђв”Ђв”Ђв”Ђв”Ђв”Ђв”Ђв”Ђв”Ђв”Ђв”Ђв”Ђв”Ђ

[KEYS] 'y'
[OVERLAY] y  yes

              1         2         3         
    0123456789012345678901234567890123456789
    в”Ђв”Ђв”Ђв”Ђв”Ђв”Ђв”Ђв”Ђв”Ђв”Ђв”Ђв”Ђв”Ђв”Ђв”Ђв”Ђв”Ђв”Ђв”Ђв”Ђв”Ђв”Ђв”Ђв”Ђв”Ђв”Ђв”Ђв”Ђв”Ђв”Ђв”Ђв”Ђв”Ђв”Ђв”Ђв”Ђв”Ђв”Ђв”Ђв”Ђ
 0 в”‚[ MAIN ]                                в”‚
 1 в”‚вћњ  vimfu tmux split-window              в”‚
 2 в”‚вћњ  vimfu                                в”‚ в—‚ cursor (2,9)
 3 в”‚                                        в”‚
 4 в”‚                                        в”‚
 5 в”‚                                        в”‚
 6 в”‚                                        в”‚
 7 в”‚                                        в”‚
 8 в”‚                                        в”‚
 9 в”‚                                        в”‚
10 в”‚                                        в”‚
11 в”‚                                        в”‚
12 в”‚                                        в”‚
13 в”‚                                        в”‚
14 в”‚                                        в”‚
15 в”‚                                        в”‚
16 в”‚                                        в”‚
17 в”‚                                        в”‚
18 в”‚                                        в”‚
19 в”‚[0] 0:zsh*       "vimfu" 08:37 21-May-26в”‚
    в”Ђв”Ђв”Ђв”Ђв”Ђв”Ђв”Ђв”Ђв”Ђв”Ђв”Ђв”Ђв”Ђв”Ђв”Ђв”Ђв”Ђв”Ђв”Ђв”Ђв”Ђв”Ђв”Ђв”Ђв”Ђв”Ђв”Ђв”Ђв”Ђв”Ђв”Ђв”Ђв”Ђв”Ђв”Ђв”Ђв”Ђв”Ђв”Ђв”Ђ

[SAY] Back to a single pane.
[SAY] If you change your mind, press N instead of Y and the pane stays.
[SAY] Control B, X. Clean up panes you no longer need.