[RECORDING_START] Screen state at recording start:

              1         2         3         
    0123456789012345678901234567890123456789
    ────────────────────────────────────────
 0 │  1 Build errors:                       │ ◂ cursor (0,4)
 1 │  2   helpers.py:15 ValueError          │
 2 │  3   helpers.py:6  missing file        │
 3 │  4 All done.                           │
 4 │~                                       │
 5 │~                                       │
 6 │~                                       │
 7 │~                                       │
 8 │~                                       │
 9 │~                                       │
10 │~                                       │
11 │~                                       │
12 │~                                       │
13 │~                                       │
14 │~                                       │
15 │~                                       │
16 │~                                       │
17 │~                                       │
18 │errors.log            1,1            All│
    ────────────────────────────────────────

[OVERLAY] VimFu — gF — Go to File at Line
[SAY] G shift F opens the file under the cursor and jumps to the line number after it. Perfect for error logs and stack traces.
[SAY] Line two shows helpers dot py colon fifteen. A ValueError.
[KEYS] '2G'
[OVERLAY] 2G  line 2

              1         2         3         
    0123456789012345678901234567890123456789
    ────────────────────────────────────────
 0 │  1 Build errors:                       │
 1 │  2   helpers.py:15 ValueError          │ ◂ cursor (1,4)
 2 │  3   helpers.py:6  missing file        │
 3 │  4 All done.                           │
 4 │~                                       │
 5 │~                                       │
 6 │~                                       │
 7 │~                                       │
 8 │~                                       │
 9 │~                                       │
10 │~                                       │
11 │~                                       │
12 │~                                       │
13 │~                                       │
14 │~                                       │
15 │~                                       │
16 │~                                       │
17 │~                                       │
18 │errors.log            2,1            All│
    ────────────────────────────────────────

[KEYS] 'f.'
[OVERLAY] f.  on helpers.py:15

              1         2         3         
    0123456789012345678901234567890123456789
    ────────────────────────────────────────
 0 │  1 Build errors:                       │
 1 │  2   helpers.py:15 ValueError          │ ◂ cursor (1,13)
 2 │  3   helpers.py:6  missing file        │
 3 │  4 All done.                           │
 4 │~                                       │
 5 │~                                       │
 6 │~                                       │
 7 │~                                       │
 8 │~                                       │
 9 │~                                       │
10 │~                                       │
11 │~                                       │
12 │~                                       │
13 │~                                       │
14 │~                                       │
15 │~                                       │
16 │~                                       │
17 │~                                       │
18 │errors.log            2,10           All│
    ────────────────────────────────────────

[SAY] G shift F.
[KEYS] 'gF'
[OVERLAY] gF  file at line

              1         2         3         
    0123456789012345678901234567890123456789
    ────────────────────────────────────────
 0 │  1 # Helpers Module                    │
 1 │  2 import os                           │
 2 │  3 import sys                          │
 3 │  4                                     │
 4 │  5 def read_file(path):                │
 5 │  6     with open(path) as f:           │
 6 │  7         return f.read()             │
 7 │  8                                     │
 8 │  9 def write_file(path, data):         │
 9 │ 10     with open(path, 'w') as f:      │
10 │ 11         f.write(data)               │
11 │ 12                                     │
12 │ 13 def safe_divide(a, b):              │
13 │ 14     if b == 0:                      │
14 │ 15         raise ValueError("Division b│ ◂ cursor (14,4)
15 │    y zero")                            │
16 │ 16     return a / b                    │
17 │~                                       │
18 │helpers.py            15,1           All│
    ────────────────────────────────────────

[SAY] We're in helpers dot py, right on line fifteen. The raise ValueError line.
[SAY] Ctrl O to go back.
[CTRL] O
[OVERLAY] ⌃O  back

              1         2         3         
    0123456789012345678901234567890123456789
    ────────────────────────────────────────
 0 │  1 Build errors:                       │
 1 │  2   helpers.py:15 ValueError          │ ◂ cursor (1,13)
 2 │  3   helpers.py:6  missing file        │
 3 │  4 All done.                           │
 4 │~                                       │
 5 │~                                       │
 6 │~                                       │
 7 │~                                       │
 8 │~                                       │
 9 │~                                       │
10 │~                                       │
11 │~                                       │
12 │~                                       │
13 │~                                       │
14 │~                                       │
15 │~                                       │
16 │~                                       │
17 │~                                       │
18 │errors.log            2,10           All│
    ────────────────────────────────────────

[SAY] Line three, helpers dot py colon six.
[KEYS] '3G'
[OVERLAY] 3G  line 3

              1         2         3         
    0123456789012345678901234567890123456789
    ────────────────────────────────────────
 0 │  1 Build errors:                       │
 1 │  2   helpers.py:15 ValueError          │
 2 │  3   helpers.py:6  missing file        │ ◂ cursor (2,13)
 3 │  4 All done.                           │
 4 │~                                       │
 5 │~                                       │
 6 │~                                       │
 7 │~                                       │
 8 │~                                       │
 9 │~                                       │
10 │~                                       │
11 │~                                       │
12 │~                                       │
13 │~                                       │
14 │~                                       │
15 │~                                       │
16 │~                                       │
17 │~                                       │
18 │errors.log            3,10           All│
    ────────────────────────────────────────

[KEYS] 'f.'
[OVERLAY] f.  on helpers.py:6

              1         2         3         
    0123456789012345678901234567890123456789
    ────────────────────────────────────────
 0 │  1 Build errors:                       │
 1 │  2   helpers.py:15 ValueError          │
 2 │  3   helpers.py:6  missing file        │ ◂ cursor (2,13)
 3 │  4 All done.                           │
 4 │~                                       │
 5 │~                                       │
 6 │~                                       │
 7 │~                                       │
 8 │~                                       │
 9 │~                                       │
10 │~                                       │
11 │~                                       │
12 │~                                       │
13 │~                                       │
14 │~                                       │
15 │~                                       │
16 │~                                       │
17 │~                                       │
18 │errors.log            3,10           All│
    ────────────────────────────────────────

[KEYS] 'gF'
[OVERLAY] gF  gF

              1         2         3         
    0123456789012345678901234567890123456789
    ────────────────────────────────────────
 0 │  1 # Helpers Module                    │
 1 │  2 import os                           │
 2 │  3 import sys                          │
 3 │  4                                     │
 4 │  5 def read_file(path):                │
 5 │  6     with open(path) as f:           │ ◂ cursor (5,4)
 6 │  7         return f.read()             │
 7 │  8                                     │
 8 │  9 def write_file(path, data):         │
 9 │ 10     with open(path, 'w') as f:      │
10 │ 11         f.write(data)               │
11 │ 12                                     │
12 │ 13 def safe_divide(a, b):              │
13 │ 14     if b == 0:                      │
14 │ 15         raise ValueError("Division b│
15 │    y zero")                            │
16 │ 16     return a / b                    │
17 │~                                       │
18 │helpers.py            6,1            All│
    ────────────────────────────────────────

[SAY] Line six. The open call inside read file.
[SAY] G shift F. Open a file and jump to the line number. G F opens the file, G shift F opens the file at the line.