[RECORDING_START] Screen state at recording start:

              1         2         3         
    0123456789012345678901234567890123456789
    ────────────────────────────────────────
 0 │het = "vim"                             │ ◂ cursor (0,0)
 1 │cot = 42                                │
 2 │fog = "data"                            │
 3 │~                                       │
 4 │~                                       │
 5 │~                                       │
 6 │~                                       │
 7 │~                                       │
 8 │~                                       │
 9 │~                                       │
10 │~                                       │
11 │~                                       │
12 │~                                       │
13 │~                                       │
14 │~                                       │
15 │~                                       │
16 │~                                       │
17 │~                                       │
18 │fix.py                1,1            All│
    ────────────────────────────────────────

[OVERLAY] VimFu — Substitute Character
[SAY] Lowercase S deletes one character and enters insert mode.
[SAY] This should be let, not het.
[KEYS] 's'
[OVERLAY] s  substitute

              1         2         3         
    0123456789012345678901234567890123456789
    ────────────────────────────────────────
 0 │et = "vim"                              │ ◂ cursor (0,0)
 1 │cot = 42                                │
 2 │fog = "data"                            │
 3 │~                                       │
 4 │~                                       │
 5 │~                                       │
 6 │~                                       │
 7 │~                                       │
 8 │~                                       │
 9 │~                                       │
10 │~                                       │
11 │~                                       │
12 │~                                       │
13 │~                                       │
14 │~                                       │
15 │~                                       │
16 │~                                       │
17 │~                                       │
18 │fix.py [+]            1,1            All│
19 │-- INSERT --                            │
    ────────────────────────────────────────

[TYPE] 'l'

              1         2         3         
    0123456789012345678901234567890123456789
    ────────────────────────────────────────
 0 │let = "vim"                             │ ◂ cursor (0,1)
 1 │cot = 42                                │
 2 │fog = "data"                            │
 3 │~                                       │
 4 │~                                       │
 5 │~                                       │
 6 │~                                       │
 7 │~                                       │
 8 │~                                       │
 9 │~                                       │
10 │~                                       │
11 │~                                       │
12 │~                                       │
13 │~                                       │
14 │~                                       │
15 │~                                       │
16 │~                                       │
17 │~                                       │
18 │fix.py [+]            1,2            All│
19 │-- INSERT --                            │
    ────────────────────────────────────────

[ESCAPE]

              1         2         3         
    0123456789012345678901234567890123456789
    ────────────────────────────────────────
 0 │let = "vim"                             │ ◂ cursor (0,0)
 1 │cot = 42                                │
 2 │fog = "data"                            │
 3 │~                                       │
 4 │~                                       │
 5 │~                                       │
 6 │~                                       │
 7 │~                                       │
 8 │~                                       │
 9 │~                                       │
10 │~                                       │
11 │~                                       │
12 │~                                       │
13 │~                                       │
14 │~                                       │
15 │~                                       │
16 │~                                       │
17 │~                                       │
18 │fix.py [+]            1,1            All│
    ────────────────────────────────────────

[SAY] S deleted the H and I typed L. One smooth move.
[SAY] Line two. Change the O to an A.
[KEYS] 'j'
[OVERLAY] j  down

              1         2         3         
    0123456789012345678901234567890123456789
    ────────────────────────────────────────
 0 │let = "vim"                             │
 1 │cot = 42                                │ ◂ cursor (1,0)
 2 │fog = "data"                            │
 3 │~                                       │
 4 │~                                       │
 5 │~                                       │
 6 │~                                       │
 7 │~                                       │
 8 │~                                       │
 9 │~                                       │
10 │~                                       │
11 │~                                       │
12 │~                                       │
13 │~                                       │
14 │~                                       │
15 │~                                       │
16 │~                                       │
17 │~                                       │
18 │fix.py [+]            2,1            All│
    ────────────────────────────────────────

[KEYS] 'l'
[OVERLAY] l  right

              1         2         3         
    0123456789012345678901234567890123456789
    ────────────────────────────────────────
 0 │let = "vim"                             │
 1 │cot = 42                                │ ◂ cursor (1,1)
 2 │fog = "data"                            │
 3 │~                                       │
 4 │~                                       │
 5 │~                                       │
 6 │~                                       │
 7 │~                                       │
 8 │~                                       │
 9 │~                                       │
10 │~                                       │
11 │~                                       │
12 │~                                       │
13 │~                                       │
14 │~                                       │
15 │~                                       │
16 │~                                       │
17 │~                                       │
18 │fix.py [+]            2,2            All│
    ────────────────────────────────────────

[KEYS] 's'
[OVERLAY] s  substitute

              1         2         3         
    0123456789012345678901234567890123456789
    ────────────────────────────────────────
 0 │let = "vim"                             │
 1 │ct = 42                                 │ ◂ cursor (1,1)
 2 │fog = "data"                            │
 3 │~                                       │
 4 │~                                       │
 5 │~                                       │
 6 │~                                       │
 7 │~                                       │
 8 │~                                       │
 9 │~                                       │
10 │~                                       │
11 │~                                       │
12 │~                                       │
13 │~                                       │
14 │~                                       │
15 │~                                       │
16 │~                                       │
17 │~                                       │
18 │fix.py [+]            2,2            All│
19 │-- INSERT --                            │
    ────────────────────────────────────────

[TYPE] 'a'

              1         2         3         
    0123456789012345678901234567890123456789
    ────────────────────────────────────────
 0 │let = "vim"                             │
 1 │cat = 42                                │ ◂ cursor (1,2)
 2 │fog = "data"                            │
 3 │~                                       │
 4 │~                                       │
 5 │~                                       │
 6 │~                                       │
 7 │~                                       │
 8 │~                                       │
 9 │~                                       │
10 │~                                       │
11 │~                                       │
12 │~                                       │
13 │~                                       │
14 │~                                       │
15 │~                                       │
16 │~                                       │
17 │~                                       │
18 │fix.py [+]            2,3            All│
19 │-- INSERT --                            │
    ────────────────────────────────────────

[ESCAPE]

              1         2         3         
    0123456789012345678901234567890123456789
    ────────────────────────────────────────
 0 │let = "vim"                             │
 1 │cat = 42                                │ ◂ cursor (1,1)
 2 │fog = "data"                            │
 3 │~                                       │
 4 │~                                       │
 5 │~                                       │
 6 │~                                       │
 7 │~                                       │
 8 │~                                       │
 9 │~                                       │
10 │~                                       │
11 │~                                       │
12 │~                                       │
13 │~                                       │
14 │~                                       │
15 │~                                       │
16 │~                                       │
17 │~                                       │
18 │fix.py [+]            2,2            All│
    ────────────────────────────────────────

[SAY] One character swapped. That's what S does.
[SAY] Last one. F to L.
[KEYS] 'j'
[OVERLAY] j  down

              1         2         3         
    0123456789012345678901234567890123456789
    ────────────────────────────────────────
 0 │let = "vim"                             │
 1 │cat = 42                                │
 2 │fog = "data"                            │ ◂ cursor (2,1)
 3 │~                                       │
 4 │~                                       │
 5 │~                                       │
 6 │~                                       │
 7 │~                                       │
 8 │~                                       │
 9 │~                                       │
10 │~                                       │
11 │~                                       │
12 │~                                       │
13 │~                                       │
14 │~                                       │
15 │~                                       │
16 │~                                       │
17 │~                                       │
18 │fix.py [+]            3,2            All│
    ────────────────────────────────────────

[KEYS] '0'
[OVERLAY] 0  line start

              1         2         3         
    0123456789012345678901234567890123456789
    ────────────────────────────────────────
 0 │let = "vim"                             │
 1 │cat = 42                                │
 2 │fog = "data"                            │ ◂ cursor (2,0)
 3 │~                                       │
 4 │~                                       │
 5 │~                                       │
 6 │~                                       │
 7 │~                                       │
 8 │~                                       │
 9 │~                                       │
10 │~                                       │
11 │~                                       │
12 │~                                       │
13 │~                                       │
14 │~                                       │
15 │~                                       │
16 │~                                       │
17 │~                                       │
18 │fix.py [+]            3,1            All│
    ────────────────────────────────────────

[KEYS] 's'
[OVERLAY] s  substitute

              1         2         3         
    0123456789012345678901234567890123456789
    ────────────────────────────────────────
 0 │let = "vim"                             │
 1 │cat = 42                                │
 2 │og = "data"                             │ ◂ cursor (2,0)
 3 │~                                       │
 4 │~                                       │
 5 │~                                       │
 6 │~                                       │
 7 │~                                       │
 8 │~                                       │
 9 │~                                       │
10 │~                                       │
11 │~                                       │
12 │~                                       │
13 │~                                       │
14 │~                                       │
15 │~                                       │
16 │~                                       │
17 │~                                       │
18 │fix.py [+]            3,1            All│
19 │-- INSERT --                            │
    ────────────────────────────────────────

[TYPE] 'l'

              1         2         3         
    0123456789012345678901234567890123456789
    ────────────────────────────────────────
 0 │let = "vim"                             │
 1 │cat = 42                                │
 2 │log = "data"                            │ ◂ cursor (2,1)
 3 │~                                       │
 4 │~                                       │
 5 │~                                       │
 6 │~                                       │
 7 │~                                       │
 8 │~                                       │
 9 │~                                       │
10 │~                                       │
11 │~                                       │
12 │~                                       │
13 │~                                       │
14 │~                                       │
15 │~                                       │
16 │~                                       │
17 │~                                       │
18 │fix.py [+]            3,2            All│
19 │-- INSERT --                            │
    ────────────────────────────────────────

[ESCAPE]

              1         2         3         
    0123456789012345678901234567890123456789
    ────────────────────────────────────────
 0 │let = "vim"                             │
 1 │cat = 42                                │
 2 │log = "data"                            │ ◂ cursor (2,0)
 3 │~                                       │
 4 │~                                       │
 5 │~                                       │
 6 │~                                       │
 7 │~                                       │
 8 │~                                       │
 9 │~                                       │
10 │~                                       │
11 │~                                       │
12 │~                                       │
13 │~                                       │
14 │~                                       │
15 │~                                       │
16 │~                                       │
17 │~                                       │
18 │fix.py [+]            3,1            All│
    ────────────────────────────────────────

[SAY] S is like X then I. Delete and insert in one key.
[SAY] Lowercase S. Substitute a character.