[RECORDING_START] Screen state at recording start:

              1         2         3         
    0123456789012345678901234567890123456789
    ────────────────────────────────────────
 0 │def build():                            │ ◂ cursor (0,0)
 1 │    step_one()                          │
 2 │    step_two()                          │
 3 │~                                       │
 4 │~                                       │
 5 │~                                       │
 6 │~                                       │
 7 │~                                       │
 8 │~                                       │
 9 │~                                       │
10 │~                                       │
11 │~                                       │
12 │~                                       │
13 │~                                       │
14 │~                                       │
15 │~                                       │
16 │~                                       │
17 │~                                       │
18 │demo.py               1,1            All│
    ────────────────────────────────────────

[OVERLAY] VimFu — :set autoindent
[SAY] Auto indent copies the indentation from the current line to the next line when you press enter.
[SAY] Enable auto indent and add a new line after step two.
[TYPE] ':set autoindent'

              1         2         3         
    0123456789012345678901234567890123456789
    ────────────────────────────────────────
 0 │def build():                            │
 1 │    step_one()                          │
 2 │    step_two()                          │
 3 │~                                       │
 4 │~                                       │
 5 │~                                       │
 6 │~                                       │
 7 │~                                       │
 8 │~                                       │
 9 │~                                       │
10 │~                                       │
11 │~                                       │
12 │~                                       │
13 │~                                       │
14 │~                                       │
15 │~                                       │
16 │~                                       │
17 │~                                       │
18 │demo.py               1,1            All│
19 │:set autoindent                         │ ◂ cursor (19,15)
    ────────────────────────────────────────

[SAY] Set auto indent — new lines automatically inherit the indentation of the line above.
[ENTER]

              1         2         3         
    0123456789012345678901234567890123456789
    ────────────────────────────────────────
 0 │def build():                            │ ◂ cursor (0,0)
 1 │    step_one()                          │
 2 │    step_two()                          │
 3 │~                                       │
 4 │~                                       │
 5 │~                                       │
 6 │~                                       │
 7 │~                                       │
 8 │~                                       │
 9 │~                                       │
10 │~                                       │
11 │~                                       │
12 │~                                       │
13 │~                                       │
14 │~                                       │
15 │~                                       │
16 │~                                       │
17 │~                                       │
18 │demo.py               1,1            All│
19 │:set autoindent                         │
    ────────────────────────────────────────

[KEYS] 'G'
[OVERLAY] ⇧G  file end

              1         2         3         
    0123456789012345678901234567890123456789
    ────────────────────────────────────────
 0 │def build():                            │
 1 │    step_one()                          │
 2 │    step_two()                          │ ◂ cursor (2,0)
 3 │~                                       │
 4 │~                                       │
 5 │~                                       │
 6 │~                                       │
 7 │~                                       │
 8 │~                                       │
 9 │~                                       │
10 │~                                       │
11 │~                                       │
12 │~                                       │
13 │~                                       │
14 │~                                       │
15 │~                                       │
16 │~                                       │
17 │~                                       │
18 │demo.py               3,1            All│
19 │:set autoindent                         │
    ────────────────────────────────────────

[KEYS] 'o'
[OVERLAY] o  open below

              1         2         3         
    0123456789012345678901234567890123456789
    ────────────────────────────────────────
 0 │def build():                            │
 1 │    step_one()                          │
 2 │    step_two()                          │
 3 │                                        │ ◂ cursor (3,4)
 4 │~                                       │
 5 │~                                       │
 6 │~                                       │
 7 │~                                       │
 8 │~                                       │
 9 │~                                       │
10 │~                                       │
11 │~                                       │
12 │~                                       │
13 │~                                       │
14 │~                                       │
15 │~                                       │
16 │~                                       │
17 │~                                       │
18 │demo.py [+]           4,5            All│
19 │-- INSERT --                            │
    ────────────────────────────────────────

[TYPE] 'step_three()'

              1         2         3         
    0123456789012345678901234567890123456789
    ────────────────────────────────────────
 0 │def build():                            │
 1 │    step_one()                          │
 2 │    step_two()                          │
 3 │    step_three()                        │ ◂ cursor (3,16)
 4 │~                                       │
 5 │~                                       │
 6 │~                                       │
 7 │~                                       │
 8 │~                                       │
 9 │~                                       │
10 │~                                       │
11 │~                                       │
12 │~                                       │
13 │~                                       │
14 │~                                       │
15 │~                                       │
16 │~                                       │
17 │~                                       │
18 │demo.py [+]           4,17           All│
19 │-- INSERT --                            │
    ────────────────────────────────────────

[ESCAPE]

              1         2         3         
    0123456789012345678901234567890123456789
    ────────────────────────────────────────
 0 │def build():                            │
 1 │    step_one()                          │
 2 │    step_two()                          │
 3 │    step_three()                        │ ◂ cursor (3,15)
 4 │~                                       │
 5 │~                                       │
 6 │~                                       │
 7 │~                                       │
 8 │~                                       │
 9 │~                                       │
10 │~                                       │
11 │~                                       │
12 │~                                       │
13 │~                                       │
14 │~                                       │
15 │~                                       │
16 │~                                       │
17 │~                                       │
18 │demo.py [+]           4,16           All│
    ────────────────────────────────────────

[SAY] The new line automatically matched the indentation of the line above. No manual spacing needed.
[SAY] Set auto indent or set A I. New lines inherit indentation. Simple but essential.