[RECORDING_START] Screen state at recording start:

              1         2         3         
    0123456789012345678901234567890123456789
    ────────────────────────────────────────
 0 │editing a file                          │ ◂ cursor (0,0)
 1 │~                                       │
 2 │~                                       │
 3 │~                                       │
 4 │~                                       │
 5 │~                                       │
 6 │~                                       │
 7 │~                                       │
 8 │~                                       │
 9 │~                                       │
10 │~                                       │
11 │~                                       │
12 │~                                       │
13 │~                                       │
14 │~                                       │
15 │~                                       │
16 │~                                       │
17 │~                                       │
18 │termtest.txt          1,1            All│
    ────────────────────────────────────────

[OVERLAY] VimFu — Terminal Mode
[SAY] Vim and Neovim can run a terminal inside the editor. Open one with `:term`.
[KEYS] ':'
[OVERLAY] ⇧:  command line

              1         2         3         
    0123456789012345678901234567890123456789
    ────────────────────────────────────────
 0 │editing a file                          │
 1 │~                                       │
 2 │~                                       │
 3 │~                                       │
 4 │~                                       │
 5 │~                                       │
 6 │~                                       │
 7 │~                                       │
 8 │~                                       │
 9 │~                                       │
10 │~                                       │
11 │~                                       │
12 │~                                       │
13 │~                                       │
14 │~                                       │
15 │~                                       │
16 │~                                       │
17 │~                                       │
18 │termtest.txt          1,1            All│
19 │:                                       │ ◂ cursor (19,1)
    ────────────────────────────────────────

[TYPE] 'term'

              1         2         3         
    0123456789012345678901234567890123456789
    ────────────────────────────────────────
 0 │editing a file                          │
 1 │~                                       │
 2 │~                                       │
 3 │~                                       │
 4 │~                                       │
 5 │~                                       │
 6 │~                                       │
 7 │~                                       │
 8 │~                                       │
 9 │~                                       │
10 │~                                       │
11 │~                                       │
12 │~                                       │
13 │~                                       │
14 │~                                       │
15 │~                                       │
16 │~                                       │
17 │~                                       │
18 │termtest.txt          1,1            All│
19 │:term                                   │ ◂ cursor (19,5)
    ────────────────────────────────────────

[EX_READY] ':term'

              1         2         3         
    0123456789012345678901234567890123456789
    ────────────────────────────────────────
 0 │editing a file                          │
 1 │~                                       │
 2 │~                                       │
 3 │~                                       │
 4 │~                                       │
 5 │~                                       │
 6 │~                                       │
 7 │~                                       │
 8 │~                                       │
 9 │~                                       │
10 │~                                       │
11 │~                                       │
12 │~                                       │
13 │~                                       │
14 │~                                       │
15 │~                                       │
16 │~                                       │
17 │~                                       │
18 │termtest.txt          1,1            All│
19 │:term                                   │ ◂ cursor (19,5)
    ────────────────────────────────────────

[ENTER]

              1         2         3         
    0123456789012345678901234567890123456789
    ────────────────────────────────────────
 0 │➜  vimfu                                │ ◂ cursor (0,0)
 1 │                                        │
 2 │                                        │
 3 │                                        │
 4 │                                        │
 5 │                                        │
 6 │                                        │
 7 │                                        │
 8 │                                        │
 9 │                                        │
10 │                                        │
11 │                                        │
12 │                                        │
13 │                                        │
14 │                                        │
15 │                                        │
16 │                                        │
17 │                                        │
18 │<fu//735:/usr/bin/zsh 1,1            All│
19 │:term                                   │
    ────────────────────────────────────────

[SAY] The terminal buffer is open. Press {key:i} so your keys go to the shell.
[KEYS] 'i'
[OVERLAY] i  terminal mode

              1         2         3         
    0123456789012345678901234567890123456789
    ────────────────────────────────────────
 0 │➜  vimfu                                │ ◂ cursor (0,9)
 1 │                                        │
 2 │                                        │
 3 │                                        │
 4 │                                        │
 5 │                                        │
 6 │                                        │
 7 │                                        │
 8 │                                        │
 9 │                                        │
10 │                                        │
11 │                                        │
12 │                                        │
13 │                                        │
14 │                                        │
15 │                                        │
16 │                                        │
17 │                                        │
18 │<fu//735:/usr/bin/zsh 1,12-10        All│
19 │-- TERMINAL --                          │
    ────────────────────────────────────────

[SAY] Now type a shell command.
[TYPE] 'echo hello from the terminal'

              1         2         3         
    0123456789012345678901234567890123456789
    ────────────────────────────────────────
 0 │➜  vimfu echo hello from the terminal   │ ◂ cursor (0,37)
 1 │                                        │
 2 │                                        │
 3 │                                        │
 4 │                                        │
 5 │                                        │
 6 │                                        │
 7 │                                        │
 8 │                                        │
 9 │                                        │
10 │                                        │
11 │                                        │
12 │                                        │
13 │                                        │
14 │                                        │
15 │                                        │
16 │                                        │
17 │                                        │
18 │<fu//735:/usr/bin/zsh 1,40-38        All│
19 │-- TERMINAL --                          │
    ────────────────────────────────────────

[ENTER]

              1         2         3         
    0123456789012345678901234567890123456789
    ────────────────────────────────────────
 0 │➜  vimfu echo hello from the terminal   │
 1 │hello from the terminal                 │
 2 │➜  vimfu                                │ ◂ cursor (2,9)
 3 │                                        │
 4 │                                        │
 5 │                                        │
 6 │                                        │
 7 │                                        │
 8 │                                        │
 9 │                                        │
10 │                                        │
11 │                                        │
12 │                                        │
13 │                                        │
14 │                                        │
15 │                                        │
16 │                                        │
17 │                                        │
18 │<fu//735:/usr/bin/zsh 3,12-10        All│
19 │-- TERMINAL --                          │
    ────────────────────────────────────────

[SAY] The shell ran inside Vim. To use normal-mode keys here, leave terminal mode first.
[SAY] Hold Control and press backslash. Then hold Control and press the N key.
[CTRL] \
[OVERLAY] ⌃\  Ctrl-\

              1         2         3         
    0123456789012345678901234567890123456789
    ────────────────────────────────────────
 0 │➜  vimfu echo hello from the terminal   │
 1 │hello from the terminal                 │
 2 │➜  vimfu                                │ ◂ cursor (2,9)
 3 │                                        │
 4 │                                        │
 5 │                                        │
 6 │                                        │
 7 │                                        │
 8 │                                        │
 9 │                                        │
10 │                                        │
11 │                                        │
12 │                                        │
13 │                                        │
14 │                                        │
15 │                                        │
16 │                                        │
17 │                                        │
18 │<fu//735:/usr/bin/zsh 3,12-10        All│
19 │-- TERMINAL --                          │
    ────────────────────────────────────────

[CTRL] n
[OVERLAY] ⌃n  normal mode

              1         2         3         
    0123456789012345678901234567890123456789
    ────────────────────────────────────────
 0 │➜  vimfu echo hello from the terminal   │
 1 │hello from the terminal                 │
 2 │➜  vimfu                                │ ◂ cursor (2,8)
 3 │                                        │
 4 │                                        │
 5 │                                        │
 6 │                                        │
 7 │                                        │
 8 │                                        │
 9 │                                        │
10 │                                        │
11 │                                        │
12 │                                        │
13 │                                        │
14 │                                        │
15 │                                        │
16 │                                        │
17 │                                        │
18 │<fu//735:/usr/bin/zsh 3,11-9         All│
    ────────────────────────────────────────

[SAY] Now normal-mode keys work in the terminal buffer.
[SAY] Press {key:i} to send keys back to the shell.
[KEYS] 'i'
[OVERLAY] i  back to terminal mode

              1         2         3         
    0123456789012345678901234567890123456789
    ────────────────────────────────────────
 0 │➜  vimfu echo hello from the terminal   │
 1 │hello from the terminal                 │
 2 │➜  vimfu                                │ ◂ cursor (2,9)
 3 │                                        │
 4 │                                        │
 5 │                                        │
 6 │                                        │
 7 │                                        │
 8 │                                        │
 9 │                                        │
10 │                                        │
11 │                                        │
12 │                                        │
13 │                                        │
14 │                                        │
15 │                                        │
16 │                                        │
17 │                                        │
18 │<fu//735:/usr/bin/zsh 3,12-10        All│
19 │-- TERMINAL --                          │
    ────────────────────────────────────────

[SAY] Control plus backslash, then Control plus the N key, exits. The {key:i} key re-enters. That's the cycle.