[RECORDING_START] Screen state at recording start:

              1         2         3         
    0123456789012345678901234567890123456789
    ────────────────────────────────────────
 0 │hello world                             │ ◂ cursor (0,0)
 1 │~                                       │
 2 │~                                       │
 3 │~                                       │
 4 │~                                       │
 5 │~                                       │
 6 │~                                       │
 7 │~                                       │
 8 │~                                       │
 9 │~                                       │
10 │~                                       │
11 │~                                       │
12 │~                                       │
13 │~                                       │
14 │~                                       │
15 │~                                       │
16 │~                                       │
17 │~                                       │
18 │demo.txt              1,1            All│
    ────────────────────────────────────────

[OVERLAY] VimFu — :pwd — Current Directory
[SAY] P W D shows the current working directory — same as the shell command but inside Vim.
[SAY] Check where we are.
[TYPE] ':pwd'

              1         2         3         
    0123456789012345678901234567890123456789
    ────────────────────────────────────────
 0 │hello world                             │
 1 │~                                       │
 2 │~                                       │
 3 │~                                       │
 4 │~                                       │
 5 │~                                       │
 6 │~                                       │
 7 │~                                       │
 8 │~                                       │
 9 │~                                       │
10 │~                                       │
11 │~                                       │
12 │~                                       │
13 │~                                       │
14 │~                                       │
15 │~                                       │
16 │~                                       │
17 │~                                       │
18 │demo.txt              1,1            All│
19 │:pwd                                    │ ◂ cursor (19,4)
    ────────────────────────────────────────

[SAY] P W D — print working directory — prints the current path on the message line.
[ENTER]

              1         2         3         
    0123456789012345678901234567890123456789
    ────────────────────────────────────────
 0 │hello world                             │ ◂ cursor (0,0)
 1 │~                                       │
 2 │~                                       │
 3 │~                                       │
 4 │~                                       │
 5 │~                                       │
 6 │~                                       │
 7 │~                                       │
 8 │~                                       │
 9 │~                                       │
10 │~                                       │
11 │~                                       │
12 │~                                       │
13 │~                                       │
14 │~                                       │
15 │~                                       │
16 │~                                       │
17 │~                                       │
18 │demo.txt              1,1            All│
19 │/home/ashleyf/vimfu                     │
    ────────────────────────────────────────

[SAY] The working directory. This affects relative paths in commands like colon edit and colon write.
[SAY] Change directory with colon C D.
[TYPE] ':cd /tmp'

              1         2         3         
    0123456789012345678901234567890123456789
    ────────────────────────────────────────
 0 │hello world                             │
 1 │~                                       │
 2 │~                                       │
 3 │~                                       │
 4 │~                                       │
 5 │~                                       │
 6 │~                                       │
 7 │~                                       │
 8 │~                                       │
 9 │~                                       │
10 │~                                       │
11 │~                                       │
12 │~                                       │
13 │~                                       │
14 │~                                       │
15 │~                                       │
16 │~                                       │
17 │~                                       │
18 │demo.txt              1,1            All│
19 │:cd /tmp                                │ ◂ cursor (19,8)
    ────────────────────────────────────────

[SAY] Colon C D switches Vim's working directory just like cd in the shell.
[ENTER]

              1         2         3         
    0123456789012345678901234567890123456789
    ────────────────────────────────────────
 0 │hello world                             │ ◂ cursor (0,0)
 1 │~                                       │
 2 │~                                       │
 3 │~                                       │
 4 │~                                       │
 5 │~                                       │
 6 │~                                       │
 7 │~                                       │
 8 │~                                       │
 9 │~                                       │
10 │~                                       │
11 │~                                       │
12 │~                                       │
13 │~                                       │
14 │~                                       │
15 │~                                       │
16 │~                                       │
17 │~                                       │
18 │~/vimfu/demo.txt      1,1            All│
19 │/tmp                                    │
    ────────────────────────────────────────

[SAY] Confirm the change.
[TYPE] ':pwd'

              1         2         3         
    0123456789012345678901234567890123456789
    ────────────────────────────────────────
 0 │hello world                             │
 1 │~                                       │
 2 │~                                       │
 3 │~                                       │
 4 │~                                       │
 5 │~                                       │
 6 │~                                       │
 7 │~                                       │
 8 │~                                       │
 9 │~                                       │
10 │~                                       │
11 │~                                       │
12 │~                                       │
13 │~                                       │
14 │~                                       │
15 │~                                       │
16 │~                                       │
17 │~                                       │
18 │~/vimfu/demo.txt      1,1            All│
19 │:pwd                                    │ ◂ cursor (19,4)
    ────────────────────────────────────────

[ENTER]

              1         2         3         
    0123456789012345678901234567890123456789
    ────────────────────────────────────────
 0 │hello world                             │ ◂ cursor (0,0)
 1 │~                                       │
 2 │~                                       │
 3 │~                                       │
 4 │~                                       │
 5 │~                                       │
 6 │~                                       │
 7 │~                                       │
 8 │~                                       │
 9 │~                                       │
10 │~                                       │
11 │~                                       │
12 │~                                       │
13 │~                                       │
14 │~                                       │
15 │~                                       │
16 │~                                       │
17 │~                                       │
18 │~/vimfu/demo.txt      1,1            All│
19 │/tmp                                    │
    ────────────────────────────────────────

[SAY] Now in temp. Colon P W D confirms the change.
[SAY] Colon P W D. Know where you are. Important for relative file paths.