[RECORDING_START] Screen state at recording start:

              1         2         3         
    0123456789012345678901234567890123456789
    ────────────────────────────────────────
 0 │items = "axe, bow, cup, gem, orb"       │ ◂ cursor (0,0)
 1 │stats = "hp:5, mp:3, xp:0, gp:9"        │
 2 │spells = "fire, ice, bolt, heal"        │
 3 │~                                       │
 4 │~                                       │
 5 │~                                       │
 6 │~                                       │
 7 │~                                       │
 8 │~                                       │
 9 │~                                       │
10 │~                                       │
11 │~                                       │
12 │~                                       │
13 │~                                       │
14 │~                                       │
15 │~                                       │
16 │~                                       │
17 │~                                       │
18 │loot.py               1,1            All│
    ────────────────────────────────────────

[OVERLAY] VimFu — Repeat Find
[SAY] Semicolon repeats your last F or T motion. No need to type the character again.
[SAY] F comma to find the first comma.
[KEYS] 'f'
[OVERLAY] f  find char

              1         2         3         
    0123456789012345678901234567890123456789
    ────────────────────────────────────────
 0 │items = "axe, bow, cup, gem, orb"       │ ◂ cursor (0,0)
 1 │stats = "hp:5, mp:3, xp:0, gp:9"        │
 2 │spells = "fire, ice, bolt, heal"        │
 3 │~                                       │
 4 │~                                       │
 5 │~                                       │
 6 │~                                       │
 7 │~                                       │
 8 │~                                       │
 9 │~                                       │
10 │~                                       │
11 │~                                       │
12 │~                                       │
13 │~                                       │
14 │~                                       │
15 │~                                       │
16 │~                                       │
17 │~                                       │
18 │loot.py               1,1            All│
19 │                             f          │
    ────────────────────────────────────────

[KEYS] ','
[OVERLAY] ,  reverse find

              1         2         3         
    0123456789012345678901234567890123456789
    ────────────────────────────────────────
 0 │items = "axe, bow, cup, gem, orb"       │ ◂ cursor (0,12)
 1 │stats = "hp:5, mp:3, xp:0, gp:9"        │
 2 │spells = "fire, ice, bolt, heal"        │
 3 │~                                       │
 4 │~                                       │
 5 │~                                       │
 6 │~                                       │
 7 │~                                       │
 8 │~                                       │
 9 │~                                       │
10 │~                                       │
11 │~                                       │
12 │~                                       │
13 │~                                       │
14 │~                                       │
15 │~                                       │
16 │~                                       │
17 │~                                       │
18 │loot.py               1,13           All│
    ────────────────────────────────────────

[SAY] Now semicolon.
[KEYS] ';'
[OVERLAY] ;  repeat find

              1         2         3         
    0123456789012345678901234567890123456789
    ────────────────────────────────────────
 0 │items = "axe, bow, cup, gem, orb"       │ ◂ cursor (0,17)
 1 │stats = "hp:5, mp:3, xp:0, gp:9"        │
 2 │spells = "fire, ice, bolt, heal"        │
 3 │~                                       │
 4 │~                                       │
 5 │~                                       │
 6 │~                                       │
 7 │~                                       │
 8 │~                                       │
 9 │~                                       │
10 │~                                       │
11 │~                                       │
12 │~                                       │
13 │~                                       │
14 │~                                       │
15 │~                                       │
16 │~                                       │
17 │~                                       │
18 │loot.py               1,18           All│
    ────────────────────────────────────────

[SAY] Again.
[KEYS] ';'
[OVERLAY] ;  repeat find

              1         2         3         
    0123456789012345678901234567890123456789
    ────────────────────────────────────────
 0 │items = "axe, bow, cup, gem, orb"       │ ◂ cursor (0,22)
 1 │stats = "hp:5, mp:3, xp:0, gp:9"        │
 2 │spells = "fire, ice, bolt, heal"        │
 3 │~                                       │
 4 │~                                       │
 5 │~                                       │
 6 │~                                       │
 7 │~                                       │
 8 │~                                       │
 9 │~                                       │
10 │~                                       │
11 │~                                       │
12 │~                                       │
13 │~                                       │
14 │~                                       │
15 │~                                       │
16 │~                                       │
17 │~                                       │
18 │loot.py               1,23           All│
    ────────────────────────────────────────

[SAY] And again.
[KEYS] ';'
[OVERLAY] ;  repeat find

              1         2         3         
    0123456789012345678901234567890123456789
    ────────────────────────────────────────
 0 │items = "axe, bow, cup, gem, orb"       │ ◂ cursor (0,27)
 1 │stats = "hp:5, mp:3, xp:0, gp:9"        │
 2 │spells = "fire, ice, bolt, heal"        │
 3 │~                                       │
 4 │~                                       │
 5 │~                                       │
 6 │~                                       │
 7 │~                                       │
 8 │~                                       │
 9 │~                                       │
10 │~                                       │
11 │~                                       │
12 │~                                       │
13 │~                                       │
14 │~                                       │
15 │~                                       │
16 │~                                       │
17 │~                                       │
18 │loot.py               1,28           All│
    ────────────────────────────────────────

[SAY] Four commas, one F, three semicolons. Hop hop hop.
[SAY] Down to the stats line. F colon.
[KEYS] 'j'
[OVERLAY] j  down

              1         2         3         
    0123456789012345678901234567890123456789
    ────────────────────────────────────────
 0 │items = "axe, bow, cup, gem, orb"       │
 1 │stats = "hp:5, mp:3, xp:0, gp:9"        │ ◂ cursor (1,27)
 2 │spells = "fire, ice, bolt, heal"        │
 3 │~                                       │
 4 │~                                       │
 5 │~                                       │
 6 │~                                       │
 7 │~                                       │
 8 │~                                       │
 9 │~                                       │
10 │~                                       │
11 │~                                       │
12 │~                                       │
13 │~                                       │
14 │~                                       │
15 │~                                       │
16 │~                                       │
17 │~                                       │
18 │loot.py               2,28           All│
    ────────────────────────────────────────

[KEYS] '0'
[OVERLAY] 0  line start

              1         2         3         
    0123456789012345678901234567890123456789
    ────────────────────────────────────────
 0 │items = "axe, bow, cup, gem, orb"       │
 1 │stats = "hp:5, mp:3, xp:0, gp:9"        │ ◂ cursor (1,0)
 2 │spells = "fire, ice, bolt, heal"        │
 3 │~                                       │
 4 │~                                       │
 5 │~                                       │
 6 │~                                       │
 7 │~                                       │
 8 │~                                       │
 9 │~                                       │
10 │~                                       │
11 │~                                       │
12 │~                                       │
13 │~                                       │
14 │~                                       │
15 │~                                       │
16 │~                                       │
17 │~                                       │
18 │loot.py               2,1            All│
    ────────────────────────────────────────

[KEYS] 'f'
[OVERLAY] f  find char

              1         2         3         
    0123456789012345678901234567890123456789
    ────────────────────────────────────────
 0 │items = "axe, bow, cup, gem, orb"       │
 1 │stats = "hp:5, mp:3, xp:0, gp:9"        │ ◂ cursor (1,0)
 2 │spells = "fire, ice, bolt, heal"        │
 3 │~                                       │
 4 │~                                       │
 5 │~                                       │
 6 │~                                       │
 7 │~                                       │
 8 │~                                       │
 9 │~                                       │
10 │~                                       │
11 │~                                       │
12 │~                                       │
13 │~                                       │
14 │~                                       │
15 │~                                       │
16 │~                                       │
17 │~                                       │
18 │loot.py               2,1            All│
19 │                             f          │
    ────────────────────────────────────────

[KEYS] ':'
[OVERLAY] ⇧:  command mode

              1         2         3         
    0123456789012345678901234567890123456789
    ────────────────────────────────────────
 0 │items = "axe, bow, cup, gem, orb"       │
 1 │stats = "hp:5, mp:3, xp:0, gp:9"        │ ◂ cursor (1,11)
 2 │spells = "fire, ice, bolt, heal"        │
 3 │~                                       │
 4 │~                                       │
 5 │~                                       │
 6 │~                                       │
 7 │~                                       │
 8 │~                                       │
 9 │~                                       │
10 │~                                       │
11 │~                                       │
12 │~                                       │
13 │~                                       │
14 │~                                       │
15 │~                                       │
16 │~                                       │
17 │~                                       │
18 │loot.py               2,12           All│
    ────────────────────────────────────────

[SAY] Semicolon picks up the new target.
[KEYS] ';'
[OVERLAY] ;  repeat find

              1         2         3         
    0123456789012345678901234567890123456789
    ────────────────────────────────────────
 0 │items = "axe, bow, cup, gem, orb"       │
 1 │stats = "hp:5, mp:3, xp:0, gp:9"        │ ◂ cursor (1,17)
 2 │spells = "fire, ice, bolt, heal"        │
 3 │~                                       │
 4 │~                                       │
 5 │~                                       │
 6 │~                                       │
 7 │~                                       │
 8 │~                                       │
 9 │~                                       │
10 │~                                       │
11 │~                                       │
12 │~                                       │
13 │~                                       │
14 │~                                       │
15 │~                                       │
16 │~                                       │
17 │~                                       │
18 │loot.py               2,18           All│
    ────────────────────────────────────────

[KEYS] ';'
[OVERLAY] ;  repeat find

              1         2         3         
    0123456789012345678901234567890123456789
    ────────────────────────────────────────
 0 │items = "axe, bow, cup, gem, orb"       │
 1 │stats = "hp:5, mp:3, xp:0, gp:9"        │ ◂ cursor (1,23)
 2 │spells = "fire, ice, bolt, heal"        │
 3 │~                                       │
 4 │~                                       │
 5 │~                                       │
 6 │~                                       │
 7 │~                                       │
 8 │~                                       │
 9 │~                                       │
10 │~                                       │
11 │~                                       │
12 │~                                       │
13 │~                                       │
14 │~                                       │
15 │~                                       │
16 │~                                       │
17 │~                                       │
18 │loot.py               2,24           All│
    ────────────────────────────────────────

[KEYS] ';'
[OVERLAY] ;  repeat find

              1         2         3         
    0123456789012345678901234567890123456789
    ────────────────────────────────────────
 0 │items = "axe, bow, cup, gem, orb"       │
 1 │stats = "hp:5, mp:3, xp:0, gp:9"        │ ◂ cursor (1,29)
 2 │spells = "fire, ice, bolt, heal"        │
 3 │~                                       │
 4 │~                                       │
 5 │~                                       │
 6 │~                                       │
 7 │~                                       │
 8 │~                                       │
 9 │~                                       │
10 │~                                       │
11 │~                                       │
12 │~                                       │
13 │~                                       │
14 │~                                       │
15 │~                                       │
16 │~                                       │
17 │~                                       │
18 │loot.py               2,30           All│
    ────────────────────────────────────────

[SAY] Hopped through every colon. Semicolon always repeats the last find.
[SAY] Works with T too. Down one more. T comma.
[KEYS] 'j'
[OVERLAY] j  down

              1         2         3         
    0123456789012345678901234567890123456789
    ────────────────────────────────────────
 0 │items = "axe, bow, cup, gem, orb"       │
 1 │stats = "hp:5, mp:3, xp:0, gp:9"        │
 2 │spells = "fire, ice, bolt, heal"        │ ◂ cursor (2,29)
 3 │~                                       │
 4 │~                                       │
 5 │~                                       │
 6 │~                                       │
 7 │~                                       │
 8 │~                                       │
 9 │~                                       │
10 │~                                       │
11 │~                                       │
12 │~                                       │
13 │~                                       │
14 │~                                       │
15 │~                                       │
16 │~                                       │
17 │~                                       │
18 │loot.py               3,30           All│
    ────────────────────────────────────────

[KEYS] '0'
[OVERLAY] 0  line start

              1         2         3         
    0123456789012345678901234567890123456789
    ────────────────────────────────────────
 0 │items = "axe, bow, cup, gem, orb"       │
 1 │stats = "hp:5, mp:3, xp:0, gp:9"        │
 2 │spells = "fire, ice, bolt, heal"        │ ◂ cursor (2,0)
 3 │~                                       │
 4 │~                                       │
 5 │~                                       │
 6 │~                                       │
 7 │~                                       │
 8 │~                                       │
 9 │~                                       │
10 │~                                       │
11 │~                                       │
12 │~                                       │
13 │~                                       │
14 │~                                       │
15 │~                                       │
16 │~                                       │
17 │~                                       │
18 │loot.py               3,1            All│
    ────────────────────────────────────────

[KEYS] 't'
[OVERLAY] t  till char

              1         2         3         
    0123456789012345678901234567890123456789
    ────────────────────────────────────────
 0 │items = "axe, bow, cup, gem, orb"       │
 1 │stats = "hp:5, mp:3, xp:0, gp:9"        │
 2 │spells = "fire, ice, bolt, heal"        │ ◂ cursor (2,0)
 3 │~                                       │
 4 │~                                       │
 5 │~                                       │
 6 │~                                       │
 7 │~                                       │
 8 │~                                       │
 9 │~                                       │
10 │~                                       │
11 │~                                       │
12 │~                                       │
13 │~                                       │
14 │~                                       │
15 │~                                       │
16 │~                                       │
17 │~                                       │
18 │loot.py               3,1            All│
19 │                             t          │
    ────────────────────────────────────────

[KEYS] ','
[OVERLAY] ,  reverse find

              1         2         3         
    0123456789012345678901234567890123456789
    ────────────────────────────────────────
 0 │items = "axe, bow, cup, gem, orb"       │
 1 │stats = "hp:5, mp:3, xp:0, gp:9"        │
 2 │spells = "fire, ice, bolt, heal"        │ ◂ cursor (2,13)
 3 │~                                       │
 4 │~                                       │
 5 │~                                       │
 6 │~                                       │
 7 │~                                       │
 8 │~                                       │
 9 │~                                       │
10 │~                                       │
11 │~                                       │
12 │~                                       │
13 │~                                       │
14 │~                                       │
15 │~                                       │
16 │~                                       │
17 │~                                       │
18 │loot.py               3,14           All│
    ────────────────────────────────────────

[SAY] Semicolon.
[KEYS] ';'
[OVERLAY] ;  repeat find

              1         2         3         
    0123456789012345678901234567890123456789
    ────────────────────────────────────────
 0 │items = "axe, bow, cup, gem, orb"       │
 1 │stats = "hp:5, mp:3, xp:0, gp:9"        │
 2 │spells = "fire, ice, bolt, heal"        │ ◂ cursor (2,18)
 3 │~                                       │
 4 │~                                       │
 5 │~                                       │
 6 │~                                       │
 7 │~                                       │
 8 │~                                       │
 9 │~                                       │
10 │~                                       │
11 │~                                       │
12 │~                                       │
13 │~                                       │
14 │~                                       │
15 │~                                       │
16 │~                                       │
17 │~                                       │
18 │loot.py               3,19           All│
    ────────────────────────────────────────

[KEYS] ';'
[OVERLAY] ;  repeat find

              1         2         3         
    0123456789012345678901234567890123456789
    ────────────────────────────────────────
 0 │items = "axe, bow, cup, gem, orb"       │
 1 │stats = "hp:5, mp:3, xp:0, gp:9"        │
 2 │spells = "fire, ice, bolt, heal"        │ ◂ cursor (2,24)
 3 │~                                       │
 4 │~                                       │
 5 │~                                       │
 6 │~                                       │
 7 │~                                       │
 8 │~                                       │
 9 │~                                       │
10 │~                                       │
11 │~                                       │
12 │~                                       │
13 │~                                       │
14 │~                                       │
15 │~                                       │
16 │~                                       │
17 │~                                       │
18 │loot.py               3,25           All│
    ────────────────────────────────────────

[SAY] Semicolon repeats whatever the last motion was. F, T, capital F, capital T.
[SAY] Semicolon. Find once, repeat forever.