[RECORDING_START] Screen state at recording start:

              1         2         3         
    0123456789012345678901234567890123456789
    ────────────────────────────────────────
 0 │zebra                                   │ ◂ cursor (0,0)
 1 │apple                                   │
 2 │mango                                   │
 3 │banana                                  │
 4 │cherry                                  │
 5 │~                                       │
 6 │~                                       │
 7 │~                                       │
 8 │~                                       │
 9 │~                                       │
10 │~                                       │
11 │~                                       │
12 │~                                       │
13 │~                                       │
14 │~                                       │
15 │~                                       │
16 │~                                       │
17 │~                                       │
18 │list.py               1,1            All│
    ────────────────────────────────────────

[OVERLAY] VimFu — The ! Key
[SAY] Bang filters text through an external shell command. Select lines, type a command, and the result replaces your selection.
[SAY] Select all five lines. Capital V, capital G.
[KEYS] 'ggV'
[OVERLAY] ggV  visual line

              1         2         3         
    0123456789012345678901234567890123456789
    ────────────────────────────────────────
 0 │zebra                                   │ ◂ cursor (0,0)
 1 │apple                                   │
 2 │mango                                   │
 3 │banana                                  │
 4 │cherry                                  │
 5 │~                                       │
 6 │~                                       │
 7 │~                                       │
 8 │~                                       │
 9 │~                                       │
10 │~                                       │
11 │~                                       │
12 │~                                       │
13 │~                                       │
14 │~                                       │
15 │~                                       │
16 │~                                       │
17 │~                                       │
18 │list.py               1,1            All│
19 │-- VISUAL LINE --            1          │
    ────────────────────────────────────────
[HIGHLIGHT] row 0, cols 1-4: "ebra"

[KEYS] 'G'
[OVERLAY] ⇧G  select to end

              1         2         3         
    0123456789012345678901234567890123456789
    ────────────────────────────────────────
 0 │zebra                                   │
 1 │apple                                   │
 2 │mango                                   │
 3 │banana                                  │
 4 │cherry                                  │ ◂ cursor (4,0)
 5 │~                                       │
 6 │~                                       │
 7 │~                                       │
 8 │~                                       │
 9 │~                                       │
10 │~                                       │
11 │~                                       │
12 │~                                       │
13 │~                                       │
14 │~                                       │
15 │~                                       │
16 │~                                       │
17 │~                                       │
18 │list.py               5,1            All│
19 │-- VISUAL LINE --            5          │
    ────────────────────────────────────────
[HIGHLIGHT] row 0, cols 0-4: "zebra"
[HIGHLIGHT] row 1, cols 0-4: "apple"
[HIGHLIGHT] row 2, cols 0-4: "mango"
[HIGHLIGHT] row 3, cols 0-5: "banana"
[HIGHLIGHT] row 4, cols 1-5: "herry"

[SAY] Now bang. Watch the bottom.
[TYPE] '!'

              1         2         3         
    0123456789012345678901234567890123456789
    ────────────────────────────────────────
 0 │zebra                                   │
 1 │apple                                   │
 2 │mango                                   │
 3 │banana                                  │
 4 │cherry                                  │
 5 │~                                       │
 6 │~                                       │
 7 │~                                       │
 8 │~                                       │
 9 │~                                       │
10 │~                                       │
11 │~                                       │
12 │~                                       │
13 │~                                       │
14 │~                                       │
15 │~                                       │
16 │~                                       │
17 │~                                       │
18 │list.py               5,1            All│
19 │:'<,'>!                                 │ ◂ cursor (19,7)
    ────────────────────────────────────────
[HIGHLIGHT] row 0, cols 0-4: "zebra"
[HIGHLIGHT] row 1, cols 0-4: "apple"
[HIGHLIGHT] row 2, cols 0-4: "mango"
[HIGHLIGHT] row 3, cols 0-5: "banana"
[HIGHLIGHT] row 4, cols 1-5: "herry"

[SAY] Vim filled in the selection range. Now type the shell command. Sort.
[TYPE] 's'

              1         2         3         
    0123456789012345678901234567890123456789
    ────────────────────────────────────────
 0 │zebra                                   │
 1 │apple                                   │
 2 │mango                                   │
 3 │banana                                  │
 4 │cherry                                  │
 5 │~                                       │
 6 │~                                       │
 7 │~                                       │
 8 │~                                       │
 9 │~                                       │
10 │~                                       │
11 │~                                       │
12 │~                                       │
13 │~                                       │
14 │~                                       │
15 │~                                       │
16 │~                                       │
17 │~                                       │
18 │list.py               5,1            All│
19 │:'<,'>!s                                │ ◂ cursor (19,8)
    ────────────────────────────────────────
[HIGHLIGHT] row 0, cols 0-4: "zebra"
[HIGHLIGHT] row 1, cols 0-4: "apple"
[HIGHLIGHT] row 2, cols 0-4: "mango"
[HIGHLIGHT] row 3, cols 0-5: "banana"
[HIGHLIGHT] row 4, cols 1-5: "herry"

[TYPE] 'o'

              1         2         3         
    0123456789012345678901234567890123456789
    ────────────────────────────────────────
 0 │zebra                                   │
 1 │apple                                   │
 2 │mango                                   │
 3 │banana                                  │
 4 │cherry                                  │
 5 │~                                       │
 6 │~                                       │
 7 │~                                       │
 8 │~                                       │
 9 │~                                       │
10 │~                                       │
11 │~                                       │
12 │~                                       │
13 │~                                       │
14 │~                                       │
15 │~                                       │
16 │~                                       │
17 │~                                       │
18 │list.py               5,1            All│
19 │:'<,'>!so                               │ ◂ cursor (19,9)
    ────────────────────────────────────────
[HIGHLIGHT] row 0, cols 0-4: "zebra"
[HIGHLIGHT] row 1, cols 0-4: "apple"
[HIGHLIGHT] row 2, cols 0-4: "mango"
[HIGHLIGHT] row 3, cols 0-5: "banana"
[HIGHLIGHT] row 4, cols 1-5: "herry"

[TYPE] 'r'

              1         2         3         
    0123456789012345678901234567890123456789
    ────────────────────────────────────────
 0 │zebra                                   │
 1 │apple                                   │
 2 │mango                                   │
 3 │banana                                  │
 4 │cherry                                  │
 5 │~                                       │
 6 │~                                       │
 7 │~                                       │
 8 │~                                       │
 9 │~                                       │
10 │~                                       │
11 │~                                       │
12 │~                                       │
13 │~                                       │
14 │~                                       │
15 │~                                       │
16 │~                                       │
17 │~                                       │
18 │list.py               5,1            All│
19 │:'<,'>!sor                              │ ◂ cursor (19,10)
    ────────────────────────────────────────
[HIGHLIGHT] row 0, cols 0-4: "zebra"
[HIGHLIGHT] row 1, cols 0-4: "apple"
[HIGHLIGHT] row 2, cols 0-4: "mango"
[HIGHLIGHT] row 3, cols 0-5: "banana"
[HIGHLIGHT] row 4, cols 1-5: "herry"

[TYPE] 't'

              1         2         3         
    0123456789012345678901234567890123456789
    ────────────────────────────────────────
 0 │zebra                                   │
 1 │apple                                   │
 2 │mango                                   │
 3 │banana                                  │
 4 │cherry                                  │
 5 │~                                       │
 6 │~                                       │
 7 │~                                       │
 8 │~                                       │
 9 │~                                       │
10 │~                                       │
11 │~                                       │
12 │~                                       │
13 │~                                       │
14 │~                                       │
15 │~                                       │
16 │~                                       │
17 │~                                       │
18 │list.py               5,1            All│
19 │:'<,'>!sort                             │ ◂ cursor (19,11)
    ────────────────────────────────────────
[HIGHLIGHT] row 0, cols 0-4: "zebra"
[HIGHLIGHT] row 1, cols 0-4: "apple"
[HIGHLIGHT] row 2, cols 0-4: "mango"
[HIGHLIGHT] row 3, cols 0-5: "banana"
[HIGHLIGHT] row 4, cols 1-5: "herry"

[ENTER]

              1         2         3         
    0123456789012345678901234567890123456789
    ────────────────────────────────────────
 0 │apple                                   │ ◂ cursor (0,0)
 1 │banana                                  │
 2 │cherry                                  │
 3 │mango                                   │
 4 │zebra                                   │
 5 │~                                       │
 6 │~                                       │
 7 │~                                       │
 8 │~                                       │
 9 │~                                       │
10 │~                                       │
11 │~                                       │
12 │~                                       │
13 │~                                       │
14 │~                                       │
15 │~                                       │
16 │~                                       │
17 │~                                       │
18 │list.py [+]           1,1            All│
19 │5 lines filtered                        │
    ────────────────────────────────────────

[SAY] Sorted. Five lines went to the sort command and came back alphabetical.
[SAY] Undo. Now reverse sort.
[KEYS] 'u'
[OVERLAY] u  undo

              1         2         3         
    0123456789012345678901234567890123456789
    ────────────────────────────────────────
 0 │zebra                                   │ ◂ cursor (0,0)
 1 │apple                                   │
 2 │mango                                   │
 3 │banana                                  │
 4 │cherry                                  │
 5 │~                                       │
 6 │~                                       │
 7 │~                                       │
 8 │~                                       │
 9 │~                                       │
10 │~                                       │
11 │~                                       │
12 │~                                       │
13 │~                                       │
14 │~                                       │
15 │~                                       │
16 │~                                       │
17 │~                                       │
18 │list.py               1,1            All│
19 │5 changes; b...8 seconds ago            │
    ────────────────────────────────────────

[KEYS] 'ggV'
[OVERLAY] ggV  visual line

              1         2         3         
    0123456789012345678901234567890123456789
    ────────────────────────────────────────
 0 │zebra                                   │ ◂ cursor (0,0)
 1 │apple                                   │
 2 │mango                                   │
 3 │banana                                  │
 4 │cherry                                  │
 5 │~                                       │
 6 │~                                       │
 7 │~                                       │
 8 │~                                       │
 9 │~                                       │
10 │~                                       │
11 │~                                       │
12 │~                                       │
13 │~                                       │
14 │~                                       │
15 │~                                       │
16 │~                                       │
17 │~                                       │
18 │list.py               1,1            All│
19 │-- VISUAL LINE --            1          │
    ────────────────────────────────────────
[HIGHLIGHT] row 0, cols 1-4: "ebra"

[KEYS] 'G'
[OVERLAY] ⇧G  select to end

              1         2         3         
    0123456789012345678901234567890123456789
    ────────────────────────────────────────
 0 │zebra                                   │
 1 │apple                                   │
 2 │mango                                   │
 3 │banana                                  │
 4 │cherry                                  │ ◂ cursor (4,0)
 5 │~                                       │
 6 │~                                       │
 7 │~                                       │
 8 │~                                       │
 9 │~                                       │
10 │~                                       │
11 │~                                       │
12 │~                                       │
13 │~                                       │
14 │~                                       │
15 │~                                       │
16 │~                                       │
17 │~                                       │
18 │list.py               5,1            All│
19 │-- VISUAL LINE --            5          │
    ────────────────────────────────────────
[HIGHLIGHT] row 0, cols 0-4: "zebra"
[HIGHLIGHT] row 1, cols 0-4: "apple"
[HIGHLIGHT] row 2, cols 0-4: "mango"
[HIGHLIGHT] row 3, cols 0-5: "banana"
[HIGHLIGHT] row 4, cols 1-5: "herry"

[TYPE] '!'

              1         2         3         
    0123456789012345678901234567890123456789
    ────────────────────────────────────────
 0 │zebra                                   │
 1 │apple                                   │
 2 │mango                                   │
 3 │banana                                  │
 4 │cherry                                  │
 5 │~                                       │
 6 │~                                       │
 7 │~                                       │
 8 │~                                       │
 9 │~                                       │
10 │~                                       │
11 │~                                       │
12 │~                                       │
13 │~                                       │
14 │~                                       │
15 │~                                       │
16 │~                                       │
17 │~                                       │
18 │list.py               5,1            All│
19 │:'<,'>!                                 │ ◂ cursor (19,7)
    ────────────────────────────────────────
[HIGHLIGHT] row 0, cols 0-4: "zebra"
[HIGHLIGHT] row 1, cols 0-4: "apple"
[HIGHLIGHT] row 2, cols 0-4: "mango"
[HIGHLIGHT] row 3, cols 0-5: "banana"
[HIGHLIGHT] row 4, cols 1-5: "herry"

[TYPE] 's'

              1         2         3         
    0123456789012345678901234567890123456789
    ────────────────────────────────────────
 0 │zebra                                   │
 1 │apple                                   │
 2 │mango                                   │
 3 │banana                                  │
 4 │cherry                                  │
 5 │~                                       │
 6 │~                                       │
 7 │~                                       │
 8 │~                                       │
 9 │~                                       │
10 │~                                       │
11 │~                                       │
12 │~                                       │
13 │~                                       │
14 │~                                       │
15 │~                                       │
16 │~                                       │
17 │~                                       │
18 │list.py               5,1            All│
19 │:'<,'>!s                                │ ◂ cursor (19,8)
    ────────────────────────────────────────
[HIGHLIGHT] row 0, cols 0-4: "zebra"
[HIGHLIGHT] row 1, cols 0-4: "apple"
[HIGHLIGHT] row 2, cols 0-4: "mango"
[HIGHLIGHT] row 3, cols 0-5: "banana"
[HIGHLIGHT] row 4, cols 1-5: "herry"

[TYPE] 'o'

              1         2         3         
    0123456789012345678901234567890123456789
    ────────────────────────────────────────
 0 │zebra                                   │
 1 │apple                                   │
 2 │mango                                   │
 3 │banana                                  │
 4 │cherry                                  │
 5 │~                                       │
 6 │~                                       │
 7 │~                                       │
 8 │~                                       │
 9 │~                                       │
10 │~                                       │
11 │~                                       │
12 │~                                       │
13 │~                                       │
14 │~                                       │
15 │~                                       │
16 │~                                       │
17 │~                                       │
18 │list.py               5,1            All│
19 │:'<,'>!so                               │ ◂ cursor (19,9)
    ────────────────────────────────────────
[HIGHLIGHT] row 0, cols 0-4: "zebra"
[HIGHLIGHT] row 1, cols 0-4: "apple"
[HIGHLIGHT] row 2, cols 0-4: "mango"
[HIGHLIGHT] row 3, cols 0-5: "banana"
[HIGHLIGHT] row 4, cols 1-5: "herry"

[TYPE] 'r'

              1         2         3         
    0123456789012345678901234567890123456789
    ────────────────────────────────────────
 0 │zebra                                   │
 1 │apple                                   │
 2 │mango                                   │
 3 │banana                                  │
 4 │cherry                                  │
 5 │~                                       │
 6 │~                                       │
 7 │~                                       │
 8 │~                                       │
 9 │~                                       │
10 │~                                       │
11 │~                                       │
12 │~                                       │
13 │~                                       │
14 │~                                       │
15 │~                                       │
16 │~                                       │
17 │~                                       │
18 │list.py               5,1            All│
19 │:'<,'>!sor                              │ ◂ cursor (19,10)
    ────────────────────────────────────────
[HIGHLIGHT] row 0, cols 0-4: "zebra"
[HIGHLIGHT] row 1, cols 0-4: "apple"
[HIGHLIGHT] row 2, cols 0-4: "mango"
[HIGHLIGHT] row 3, cols 0-5: "banana"
[HIGHLIGHT] row 4, cols 1-5: "herry"

[TYPE] 't'

              1         2         3         
    0123456789012345678901234567890123456789
    ────────────────────────────────────────
 0 │zebra                                   │
 1 │apple                                   │
 2 │mango                                   │
 3 │banana                                  │
 4 │cherry                                  │
 5 │~                                       │
 6 │~                                       │
 7 │~                                       │
 8 │~                                       │
 9 │~                                       │
10 │~                                       │
11 │~                                       │
12 │~                                       │
13 │~                                       │
14 │~                                       │
15 │~                                       │
16 │~                                       │
17 │~                                       │
18 │list.py               5,1            All│
19 │:'<,'>!sort                             │ ◂ cursor (19,11)
    ────────────────────────────────────────
[HIGHLIGHT] row 0, cols 0-4: "zebra"
[HIGHLIGHT] row 1, cols 0-4: "apple"
[HIGHLIGHT] row 2, cols 0-4: "mango"
[HIGHLIGHT] row 3, cols 0-5: "banana"
[HIGHLIGHT] row 4, cols 1-5: "herry"

[TYPE] ' '

              1         2         3         
    0123456789012345678901234567890123456789
    ────────────────────────────────────────
 0 │zebra                                   │
 1 │apple                                   │
 2 │mango                                   │
 3 │banana                                  │
 4 │cherry                                  │
 5 │~                                       │
 6 │~                                       │
 7 │~                                       │
 8 │~                                       │
 9 │~                                       │
10 │~                                       │
11 │~                                       │
12 │~                                       │
13 │~                                       │
14 │~                                       │
15 │~                                       │
16 │~                                       │
17 │~                                       │
18 │list.py               5,1            All│
19 │:'<,'>!sort                             │ ◂ cursor (19,12)
    ────────────────────────────────────────
[HIGHLIGHT] row 0, cols 0-4: "zebra"
[HIGHLIGHT] row 1, cols 0-4: "apple"
[HIGHLIGHT] row 2, cols 0-4: "mango"
[HIGHLIGHT] row 3, cols 0-5: "banana"
[HIGHLIGHT] row 4, cols 1-5: "herry"

[TYPE] '-'

              1         2         3         
    0123456789012345678901234567890123456789
    ────────────────────────────────────────
 0 │zebra                                   │
 1 │apple                                   │
 2 │mango                                   │
 3 │banana                                  │
 4 │cherry                                  │
 5 │~                                       │
 6 │~                                       │
 7 │~                                       │
 8 │~                                       │
 9 │~                                       │
10 │~                                       │
11 │~                                       │
12 │~                                       │
13 │~                                       │
14 │~                                       │
15 │~                                       │
16 │~                                       │
17 │~                                       │
18 │list.py               5,1            All│
19 │:'<,'>!sort -                           │ ◂ cursor (19,13)
    ────────────────────────────────────────
[HIGHLIGHT] row 0, cols 0-4: "zebra"
[HIGHLIGHT] row 1, cols 0-4: "apple"
[HIGHLIGHT] row 2, cols 0-4: "mango"
[HIGHLIGHT] row 3, cols 0-5: "banana"
[HIGHLIGHT] row 4, cols 1-5: "herry"

[TYPE] 'r'

              1         2         3         
    0123456789012345678901234567890123456789
    ────────────────────────────────────────
 0 │zebra                                   │
 1 │apple                                   │
 2 │mango                                   │
 3 │banana                                  │
 4 │cherry                                  │
 5 │~                                       │
 6 │~                                       │
 7 │~                                       │
 8 │~                                       │
 9 │~                                       │
10 │~                                       │
11 │~                                       │
12 │~                                       │
13 │~                                       │
14 │~                                       │
15 │~                                       │
16 │~                                       │
17 │~                                       │
18 │list.py               5,1            All│
19 │:'<,'>!sort -r                          │ ◂ cursor (19,14)
    ────────────────────────────────────────
[HIGHLIGHT] row 0, cols 0-4: "zebra"
[HIGHLIGHT] row 1, cols 0-4: "apple"
[HIGHLIGHT] row 2, cols 0-4: "mango"
[HIGHLIGHT] row 3, cols 0-5: "banana"
[HIGHLIGHT] row 4, cols 1-5: "herry"

[ENTER]

              1         2         3         
    0123456789012345678901234567890123456789
    ────────────────────────────────────────
 0 │zebra                                   │ ◂ cursor (0,0)
 1 │mango                                   │
 2 │cherry                                  │
 3 │banana                                  │
 4 │apple                                   │
 5 │~                                       │
 6 │~                                       │
 7 │~                                       │
 8 │~                                       │
 9 │~                                       │
10 │~                                       │
11 │~                                       │
12 │~                                       │
13 │~                                       │
14 │~                                       │
15 │~                                       │
16 │~                                       │
17 │~                                       │
18 │list.py [+]           1,1            All│
19 │5 lines filtered                        │
    ────────────────────────────────────────

[SAY] Reversed. Any command that reads standard input works. Sort, uniq, awk, whatever.
[SAY] Bang. Select lines, type a shell command, enter. Vim meets the pipeline.