[RECORDING_START] Screen state at recording start:

              1         2         3         
    0123456789012345678901234567890123456789
    ────────────────────────────────────────
 0 │pizza = 12                              │ ◂ cursor (0,0)
 1 │burger = 9                              │
 2 │taco = 7                                │
 3 │banana = 15                             │
 4 │salad = 8                               │
 5 │~                                       │
 6 │~                                       │
 7 │~                                       │
 8 │~                                       │
 9 │~                                       │
10 │~                                       │
11 │~                                       │
12 │~                                       │
13 │~                                       │
14 │~                                       │
15 │~                                       │
16 │~                                       │
17 │~                                       │
18 │menu.py               1,1            All│
    ────────────────────────────────────────

[OVERLAY] VimFu — The f Key
[SAY] F followed by a character finds that character on the current line. Jumps right to it.
[SAY] Find the equals sign. F equals.
[KEYS] 'f='
[OVERLAY] f=  find =

              1         2         3         
    0123456789012345678901234567890123456789
    ────────────────────────────────────────
 0 │pizza = 12                              │ ◂ cursor (0,6)
 1 │burger = 9                              │
 2 │taco = 7                                │
 3 │banana = 15                             │
 4 │salad = 8                               │
 5 │~                                       │
 6 │~                                       │
 7 │~                                       │
 8 │~                                       │
 9 │~                                       │
10 │~                                       │
11 │~                                       │
12 │~                                       │
13 │~                                       │
14 │~                                       │
15 │~                                       │
16 │~                                       │
17 │~                                       │
18 │menu.py               1,7            All│
    ────────────────────────────────────────

[SAY] Jumped to it. One keystroke.
[SAY] Back to the start. Now find the number.
[KEYS] '0'
[OVERLAY] 0  start of line

              1         2         3         
    0123456789012345678901234567890123456789
    ────────────────────────────────────────
 0 │pizza = 12                              │ ◂ cursor (0,0)
 1 │burger = 9                              │
 2 │taco = 7                                │
 3 │banana = 15                             │
 4 │salad = 8                               │
 5 │~                                       │
 6 │~                                       │
 7 │~                                       │
 8 │~                                       │
 9 │~                                       │
10 │~                                       │
11 │~                                       │
12 │~                                       │
13 │~                                       │
14 │~                                       │
15 │~                                       │
16 │~                                       │
17 │~                                       │
18 │menu.py               1,1            All│
    ────────────────────────────────────────

[KEYS] 'f1'
[OVERLAY] f1  find 1

              1         2         3         
    0123456789012345678901234567890123456789
    ────────────────────────────────────────
 0 │pizza = 12                              │ ◂ cursor (0,8)
 1 │burger = 9                              │
 2 │taco = 7                                │
 3 │banana = 15                             │
 4 │salad = 8                               │
 5 │~                                       │
 6 │~                                       │
 7 │~                                       │
 8 │~                                       │
 9 │~                                       │
10 │~                                       │
11 │~                                       │
12 │~                                       │
13 │~                                       │
14 │~                                       │
15 │~                                       │
16 │~                                       │
17 │~                                       │
18 │menu.py               1,9            All│
    ────────────────────────────────────────

[SAY] Landed on the one in twelve. F finds the first match.
[SAY] Semicolon repeats the last find. Go to another line.
[KEYS] '3j'
[OVERLAY] 3j

              1         2         3         
    0123456789012345678901234567890123456789
    ────────────────────────────────────────
 0 │pizza = 12                              │
 1 │burger = 9                              │
 2 │taco = 7                                │
 3 │banana = 15                             │ ◂ cursor (3,8)
 4 │salad = 8                               │
 5 │~                                       │
 6 │~                                       │
 7 │~                                       │
 8 │~                                       │
 9 │~                                       │
10 │~                                       │
11 │~                                       │
12 │~                                       │
13 │~                                       │
14 │~                                       │
15 │~                                       │
16 │~                                       │
17 │~                                       │
18 │menu.py               4,9            All│
    ────────────────────────────────────────

[KEYS] '0'
[OVERLAY] 0  start of line

              1         2         3         
    0123456789012345678901234567890123456789
    ────────────────────────────────────────
 0 │pizza = 12                              │
 1 │burger = 9                              │
 2 │taco = 7                                │
 3 │banana = 15                             │ ◂ cursor (3,0)
 4 │salad = 8                               │
 5 │~                                       │
 6 │~                                       │
 7 │~                                       │
 8 │~                                       │
 9 │~                                       │
10 │~                                       │
11 │~                                       │
12 │~                                       │
13 │~                                       │
14 │~                                       │
15 │~                                       │
16 │~                                       │
17 │~                                       │
18 │menu.py               4,1            All│
    ────────────────────────────────────────

[KEYS] 'fa'
[OVERLAY] fa  find a

              1         2         3         
    0123456789012345678901234567890123456789
    ────────────────────────────────────────
 0 │pizza = 12                              │
 1 │burger = 9                              │
 2 │taco = 7                                │
 3 │banana = 15                             │ ◂ cursor (3,1)
 4 │salad = 8                               │
 5 │~                                       │
 6 │~                                       │
 7 │~                                       │
 8 │~                                       │
 9 │~                                       │
10 │~                                       │
11 │~                                       │
12 │~                                       │
13 │~                                       │
14 │~                                       │
15 │~                                       │
16 │~                                       │
17 │~                                       │
18 │menu.py               4,2            All│
    ────────────────────────────────────────

[SAY] Found the first A.
[KEYS] ';'
[OVERLAY] ;  repeat find

              1         2         3         
    0123456789012345678901234567890123456789
    ────────────────────────────────────────
 0 │pizza = 12                              │
 1 │burger = 9                              │
 2 │taco = 7                                │
 3 │banana = 15                             │ ◂ cursor (3,3)
 4 │salad = 8                               │
 5 │~                                       │
 6 │~                                       │
 7 │~                                       │
 8 │~                                       │
 9 │~                                       │
10 │~                                       │
11 │~                                       │
12 │~                                       │
13 │~                                       │
14 │~                                       │
15 │~                                       │
16 │~                                       │
17 │~                                       │
18 │menu.py               4,4            All│
    ────────────────────────────────────────

[SAY] Semicolon. Next A.
[KEYS] ';'
[OVERLAY] ;  repeat find

              1         2         3         
    0123456789012345678901234567890123456789
    ────────────────────────────────────────
 0 │pizza = 12                              │
 1 │burger = 9                              │
 2 │taco = 7                                │
 3 │banana = 15                             │ ◂ cursor (3,5)
 4 │salad = 8                               │
 5 │~                                       │
 6 │~                                       │
 7 │~                                       │
 8 │~                                       │
 9 │~                                       │
10 │~                                       │
11 │~                                       │
12 │~                                       │
13 │~                                       │
14 │~                                       │
15 │~                                       │
16 │~                                       │
17 │~                                       │
18 │menu.py               4,6            All│
    ────────────────────────────────────────

[SAY] And the next. F plus semicolon is lightning fast.
[SAY] Combine it with operators. D F eight. Delete to the eight.
[KEYS] 'j'
[OVERLAY] j

              1         2         3         
    0123456789012345678901234567890123456789
    ────────────────────────────────────────
 0 │pizza = 12                              │
 1 │burger = 9                              │
 2 │taco = 7                                │
 3 │banana = 15                             │
 4 │salad = 8                               │ ◂ cursor (4,5)
 5 │~                                       │
 6 │~                                       │
 7 │~                                       │
 8 │~                                       │
 9 │~                                       │
10 │~                                       │
11 │~                                       │
12 │~                                       │
13 │~                                       │
14 │~                                       │
15 │~                                       │
16 │~                                       │
17 │~                                       │
18 │menu.py               5,6            All│
    ────────────────────────────────────────

[KEYS] '0'
[OVERLAY] 0  start of line

              1         2         3         
    0123456789012345678901234567890123456789
    ────────────────────────────────────────
 0 │pizza = 12                              │
 1 │burger = 9                              │
 2 │taco = 7                                │
 3 │banana = 15                             │
 4 │salad = 8                               │ ◂ cursor (4,0)
 5 │~                                       │
 6 │~                                       │
 7 │~                                       │
 8 │~                                       │
 9 │~                                       │
10 │~                                       │
11 │~                                       │
12 │~                                       │
13 │~                                       │
14 │~                                       │
15 │~                                       │
16 │~                                       │
17 │~                                       │
18 │menu.py               5,1            All│
    ────────────────────────────────────────

[KEYS] 'df8'
[OVERLAY] df8  delete find 8

              1         2         3         
    0123456789012345678901234567890123456789
    ────────────────────────────────────────
 0 │pizza = 12                              │
 1 │burger = 9                              │
 2 │taco = 7                                │
 3 │banana = 15                             │
 4 │                                        │ ◂ cursor (4,0)
 5 │~                                       │
 6 │~                                       │
 7 │~                                       │
 8 │~                                       │
 9 │~                                       │
10 │~                                       │
11 │~                                       │
12 │~                                       │
13 │~                                       │
14 │~                                       │
15 │~                                       │
16 │~                                       │
17 │~                                       │
18 │menu.py [+]           5,0-1          All│
    ────────────────────────────────────────

[SAY] Deleted everything up to and including the eight.
[SAY] F for find. Jump to any character on the line. One of the fastest ways to move.