[RECORDING_START] Screen state at recording start:

              1         2         3         
    0123456789012345678901234567890123456789
    ────────────────────────────────────────
 0 │def hello():                            │ ◂ cursor (0,0)
 1 │    print("hello")                      │
 2 │    return "hello"                      │
 3 │                                        │
 4 │def world():                            │
 5 │    print("world")                      │
 6 │~                                       │
 7 │~                                       │
 8 │~                                       │
 9 │~                                       │
10 │~                                       │
11 │~                                       │
12 │~                                       │
13 │~                                       │
14 │~                                       │
15 │~                                       │
16 │~                                       │
17 │~                                       │
18 │demo.py               1,1            All│
    ────────────────────────────────────────

[OVERLAY] VimFu — :noh — Clear Search Highlighting
[SAY] After searching, matches stay highlighted. Colon no H clears them.
[SAY] Search for hello. Every match gets highlighted.
[TYPE] '/hello'

              1         2         3         
    0123456789012345678901234567890123456789
    ────────────────────────────────────────
 0 │def hello():                            │
 1 │    print("hello")                      │
 2 │    return "hello"                      │
 3 │                                        │
 4 │def world():                            │
 5 │    print("world")                      │
 6 │~                                       │
 7 │~                                       │
 8 │~                                       │
 9 │~                                       │
10 │~                                       │
11 │~                                       │
12 │~                                       │
13 │~                                       │
14 │~                                       │
15 │~                                       │
16 │~                                       │
17 │~                                       │
18 │demo.py               1,5            All│
19 │/hello                                  │ ◂ cursor (19,6)
    ────────────────────────────────────────
[HIGHLIGHT] row 0, cols 4-8: "hello"
[HIGHLIGHT] row 1, cols 11-15: "hello"
[HIGHLIGHT] row 2, cols 12-16: "hello"

[ENTER]

              1         2         3         
    0123456789012345678901234567890123456789
    ────────────────────────────────────────
 0 │def hello():                            │ ◂ cursor (0,4)
 1 │    print("hello")                      │
 2 │    return "hello"                      │
 3 │                                        │
 4 │def world():                            │
 5 │    print("world")                      │
 6 │~                                       │
 7 │~                                       │
 8 │~                                       │
 9 │~                                       │
10 │~                                       │
11 │~                                       │
12 │~                                       │
13 │~                                       │
14 │~                                       │
15 │~                                       │
16 │~                                       │
17 │~                                       │
18 │demo.py               1,5            All│
19 │/hello                [1/3]             │
    ────────────────────────────────────────
[HIGHLIGHT] row 0, cols 5-8: "ello"
[HIGHLIGHT] row 1, cols 11-15: "hello"
[HIGHLIGHT] row 2, cols 12-16: "hello"

[SAY] Three matches are highlighted in yellow. That can be distracting.
[SAY] Type colon no H to turn off the highlights.
[TYPE] ':noh'

              1         2         3         
    0123456789012345678901234567890123456789
    ────────────────────────────────────────
 0 │def hello():                            │
 1 │    print("hello")                      │
 2 │    return "hello"                      │
 3 │                                        │
 4 │def world():                            │
 5 │    print("world")                      │
 6 │~                                       │
 7 │~                                       │
 8 │~                                       │
 9 │~                                       │
10 │~                                       │
11 │~                                       │
12 │~                                       │
13 │~                                       │
14 │~                                       │
15 │~                                       │
16 │~                                       │
17 │~                                       │
18 │demo.py               1,5            All│
19 │:noh                                    │ ◂ cursor (19,4)
    ────────────────────────────────────────
[HIGHLIGHT] row 0, cols 4-8: "hello"
[HIGHLIGHT] row 1, cols 11-15: "hello"
[HIGHLIGHT] row 2, cols 12-16: "hello"

[ENTER]

              1         2         3         
    0123456789012345678901234567890123456789
    ────────────────────────────────────────
 0 │def hello():                            │ ◂ cursor (0,4)
 1 │    print("hello")                      │
 2 │    return "hello"                      │
 3 │                                        │
 4 │def world():                            │
 5 │    print("world")                      │
 6 │~                                       │
 7 │~                                       │
 8 │~                                       │
 9 │~                                       │
10 │~                                       │
11 │~                                       │
12 │~                                       │
13 │~                                       │
14 │~                                       │
15 │~                                       │
16 │~                                       │
17 │~                                       │
18 │demo.py               1,5            All│
19 │:noh                                    │
    ────────────────────────────────────────

[SAY] Clean. The highlights are gone. They'll come back on your next search.
[SAY] Colon no H. Clear search highlighting. Many people map this to a key for quick access.