[RECORDING_START] Screen state at recording start:

              1         2         3         
    0123456789012345678901234567890123456789
    ────────────────────────────────────────
 0 │power 5                                 │ ◂ cursor (0,0)
 1 │speed 5                                 │
 2 │range 5                                 │
 3 │armor 5                                 │
 4 │                                        │
 5 │def cast(name):                         │
 6 │    print(f"casting {name}")            │
 7 │    print(f"it hits!")                  │
 8 │    print(f"nice one")                  │
 9 │~                                       │
10 │~                                       │
11 │~                                       │
12 │~                                       │
13 │~                                       │
14 │~                                       │
15 │~                                       │
16 │~                                       │
17 │~                                       │
18 │spells.py             1,1            All│
    ────────────────────────────────────────

[OVERLAY] VimFu — Repeat Last Change
[SAY] The dot command is the most powerful key in Vim.
[SAY] Press dot to repeat your last change.
[SAY] Here we have a spells file with four stats, all set to five.
[SAY] Let's delete the first line with D D.
[KEYS] 'dd'
[OVERLAY] dd  delete line

              1         2         3         
    0123456789012345678901234567890123456789
    ────────────────────────────────────────
 0 │speed 5                                 │ ◂ cursor (0,0)
 1 │range 5                                 │
 2 │armor 5                                 │
 3 │                                        │
 4 │def cast(name):                         │
 5 │    print(f"casting {name}")            │
 6 │    print(f"it hits!")                  │
 7 │    print(f"nice one")                  │
 8 │~                                       │
 9 │~                                       │
10 │~                                       │
11 │~                                       │
12 │~                                       │
13 │~                                       │
14 │~                                       │
15 │~                                       │
16 │~                                       │
17 │~                                       │
18 │spells.py [+]         1,1            All│
    ────────────────────────────────────────

[SAY] Now press dot to delete the next line too.
[KEYS] '.'
[OVERLAY] .  repeat

              1         2         3         
    0123456789012345678901234567890123456789
    ────────────────────────────────────────
 0 │range 5                                 │ ◂ cursor (0,0)
 1 │armor 5                                 │
 2 │                                        │
 3 │def cast(name):                         │
 4 │    print(f"casting {name}")            │
 5 │    print(f"it hits!")                  │
 6 │    print(f"nice one")                  │
 7 │~                                       │
 8 │~                                       │
 9 │~                                       │
10 │~                                       │
11 │~                                       │
12 │~                                       │
13 │~                                       │
14 │~                                       │
15 │~                                       │
16 │~                                       │
17 │~                                       │
18 │spells.py [+]         1,1            All│
    ────────────────────────────────────────

[SAY] Dot again.
[KEYS] '.'
[OVERLAY] .  repeat

              1         2         3         
    0123456789012345678901234567890123456789
    ────────────────────────────────────────
 0 │armor 5                                 │ ◂ cursor (0,0)
 1 │                                        │
 2 │def cast(name):                         │
 3 │    print(f"casting {name}")            │
 4 │    print(f"it hits!")                  │
 5 │    print(f"nice one")                  │
 6 │~                                       │
 7 │~                                       │
 8 │~                                       │
 9 │~                                       │
10 │~                                       │
11 │~                                       │
12 │~                                       │
13 │~                                       │
14 │~                                       │
15 │~                                       │
16 │~                                       │
17 │~                                       │
18 │spells.py [+]         1,1            All│
    ────────────────────────────────────────

[SAY] Three lines gone. D D once, then dot handles the rest.
[SAY] Let's undo all of that.
[KEYS] 'u'
[OVERLAY] u  undo

              1         2         3         
    0123456789012345678901234567890123456789
    ────────────────────────────────────────
 0 │range 5                                 │ ◂ cursor (0,0)
 1 │armor 5                                 │
 2 │                                        │
 3 │def cast(name):                         │
 4 │    print(f"casting {name}")            │
 5 │    print(f"it hits!")                  │
 6 │    print(f"nice one")                  │
 7 │~                                       │
 8 │~                                       │
 9 │~                                       │
10 │~                                       │
11 │~                                       │
12 │~                                       │
13 │~                                       │
14 │~                                       │
15 │~                                       │
16 │~                                       │
17 │~                                       │
18 │spells.py [+]         1,1            All│
19 │1 more line;...5 seconds ago            │
    ────────────────────────────────────────

[KEYS] 'u'
[OVERLAY] u  undo

              1         2         3         
    0123456789012345678901234567890123456789
    ────────────────────────────────────────
 0 │speed 5                                 │ ◂ cursor (0,0)
 1 │range 5                                 │
 2 │armor 5                                 │
 3 │                                        │
 4 │def cast(name):                         │
 5 │    print(f"casting {name}")            │
 6 │    print(f"it hits!")                  │
 7 │    print(f"nice one")                  │
 8 │~                                       │
 9 │~                                       │
10 │~                                       │
11 │~                                       │
12 │~                                       │
13 │~                                       │
14 │~                                       │
15 │~                                       │
16 │~                                       │
17 │~                                       │
18 │spells.py [+]         1,1            All│
19 │1 more line;...8 seconds ago            │
    ────────────────────────────────────────

[KEYS] 'u'
[OVERLAY] u  undo

              1         2         3         
    0123456789012345678901234567890123456789
    ────────────────────────────────────────
 0 │power 5                                 │ ◂ cursor (0,0)
 1 │speed 5                                 │
 2 │range 5                                 │
 3 │armor 5                                 │
 4 │                                        │
 5 │def cast(name):                         │
 6 │    print(f"casting {name}")            │
 7 │    print(f"it hits!")                  │
 8 │    print(f"nice one")                  │
 9 │~                                       │
10 │~                                       │
11 │~                                       │
12 │~                                       │
13 │~                                       │
14 │~                                       │
15 │~                                       │
16 │~                                       │
17 │~                                       │
18 │spells.py             1,1            All│
19 │1 more line;...2 seconds ago            │
    ────────────────────────────────────────

[SAY] Dot works with changes too. Let's change that five to ninety-nine.
[KEYS] 'w'
[OVERLAY] w  next word

              1         2         3         
    0123456789012345678901234567890123456789
    ────────────────────────────────────────
 0 │power 5                                 │ ◂ cursor (0,6)
 1 │speed 5                                 │
 2 │range 5                                 │
 3 │armor 5                                 │
 4 │                                        │
 5 │def cast(name):                         │
 6 │    print(f"casting {name}")            │
 7 │    print(f"it hits!")                  │
 8 │    print(f"nice one")                  │
 9 │~                                       │
10 │~                                       │
11 │~                                       │
12 │~                                       │
13 │~                                       │
14 │~                                       │
15 │~                                       │
16 │~                                       │
17 │~                                       │
18 │spells.py             1,7            All│
19 │1 more line;...2 seconds ago            │
    ────────────────────────────────────────

[KEYS] 'cw'
[OVERLAY] cw  change word

              1         2         3         
    0123456789012345678901234567890123456789
    ────────────────────────────────────────
 0 │power                                   │ ◂ cursor (0,6)
 1 │speed 5                                 │
 2 │range 5                                 │
 3 │armor 5                                 │
 4 │                                        │
 5 │def cast(name):                         │
 6 │    print(f"casting {name}")            │
 7 │    print(f"it hits!")                  │
 8 │    print(f"nice one")                  │
 9 │~                                       │
10 │~                                       │
11 │~                                       │
12 │~                                       │
13 │~                                       │
14 │~                                       │
15 │~                                       │
16 │~                                       │
17 │~                                       │
18 │spells.py [+]         1,7            All│
19 │-- INSERT --                            │
    ────────────────────────────────────────

[TYPE] '99'

              1         2         3         
    0123456789012345678901234567890123456789
    ────────────────────────────────────────
 0 │power 99                                │ ◂ cursor (0,8)
 1 │speed 5                                 │
 2 │range 5                                 │
 3 │armor 5                                 │
 4 │                                        │
 5 │def cast(name):                         │
 6 │    print(f"casting {name}")            │
 7 │    print(f"it hits!")                  │
 8 │    print(f"nice one")                  │
 9 │~                                       │
10 │~                                       │
11 │~                                       │
12 │~                                       │
13 │~                                       │
14 │~                                       │
15 │~                                       │
16 │~                                       │
17 │~                                       │
18 │spells.py [+]         1,9            All│
19 │-- INSERT --                            │
    ────────────────────────────────────────

[ESCAPE]

              1         2         3         
    0123456789012345678901234567890123456789
    ────────────────────────────────────────
 0 │power 99                                │ ◂ cursor (0,7)
 1 │speed 5                                 │
 2 │range 5                                 │
 3 │armor 5                                 │
 4 │                                        │
 5 │def cast(name):                         │
 6 │    print(f"casting {name}")            │
 7 │    print(f"it hits!")                  │
 8 │    print(f"nice one")                  │
 9 │~                                       │
10 │~                                       │
11 │~                                       │
12 │~                                       │
13 │~                                       │
14 │~                                       │
15 │~                                       │
16 │~                                       │
17 │~                                       │
18 │spells.py [+]         1,8            All│
    ────────────────────────────────────────

[SAY] Jump down and dot.
[KEYS] 'j'
[OVERLAY] j  down

              1         2         3         
    0123456789012345678901234567890123456789
    ────────────────────────────────────────
 0 │power 99                                │
 1 │speed 5                                 │ ◂ cursor (1,6)
 2 │range 5                                 │
 3 │armor 5                                 │
 4 │                                        │
 5 │def cast(name):                         │
 6 │    print(f"casting {name}")            │
 7 │    print(f"it hits!")                  │
 8 │    print(f"nice one")                  │
 9 │~                                       │
10 │~                                       │
11 │~                                       │
12 │~                                       │
13 │~                                       │
14 │~                                       │
15 │~                                       │
16 │~                                       │
17 │~                                       │
18 │spells.py [+]         2,7            All│
    ────────────────────────────────────────

[KEYS] '.'
[OVERLAY] .  repeat

              1         2         3         
    0123456789012345678901234567890123456789
    ────────────────────────────────────────
 0 │power 99                                │
 1 │speed 99                                │ ◂ cursor (1,7)
 2 │range 5                                 │
 3 │armor 5                                 │
 4 │                                        │
 5 │def cast(name):                         │
 6 │    print(f"casting {name}")            │
 7 │    print(f"it hits!")                  │
 8 │    print(f"nice one")                  │
 9 │~                                       │
10 │~                                       │
11 │~                                       │
12 │~                                       │
13 │~                                       │
14 │~                                       │
15 │~                                       │
16 │~                                       │
17 │~                                       │
18 │spells.py [+]         2,8            All│
    ────────────────────────────────────────

[SAY] Same change, instantly. Again.
[KEYS] 'j'
[OVERLAY] j  down

              1         2         3         
    0123456789012345678901234567890123456789
    ────────────────────────────────────────
 0 │power 99                                │
 1 │speed 99                                │
 2 │range 5                                 │ ◂ cursor (2,6)
 3 │armor 5                                 │
 4 │                                        │
 5 │def cast(name):                         │
 6 │    print(f"casting {name}")            │
 7 │    print(f"it hits!")                  │
 8 │    print(f"nice one")                  │
 9 │~                                       │
10 │~                                       │
11 │~                                       │
12 │~                                       │
13 │~                                       │
14 │~                                       │
15 │~                                       │
16 │~                                       │
17 │~                                       │
18 │spells.py [+]         3,7            All│
    ────────────────────────────────────────

[KEYS] '.'
[OVERLAY] .  repeat

              1         2         3         
    0123456789012345678901234567890123456789
    ────────────────────────────────────────
 0 │power 99                                │
 1 │speed 99                                │
 2 │range 99                                │ ◂ cursor (2,7)
 3 │armor 5                                 │
 4 │                                        │
 5 │def cast(name):                         │
 6 │    print(f"casting {name}")            │
 7 │    print(f"it hits!")                  │
 8 │    print(f"nice one")                  │
 9 │~                                       │
10 │~                                       │
11 │~                                       │
12 │~                                       │
13 │~                                       │
14 │~                                       │
15 │~                                       │
16 │~                                       │
17 │~                                       │
18 │spells.py [+]         3,8            All│
    ────────────────────────────────────────

[KEYS] 'j'
[OVERLAY] j  down

              1         2         3         
    0123456789012345678901234567890123456789
    ────────────────────────────────────────
 0 │power 99                                │
 1 │speed 99                                │
 2 │range 99                                │
 3 │armor 5                                 │ ◂ cursor (3,6)
 4 │                                        │
 5 │def cast(name):                         │
 6 │    print(f"casting {name}")            │
 7 │    print(f"it hits!")                  │
 8 │    print(f"nice one")                  │
 9 │~                                       │
10 │~                                       │
11 │~                                       │
12 │~                                       │
13 │~                                       │
14 │~                                       │
15 │~                                       │
16 │~                                       │
17 │~                                       │
18 │spells.py [+]         4,7            All│
    ────────────────────────────────────────

[KEYS] '.'
[OVERLAY] .  repeat

              1         2         3         
    0123456789012345678901234567890123456789
    ────────────────────────────────────────
 0 │power 99                                │
 1 │speed 99                                │
 2 │range 99                                │
 3 │armor 99                                │ ◂ cursor (3,7)
 4 │                                        │
 5 │def cast(name):                         │
 6 │    print(f"casting {name}")            │
 7 │    print(f"it hits!")                  │
 8 │    print(f"nice one")                  │
 9 │~                                       │
10 │~                                       │
11 │~                                       │
12 │~                                       │
13 │~                                       │
14 │~                                       │
15 │~                                       │
16 │~                                       │
17 │~                                       │
18 │spells.py [+]         4,8            All│
    ────────────────────────────────────────

[SAY] Dot even works with insert mode. Let's add exclamation marks.
[KEYS] '6G'
[OVERLAY] 6G  go to line 6

              1         2         3         
    0123456789012345678901234567890123456789
    ────────────────────────────────────────
 0 │power 99                                │
 1 │speed 99                                │
 2 │range 99                                │
 3 │armor 99                                │
 4 │                                        │
 5 │def cast(name):                         │ ◂ cursor (5,7)
 6 │    print(f"casting {name}")            │
 7 │    print(f"it hits!")                  │
 8 │    print(f"nice one")                  │
 9 │~                                       │
10 │~                                       │
11 │~                                       │
12 │~                                       │
13 │~                                       │
14 │~                                       │
15 │~                                       │
16 │~                                       │
17 │~                                       │
18 │spells.py [+]         6,8            All│
    ────────────────────────────────────────

[KEYS] 'A'
[OVERLAY] ⇧A  append at end

              1         2         3         
    0123456789012345678901234567890123456789
    ────────────────────────────────────────
 0 │power 99                                │
 1 │speed 99                                │
 2 │range 99                                │
 3 │armor 99                                │
 4 │                                        │
 5 │def cast(name):                         │ ◂ cursor (5,15)
 6 │    print(f"casting {name}")            │
 7 │    print(f"it hits!")                  │
 8 │    print(f"nice one")                  │
 9 │~                                       │
10 │~                                       │
11 │~                                       │
12 │~                                       │
13 │~                                       │
14 │~                                       │
15 │~                                       │
16 │~                                       │
17 │~                                       │
18 │spells.py [+]         6,16           All│
19 │-- INSERT --                            │
    ────────────────────────────────────────

[TYPE] '!'

              1         2         3         
    0123456789012345678901234567890123456789
    ────────────────────────────────────────
 0 │power 99                                │
 1 │speed 99                                │
 2 │range 99                                │
 3 │armor 99                                │
 4 │                                        │
 5 │def cast(name):!                        │ ◂ cursor (5,16)
 6 │    print(f"casting {name}")            │
 7 │    print(f"it hits!")                  │
 8 │    print(f"nice one")                  │
 9 │~                                       │
10 │~                                       │
11 │~                                       │
12 │~                                       │
13 │~                                       │
14 │~                                       │
15 │~                                       │
16 │~                                       │
17 │~                                       │
18 │spells.py [+]         6,17           All│
19 │-- INSERT --                            │
    ────────────────────────────────────────

[ESCAPE]

              1         2         3         
    0123456789012345678901234567890123456789
    ────────────────────────────────────────
 0 │power 99                                │
 1 │speed 99                                │
 2 │range 99                                │
 3 │armor 99                                │
 4 │                                        │
 5 │def cast(name):!                        │ ◂ cursor (5,15)
 6 │    print(f"casting {name}")            │
 7 │    print(f"it hits!")                  │
 8 │    print(f"nice one")                  │
 9 │~                                       │
10 │~                                       │
11 │~                                       │
12 │~                                       │
13 │~                                       │
14 │~                                       │
15 │~                                       │
16 │~                                       │
17 │~                                       │
18 │spells.py [+]         6,16           All│
    ────────────────────────────────────────

[SAY] Jump down and dot.
[KEYS] 'j'
[OVERLAY] j  down

              1         2         3         
    0123456789012345678901234567890123456789
    ────────────────────────────────────────
 0 │power 99                                │
 1 │speed 99                                │
 2 │range 99                                │
 3 │armor 99                                │
 4 │                                        │
 5 │def cast(name):!                        │
 6 │    print(f"casting {name}")            │ ◂ cursor (6,15)
 7 │    print(f"it hits!")                  │
 8 │    print(f"nice one")                  │
 9 │~                                       │
10 │~                                       │
11 │~                                       │
12 │~                                       │
13 │~                                       │
14 │~                                       │
15 │~                                       │
16 │~                                       │
17 │~                                       │
18 │spells.py [+]         7,16           All│
    ────────────────────────────────────────

[KEYS] '.'
[OVERLAY] .  repeat

              1         2         3         
    0123456789012345678901234567890123456789
    ────────────────────────────────────────
 0 │power 99                                │
 1 │speed 99                                │
 2 │range 99                                │
 3 │armor 99                                │
 4 │                                        │
 5 │def cast(name):!                        │
 6 │    print(f"casting {name}")!           │ ◂ cursor (6,28)
 7 │    print(f"it hits!")                  │
 8 │    print(f"nice one")                  │
 9 │~                                       │
10 │~                                       │
11 │~                                       │
12 │~                                       │
13 │~                                       │
14 │~                                       │
15 │~                                       │
16 │~                                       │
17 │~                                       │
18 │spells.py [+]         7,29           All│
    ────────────────────────────────────────

[KEYS] 'j'
[OVERLAY] j  down

              1         2         3         
    0123456789012345678901234567890123456789
    ────────────────────────────────────────
 0 │power 99                                │
 1 │speed 99                                │
 2 │range 99                                │
 3 │armor 99                                │
 4 │                                        │
 5 │def cast(name):!                        │
 6 │    print(f"casting {name}")!           │
 7 │    print(f"it hits!")                  │ ◂ cursor (7,21)
 8 │    print(f"nice one")                  │
 9 │~                                       │
10 │~                                       │
11 │~                                       │
12 │~                                       │
13 │~                                       │
14 │~                                       │
15 │~                                       │
16 │~                                       │
17 │~                                       │
18 │spells.py [+]         8,22           All│
    ────────────────────────────────────────

[KEYS] '.'
[OVERLAY] .  repeat

              1         2         3         
    0123456789012345678901234567890123456789
    ────────────────────────────────────────
 0 │power 99                                │
 1 │speed 99                                │
 2 │range 99                                │
 3 │armor 99                                │
 4 │                                        │
 5 │def cast(name):!                        │
 6 │    print(f"casting {name}")!           │
 7 │    print(f"it hits!")!                 │ ◂ cursor (7,22)
 8 │    print(f"nice one")                  │
 9 │~                                       │
10 │~                                       │
11 │~                                       │
12 │~                                       │
13 │~                                       │
14 │~                                       │
15 │~                                       │
16 │~                                       │
17 │~                                       │
18 │spells.py [+]         8,23           All│
    ────────────────────────────────────────

[KEYS] 'j'
[OVERLAY] j  down

              1         2         3         
    0123456789012345678901234567890123456789
    ────────────────────────────────────────
 0 │power 99                                │
 1 │speed 99                                │
 2 │range 99                                │
 3 │armor 99                                │
 4 │                                        │
 5 │def cast(name):!                        │
 6 │    print(f"casting {name}")!           │
 7 │    print(f"it hits!")!                 │
 8 │    print(f"nice one")                  │ ◂ cursor (8,21)
 9 │~                                       │
10 │~                                       │
11 │~                                       │
12 │~                                       │
13 │~                                       │
14 │~                                       │
15 │~                                       │
16 │~                                       │
17 │~                                       │
18 │spells.py [+]         9,22           All│
    ────────────────────────────────────────

[KEYS] '.'
[OVERLAY] .  repeat

              1         2         3         
    0123456789012345678901234567890123456789
    ────────────────────────────────────────
 0 │power 99                                │
 1 │speed 99                                │
 2 │range 99                                │
 3 │armor 99                                │
 4 │                                        │
 5 │def cast(name):!                        │
 6 │    print(f"casting {name}")!           │
 7 │    print(f"it hits!")!                 │
 8 │    print(f"nice one")!                 │ ◂ cursor (8,22)
 9 │~                                       │
10 │~                                       │
11 │~                                       │
12 │~                                       │
13 │~                                       │
14 │~                                       │
15 │~                                       │
16 │~                                       │
17 │~                                       │
18 │spells.py [+]         9,23           All│
    ────────────────────────────────────────

[SAY] Dot repeats your last change. Deletes, changes, inserts, all of it.
[SAY] One key, infinite power. That's the dot command.