[RECORDING_START] Screen state at recording start:

              1         2         3         
    0123456789012345678901234567890123456789
    ────────────────────────────────────────
 0 │Line 01                                 │ ◂ cursor (0,0)
 1 │Line 02                                 │
 2 │Line 03                                 │
 3 │Line 04                                 │
 4 │Line 05                                 │
 5 │Line 06                                 │
 6 │Line 07                                 │
 7 │Line 08                                 │
 8 │Line 09                                 │
 9 │Line 10                                 │
10 │Line 11                                 │
11 │Line 12                                 │
12 │Line 13                                 │
13 │Line 14                                 │
14 │Line 15                                 │
15 │Line 16                                 │
16 │Line 17                                 │
17 │Line 18                                 │
18 │demo.txt              1,1            Top│
    ────────────────────────────────────────

[OVERLAY] VimFu — :set scrolloff
[SAY] Scroll off keeps lines visible above and below the cursor.
[SAY] Set scroll off to five.
[TYPE] ':set scrolloff=5'

              1         2         3         
    0123456789012345678901234567890123456789
    ────────────────────────────────────────
 0 │Line 01                                 │
 1 │Line 02                                 │
 2 │Line 03                                 │
 3 │Line 04                                 │
 4 │Line 05                                 │
 5 │Line 06                                 │
 6 │Line 07                                 │
 7 │Line 08                                 │
 8 │Line 09                                 │
 9 │Line 10                                 │
10 │Line 11                                 │
11 │Line 12                                 │
12 │Line 13                                 │
13 │Line 14                                 │
14 │Line 15                                 │
15 │Line 16                                 │
16 │Line 17                                 │
17 │Line 18                                 │
18 │demo.txt              1,1            Top│
19 │:set scrolloff=5                        │ ◂ cursor (19,16)
    ────────────────────────────────────────

[SAY] Five lines stay visible above and below the cursor.
[ENTER]

              1         2         3         
    0123456789012345678901234567890123456789
    ────────────────────────────────────────
 0 │Line 01                                 │ ◂ cursor (0,0)
 1 │Line 02                                 │
 2 │Line 03                                 │
 3 │Line 04                                 │
 4 │Line 05                                 │
 5 │Line 06                                 │
 6 │Line 07                                 │
 7 │Line 08                                 │
 8 │Line 09                                 │
 9 │Line 10                                 │
10 │Line 11                                 │
11 │Line 12                                 │
12 │Line 13                                 │
13 │Line 14                                 │
14 │Line 15                                 │
15 │Line 16                                 │
16 │Line 17                                 │
17 │Line 18                                 │
18 │demo.txt              1,1            Top│
19 │:set scrolloff=5                        │
    ────────────────────────────────────────

[SAY] Jump to line fifteen — somewhere in the middle.
[TYPE] ':15'

              1         2         3         
    0123456789012345678901234567890123456789
    ────────────────────────────────────────
 0 │Line 01                                 │
 1 │Line 02                                 │
 2 │Line 03                                 │
 3 │Line 04                                 │
 4 │Line 05                                 │
 5 │Line 06                                 │
 6 │Line 07                                 │
 7 │Line 08                                 │
 8 │Line 09                                 │
 9 │Line 10                                 │
10 │Line 11                                 │
11 │Line 12                                 │
12 │Line 13                                 │
13 │Line 14                                 │
14 │Line 15                                 │
15 │Line 16                                 │
16 │Line 17                                 │
17 │Line 18                                 │
18 │demo.txt              1,1            Top│
19 │:15                                     │ ◂ cursor (19,3)
    ────────────────────────────────────────

[ENTER]

              1         2         3         
    0123456789012345678901234567890123456789
    ────────────────────────────────────────
 0 │Line 03                                 │
 1 │Line 04                                 │
 2 │Line 05                                 │
 3 │Line 06                                 │
 4 │Line 07                                 │
 5 │Line 08                                 │
 6 │Line 09                                 │
 7 │Line 10                                 │
 8 │Line 11                                 │
 9 │Line 12                                 │
10 │Line 13                                 │
11 │Line 14                                 │
12 │Line 15                                 │ ◂ cursor (12,0)
13 │Line 16                                 │
14 │Line 17                                 │
15 │Line 18                                 │
16 │Line 19                                 │
17 │Line 20                                 │
18 │demo.txt              15,1           16%│
19 │:15                                     │
    ────────────────────────────────────────

[SAY] Move down — watch what happens when the cursor gets near the bottom of the screen.
[KEYS] 'j'
[OVERLAY] j  down

              1         2         3         
    0123456789012345678901234567890123456789
    ────────────────────────────────────────
 0 │Line 04                                 │
 1 │Line 05                                 │
 2 │Line 06                                 │
 3 │Line 07                                 │
 4 │Line 08                                 │
 5 │Line 09                                 │
 6 │Line 10                                 │
 7 │Line 11                                 │
 8 │Line 12                                 │
 9 │Line 13                                 │
10 │Line 14                                 │
11 │Line 15                                 │
12 │Line 16                                 │ ◂ cursor (12,0)
13 │Line 17                                 │
14 │Line 18                                 │
15 │Line 19                                 │
16 │Line 20                                 │
17 │Line 21                                 │
18 │demo.txt              16,1           25%│
19 │:15                                     │
    ────────────────────────────────────────

[KEYS] 'j'
[OVERLAY] j  down

              1         2         3         
    0123456789012345678901234567890123456789
    ────────────────────────────────────────
 0 │Line 05                                 │
 1 │Line 06                                 │
 2 │Line 07                                 │
 3 │Line 08                                 │
 4 │Line 09                                 │
 5 │Line 10                                 │
 6 │Line 11                                 │
 7 │Line 12                                 │
 8 │Line 13                                 │
 9 │Line 14                                 │
10 │Line 15                                 │
11 │Line 16                                 │
12 │Line 17                                 │ ◂ cursor (12,0)
13 │Line 18                                 │
14 │Line 19                                 │
15 │Line 20                                 │
16 │Line 21                                 │
17 │Line 22                                 │
18 │demo.txt              17,1           33%│
19 │:15                                     │
    ────────────────────────────────────────

[KEYS] 'j'
[OVERLAY] j  down

              1         2         3         
    0123456789012345678901234567890123456789
    ────────────────────────────────────────
 0 │Line 06                                 │
 1 │Line 07                                 │
 2 │Line 08                                 │
 3 │Line 09                                 │
 4 │Line 10                                 │
 5 │Line 11                                 │
 6 │Line 12                                 │
 7 │Line 13                                 │
 8 │Line 14                                 │
 9 │Line 15                                 │
10 │Line 16                                 │
11 │Line 17                                 │
12 │Line 18                                 │ ◂ cursor (12,0)
13 │Line 19                                 │
14 │Line 20                                 │
15 │Line 21                                 │
16 │Line 22                                 │
17 │Line 23                                 │
18 │demo.txt              18,1           41%│
19 │:15                                     │
    ────────────────────────────────────────

[KEYS] 'j'
[OVERLAY] j  down

              1         2         3         
    0123456789012345678901234567890123456789
    ────────────────────────────────────────
 0 │Line 07                                 │
 1 │Line 08                                 │
 2 │Line 09                                 │
 3 │Line 10                                 │
 4 │Line 11                                 │
 5 │Line 12                                 │
 6 │Line 13                                 │
 7 │Line 14                                 │
 8 │Line 15                                 │
 9 │Line 16                                 │
10 │Line 17                                 │
11 │Line 18                                 │
12 │Line 19                                 │ ◂ cursor (12,0)
13 │Line 20                                 │
14 │Line 21                                 │
15 │Line 22                                 │
16 │Line 23                                 │
17 │Line 24                                 │
18 │demo.txt              19,1           50%│
19 │:15                                     │
    ────────────────────────────────────────

[KEYS] 'j'
[OVERLAY] j  down

              1         2         3         
    0123456789012345678901234567890123456789
    ────────────────────────────────────────
 0 │Line 08                                 │
 1 │Line 09                                 │
 2 │Line 10                                 │
 3 │Line 11                                 │
 4 │Line 12                                 │
 5 │Line 13                                 │
 6 │Line 14                                 │
 7 │Line 15                                 │
 8 │Line 16                                 │
 9 │Line 17                                 │
10 │Line 18                                 │
11 │Line 19                                 │
12 │Line 20                                 │ ◂ cursor (12,0)
13 │Line 21                                 │
14 │Line 22                                 │
15 │Line 23                                 │
16 │Line 24                                 │
17 │Line 25                                 │
18 │demo.txt              20,1           58%│
19 │:15                                     │
    ────────────────────────────────────────

[SAY] The cursor stops short — the screen scrolls instead.
[SAY] Now jump back up, then move one at a time.
[KEYS] '8k'
[OVERLAY] 8k

              1         2         3         
    0123456789012345678901234567890123456789
    ────────────────────────────────────────
 0 │Line 07                                 │
 1 │Line 08                                 │
 2 │Line 09                                 │
 3 │Line 10                                 │
 4 │Line 11                                 │
 5 │Line 12                                 │ ◂ cursor (5,0)
 6 │Line 13                                 │
 7 │Line 14                                 │
 8 │Line 15                                 │
 9 │Line 16                                 │
10 │Line 17                                 │
11 │Line 18                                 │
12 │Line 19                                 │
13 │Line 20                                 │
14 │Line 21                                 │
15 │Line 22                                 │
16 │Line 23                                 │
17 │Line 24                                 │
18 │demo.txt              12,1           50%│
19 │:15                                     │
    ────────────────────────────────────────

[KEYS] 'k'
[OVERLAY] k  up

              1         2         3         
    0123456789012345678901234567890123456789
    ────────────────────────────────────────
 0 │Line 06                                 │
 1 │Line 07                                 │
 2 │Line 08                                 │
 3 │Line 09                                 │
 4 │Line 10                                 │
 5 │Line 11                                 │ ◂ cursor (5,0)
 6 │Line 12                                 │
 7 │Line 13                                 │
 8 │Line 14                                 │
 9 │Line 15                                 │
10 │Line 16                                 │
11 │Line 17                                 │
12 │Line 18                                 │
13 │Line 19                                 │
14 │Line 20                                 │
15 │Line 21                                 │
16 │Line 22                                 │
17 │Line 23                                 │
18 │demo.txt              11,1           41%│
19 │:15                                     │
    ────────────────────────────────────────

[KEYS] 'k'
[OVERLAY] k  up

              1         2         3         
    0123456789012345678901234567890123456789
    ────────────────────────────────────────
 0 │Line 05                                 │
 1 │Line 06                                 │
 2 │Line 07                                 │
 3 │Line 08                                 │
 4 │Line 09                                 │
 5 │Line 10                                 │ ◂ cursor (5,0)
 6 │Line 11                                 │
 7 │Line 12                                 │
 8 │Line 13                                 │
 9 │Line 14                                 │
10 │Line 15                                 │
11 │Line 16                                 │
12 │Line 17                                 │
13 │Line 18                                 │
14 │Line 19                                 │
15 │Line 20                                 │
16 │Line 21                                 │
17 │Line 22                                 │
18 │demo.txt              10,1           33%│
19 │:15                                     │
    ────────────────────────────────────────

[KEYS] 'k'
[OVERLAY] k  up

              1         2         3         
    0123456789012345678901234567890123456789
    ────────────────────────────────────────
 0 │Line 04                                 │
 1 │Line 05                                 │
 2 │Line 06                                 │
 3 │Line 07                                 │
 4 │Line 08                                 │
 5 │Line 09                                 │ ◂ cursor (5,0)
 6 │Line 10                                 │
 7 │Line 11                                 │
 8 │Line 12                                 │
 9 │Line 13                                 │
10 │Line 14                                 │
11 │Line 15                                 │
12 │Line 16                                 │
13 │Line 17                                 │
14 │Line 18                                 │
15 │Line 19                                 │
16 │Line 20                                 │
17 │Line 21                                 │
18 │demo.txt              9,1            25%│
19 │:15                                     │
    ────────────────────────────────────────

[KEYS] 'k'
[OVERLAY] k  up

              1         2         3         
    0123456789012345678901234567890123456789
    ────────────────────────────────────────
 0 │Line 03                                 │
 1 │Line 04                                 │
 2 │Line 05                                 │
 3 │Line 06                                 │
 4 │Line 07                                 │
 5 │Line 08                                 │ ◂ cursor (5,0)
 6 │Line 09                                 │
 7 │Line 10                                 │
 8 │Line 11                                 │
 9 │Line 12                                 │
10 │Line 13                                 │
11 │Line 14                                 │
12 │Line 15                                 │
13 │Line 16                                 │
14 │Line 17                                 │
15 │Line 18                                 │
16 │Line 19                                 │
17 │Line 20                                 │
18 │demo.txt              8,1            16%│
19 │:15                                     │
    ────────────────────────────────────────

[KEYS] 'k'
[OVERLAY] k  up

              1         2         3         
    0123456789012345678901234567890123456789
    ────────────────────────────────────────
 0 │Line 02                                 │
 1 │Line 03                                 │
 2 │Line 04                                 │
 3 │Line 05                                 │
 4 │Line 06                                 │
 5 │Line 07                                 │ ◂ cursor (5,0)
 6 │Line 08                                 │
 7 │Line 09                                 │
 8 │Line 10                                 │
 9 │Line 11                                 │
10 │Line 12                                 │
11 │Line 13                                 │
12 │Line 14                                 │
13 │Line 15                                 │
14 │Line 16                                 │
15 │Line 17                                 │
16 │Line 18                                 │
17 │Line 19                                 │
18 │demo.txt              7,1             8%│
19 │:15                                     │
    ────────────────────────────────────────

[SAY] Same at the top — the screen scrolls down to keep context above.
[SAY] Set scroll off equals N, or S O equals N. Keep context around your cursor.