[RECORDING_START] Screen state at recording start:

              1         2         3         
    0123456789012345678901234567890123456789
    ────────────────────────────────────────
 0 │# Spell Engine                          │ ◂ cursor (0,0)
 1 │cast(fireball, target=dragon, power=9001│
 2 │stats = {"hp": 100, "mp": 50, "str": 20,│
 3 │x = 1                                   │
 4 │~                                       │
 5 │~                                       │
 6 │~                                       │
 7 │~                                       │
 8 │~                                       │
 9 │~                                       │
10 │~                                       │
11 │~                                       │
12 │~                                       │
13 │~                                       │
14 │~                                       │
15 │~                                       │
16 │~                                       │
17 │~                                       │
18 │spells.py             1,1            All│
    ────────────────────────────────────────

[OVERLAY] VimFu — zh zl — Scroll Characters
[SAY] Z H and Z L scroll the screen one character at a time. You need no wrap set.
[SAY] Line two is cut off. Move there and scroll right with Z L.
[KEYS] 'j'
[OVERLAY] j  down

              1         2         3         
    0123456789012345678901234567890123456789
    ────────────────────────────────────────
 0 │# Spell Engine                          │
 1 │cast(fireball, target=dragon, power=9001│ ◂ cursor (1,0)
 2 │stats = {"hp": 100, "mp": 50, "str": 20,│
 3 │x = 1                                   │
 4 │~                                       │
 5 │~                                       │
 6 │~                                       │
 7 │~                                       │
 8 │~                                       │
 9 │~                                       │
10 │~                                       │
11 │~                                       │
12 │~                                       │
13 │~                                       │
14 │~                                       │
15 │~                                       │
16 │~                                       │
17 │~                                       │
18 │spells.py             2,1            All│
    ────────────────────────────────────────

[KEYS] '20zl'
[OVERLAY] 20zl  scroll right 20

              1         2         3         
    0123456789012345678901234567890123456789
    ────────────────────────────────────────
 0 │                                        │
 1 │t=dragon, power=9001, element="fire", co│ ◂ cursor (1,0)
 2 │"mp": 50, "str": 20, "dex": 15, "int": 1│
 3 │                                        │
 4 │~                                       │
 5 │~                                       │
 6 │~                                       │
 7 │~                                       │
 8 │~                                       │
 9 │~                                       │
10 │~                                       │
11 │~                                       │
12 │~                                       │
13 │~                                       │
14 │~                                       │
15 │~                                       │
16 │~                                       │
17 │~                                       │
18 │spells.py             2,21           All│
    ────────────────────────────────────────

[SAY] Twenty characters scrolled. The hidden part of the line is visible now.
[SAY] Z H scrolls the other way. Back to the left.
[KEYS] '20zh'
[OVERLAY] 20zh  scroll left 20

              1         2         3         
    0123456789012345678901234567890123456789
    ────────────────────────────────────────
 0 │# Spell Engine                          │
 1 │cast(fireball, target=dragon, power=9001│ ◂ cursor (1,20)
 2 │stats = {"hp": 100, "mp": 50, "str": 20,│
 3 │x = 1                                   │
 4 │~                                       │
 5 │~                                       │
 6 │~                                       │
 7 │~                                       │
 8 │~                                       │
 9 │~                                       │
10 │~                                       │
11 │~                                       │
12 │~                                       │
13 │~                                       │
14 │~                                       │
15 │~                                       │
16 │~                                       │
17 │~                                       │
18 │spells.py             2,21           All│
    ────────────────────────────────────────

[SAY] Without a count it scrolls one character.
[KEYS] 'zl'
[OVERLAY] zl  scroll right 1

              1         2         3         
    0123456789012345678901234567890123456789
    ────────────────────────────────────────
 0 │ Spell Engine                           │
 1 │ast(fireball, target=dragon, power=9001,│ ◂ cursor (1,19)
 2 │tats = {"hp": 100, "mp": 50, "str": 20, │
 3 │ = 1                                    │
 4 │~                                       │
 5 │~                                       │
 6 │~                                       │
 7 │~                                       │
 8 │~                                       │
 9 │~                                       │
10 │~                                       │
11 │~                                       │
12 │~                                       │
13 │~                                       │
14 │~                                       │
15 │~                                       │
16 │~                                       │
17 │~                                       │
18 │spells.py             2,21           All│
    ────────────────────────────────────────

[KEYS] 'zl'
[OVERLAY] zl  scroll right

              1         2         3         
    0123456789012345678901234567890123456789
    ────────────────────────────────────────
 0 │Spell Engine                            │
 1 │st(fireball, target=dragon, power=9001, │ ◂ cursor (1,18)
 2 │ats = {"hp": 100, "mp": 50, "str": 20, "│
 3 │= 1                                     │
 4 │~                                       │
 5 │~                                       │
 6 │~                                       │
 7 │~                                       │
 8 │~                                       │
 9 │~                                       │
10 │~                                       │
11 │~                                       │
12 │~                                       │
13 │~                                       │
14 │~                                       │
15 │~                                       │
16 │~                                       │
17 │~                                       │
18 │spells.py             2,21           All│
    ────────────────────────────────────────

[KEYS] 'zl'
[OVERLAY] zl  scroll right

              1         2         3         
    0123456789012345678901234567890123456789
    ────────────────────────────────────────
 0 │pell Engine                             │
 1 │t(fireball, target=dragon, power=9001, e│ ◂ cursor (1,17)
 2 │ts = {"hp": 100, "mp": 50, "str": 20, "d│
 3 │ 1                                      │
 4 │~                                       │
 5 │~                                       │
 6 │~                                       │
 7 │~                                       │
 8 │~                                       │
 9 │~                                       │
10 │~                                       │
11 │~                                       │
12 │~                                       │
13 │~                                       │
14 │~                                       │
15 │~                                       │
16 │~                                       │
17 │~                                       │
18 │spells.py             2,21           All│
    ────────────────────────────────────────

[SAY] Z H and Z L. Fine-grained horizontal scrolling. Use a count for bigger jumps.