[RECORDING_START] Screen state at recording start:

              1         2         3         
    0123456789012345678901234567890123456789
    ────────────────────────────────────────
 0 │hero = "Knight"                         │ ◂ cursor (0,0)
 1 │foe = "GOBLIN"                          │
 2 │loot = "gold coin"                      │
 3 │trap = "Spike Pit"                      │
 4 │quest = "RESCUE"                        │
 5 │~                                       │
 6 │~                                       │
 7 │~                                       │
 8 │~                                       │
 9 │~                                       │
10 │~                                       │
11 │~                                       │
12 │~                                       │
13 │~                                       │
14 │~                                       │
15 │~                                       │
16 │~                                       │
17 │~                                       │
18 │flip.py               1,1            All│
    ────────────────────────────────────────

[OVERLAY] VimFu — Toggle Case Motion
[SAY] G tilde plus a motion toggles the case of every character in the range.
[SAY] Hero is lowercase. G tilde I W toggles the inner word.
[KEYS] 'g~iw'
[OVERLAY] g~iw  toggle case word

              1         2         3         
    0123456789012345678901234567890123456789
    ────────────────────────────────────────
 0 │HERO = "Knight"                         │ ◂ cursor (0,0)
 1 │foe = "GOBLIN"                          │
 2 │loot = "gold coin"                      │
 3 │trap = "Spike Pit"                      │
 4 │quest = "RESCUE"                        │
 5 │~                                       │
 6 │~                                       │
 7 │~                                       │
 8 │~                                       │
 9 │~                                       │
10 │~                                       │
11 │~                                       │
12 │~                                       │
13 │~                                       │
14 │~                                       │
15 │~                                       │
16 │~                                       │
17 │~                                       │
18 │flip.py [+]           1,1            All│
    ────────────────────────────────────────

[SAY] Hero is now HERO, all caps.
[SAY] Next line. G tilde dollar toggles from here to the end.
[KEYS] 'j'
[OVERLAY] j

              1         2         3         
    0123456789012345678901234567890123456789
    ────────────────────────────────────────
 0 │HERO = "Knight"                         │
 1 │foe = "GOBLIN"                          │ ◂ cursor (1,0)
 2 │loot = "gold coin"                      │
 3 │trap = "Spike Pit"                      │
 4 │quest = "RESCUE"                        │
 5 │~                                       │
 6 │~                                       │
 7 │~                                       │
 8 │~                                       │
 9 │~                                       │
10 │~                                       │
11 │~                                       │
12 │~                                       │
13 │~                                       │
14 │~                                       │
15 │~                                       │
16 │~                                       │
17 │~                                       │
18 │flip.py [+]           2,1            All│
    ────────────────────────────────────────

[KEYS] 'g~$'
[OVERLAY] g~$  toggle to end

              1         2         3         
    0123456789012345678901234567890123456789
    ────────────────────────────────────────
 0 │HERO = "Knight"                         │
 1 │FOE = "goblin"                          │ ◂ cursor (1,0)
 2 │loot = "gold coin"                      │
 3 │trap = "Spike Pit"                      │
 4 │quest = "RESCUE"                        │
 5 │~                                       │
 6 │~                                       │
 7 │~                                       │
 8 │~                                       │
 9 │~                                       │
10 │~                                       │
11 │~                                       │
12 │~                                       │
13 │~                                       │
14 │~                                       │
15 │~                                       │
16 │~                                       │
17 │~                                       │
18 │flip.py [+]           2,1            All│
    ────────────────────────────────────────

[SAY] The whole foe line flipped. GOBLIN became goblin.
[SAY] Flip everything left. G tilde, capital G.
[KEYS] 'j'
[OVERLAY] j

              1         2         3         
    0123456789012345678901234567890123456789
    ────────────────────────────────────────
 0 │HERO = "Knight"                         │
 1 │FOE = "goblin"                          │
 2 │loot = "gold coin"                      │ ◂ cursor (2,0)
 3 │trap = "Spike Pit"                      │
 4 │quest = "RESCUE"                        │
 5 │~                                       │
 6 │~                                       │
 7 │~                                       │
 8 │~                                       │
 9 │~                                       │
10 │~                                       │
11 │~                                       │
12 │~                                       │
13 │~                                       │
14 │~                                       │
15 │~                                       │
16 │~                                       │
17 │~                                       │
18 │flip.py [+]           3,1            All│
    ────────────────────────────────────────

[KEYS] 'g~'
[OVERLAY] g~  toggle case

              1         2         3         
    0123456789012345678901234567890123456789
    ────────────────────────────────────────
 0 │HERO = "Knight"                         │
 1 │FOE = "goblin"                          │
 2 │loot = "gold coin"                      │ ◂ cursor (2,0)
 3 │trap = "Spike Pit"                      │
 4 │quest = "RESCUE"                        │
 5 │~                                       │
 6 │~                                       │
 7 │~                                       │
 8 │~                                       │
 9 │~                                       │
10 │~                                       │
11 │~                                       │
12 │~                                       │
13 │~                                       │
14 │~                                       │
15 │~                                       │
16 │~                                       │
17 │~                                       │
18 │flip.py [+]           3,1            All│
19 │                             g~         │
    ────────────────────────────────────────

[KEYS] 'G'
[OVERLAY] ⇧G  to end of file

              1         2         3         
    0123456789012345678901234567890123456789
    ────────────────────────────────────────
 0 │HERO = "Knight"                         │
 1 │FOE = "goblin"                          │
 2 │LOOT = "GOLD COIN"                      │ ◂ cursor (2,0)
 3 │TRAP = "sPIKE pIT"                      │
 4 │QUEST = "rescue"                        │
 5 │~                                       │
 6 │~                                       │
 7 │~                                       │
 8 │~                                       │
 9 │~                                       │
10 │~                                       │
11 │~                                       │
12 │~                                       │
13 │~                                       │
14 │~                                       │
15 │~                                       │
16 │~                                       │
17 │~                                       │
18 │flip.py [+]           3,1            All│
19 │3 lines changed                         │
    ────────────────────────────────────────

[SAY] Every letter swapped. Gold coin became GOLD COIN. Undo.
[KEYS] 'u'
[OVERLAY] u  undo

              1         2         3         
    0123456789012345678901234567890123456789
    ────────────────────────────────────────
 0 │HERO = "Knight"                         │
 1 │FOE = "goblin"                          │
 2 │loot = "gold coin"                      │ ◂ cursor (2,0)
 3 │trap = "Spike Pit"                      │
 4 │quest = "RESCUE"                        │
 5 │~                                       │
 6 │~                                       │
 7 │~                                       │
 8 │~                                       │
 9 │~                                       │
10 │~                                       │
11 │~                                       │
12 │~                                       │
13 │~                                       │
14 │~                                       │
15 │~                                       │
16 │~                                       │
17 │~                                       │
18 │flip.py [+]           3,1            All│
19 │3 changes; b...2 seconds ago            │
    ────────────────────────────────────────

[SAY] G tilde is the toggle case operator. I W for a word. Dollar for the line. Capital G for the file.