[RECORDING_START] Screen state at recording start:

              1         2         3         
    0123456789012345678901234567890123456789
    ────────────────────────────────────────
 0 │# config                                │ ◂ cursor (0,0)
 1 │host = "localhost"                      │
 2 │port = 8080                             │
 3 │debug = True                            │
 4 │log = "info"                            │
 5 │retry = 3                               │
 6 │~                                       │
 7 │~                                       │
 8 │~                                       │
 9 │~                                       │
10 │~                                       │
11 │~                                       │
12 │~                                       │
13 │~                                       │
14 │~                                       │
15 │~                                       │
16 │~                                       │
17 │~                                       │
18 │config.py             1,1            All│
    ────────────────────────────────────────

[OVERLAY] VimFu — gv — Reselect
[SAY] G V reselects the previous visual area. Whatever you last selected comes right back.
[SAY] Select three lines with capital V.
[KEYS] '2j'
[OVERLAY] 2j

              1         2         3         
    0123456789012345678901234567890123456789
    ────────────────────────────────────────
 0 │# config                                │
 1 │host = "localhost"                      │
 2 │port = 8080                             │ ◂ cursor (2,0)
 3 │debug = True                            │
 4 │log = "info"                            │
 5 │retry = 3                               │
 6 │~                                       │
 7 │~                                       │
 8 │~                                       │
 9 │~                                       │
10 │~                                       │
11 │~                                       │
12 │~                                       │
13 │~                                       │
14 │~                                       │
15 │~                                       │
16 │~                                       │
17 │~                                       │
18 │config.py             3,1            All│
    ────────────────────────────────────────

[KEYS] 'V'
[OVERLAY] ⇧V  visual line

              1         2         3         
    0123456789012345678901234567890123456789
    ────────────────────────────────────────
 0 │# config                                │
 1 │host = "localhost"                      │
 2 │port = 8080                             │ ◂ cursor (2,0)
 3 │debug = True                            │
 4 │log = "info"                            │
 5 │retry = 3                               │
 6 │~                                       │
 7 │~                                       │
 8 │~                                       │
 9 │~                                       │
10 │~                                       │
11 │~                                       │
12 │~                                       │
13 │~                                       │
14 │~                                       │
15 │~                                       │
16 │~                                       │
17 │~                                       │
18 │config.py             3,1            All│
19 │-- VISUAL LINE --            1          │
    ────────────────────────────────────────
[HIGHLIGHT] row 2, cols 1-10: "ort = 8080"

[KEYS] 'jj'
[OVERLAY] jj

              1         2         3         
    0123456789012345678901234567890123456789
    ────────────────────────────────────────
 0 │# config                                │
 1 │host = "localhost"                      │
 2 │port = 8080                             │
 3 │debug = True                            │
 4 │log = "info"                            │ ◂ cursor (4,0)
 5 │retry = 3                               │
 6 │~                                       │
 7 │~                                       │
 8 │~                                       │
 9 │~                                       │
10 │~                                       │
11 │~                                       │
12 │~                                       │
13 │~                                       │
14 │~                                       │
15 │~                                       │
16 │~                                       │
17 │~                                       │
18 │config.py             5,1            All│
19 │-- VISUAL LINE --            3          │
    ────────────────────────────────────────
[HIGHLIGHT] row 2, cols 0-10: "port = 8080"
[HIGHLIGHT] row 3, cols 0-11: "debug = True"
[HIGHLIGHT] row 4, cols 1-11: "og = "info""

[SAY] Indent them with greater than.
[KEYS] '>'
[OVERLAY] ⇧>  indent

              1         2         3         
    0123456789012345678901234567890123456789
    ────────────────────────────────────────
 0 │# config                                │
 1 │host = "localhost"                      │
 2 │    port = 8080                         │ ◂ cursor (2,0)
 3 │    debug = True                        │
 4 │    log = "info"                        │
 5 │retry = 3                               │
 6 │~                                       │
 7 │~                                       │
 8 │~                                       │
 9 │~                                       │
10 │~                                       │
11 │~                                       │
12 │~                                       │
13 │~                                       │
14 │~                                       │
15 │~                                       │
16 │~                                       │
17 │~                                       │
18 │config.py [+]         3,1            All│
19 │3 lines >ed 1 time                      │
    ────────────────────────────────────────

[SAY] Indented once, but I want more. G V to reselect.
[KEYS] 'gv'
[OVERLAY] gv  gv — reselect

              1         2         3         
    0123456789012345678901234567890123456789
    ────────────────────────────────────────
 0 │# config                                │
 1 │host = "localhost"                      │
 2 │    port = 8080                         │
 3 │    debug = True                        │
 4 │    log = "info"                        │ ◂ cursor (4,0)
 5 │retry = 3                               │
 6 │~                                       │
 7 │~                                       │
 8 │~                                       │
 9 │~                                       │
10 │~                                       │
11 │~                                       │
12 │~                                       │
13 │~                                       │
14 │~                                       │
15 │~                                       │
16 │~                                       │
17 │~                                       │
18 │config.py [+]         5,1            All│
19 │-- VISUAL LINE --            3          │
    ────────────────────────────────────────
[HIGHLIGHT] row 2, cols 0-14: "    port = 8080"
[HIGHLIGHT] row 3, cols 0-15: "    debug = True"
[HIGHLIGHT] row 4, cols 1-15: "   log = "info""

[SAY] Same three lines selected again. Indent once more.
[KEYS] '>'
[OVERLAY] ⇧>  indent

              1         2         3         
    0123456789012345678901234567890123456789
    ────────────────────────────────────────
 0 │# config                                │
 1 │host = "localhost"                      │
 2 │        port = 8080                     │ ◂ cursor (2,0)
 3 │        debug = True                    │
 4 │        log = "info"                    │
 5 │retry = 3                               │
 6 │~                                       │
 7 │~                                       │
 8 │~                                       │
 9 │~                                       │
10 │~                                       │
11 │~                                       │
12 │~                                       │
13 │~                                       │
14 │~                                       │
15 │~                                       │
16 │~                                       │
17 │~                                       │
18 │config.py [+]         3,1            All│
19 │3 lines >ed 1 time                      │
    ────────────────────────────────────────

[SAY] Double indented. G V reselected the exact same area.
[KEYS] 'u'
[OVERLAY] u  undo

              1         2         3         
    0123456789012345678901234567890123456789
    ────────────────────────────────────────
 0 │# config                                │
 1 │host = "localhost"                      │
 2 │    port = 8080                         │ ◂ cursor (2,0)
 3 │    debug = True                        │
 4 │    log = "info"                        │
 5 │retry = 3                               │
 6 │~                                       │
 7 │~                                       │
 8 │~                                       │
 9 │~                                       │
10 │~                                       │
11 │~                                       │
12 │~                                       │
13 │~                                       │
14 │~                                       │
15 │~                                       │
16 │~                                       │
17 │~                                       │
18 │config.py [+]         3,1            All│
19 │3 changes; b...6 seconds ago            │
    ────────────────────────────────────────

[KEYS] 'u'
[OVERLAY] u  undo

              1         2         3         
    0123456789012345678901234567890123456789
    ────────────────────────────────────────
 0 │# config                                │
 1 │host = "localhost"                      │
 2 │port = 8080                             │ ◂ cursor (2,0)
 3 │debug = True                            │
 4 │log = "info"                            │
 5 │retry = 3                               │
 6 │~                                       │
 7 │~                                       │
 8 │~                                       │
 9 │~                                       │
10 │~                                       │
11 │~                                       │
12 │~                                       │
13 │~                                       │
14 │~                                       │
15 │~                                       │
16 │~                                       │
17 │~                                       │
18 │config.py             3,1            All│
19 │3 changes; b...1 seconds ago            │
    ────────────────────────────────────────

[SAY] Another use. Select some text, escape by accident.
[KEYS] 'gg0jw'
[OVERLAY] gg0jw

              1         2         3         
    0123456789012345678901234567890123456789
    ────────────────────────────────────────
 0 │# config                                │
 1 │host = "localhost"                      │ ◂ cursor (1,5)
 2 │port = 8080                             │
 3 │debug = True                            │
 4 │log = "info"                            │
 5 │retry = 3                               │
 6 │~                                       │
 7 │~                                       │
 8 │~                                       │
 9 │~                                       │
10 │~                                       │
11 │~                                       │
12 │~                                       │
13 │~                                       │
14 │~                                       │
15 │~                                       │
16 │~                                       │
17 │~                                       │
18 │config.py             2,6            All│
19 │3 changes; b...1 seconds ago            │
    ────────────────────────────────────────

[KEYS] 've'
[OVERLAY] ve

              1         2         3         
    0123456789012345678901234567890123456789
    ────────────────────────────────────────
 0 │# config                                │
 1 │host = "localhost"                      │ ◂ cursor (1,7)
 2 │port = 8080                             │
 3 │debug = True                            │
 4 │log = "info"                            │
 5 │retry = 3                               │
 6 │~                                       │
 7 │~                                       │
 8 │~                                       │
 9 │~                                       │
10 │~                                       │
11 │~                                       │
12 │~                                       │
13 │~                                       │
14 │~                                       │
15 │~                                       │
16 │~                                       │
17 │~                                       │
18 │config.py             2,8            All│
19 │-- VISUAL --                 3          │
    ────────────────────────────────────────
[HIGHLIGHT] row 1, cols 5-7: "="

[ESCAPE]

              1         2         3         
    0123456789012345678901234567890123456789
    ────────────────────────────────────────
 0 │# config                                │
 1 │host = "localhost"                      │ ◂ cursor (1,7)
 2 │port = 8080                             │
 3 │debug = True                            │
 4 │log = "info"                            │
 5 │retry = 3                               │
 6 │~                                       │
 7 │~                                       │
 8 │~                                       │
 9 │~                                       │
10 │~                                       │
11 │~                                       │
12 │~                                       │
13 │~                                       │
14 │~                                       │
15 │~                                       │
16 │~                                       │
17 │~                                       │
18 │config.py             2,8            All│
    ────────────────────────────────────────

[SAY] Oops. Lost the selection. G V brings it back instantly.
[KEYS] 'gv'
[OVERLAY] gv  gv — reselect

              1         2         3         
    0123456789012345678901234567890123456789
    ────────────────────────────────────────
 0 │# config                                │
 1 │host = "localhost"                      │ ◂ cursor (1,7)
 2 │port = 8080                             │
 3 │debug = True                            │
 4 │log = "info"                            │
 5 │retry = 3                               │
 6 │~                                       │
 7 │~                                       │
 8 │~                                       │
 9 │~                                       │
10 │~                                       │
11 │~                                       │
12 │~                                       │
13 │~                                       │
14 │~                                       │
15 │~                                       │
16 │~                                       │
17 │~                                       │
18 │config.py             2,8            All│
19 │-- VISUAL --                 3          │
    ────────────────────────────────────────
[HIGHLIGHT] row 1, cols 5-7: "="

[SAY] Back. No need to reselect manually.
[ESCAPE]

              1         2         3         
    0123456789012345678901234567890123456789
    ────────────────────────────────────────
 0 │# config                                │
 1 │host = "localhost"                      │ ◂ cursor (1,7)
 2 │port = 8080                             │
 3 │debug = True                            │
 4 │log = "info"                            │
 5 │retry = 3                               │
 6 │~                                       │
 7 │~                                       │
 8 │~                                       │
 9 │~                                       │
10 │~                                       │
11 │~                                       │
12 │~                                       │
13 │~                                       │
14 │~                                       │
15 │~                                       │
16 │~                                       │
17 │~                                       │
18 │config.py             2,8            All│
    ────────────────────────────────────────

[SAY] G V. Reselect the previous visual area.