[RECORDING_START] Screen state at recording start:

              1         2         3         
    0123456789012345678901234567890123456789
    ────────────────────────────────────────
 0 │def launch():                           │ ◂ cursor (0,0)
 1 │    fuel = 100                          │
 2 │    speed = 0                           │
 3 │    altitude = 0                        │
 4 │    return True                         │
 5 │~                                       │
 6 │~                                       │
 7 │~                                       │
 8 │~                                       │
 9 │~                                       │
10 │~                                       │
11 │~                                       │
12 │~                                       │
13 │~                                       │
14 │~                                       │
15 │~                                       │
16 │~                                       │
17 │~                                       │
18 │code.py               1,1            All│
    ────────────────────────────────────────

[OVERLAY] VimFu — gI — Insert at Column 1
[SAY] G shift I inserts at column one. Always. Capital I goes to the first non blank character. G shift I goes to the very beginning of the line, before any indentation.
[SAY] Go to line two. Indented code. Try capital I first.
[KEYS] '2G'
[OVERLAY] 2G  line 2

              1         2         3         
    0123456789012345678901234567890123456789
    ────────────────────────────────────────
 0 │def launch():                           │
 1 │    fuel = 100                          │ ◂ cursor (1,0)
 2 │    speed = 0                           │
 3 │    altitude = 0                        │
 4 │    return True                         │
 5 │~                                       │
 6 │~                                       │
 7 │~                                       │
 8 │~                                       │
 9 │~                                       │
10 │~                                       │
11 │~                                       │
12 │~                                       │
13 │~                                       │
14 │~                                       │
15 │~                                       │
16 │~                                       │
17 │~                                       │
18 │code.py               2,1            All│
    ────────────────────────────────────────

[KEYS] 'I'
[OVERLAY] ⇧I  first non-blank

              1         2         3         
    0123456789012345678901234567890123456789
    ────────────────────────────────────────
 0 │def launch():                           │
 1 │    fuel = 100                          │ ◂ cursor (1,4)
 2 │    speed = 0                           │
 3 │    altitude = 0                        │
 4 │    return True                         │
 5 │~                                       │
 6 │~                                       │
 7 │~                                       │
 8 │~                                       │
 9 │~                                       │
10 │~                                       │
11 │~                                       │
12 │~                                       │
13 │~                                       │
14 │~                                       │
15 │~                                       │
16 │~                                       │
17 │~                                       │
18 │code.py               2,5            All│
19 │-- INSERT --                            │
    ────────────────────────────────────────

[SAY] Cursor is on the F in fuel, after the indentation. Escape.
[ESCAPE]

              1         2         3         
    0123456789012345678901234567890123456789
    ────────────────────────────────────────
 0 │def launch():                           │
 1 │    fuel = 100                          │ ◂ cursor (1,3)
 2 │    speed = 0                           │
 3 │    altitude = 0                        │
 4 │    return True                         │
 5 │~                                       │
 6 │~                                       │
 7 │~                                       │
 8 │~                                       │
 9 │~                                       │
10 │~                                       │
11 │~                                       │
12 │~                                       │
13 │~                                       │
14 │~                                       │
15 │~                                       │
16 │~                                       │
17 │~                                       │
18 │code.py               2,4            All│
    ────────────────────────────────────────

[SAY] Now G shift I.
[KEYS] 'gI'
[OVERLAY] gI  column 1

              1         2         3         
    0123456789012345678901234567890123456789
    ────────────────────────────────────────
 0 │def launch():                           │
 1 │    fuel = 100                          │ ◂ cursor (1,0)
 2 │    speed = 0                           │
 3 │    altitude = 0                        │
 4 │    return True                         │
 5 │~                                       │
 6 │~                                       │
 7 │~                                       │
 8 │~                                       │
 9 │~                                       │
10 │~                                       │
11 │~                                       │
12 │~                                       │
13 │~                                       │
14 │~                                       │
15 │~                                       │
16 │~                                       │
17 │~                                       │
18 │code.py               2,1            All│
19 │-- INSERT --                            │
    ────────────────────────────────────────

[SAY] Cursor is at column one. Before the spaces. Type a hash for a comment.
[TYPE] '# '

              1         2         3         
    0123456789012345678901234567890123456789
    ────────────────────────────────────────
 0 │def launch():                           │
 1 │#     fuel = 100                        │ ◂ cursor (1,2)
 2 │    speed = 0                           │
 3 │    altitude = 0                        │
 4 │    return True                         │
 5 │~                                       │
 6 │~                                       │
 7 │~                                       │
 8 │~                                       │
 9 │~                                       │
10 │~                                       │
11 │~                                       │
12 │~                                       │
13 │~                                       │
14 │~                                       │
15 │~                                       │
16 │~                                       │
17 │~                                       │
18 │code.py [+]           2,3            All│
19 │-- INSERT --                            │
    ────────────────────────────────────────

[ESCAPE]

              1         2         3         
    0123456789012345678901234567890123456789
    ────────────────────────────────────────
 0 │def launch():                           │
 1 │#     fuel = 100                        │ ◂ cursor (1,1)
 2 │    speed = 0                           │
 3 │    altitude = 0                        │
 4 │    return True                         │
 5 │~                                       │
 6 │~                                       │
 7 │~                                       │
 8 │~                                       │
 9 │~                                       │
10 │~                                       │
11 │~                                       │
12 │~                                       │
13 │~                                       │
14 │~                                       │
15 │~                                       │
16 │~                                       │
17 │~                                       │
18 │code.py [+]           2,2            All│
    ────────────────────────────────────────

[SAY] The comment marker is at the start of the line, before the indentation. That's what G shift I does.
[SAY] G shift I. Column one, always. Use it when you need to insert before the indentation.