[RECORDING_START] Screen state at recording start:

              1         2         3         
    0123456789012345678901234567890123456789
    ────────────────────────────────────────
 0 │file: /usr/local/bin/python3            │ ◂ cursor (0,0)
 1 │url: https://api.example.com/v2         │
 2 │email: user@mail.example.org            │
 3 │cmd: grep -rn "pattern" src/            │
 4 │~                                       │
 5 │~                                       │
 6 │~                                       │
 7 │~                                       │
 8 │~                                       │
 9 │~                                       │
10 │~                                       │
11 │~                                       │
12 │~                                       │
13 │~                                       │
14 │~                                       │
15 │~                                       │
16 │~                                       │
17 │~                                       │
18 │paths.txt             1,1            All│
    ────────────────────────────────────────

[OVERLAY] VimFu — gE — End of Previous WORD
[SAY] G shift E moves backward to the end of the previous big WORD. A big WORD is separated by whitespace only, so punctuation is included.
[SAY] Go to the end of line one. The file path.
[KEYS] '$'
[OVERLAY] ⇧$  end of line

              1         2         3         
    0123456789012345678901234567890123456789
    ────────────────────────────────────────
 0 │file: /usr/local/bin/python3            │ ◂ cursor (0,27)
 1 │url: https://api.example.com/v2         │
 2 │email: user@mail.example.org            │
 3 │cmd: grep -rn "pattern" src/            │
 4 │~                                       │
 5 │~                                       │
 6 │~                                       │
 7 │~                                       │
 8 │~                                       │
 9 │~                                       │
10 │~                                       │
11 │~                                       │
12 │~                                       │
13 │~                                       │
14 │~                                       │
15 │~                                       │
16 │~                                       │
17 │~                                       │
18 │paths.txt             1,28           All│
    ────────────────────────────────────────

[SAY] G E, lowercase. It stops at each slash and word boundary.
[KEYS] 'ge'
[OVERLAY] ge  small word

              1         2         3         
    0123456789012345678901234567890123456789
    ────────────────────────────────────────
 0 │file: /usr/local/bin/python3            │ ◂ cursor (0,20)
 1 │url: https://api.example.com/v2         │
 2 │email: user@mail.example.org            │
 3 │cmd: grep -rn "pattern" src/            │
 4 │~                                       │
 5 │~                                       │
 6 │~                                       │
 7 │~                                       │
 8 │~                                       │
 9 │~                                       │
10 │~                                       │
11 │~                                       │
12 │~                                       │
13 │~                                       │
14 │~                                       │
15 │~                                       │
16 │~                                       │
17 │~                                       │
18 │paths.txt             1,21           All│
    ────────────────────────────────────────

[KEYS] 'ge'
[OVERLAY] ge  ge

              1         2         3         
    0123456789012345678901234567890123456789
    ────────────────────────────────────────
 0 │file: /usr/local/bin/python3            │ ◂ cursor (0,19)
 1 │url: https://api.example.com/v2         │
 2 │email: user@mail.example.org            │
 3 │cmd: grep -rn "pattern" src/            │
 4 │~                                       │
 5 │~                                       │
 6 │~                                       │
 7 │~                                       │
 8 │~                                       │
 9 │~                                       │
10 │~                                       │
11 │~                                       │
12 │~                                       │
13 │~                                       │
14 │~                                       │
15 │~                                       │
16 │~                                       │
17 │~                                       │
18 │paths.txt             1,20           All│
    ────────────────────────────────────────

[KEYS] 'ge'
[OVERLAY] ge  ge

              1         2         3         
    0123456789012345678901234567890123456789
    ────────────────────────────────────────
 0 │file: /usr/local/bin/python3            │ ◂ cursor (0,16)
 1 │url: https://api.example.com/v2         │
 2 │email: user@mail.example.org            │
 3 │cmd: grep -rn "pattern" src/            │
 4 │~                                       │
 5 │~                                       │
 6 │~                                       │
 7 │~                                       │
 8 │~                                       │
 9 │~                                       │
10 │~                                       │
11 │~                                       │
12 │~                                       │
13 │~                                       │
14 │~                                       │
15 │~                                       │
16 │~                                       │
17 │~                                       │
18 │paths.txt             1,17           All│
    ────────────────────────────────────────

[SAY] Many stops. Now go back to the end.
[KEYS] '$'
[OVERLAY] ⇧$  end of line

              1         2         3         
    0123456789012345678901234567890123456789
    ────────────────────────────────────────
 0 │file: /usr/local/bin/python3            │ ◂ cursor (0,27)
 1 │url: https://api.example.com/v2         │
 2 │email: user@mail.example.org            │
 3 │cmd: grep -rn "pattern" src/            │
 4 │~                                       │
 5 │~                                       │
 6 │~                                       │
 7 │~                                       │
 8 │~                                       │
 9 │~                                       │
10 │~                                       │
11 │~                                       │
12 │~                                       │
13 │~                                       │
14 │~                                       │
15 │~                                       │
16 │~                                       │
17 │~                                       │
18 │paths.txt             1,28           All│
    ────────────────────────────────────────

[SAY] G shift E. One jump takes you past the entire path.
[KEYS] 'gE'
[OVERLAY] gE  big WORD

              1         2         3         
    0123456789012345678901234567890123456789
    ────────────────────────────────────────
 0 │file: /usr/local/bin/python3            │ ◂ cursor (0,4)
 1 │url: https://api.example.com/v2         │
 2 │email: user@mail.example.org            │
 3 │cmd: grep -rn "pattern" src/            │
 4 │~                                       │
 5 │~                                       │
 6 │~                                       │
 7 │~                                       │
 8 │~                                       │
 9 │~                                       │
10 │~                                       │
11 │~                                       │
12 │~                                       │
13 │~                                       │
14 │~                                       │
15 │~                                       │
16 │~                                       │
17 │~                                       │
18 │paths.txt             1,5            All│
    ────────────────────────────────────────

[SAY] One move, right to the end of file colon. The path was treated as one big WORD.
[SAY] Line two. End of the URL.
[KEYS] '2G$'
[OVERLAY] 2G$  end of line 2

              1         2         3         
    0123456789012345678901234567890123456789
    ────────────────────────────────────────
 0 │file: /usr/local/bin/python3            │
 1 │url: https://api.example.com/v2         │ ◂ cursor (1,30)
 2 │email: user@mail.example.org            │
 3 │cmd: grep -rn "pattern" src/            │
 4 │~                                       │
 5 │~                                       │
 6 │~                                       │
 7 │~                                       │
 8 │~                                       │
 9 │~                                       │
10 │~                                       │
11 │~                                       │
12 │~                                       │
13 │~                                       │
14 │~                                       │
15 │~                                       │
16 │~                                       │
17 │~                                       │
18 │paths.txt             2,31           All│
    ────────────────────────────────────────

[SAY] G shift E.
[KEYS] 'gE'
[OVERLAY] gE  gE

              1         2         3         
    0123456789012345678901234567890123456789
    ────────────────────────────────────────
 0 │file: /usr/local/bin/python3            │
 1 │url: https://api.example.com/v2         │ ◂ cursor (1,3)
 2 │email: user@mail.example.org            │
 3 │cmd: grep -rn "pattern" src/            │
 4 │~                                       │
 5 │~                                       │
 6 │~                                       │
 7 │~                                       │
 8 │~                                       │
 9 │~                                       │
10 │~                                       │
11 │~                                       │
12 │~                                       │
13 │~                                       │
14 │~                                       │
15 │~                                       │
16 │~                                       │
17 │~                                       │
18 │paths.txt             2,4            All│
    ────────────────────────────────────────

[SAY] Jumped right past the entire URL in one move.
[SAY] G shift E. End of previous big WORD. Use it when text has lots of punctuation like paths, URLs, and email addresses.