[RECORDING_START] Screen state at recording start:

              1         2         3         
    0123456789012345678901234567890123456789
    ────────────────────────────────────────
 0 │warrior = "Thorin"                      │ ◂ cursor (0,0)
 1 │healer = "Elrond"                       │
 2 │rogue = "Bilbo"                         │
 3 │mage = "Gandalf"                        │
 4 │ranger = "Strider"                      │
 5 │                                        │
 6 │# Party:                                │
 7 │~                                       │
 8 │~                                       │
 9 │~                                       │
10 │~                                       │
11 │~                                       │
12 │~                                       │
13 │~                                       │
14 │~                                       │
15 │~                                       │
16 │~                                       │
17 │~                                       │
18 │team.py               1,1            All│
    ────────────────────────────────────────

[OVERLAY] VimFu — Append to Register
[SAY] Uppercase letter appends to a register. Lowercase replaces. Uppercase adds to what's already there.
[SAY] Yank the warrior into register A.
[KEYS] '"'
[OVERLAY] ⇧"  register

              1         2         3         
    0123456789012345678901234567890123456789
    ────────────────────────────────────────
 0 │warrior = "Thorin"                      │ ◂ cursor (0,0)
 1 │healer = "Elrond"                       │
 2 │rogue = "Bilbo"                         │
 3 │mage = "Gandalf"                        │
 4 │ranger = "Strider"                      │
 5 │                                        │
 6 │# Party:                                │
 7 │~                                       │
 8 │~                                       │
 9 │~                                       │
10 │~                                       │
11 │~                                       │
12 │~                                       │
13 │~                                       │
14 │~                                       │
15 │~                                       │
16 │~                                       │
17 │~                                       │
18 │team.py               1,1            All│
19 │                             "          │
    ────────────────────────────────────────

[KEYS] 'a'
[OVERLAY] a  register a

              1         2         3         
    0123456789012345678901234567890123456789
    ────────────────────────────────────────
 0 │warrior = "Thorin"                      │ ◂ cursor (0,0)
 1 │healer = "Elrond"                       │
 2 │rogue = "Bilbo"                         │
 3 │mage = "Gandalf"                        │
 4 │ranger = "Strider"                      │
 5 │                                        │
 6 │# Party:                                │
 7 │~                                       │
 8 │~                                       │
 9 │~                                       │
10 │~                                       │
11 │~                                       │
12 │~                                       │
13 │~                                       │
14 │~                                       │
15 │~                                       │
16 │~                                       │
17 │~                                       │
18 │team.py               1,1            All│
19 │                             "a         │
    ────────────────────────────────────────

[KEYS] 'yy'
[OVERLAY] yy  yank line

              1         2         3         
    0123456789012345678901234567890123456789
    ────────────────────────────────────────
 0 │warrior = "Thorin"                      │ ◂ cursor (0,0)
 1 │healer = "Elrond"                       │
 2 │rogue = "Bilbo"                         │
 3 │mage = "Gandalf"                        │
 4 │ranger = "Strider"                      │
 5 │                                        │
 6 │# Party:                                │
 7 │~                                       │
 8 │~                                       │
 9 │~                                       │
10 │~                                       │
11 │~                                       │
12 │~                                       │
13 │~                                       │
14 │~                                       │
15 │~                                       │
16 │~                                       │
17 │~                                       │
18 │team.py               1,1            All│
    ────────────────────────────────────────

[SAY] Register A has the warrior.
[SAY] Skip the healer. Go to the rogue. Quote capital A, Y Y. Capital A means append.
[KEYS] '2j'
[OVERLAY] 2j

              1         2         3         
    0123456789012345678901234567890123456789
    ────────────────────────────────────────
 0 │warrior = "Thorin"                      │
 1 │healer = "Elrond"                       │
 2 │rogue = "Bilbo"                         │ ◂ cursor (2,0)
 3 │mage = "Gandalf"                        │
 4 │ranger = "Strider"                      │
 5 │                                        │
 6 │# Party:                                │
 7 │~                                       │
 8 │~                                       │
 9 │~                                       │
10 │~                                       │
11 │~                                       │
12 │~                                       │
13 │~                                       │
14 │~                                       │
15 │~                                       │
16 │~                                       │
17 │~                                       │
18 │team.py               3,1            All│
    ────────────────────────────────────────

[KEYS] '"'
[OVERLAY] ⇧"  register

              1         2         3         
    0123456789012345678901234567890123456789
    ────────────────────────────────────────
 0 │warrior = "Thorin"                      │
 1 │healer = "Elrond"                       │
 2 │rogue = "Bilbo"                         │ ◂ cursor (2,0)
 3 │mage = "Gandalf"                        │
 4 │ranger = "Strider"                      │
 5 │                                        │
 6 │# Party:                                │
 7 │~                                       │
 8 │~                                       │
 9 │~                                       │
10 │~                                       │
11 │~                                       │
12 │~                                       │
13 │~                                       │
14 │~                                       │
15 │~                                       │
16 │~                                       │
17 │~                                       │
18 │team.py               3,1            All│
19 │                             "          │
    ────────────────────────────────────────

[KEYS] 'A'
[OVERLAY] ⇧A  append to a

              1         2         3         
    0123456789012345678901234567890123456789
    ────────────────────────────────────────
 0 │warrior = "Thorin"                      │
 1 │healer = "Elrond"                       │
 2 │rogue = "Bilbo"                         │ ◂ cursor (2,0)
 3 │mage = "Gandalf"                        │
 4 │ranger = "Strider"                      │
 5 │                                        │
 6 │# Party:                                │
 7 │~                                       │
 8 │~                                       │
 9 │~                                       │
10 │~                                       │
11 │~                                       │
12 │~                                       │
13 │~                                       │
14 │~                                       │
15 │~                                       │
16 │~                                       │
17 │~                                       │
18 │team.py               3,1            All│
19 │                             "A         │
    ────────────────────────────────────────

[KEYS] 'yy'
[OVERLAY] yy  yank line

              1         2         3         
    0123456789012345678901234567890123456789
    ────────────────────────────────────────
 0 │warrior = "Thorin"                      │
 1 │healer = "Elrond"                       │
 2 │rogue = "Bilbo"                         │ ◂ cursor (2,0)
 3 │mage = "Gandalf"                        │
 4 │ranger = "Strider"                      │
 5 │                                        │
 6 │# Party:                                │
 7 │~                                       │
 8 │~                                       │
 9 │~                                       │
10 │~                                       │
11 │~                                       │
12 │~                                       │
13 │~                                       │
14 │~                                       │
15 │~                                       │
16 │~                                       │
17 │~                                       │
18 │team.py               3,1            All│
    ────────────────────────────────────────

[SAY] Register A now has warrior and rogue.
[SAY] Skip the mage. Grab the ranger too.
[KEYS] '2j'
[OVERLAY] 2j

              1         2         3         
    0123456789012345678901234567890123456789
    ────────────────────────────────────────
 0 │warrior = "Thorin"                      │
 1 │healer = "Elrond"                       │
 2 │rogue = "Bilbo"                         │
 3 │mage = "Gandalf"                        │
 4 │ranger = "Strider"                      │ ◂ cursor (4,0)
 5 │                                        │
 6 │# Party:                                │
 7 │~                                       │
 8 │~                                       │
 9 │~                                       │
10 │~                                       │
11 │~                                       │
12 │~                                       │
13 │~                                       │
14 │~                                       │
15 │~                                       │
16 │~                                       │
17 │~                                       │
18 │team.py               5,1            All│
    ────────────────────────────────────────

[KEYS] '"'
[OVERLAY] ⇧"  register

              1         2         3         
    0123456789012345678901234567890123456789
    ────────────────────────────────────────
 0 │warrior = "Thorin"                      │
 1 │healer = "Elrond"                       │
 2 │rogue = "Bilbo"                         │
 3 │mage = "Gandalf"                        │
 4 │ranger = "Strider"                      │ ◂ cursor (4,0)
 5 │                                        │
 6 │# Party:                                │
 7 │~                                       │
 8 │~                                       │
 9 │~                                       │
10 │~                                       │
11 │~                                       │
12 │~                                       │
13 │~                                       │
14 │~                                       │
15 │~                                       │
16 │~                                       │
17 │~                                       │
18 │team.py               5,1            All│
19 │                             "          │
    ────────────────────────────────────────

[KEYS] 'A'
[OVERLAY] ⇧A  append to a

              1         2         3         
    0123456789012345678901234567890123456789
    ────────────────────────────────────────
 0 │warrior = "Thorin"                      │
 1 │healer = "Elrond"                       │
 2 │rogue = "Bilbo"                         │
 3 │mage = "Gandalf"                        │
 4 │ranger = "Strider"                      │ ◂ cursor (4,0)
 5 │                                        │
 6 │# Party:                                │
 7 │~                                       │
 8 │~                                       │
 9 │~                                       │
10 │~                                       │
11 │~                                       │
12 │~                                       │
13 │~                                       │
14 │~                                       │
15 │~                                       │
16 │~                                       │
17 │~                                       │
18 │team.py               5,1            All│
19 │                             "A         │
    ────────────────────────────────────────

[KEYS] 'yy'
[OVERLAY] yy  yank line

              1         2         3         
    0123456789012345678901234567890123456789
    ────────────────────────────────────────
 0 │warrior = "Thorin"                      │
 1 │healer = "Elrond"                       │
 2 │rogue = "Bilbo"                         │
 3 │mage = "Gandalf"                        │
 4 │ranger = "Strider"                      │ ◂ cursor (4,0)
 5 │                                        │
 6 │# Party:                                │
 7 │~                                       │
 8 │~                                       │
 9 │~                                       │
10 │~                                       │
11 │~                                       │
12 │~                                       │
13 │~                                       │
14 │~                                       │
15 │~                                       │
16 │~                                       │
17 │~                                       │
18 │team.py               5,1            All│
    ────────────────────────────────────────

[SAY] Go to the party section. Quote A P.
[KEYS] '2j'
[OVERLAY] 2j

              1         2         3         
    0123456789012345678901234567890123456789
    ────────────────────────────────────────
 0 │warrior = "Thorin"                      │
 1 │healer = "Elrond"                       │
 2 │rogue = "Bilbo"                         │
 3 │mage = "Gandalf"                        │
 4 │ranger = "Strider"                      │
 5 │                                        │
 6 │# Party:                                │ ◂ cursor (6,0)
 7 │~                                       │
 8 │~                                       │
 9 │~                                       │
10 │~                                       │
11 │~                                       │
12 │~                                       │
13 │~                                       │
14 │~                                       │
15 │~                                       │
16 │~                                       │
17 │~                                       │
18 │team.py               7,1            All│
    ────────────────────────────────────────

[KEYS] '"'
[OVERLAY] ⇧"  register

              1         2         3         
    0123456789012345678901234567890123456789
    ────────────────────────────────────────
 0 │warrior = "Thorin"                      │
 1 │healer = "Elrond"                       │
 2 │rogue = "Bilbo"                         │
 3 │mage = "Gandalf"                        │
 4 │ranger = "Strider"                      │
 5 │                                        │
 6 │# Party:                                │ ◂ cursor (6,0)
 7 │~                                       │
 8 │~                                       │
 9 │~                                       │
10 │~                                       │
11 │~                                       │
12 │~                                       │
13 │~                                       │
14 │~                                       │
15 │~                                       │
16 │~                                       │
17 │~                                       │
18 │team.py               7,1            All│
19 │                             "          │
    ────────────────────────────────────────

[KEYS] 'a'
[OVERLAY] a  register a

              1         2         3         
    0123456789012345678901234567890123456789
    ────────────────────────────────────────
 0 │warrior = "Thorin"                      │
 1 │healer = "Elrond"                       │
 2 │rogue = "Bilbo"                         │
 3 │mage = "Gandalf"                        │
 4 │ranger = "Strider"                      │
 5 │                                        │
 6 │# Party:                                │ ◂ cursor (6,0)
 7 │~                                       │
 8 │~                                       │
 9 │~                                       │
10 │~                                       │
11 │~                                       │
12 │~                                       │
13 │~                                       │
14 │~                                       │
15 │~                                       │
16 │~                                       │
17 │~                                       │
18 │team.py               7,1            All│
19 │                             "a         │
    ────────────────────────────────────────

[KEYS] 'p'
[OVERLAY] p  paste

              1         2         3         
    0123456789012345678901234567890123456789
    ────────────────────────────────────────
 0 │warrior = "Thorin"                      │
 1 │healer = "Elrond"                       │
 2 │rogue = "Bilbo"                         │
 3 │mage = "Gandalf"                        │
 4 │ranger = "Strider"                      │
 5 │                                        │
 6 │# Party:                                │
 7 │warrior = "Thorin"                      │ ◂ cursor (7,0)
 8 │rogue = "Bilbo"                         │
 9 │ranger = "Strider"                      │
10 │~                                       │
11 │~                                       │
12 │~                                       │
13 │~                                       │
14 │~                                       │
15 │~                                       │
16 │~                                       │
17 │~                                       │
18 │team.py [+]           8,1            All│
19 │3 more lines                            │
    ────────────────────────────────────────

[SAY] Three lines. All collected from different spots in the file.
[SAY] Lowercase replaces. Uppercase appends. Build up a register piece by piece.