[RECORDING_START] Screen state at recording start:

              1         2         3         
    0123456789012345678901234567890123456789
    ────────────────────────────────────────
 0 │alpha                                   │ ◂ cursor (0,0)
 1 │bravo                                   │
 2 │charlie                                 │
 3 │delta                                   │
 4 │echo                                    │
 5 │foxtrot                                 │
 6 │~                                       │
 7 │~                                       │
 8 │~                                       │
 9 │~                                       │
10 │~                                       │
11 │~                                       │
12 │~                                       │
13 │~                                       │
14 │~                                       │
15 │~                                       │
16 │~                                       │
17 │~                                       │
18 │lines.txt             1,1            All│
    ────────────────────────────────────────

[OVERLAY] VimFu — Numbered Register Put
[SAY] Vim stores your last nine deletes in numbered registers 1 through 9. Register 1 has the most recent, 2 has the one before, and so on.
[SAY] Delete three lines to fill the registers.
[KEYS] 'dd'
[OVERLAY] dd  dd — delete alpha

              1         2         3         
    0123456789012345678901234567890123456789
    ────────────────────────────────────────
 0 │bravo                                   │ ◂ cursor (0,0)
 1 │charlie                                 │
 2 │delta                                   │
 3 │echo                                    │
 4 │foxtrot                                 │
 5 │~                                       │
 6 │~                                       │
 7 │~                                       │
 8 │~                                       │
 9 │~                                       │
10 │~                                       │
11 │~                                       │
12 │~                                       │
13 │~                                       │
14 │~                                       │
15 │~                                       │
16 │~                                       │
17 │~                                       │
18 │lines.txt [+]         1,1            All│
    ────────────────────────────────────────

[KEYS] 'dd'
[OVERLAY] dd  dd — delete bravo

              1         2         3         
    0123456789012345678901234567890123456789
    ────────────────────────────────────────
 0 │charlie                                 │ ◂ cursor (0,0)
 1 │delta                                   │
 2 │echo                                    │
 3 │foxtrot                                 │
 4 │~                                       │
 5 │~                                       │
 6 │~                                       │
 7 │~                                       │
 8 │~                                       │
 9 │~                                       │
10 │~                                       │
11 │~                                       │
12 │~                                       │
13 │~                                       │
14 │~                                       │
15 │~                                       │
16 │~                                       │
17 │~                                       │
18 │lines.txt [+]         1,1            All│
    ────────────────────────────────────────

[KEYS] 'dd'
[OVERLAY] dd  dd — delete charlie

              1         2         3         
    0123456789012345678901234567890123456789
    ────────────────────────────────────────
 0 │delta                                   │ ◂ cursor (0,0)
 1 │echo                                    │
 2 │foxtrot                                 │
 3 │~                                       │
 4 │~                                       │
 5 │~                                       │
 6 │~                                       │
 7 │~                                       │
 8 │~                                       │
 9 │~                                       │
10 │~                                       │
11 │~                                       │
12 │~                                       │
13 │~                                       │
14 │~                                       │
15 │~                                       │
16 │~                                       │
17 │~                                       │
18 │lines.txt [+]         1,1            All│
    ────────────────────────────────────────

[SAY] Three lines deleted. Register 1 has charlie, 2 has bravo, 3 has alpha. Now go to the bottom.
[KEYS] 'G'
[OVERLAY] ⇧G  file end

              1         2         3         
    0123456789012345678901234567890123456789
    ────────────────────────────────────────
 0 │delta                                   │
 1 │echo                                    │
 2 │foxtrot                                 │ ◂ cursor (2,0)
 3 │~                                       │
 4 │~                                       │
 5 │~                                       │
 6 │~                                       │
 7 │~                                       │
 8 │~                                       │
 9 │~                                       │
10 │~                                       │
11 │~                                       │
12 │~                                       │
13 │~                                       │
14 │~                                       │
15 │~                                       │
16 │~                                       │
17 │~                                       │
18 │lines.txt [+]         3,1            All│
    ────────────────────────────────────────

[SAY] Put from register 1 with quote 1 P.
[KEYS] '"1p'
[OVERLAY] "1p  "1p — put register 1

              1         2         3         
    0123456789012345678901234567890123456789
    ────────────────────────────────────────
 0 │delta                                   │
 1 │echo                                    │
 2 │foxtrot                                 │
 3 │charlie                                 │ ◂ cursor (3,0)
 4 │~                                       │
 5 │~                                       │
 6 │~                                       │
 7 │~                                       │
 8 │~                                       │
 9 │~                                       │
10 │~                                       │
11 │~                                       │
12 │~                                       │
13 │~                                       │
14 │~                                       │
15 │~                                       │
16 │~                                       │
17 │~                                       │
18 │lines.txt [+]         4,1            All│
    ────────────────────────────────────────

[SAY] Charlie appeared. Now press U dot. Undo advances to the next register automatically.
[KEYS] 'u.'
[OVERLAY] u.  u. — undo, next register

              1         2         3         
    0123456789012345678901234567890123456789
    ────────────────────────────────────────
 0 │delta                                   │
 1 │echo                                    │
 2 │foxtrot                                 │
 3 │bravo                                   │ ◂ cursor (3,0)
 4 │~                                       │
 5 │~                                       │
 6 │~                                       │
 7 │~                                       │
 8 │~                                       │
 9 │~                                       │
10 │~                                       │
11 │~                                       │
12 │~                                       │
13 │~                                       │
14 │~                                       │
15 │~                                       │
16 │~                                       │
17 │~                                       │
18 │lines.txt [+]         4,1            All│
19 │1 line less;...3 seconds ago            │
    ────────────────────────────────────────

[SAY] Now it's bravo from register 2. U dot again.
[KEYS] 'u.'
[OVERLAY] u.

              1         2         3         
    0123456789012345678901234567890123456789
    ────────────────────────────────────────
 0 │delta                                   │
 1 │echo                                    │
 2 │foxtrot                                 │
 3 │alpha                                   │ ◂ cursor (3,0)
 4 │~                                       │
 5 │~                                       │
 6 │~                                       │
 7 │~                                       │
 8 │~                                       │
 9 │~                                       │
10 │~                                       │
11 │~                                       │
12 │~                                       │
13 │~                                       │
14 │~                                       │
15 │~                                       │
16 │~                                       │
17 │~                                       │
18 │lines.txt [+]         4,1            All│
19 │1 line less;...4 seconds ago            │
    ────────────────────────────────────────

[SAY] Alpha from register 3. Quote 1 P, then U dot cycles through your delete history.