[RECORDING_START] Screen state at recording start:

              1         2         3         
    0123456789012345678901234567890123456789
    ────────────────────────────────────────
 0 │task = "clean"                          │ ◂ cursor (0,0)
 1 │done = False                            │
 2 │prio = "high"                           │
 3 │due = "friday"                          │
 4 │~                                       │
 5 │~                                       │
 6 │~                                       │
 7 │~                                       │
 8 │~                                       │
 9 │~                                       │
10 │~                                       │
11 │~                                       │
12 │~                                       │
13 │~                                       │
14 │~                                       │
15 │~                                       │
16 │~                                       │
17 │~                                       │
18 │todo.py               1,1            All│
    ────────────────────────────────────────

[OVERLAY] VimFu — The o Key
[SAY] O opens a new line below the cursor and enters insert mode. One key to start typing on a fresh line.
[SAY] Cursor on task. Press O.
[KEYS] 'o'
[OVERLAY] o  open below

              1         2         3         
    0123456789012345678901234567890123456789
    ────────────────────────────────────────
 0 │task = "clean"                          │
 1 │                                        │ ◂ cursor (1,0)
 2 │done = False                            │
 3 │prio = "high"                           │
 4 │due = "friday"                          │
 5 │~                                       │
 6 │~                                       │
 7 │~                                       │
 8 │~                                       │
 9 │~                                       │
10 │~                                       │
11 │~                                       │
12 │~                                       │
13 │~                                       │
14 │~                                       │
15 │~                                       │
16 │~                                       │
17 │~                                       │
18 │todo.py [+]           2,1            All│
19 │-- INSERT --                            │
    ────────────────────────────────────────

[TYPE] 'note = "urgent"'

              1         2         3         
    0123456789012345678901234567890123456789
    ────────────────────────────────────────
 0 │task = "clean"                          │
 1 │note = "urgent"                         │ ◂ cursor (1,15)
 2 │done = False                            │
 3 │prio = "high"                           │
 4 │due = "friday"                          │
 5 │~                                       │
 6 │~                                       │
 7 │~                                       │
 8 │~                                       │
 9 │~                                       │
10 │~                                       │
11 │~                                       │
12 │~                                       │
13 │~                                       │
14 │~                                       │
15 │~                                       │
16 │~                                       │
17 │~                                       │
18 │todo.py [+]           2,16           All│
19 │-- INSERT --                            │
    ────────────────────────────────────────

[ESCAPE]

              1         2         3         
    0123456789012345678901234567890123456789
    ────────────────────────────────────────
 0 │task = "clean"                          │
 1 │note = "urgent"                         │ ◂ cursor (1,14)
 2 │done = False                            │
 3 │prio = "high"                           │
 4 │due = "friday"                          │
 5 │~                                       │
 6 │~                                       │
 7 │~                                       │
 8 │~                                       │
 9 │~                                       │
10 │~                                       │
11 │~                                       │
12 │~                                       │
13 │~                                       │
14 │~                                       │
15 │~                                       │
16 │~                                       │
17 │~                                       │
18 │todo.py [+]           2,15           All│
    ────────────────────────────────────────

[SAY] New line appeared below. Typed the note and escaped back to normal.
[KEYS] 'u'
[OVERLAY] u  undo

              1         2         3         
    0123456789012345678901234567890123456789
    ────────────────────────────────────────
 0 │task = "clean"                          │ ◂ cursor (0,0)
 1 │done = False                            │
 2 │prio = "high"                           │
 3 │due = "friday"                          │
 4 │~                                       │
 5 │~                                       │
 6 │~                                       │
 7 │~                                       │
 8 │~                                       │
 9 │~                                       │
10 │~                                       │
11 │~                                       │
12 │~                                       │
13 │~                                       │
14 │~                                       │
15 │~                                       │
16 │~                                       │
17 │~                                       │
18 │todo.py               1,1            All│
19 │1 line less;...8 seconds ago            │
    ────────────────────────────────────────

[SAY] Works on any line. Move to prio.
[KEYS] '2j'
[OVERLAY] 2j

              1         2         3         
    0123456789012345678901234567890123456789
    ────────────────────────────────────────
 0 │task = "clean"                          │
 1 │done = False                            │
 2 │prio = "high"                           │ ◂ cursor (2,0)
 3 │due = "friday"                          │
 4 │~                                       │
 5 │~                                       │
 6 │~                                       │
 7 │~                                       │
 8 │~                                       │
 9 │~                                       │
10 │~                                       │
11 │~                                       │
12 │~                                       │
13 │~                                       │
14 │~                                       │
15 │~                                       │
16 │~                                       │
17 │~                                       │
18 │todo.py               3,1            All│
19 │1 line less;...8 seconds ago            │
    ────────────────────────────────────────

[KEYS] 'o'
[OVERLAY] o  open below

              1         2         3         
    0123456789012345678901234567890123456789
    ────────────────────────────────────────
 0 │task = "clean"                          │
 1 │done = False                            │
 2 │prio = "high"                           │
 3 │                                        │ ◂ cursor (3,0)
 4 │due = "friday"                          │
 5 │~                                       │
 6 │~                                       │
 7 │~                                       │
 8 │~                                       │
 9 │~                                       │
10 │~                                       │
11 │~                                       │
12 │~                                       │
13 │~                                       │
14 │~                                       │
15 │~                                       │
16 │~                                       │
17 │~                                       │
18 │todo.py [+]           4,1            All│
19 │-- INSERT --                            │
    ────────────────────────────────────────

[TYPE] 'tag = "work"'

              1         2         3         
    0123456789012345678901234567890123456789
    ────────────────────────────────────────
 0 │task = "clean"                          │
 1 │done = False                            │
 2 │prio = "high"                           │
 3 │tag = "work"                            │ ◂ cursor (3,12)
 4 │due = "friday"                          │
 5 │~                                       │
 6 │~                                       │
 7 │~                                       │
 8 │~                                       │
 9 │~                                       │
10 │~                                       │
11 │~                                       │
12 │~                                       │
13 │~                                       │
14 │~                                       │
15 │~                                       │
16 │~                                       │
17 │~                                       │
18 │todo.py [+]           4,13           All│
19 │-- INSERT --                            │
    ────────────────────────────────────────

[ESCAPE]

              1         2         3         
    0123456789012345678901234567890123456789
    ────────────────────────────────────────
 0 │task = "clean"                          │
 1 │done = False                            │
 2 │prio = "high"                           │
 3 │tag = "work"                            │ ◂ cursor (3,11)
 4 │due = "friday"                          │
 5 │~                                       │
 6 │~                                       │
 7 │~                                       │
 8 │~                                       │
 9 │~                                       │
10 │~                                       │
11 │~                                       │
12 │~                                       │
13 │~                                       │
14 │~                                       │
15 │~                                       │
16 │~                                       │
17 │~                                       │
18 │todo.py [+]           4,12           All│
    ────────────────────────────────────────

[SAY] Inserted between prio and due. O always opens below.
[KEYS] 'u'
[OVERLAY] u  undo

              1         2         3         
    0123456789012345678901234567890123456789
    ────────────────────────────────────────
 0 │task = "clean"                          │
 1 │done = False                            │
 2 │prio = "high"                           │ ◂ cursor (2,0)
 3 │due = "friday"                          │
 4 │~                                       │
 5 │~                                       │
 6 │~                                       │
 7 │~                                       │
 8 │~                                       │
 9 │~                                       │
10 │~                                       │
11 │~                                       │
12 │~                                       │
13 │~                                       │
14 │~                                       │
15 │~                                       │
16 │~                                       │
17 │~                                       │
18 │todo.py               3,1            All│
19 │1 line less;...7 seconds ago            │
    ────────────────────────────────────────

[SAY] Capital O opens above instead. Same idea, opposite direction.
[SAY] O for open. A new line, instant insert mode. One of the fastest ways to add code.